[2023-07-12T06:29:20.630+0000] {processor.py:157} INFO - Started process (PID=289) to work on /home/airflow/.local/lib/python3.7/site-packages/airflow/example_dags/example_sensors.py
[2023-07-12T06:29:20.638+0000] {processor.py:826} INFO - Processing file /home/airflow/.local/lib/python3.7/site-packages/airflow/example_dags/example_sensors.py for tasks to queue
[2023-07-12T06:29:20.641+0000] {logging_mixin.py:150} INFO - [2023-07-12T06:29:20.641+0000] {dagbag.py:541} INFO - Filling up the DagBag from /home/airflow/.local/lib/python3.7/site-packages/airflow/example_dags/example_sensors.py
[2023-07-12T06:29:20.684+0000] {processor.py:836} INFO - DAG(s) dict_keys(['example_sensors']) retrieved from /home/airflow/.local/lib/python3.7/site-packages/airflow/example_dags/example_sensors.py
[2023-07-12T06:29:20.793+0000] {logging_mixin.py:150} INFO - [2023-07-12T06:29:20.793+0000] {dag.py:2742} INFO - Sync 1 DAGs
[2023-07-12T06:29:20.851+0000] {logging_mixin.py:150} INFO - [2023-07-12T06:29:20.851+0000] {dag.py:3508} INFO - Setting next_dagrun for example_sensors to None, run_after=None
[2023-07-12T06:29:20.897+0000] {processor.py:179} INFO - Processing /home/airflow/.local/lib/python3.7/site-packages/airflow/example_dags/example_sensors.py took 0.275 seconds
[2023-07-12T06:29:51.141+0000] {processor.py:157} INFO - Started process (PID=529) to work on /home/airflow/.local/lib/python3.7/site-packages/airflow/example_dags/example_sensors.py
[2023-07-12T06:29:51.144+0000] {processor.py:826} INFO - Processing file /home/airflow/.local/lib/python3.7/site-packages/airflow/example_dags/example_sensors.py for tasks to queue
[2023-07-12T06:29:51.148+0000] {logging_mixin.py:150} INFO - [2023-07-12T06:29:51.147+0000] {dagbag.py:541} INFO - Filling up the DagBag from /home/airflow/.local/lib/python3.7/site-packages/airflow/example_dags/example_sensors.py
[2023-07-12T06:29:51.170+0000] {processor.py:836} INFO - DAG(s) dict_keys(['example_sensors']) retrieved from /home/airflow/.local/lib/python3.7/site-packages/airflow/example_dags/example_sensors.py
[2023-07-12T06:29:51.219+0000] {logging_mixin.py:150} INFO - [2023-07-12T06:29:51.218+0000] {dag.py:2742} INFO - Sync 1 DAGs
[2023-07-12T06:29:51.262+0000] {logging_mixin.py:150} INFO - [2023-07-12T06:29:51.262+0000] {dag.py:3508} INFO - Setting next_dagrun for example_sensors to None, run_after=None
[2023-07-12T06:29:51.296+0000] {processor.py:179} INFO - Processing /home/airflow/.local/lib/python3.7/site-packages/airflow/example_dags/example_sensors.py took 0.161 seconds
[2023-07-12T06:30:21.446+0000] {processor.py:157} INFO - Started process (PID=770) to work on /home/airflow/.local/lib/python3.7/site-packages/airflow/example_dags/example_sensors.py
[2023-07-12T06:30:21.449+0000] {processor.py:826} INFO - Processing file /home/airflow/.local/lib/python3.7/site-packages/airflow/example_dags/example_sensors.py for tasks to queue
[2023-07-12T06:30:21.452+0000] {logging_mixin.py:150} INFO - [2023-07-12T06:30:21.451+0000] {dagbag.py:541} INFO - Filling up the DagBag from /home/airflow/.local/lib/python3.7/site-packages/airflow/example_dags/example_sensors.py
[2023-07-12T06:30:21.471+0000] {processor.py:836} INFO - DAG(s) dict_keys(['example_sensors']) retrieved from /home/airflow/.local/lib/python3.7/site-packages/airflow/example_dags/example_sensors.py
[2023-07-12T06:30:21.516+0000] {logging_mixin.py:150} INFO - [2023-07-12T06:30:21.516+0000] {dag.py:2742} INFO - Sync 1 DAGs
[2023-07-12T06:30:21.554+0000] {logging_mixin.py:150} INFO - [2023-07-12T06:30:21.554+0000] {dag.py:3508} INFO - Setting next_dagrun for example_sensors to None, run_after=None
[2023-07-12T06:30:21.585+0000] {processor.py:179} INFO - Processing /home/airflow/.local/lib/python3.7/site-packages/airflow/example_dags/example_sensors.py took 0.145 seconds
[2023-07-12T06:30:51.837+0000] {processor.py:157} INFO - Started process (PID=1008) to work on /home/airflow/.local/lib/python3.7/site-packages/airflow/example_dags/example_sensors.py
[2023-07-12T06:30:51.840+0000] {processor.py:826} INFO - Processing file /home/airflow/.local/lib/python3.7/site-packages/airflow/example_dags/example_sensors.py for tasks to queue
[2023-07-12T06:30:51.845+0000] {logging_mixin.py:150} INFO - [2023-07-12T06:30:51.844+0000] {dagbag.py:541} INFO - Filling up the DagBag from /home/airflow/.local/lib/python3.7/site-packages/airflow/example_dags/example_sensors.py
[2023-07-12T06:30:51.863+0000] {processor.py:836} INFO - DAG(s) dict_keys(['example_sensors']) retrieved from /home/airflow/.local/lib/python3.7/site-packages/airflow/example_dags/example_sensors.py
[2023-07-12T06:30:51.904+0000] {logging_mixin.py:150} INFO - [2023-07-12T06:30:51.904+0000] {dag.py:2742} INFO - Sync 1 DAGs
[2023-07-12T06:30:51.939+0000] {logging_mixin.py:150} INFO - [2023-07-12T06:30:51.939+0000] {dag.py:3508} INFO - Setting next_dagrun for example_sensors to None, run_after=None
[2023-07-12T06:30:51.976+0000] {processor.py:179} INFO - Processing /home/airflow/.local/lib/python3.7/site-packages/airflow/example_dags/example_sensors.py took 0.144 seconds
[2023-07-12T06:31:22.690+0000] {processor.py:157} INFO - Started process (PID=1289) to work on /home/airflow/.local/lib/python3.7/site-packages/airflow/example_dags/example_sensors.py
[2023-07-12T06:31:22.692+0000] {processor.py:826} INFO - Processing file /home/airflow/.local/lib/python3.7/site-packages/airflow/example_dags/example_sensors.py for tasks to queue
[2023-07-12T06:31:22.695+0000] {logging_mixin.py:150} INFO - [2023-07-12T06:31:22.694+0000] {dagbag.py:541} INFO - Filling up the DagBag from /home/airflow/.local/lib/python3.7/site-packages/airflow/example_dags/example_sensors.py
[2023-07-12T06:31:22.712+0000] {processor.py:836} INFO - DAG(s) dict_keys(['example_sensors']) retrieved from /home/airflow/.local/lib/python3.7/site-packages/airflow/example_dags/example_sensors.py
[2023-07-12T06:31:22.759+0000] {logging_mixin.py:150} INFO - [2023-07-12T06:31:22.759+0000] {dag.py:2742} INFO - Sync 1 DAGs
[2023-07-12T06:31:22.804+0000] {logging_mixin.py:150} INFO - [2023-07-12T06:31:22.804+0000] {dag.py:3508} INFO - Setting next_dagrun for example_sensors to None, run_after=None
[2023-07-12T06:31:22.838+0000] {processor.py:179} INFO - Processing /home/airflow/.local/lib/python3.7/site-packages/airflow/example_dags/example_sensors.py took 0.154 seconds
[2023-07-12T06:31:53.320+0000] {processor.py:157} INFO - Started process (PID=1532) to work on /home/airflow/.local/lib/python3.7/site-packages/airflow/example_dags/example_sensors.py
[2023-07-12T06:31:53.323+0000] {processor.py:826} INFO - Processing file /home/airflow/.local/lib/python3.7/site-packages/airflow/example_dags/example_sensors.py for tasks to queue
[2023-07-12T06:31:53.325+0000] {logging_mixin.py:150} INFO - [2023-07-12T06:31:53.325+0000] {dagbag.py:541} INFO - Filling up the DagBag from /home/airflow/.local/lib/python3.7/site-packages/airflow/example_dags/example_sensors.py
[2023-07-12T06:31:53.341+0000] {processor.py:836} INFO - DAG(s) dict_keys(['example_sensors']) retrieved from /home/airflow/.local/lib/python3.7/site-packages/airflow/example_dags/example_sensors.py
[2023-07-12T06:31:53.386+0000] {logging_mixin.py:150} INFO - [2023-07-12T06:31:53.386+0000] {dag.py:2742} INFO - Sync 1 DAGs
[2023-07-12T06:31:53.424+0000] {logging_mixin.py:150} INFO - [2023-07-12T06:31:53.424+0000] {dag.py:3508} INFO - Setting next_dagrun for example_sensors to None, run_after=None
[2023-07-12T06:31:53.456+0000] {processor.py:179} INFO - Processing /home/airflow/.local/lib/python3.7/site-packages/airflow/example_dags/example_sensors.py took 0.142 seconds
[2023-07-12T06:32:23.558+0000] {processor.py:157} INFO - Started process (PID=1771) to work on /home/airflow/.local/lib/python3.7/site-packages/airflow/example_dags/example_sensors.py
[2023-07-12T06:32:23.561+0000] {processor.py:826} INFO - Processing file /home/airflow/.local/lib/python3.7/site-packages/airflow/example_dags/example_sensors.py for tasks to queue
[2023-07-12T06:32:23.566+0000] {logging_mixin.py:150} INFO - [2023-07-12T06:32:23.566+0000] {dagbag.py:541} INFO - Filling up the DagBag from /home/airflow/.local/lib/python3.7/site-packages/airflow/example_dags/example_sensors.py
[2023-07-12T06:32:23.585+0000] {processor.py:836} INFO - DAG(s) dict_keys(['example_sensors']) retrieved from /home/airflow/.local/lib/python3.7/site-packages/airflow/example_dags/example_sensors.py
[2023-07-12T06:32:23.638+0000] {logging_mixin.py:150} INFO - [2023-07-12T06:32:23.638+0000] {dag.py:2742} INFO - Sync 1 DAGs
[2023-07-12T06:32:23.673+0000] {logging_mixin.py:150} INFO - [2023-07-12T06:32:23.673+0000] {dag.py:3508} INFO - Setting next_dagrun for example_sensors to None, run_after=None
[2023-07-12T06:32:23.710+0000] {processor.py:179} INFO - Processing /home/airflow/.local/lib/python3.7/site-packages/airflow/example_dags/example_sensors.py took 0.157 seconds
[2023-07-12T06:32:54.342+0000] {processor.py:157} INFO - Started process (PID=2014) to work on /home/airflow/.local/lib/python3.7/site-packages/airflow/example_dags/example_sensors.py
[2023-07-12T06:32:54.345+0000] {processor.py:826} INFO - Processing file /home/airflow/.local/lib/python3.7/site-packages/airflow/example_dags/example_sensors.py for tasks to queue
[2023-07-12T06:32:54.348+0000] {logging_mixin.py:150} INFO - [2023-07-12T06:32:54.348+0000] {dagbag.py:541} INFO - Filling up the DagBag from /home/airflow/.local/lib/python3.7/site-packages/airflow/example_dags/example_sensors.py
[2023-07-12T06:32:54.368+0000] {processor.py:836} INFO - DAG(s) dict_keys(['example_sensors']) retrieved from /home/airflow/.local/lib/python3.7/site-packages/airflow/example_dags/example_sensors.py
[2023-07-12T06:32:54.412+0000] {logging_mixin.py:150} INFO - [2023-07-12T06:32:54.411+0000] {dag.py:2742} INFO - Sync 1 DAGs
[2023-07-12T06:32:54.450+0000] {logging_mixin.py:150} INFO - [2023-07-12T06:32:54.450+0000] {dag.py:3508} INFO - Setting next_dagrun for example_sensors to None, run_after=None
[2023-07-12T06:32:54.488+0000] {processor.py:179} INFO - Processing /home/airflow/.local/lib/python3.7/site-packages/airflow/example_dags/example_sensors.py took 0.153 seconds
[2023-07-12T06:33:24.595+0000] {processor.py:157} INFO - Started process (PID=2253) to work on /home/airflow/.local/lib/python3.7/site-packages/airflow/example_dags/example_sensors.py
[2023-07-12T06:33:24.598+0000] {processor.py:826} INFO - Processing file /home/airflow/.local/lib/python3.7/site-packages/airflow/example_dags/example_sensors.py for tasks to queue
[2023-07-12T06:33:24.600+0000] {logging_mixin.py:150} INFO - [2023-07-12T06:33:24.600+0000] {dagbag.py:541} INFO - Filling up the DagBag from /home/airflow/.local/lib/python3.7/site-packages/airflow/example_dags/example_sensors.py
[2023-07-12T06:33:24.615+0000] {processor.py:836} INFO - DAG(s) dict_keys(['example_sensors']) retrieved from /home/airflow/.local/lib/python3.7/site-packages/airflow/example_dags/example_sensors.py
[2023-07-12T06:33:24.661+0000] {logging_mixin.py:150} INFO - [2023-07-12T06:33:24.661+0000] {dag.py:2742} INFO - Sync 1 DAGs
[2023-07-12T06:33:24.699+0000] {logging_mixin.py:150} INFO - [2023-07-12T06:33:24.698+0000] {dag.py:3508} INFO - Setting next_dagrun for example_sensors to None, run_after=None
[2023-07-12T06:33:24.731+0000] {processor.py:179} INFO - Processing /home/airflow/.local/lib/python3.7/site-packages/airflow/example_dags/example_sensors.py took 0.140 seconds
[2023-07-12T06:33:55.229+0000] {processor.py:157} INFO - Started process (PID=2496) to work on /home/airflow/.local/lib/python3.7/site-packages/airflow/example_dags/example_sensors.py
[2023-07-12T06:33:55.233+0000] {processor.py:826} INFO - Processing file /home/airflow/.local/lib/python3.7/site-packages/airflow/example_dags/example_sensors.py for tasks to queue
[2023-07-12T06:33:55.235+0000] {logging_mixin.py:150} INFO - [2023-07-12T06:33:55.235+0000] {dagbag.py:541} INFO - Filling up the DagBag from /home/airflow/.local/lib/python3.7/site-packages/airflow/example_dags/example_sensors.py
[2023-07-12T06:33:55.253+0000] {processor.py:836} INFO - DAG(s) dict_keys(['example_sensors']) retrieved from /home/airflow/.local/lib/python3.7/site-packages/airflow/example_dags/example_sensors.py
[2023-07-12T06:33:55.295+0000] {logging_mixin.py:150} INFO - [2023-07-12T06:33:55.295+0000] {dag.py:2742} INFO - Sync 1 DAGs
[2023-07-12T06:33:55.335+0000] {logging_mixin.py:150} INFO - [2023-07-12T06:33:55.334+0000] {dag.py:3508} INFO - Setting next_dagrun for example_sensors to None, run_after=None
[2023-07-12T06:33:55.366+0000] {processor.py:179} INFO - Processing /home/airflow/.local/lib/python3.7/site-packages/airflow/example_dags/example_sensors.py took 0.143 seconds
[2023-07-12T06:34:25.713+0000] {processor.py:157} INFO - Started process (PID=2737) to work on /home/airflow/.local/lib/python3.7/site-packages/airflow/example_dags/example_sensors.py
[2023-07-12T06:34:25.716+0000] {processor.py:826} INFO - Processing file /home/airflow/.local/lib/python3.7/site-packages/airflow/example_dags/example_sensors.py for tasks to queue
[2023-07-12T06:34:25.719+0000] {logging_mixin.py:150} INFO - [2023-07-12T06:34:25.718+0000] {dagbag.py:541} INFO - Filling up the DagBag from /home/airflow/.local/lib/python3.7/site-packages/airflow/example_dags/example_sensors.py
[2023-07-12T06:34:25.733+0000] {processor.py:836} INFO - DAG(s) dict_keys(['example_sensors']) retrieved from /home/airflow/.local/lib/python3.7/site-packages/airflow/example_dags/example_sensors.py
[2023-07-12T06:34:25.782+0000] {logging_mixin.py:150} INFO - [2023-07-12T06:34:25.782+0000] {dag.py:2742} INFO - Sync 1 DAGs
[2023-07-12T06:34:25.819+0000] {logging_mixin.py:150} INFO - [2023-07-12T06:34:25.818+0000] {dag.py:3508} INFO - Setting next_dagrun for example_sensors to None, run_after=None
[2023-07-12T06:34:25.849+0000] {processor.py:179} INFO - Processing /home/airflow/.local/lib/python3.7/site-packages/airflow/example_dags/example_sensors.py took 0.140 seconds
[2023-07-12T06:34:56.629+0000] {processor.py:157} INFO - Started process (PID=2978) to work on /home/airflow/.local/lib/python3.7/site-packages/airflow/example_dags/example_sensors.py
[2023-07-12T06:34:56.632+0000] {processor.py:826} INFO - Processing file /home/airflow/.local/lib/python3.7/site-packages/airflow/example_dags/example_sensors.py for tasks to queue
[2023-07-12T06:34:56.635+0000] {logging_mixin.py:150} INFO - [2023-07-12T06:34:56.635+0000] {dagbag.py:541} INFO - Filling up the DagBag from /home/airflow/.local/lib/python3.7/site-packages/airflow/example_dags/example_sensors.py
[2023-07-12T06:34:56.653+0000] {processor.py:836} INFO - DAG(s) dict_keys(['example_sensors']) retrieved from /home/airflow/.local/lib/python3.7/site-packages/airflow/example_dags/example_sensors.py
[2023-07-12T06:34:56.697+0000] {logging_mixin.py:150} INFO - [2023-07-12T06:34:56.697+0000] {dag.py:2742} INFO - Sync 1 DAGs
[2023-07-12T06:34:56.735+0000] {logging_mixin.py:150} INFO - [2023-07-12T06:34:56.734+0000] {dag.py:3508} INFO - Setting next_dagrun for example_sensors to None, run_after=None
[2023-07-12T06:34:56.766+0000] {processor.py:179} INFO - Processing /home/airflow/.local/lib/python3.7/site-packages/airflow/example_dags/example_sensors.py took 0.144 seconds
[2023-07-12T06:35:27.002+0000] {processor.py:157} INFO - Started process (PID=3219) to work on /home/airflow/.local/lib/python3.7/site-packages/airflow/example_dags/example_sensors.py
[2023-07-12T06:35:27.006+0000] {processor.py:826} INFO - Processing file /home/airflow/.local/lib/python3.7/site-packages/airflow/example_dags/example_sensors.py for tasks to queue
[2023-07-12T06:35:27.010+0000] {logging_mixin.py:150} INFO - [2023-07-12T06:35:27.009+0000] {dagbag.py:541} INFO - Filling up the DagBag from /home/airflow/.local/lib/python3.7/site-packages/airflow/example_dags/example_sensors.py
[2023-07-12T06:35:27.036+0000] {processor.py:836} INFO - DAG(s) dict_keys(['example_sensors']) retrieved from /home/airflow/.local/lib/python3.7/site-packages/airflow/example_dags/example_sensors.py
[2023-07-12T06:35:27.085+0000] {logging_mixin.py:150} INFO - [2023-07-12T06:35:27.085+0000] {dag.py:2742} INFO - Sync 1 DAGs
[2023-07-12T06:35:27.124+0000] {logging_mixin.py:150} INFO - [2023-07-12T06:35:27.124+0000] {dag.py:3508} INFO - Setting next_dagrun for example_sensors to None, run_after=None
[2023-07-12T06:35:27.162+0000] {processor.py:179} INFO - Processing /home/airflow/.local/lib/python3.7/site-packages/airflow/example_dags/example_sensors.py took 0.170 seconds
[2023-07-12T06:35:57.253+0000] {processor.py:157} INFO - Started process (PID=3460) to work on /home/airflow/.local/lib/python3.7/site-packages/airflow/example_dags/example_sensors.py
[2023-07-12T06:35:57.257+0000] {processor.py:826} INFO - Processing file /home/airflow/.local/lib/python3.7/site-packages/airflow/example_dags/example_sensors.py for tasks to queue
[2023-07-12T06:35:57.260+0000] {logging_mixin.py:150} INFO - [2023-07-12T06:35:57.259+0000] {dagbag.py:541} INFO - Filling up the DagBag from /home/airflow/.local/lib/python3.7/site-packages/airflow/example_dags/example_sensors.py
[2023-07-12T06:35:57.276+0000] {processor.py:836} INFO - DAG(s) dict_keys(['example_sensors']) retrieved from /home/airflow/.local/lib/python3.7/site-packages/airflow/example_dags/example_sensors.py
[2023-07-12T06:35:57.319+0000] {logging_mixin.py:150} INFO - [2023-07-12T06:35:57.319+0000] {dag.py:2742} INFO - Sync 1 DAGs
[2023-07-12T06:35:57.359+0000] {logging_mixin.py:150} INFO - [2023-07-12T06:35:57.359+0000] {dag.py:3508} INFO - Setting next_dagrun for example_sensors to None, run_after=None
[2023-07-12T06:35:57.388+0000] {processor.py:179} INFO - Processing /home/airflow/.local/lib/python3.7/site-packages/airflow/example_dags/example_sensors.py took 0.142 seconds
[2023-07-12T06:36:28.194+0000] {processor.py:157} INFO - Started process (PID=3699) to work on /home/airflow/.local/lib/python3.7/site-packages/airflow/example_dags/example_sensors.py
[2023-07-12T06:36:28.197+0000] {processor.py:826} INFO - Processing file /home/airflow/.local/lib/python3.7/site-packages/airflow/example_dags/example_sensors.py for tasks to queue
[2023-07-12T06:36:28.199+0000] {logging_mixin.py:150} INFO - [2023-07-12T06:36:28.199+0000] {dagbag.py:541} INFO - Filling up the DagBag from /home/airflow/.local/lib/python3.7/site-packages/airflow/example_dags/example_sensors.py
[2023-07-12T06:36:28.216+0000] {processor.py:836} INFO - DAG(s) dict_keys(['example_sensors']) retrieved from /home/airflow/.local/lib/python3.7/site-packages/airflow/example_dags/example_sensors.py
[2023-07-12T06:36:28.259+0000] {logging_mixin.py:150} INFO - [2023-07-12T06:36:28.258+0000] {dag.py:2742} INFO - Sync 1 DAGs
[2023-07-12T06:36:28.295+0000] {logging_mixin.py:150} INFO - [2023-07-12T06:36:28.295+0000] {dag.py:3508} INFO - Setting next_dagrun for example_sensors to None, run_after=None
[2023-07-12T06:36:28.326+0000] {processor.py:179} INFO - Processing /home/airflow/.local/lib/python3.7/site-packages/airflow/example_dags/example_sensors.py took 0.138 seconds
[2023-07-12T06:36:58.806+0000] {processor.py:157} INFO - Started process (PID=3940) to work on /home/airflow/.local/lib/python3.7/site-packages/airflow/example_dags/example_sensors.py
[2023-07-12T06:36:58.809+0000] {processor.py:826} INFO - Processing file /home/airflow/.local/lib/python3.7/site-packages/airflow/example_dags/example_sensors.py for tasks to queue
[2023-07-12T06:36:58.812+0000] {logging_mixin.py:150} INFO - [2023-07-12T06:36:58.811+0000] {dagbag.py:541} INFO - Filling up the DagBag from /home/airflow/.local/lib/python3.7/site-packages/airflow/example_dags/example_sensors.py
[2023-07-12T06:36:58.829+0000] {processor.py:836} INFO - DAG(s) dict_keys(['example_sensors']) retrieved from /home/airflow/.local/lib/python3.7/site-packages/airflow/example_dags/example_sensors.py
[2023-07-12T06:36:58.875+0000] {logging_mixin.py:150} INFO - [2023-07-12T06:36:58.875+0000] {dag.py:2742} INFO - Sync 1 DAGs
[2023-07-12T06:36:58.909+0000] {logging_mixin.py:150} INFO - [2023-07-12T06:36:58.909+0000] {dag.py:3508} INFO - Setting next_dagrun for example_sensors to None, run_after=None
[2023-07-12T06:36:58.939+0000] {processor.py:179} INFO - Processing /home/airflow/.local/lib/python3.7/site-packages/airflow/example_dags/example_sensors.py took 0.139 seconds
[2023-07-12T06:37:29.272+0000] {processor.py:157} INFO - Started process (PID=4181) to work on /home/airflow/.local/lib/python3.7/site-packages/airflow/example_dags/example_sensors.py
[2023-07-12T06:37:29.277+0000] {processor.py:826} INFO - Processing file /home/airflow/.local/lib/python3.7/site-packages/airflow/example_dags/example_sensors.py for tasks to queue
[2023-07-12T06:37:29.280+0000] {logging_mixin.py:150} INFO - [2023-07-12T06:37:29.280+0000] {dagbag.py:541} INFO - Filling up the DagBag from /home/airflow/.local/lib/python3.7/site-packages/airflow/example_dags/example_sensors.py
[2023-07-12T06:37:29.301+0000] {processor.py:836} INFO - DAG(s) dict_keys(['example_sensors']) retrieved from /home/airflow/.local/lib/python3.7/site-packages/airflow/example_dags/example_sensors.py
[2023-07-12T06:37:29.342+0000] {logging_mixin.py:150} INFO - [2023-07-12T06:37:29.341+0000] {dag.py:2742} INFO - Sync 1 DAGs
[2023-07-12T06:37:29.377+0000] {logging_mixin.py:150} INFO - [2023-07-12T06:37:29.377+0000] {dag.py:3508} INFO - Setting next_dagrun for example_sensors to None, run_after=None
[2023-07-12T06:37:29.407+0000] {processor.py:179} INFO - Processing /home/airflow/.local/lib/python3.7/site-packages/airflow/example_dags/example_sensors.py took 0.143 seconds
[2023-07-12T06:37:59.769+0000] {processor.py:157} INFO - Started process (PID=4421) to work on /home/airflow/.local/lib/python3.7/site-packages/airflow/example_dags/example_sensors.py
[2023-07-12T06:37:59.771+0000] {processor.py:826} INFO - Processing file /home/airflow/.local/lib/python3.7/site-packages/airflow/example_dags/example_sensors.py for tasks to queue
[2023-07-12T06:37:59.774+0000] {logging_mixin.py:150} INFO - [2023-07-12T06:37:59.773+0000] {dagbag.py:541} INFO - Filling up the DagBag from /home/airflow/.local/lib/python3.7/site-packages/airflow/example_dags/example_sensors.py
[2023-07-12T06:37:59.790+0000] {processor.py:836} INFO - DAG(s) dict_keys(['example_sensors']) retrieved from /home/airflow/.local/lib/python3.7/site-packages/airflow/example_dags/example_sensors.py
[2023-07-12T06:37:59.833+0000] {logging_mixin.py:150} INFO - [2023-07-12T06:37:59.833+0000] {dag.py:2742} INFO - Sync 1 DAGs
[2023-07-12T06:37:59.868+0000] {logging_mixin.py:150} INFO - [2023-07-12T06:37:59.868+0000] {dag.py:3508} INFO - Setting next_dagrun for example_sensors to None, run_after=None
[2023-07-12T06:37:59.898+0000] {processor.py:179} INFO - Processing /home/airflow/.local/lib/python3.7/site-packages/airflow/example_dags/example_sensors.py took 0.134 seconds
[2023-07-12T06:38:30.170+0000] {processor.py:157} INFO - Started process (PID=4662) to work on /home/airflow/.local/lib/python3.7/site-packages/airflow/example_dags/example_sensors.py
[2023-07-12T06:38:30.173+0000] {processor.py:826} INFO - Processing file /home/airflow/.local/lib/python3.7/site-packages/airflow/example_dags/example_sensors.py for tasks to queue
[2023-07-12T06:38:30.175+0000] {logging_mixin.py:150} INFO - [2023-07-12T06:38:30.175+0000] {dagbag.py:541} INFO - Filling up the DagBag from /home/airflow/.local/lib/python3.7/site-packages/airflow/example_dags/example_sensors.py
[2023-07-12T06:38:30.192+0000] {processor.py:836} INFO - DAG(s) dict_keys(['example_sensors']) retrieved from /home/airflow/.local/lib/python3.7/site-packages/airflow/example_dags/example_sensors.py
[2023-07-12T06:38:30.236+0000] {logging_mixin.py:150} INFO - [2023-07-12T06:38:30.236+0000] {dag.py:2742} INFO - Sync 1 DAGs
[2023-07-12T06:38:30.274+0000] {logging_mixin.py:150} INFO - [2023-07-12T06:38:30.273+0000] {dag.py:3508} INFO - Setting next_dagrun for example_sensors to None, run_after=None
[2023-07-12T06:38:30.303+0000] {processor.py:179} INFO - Processing /home/airflow/.local/lib/python3.7/site-packages/airflow/example_dags/example_sensors.py took 0.138 seconds
[2023-07-12T06:39:00.706+0000] {processor.py:157} INFO - Started process (PID=4903) to work on /home/airflow/.local/lib/python3.7/site-packages/airflow/example_dags/example_sensors.py
[2023-07-12T06:39:00.711+0000] {processor.py:826} INFO - Processing file /home/airflow/.local/lib/python3.7/site-packages/airflow/example_dags/example_sensors.py for tasks to queue
[2023-07-12T06:39:00.715+0000] {logging_mixin.py:150} INFO - [2023-07-12T06:39:00.715+0000] {dagbag.py:541} INFO - Filling up the DagBag from /home/airflow/.local/lib/python3.7/site-packages/airflow/example_dags/example_sensors.py
[2023-07-12T06:39:00.741+0000] {processor.py:836} INFO - DAG(s) dict_keys(['example_sensors']) retrieved from /home/airflow/.local/lib/python3.7/site-packages/airflow/example_dags/example_sensors.py
[2023-07-12T06:39:00.787+0000] {logging_mixin.py:150} INFO - [2023-07-12T06:39:00.786+0000] {dag.py:2742} INFO - Sync 1 DAGs
[2023-07-12T06:39:00.823+0000] {logging_mixin.py:150} INFO - [2023-07-12T06:39:00.822+0000] {dag.py:3508} INFO - Setting next_dagrun for example_sensors to None, run_after=None
[2023-07-12T06:39:00.851+0000] {processor.py:179} INFO - Processing /home/airflow/.local/lib/python3.7/site-packages/airflow/example_dags/example_sensors.py took 0.153 seconds
[2023-07-12T06:39:31.407+0000] {processor.py:157} INFO - Started process (PID=5144) to work on /home/airflow/.local/lib/python3.7/site-packages/airflow/example_dags/example_sensors.py
[2023-07-12T06:39:31.410+0000] {processor.py:826} INFO - Processing file /home/airflow/.local/lib/python3.7/site-packages/airflow/example_dags/example_sensors.py for tasks to queue
[2023-07-12T06:39:31.414+0000] {logging_mixin.py:150} INFO - [2023-07-12T06:39:31.413+0000] {dagbag.py:541} INFO - Filling up the DagBag from /home/airflow/.local/lib/python3.7/site-packages/airflow/example_dags/example_sensors.py
[2023-07-12T06:39:31.435+0000] {processor.py:836} INFO - DAG(s) dict_keys(['example_sensors']) retrieved from /home/airflow/.local/lib/python3.7/site-packages/airflow/example_dags/example_sensors.py
[2023-07-12T06:39:31.479+0000] {logging_mixin.py:150} INFO - [2023-07-12T06:39:31.479+0000] {dag.py:2742} INFO - Sync 1 DAGs
[2023-07-12T06:39:31.516+0000] {logging_mixin.py:150} INFO - [2023-07-12T06:39:31.516+0000] {dag.py:3508} INFO - Setting next_dagrun for example_sensors to None, run_after=None
[2023-07-12T06:39:31.546+0000] {processor.py:179} INFO - Processing /home/airflow/.local/lib/python3.7/site-packages/airflow/example_dags/example_sensors.py took 0.148 seconds
[2023-07-12T06:40:02.361+0000] {processor.py:157} INFO - Started process (PID=5387) to work on /home/airflow/.local/lib/python3.7/site-packages/airflow/example_dags/example_sensors.py
[2023-07-12T06:40:02.363+0000] {processor.py:826} INFO - Processing file /home/airflow/.local/lib/python3.7/site-packages/airflow/example_dags/example_sensors.py for tasks to queue
[2023-07-12T06:40:02.366+0000] {logging_mixin.py:150} INFO - [2023-07-12T06:40:02.365+0000] {dagbag.py:541} INFO - Filling up the DagBag from /home/airflow/.local/lib/python3.7/site-packages/airflow/example_dags/example_sensors.py
[2023-07-12T06:40:02.383+0000] {processor.py:836} INFO - DAG(s) dict_keys(['example_sensors']) retrieved from /home/airflow/.local/lib/python3.7/site-packages/airflow/example_dags/example_sensors.py
[2023-07-12T06:40:02.423+0000] {logging_mixin.py:150} INFO - [2023-07-12T06:40:02.423+0000] {dag.py:2742} INFO - Sync 1 DAGs
[2023-07-12T06:40:02.457+0000] {logging_mixin.py:150} INFO - [2023-07-12T06:40:02.457+0000] {dag.py:3508} INFO - Setting next_dagrun for example_sensors to None, run_after=None
[2023-07-12T06:40:02.489+0000] {processor.py:179} INFO - Processing /home/airflow/.local/lib/python3.7/site-packages/airflow/example_dags/example_sensors.py took 0.132 seconds
[2023-07-12T06:40:32.904+0000] {processor.py:157} INFO - Started process (PID=5626) to work on /home/airflow/.local/lib/python3.7/site-packages/airflow/example_dags/example_sensors.py
[2023-07-12T06:40:32.907+0000] {processor.py:826} INFO - Processing file /home/airflow/.local/lib/python3.7/site-packages/airflow/example_dags/example_sensors.py for tasks to queue
[2023-07-12T06:40:32.909+0000] {logging_mixin.py:150} INFO - [2023-07-12T06:40:32.908+0000] {dagbag.py:541} INFO - Filling up the DagBag from /home/airflow/.local/lib/python3.7/site-packages/airflow/example_dags/example_sensors.py
[2023-07-12T06:40:32.924+0000] {processor.py:836} INFO - DAG(s) dict_keys(['example_sensors']) retrieved from /home/airflow/.local/lib/python3.7/site-packages/airflow/example_dags/example_sensors.py
[2023-07-12T06:40:32.964+0000] {logging_mixin.py:150} INFO - [2023-07-12T06:40:32.963+0000] {dag.py:2742} INFO - Sync 1 DAGs
[2023-07-12T06:40:32.998+0000] {logging_mixin.py:150} INFO - [2023-07-12T06:40:32.997+0000] {dag.py:3508} INFO - Setting next_dagrun for example_sensors to None, run_after=None
[2023-07-12T06:40:33.024+0000] {processor.py:179} INFO - Processing /home/airflow/.local/lib/python3.7/site-packages/airflow/example_dags/example_sensors.py took 0.125 seconds
[2023-07-12T06:41:03.198+0000] {processor.py:157} INFO - Started process (PID=5867) to work on /home/airflow/.local/lib/python3.7/site-packages/airflow/example_dags/example_sensors.py
[2023-07-12T06:41:03.201+0000] {processor.py:826} INFO - Processing file /home/airflow/.local/lib/python3.7/site-packages/airflow/example_dags/example_sensors.py for tasks to queue
[2023-07-12T06:41:03.203+0000] {logging_mixin.py:150} INFO - [2023-07-12T06:41:03.202+0000] {dagbag.py:541} INFO - Filling up the DagBag from /home/airflow/.local/lib/python3.7/site-packages/airflow/example_dags/example_sensors.py
[2023-07-12T06:41:03.218+0000] {processor.py:836} INFO - DAG(s) dict_keys(['example_sensors']) retrieved from /home/airflow/.local/lib/python3.7/site-packages/airflow/example_dags/example_sensors.py
[2023-07-12T06:41:03.255+0000] {logging_mixin.py:150} INFO - [2023-07-12T06:41:03.255+0000] {dag.py:2742} INFO - Sync 1 DAGs
[2023-07-12T06:41:03.286+0000] {logging_mixin.py:150} INFO - [2023-07-12T06:41:03.286+0000] {dag.py:3508} INFO - Setting next_dagrun for example_sensors to None, run_after=None
[2023-07-12T06:41:03.316+0000] {processor.py:179} INFO - Processing /home/airflow/.local/lib/python3.7/site-packages/airflow/example_dags/example_sensors.py took 0.122 seconds
[2023-07-12T06:41:33.780+0000] {processor.py:157} INFO - Started process (PID=6108) to work on /home/airflow/.local/lib/python3.7/site-packages/airflow/example_dags/example_sensors.py
[2023-07-12T06:41:33.783+0000] {processor.py:826} INFO - Processing file /home/airflow/.local/lib/python3.7/site-packages/airflow/example_dags/example_sensors.py for tasks to queue
[2023-07-12T06:41:33.785+0000] {logging_mixin.py:150} INFO - [2023-07-12T06:41:33.784+0000] {dagbag.py:541} INFO - Filling up the DagBag from /home/airflow/.local/lib/python3.7/site-packages/airflow/example_dags/example_sensors.py
[2023-07-12T06:41:33.800+0000] {processor.py:836} INFO - DAG(s) dict_keys(['example_sensors']) retrieved from /home/airflow/.local/lib/python3.7/site-packages/airflow/example_dags/example_sensors.py
[2023-07-12T06:41:33.839+0000] {logging_mixin.py:150} INFO - [2023-07-12T06:41:33.838+0000] {dag.py:2742} INFO - Sync 1 DAGs
[2023-07-12T06:41:33.870+0000] {logging_mixin.py:150} INFO - [2023-07-12T06:41:33.870+0000] {dag.py:3508} INFO - Setting next_dagrun for example_sensors to None, run_after=None
[2023-07-12T06:41:33.899+0000] {processor.py:179} INFO - Processing /home/airflow/.local/lib/python3.7/site-packages/airflow/example_dags/example_sensors.py took 0.124 seconds
[2023-07-12T06:42:04.253+0000] {processor.py:157} INFO - Started process (PID=6349) to work on /home/airflow/.local/lib/python3.7/site-packages/airflow/example_dags/example_sensors.py
[2023-07-12T06:42:04.255+0000] {processor.py:826} INFO - Processing file /home/airflow/.local/lib/python3.7/site-packages/airflow/example_dags/example_sensors.py for tasks to queue
[2023-07-12T06:42:04.257+0000] {logging_mixin.py:150} INFO - [2023-07-12T06:42:04.257+0000] {dagbag.py:541} INFO - Filling up the DagBag from /home/airflow/.local/lib/python3.7/site-packages/airflow/example_dags/example_sensors.py
[2023-07-12T06:42:04.272+0000] {processor.py:836} INFO - DAG(s) dict_keys(['example_sensors']) retrieved from /home/airflow/.local/lib/python3.7/site-packages/airflow/example_dags/example_sensors.py
[2023-07-12T06:42:04.310+0000] {logging_mixin.py:150} INFO - [2023-07-12T06:42:04.310+0000] {dag.py:2742} INFO - Sync 1 DAGs
[2023-07-12T06:42:04.342+0000] {logging_mixin.py:150} INFO - [2023-07-12T06:42:04.342+0000] {dag.py:3508} INFO - Setting next_dagrun for example_sensors to None, run_after=None
[2023-07-12T06:42:04.372+0000] {processor.py:179} INFO - Processing /home/airflow/.local/lib/python3.7/site-packages/airflow/example_dags/example_sensors.py took 0.124 seconds
[2023-07-12T06:42:34.817+0000] {processor.py:157} INFO - Started process (PID=6598) to work on /home/airflow/.local/lib/python3.7/site-packages/airflow/example_dags/example_sensors.py
[2023-07-12T06:42:34.822+0000] {processor.py:826} INFO - Processing file /home/airflow/.local/lib/python3.7/site-packages/airflow/example_dags/example_sensors.py for tasks to queue
[2023-07-12T06:42:34.827+0000] {logging_mixin.py:150} INFO - [2023-07-12T06:42:34.826+0000] {dagbag.py:541} INFO - Filling up the DagBag from /home/airflow/.local/lib/python3.7/site-packages/airflow/example_dags/example_sensors.py
[2023-07-12T06:42:34.857+0000] {processor.py:836} INFO - DAG(s) dict_keys(['example_sensors']) retrieved from /home/airflow/.local/lib/python3.7/site-packages/airflow/example_dags/example_sensors.py
[2023-07-12T06:42:34.899+0000] {logging_mixin.py:150} INFO - [2023-07-12T06:42:34.899+0000] {dag.py:2742} INFO - Sync 1 DAGs
[2023-07-12T06:42:34.931+0000] {logging_mixin.py:150} INFO - [2023-07-12T06:42:34.931+0000] {dag.py:3508} INFO - Setting next_dagrun for example_sensors to None, run_after=None
[2023-07-12T06:42:34.960+0000] {processor.py:179} INFO - Processing /home/airflow/.local/lib/python3.7/site-packages/airflow/example_dags/example_sensors.py took 0.149 seconds
[2023-07-12T06:43:05.081+0000] {processor.py:157} INFO - Started process (PID=6839) to work on /home/airflow/.local/lib/python3.7/site-packages/airflow/example_dags/example_sensors.py
[2023-07-12T06:43:05.084+0000] {processor.py:826} INFO - Processing file /home/airflow/.local/lib/python3.7/site-packages/airflow/example_dags/example_sensors.py for tasks to queue
[2023-07-12T06:43:05.088+0000] {logging_mixin.py:150} INFO - [2023-07-12T06:43:05.087+0000] {dagbag.py:541} INFO - Filling up the DagBag from /home/airflow/.local/lib/python3.7/site-packages/airflow/example_dags/example_sensors.py
[2023-07-12T06:43:05.105+0000] {processor.py:836} INFO - DAG(s) dict_keys(['example_sensors']) retrieved from /home/airflow/.local/lib/python3.7/site-packages/airflow/example_dags/example_sensors.py
[2023-07-12T06:43:05.148+0000] {logging_mixin.py:150} INFO - [2023-07-12T06:43:05.148+0000] {dag.py:2742} INFO - Sync 1 DAGs
[2023-07-12T06:43:05.180+0000] {logging_mixin.py:150} INFO - [2023-07-12T06:43:05.180+0000] {dag.py:3508} INFO - Setting next_dagrun for example_sensors to None, run_after=None
[2023-07-12T06:43:05.210+0000] {processor.py:179} INFO - Processing /home/airflow/.local/lib/python3.7/site-packages/airflow/example_dags/example_sensors.py took 0.136 seconds
[2023-07-12T06:43:35.647+0000] {processor.py:157} INFO - Started process (PID=7080) to work on /home/airflow/.local/lib/python3.7/site-packages/airflow/example_dags/example_sensors.py
[2023-07-12T06:43:35.649+0000] {processor.py:826} INFO - Processing file /home/airflow/.local/lib/python3.7/site-packages/airflow/example_dags/example_sensors.py for tasks to queue
[2023-07-12T06:43:35.651+0000] {logging_mixin.py:150} INFO - [2023-07-12T06:43:35.651+0000] {dagbag.py:541} INFO - Filling up the DagBag from /home/airflow/.local/lib/python3.7/site-packages/airflow/example_dags/example_sensors.py
[2023-07-12T06:43:35.666+0000] {processor.py:836} INFO - DAG(s) dict_keys(['example_sensors']) retrieved from /home/airflow/.local/lib/python3.7/site-packages/airflow/example_dags/example_sensors.py
[2023-07-12T06:43:35.704+0000] {logging_mixin.py:150} INFO - [2023-07-12T06:43:35.703+0000] {dag.py:2742} INFO - Sync 1 DAGs
[2023-07-12T06:43:35.736+0000] {logging_mixin.py:150} INFO - [2023-07-12T06:43:35.736+0000] {dag.py:3508} INFO - Setting next_dagrun for example_sensors to None, run_after=None
[2023-07-12T06:43:35.766+0000] {processor.py:179} INFO - Processing /home/airflow/.local/lib/python3.7/site-packages/airflow/example_dags/example_sensors.py took 0.124 seconds
[2023-07-12T06:44:05.993+0000] {processor.py:157} INFO - Started process (PID=7321) to work on /home/airflow/.local/lib/python3.7/site-packages/airflow/example_dags/example_sensors.py
[2023-07-12T06:44:05.995+0000] {processor.py:826} INFO - Processing file /home/airflow/.local/lib/python3.7/site-packages/airflow/example_dags/example_sensors.py for tasks to queue
[2023-07-12T06:44:05.997+0000] {logging_mixin.py:150} INFO - [2023-07-12T06:44:05.997+0000] {dagbag.py:541} INFO - Filling up the DagBag from /home/airflow/.local/lib/python3.7/site-packages/airflow/example_dags/example_sensors.py
[2023-07-12T06:44:06.011+0000] {processor.py:836} INFO - DAG(s) dict_keys(['example_sensors']) retrieved from /home/airflow/.local/lib/python3.7/site-packages/airflow/example_dags/example_sensors.py
[2023-07-12T06:44:06.050+0000] {logging_mixin.py:150} INFO - [2023-07-12T06:44:06.050+0000] {dag.py:2742} INFO - Sync 1 DAGs
[2023-07-12T06:44:06.083+0000] {logging_mixin.py:150} INFO - [2023-07-12T06:44:06.083+0000] {dag.py:3508} INFO - Setting next_dagrun for example_sensors to None, run_after=None
[2023-07-12T06:44:06.114+0000] {processor.py:179} INFO - Processing /home/airflow/.local/lib/python3.7/site-packages/airflow/example_dags/example_sensors.py took 0.126 seconds
[2023-07-12T06:44:36.279+0000] {processor.py:157} INFO - Started process (PID=7562) to work on /home/airflow/.local/lib/python3.7/site-packages/airflow/example_dags/example_sensors.py
[2023-07-12T06:44:36.281+0000] {processor.py:826} INFO - Processing file /home/airflow/.local/lib/python3.7/site-packages/airflow/example_dags/example_sensors.py for tasks to queue
[2023-07-12T06:44:36.284+0000] {logging_mixin.py:150} INFO - [2023-07-12T06:44:36.284+0000] {dagbag.py:541} INFO - Filling up the DagBag from /home/airflow/.local/lib/python3.7/site-packages/airflow/example_dags/example_sensors.py
[2023-07-12T06:44:36.298+0000] {processor.py:836} INFO - DAG(s) dict_keys(['example_sensors']) retrieved from /home/airflow/.local/lib/python3.7/site-packages/airflow/example_dags/example_sensors.py
[2023-07-12T06:44:36.335+0000] {logging_mixin.py:150} INFO - [2023-07-12T06:44:36.335+0000] {dag.py:2742} INFO - Sync 1 DAGs
[2023-07-12T06:44:36.369+0000] {logging_mixin.py:150} INFO - [2023-07-12T06:44:36.369+0000] {dag.py:3508} INFO - Setting next_dagrun for example_sensors to None, run_after=None
[2023-07-12T06:44:36.397+0000] {processor.py:179} INFO - Processing /home/airflow/.local/lib/python3.7/site-packages/airflow/example_dags/example_sensors.py took 0.123 seconds
[2023-07-12T06:45:06.864+0000] {processor.py:157} INFO - Started process (PID=7803) to work on /home/airflow/.local/lib/python3.7/site-packages/airflow/example_dags/example_sensors.py
[2023-07-12T06:45:06.867+0000] {processor.py:826} INFO - Processing file /home/airflow/.local/lib/python3.7/site-packages/airflow/example_dags/example_sensors.py for tasks to queue
[2023-07-12T06:45:06.869+0000] {logging_mixin.py:150} INFO - [2023-07-12T06:45:06.869+0000] {dagbag.py:541} INFO - Filling up the DagBag from /home/airflow/.local/lib/python3.7/site-packages/airflow/example_dags/example_sensors.py
[2023-07-12T06:45:06.886+0000] {processor.py:836} INFO - DAG(s) dict_keys(['example_sensors']) retrieved from /home/airflow/.local/lib/python3.7/site-packages/airflow/example_dags/example_sensors.py
[2023-07-12T06:45:06.934+0000] {logging_mixin.py:150} INFO - [2023-07-12T06:45:06.934+0000] {dag.py:2742} INFO - Sync 1 DAGs
[2023-07-12T06:45:06.971+0000] {logging_mixin.py:150} INFO - [2023-07-12T06:45:06.971+0000] {dag.py:3508} INFO - Setting next_dagrun for example_sensors to None, run_after=None
[2023-07-12T06:45:07.006+0000] {processor.py:179} INFO - Processing /home/airflow/.local/lib/python3.7/site-packages/airflow/example_dags/example_sensors.py took 0.147 seconds
[2023-07-12T06:45:37.146+0000] {processor.py:157} INFO - Started process (PID=8044) to work on /home/airflow/.local/lib/python3.7/site-packages/airflow/example_dags/example_sensors.py
[2023-07-12T06:45:37.149+0000] {processor.py:826} INFO - Processing file /home/airflow/.local/lib/python3.7/site-packages/airflow/example_dags/example_sensors.py for tasks to queue
[2023-07-12T06:45:37.152+0000] {logging_mixin.py:150} INFO - [2023-07-12T06:45:37.152+0000] {dagbag.py:541} INFO - Filling up the DagBag from /home/airflow/.local/lib/python3.7/site-packages/airflow/example_dags/example_sensors.py
[2023-07-12T06:45:37.167+0000] {processor.py:836} INFO - DAG(s) dict_keys(['example_sensors']) retrieved from /home/airflow/.local/lib/python3.7/site-packages/airflow/example_dags/example_sensors.py
[2023-07-12T06:45:37.204+0000] {logging_mixin.py:150} INFO - [2023-07-12T06:45:37.204+0000] {dag.py:2742} INFO - Sync 1 DAGs
[2023-07-12T06:45:37.237+0000] {logging_mixin.py:150} INFO - [2023-07-12T06:45:37.236+0000] {dag.py:3508} INFO - Setting next_dagrun for example_sensors to None, run_after=None
[2023-07-12T06:45:37.285+0000] {processor.py:179} INFO - Processing /home/airflow/.local/lib/python3.7/site-packages/airflow/example_dags/example_sensors.py took 0.144 seconds
[2023-07-12T06:46:07.424+0000] {processor.py:157} INFO - Started process (PID=8285) to work on /home/airflow/.local/lib/python3.7/site-packages/airflow/example_dags/example_sensors.py
[2023-07-12T06:46:07.427+0000] {processor.py:826} INFO - Processing file /home/airflow/.local/lib/python3.7/site-packages/airflow/example_dags/example_sensors.py for tasks to queue
[2023-07-12T06:46:07.429+0000] {logging_mixin.py:150} INFO - [2023-07-12T06:46:07.429+0000] {dagbag.py:541} INFO - Filling up the DagBag from /home/airflow/.local/lib/python3.7/site-packages/airflow/example_dags/example_sensors.py
[2023-07-12T06:46:07.443+0000] {processor.py:836} INFO - DAG(s) dict_keys(['example_sensors']) retrieved from /home/airflow/.local/lib/python3.7/site-packages/airflow/example_dags/example_sensors.py
[2023-07-12T06:46:07.481+0000] {logging_mixin.py:150} INFO - [2023-07-12T06:46:07.481+0000] {dag.py:2742} INFO - Sync 1 DAGs
[2023-07-12T06:46:07.513+0000] {logging_mixin.py:150} INFO - [2023-07-12T06:46:07.513+0000] {dag.py:3508} INFO - Setting next_dagrun for example_sensors to None, run_after=None
[2023-07-12T06:46:07.542+0000] {processor.py:179} INFO - Processing /home/airflow/.local/lib/python3.7/site-packages/airflow/example_dags/example_sensors.py took 0.123 seconds
[2023-07-12T06:46:37.771+0000] {processor.py:157} INFO - Started process (PID=8526) to work on /home/airflow/.local/lib/python3.7/site-packages/airflow/example_dags/example_sensors.py
[2023-07-12T06:46:37.774+0000] {processor.py:826} INFO - Processing file /home/airflow/.local/lib/python3.7/site-packages/airflow/example_dags/example_sensors.py for tasks to queue
[2023-07-12T06:46:37.776+0000] {logging_mixin.py:150} INFO - [2023-07-12T06:46:37.776+0000] {dagbag.py:541} INFO - Filling up the DagBag from /home/airflow/.local/lib/python3.7/site-packages/airflow/example_dags/example_sensors.py
[2023-07-12T06:46:37.791+0000] {processor.py:836} INFO - DAG(s) dict_keys(['example_sensors']) retrieved from /home/airflow/.local/lib/python3.7/site-packages/airflow/example_dags/example_sensors.py
[2023-07-12T06:46:37.830+0000] {logging_mixin.py:150} INFO - [2023-07-12T06:46:37.829+0000] {dag.py:2742} INFO - Sync 1 DAGs
[2023-07-12T06:46:37.862+0000] {logging_mixin.py:150} INFO - [2023-07-12T06:46:37.862+0000] {dag.py:3508} INFO - Setting next_dagrun for example_sensors to None, run_after=None
[2023-07-12T06:46:37.891+0000] {processor.py:179} INFO - Processing /home/airflow/.local/lib/python3.7/site-packages/airflow/example_dags/example_sensors.py took 0.125 seconds
[2023-07-12T06:47:08.290+0000] {processor.py:157} INFO - Started process (PID=8766) to work on /home/airflow/.local/lib/python3.7/site-packages/airflow/example_dags/example_sensors.py
[2023-07-12T06:47:08.293+0000] {processor.py:826} INFO - Processing file /home/airflow/.local/lib/python3.7/site-packages/airflow/example_dags/example_sensors.py for tasks to queue
[2023-07-12T06:47:08.298+0000] {logging_mixin.py:150} INFO - [2023-07-12T06:47:08.298+0000] {dagbag.py:541} INFO - Filling up the DagBag from /home/airflow/.local/lib/python3.7/site-packages/airflow/example_dags/example_sensors.py
[2023-07-12T06:47:08.320+0000] {processor.py:836} INFO - DAG(s) dict_keys(['example_sensors']) retrieved from /home/airflow/.local/lib/python3.7/site-packages/airflow/example_dags/example_sensors.py
[2023-07-12T06:47:08.362+0000] {logging_mixin.py:150} INFO - [2023-07-12T06:47:08.362+0000] {dag.py:2742} INFO - Sync 1 DAGs
[2023-07-12T06:47:08.394+0000] {logging_mixin.py:150} INFO - [2023-07-12T06:47:08.394+0000] {dag.py:3508} INFO - Setting next_dagrun for example_sensors to None, run_after=None
[2023-07-12T06:47:08.424+0000] {processor.py:179} INFO - Processing /home/airflow/.local/lib/python3.7/site-packages/airflow/example_dags/example_sensors.py took 0.141 seconds
[2023-07-12T06:47:38.832+0000] {processor.py:157} INFO - Started process (PID=9006) to work on /home/airflow/.local/lib/python3.7/site-packages/airflow/example_dags/example_sensors.py
[2023-07-12T06:47:38.836+0000] {processor.py:826} INFO - Processing file /home/airflow/.local/lib/python3.7/site-packages/airflow/example_dags/example_sensors.py for tasks to queue
[2023-07-12T06:47:38.841+0000] {logging_mixin.py:150} INFO - [2023-07-12T06:47:38.840+0000] {dagbag.py:541} INFO - Filling up the DagBag from /home/airflow/.local/lib/python3.7/site-packages/airflow/example_dags/example_sensors.py
[2023-07-12T06:47:38.861+0000] {processor.py:836} INFO - DAG(s) dict_keys(['example_sensors']) retrieved from /home/airflow/.local/lib/python3.7/site-packages/airflow/example_dags/example_sensors.py
[2023-07-12T06:47:38.907+0000] {logging_mixin.py:150} INFO - [2023-07-12T06:47:38.907+0000] {dag.py:2742} INFO - Sync 1 DAGs
[2023-07-12T06:47:38.945+0000] {logging_mixin.py:150} INFO - [2023-07-12T06:47:38.944+0000] {dag.py:3508} INFO - Setting next_dagrun for example_sensors to None, run_after=None
[2023-07-12T06:47:38.978+0000] {processor.py:179} INFO - Processing /home/airflow/.local/lib/python3.7/site-packages/airflow/example_dags/example_sensors.py took 0.153 seconds
[2023-07-12T06:48:09.651+0000] {processor.py:157} INFO - Started process (PID=9247) to work on /home/airflow/.local/lib/python3.7/site-packages/airflow/example_dags/example_sensors.py
[2023-07-12T06:48:09.654+0000] {processor.py:826} INFO - Processing file /home/airflow/.local/lib/python3.7/site-packages/airflow/example_dags/example_sensors.py for tasks to queue
[2023-07-12T06:48:09.659+0000] {logging_mixin.py:150} INFO - [2023-07-12T06:48:09.658+0000] {dagbag.py:541} INFO - Filling up the DagBag from /home/airflow/.local/lib/python3.7/site-packages/airflow/example_dags/example_sensors.py
[2023-07-12T06:48:09.676+0000] {processor.py:836} INFO - DAG(s) dict_keys(['example_sensors']) retrieved from /home/airflow/.local/lib/python3.7/site-packages/airflow/example_dags/example_sensors.py
[2023-07-12T06:48:09.729+0000] {logging_mixin.py:150} INFO - [2023-07-12T06:48:09.729+0000] {dag.py:2742} INFO - Sync 1 DAGs
[2023-07-12T06:48:09.765+0000] {logging_mixin.py:150} INFO - [2023-07-12T06:48:09.765+0000] {dag.py:3508} INFO - Setting next_dagrun for example_sensors to None, run_after=None
[2023-07-12T06:48:09.800+0000] {processor.py:179} INFO - Processing /home/airflow/.local/lib/python3.7/site-packages/airflow/example_dags/example_sensors.py took 0.154 seconds
[2023-07-12T06:48:40.105+0000] {processor.py:157} INFO - Started process (PID=9488) to work on /home/airflow/.local/lib/python3.7/site-packages/airflow/example_dags/example_sensors.py
[2023-07-12T06:48:40.109+0000] {processor.py:826} INFO - Processing file /home/airflow/.local/lib/python3.7/site-packages/airflow/example_dags/example_sensors.py for tasks to queue
[2023-07-12T06:48:40.112+0000] {logging_mixin.py:150} INFO - [2023-07-12T06:48:40.111+0000] {dagbag.py:541} INFO - Filling up the DagBag from /home/airflow/.local/lib/python3.7/site-packages/airflow/example_dags/example_sensors.py
[2023-07-12T06:48:40.142+0000] {processor.py:836} INFO - DAG(s) dict_keys(['example_sensors']) retrieved from /home/airflow/.local/lib/python3.7/site-packages/airflow/example_dags/example_sensors.py
[2023-07-12T06:48:40.198+0000] {logging_mixin.py:150} INFO - [2023-07-12T06:48:40.198+0000] {dag.py:2742} INFO - Sync 1 DAGs
[2023-07-12T06:48:40.235+0000] {logging_mixin.py:150} INFO - [2023-07-12T06:48:40.235+0000] {dag.py:3508} INFO - Setting next_dagrun for example_sensors to None, run_after=None
[2023-07-12T06:48:40.267+0000] {processor.py:179} INFO - Processing /home/airflow/.local/lib/python3.7/site-packages/airflow/example_dags/example_sensors.py took 0.171 seconds
[2023-07-12T06:49:10.344+0000] {processor.py:157} INFO - Started process (PID=9729) to work on /home/airflow/.local/lib/python3.7/site-packages/airflow/example_dags/example_sensors.py
[2023-07-12T06:49:10.346+0000] {processor.py:826} INFO - Processing file /home/airflow/.local/lib/python3.7/site-packages/airflow/example_dags/example_sensors.py for tasks to queue
[2023-07-12T06:49:10.349+0000] {logging_mixin.py:150} INFO - [2023-07-12T06:49:10.348+0000] {dagbag.py:541} INFO - Filling up the DagBag from /home/airflow/.local/lib/python3.7/site-packages/airflow/example_dags/example_sensors.py
[2023-07-12T06:49:10.363+0000] {processor.py:836} INFO - DAG(s) dict_keys(['example_sensors']) retrieved from /home/airflow/.local/lib/python3.7/site-packages/airflow/example_dags/example_sensors.py
[2023-07-12T06:49:10.407+0000] {logging_mixin.py:150} INFO - [2023-07-12T06:49:10.407+0000] {dag.py:2742} INFO - Sync 1 DAGs
[2023-07-12T06:49:10.442+0000] {logging_mixin.py:150} INFO - [2023-07-12T06:49:10.442+0000] {dag.py:3508} INFO - Setting next_dagrun for example_sensors to None, run_after=None
[2023-07-12T06:49:10.477+0000] {processor.py:179} INFO - Processing /home/airflow/.local/lib/python3.7/site-packages/airflow/example_dags/example_sensors.py took 0.139 seconds
[2023-07-12T06:49:40.614+0000] {processor.py:157} INFO - Started process (PID=9965) to work on /home/airflow/.local/lib/python3.7/site-packages/airflow/example_dags/example_sensors.py
[2023-07-12T06:49:40.617+0000] {processor.py:826} INFO - Processing file /home/airflow/.local/lib/python3.7/site-packages/airflow/example_dags/example_sensors.py for tasks to queue
[2023-07-12T06:49:40.621+0000] {logging_mixin.py:150} INFO - [2023-07-12T06:49:40.620+0000] {dagbag.py:541} INFO - Filling up the DagBag from /home/airflow/.local/lib/python3.7/site-packages/airflow/example_dags/example_sensors.py
[2023-07-12T06:49:40.639+0000] {processor.py:836} INFO - DAG(s) dict_keys(['example_sensors']) retrieved from /home/airflow/.local/lib/python3.7/site-packages/airflow/example_dags/example_sensors.py
[2023-07-12T06:49:40.687+0000] {logging_mixin.py:150} INFO - [2023-07-12T06:49:40.687+0000] {dag.py:2742} INFO - Sync 1 DAGs
[2023-07-12T06:49:40.722+0000] {logging_mixin.py:150} INFO - [2023-07-12T06:49:40.722+0000] {dag.py:3508} INFO - Setting next_dagrun for example_sensors to None, run_after=None
[2023-07-12T06:49:40.754+0000] {processor.py:179} INFO - Processing /home/airflow/.local/lib/python3.7/site-packages/airflow/example_dags/example_sensors.py took 0.146 seconds
[2023-07-12T06:50:11.391+0000] {processor.py:157} INFO - Started process (PID=10211) to work on /home/airflow/.local/lib/python3.7/site-packages/airflow/example_dags/example_sensors.py
[2023-07-12T06:50:11.396+0000] {processor.py:826} INFO - Processing file /home/airflow/.local/lib/python3.7/site-packages/airflow/example_dags/example_sensors.py for tasks to queue
[2023-07-12T06:50:11.400+0000] {logging_mixin.py:150} INFO - [2023-07-12T06:50:11.400+0000] {dagbag.py:541} INFO - Filling up the DagBag from /home/airflow/.local/lib/python3.7/site-packages/airflow/example_dags/example_sensors.py
[2023-07-12T06:50:11.428+0000] {processor.py:836} INFO - DAG(s) dict_keys(['example_sensors']) retrieved from /home/airflow/.local/lib/python3.7/site-packages/airflow/example_dags/example_sensors.py
[2023-07-12T06:50:11.484+0000] {logging_mixin.py:150} INFO - [2023-07-12T06:50:11.484+0000] {dag.py:2742} INFO - Sync 1 DAGs
[2023-07-12T06:50:11.520+0000] {logging_mixin.py:150} INFO - [2023-07-12T06:50:11.519+0000] {dag.py:3508} INFO - Setting next_dagrun for example_sensors to None, run_after=None
[2023-07-12T06:50:11.551+0000] {processor.py:179} INFO - Processing /home/airflow/.local/lib/python3.7/site-packages/airflow/example_dags/example_sensors.py took 0.169 seconds
[2023-07-12T06:50:41.752+0000] {processor.py:157} INFO - Started process (PID=10452) to work on /home/airflow/.local/lib/python3.7/site-packages/airflow/example_dags/example_sensors.py
[2023-07-12T06:50:41.756+0000] {processor.py:826} INFO - Processing file /home/airflow/.local/lib/python3.7/site-packages/airflow/example_dags/example_sensors.py for tasks to queue
[2023-07-12T06:50:41.760+0000] {logging_mixin.py:150} INFO - [2023-07-12T06:50:41.759+0000] {dagbag.py:541} INFO - Filling up the DagBag from /home/airflow/.local/lib/python3.7/site-packages/airflow/example_dags/example_sensors.py
[2023-07-12T06:50:41.784+0000] {processor.py:836} INFO - DAG(s) dict_keys(['example_sensors']) retrieved from /home/airflow/.local/lib/python3.7/site-packages/airflow/example_dags/example_sensors.py
[2023-07-12T06:50:41.838+0000] {logging_mixin.py:150} INFO - [2023-07-12T06:50:41.838+0000] {dag.py:2742} INFO - Sync 1 DAGs
[2023-07-12T06:50:41.879+0000] {logging_mixin.py:150} INFO - [2023-07-12T06:50:41.878+0000] {dag.py:3508} INFO - Setting next_dagrun for example_sensors to None, run_after=None
[2023-07-12T06:50:41.912+0000] {processor.py:179} INFO - Processing /home/airflow/.local/lib/python3.7/site-packages/airflow/example_dags/example_sensors.py took 0.167 seconds
