[2023-07-12T06:29:18.566+0000] {processor.py:157} INFO - Started process (PID=259) to work on /home/airflow/.local/lib/python3.7/site-packages/airflow/example_dags/example_params_ui_tutorial.py
[2023-07-12T06:29:18.571+0000] {processor.py:826} INFO - Processing file /home/airflow/.local/lib/python3.7/site-packages/airflow/example_dags/example_params_ui_tutorial.py for tasks to queue
[2023-07-12T06:29:18.580+0000] {logging_mixin.py:150} INFO - [2023-07-12T06:29:18.579+0000] {dagbag.py:541} INFO - Filling up the DagBag from /home/airflow/.local/lib/python3.7/site-packages/airflow/example_dags/example_params_ui_tutorial.py
[2023-07-12T06:29:18.778+0000] {processor.py:836} INFO - DAG(s) dict_keys(['example_params_ui_tutorial']) retrieved from /home/airflow/.local/lib/python3.7/site-packages/airflow/example_dags/example_params_ui_tutorial.py
[2023-07-12T06:29:18.948+0000] {logging_mixin.py:150} INFO - [2023-07-12T06:29:18.948+0000] {dag.py:2742} INFO - Sync 1 DAGs
[2023-07-12T06:29:18.999+0000] {logging_mixin.py:150} INFO - [2023-07-12T06:29:18.999+0000] {dag.py:3508} INFO - Setting next_dagrun for example_params_ui_tutorial to None, run_after=None
[2023-07-12T06:29:19.038+0000] {processor.py:179} INFO - Processing /home/airflow/.local/lib/python3.7/site-packages/airflow/example_dags/example_params_ui_tutorial.py took 0.484 seconds
[2023-07-12T06:29:49.204+0000] {processor.py:157} INFO - Started process (PID=494) to work on /home/airflow/.local/lib/python3.7/site-packages/airflow/example_dags/example_params_ui_tutorial.py
[2023-07-12T06:29:49.206+0000] {processor.py:826} INFO - Processing file /home/airflow/.local/lib/python3.7/site-packages/airflow/example_dags/example_params_ui_tutorial.py for tasks to queue
[2023-07-12T06:29:49.208+0000] {logging_mixin.py:150} INFO - [2023-07-12T06:29:49.208+0000] {dagbag.py:541} INFO - Filling up the DagBag from /home/airflow/.local/lib/python3.7/site-packages/airflow/example_dags/example_params_ui_tutorial.py
[2023-07-12T06:29:49.267+0000] {processor.py:836} INFO - DAG(s) dict_keys(['example_params_ui_tutorial']) retrieved from /home/airflow/.local/lib/python3.7/site-packages/airflow/example_dags/example_params_ui_tutorial.py
[2023-07-12T06:29:49.379+0000] {logging_mixin.py:150} INFO - [2023-07-12T06:29:49.379+0000] {dag.py:2742} INFO - Sync 1 DAGs
[2023-07-12T06:29:49.418+0000] {logging_mixin.py:150} INFO - [2023-07-12T06:29:49.417+0000] {dag.py:3508} INFO - Setting next_dagrun for example_params_ui_tutorial to None, run_after=None
[2023-07-12T06:29:49.447+0000] {processor.py:179} INFO - Processing /home/airflow/.local/lib/python3.7/site-packages/airflow/example_dags/example_params_ui_tutorial.py took 0.249 seconds
[2023-07-12T06:30:19.639+0000] {processor.py:157} INFO - Started process (PID=735) to work on /home/airflow/.local/lib/python3.7/site-packages/airflow/example_dags/example_params_ui_tutorial.py
[2023-07-12T06:30:19.642+0000] {processor.py:826} INFO - Processing file /home/airflow/.local/lib/python3.7/site-packages/airflow/example_dags/example_params_ui_tutorial.py for tasks to queue
[2023-07-12T06:30:19.644+0000] {logging_mixin.py:150} INFO - [2023-07-12T06:30:19.644+0000] {dagbag.py:541} INFO - Filling up the DagBag from /home/airflow/.local/lib/python3.7/site-packages/airflow/example_dags/example_params_ui_tutorial.py
[2023-07-12T06:30:19.712+0000] {processor.py:836} INFO - DAG(s) dict_keys(['example_params_ui_tutorial']) retrieved from /home/airflow/.local/lib/python3.7/site-packages/airflow/example_dags/example_params_ui_tutorial.py
[2023-07-12T06:30:19.832+0000] {logging_mixin.py:150} INFO - [2023-07-12T06:30:19.832+0000] {dag.py:2742} INFO - Sync 1 DAGs
[2023-07-12T06:30:19.875+0000] {logging_mixin.py:150} INFO - [2023-07-12T06:30:19.875+0000] {dag.py:3508} INFO - Setting next_dagrun for example_params_ui_tutorial to None, run_after=None
[2023-07-12T06:30:19.926+0000] {processor.py:179} INFO - Processing /home/airflow/.local/lib/python3.7/site-packages/airflow/example_dags/example_params_ui_tutorial.py took 0.295 seconds
[2023-07-12T06:30:50.123+0000] {processor.py:157} INFO - Started process (PID=978) to work on /home/airflow/.local/lib/python3.7/site-packages/airflow/example_dags/example_params_ui_tutorial.py
[2023-07-12T06:30:50.127+0000] {processor.py:826} INFO - Processing file /home/airflow/.local/lib/python3.7/site-packages/airflow/example_dags/example_params_ui_tutorial.py for tasks to queue
[2023-07-12T06:30:50.131+0000] {logging_mixin.py:150} INFO - [2023-07-12T06:30:50.130+0000] {dagbag.py:541} INFO - Filling up the DagBag from /home/airflow/.local/lib/python3.7/site-packages/airflow/example_dags/example_params_ui_tutorial.py
[2023-07-12T06:30:50.182+0000] {processor.py:836} INFO - DAG(s) dict_keys(['example_params_ui_tutorial']) retrieved from /home/airflow/.local/lib/python3.7/site-packages/airflow/example_dags/example_params_ui_tutorial.py
[2023-07-12T06:30:50.261+0000] {logging_mixin.py:150} INFO - [2023-07-12T06:30:50.261+0000] {dag.py:2742} INFO - Sync 1 DAGs
[2023-07-12T06:30:50.302+0000] {logging_mixin.py:150} INFO - [2023-07-12T06:30:50.302+0000] {dag.py:3508} INFO - Setting next_dagrun for example_params_ui_tutorial to None, run_after=None
[2023-07-12T06:30:50.335+0000] {processor.py:179} INFO - Processing /home/airflow/.local/lib/python3.7/site-packages/airflow/example_dags/example_params_ui_tutorial.py took 0.218 seconds
[2023-07-12T06:31:21.059+0000] {processor.py:157} INFO - Started process (PID=1261) to work on /home/airflow/.local/lib/python3.7/site-packages/airflow/example_dags/example_params_ui_tutorial.py
[2023-07-12T06:31:21.062+0000] {processor.py:826} INFO - Processing file /home/airflow/.local/lib/python3.7/site-packages/airflow/example_dags/example_params_ui_tutorial.py for tasks to queue
[2023-07-12T06:31:21.064+0000] {logging_mixin.py:150} INFO - [2023-07-12T06:31:21.064+0000] {dagbag.py:541} INFO - Filling up the DagBag from /home/airflow/.local/lib/python3.7/site-packages/airflow/example_dags/example_params_ui_tutorial.py
[2023-07-12T06:31:21.122+0000] {processor.py:836} INFO - DAG(s) dict_keys(['example_params_ui_tutorial']) retrieved from /home/airflow/.local/lib/python3.7/site-packages/airflow/example_dags/example_params_ui_tutorial.py
[2023-07-12T06:31:21.202+0000] {logging_mixin.py:150} INFO - [2023-07-12T06:31:21.202+0000] {dag.py:2742} INFO - Sync 1 DAGs
[2023-07-12T06:31:21.235+0000] {logging_mixin.py:150} INFO - [2023-07-12T06:31:21.235+0000] {dag.py:3508} INFO - Setting next_dagrun for example_params_ui_tutorial to None, run_after=None
[2023-07-12T06:31:21.263+0000] {processor.py:179} INFO - Processing /home/airflow/.local/lib/python3.7/site-packages/airflow/example_dags/example_params_ui_tutorial.py took 0.209 seconds
[2023-07-12T06:31:51.593+0000] {processor.py:157} INFO - Started process (PID=1502) to work on /home/airflow/.local/lib/python3.7/site-packages/airflow/example_dags/example_params_ui_tutorial.py
[2023-07-12T06:31:51.596+0000] {processor.py:826} INFO - Processing file /home/airflow/.local/lib/python3.7/site-packages/airflow/example_dags/example_params_ui_tutorial.py for tasks to queue
[2023-07-12T06:31:51.599+0000] {logging_mixin.py:150} INFO - [2023-07-12T06:31:51.598+0000] {dagbag.py:541} INFO - Filling up the DagBag from /home/airflow/.local/lib/python3.7/site-packages/airflow/example_dags/example_params_ui_tutorial.py
[2023-07-12T06:31:51.670+0000] {processor.py:836} INFO - DAG(s) dict_keys(['example_params_ui_tutorial']) retrieved from /home/airflow/.local/lib/python3.7/site-packages/airflow/example_dags/example_params_ui_tutorial.py
[2023-07-12T06:31:51.810+0000] {logging_mixin.py:150} INFO - [2023-07-12T06:31:51.810+0000] {dag.py:2742} INFO - Sync 1 DAGs
[2023-07-12T06:31:51.855+0000] {logging_mixin.py:150} INFO - [2023-07-12T06:31:51.854+0000] {dag.py:3508} INFO - Setting next_dagrun for example_params_ui_tutorial to None, run_after=None
[2023-07-12T06:31:51.897+0000] {processor.py:179} INFO - Processing /home/airflow/.local/lib/python3.7/site-packages/airflow/example_dags/example_params_ui_tutorial.py took 0.311 seconds
[2023-07-12T06:32:22.088+0000] {processor.py:157} INFO - Started process (PID=1748) to work on /home/airflow/.local/lib/python3.7/site-packages/airflow/example_dags/example_params_ui_tutorial.py
[2023-07-12T06:32:22.093+0000] {processor.py:826} INFO - Processing file /home/airflow/.local/lib/python3.7/site-packages/airflow/example_dags/example_params_ui_tutorial.py for tasks to queue
[2023-07-12T06:32:22.096+0000] {logging_mixin.py:150} INFO - [2023-07-12T06:32:22.095+0000] {dagbag.py:541} INFO - Filling up the DagBag from /home/airflow/.local/lib/python3.7/site-packages/airflow/example_dags/example_params_ui_tutorial.py
[2023-07-12T06:32:22.155+0000] {processor.py:836} INFO - DAG(s) dict_keys(['example_params_ui_tutorial']) retrieved from /home/airflow/.local/lib/python3.7/site-packages/airflow/example_dags/example_params_ui_tutorial.py
[2023-07-12T06:32:22.235+0000] {logging_mixin.py:150} INFO - [2023-07-12T06:32:22.235+0000] {dag.py:2742} INFO - Sync 1 DAGs
[2023-07-12T06:32:22.272+0000] {logging_mixin.py:150} INFO - [2023-07-12T06:32:22.272+0000] {dag.py:3508} INFO - Setting next_dagrun for example_params_ui_tutorial to None, run_after=None
[2023-07-12T06:32:22.302+0000] {processor.py:179} INFO - Processing /home/airflow/.local/lib/python3.7/site-packages/airflow/example_dags/example_params_ui_tutorial.py took 0.221 seconds
[2023-07-12T06:32:52.817+0000] {processor.py:157} INFO - Started process (PID=1989) to work on /home/airflow/.local/lib/python3.7/site-packages/airflow/example_dags/example_params_ui_tutorial.py
[2023-07-12T06:32:52.820+0000] {processor.py:826} INFO - Processing file /home/airflow/.local/lib/python3.7/site-packages/airflow/example_dags/example_params_ui_tutorial.py for tasks to queue
[2023-07-12T06:32:52.823+0000] {logging_mixin.py:150} INFO - [2023-07-12T06:32:52.823+0000] {dagbag.py:541} INFO - Filling up the DagBag from /home/airflow/.local/lib/python3.7/site-packages/airflow/example_dags/example_params_ui_tutorial.py
[2023-07-12T06:32:52.879+0000] {processor.py:836} INFO - DAG(s) dict_keys(['example_params_ui_tutorial']) retrieved from /home/airflow/.local/lib/python3.7/site-packages/airflow/example_dags/example_params_ui_tutorial.py
[2023-07-12T06:32:52.963+0000] {logging_mixin.py:150} INFO - [2023-07-12T06:32:52.963+0000] {dag.py:2742} INFO - Sync 1 DAGs
[2023-07-12T06:32:52.996+0000] {logging_mixin.py:150} INFO - [2023-07-12T06:32:52.996+0000] {dag.py:3508} INFO - Setting next_dagrun for example_params_ui_tutorial to None, run_after=None
[2023-07-12T06:32:53.026+0000] {processor.py:179} INFO - Processing /home/airflow/.local/lib/python3.7/site-packages/airflow/example_dags/example_params_ui_tutorial.py took 0.215 seconds
[2023-07-12T06:33:23.269+0000] {processor.py:157} INFO - Started process (PID=2230) to work on /home/airflow/.local/lib/python3.7/site-packages/airflow/example_dags/example_params_ui_tutorial.py
[2023-07-12T06:33:23.271+0000] {processor.py:826} INFO - Processing file /home/airflow/.local/lib/python3.7/site-packages/airflow/example_dags/example_params_ui_tutorial.py for tasks to queue
[2023-07-12T06:33:23.273+0000] {logging_mixin.py:150} INFO - [2023-07-12T06:33:23.273+0000] {dagbag.py:541} INFO - Filling up the DagBag from /home/airflow/.local/lib/python3.7/site-packages/airflow/example_dags/example_params_ui_tutorial.py
[2023-07-12T06:33:23.327+0000] {processor.py:836} INFO - DAG(s) dict_keys(['example_params_ui_tutorial']) retrieved from /home/airflow/.local/lib/python3.7/site-packages/airflow/example_dags/example_params_ui_tutorial.py
[2023-07-12T06:33:23.405+0000] {logging_mixin.py:150} INFO - [2023-07-12T06:33:23.405+0000] {dag.py:2742} INFO - Sync 1 DAGs
[2023-07-12T06:33:23.438+0000] {logging_mixin.py:150} INFO - [2023-07-12T06:33:23.438+0000] {dag.py:3508} INFO - Setting next_dagrun for example_params_ui_tutorial to None, run_after=None
[2023-07-12T06:33:23.469+0000] {processor.py:179} INFO - Processing /home/airflow/.local/lib/python3.7/site-packages/airflow/example_dags/example_params_ui_tutorial.py took 0.205 seconds
[2023-07-12T06:33:53.691+0000] {processor.py:157} INFO - Started process (PID=2471) to work on /home/airflow/.local/lib/python3.7/site-packages/airflow/example_dags/example_params_ui_tutorial.py
[2023-07-12T06:33:53.696+0000] {processor.py:826} INFO - Processing file /home/airflow/.local/lib/python3.7/site-packages/airflow/example_dags/example_params_ui_tutorial.py for tasks to queue
[2023-07-12T06:33:53.700+0000] {logging_mixin.py:150} INFO - [2023-07-12T06:33:53.699+0000] {dagbag.py:541} INFO - Filling up the DagBag from /home/airflow/.local/lib/python3.7/site-packages/airflow/example_dags/example_params_ui_tutorial.py
[2023-07-12T06:33:53.756+0000] {processor.py:836} INFO - DAG(s) dict_keys(['example_params_ui_tutorial']) retrieved from /home/airflow/.local/lib/python3.7/site-packages/airflow/example_dags/example_params_ui_tutorial.py
[2023-07-12T06:33:53.837+0000] {logging_mixin.py:150} INFO - [2023-07-12T06:33:53.837+0000] {dag.py:2742} INFO - Sync 1 DAGs
[2023-07-12T06:33:53.871+0000] {logging_mixin.py:150} INFO - [2023-07-12T06:33:53.871+0000] {dag.py:3508} INFO - Setting next_dagrun for example_params_ui_tutorial to None, run_after=None
[2023-07-12T06:33:53.900+0000] {processor.py:179} INFO - Processing /home/airflow/.local/lib/python3.7/site-packages/airflow/example_dags/example_params_ui_tutorial.py took 0.215 seconds
[2023-07-12T06:34:23.952+0000] {processor.py:157} INFO - Started process (PID=2705) to work on /home/airflow/.local/lib/python3.7/site-packages/airflow/example_dags/example_params_ui_tutorial.py
[2023-07-12T06:34:23.956+0000] {processor.py:826} INFO - Processing file /home/airflow/.local/lib/python3.7/site-packages/airflow/example_dags/example_params_ui_tutorial.py for tasks to queue
[2023-07-12T06:34:23.960+0000] {logging_mixin.py:150} INFO - [2023-07-12T06:34:23.959+0000] {dagbag.py:541} INFO - Filling up the DagBag from /home/airflow/.local/lib/python3.7/site-packages/airflow/example_dags/example_params_ui_tutorial.py
[2023-07-12T06:34:24.015+0000] {processor.py:836} INFO - DAG(s) dict_keys(['example_params_ui_tutorial']) retrieved from /home/airflow/.local/lib/python3.7/site-packages/airflow/example_dags/example_params_ui_tutorial.py
[2023-07-12T06:34:24.096+0000] {logging_mixin.py:150} INFO - [2023-07-12T06:34:24.096+0000] {dag.py:2742} INFO - Sync 1 DAGs
[2023-07-12T06:34:24.133+0000] {logging_mixin.py:150} INFO - [2023-07-12T06:34:24.132+0000] {dag.py:3508} INFO - Setting next_dagrun for example_params_ui_tutorial to None, run_after=None
[2023-07-12T06:34:24.164+0000] {processor.py:179} INFO - Processing /home/airflow/.local/lib/python3.7/site-packages/airflow/example_dags/example_params_ui_tutorial.py took 0.218 seconds
[2023-07-12T06:34:54.830+0000] {processor.py:157} INFO - Started process (PID=2946) to work on /home/airflow/.local/lib/python3.7/site-packages/airflow/example_dags/example_params_ui_tutorial.py
[2023-07-12T06:34:54.832+0000] {processor.py:826} INFO - Processing file /home/airflow/.local/lib/python3.7/site-packages/airflow/example_dags/example_params_ui_tutorial.py for tasks to queue
[2023-07-12T06:34:54.835+0000] {logging_mixin.py:150} INFO - [2023-07-12T06:34:54.835+0000] {dagbag.py:541} INFO - Filling up the DagBag from /home/airflow/.local/lib/python3.7/site-packages/airflow/example_dags/example_params_ui_tutorial.py
[2023-07-12T06:34:54.915+0000] {processor.py:836} INFO - DAG(s) dict_keys(['example_params_ui_tutorial']) retrieved from /home/airflow/.local/lib/python3.7/site-packages/airflow/example_dags/example_params_ui_tutorial.py
[2023-07-12T06:34:55.019+0000] {logging_mixin.py:150} INFO - [2023-07-12T06:34:55.019+0000] {dag.py:2742} INFO - Sync 1 DAGs
[2023-07-12T06:34:55.057+0000] {logging_mixin.py:150} INFO - [2023-07-12T06:34:55.056+0000] {dag.py:3508} INFO - Setting next_dagrun for example_params_ui_tutorial to None, run_after=None
[2023-07-12T06:34:55.091+0000] {processor.py:179} INFO - Processing /home/airflow/.local/lib/python3.7/site-packages/airflow/example_dags/example_params_ui_tutorial.py took 0.269 seconds
[2023-07-12T06:35:25.170+0000] {processor.py:157} INFO - Started process (PID=3192) to work on /home/airflow/.local/lib/python3.7/site-packages/airflow/example_dags/example_params_ui_tutorial.py
[2023-07-12T06:35:25.175+0000] {processor.py:826} INFO - Processing file /home/airflow/.local/lib/python3.7/site-packages/airflow/example_dags/example_params_ui_tutorial.py for tasks to queue
[2023-07-12T06:35:25.177+0000] {logging_mixin.py:150} INFO - [2023-07-12T06:35:25.177+0000] {dagbag.py:541} INFO - Filling up the DagBag from /home/airflow/.local/lib/python3.7/site-packages/airflow/example_dags/example_params_ui_tutorial.py
[2023-07-12T06:35:25.239+0000] {processor.py:836} INFO - DAG(s) dict_keys(['example_params_ui_tutorial']) retrieved from /home/airflow/.local/lib/python3.7/site-packages/airflow/example_dags/example_params_ui_tutorial.py
[2023-07-12T06:35:25.333+0000] {logging_mixin.py:150} INFO - [2023-07-12T06:35:25.333+0000] {dag.py:2742} INFO - Sync 1 DAGs
[2023-07-12T06:35:25.374+0000] {logging_mixin.py:150} INFO - [2023-07-12T06:35:25.374+0000] {dag.py:3508} INFO - Setting next_dagrun for example_params_ui_tutorial to None, run_after=None
[2023-07-12T06:35:25.412+0000] {processor.py:179} INFO - Processing /home/airflow/.local/lib/python3.7/site-packages/airflow/example_dags/example_params_ui_tutorial.py took 0.247 seconds
[2023-07-12T06:35:55.524+0000] {processor.py:157} INFO - Started process (PID=3435) to work on /home/airflow/.local/lib/python3.7/site-packages/airflow/example_dags/example_params_ui_tutorial.py
[2023-07-12T06:35:55.528+0000] {processor.py:826} INFO - Processing file /home/airflow/.local/lib/python3.7/site-packages/airflow/example_dags/example_params_ui_tutorial.py for tasks to queue
[2023-07-12T06:35:55.531+0000] {logging_mixin.py:150} INFO - [2023-07-12T06:35:55.530+0000] {dagbag.py:541} INFO - Filling up the DagBag from /home/airflow/.local/lib/python3.7/site-packages/airflow/example_dags/example_params_ui_tutorial.py
[2023-07-12T06:35:55.587+0000] {processor.py:836} INFO - DAG(s) dict_keys(['example_params_ui_tutorial']) retrieved from /home/airflow/.local/lib/python3.7/site-packages/airflow/example_dags/example_params_ui_tutorial.py
[2023-07-12T06:35:55.667+0000] {logging_mixin.py:150} INFO - [2023-07-12T06:35:55.667+0000] {dag.py:2742} INFO - Sync 1 DAGs
[2023-07-12T06:35:55.702+0000] {logging_mixin.py:150} INFO - [2023-07-12T06:35:55.702+0000] {dag.py:3508} INFO - Setting next_dagrun for example_params_ui_tutorial to None, run_after=None
[2023-07-12T06:35:55.732+0000] {processor.py:179} INFO - Processing /home/airflow/.local/lib/python3.7/site-packages/airflow/example_dags/example_params_ui_tutorial.py took 0.214 seconds
[2023-07-12T06:36:26.613+0000] {processor.py:157} INFO - Started process (PID=3676) to work on /home/airflow/.local/lib/python3.7/site-packages/airflow/example_dags/example_params_ui_tutorial.py
[2023-07-12T06:36:26.616+0000] {processor.py:826} INFO - Processing file /home/airflow/.local/lib/python3.7/site-packages/airflow/example_dags/example_params_ui_tutorial.py for tasks to queue
[2023-07-12T06:36:26.618+0000] {logging_mixin.py:150} INFO - [2023-07-12T06:36:26.618+0000] {dagbag.py:541} INFO - Filling up the DagBag from /home/airflow/.local/lib/python3.7/site-packages/airflow/example_dags/example_params_ui_tutorial.py
[2023-07-12T06:36:26.668+0000] {processor.py:836} INFO - DAG(s) dict_keys(['example_params_ui_tutorial']) retrieved from /home/airflow/.local/lib/python3.7/site-packages/airflow/example_dags/example_params_ui_tutorial.py
[2023-07-12T06:36:26.750+0000] {logging_mixin.py:150} INFO - [2023-07-12T06:36:26.749+0000] {dag.py:2742} INFO - Sync 1 DAGs
[2023-07-12T06:36:26.785+0000] {logging_mixin.py:150} INFO - [2023-07-12T06:36:26.785+0000] {dag.py:3508} INFO - Setting next_dagrun for example_params_ui_tutorial to None, run_after=None
[2023-07-12T06:36:26.816+0000] {processor.py:179} INFO - Processing /home/airflow/.local/lib/python3.7/site-packages/airflow/example_dags/example_params_ui_tutorial.py took 0.208 seconds
[2023-07-12T06:36:57.282+0000] {processor.py:157} INFO - Started process (PID=3917) to work on /home/airflow/.local/lib/python3.7/site-packages/airflow/example_dags/example_params_ui_tutorial.py
[2023-07-12T06:36:57.284+0000] {processor.py:826} INFO - Processing file /home/airflow/.local/lib/python3.7/site-packages/airflow/example_dags/example_params_ui_tutorial.py for tasks to queue
[2023-07-12T06:36:57.288+0000] {logging_mixin.py:150} INFO - [2023-07-12T06:36:57.288+0000] {dagbag.py:541} INFO - Filling up the DagBag from /home/airflow/.local/lib/python3.7/site-packages/airflow/example_dags/example_params_ui_tutorial.py
[2023-07-12T06:36:57.343+0000] {processor.py:836} INFO - DAG(s) dict_keys(['example_params_ui_tutorial']) retrieved from /home/airflow/.local/lib/python3.7/site-packages/airflow/example_dags/example_params_ui_tutorial.py
[2023-07-12T06:36:57.426+0000] {logging_mixin.py:150} INFO - [2023-07-12T06:36:57.426+0000] {dag.py:2742} INFO - Sync 1 DAGs
[2023-07-12T06:36:57.468+0000] {logging_mixin.py:150} INFO - [2023-07-12T06:36:57.468+0000] {dag.py:3508} INFO - Setting next_dagrun for example_params_ui_tutorial to None, run_after=None
[2023-07-12T06:36:57.511+0000] {processor.py:179} INFO - Processing /home/airflow/.local/lib/python3.7/site-packages/airflow/example_dags/example_params_ui_tutorial.py took 0.235 seconds
[2023-07-12T06:37:27.843+0000] {processor.py:157} INFO - Started process (PID=4158) to work on /home/airflow/.local/lib/python3.7/site-packages/airflow/example_dags/example_params_ui_tutorial.py
[2023-07-12T06:37:27.845+0000] {processor.py:826} INFO - Processing file /home/airflow/.local/lib/python3.7/site-packages/airflow/example_dags/example_params_ui_tutorial.py for tasks to queue
[2023-07-12T06:37:27.847+0000] {logging_mixin.py:150} INFO - [2023-07-12T06:37:27.847+0000] {dagbag.py:541} INFO - Filling up the DagBag from /home/airflow/.local/lib/python3.7/site-packages/airflow/example_dags/example_params_ui_tutorial.py
[2023-07-12T06:37:27.898+0000] {processor.py:836} INFO - DAG(s) dict_keys(['example_params_ui_tutorial']) retrieved from /home/airflow/.local/lib/python3.7/site-packages/airflow/example_dags/example_params_ui_tutorial.py
[2023-07-12T06:37:27.986+0000] {logging_mixin.py:150} INFO - [2023-07-12T06:37:27.986+0000] {dag.py:2742} INFO - Sync 1 DAGs
[2023-07-12T06:37:28.031+0000] {logging_mixin.py:150} INFO - [2023-07-12T06:37:28.030+0000] {dag.py:3508} INFO - Setting next_dagrun for example_params_ui_tutorial to None, run_after=None
[2023-07-12T06:37:28.069+0000] {processor.py:179} INFO - Processing /home/airflow/.local/lib/python3.7/site-packages/airflow/example_dags/example_params_ui_tutorial.py took 0.232 seconds
[2023-07-12T06:37:58.259+0000] {processor.py:157} INFO - Started process (PID=4398) to work on /home/airflow/.local/lib/python3.7/site-packages/airflow/example_dags/example_params_ui_tutorial.py
[2023-07-12T06:37:58.262+0000] {processor.py:826} INFO - Processing file /home/airflow/.local/lib/python3.7/site-packages/airflow/example_dags/example_params_ui_tutorial.py for tasks to queue
[2023-07-12T06:37:58.264+0000] {logging_mixin.py:150} INFO - [2023-07-12T06:37:58.264+0000] {dagbag.py:541} INFO - Filling up the DagBag from /home/airflow/.local/lib/python3.7/site-packages/airflow/example_dags/example_params_ui_tutorial.py
[2023-07-12T06:37:58.315+0000] {processor.py:836} INFO - DAG(s) dict_keys(['example_params_ui_tutorial']) retrieved from /home/airflow/.local/lib/python3.7/site-packages/airflow/example_dags/example_params_ui_tutorial.py
[2023-07-12T06:37:58.399+0000] {logging_mixin.py:150} INFO - [2023-07-12T06:37:58.399+0000] {dag.py:2742} INFO - Sync 1 DAGs
[2023-07-12T06:37:58.445+0000] {logging_mixin.py:150} INFO - [2023-07-12T06:37:58.444+0000] {dag.py:3508} INFO - Setting next_dagrun for example_params_ui_tutorial to None, run_after=None
[2023-07-12T06:37:58.485+0000] {processor.py:179} INFO - Processing /home/airflow/.local/lib/python3.7/site-packages/airflow/example_dags/example_params_ui_tutorial.py took 0.233 seconds
[2023-07-12T06:38:28.660+0000] {processor.py:157} INFO - Started process (PID=4639) to work on /home/airflow/.local/lib/python3.7/site-packages/airflow/example_dags/example_params_ui_tutorial.py
[2023-07-12T06:38:28.663+0000] {processor.py:826} INFO - Processing file /home/airflow/.local/lib/python3.7/site-packages/airflow/example_dags/example_params_ui_tutorial.py for tasks to queue
[2023-07-12T06:38:28.666+0000] {logging_mixin.py:150} INFO - [2023-07-12T06:38:28.665+0000] {dagbag.py:541} INFO - Filling up the DagBag from /home/airflow/.local/lib/python3.7/site-packages/airflow/example_dags/example_params_ui_tutorial.py
[2023-07-12T06:38:28.720+0000] {processor.py:836} INFO - DAG(s) dict_keys(['example_params_ui_tutorial']) retrieved from /home/airflow/.local/lib/python3.7/site-packages/airflow/example_dags/example_params_ui_tutorial.py
[2023-07-12T06:38:28.802+0000] {logging_mixin.py:150} INFO - [2023-07-12T06:38:28.802+0000] {dag.py:2742} INFO - Sync 1 DAGs
[2023-07-12T06:38:28.852+0000] {logging_mixin.py:150} INFO - [2023-07-12T06:38:28.851+0000] {dag.py:3508} INFO - Setting next_dagrun for example_params_ui_tutorial to None, run_after=None
[2023-07-12T06:38:28.887+0000] {processor.py:179} INFO - Processing /home/airflow/.local/lib/python3.7/site-packages/airflow/example_dags/example_params_ui_tutorial.py took 0.233 seconds
[2023-07-12T06:38:59.282+0000] {processor.py:157} INFO - Started process (PID=4880) to work on /home/airflow/.local/lib/python3.7/site-packages/airflow/example_dags/example_params_ui_tutorial.py
[2023-07-12T06:38:59.285+0000] {processor.py:826} INFO - Processing file /home/airflow/.local/lib/python3.7/site-packages/airflow/example_dags/example_params_ui_tutorial.py for tasks to queue
[2023-07-12T06:38:59.287+0000] {logging_mixin.py:150} INFO - [2023-07-12T06:38:59.286+0000] {dagbag.py:541} INFO - Filling up the DagBag from /home/airflow/.local/lib/python3.7/site-packages/airflow/example_dags/example_params_ui_tutorial.py
[2023-07-12T06:38:59.344+0000] {processor.py:836} INFO - DAG(s) dict_keys(['example_params_ui_tutorial']) retrieved from /home/airflow/.local/lib/python3.7/site-packages/airflow/example_dags/example_params_ui_tutorial.py
[2023-07-12T06:38:59.426+0000] {logging_mixin.py:150} INFO - [2023-07-12T06:38:59.426+0000] {dag.py:2742} INFO - Sync 1 DAGs
[2023-07-12T06:38:59.462+0000] {logging_mixin.py:150} INFO - [2023-07-12T06:38:59.462+0000] {dag.py:3508} INFO - Setting next_dagrun for example_params_ui_tutorial to None, run_after=None
[2023-07-12T06:38:59.493+0000] {processor.py:179} INFO - Processing /home/airflow/.local/lib/python3.7/site-packages/airflow/example_dags/example_params_ui_tutorial.py took 0.216 seconds
[2023-07-12T06:39:29.959+0000] {processor.py:157} INFO - Started process (PID=5121) to work on /home/airflow/.local/lib/python3.7/site-packages/airflow/example_dags/example_params_ui_tutorial.py
[2023-07-12T06:39:29.961+0000] {processor.py:826} INFO - Processing file /home/airflow/.local/lib/python3.7/site-packages/airflow/example_dags/example_params_ui_tutorial.py for tasks to queue
[2023-07-12T06:39:29.963+0000] {logging_mixin.py:150} INFO - [2023-07-12T06:39:29.963+0000] {dagbag.py:541} INFO - Filling up the DagBag from /home/airflow/.local/lib/python3.7/site-packages/airflow/example_dags/example_params_ui_tutorial.py
[2023-07-12T06:39:30.024+0000] {processor.py:836} INFO - DAG(s) dict_keys(['example_params_ui_tutorial']) retrieved from /home/airflow/.local/lib/python3.7/site-packages/airflow/example_dags/example_params_ui_tutorial.py
[2023-07-12T06:39:30.111+0000] {logging_mixin.py:150} INFO - [2023-07-12T06:39:30.111+0000] {dag.py:2742} INFO - Sync 1 DAGs
[2023-07-12T06:39:30.160+0000] {logging_mixin.py:150} INFO - [2023-07-12T06:39:30.159+0000] {dag.py:3508} INFO - Setting next_dagrun for example_params_ui_tutorial to None, run_after=None
[2023-07-12T06:39:30.199+0000] {processor.py:179} INFO - Processing /home/airflow/.local/lib/python3.7/site-packages/airflow/example_dags/example_params_ui_tutorial.py took 0.245 seconds
[2023-07-12T06:40:00.891+0000] {processor.py:157} INFO - Started process (PID=5362) to work on /home/airflow/.local/lib/python3.7/site-packages/airflow/example_dags/example_params_ui_tutorial.py
[2023-07-12T06:40:00.893+0000] {processor.py:826} INFO - Processing file /home/airflow/.local/lib/python3.7/site-packages/airflow/example_dags/example_params_ui_tutorial.py for tasks to queue
[2023-07-12T06:40:00.896+0000] {logging_mixin.py:150} INFO - [2023-07-12T06:40:00.896+0000] {dagbag.py:541} INFO - Filling up the DagBag from /home/airflow/.local/lib/python3.7/site-packages/airflow/example_dags/example_params_ui_tutorial.py
[2023-07-12T06:40:00.947+0000] {processor.py:836} INFO - DAG(s) dict_keys(['example_params_ui_tutorial']) retrieved from /home/airflow/.local/lib/python3.7/site-packages/airflow/example_dags/example_params_ui_tutorial.py
[2023-07-12T06:40:01.051+0000] {logging_mixin.py:150} INFO - [2023-07-12T06:40:01.051+0000] {dag.py:2742} INFO - Sync 1 DAGs
[2023-07-12T06:40:01.092+0000] {logging_mixin.py:150} INFO - [2023-07-12T06:40:01.092+0000] {dag.py:3508} INFO - Setting next_dagrun for example_params_ui_tutorial to None, run_after=None
[2023-07-12T06:40:01.123+0000] {processor.py:179} INFO - Processing /home/airflow/.local/lib/python3.7/site-packages/airflow/example_dags/example_params_ui_tutorial.py took 0.237 seconds
[2023-07-12T06:40:31.427+0000] {processor.py:157} INFO - Started process (PID=5603) to work on /home/airflow/.local/lib/python3.7/site-packages/airflow/example_dags/example_params_ui_tutorial.py
[2023-07-12T06:40:31.431+0000] {processor.py:826} INFO - Processing file /home/airflow/.local/lib/python3.7/site-packages/airflow/example_dags/example_params_ui_tutorial.py for tasks to queue
[2023-07-12T06:40:31.433+0000] {logging_mixin.py:150} INFO - [2023-07-12T06:40:31.432+0000] {dagbag.py:541} INFO - Filling up the DagBag from /home/airflow/.local/lib/python3.7/site-packages/airflow/example_dags/example_params_ui_tutorial.py
[2023-07-12T06:40:31.481+0000] {processor.py:836} INFO - DAG(s) dict_keys(['example_params_ui_tutorial']) retrieved from /home/airflow/.local/lib/python3.7/site-packages/airflow/example_dags/example_params_ui_tutorial.py
[2023-07-12T06:40:31.554+0000] {logging_mixin.py:150} INFO - [2023-07-12T06:40:31.553+0000] {dag.py:2742} INFO - Sync 1 DAGs
[2023-07-12T06:40:31.598+0000] {logging_mixin.py:150} INFO - [2023-07-12T06:40:31.598+0000] {dag.py:3508} INFO - Setting next_dagrun for example_params_ui_tutorial to None, run_after=None
[2023-07-12T06:40:31.635+0000] {processor.py:179} INFO - Processing /home/airflow/.local/lib/python3.7/site-packages/airflow/example_dags/example_params_ui_tutorial.py took 0.214 seconds
[2023-07-12T06:41:01.802+0000] {processor.py:157} INFO - Started process (PID=5844) to work on /home/airflow/.local/lib/python3.7/site-packages/airflow/example_dags/example_params_ui_tutorial.py
[2023-07-12T06:41:01.804+0000] {processor.py:826} INFO - Processing file /home/airflow/.local/lib/python3.7/site-packages/airflow/example_dags/example_params_ui_tutorial.py for tasks to queue
[2023-07-12T06:41:01.807+0000] {logging_mixin.py:150} INFO - [2023-07-12T06:41:01.806+0000] {dagbag.py:541} INFO - Filling up the DagBag from /home/airflow/.local/lib/python3.7/site-packages/airflow/example_dags/example_params_ui_tutorial.py
[2023-07-12T06:41:01.855+0000] {processor.py:836} INFO - DAG(s) dict_keys(['example_params_ui_tutorial']) retrieved from /home/airflow/.local/lib/python3.7/site-packages/airflow/example_dags/example_params_ui_tutorial.py
[2023-07-12T06:41:01.928+0000] {logging_mixin.py:150} INFO - [2023-07-12T06:41:01.928+0000] {dag.py:2742} INFO - Sync 1 DAGs
[2023-07-12T06:41:01.968+0000] {logging_mixin.py:150} INFO - [2023-07-12T06:41:01.968+0000] {dag.py:3508} INFO - Setting next_dagrun for example_params_ui_tutorial to None, run_after=None
[2023-07-12T06:41:02.002+0000] {processor.py:179} INFO - Processing /home/airflow/.local/lib/python3.7/site-packages/airflow/example_dags/example_params_ui_tutorial.py took 0.206 seconds
[2023-07-12T06:41:32.292+0000] {processor.py:157} INFO - Started process (PID=6085) to work on /home/airflow/.local/lib/python3.7/site-packages/airflow/example_dags/example_params_ui_tutorial.py
[2023-07-12T06:41:32.295+0000] {processor.py:826} INFO - Processing file /home/airflow/.local/lib/python3.7/site-packages/airflow/example_dags/example_params_ui_tutorial.py for tasks to queue
[2023-07-12T06:41:32.298+0000] {logging_mixin.py:150} INFO - [2023-07-12T06:41:32.297+0000] {dagbag.py:541} INFO - Filling up the DagBag from /home/airflow/.local/lib/python3.7/site-packages/airflow/example_dags/example_params_ui_tutorial.py
[2023-07-12T06:41:32.346+0000] {processor.py:836} INFO - DAG(s) dict_keys(['example_params_ui_tutorial']) retrieved from /home/airflow/.local/lib/python3.7/site-packages/airflow/example_dags/example_params_ui_tutorial.py
[2023-07-12T06:41:32.424+0000] {logging_mixin.py:150} INFO - [2023-07-12T06:41:32.424+0000] {dag.py:2742} INFO - Sync 1 DAGs
[2023-07-12T06:41:32.466+0000] {logging_mixin.py:150} INFO - [2023-07-12T06:41:32.465+0000] {dag.py:3508} INFO - Setting next_dagrun for example_params_ui_tutorial to None, run_after=None
[2023-07-12T06:41:32.501+0000] {processor.py:179} INFO - Processing /home/airflow/.local/lib/python3.7/site-packages/airflow/example_dags/example_params_ui_tutorial.py took 0.214 seconds
[2023-07-12T06:42:02.762+0000] {processor.py:157} INFO - Started process (PID=6326) to work on /home/airflow/.local/lib/python3.7/site-packages/airflow/example_dags/example_params_ui_tutorial.py
[2023-07-12T06:42:02.764+0000] {processor.py:826} INFO - Processing file /home/airflow/.local/lib/python3.7/site-packages/airflow/example_dags/example_params_ui_tutorial.py for tasks to queue
[2023-07-12T06:42:02.767+0000] {logging_mixin.py:150} INFO - [2023-07-12T06:42:02.766+0000] {dagbag.py:541} INFO - Filling up the DagBag from /home/airflow/.local/lib/python3.7/site-packages/airflow/example_dags/example_params_ui_tutorial.py
[2023-07-12T06:42:02.817+0000] {processor.py:836} INFO - DAG(s) dict_keys(['example_params_ui_tutorial']) retrieved from /home/airflow/.local/lib/python3.7/site-packages/airflow/example_dags/example_params_ui_tutorial.py
[2023-07-12T06:42:02.907+0000] {logging_mixin.py:150} INFO - [2023-07-12T06:42:02.907+0000] {dag.py:2742} INFO - Sync 1 DAGs
[2023-07-12T06:42:02.951+0000] {logging_mixin.py:150} INFO - [2023-07-12T06:42:02.951+0000] {dag.py:3508} INFO - Setting next_dagrun for example_params_ui_tutorial to None, run_after=None
[2023-07-12T06:42:02.980+0000] {processor.py:179} INFO - Processing /home/airflow/.local/lib/python3.7/site-packages/airflow/example_dags/example_params_ui_tutorial.py took 0.224 seconds
[2023-07-12T06:42:33.421+0000] {processor.py:157} INFO - Started process (PID=6568) to work on /home/airflow/.local/lib/python3.7/site-packages/airflow/example_dags/example_params_ui_tutorial.py
[2023-07-12T06:42:33.423+0000] {processor.py:826} INFO - Processing file /home/airflow/.local/lib/python3.7/site-packages/airflow/example_dags/example_params_ui_tutorial.py for tasks to queue
[2023-07-12T06:42:33.425+0000] {logging_mixin.py:150} INFO - [2023-07-12T06:42:33.425+0000] {dagbag.py:541} INFO - Filling up the DagBag from /home/airflow/.local/lib/python3.7/site-packages/airflow/example_dags/example_params_ui_tutorial.py
[2023-07-12T06:42:33.473+0000] {processor.py:836} INFO - DAG(s) dict_keys(['example_params_ui_tutorial']) retrieved from /home/airflow/.local/lib/python3.7/site-packages/airflow/example_dags/example_params_ui_tutorial.py
[2023-07-12T06:42:33.556+0000] {logging_mixin.py:150} INFO - [2023-07-12T06:42:33.556+0000] {dag.py:2742} INFO - Sync 1 DAGs
[2023-07-12T06:42:33.594+0000] {logging_mixin.py:150} INFO - [2023-07-12T06:42:33.594+0000] {dag.py:3508} INFO - Setting next_dagrun for example_params_ui_tutorial to None, run_after=None
[2023-07-12T06:42:33.631+0000] {processor.py:179} INFO - Processing /home/airflow/.local/lib/python3.7/site-packages/airflow/example_dags/example_params_ui_tutorial.py took 0.215 seconds
[2023-07-12T06:43:03.710+0000] {processor.py:157} INFO - Started process (PID=6812) to work on /home/airflow/.local/lib/python3.7/site-packages/airflow/example_dags/example_params_ui_tutorial.py
[2023-07-12T06:43:03.712+0000] {processor.py:826} INFO - Processing file /home/airflow/.local/lib/python3.7/site-packages/airflow/example_dags/example_params_ui_tutorial.py for tasks to queue
[2023-07-12T06:43:03.714+0000] {logging_mixin.py:150} INFO - [2023-07-12T06:43:03.714+0000] {dagbag.py:541} INFO - Filling up the DagBag from /home/airflow/.local/lib/python3.7/site-packages/airflow/example_dags/example_params_ui_tutorial.py
[2023-07-12T06:43:03.775+0000] {processor.py:836} INFO - DAG(s) dict_keys(['example_params_ui_tutorial']) retrieved from /home/airflow/.local/lib/python3.7/site-packages/airflow/example_dags/example_params_ui_tutorial.py
[2023-07-12T06:43:03.855+0000] {logging_mixin.py:150} INFO - [2023-07-12T06:43:03.855+0000] {dag.py:2742} INFO - Sync 1 DAGs
[2023-07-12T06:43:03.888+0000] {logging_mixin.py:150} INFO - [2023-07-12T06:43:03.888+0000] {dag.py:3508} INFO - Setting next_dagrun for example_params_ui_tutorial to None, run_after=None
[2023-07-12T06:43:03.914+0000] {processor.py:179} INFO - Processing /home/airflow/.local/lib/python3.7/site-packages/airflow/example_dags/example_params_ui_tutorial.py took 0.209 seconds
[2023-07-12T06:43:34.171+0000] {processor.py:157} INFO - Started process (PID=7050) to work on /home/airflow/.local/lib/python3.7/site-packages/airflow/example_dags/example_params_ui_tutorial.py
[2023-07-12T06:43:34.173+0000] {processor.py:826} INFO - Processing file /home/airflow/.local/lib/python3.7/site-packages/airflow/example_dags/example_params_ui_tutorial.py for tasks to queue
[2023-07-12T06:43:34.177+0000] {logging_mixin.py:150} INFO - [2023-07-12T06:43:34.176+0000] {dagbag.py:541} INFO - Filling up the DagBag from /home/airflow/.local/lib/python3.7/site-packages/airflow/example_dags/example_params_ui_tutorial.py
[2023-07-12T06:43:34.228+0000] {processor.py:836} INFO - DAG(s) dict_keys(['example_params_ui_tutorial']) retrieved from /home/airflow/.local/lib/python3.7/site-packages/airflow/example_dags/example_params_ui_tutorial.py
[2023-07-12T06:43:34.303+0000] {logging_mixin.py:150} INFO - [2023-07-12T06:43:34.303+0000] {dag.py:2742} INFO - Sync 1 DAGs
[2023-07-12T06:43:34.341+0000] {logging_mixin.py:150} INFO - [2023-07-12T06:43:34.341+0000] {dag.py:3508} INFO - Setting next_dagrun for example_params_ui_tutorial to None, run_after=None
[2023-07-12T06:43:34.375+0000] {processor.py:179} INFO - Processing /home/airflow/.local/lib/python3.7/site-packages/airflow/example_dags/example_params_ui_tutorial.py took 0.210 seconds
[2023-07-12T06:44:04.534+0000] {processor.py:157} INFO - Started process (PID=7296) to work on /home/airflow/.local/lib/python3.7/site-packages/airflow/example_dags/example_params_ui_tutorial.py
[2023-07-12T06:44:04.536+0000] {processor.py:826} INFO - Processing file /home/airflow/.local/lib/python3.7/site-packages/airflow/example_dags/example_params_ui_tutorial.py for tasks to queue
[2023-07-12T06:44:04.539+0000] {logging_mixin.py:150} INFO - [2023-07-12T06:44:04.539+0000] {dagbag.py:541} INFO - Filling up the DagBag from /home/airflow/.local/lib/python3.7/site-packages/airflow/example_dags/example_params_ui_tutorial.py
[2023-07-12T06:44:04.590+0000] {processor.py:836} INFO - DAG(s) dict_keys(['example_params_ui_tutorial']) retrieved from /home/airflow/.local/lib/python3.7/site-packages/airflow/example_dags/example_params_ui_tutorial.py
[2023-07-12T06:44:04.665+0000] {logging_mixin.py:150} INFO - [2023-07-12T06:44:04.665+0000] {dag.py:2742} INFO - Sync 1 DAGs
[2023-07-12T06:44:04.697+0000] {logging_mixin.py:150} INFO - [2023-07-12T06:44:04.697+0000] {dag.py:3508} INFO - Setting next_dagrun for example_params_ui_tutorial to None, run_after=None
[2023-07-12T06:44:04.723+0000] {processor.py:179} INFO - Processing /home/airflow/.local/lib/python3.7/site-packages/airflow/example_dags/example_params_ui_tutorial.py took 0.194 seconds
[2023-07-12T06:44:34.771+0000] {processor.py:157} INFO - Started process (PID=7535) to work on /home/airflow/.local/lib/python3.7/site-packages/airflow/example_dags/example_params_ui_tutorial.py
[2023-07-12T06:44:34.773+0000] {processor.py:826} INFO - Processing file /home/airflow/.local/lib/python3.7/site-packages/airflow/example_dags/example_params_ui_tutorial.py for tasks to queue
[2023-07-12T06:44:34.776+0000] {logging_mixin.py:150} INFO - [2023-07-12T06:44:34.775+0000] {dagbag.py:541} INFO - Filling up the DagBag from /home/airflow/.local/lib/python3.7/site-packages/airflow/example_dags/example_params_ui_tutorial.py
[2023-07-12T06:44:34.838+0000] {processor.py:836} INFO - DAG(s) dict_keys(['example_params_ui_tutorial']) retrieved from /home/airflow/.local/lib/python3.7/site-packages/airflow/example_dags/example_params_ui_tutorial.py
[2023-07-12T06:44:34.935+0000] {logging_mixin.py:150} INFO - [2023-07-12T06:44:34.934+0000] {dag.py:2742} INFO - Sync 1 DAGs
[2023-07-12T06:44:34.966+0000] {logging_mixin.py:150} INFO - [2023-07-12T06:44:34.966+0000] {dag.py:3508} INFO - Setting next_dagrun for example_params_ui_tutorial to None, run_after=None
[2023-07-12T06:44:34.991+0000] {processor.py:179} INFO - Processing /home/airflow/.local/lib/python3.7/site-packages/airflow/example_dags/example_params_ui_tutorial.py took 0.225 seconds
[2023-07-12T06:45:05.351+0000] {processor.py:157} INFO - Started process (PID=7780) to work on /home/airflow/.local/lib/python3.7/site-packages/airflow/example_dags/example_params_ui_tutorial.py
[2023-07-12T06:45:05.354+0000] {processor.py:826} INFO - Processing file /home/airflow/.local/lib/python3.7/site-packages/airflow/example_dags/example_params_ui_tutorial.py for tasks to queue
[2023-07-12T06:45:05.356+0000] {logging_mixin.py:150} INFO - [2023-07-12T06:45:05.356+0000] {dagbag.py:541} INFO - Filling up the DagBag from /home/airflow/.local/lib/python3.7/site-packages/airflow/example_dags/example_params_ui_tutorial.py
[2023-07-12T06:45:05.405+0000] {processor.py:836} INFO - DAG(s) dict_keys(['example_params_ui_tutorial']) retrieved from /home/airflow/.local/lib/python3.7/site-packages/airflow/example_dags/example_params_ui_tutorial.py
[2023-07-12T06:45:05.479+0000] {logging_mixin.py:150} INFO - [2023-07-12T06:45:05.479+0000] {dag.py:2742} INFO - Sync 1 DAGs
[2023-07-12T06:45:05.522+0000] {logging_mixin.py:150} INFO - [2023-07-12T06:45:05.522+0000] {dag.py:3508} INFO - Setting next_dagrun for example_params_ui_tutorial to None, run_after=None
[2023-07-12T06:45:05.556+0000] {processor.py:179} INFO - Processing /home/airflow/.local/lib/python3.7/site-packages/airflow/example_dags/example_params_ui_tutorial.py took 0.211 seconds
[2023-07-12T06:45:35.661+0000] {processor.py:157} INFO - Started process (PID=8024) to work on /home/airflow/.local/lib/python3.7/site-packages/airflow/example_dags/example_params_ui_tutorial.py
[2023-07-12T06:45:35.664+0000] {processor.py:826} INFO - Processing file /home/airflow/.local/lib/python3.7/site-packages/airflow/example_dags/example_params_ui_tutorial.py for tasks to queue
[2023-07-12T06:45:35.666+0000] {logging_mixin.py:150} INFO - [2023-07-12T06:45:35.666+0000] {dagbag.py:541} INFO - Filling up the DagBag from /home/airflow/.local/lib/python3.7/site-packages/airflow/example_dags/example_params_ui_tutorial.py
[2023-07-12T06:45:35.732+0000] {processor.py:836} INFO - DAG(s) dict_keys(['example_params_ui_tutorial']) retrieved from /home/airflow/.local/lib/python3.7/site-packages/airflow/example_dags/example_params_ui_tutorial.py
[2023-07-12T06:45:35.807+0000] {logging_mixin.py:150} INFO - [2023-07-12T06:45:35.807+0000] {dag.py:2742} INFO - Sync 1 DAGs
[2023-07-12T06:45:35.837+0000] {logging_mixin.py:150} INFO - [2023-07-12T06:45:35.837+0000] {dag.py:3508} INFO - Setting next_dagrun for example_params_ui_tutorial to None, run_after=None
[2023-07-12T06:45:35.864+0000] {processor.py:179} INFO - Processing /home/airflow/.local/lib/python3.7/site-packages/airflow/example_dags/example_params_ui_tutorial.py took 0.208 seconds
[2023-07-12T06:46:05.938+0000] {processor.py:157} INFO - Started process (PID=8262) to work on /home/airflow/.local/lib/python3.7/site-packages/airflow/example_dags/example_params_ui_tutorial.py
[2023-07-12T06:46:05.941+0000] {processor.py:826} INFO - Processing file /home/airflow/.local/lib/python3.7/site-packages/airflow/example_dags/example_params_ui_tutorial.py for tasks to queue
[2023-07-12T06:46:05.943+0000] {logging_mixin.py:150} INFO - [2023-07-12T06:46:05.943+0000] {dagbag.py:541} INFO - Filling up the DagBag from /home/airflow/.local/lib/python3.7/site-packages/airflow/example_dags/example_params_ui_tutorial.py
[2023-07-12T06:46:05.992+0000] {processor.py:836} INFO - DAG(s) dict_keys(['example_params_ui_tutorial']) retrieved from /home/airflow/.local/lib/python3.7/site-packages/airflow/example_dags/example_params_ui_tutorial.py
[2023-07-12T06:46:06.070+0000] {logging_mixin.py:150} INFO - [2023-07-12T06:46:06.069+0000] {dag.py:2742} INFO - Sync 1 DAGs
[2023-07-12T06:46:06.112+0000] {logging_mixin.py:150} INFO - [2023-07-12T06:46:06.111+0000] {dag.py:3508} INFO - Setting next_dagrun for example_params_ui_tutorial to None, run_after=None
[2023-07-12T06:46:06.151+0000] {processor.py:179} INFO - Processing /home/airflow/.local/lib/python3.7/site-packages/airflow/example_dags/example_params_ui_tutorial.py took 0.218 seconds
[2023-07-12T06:46:36.291+0000] {processor.py:157} INFO - Started process (PID=8503) to work on /home/airflow/.local/lib/python3.7/site-packages/airflow/example_dags/example_params_ui_tutorial.py
[2023-07-12T06:46:36.293+0000] {processor.py:826} INFO - Processing file /home/airflow/.local/lib/python3.7/site-packages/airflow/example_dags/example_params_ui_tutorial.py for tasks to queue
[2023-07-12T06:46:36.295+0000] {logging_mixin.py:150} INFO - [2023-07-12T06:46:36.295+0000] {dagbag.py:541} INFO - Filling up the DagBag from /home/airflow/.local/lib/python3.7/site-packages/airflow/example_dags/example_params_ui_tutorial.py
[2023-07-12T06:46:36.345+0000] {processor.py:836} INFO - DAG(s) dict_keys(['example_params_ui_tutorial']) retrieved from /home/airflow/.local/lib/python3.7/site-packages/airflow/example_dags/example_params_ui_tutorial.py
[2023-07-12T06:46:36.421+0000] {logging_mixin.py:150} INFO - [2023-07-12T06:46:36.420+0000] {dag.py:2742} INFO - Sync 1 DAGs
[2023-07-12T06:46:36.462+0000] {logging_mixin.py:150} INFO - [2023-07-12T06:46:36.461+0000] {dag.py:3508} INFO - Setting next_dagrun for example_params_ui_tutorial to None, run_after=None
[2023-07-12T06:46:36.495+0000] {processor.py:179} INFO - Processing /home/airflow/.local/lib/python3.7/site-packages/airflow/example_dags/example_params_ui_tutorial.py took 0.210 seconds
[2023-07-12T06:47:06.894+0000] {processor.py:157} INFO - Started process (PID=8743) to work on /home/airflow/.local/lib/python3.7/site-packages/airflow/example_dags/example_params_ui_tutorial.py
[2023-07-12T06:47:06.896+0000] {processor.py:826} INFO - Processing file /home/airflow/.local/lib/python3.7/site-packages/airflow/example_dags/example_params_ui_tutorial.py for tasks to queue
[2023-07-12T06:47:06.898+0000] {logging_mixin.py:150} INFO - [2023-07-12T06:47:06.898+0000] {dagbag.py:541} INFO - Filling up the DagBag from /home/airflow/.local/lib/python3.7/site-packages/airflow/example_dags/example_params_ui_tutorial.py
[2023-07-12T06:47:06.948+0000] {processor.py:836} INFO - DAG(s) dict_keys(['example_params_ui_tutorial']) retrieved from /home/airflow/.local/lib/python3.7/site-packages/airflow/example_dags/example_params_ui_tutorial.py
[2023-07-12T06:47:07.022+0000] {logging_mixin.py:150} INFO - [2023-07-12T06:47:07.022+0000] {dag.py:2742} INFO - Sync 1 DAGs
[2023-07-12T06:47:07.063+0000] {logging_mixin.py:150} INFO - [2023-07-12T06:47:07.063+0000] {dag.py:3508} INFO - Setting next_dagrun for example_params_ui_tutorial to None, run_after=None
[2023-07-12T06:47:07.101+0000] {processor.py:179} INFO - Processing /home/airflow/.local/lib/python3.7/site-packages/airflow/example_dags/example_params_ui_tutorial.py took 0.212 seconds
[2023-07-12T06:47:37.381+0000] {processor.py:157} INFO - Started process (PID=8983) to work on /home/airflow/.local/lib/python3.7/site-packages/airflow/example_dags/example_params_ui_tutorial.py
[2023-07-12T06:47:37.384+0000] {processor.py:826} INFO - Processing file /home/airflow/.local/lib/python3.7/site-packages/airflow/example_dags/example_params_ui_tutorial.py for tasks to queue
[2023-07-12T06:47:37.387+0000] {logging_mixin.py:150} INFO - [2023-07-12T06:47:37.386+0000] {dagbag.py:541} INFO - Filling up the DagBag from /home/airflow/.local/lib/python3.7/site-packages/airflow/example_dags/example_params_ui_tutorial.py
[2023-07-12T06:47:37.453+0000] {processor.py:836} INFO - DAG(s) dict_keys(['example_params_ui_tutorial']) retrieved from /home/airflow/.local/lib/python3.7/site-packages/airflow/example_dags/example_params_ui_tutorial.py
[2023-07-12T06:47:37.547+0000] {logging_mixin.py:150} INFO - [2023-07-12T06:47:37.547+0000] {dag.py:2742} INFO - Sync 1 DAGs
[2023-07-12T06:47:37.603+0000] {logging_mixin.py:150} INFO - [2023-07-12T06:47:37.603+0000] {dag.py:3508} INFO - Setting next_dagrun for example_params_ui_tutorial to None, run_after=None
[2023-07-12T06:47:37.645+0000] {processor.py:179} INFO - Processing /home/airflow/.local/lib/python3.7/site-packages/airflow/example_dags/example_params_ui_tutorial.py took 0.269 seconds
[2023-07-12T06:48:08.098+0000] {processor.py:157} INFO - Started process (PID=9224) to work on /home/airflow/.local/lib/python3.7/site-packages/airflow/example_dags/example_params_ui_tutorial.py
[2023-07-12T06:48:08.102+0000] {processor.py:826} INFO - Processing file /home/airflow/.local/lib/python3.7/site-packages/airflow/example_dags/example_params_ui_tutorial.py for tasks to queue
[2023-07-12T06:48:08.104+0000] {logging_mixin.py:150} INFO - [2023-07-12T06:48:08.104+0000] {dagbag.py:541} INFO - Filling up the DagBag from /home/airflow/.local/lib/python3.7/site-packages/airflow/example_dags/example_params_ui_tutorial.py
[2023-07-12T06:48:08.167+0000] {processor.py:836} INFO - DAG(s) dict_keys(['example_params_ui_tutorial']) retrieved from /home/airflow/.local/lib/python3.7/site-packages/airflow/example_dags/example_params_ui_tutorial.py
[2023-07-12T06:48:08.262+0000] {logging_mixin.py:150} INFO - [2023-07-12T06:48:08.262+0000] {dag.py:2742} INFO - Sync 1 DAGs
[2023-07-12T06:48:08.308+0000] {logging_mixin.py:150} INFO - [2023-07-12T06:48:08.308+0000] {dag.py:3508} INFO - Setting next_dagrun for example_params_ui_tutorial to None, run_after=None
[2023-07-12T06:48:08.341+0000] {processor.py:179} INFO - Processing /home/airflow/.local/lib/python3.7/site-packages/airflow/example_dags/example_params_ui_tutorial.py took 0.252 seconds
[2023-07-12T06:48:38.441+0000] {processor.py:157} INFO - Started process (PID=9465) to work on /home/airflow/.local/lib/python3.7/site-packages/airflow/example_dags/example_params_ui_tutorial.py
[2023-07-12T06:48:38.444+0000] {processor.py:826} INFO - Processing file /home/airflow/.local/lib/python3.7/site-packages/airflow/example_dags/example_params_ui_tutorial.py for tasks to queue
[2023-07-12T06:48:38.446+0000] {logging_mixin.py:150} INFO - [2023-07-12T06:48:38.446+0000] {dagbag.py:541} INFO - Filling up the DagBag from /home/airflow/.local/lib/python3.7/site-packages/airflow/example_dags/example_params_ui_tutorial.py
[2023-07-12T06:48:38.508+0000] {processor.py:836} INFO - DAG(s) dict_keys(['example_params_ui_tutorial']) retrieved from /home/airflow/.local/lib/python3.7/site-packages/airflow/example_dags/example_params_ui_tutorial.py
[2023-07-12T06:48:38.619+0000] {logging_mixin.py:150} INFO - [2023-07-12T06:48:38.619+0000] {dag.py:2742} INFO - Sync 1 DAGs
[2023-07-12T06:48:38.687+0000] {logging_mixin.py:150} INFO - [2023-07-12T06:48:38.686+0000] {dag.py:3508} INFO - Setting next_dagrun for example_params_ui_tutorial to None, run_after=None
[2023-07-12T06:48:38.738+0000] {processor.py:179} INFO - Processing /home/airflow/.local/lib/python3.7/site-packages/airflow/example_dags/example_params_ui_tutorial.py took 0.303 seconds
[2023-07-12T06:49:08.839+0000] {processor.py:157} INFO - Started process (PID=9706) to work on /home/airflow/.local/lib/python3.7/site-packages/airflow/example_dags/example_params_ui_tutorial.py
[2023-07-12T06:49:08.842+0000] {processor.py:826} INFO - Processing file /home/airflow/.local/lib/python3.7/site-packages/airflow/example_dags/example_params_ui_tutorial.py for tasks to queue
[2023-07-12T06:49:08.845+0000] {logging_mixin.py:150} INFO - [2023-07-12T06:49:08.844+0000] {dagbag.py:541} INFO - Filling up the DagBag from /home/airflow/.local/lib/python3.7/site-packages/airflow/example_dags/example_params_ui_tutorial.py
[2023-07-12T06:49:08.902+0000] {processor.py:836} INFO - DAG(s) dict_keys(['example_params_ui_tutorial']) retrieved from /home/airflow/.local/lib/python3.7/site-packages/airflow/example_dags/example_params_ui_tutorial.py
[2023-07-12T06:49:08.983+0000] {logging_mixin.py:150} INFO - [2023-07-12T06:49:08.983+0000] {dag.py:2742} INFO - Sync 1 DAGs
[2023-07-12T06:49:09.033+0000] {logging_mixin.py:150} INFO - [2023-07-12T06:49:09.032+0000] {dag.py:3508} INFO - Setting next_dagrun for example_params_ui_tutorial to None, run_after=None
[2023-07-12T06:49:09.071+0000] {processor.py:179} INFO - Processing /home/airflow/.local/lib/python3.7/site-packages/airflow/example_dags/example_params_ui_tutorial.py took 0.238 seconds
[2023-07-12T06:49:39.313+0000] {processor.py:157} INFO - Started process (PID=9947) to work on /home/airflow/.local/lib/python3.7/site-packages/airflow/example_dags/example_params_ui_tutorial.py
[2023-07-12T06:49:39.316+0000] {processor.py:826} INFO - Processing file /home/airflow/.local/lib/python3.7/site-packages/airflow/example_dags/example_params_ui_tutorial.py for tasks to queue
[2023-07-12T06:49:39.318+0000] {logging_mixin.py:150} INFO - [2023-07-12T06:49:39.318+0000] {dagbag.py:541} INFO - Filling up the DagBag from /home/airflow/.local/lib/python3.7/site-packages/airflow/example_dags/example_params_ui_tutorial.py
[2023-07-12T06:49:39.372+0000] {processor.py:836} INFO - DAG(s) dict_keys(['example_params_ui_tutorial']) retrieved from /home/airflow/.local/lib/python3.7/site-packages/airflow/example_dags/example_params_ui_tutorial.py
[2023-07-12T06:49:39.458+0000] {logging_mixin.py:150} INFO - [2023-07-12T06:49:39.458+0000] {dag.py:2742} INFO - Sync 1 DAGs
[2023-07-12T06:49:39.500+0000] {logging_mixin.py:150} INFO - [2023-07-12T06:49:39.500+0000] {dag.py:3508} INFO - Setting next_dagrun for example_params_ui_tutorial to None, run_after=None
[2023-07-12T06:49:39.541+0000] {processor.py:179} INFO - Processing /home/airflow/.local/lib/python3.7/site-packages/airflow/example_dags/example_params_ui_tutorial.py took 0.234 seconds
[2023-07-12T06:50:09.807+0000] {processor.py:157} INFO - Started process (PID=10188) to work on /home/airflow/.local/lib/python3.7/site-packages/airflow/example_dags/example_params_ui_tutorial.py
[2023-07-12T06:50:09.810+0000] {processor.py:826} INFO - Processing file /home/airflow/.local/lib/python3.7/site-packages/airflow/example_dags/example_params_ui_tutorial.py for tasks to queue
[2023-07-12T06:50:09.813+0000] {logging_mixin.py:150} INFO - [2023-07-12T06:50:09.812+0000] {dagbag.py:541} INFO - Filling up the DagBag from /home/airflow/.local/lib/python3.7/site-packages/airflow/example_dags/example_params_ui_tutorial.py
[2023-07-12T06:50:09.883+0000] {processor.py:836} INFO - DAG(s) dict_keys(['example_params_ui_tutorial']) retrieved from /home/airflow/.local/lib/python3.7/site-packages/airflow/example_dags/example_params_ui_tutorial.py
[2023-07-12T06:50:10.000+0000] {logging_mixin.py:150} INFO - [2023-07-12T06:50:09.999+0000] {dag.py:2742} INFO - Sync 1 DAGs
[2023-07-12T06:50:10.054+0000] {logging_mixin.py:150} INFO - [2023-07-12T06:50:10.054+0000] {dag.py:3508} INFO - Setting next_dagrun for example_params_ui_tutorial to None, run_after=None
[2023-07-12T06:50:10.093+0000] {processor.py:179} INFO - Processing /home/airflow/.local/lib/python3.7/site-packages/airflow/example_dags/example_params_ui_tutorial.py took 0.292 seconds
[2023-07-12T06:50:40.276+0000] {processor.py:157} INFO - Started process (PID=10429) to work on /home/airflow/.local/lib/python3.7/site-packages/airflow/example_dags/example_params_ui_tutorial.py
[2023-07-12T06:50:40.280+0000] {processor.py:826} INFO - Processing file /home/airflow/.local/lib/python3.7/site-packages/airflow/example_dags/example_params_ui_tutorial.py for tasks to queue
[2023-07-12T06:50:40.282+0000] {logging_mixin.py:150} INFO - [2023-07-12T06:50:40.282+0000] {dagbag.py:541} INFO - Filling up the DagBag from /home/airflow/.local/lib/python3.7/site-packages/airflow/example_dags/example_params_ui_tutorial.py
[2023-07-12T06:50:40.343+0000] {processor.py:836} INFO - DAG(s) dict_keys(['example_params_ui_tutorial']) retrieved from /home/airflow/.local/lib/python3.7/site-packages/airflow/example_dags/example_params_ui_tutorial.py
[2023-07-12T06:50:40.448+0000] {logging_mixin.py:150} INFO - [2023-07-12T06:50:40.448+0000] {dag.py:2742} INFO - Sync 1 DAGs
[2023-07-12T06:50:40.496+0000] {logging_mixin.py:150} INFO - [2023-07-12T06:50:40.495+0000] {dag.py:3508} INFO - Setting next_dagrun for example_params_ui_tutorial to None, run_after=None
[2023-07-12T06:50:40.527+0000] {processor.py:179} INFO - Processing /home/airflow/.local/lib/python3.7/site-packages/airflow/example_dags/example_params_ui_tutorial.py took 0.257 seconds
