[2023-07-12T06:29:17.685+0000] {processor.py:157} INFO - Started process (PID=249) to work on /home/airflow/.local/lib/python3.7/site-packages/airflow/example_dags/example_local_kubernetes_executor.py
[2023-07-12T06:29:17.691+0000] {processor.py:826} INFO - Processing file /home/airflow/.local/lib/python3.7/site-packages/airflow/example_dags/example_local_kubernetes_executor.py for tasks to queue
[2023-07-12T06:29:17.694+0000] {logging_mixin.py:150} INFO - [2023-07-12T06:29:17.694+0000] {dagbag.py:541} INFO - Filling up the DagBag from /home/airflow/.local/lib/python3.7/site-packages/airflow/example_dags/example_local_kubernetes_executor.py
[2023-07-12T06:29:20.369+0000] {processor.py:836} INFO - DAG(s) dict_keys(['example_local_kubernetes_executor']) retrieved from /home/airflow/.local/lib/python3.7/site-packages/airflow/example_dags/example_local_kubernetes_executor.py
[2023-07-12T06:29:20.446+0000] {logging_mixin.py:150} INFO - [2023-07-12T06:29:20.446+0000] {dag.py:2742} INFO - Sync 1 DAGs
[2023-07-12T06:29:20.494+0000] {logging_mixin.py:150} INFO - [2023-07-12T06:29:20.494+0000] {dag.py:3508} INFO - Setting next_dagrun for example_local_kubernetes_executor to None, run_after=None
[2023-07-12T06:29:20.534+0000] {processor.py:179} INFO - Processing /home/airflow/.local/lib/python3.7/site-packages/airflow/example_dags/example_local_kubernetes_executor.py took 2.858 seconds
[2023-07-12T06:29:50.696+0000] {processor.py:157} INFO - Started process (PID=514) to work on /home/airflow/.local/lib/python3.7/site-packages/airflow/example_dags/example_local_kubernetes_executor.py
[2023-07-12T06:29:50.699+0000] {processor.py:826} INFO - Processing file /home/airflow/.local/lib/python3.7/site-packages/airflow/example_dags/example_local_kubernetes_executor.py for tasks to queue
[2023-07-12T06:29:50.703+0000] {logging_mixin.py:150} INFO - [2023-07-12T06:29:50.702+0000] {dagbag.py:541} INFO - Filling up the DagBag from /home/airflow/.local/lib/python3.7/site-packages/airflow/example_dags/example_local_kubernetes_executor.py
[2023-07-12T06:29:51.019+0000] {processor.py:836} INFO - DAG(s) dict_keys(['example_local_kubernetes_executor']) retrieved from /home/airflow/.local/lib/python3.7/site-packages/airflow/example_dags/example_local_kubernetes_executor.py
[2023-07-12T06:29:51.078+0000] {logging_mixin.py:150} INFO - [2023-07-12T06:29:51.078+0000] {dag.py:2742} INFO - Sync 1 DAGs
[2023-07-12T06:29:51.123+0000] {logging_mixin.py:150} INFO - [2023-07-12T06:29:51.122+0000] {dag.py:3508} INFO - Setting next_dagrun for example_local_kubernetes_executor to None, run_after=None
[2023-07-12T06:29:51.166+0000] {processor.py:179} INFO - Processing /home/airflow/.local/lib/python3.7/site-packages/airflow/example_dags/example_local_kubernetes_executor.py took 0.475 seconds
[2023-07-12T06:30:21.438+0000] {processor.py:157} INFO - Started process (PID=767) to work on /home/airflow/.local/lib/python3.7/site-packages/airflow/example_dags/example_local_kubernetes_executor.py
[2023-07-12T06:30:21.442+0000] {processor.py:826} INFO - Processing file /home/airflow/.local/lib/python3.7/site-packages/airflow/example_dags/example_local_kubernetes_executor.py for tasks to queue
[2023-07-12T06:30:21.444+0000] {logging_mixin.py:150} INFO - [2023-07-12T06:30:21.444+0000] {dagbag.py:541} INFO - Filling up the DagBag from /home/airflow/.local/lib/python3.7/site-packages/airflow/example_dags/example_local_kubernetes_executor.py
[2023-07-12T06:30:21.776+0000] {processor.py:836} INFO - DAG(s) dict_keys(['example_local_kubernetes_executor']) retrieved from /home/airflow/.local/lib/python3.7/site-packages/airflow/example_dags/example_local_kubernetes_executor.py
[2023-07-12T06:30:21.842+0000] {logging_mixin.py:150} INFO - [2023-07-12T06:30:21.842+0000] {dag.py:2742} INFO - Sync 1 DAGs
[2023-07-12T06:30:21.882+0000] {logging_mixin.py:150} INFO - [2023-07-12T06:30:21.882+0000] {dag.py:3508} INFO - Setting next_dagrun for example_local_kubernetes_executor to None, run_after=None
[2023-07-12T06:30:21.917+0000] {processor.py:179} INFO - Processing /home/airflow/.local/lib/python3.7/site-packages/airflow/example_dags/example_local_kubernetes_executor.py took 0.486 seconds
[2023-07-12T06:30:52.040+0000] {processor.py:157} INFO - Started process (PID=1013) to work on /home/airflow/.local/lib/python3.7/site-packages/airflow/example_dags/example_local_kubernetes_executor.py
[2023-07-12T06:30:52.044+0000] {processor.py:826} INFO - Processing file /home/airflow/.local/lib/python3.7/site-packages/airflow/example_dags/example_local_kubernetes_executor.py for tasks to queue
[2023-07-12T06:30:52.048+0000] {logging_mixin.py:150} INFO - [2023-07-12T06:30:52.047+0000] {dagbag.py:541} INFO - Filling up the DagBag from /home/airflow/.local/lib/python3.7/site-packages/airflow/example_dags/example_local_kubernetes_executor.py
[2023-07-12T06:30:52.368+0000] {processor.py:836} INFO - DAG(s) dict_keys(['example_local_kubernetes_executor']) retrieved from /home/airflow/.local/lib/python3.7/site-packages/airflow/example_dags/example_local_kubernetes_executor.py
[2023-07-12T06:30:52.424+0000] {logging_mixin.py:150} INFO - [2023-07-12T06:30:52.424+0000] {dag.py:2742} INFO - Sync 1 DAGs
[2023-07-12T06:30:52.475+0000] {logging_mixin.py:150} INFO - [2023-07-12T06:30:52.475+0000] {dag.py:3508} INFO - Setting next_dagrun for example_local_kubernetes_executor to None, run_after=None
[2023-07-12T06:30:52.510+0000] {processor.py:179} INFO - Processing /home/airflow/.local/lib/python3.7/site-packages/airflow/example_dags/example_local_kubernetes_executor.py took 0.481 seconds
[2023-07-12T06:31:23.065+0000] {processor.py:157} INFO - Started process (PID=1301) to work on /home/airflow/.local/lib/python3.7/site-packages/airflow/example_dags/example_local_kubernetes_executor.py
[2023-07-12T06:31:23.068+0000] {processor.py:826} INFO - Processing file /home/airflow/.local/lib/python3.7/site-packages/airflow/example_dags/example_local_kubernetes_executor.py for tasks to queue
[2023-07-12T06:31:23.071+0000] {logging_mixin.py:150} INFO - [2023-07-12T06:31:23.071+0000] {dagbag.py:541} INFO - Filling up the DagBag from /home/airflow/.local/lib/python3.7/site-packages/airflow/example_dags/example_local_kubernetes_executor.py
[2023-07-12T06:31:23.415+0000] {processor.py:836} INFO - DAG(s) dict_keys(['example_local_kubernetes_executor']) retrieved from /home/airflow/.local/lib/python3.7/site-packages/airflow/example_dags/example_local_kubernetes_executor.py
[2023-07-12T06:31:23.474+0000] {logging_mixin.py:150} INFO - [2023-07-12T06:31:23.473+0000] {dag.py:2742} INFO - Sync 1 DAGs
[2023-07-12T06:31:23.514+0000] {logging_mixin.py:150} INFO - [2023-07-12T06:31:23.513+0000] {dag.py:3508} INFO - Setting next_dagrun for example_local_kubernetes_executor to None, run_after=None
[2023-07-12T06:31:23.547+0000] {processor.py:179} INFO - Processing /home/airflow/.local/lib/python3.7/site-packages/airflow/example_dags/example_local_kubernetes_executor.py took 0.491 seconds
[2023-07-12T06:31:53.857+0000] {processor.py:157} INFO - Started process (PID=1552) to work on /home/airflow/.local/lib/python3.7/site-packages/airflow/example_dags/example_local_kubernetes_executor.py
[2023-07-12T06:31:53.861+0000] {processor.py:826} INFO - Processing file /home/airflow/.local/lib/python3.7/site-packages/airflow/example_dags/example_local_kubernetes_executor.py for tasks to queue
[2023-07-12T06:31:53.864+0000] {logging_mixin.py:150} INFO - [2023-07-12T06:31:53.863+0000] {dagbag.py:541} INFO - Filling up the DagBag from /home/airflow/.local/lib/python3.7/site-packages/airflow/example_dags/example_local_kubernetes_executor.py
[2023-07-12T06:31:54.134+0000] {processor.py:836} INFO - DAG(s) dict_keys(['example_local_kubernetes_executor']) retrieved from /home/airflow/.local/lib/python3.7/site-packages/airflow/example_dags/example_local_kubernetes_executor.py
[2023-07-12T06:31:54.179+0000] {logging_mixin.py:150} INFO - [2023-07-12T06:31:54.179+0000] {dag.py:2742} INFO - Sync 1 DAGs
[2023-07-12T06:31:54.221+0000] {logging_mixin.py:150} INFO - [2023-07-12T06:31:54.220+0000] {dag.py:3508} INFO - Setting next_dagrun for example_local_kubernetes_executor to None, run_after=None
[2023-07-12T06:31:54.250+0000] {processor.py:179} INFO - Processing /home/airflow/.local/lib/python3.7/site-packages/airflow/example_dags/example_local_kubernetes_executor.py took 0.403 seconds
[2023-07-12T06:32:24.353+0000] {processor.py:157} INFO - Started process (PID=1798) to work on /home/airflow/.local/lib/python3.7/site-packages/airflow/example_dags/example_local_kubernetes_executor.py
[2023-07-12T06:32:24.356+0000] {processor.py:826} INFO - Processing file /home/airflow/.local/lib/python3.7/site-packages/airflow/example_dags/example_local_kubernetes_executor.py for tasks to queue
[2023-07-12T06:32:24.358+0000] {logging_mixin.py:150} INFO - [2023-07-12T06:32:24.358+0000] {dagbag.py:541} INFO - Filling up the DagBag from /home/airflow/.local/lib/python3.7/site-packages/airflow/example_dags/example_local_kubernetes_executor.py
[2023-07-12T06:32:24.616+0000] {processor.py:836} INFO - DAG(s) dict_keys(['example_local_kubernetes_executor']) retrieved from /home/airflow/.local/lib/python3.7/site-packages/airflow/example_dags/example_local_kubernetes_executor.py
[2023-07-12T06:32:24.660+0000] {logging_mixin.py:150} INFO - [2023-07-12T06:32:24.659+0000] {dag.py:2742} INFO - Sync 1 DAGs
[2023-07-12T06:32:24.693+0000] {logging_mixin.py:150} INFO - [2023-07-12T06:32:24.693+0000] {dag.py:3508} INFO - Setting next_dagrun for example_local_kubernetes_executor to None, run_after=None
[2023-07-12T06:32:24.724+0000] {processor.py:179} INFO - Processing /home/airflow/.local/lib/python3.7/site-packages/airflow/example_dags/example_local_kubernetes_executor.py took 0.378 seconds
[2023-07-12T06:32:55.000+0000] {processor.py:157} INFO - Started process (PID=2042) to work on /home/airflow/.local/lib/python3.7/site-packages/airflow/example_dags/example_local_kubernetes_executor.py
[2023-07-12T06:32:55.006+0000] {processor.py:826} INFO - Processing file /home/airflow/.local/lib/python3.7/site-packages/airflow/example_dags/example_local_kubernetes_executor.py for tasks to queue
[2023-07-12T06:32:55.010+0000] {logging_mixin.py:150} INFO - [2023-07-12T06:32:55.010+0000] {dagbag.py:541} INFO - Filling up the DagBag from /home/airflow/.local/lib/python3.7/site-packages/airflow/example_dags/example_local_kubernetes_executor.py
[2023-07-12T06:32:55.272+0000] {processor.py:836} INFO - DAG(s) dict_keys(['example_local_kubernetes_executor']) retrieved from /home/airflow/.local/lib/python3.7/site-packages/airflow/example_dags/example_local_kubernetes_executor.py
[2023-07-12T06:32:55.322+0000] {logging_mixin.py:150} INFO - [2023-07-12T06:32:55.321+0000] {dag.py:2742} INFO - Sync 1 DAGs
[2023-07-12T06:32:55.359+0000] {logging_mixin.py:150} INFO - [2023-07-12T06:32:55.359+0000] {dag.py:3508} INFO - Setting next_dagrun for example_local_kubernetes_executor to None, run_after=None
[2023-07-12T06:32:55.390+0000] {processor.py:179} INFO - Processing /home/airflow/.local/lib/python3.7/site-packages/airflow/example_dags/example_local_kubernetes_executor.py took 0.401 seconds
[2023-07-12T06:33:26.237+0000] {processor.py:157} INFO - Started process (PID=2285) to work on /home/airflow/.local/lib/python3.7/site-packages/airflow/example_dags/example_local_kubernetes_executor.py
[2023-07-12T06:33:26.239+0000] {processor.py:826} INFO - Processing file /home/airflow/.local/lib/python3.7/site-packages/airflow/example_dags/example_local_kubernetes_executor.py for tasks to queue
[2023-07-12T06:33:26.242+0000] {logging_mixin.py:150} INFO - [2023-07-12T06:33:26.241+0000] {dagbag.py:541} INFO - Filling up the DagBag from /home/airflow/.local/lib/python3.7/site-packages/airflow/example_dags/example_local_kubernetes_executor.py
[2023-07-12T06:33:26.517+0000] {processor.py:836} INFO - DAG(s) dict_keys(['example_local_kubernetes_executor']) retrieved from /home/airflow/.local/lib/python3.7/site-packages/airflow/example_dags/example_local_kubernetes_executor.py
[2023-07-12T06:33:26.566+0000] {logging_mixin.py:150} INFO - [2023-07-12T06:33:26.565+0000] {dag.py:2742} INFO - Sync 1 DAGs
[2023-07-12T06:33:26.603+0000] {logging_mixin.py:150} INFO - [2023-07-12T06:33:26.602+0000] {dag.py:3508} INFO - Setting next_dagrun for example_local_kubernetes_executor to None, run_after=None
[2023-07-12T06:33:26.634+0000] {processor.py:179} INFO - Processing /home/airflow/.local/lib/python3.7/site-packages/airflow/example_dags/example_local_kubernetes_executor.py took 0.401 seconds
[2023-07-12T06:33:56.828+0000] {processor.py:157} INFO - Started process (PID=2526) to work on /home/airflow/.local/lib/python3.7/site-packages/airflow/example_dags/example_local_kubernetes_executor.py
[2023-07-12T06:33:56.831+0000] {processor.py:826} INFO - Processing file /home/airflow/.local/lib/python3.7/site-packages/airflow/example_dags/example_local_kubernetes_executor.py for tasks to queue
[2023-07-12T06:33:56.834+0000] {logging_mixin.py:150} INFO - [2023-07-12T06:33:56.834+0000] {dagbag.py:541} INFO - Filling up the DagBag from /home/airflow/.local/lib/python3.7/site-packages/airflow/example_dags/example_local_kubernetes_executor.py
[2023-07-12T06:33:57.118+0000] {processor.py:836} INFO - DAG(s) dict_keys(['example_local_kubernetes_executor']) retrieved from /home/airflow/.local/lib/python3.7/site-packages/airflow/example_dags/example_local_kubernetes_executor.py
[2023-07-12T06:33:57.172+0000] {logging_mixin.py:150} INFO - [2023-07-12T06:33:57.172+0000] {dag.py:2742} INFO - Sync 1 DAGs
[2023-07-12T06:33:57.212+0000] {logging_mixin.py:150} INFO - [2023-07-12T06:33:57.211+0000] {dag.py:3508} INFO - Setting next_dagrun for example_local_kubernetes_executor to None, run_after=None
[2023-07-12T06:33:57.242+0000] {processor.py:179} INFO - Processing /home/airflow/.local/lib/python3.7/site-packages/airflow/example_dags/example_local_kubernetes_executor.py took 0.419 seconds
[2023-07-12T06:34:27.446+0000] {processor.py:157} INFO - Started process (PID=2767) to work on /home/airflow/.local/lib/python3.7/site-packages/airflow/example_dags/example_local_kubernetes_executor.py
[2023-07-12T06:34:27.449+0000] {processor.py:826} INFO - Processing file /home/airflow/.local/lib/python3.7/site-packages/airflow/example_dags/example_local_kubernetes_executor.py for tasks to queue
[2023-07-12T06:34:27.452+0000] {logging_mixin.py:150} INFO - [2023-07-12T06:34:27.451+0000] {dagbag.py:541} INFO - Filling up the DagBag from /home/airflow/.local/lib/python3.7/site-packages/airflow/example_dags/example_local_kubernetes_executor.py
[2023-07-12T06:34:27.718+0000] {processor.py:836} INFO - DAG(s) dict_keys(['example_local_kubernetes_executor']) retrieved from /home/airflow/.local/lib/python3.7/site-packages/airflow/example_dags/example_local_kubernetes_executor.py
[2023-07-12T06:34:27.767+0000] {logging_mixin.py:150} INFO - [2023-07-12T06:34:27.767+0000] {dag.py:2742} INFO - Sync 1 DAGs
[2023-07-12T06:34:27.804+0000] {logging_mixin.py:150} INFO - [2023-07-12T06:34:27.804+0000] {dag.py:3508} INFO - Setting next_dagrun for example_local_kubernetes_executor to None, run_after=None
[2023-07-12T06:34:27.835+0000] {processor.py:179} INFO - Processing /home/airflow/.local/lib/python3.7/site-packages/airflow/example_dags/example_local_kubernetes_executor.py took 0.395 seconds
[2023-07-12T06:34:58.351+0000] {processor.py:157} INFO - Started process (PID=3008) to work on /home/airflow/.local/lib/python3.7/site-packages/airflow/example_dags/example_local_kubernetes_executor.py
[2023-07-12T06:34:58.353+0000] {processor.py:826} INFO - Processing file /home/airflow/.local/lib/python3.7/site-packages/airflow/example_dags/example_local_kubernetes_executor.py for tasks to queue
[2023-07-12T06:34:58.356+0000] {logging_mixin.py:150} INFO - [2023-07-12T06:34:58.355+0000] {dagbag.py:541} INFO - Filling up the DagBag from /home/airflow/.local/lib/python3.7/site-packages/airflow/example_dags/example_local_kubernetes_executor.py
[2023-07-12T06:34:58.684+0000] {processor.py:836} INFO - DAG(s) dict_keys(['example_local_kubernetes_executor']) retrieved from /home/airflow/.local/lib/python3.7/site-packages/airflow/example_dags/example_local_kubernetes_executor.py
[2023-07-12T06:34:58.735+0000] {logging_mixin.py:150} INFO - [2023-07-12T06:34:58.734+0000] {dag.py:2742} INFO - Sync 1 DAGs
[2023-07-12T06:34:58.775+0000] {logging_mixin.py:150} INFO - [2023-07-12T06:34:58.775+0000] {dag.py:3508} INFO - Setting next_dagrun for example_local_kubernetes_executor to None, run_after=None
[2023-07-12T06:34:58.805+0000] {processor.py:179} INFO - Processing /home/airflow/.local/lib/python3.7/site-packages/airflow/example_dags/example_local_kubernetes_executor.py took 0.460 seconds
[2023-07-12T06:35:29.020+0000] {processor.py:157} INFO - Started process (PID=3259) to work on /home/airflow/.local/lib/python3.7/site-packages/airflow/example_dags/example_local_kubernetes_executor.py
[2023-07-12T06:35:29.023+0000] {processor.py:826} INFO - Processing file /home/airflow/.local/lib/python3.7/site-packages/airflow/example_dags/example_local_kubernetes_executor.py for tasks to queue
[2023-07-12T06:35:29.025+0000] {logging_mixin.py:150} INFO - [2023-07-12T06:35:29.025+0000] {dagbag.py:541} INFO - Filling up the DagBag from /home/airflow/.local/lib/python3.7/site-packages/airflow/example_dags/example_local_kubernetes_executor.py
[2023-07-12T06:35:29.289+0000] {processor.py:836} INFO - DAG(s) dict_keys(['example_local_kubernetes_executor']) retrieved from /home/airflow/.local/lib/python3.7/site-packages/airflow/example_dags/example_local_kubernetes_executor.py
[2023-07-12T06:35:29.345+0000] {logging_mixin.py:150} INFO - [2023-07-12T06:35:29.345+0000] {dag.py:2742} INFO - Sync 1 DAGs
[2023-07-12T06:35:29.388+0000] {logging_mixin.py:150} INFO - [2023-07-12T06:35:29.388+0000] {dag.py:3508} INFO - Setting next_dagrun for example_local_kubernetes_executor to None, run_after=None
[2023-07-12T06:35:29.422+0000] {processor.py:179} INFO - Processing /home/airflow/.local/lib/python3.7/site-packages/airflow/example_dags/example_local_kubernetes_executor.py took 0.407 seconds
[2023-07-12T06:35:59.696+0000] {processor.py:157} INFO - Started process (PID=3490) to work on /home/airflow/.local/lib/python3.7/site-packages/airflow/example_dags/example_local_kubernetes_executor.py
[2023-07-12T06:35:59.698+0000] {processor.py:826} INFO - Processing file /home/airflow/.local/lib/python3.7/site-packages/airflow/example_dags/example_local_kubernetes_executor.py for tasks to queue
[2023-07-12T06:35:59.700+0000] {logging_mixin.py:150} INFO - [2023-07-12T06:35:59.700+0000] {dagbag.py:541} INFO - Filling up the DagBag from /home/airflow/.local/lib/python3.7/site-packages/airflow/example_dags/example_local_kubernetes_executor.py
[2023-07-12T06:36:00.002+0000] {processor.py:836} INFO - DAG(s) dict_keys(['example_local_kubernetes_executor']) retrieved from /home/airflow/.local/lib/python3.7/site-packages/airflow/example_dags/example_local_kubernetes_executor.py
[2023-07-12T06:36:00.049+0000] {logging_mixin.py:150} INFO - [2023-07-12T06:36:00.049+0000] {dag.py:2742} INFO - Sync 1 DAGs
[2023-07-12T06:36:00.087+0000] {logging_mixin.py:150} INFO - [2023-07-12T06:36:00.087+0000] {dag.py:3508} INFO - Setting next_dagrun for example_local_kubernetes_executor to None, run_after=None
[2023-07-12T06:36:00.117+0000] {processor.py:179} INFO - Processing /home/airflow/.local/lib/python3.7/site-packages/airflow/example_dags/example_local_kubernetes_executor.py took 0.429 seconds
[2023-07-12T06:36:30.701+0000] {processor.py:157} INFO - Started process (PID=3731) to work on /home/airflow/.local/lib/python3.7/site-packages/airflow/example_dags/example_local_kubernetes_executor.py
[2023-07-12T06:36:30.703+0000] {processor.py:826} INFO - Processing file /home/airflow/.local/lib/python3.7/site-packages/airflow/example_dags/example_local_kubernetes_executor.py for tasks to queue
[2023-07-12T06:36:30.706+0000] {logging_mixin.py:150} INFO - [2023-07-12T06:36:30.706+0000] {dagbag.py:541} INFO - Filling up the DagBag from /home/airflow/.local/lib/python3.7/site-packages/airflow/example_dags/example_local_kubernetes_executor.py
[2023-07-12T06:36:30.981+0000] {processor.py:836} INFO - DAG(s) dict_keys(['example_local_kubernetes_executor']) retrieved from /home/airflow/.local/lib/python3.7/site-packages/airflow/example_dags/example_local_kubernetes_executor.py
[2023-07-12T06:36:31.029+0000] {logging_mixin.py:150} INFO - [2023-07-12T06:36:31.029+0000] {dag.py:2742} INFO - Sync 1 DAGs
[2023-07-12T06:36:31.066+0000] {logging_mixin.py:150} INFO - [2023-07-12T06:36:31.066+0000] {dag.py:3508} INFO - Setting next_dagrun for example_local_kubernetes_executor to None, run_after=None
[2023-07-12T06:36:31.101+0000] {processor.py:179} INFO - Processing /home/airflow/.local/lib/python3.7/site-packages/airflow/example_dags/example_local_kubernetes_executor.py took 0.405 seconds
[2023-07-12T06:37:01.296+0000] {processor.py:157} INFO - Started process (PID=3972) to work on /home/airflow/.local/lib/python3.7/site-packages/airflow/example_dags/example_local_kubernetes_executor.py
[2023-07-12T06:37:01.298+0000] {processor.py:826} INFO - Processing file /home/airflow/.local/lib/python3.7/site-packages/airflow/example_dags/example_local_kubernetes_executor.py for tasks to queue
[2023-07-12T06:37:01.301+0000] {logging_mixin.py:150} INFO - [2023-07-12T06:37:01.301+0000] {dagbag.py:541} INFO - Filling up the DagBag from /home/airflow/.local/lib/python3.7/site-packages/airflow/example_dags/example_local_kubernetes_executor.py
[2023-07-12T06:37:01.576+0000] {processor.py:836} INFO - DAG(s) dict_keys(['example_local_kubernetes_executor']) retrieved from /home/airflow/.local/lib/python3.7/site-packages/airflow/example_dags/example_local_kubernetes_executor.py
[2023-07-12T06:37:01.627+0000] {logging_mixin.py:150} INFO - [2023-07-12T06:37:01.626+0000] {dag.py:2742} INFO - Sync 1 DAGs
[2023-07-12T06:37:01.663+0000] {logging_mixin.py:150} INFO - [2023-07-12T06:37:01.662+0000] {dag.py:3508} INFO - Setting next_dagrun for example_local_kubernetes_executor to None, run_after=None
[2023-07-12T06:37:01.691+0000] {processor.py:179} INFO - Processing /home/airflow/.local/lib/python3.7/site-packages/airflow/example_dags/example_local_kubernetes_executor.py took 0.400 seconds
[2023-07-12T06:37:31.784+0000] {processor.py:157} INFO - Started process (PID=4213) to work on /home/airflow/.local/lib/python3.7/site-packages/airflow/example_dags/example_local_kubernetes_executor.py
[2023-07-12T06:37:31.787+0000] {processor.py:826} INFO - Processing file /home/airflow/.local/lib/python3.7/site-packages/airflow/example_dags/example_local_kubernetes_executor.py for tasks to queue
[2023-07-12T06:37:31.790+0000] {logging_mixin.py:150} INFO - [2023-07-12T06:37:31.790+0000] {dagbag.py:541} INFO - Filling up the DagBag from /home/airflow/.local/lib/python3.7/site-packages/airflow/example_dags/example_local_kubernetes_executor.py
[2023-07-12T06:37:32.055+0000] {processor.py:836} INFO - DAG(s) dict_keys(['example_local_kubernetes_executor']) retrieved from /home/airflow/.local/lib/python3.7/site-packages/airflow/example_dags/example_local_kubernetes_executor.py
[2023-07-12T06:37:32.105+0000] {logging_mixin.py:150} INFO - [2023-07-12T06:37:32.105+0000] {dag.py:2742} INFO - Sync 1 DAGs
[2023-07-12T06:37:32.158+0000] {logging_mixin.py:150} INFO - [2023-07-12T06:37:32.157+0000] {dag.py:3508} INFO - Setting next_dagrun for example_local_kubernetes_executor to None, run_after=None
[2023-07-12T06:37:32.203+0000] {processor.py:179} INFO - Processing /home/airflow/.local/lib/python3.7/site-packages/airflow/example_dags/example_local_kubernetes_executor.py took 0.428 seconds
[2023-07-12T06:38:02.432+0000] {processor.py:157} INFO - Started process (PID=4463) to work on /home/airflow/.local/lib/python3.7/site-packages/airflow/example_dags/example_local_kubernetes_executor.py
[2023-07-12T06:38:02.435+0000] {processor.py:826} INFO - Processing file /home/airflow/.local/lib/python3.7/site-packages/airflow/example_dags/example_local_kubernetes_executor.py for tasks to queue
[2023-07-12T06:38:02.439+0000] {logging_mixin.py:150} INFO - [2023-07-12T06:38:02.438+0000] {dagbag.py:541} INFO - Filling up the DagBag from /home/airflow/.local/lib/python3.7/site-packages/airflow/example_dags/example_local_kubernetes_executor.py
[2023-07-12T06:38:02.705+0000] {processor.py:836} INFO - DAG(s) dict_keys(['example_local_kubernetes_executor']) retrieved from /home/airflow/.local/lib/python3.7/site-packages/airflow/example_dags/example_local_kubernetes_executor.py
[2023-07-12T06:38:02.751+0000] {logging_mixin.py:150} INFO - [2023-07-12T06:38:02.751+0000] {dag.py:2742} INFO - Sync 1 DAGs
[2023-07-12T06:38:02.789+0000] {logging_mixin.py:150} INFO - [2023-07-12T06:38:02.789+0000] {dag.py:3508} INFO - Setting next_dagrun for example_local_kubernetes_executor to None, run_after=None
[2023-07-12T06:38:02.819+0000] {processor.py:179} INFO - Processing /home/airflow/.local/lib/python3.7/site-packages/airflow/example_dags/example_local_kubernetes_executor.py took 0.394 seconds
[2023-07-12T06:38:33.736+0000] {processor.py:157} INFO - Started process (PID=4704) to work on /home/airflow/.local/lib/python3.7/site-packages/airflow/example_dags/example_local_kubernetes_executor.py
[2023-07-12T06:38:33.739+0000] {processor.py:826} INFO - Processing file /home/airflow/.local/lib/python3.7/site-packages/airflow/example_dags/example_local_kubernetes_executor.py for tasks to queue
[2023-07-12T06:38:33.742+0000] {logging_mixin.py:150} INFO - [2023-07-12T06:38:33.742+0000] {dagbag.py:541} INFO - Filling up the DagBag from /home/airflow/.local/lib/python3.7/site-packages/airflow/example_dags/example_local_kubernetes_executor.py
[2023-07-12T06:38:34.091+0000] {processor.py:836} INFO - DAG(s) dict_keys(['example_local_kubernetes_executor']) retrieved from /home/airflow/.local/lib/python3.7/site-packages/airflow/example_dags/example_local_kubernetes_executor.py
[2023-07-12T06:38:34.136+0000] {logging_mixin.py:150} INFO - [2023-07-12T06:38:34.135+0000] {dag.py:2742} INFO - Sync 1 DAGs
[2023-07-12T06:38:34.172+0000] {logging_mixin.py:150} INFO - [2023-07-12T06:38:34.171+0000] {dag.py:3508} INFO - Setting next_dagrun for example_local_kubernetes_executor to None, run_after=None
[2023-07-12T06:38:34.204+0000] {processor.py:179} INFO - Processing /home/airflow/.local/lib/python3.7/site-packages/airflow/example_dags/example_local_kubernetes_executor.py took 0.472 seconds
[2023-07-12T06:39:04.385+0000] {processor.py:157} INFO - Started process (PID=4955) to work on /home/airflow/.local/lib/python3.7/site-packages/airflow/example_dags/example_local_kubernetes_executor.py
[2023-07-12T06:39:04.387+0000] {processor.py:826} INFO - Processing file /home/airflow/.local/lib/python3.7/site-packages/airflow/example_dags/example_local_kubernetes_executor.py for tasks to queue
[2023-07-12T06:39:04.390+0000] {logging_mixin.py:150} INFO - [2023-07-12T06:39:04.390+0000] {dagbag.py:541} INFO - Filling up the DagBag from /home/airflow/.local/lib/python3.7/site-packages/airflow/example_dags/example_local_kubernetes_executor.py
[2023-07-12T06:39:04.661+0000] {processor.py:836} INFO - DAG(s) dict_keys(['example_local_kubernetes_executor']) retrieved from /home/airflow/.local/lib/python3.7/site-packages/airflow/example_dags/example_local_kubernetes_executor.py
[2023-07-12T06:39:04.709+0000] {logging_mixin.py:150} INFO - [2023-07-12T06:39:04.709+0000] {dag.py:2742} INFO - Sync 1 DAGs
[2023-07-12T06:39:04.745+0000] {logging_mixin.py:150} INFO - [2023-07-12T06:39:04.745+0000] {dag.py:3508} INFO - Setting next_dagrun for example_local_kubernetes_executor to None, run_after=None
[2023-07-12T06:39:04.776+0000] {processor.py:179} INFO - Processing /home/airflow/.local/lib/python3.7/site-packages/airflow/example_dags/example_local_kubernetes_executor.py took 0.396 seconds
[2023-07-12T06:39:35.113+0000] {processor.py:157} INFO - Started process (PID=5193) to work on /home/airflow/.local/lib/python3.7/site-packages/airflow/example_dags/example_local_kubernetes_executor.py
[2023-07-12T06:39:35.116+0000] {processor.py:826} INFO - Processing file /home/airflow/.local/lib/python3.7/site-packages/airflow/example_dags/example_local_kubernetes_executor.py for tasks to queue
[2023-07-12T06:39:35.118+0000] {logging_mixin.py:150} INFO - [2023-07-12T06:39:35.118+0000] {dagbag.py:541} INFO - Filling up the DagBag from /home/airflow/.local/lib/python3.7/site-packages/airflow/example_dags/example_local_kubernetes_executor.py
[2023-07-12T06:39:35.390+0000] {processor.py:836} INFO - DAG(s) dict_keys(['example_local_kubernetes_executor']) retrieved from /home/airflow/.local/lib/python3.7/site-packages/airflow/example_dags/example_local_kubernetes_executor.py
[2023-07-12T06:39:35.444+0000] {logging_mixin.py:150} INFO - [2023-07-12T06:39:35.444+0000] {dag.py:2742} INFO - Sync 1 DAGs
[2023-07-12T06:39:35.476+0000] {logging_mixin.py:150} INFO - [2023-07-12T06:39:35.476+0000] {dag.py:3508} INFO - Setting next_dagrun for example_local_kubernetes_executor to None, run_after=None
[2023-07-12T06:39:35.504+0000] {processor.py:179} INFO - Processing /home/airflow/.local/lib/python3.7/site-packages/airflow/example_dags/example_local_kubernetes_executor.py took 0.398 seconds
[2023-07-12T06:40:05.854+0000] {processor.py:157} INFO - Started process (PID=5434) to work on /home/airflow/.local/lib/python3.7/site-packages/airflow/example_dags/example_local_kubernetes_executor.py
[2023-07-12T06:40:05.856+0000] {processor.py:826} INFO - Processing file /home/airflow/.local/lib/python3.7/site-packages/airflow/example_dags/example_local_kubernetes_executor.py for tasks to queue
[2023-07-12T06:40:05.858+0000] {logging_mixin.py:150} INFO - [2023-07-12T06:40:05.858+0000] {dagbag.py:541} INFO - Filling up the DagBag from /home/airflow/.local/lib/python3.7/site-packages/airflow/example_dags/example_local_kubernetes_executor.py
[2023-07-12T06:40:06.101+0000] {processor.py:836} INFO - DAG(s) dict_keys(['example_local_kubernetes_executor']) retrieved from /home/airflow/.local/lib/python3.7/site-packages/airflow/example_dags/example_local_kubernetes_executor.py
[2023-07-12T06:40:06.144+0000] {logging_mixin.py:150} INFO - [2023-07-12T06:40:06.144+0000] {dag.py:2742} INFO - Sync 1 DAGs
[2023-07-12T06:40:06.178+0000] {logging_mixin.py:150} INFO - [2023-07-12T06:40:06.178+0000] {dag.py:3508} INFO - Setting next_dagrun for example_local_kubernetes_executor to None, run_after=None
[2023-07-12T06:40:06.207+0000] {processor.py:179} INFO - Processing /home/airflow/.local/lib/python3.7/site-packages/airflow/example_dags/example_local_kubernetes_executor.py took 0.359 seconds
[2023-07-12T06:40:36.455+0000] {processor.py:157} INFO - Started process (PID=5675) to work on /home/airflow/.local/lib/python3.7/site-packages/airflow/example_dags/example_local_kubernetes_executor.py
[2023-07-12T06:40:36.458+0000] {processor.py:826} INFO - Processing file /home/airflow/.local/lib/python3.7/site-packages/airflow/example_dags/example_local_kubernetes_executor.py for tasks to queue
[2023-07-12T06:40:36.465+0000] {logging_mixin.py:150} INFO - [2023-07-12T06:40:36.464+0000] {dagbag.py:541} INFO - Filling up the DagBag from /home/airflow/.local/lib/python3.7/site-packages/airflow/example_dags/example_local_kubernetes_executor.py
[2023-07-12T06:40:36.721+0000] {processor.py:836} INFO - DAG(s) dict_keys(['example_local_kubernetes_executor']) retrieved from /home/airflow/.local/lib/python3.7/site-packages/airflow/example_dags/example_local_kubernetes_executor.py
[2023-07-12T06:40:36.768+0000] {logging_mixin.py:150} INFO - [2023-07-12T06:40:36.768+0000] {dag.py:2742} INFO - Sync 1 DAGs
[2023-07-12T06:40:36.805+0000] {logging_mixin.py:150} INFO - [2023-07-12T06:40:36.805+0000] {dag.py:3508} INFO - Setting next_dagrun for example_local_kubernetes_executor to None, run_after=None
[2023-07-12T06:40:36.841+0000] {processor.py:179} INFO - Processing /home/airflow/.local/lib/python3.7/site-packages/airflow/example_dags/example_local_kubernetes_executor.py took 0.391 seconds
[2023-07-12T06:41:07.137+0000] {processor.py:157} INFO - Started process (PID=5926) to work on /home/airflow/.local/lib/python3.7/site-packages/airflow/example_dags/example_local_kubernetes_executor.py
[2023-07-12T06:41:07.140+0000] {processor.py:826} INFO - Processing file /home/airflow/.local/lib/python3.7/site-packages/airflow/example_dags/example_local_kubernetes_executor.py for tasks to queue
[2023-07-12T06:41:07.142+0000] {logging_mixin.py:150} INFO - [2023-07-12T06:41:07.142+0000] {dagbag.py:541} INFO - Filling up the DagBag from /home/airflow/.local/lib/python3.7/site-packages/airflow/example_dags/example_local_kubernetes_executor.py
[2023-07-12T06:41:07.392+0000] {processor.py:836} INFO - DAG(s) dict_keys(['example_local_kubernetes_executor']) retrieved from /home/airflow/.local/lib/python3.7/site-packages/airflow/example_dags/example_local_kubernetes_executor.py
[2023-07-12T06:41:07.441+0000] {logging_mixin.py:150} INFO - [2023-07-12T06:41:07.441+0000] {dag.py:2742} INFO - Sync 1 DAGs
[2023-07-12T06:41:07.474+0000] {logging_mixin.py:150} INFO - [2023-07-12T06:41:07.473+0000] {dag.py:3508} INFO - Setting next_dagrun for example_local_kubernetes_executor to None, run_after=None
[2023-07-12T06:41:07.511+0000] {processor.py:179} INFO - Processing /home/airflow/.local/lib/python3.7/site-packages/airflow/example_dags/example_local_kubernetes_executor.py took 0.378 seconds
[2023-07-12T06:41:37.639+0000] {processor.py:157} INFO - Started process (PID=6175) to work on /home/airflow/.local/lib/python3.7/site-packages/airflow/example_dags/example_local_kubernetes_executor.py
[2023-07-12T06:41:37.642+0000] {processor.py:826} INFO - Processing file /home/airflow/.local/lib/python3.7/site-packages/airflow/example_dags/example_local_kubernetes_executor.py for tasks to queue
[2023-07-12T06:41:37.644+0000] {logging_mixin.py:150} INFO - [2023-07-12T06:41:37.644+0000] {dagbag.py:541} INFO - Filling up the DagBag from /home/airflow/.local/lib/python3.7/site-packages/airflow/example_dags/example_local_kubernetes_executor.py
[2023-07-12T06:41:37.873+0000] {processor.py:836} INFO - DAG(s) dict_keys(['example_local_kubernetes_executor']) retrieved from /home/airflow/.local/lib/python3.7/site-packages/airflow/example_dags/example_local_kubernetes_executor.py
[2023-07-12T06:41:37.932+0000] {logging_mixin.py:150} INFO - [2023-07-12T06:41:37.931+0000] {dag.py:2742} INFO - Sync 1 DAGs
[2023-07-12T06:41:37.965+0000] {logging_mixin.py:150} INFO - [2023-07-12T06:41:37.965+0000] {dag.py:3508} INFO - Setting next_dagrun for example_local_kubernetes_executor to None, run_after=None
[2023-07-12T06:41:37.997+0000] {processor.py:179} INFO - Processing /home/airflow/.local/lib/python3.7/site-packages/airflow/example_dags/example_local_kubernetes_executor.py took 0.363 seconds
[2023-07-12T06:42:08.120+0000] {processor.py:157} INFO - Started process (PID=6417) to work on /home/airflow/.local/lib/python3.7/site-packages/airflow/example_dags/example_local_kubernetes_executor.py
[2023-07-12T06:42:08.122+0000] {processor.py:826} INFO - Processing file /home/airflow/.local/lib/python3.7/site-packages/airflow/example_dags/example_local_kubernetes_executor.py for tasks to queue
[2023-07-12T06:42:08.125+0000] {logging_mixin.py:150} INFO - [2023-07-12T06:42:08.124+0000] {dagbag.py:541} INFO - Filling up the DagBag from /home/airflow/.local/lib/python3.7/site-packages/airflow/example_dags/example_local_kubernetes_executor.py
[2023-07-12T06:42:08.356+0000] {processor.py:836} INFO - DAG(s) dict_keys(['example_local_kubernetes_executor']) retrieved from /home/airflow/.local/lib/python3.7/site-packages/airflow/example_dags/example_local_kubernetes_executor.py
[2023-07-12T06:42:08.410+0000] {logging_mixin.py:150} INFO - [2023-07-12T06:42:08.410+0000] {dag.py:2742} INFO - Sync 1 DAGs
[2023-07-12T06:42:08.446+0000] {logging_mixin.py:150} INFO - [2023-07-12T06:42:08.445+0000] {dag.py:3508} INFO - Setting next_dagrun for example_local_kubernetes_executor to None, run_after=None
[2023-07-12T06:42:08.473+0000] {processor.py:179} INFO - Processing /home/airflow/.local/lib/python3.7/site-packages/airflow/example_dags/example_local_kubernetes_executor.py took 0.358 seconds
[2023-07-12T06:42:38.873+0000] {processor.py:157} INFO - Started process (PID=6663) to work on /home/airflow/.local/lib/python3.7/site-packages/airflow/example_dags/example_local_kubernetes_executor.py
[2023-07-12T06:42:38.875+0000] {processor.py:826} INFO - Processing file /home/airflow/.local/lib/python3.7/site-packages/airflow/example_dags/example_local_kubernetes_executor.py for tasks to queue
[2023-07-12T06:42:38.877+0000] {logging_mixin.py:150} INFO - [2023-07-12T06:42:38.877+0000] {dagbag.py:541} INFO - Filling up the DagBag from /home/airflow/.local/lib/python3.7/site-packages/airflow/example_dags/example_local_kubernetes_executor.py
[2023-07-12T06:42:39.113+0000] {processor.py:836} INFO - DAG(s) dict_keys(['example_local_kubernetes_executor']) retrieved from /home/airflow/.local/lib/python3.7/site-packages/airflow/example_dags/example_local_kubernetes_executor.py
[2023-07-12T06:42:39.159+0000] {logging_mixin.py:150} INFO - [2023-07-12T06:42:39.159+0000] {dag.py:2742} INFO - Sync 1 DAGs
[2023-07-12T06:42:39.198+0000] {logging_mixin.py:150} INFO - [2023-07-12T06:42:39.198+0000] {dag.py:3508} INFO - Setting next_dagrun for example_local_kubernetes_executor to None, run_after=None
[2023-07-12T06:42:39.234+0000] {processor.py:179} INFO - Processing /home/airflow/.local/lib/python3.7/site-packages/airflow/example_dags/example_local_kubernetes_executor.py took 0.366 seconds
[2023-07-12T06:43:09.344+0000] {processor.py:157} INFO - Started process (PID=6911) to work on /home/airflow/.local/lib/python3.7/site-packages/airflow/example_dags/example_local_kubernetes_executor.py
[2023-07-12T06:43:09.347+0000] {processor.py:826} INFO - Processing file /home/airflow/.local/lib/python3.7/site-packages/airflow/example_dags/example_local_kubernetes_executor.py for tasks to queue
[2023-07-12T06:43:09.350+0000] {logging_mixin.py:150} INFO - [2023-07-12T06:43:09.350+0000] {dagbag.py:541} INFO - Filling up the DagBag from /home/airflow/.local/lib/python3.7/site-packages/airflow/example_dags/example_local_kubernetes_executor.py
[2023-07-12T06:43:09.582+0000] {processor.py:836} INFO - DAG(s) dict_keys(['example_local_kubernetes_executor']) retrieved from /home/airflow/.local/lib/python3.7/site-packages/airflow/example_dags/example_local_kubernetes_executor.py
[2023-07-12T06:43:09.625+0000] {logging_mixin.py:150} INFO - [2023-07-12T06:43:09.625+0000] {dag.py:2742} INFO - Sync 1 DAGs
[2023-07-12T06:43:09.655+0000] {logging_mixin.py:150} INFO - [2023-07-12T06:43:09.655+0000] {dag.py:3508} INFO - Setting next_dagrun for example_local_kubernetes_executor to None, run_after=None
[2023-07-12T06:43:09.682+0000] {processor.py:179} INFO - Processing /home/airflow/.local/lib/python3.7/site-packages/airflow/example_dags/example_local_kubernetes_executor.py took 0.342 seconds
[2023-07-12T06:43:40.690+0000] {processor.py:157} INFO - Started process (PID=7152) to work on /home/airflow/.local/lib/python3.7/site-packages/airflow/example_dags/example_local_kubernetes_executor.py
[2023-07-12T06:43:40.692+0000] {processor.py:826} INFO - Processing file /home/airflow/.local/lib/python3.7/site-packages/airflow/example_dags/example_local_kubernetes_executor.py for tasks to queue
[2023-07-12T06:43:40.694+0000] {logging_mixin.py:150} INFO - [2023-07-12T06:43:40.694+0000] {dagbag.py:541} INFO - Filling up the DagBag from /home/airflow/.local/lib/python3.7/site-packages/airflow/example_dags/example_local_kubernetes_executor.py
[2023-07-12T06:43:40.937+0000] {processor.py:836} INFO - DAG(s) dict_keys(['example_local_kubernetes_executor']) retrieved from /home/airflow/.local/lib/python3.7/site-packages/airflow/example_dags/example_local_kubernetes_executor.py
[2023-07-12T06:43:40.984+0000] {logging_mixin.py:150} INFO - [2023-07-12T06:43:40.984+0000] {dag.py:2742} INFO - Sync 1 DAGs
[2023-07-12T06:43:41.015+0000] {logging_mixin.py:150} INFO - [2023-07-12T06:43:41.015+0000] {dag.py:3508} INFO - Setting next_dagrun for example_local_kubernetes_executor to None, run_after=None
[2023-07-12T06:43:41.046+0000] {processor.py:179} INFO - Processing /home/airflow/.local/lib/python3.7/site-packages/airflow/example_dags/example_local_kubernetes_executor.py took 0.361 seconds
[2023-07-12T06:44:11.252+0000] {processor.py:157} INFO - Started process (PID=7401) to work on /home/airflow/.local/lib/python3.7/site-packages/airflow/example_dags/example_local_kubernetes_executor.py
[2023-07-12T06:44:11.255+0000] {processor.py:826} INFO - Processing file /home/airflow/.local/lib/python3.7/site-packages/airflow/example_dags/example_local_kubernetes_executor.py for tasks to queue
[2023-07-12T06:44:11.260+0000] {logging_mixin.py:150} INFO - [2023-07-12T06:44:11.259+0000] {dagbag.py:541} INFO - Filling up the DagBag from /home/airflow/.local/lib/python3.7/site-packages/airflow/example_dags/example_local_kubernetes_executor.py
[2023-07-12T06:44:11.489+0000] {processor.py:836} INFO - DAG(s) dict_keys(['example_local_kubernetes_executor']) retrieved from /home/airflow/.local/lib/python3.7/site-packages/airflow/example_dags/example_local_kubernetes_executor.py
[2023-07-12T06:44:11.531+0000] {logging_mixin.py:150} INFO - [2023-07-12T06:44:11.530+0000] {dag.py:2742} INFO - Sync 1 DAGs
[2023-07-12T06:44:11.565+0000] {logging_mixin.py:150} INFO - [2023-07-12T06:44:11.564+0000] {dag.py:3508} INFO - Setting next_dagrun for example_local_kubernetes_executor to None, run_after=None
[2023-07-12T06:44:11.598+0000] {processor.py:179} INFO - Processing /home/airflow/.local/lib/python3.7/site-packages/airflow/example_dags/example_local_kubernetes_executor.py took 0.352 seconds
[2023-07-12T06:44:41.678+0000] {processor.py:157} INFO - Started process (PID=7649) to work on /home/airflow/.local/lib/python3.7/site-packages/airflow/example_dags/example_local_kubernetes_executor.py
[2023-07-12T06:44:41.680+0000] {processor.py:826} INFO - Processing file /home/airflow/.local/lib/python3.7/site-packages/airflow/example_dags/example_local_kubernetes_executor.py for tasks to queue
[2023-07-12T06:44:41.682+0000] {logging_mixin.py:150} INFO - [2023-07-12T06:44:41.681+0000] {dagbag.py:541} INFO - Filling up the DagBag from /home/airflow/.local/lib/python3.7/site-packages/airflow/example_dags/example_local_kubernetes_executor.py
[2023-07-12T06:44:41.936+0000] {processor.py:836} INFO - DAG(s) dict_keys(['example_local_kubernetes_executor']) retrieved from /home/airflow/.local/lib/python3.7/site-packages/airflow/example_dags/example_local_kubernetes_executor.py
[2023-07-12T06:44:41.980+0000] {logging_mixin.py:150} INFO - [2023-07-12T06:44:41.980+0000] {dag.py:2742} INFO - Sync 1 DAGs
[2023-07-12T06:44:42.017+0000] {logging_mixin.py:150} INFO - [2023-07-12T06:44:42.016+0000] {dag.py:3508} INFO - Setting next_dagrun for example_local_kubernetes_executor to None, run_after=None
[2023-07-12T06:44:42.053+0000] {processor.py:179} INFO - Processing /home/airflow/.local/lib/python3.7/site-packages/airflow/example_dags/example_local_kubernetes_executor.py took 0.380 seconds
[2023-07-12T06:45:12.281+0000] {processor.py:157} INFO - Started process (PID=7893) to work on /home/airflow/.local/lib/python3.7/site-packages/airflow/example_dags/example_local_kubernetes_executor.py
[2023-07-12T06:45:12.283+0000] {processor.py:826} INFO - Processing file /home/airflow/.local/lib/python3.7/site-packages/airflow/example_dags/example_local_kubernetes_executor.py for tasks to queue
[2023-07-12T06:45:12.285+0000] {logging_mixin.py:150} INFO - [2023-07-12T06:45:12.285+0000] {dagbag.py:541} INFO - Filling up the DagBag from /home/airflow/.local/lib/python3.7/site-packages/airflow/example_dags/example_local_kubernetes_executor.py
[2023-07-12T06:45:12.531+0000] {processor.py:836} INFO - DAG(s) dict_keys(['example_local_kubernetes_executor']) retrieved from /home/airflow/.local/lib/python3.7/site-packages/airflow/example_dags/example_local_kubernetes_executor.py
[2023-07-12T06:45:12.575+0000] {logging_mixin.py:150} INFO - [2023-07-12T06:45:12.574+0000] {dag.py:2742} INFO - Sync 1 DAGs
[2023-07-12T06:45:12.606+0000] {logging_mixin.py:150} INFO - [2023-07-12T06:45:12.606+0000] {dag.py:3508} INFO - Setting next_dagrun for example_local_kubernetes_executor to None, run_after=None
[2023-07-12T06:45:12.636+0000] {processor.py:179} INFO - Processing /home/airflow/.local/lib/python3.7/site-packages/airflow/example_dags/example_local_kubernetes_executor.py took 0.361 seconds
[2023-07-12T06:45:43.550+0000] {processor.py:157} INFO - Started process (PID=8141) to work on /home/airflow/.local/lib/python3.7/site-packages/airflow/example_dags/example_local_kubernetes_executor.py
[2023-07-12T06:45:43.553+0000] {processor.py:826} INFO - Processing file /home/airflow/.local/lib/python3.7/site-packages/airflow/example_dags/example_local_kubernetes_executor.py for tasks to queue
[2023-07-12T06:45:43.557+0000] {logging_mixin.py:150} INFO - [2023-07-12T06:45:43.556+0000] {dagbag.py:541} INFO - Filling up the DagBag from /home/airflow/.local/lib/python3.7/site-packages/airflow/example_dags/example_local_kubernetes_executor.py
[2023-07-12T06:45:43.800+0000] {processor.py:836} INFO - DAG(s) dict_keys(['example_local_kubernetes_executor']) retrieved from /home/airflow/.local/lib/python3.7/site-packages/airflow/example_dags/example_local_kubernetes_executor.py
[2023-07-12T06:45:43.845+0000] {logging_mixin.py:150} INFO - [2023-07-12T06:45:43.845+0000] {dag.py:2742} INFO - Sync 1 DAGs
[2023-07-12T06:45:43.878+0000] {logging_mixin.py:150} INFO - [2023-07-12T06:45:43.877+0000] {dag.py:3508} INFO - Setting next_dagrun for example_local_kubernetes_executor to None, run_after=None
[2023-07-12T06:45:43.909+0000] {processor.py:179} INFO - Processing /home/airflow/.local/lib/python3.7/site-packages/airflow/example_dags/example_local_kubernetes_executor.py took 0.366 seconds
[2023-07-12T06:46:14.052+0000] {processor.py:157} INFO - Started process (PID=8390) to work on /home/airflow/.local/lib/python3.7/site-packages/airflow/example_dags/example_local_kubernetes_executor.py
[2023-07-12T06:46:14.055+0000] {processor.py:826} INFO - Processing file /home/airflow/.local/lib/python3.7/site-packages/airflow/example_dags/example_local_kubernetes_executor.py for tasks to queue
[2023-07-12T06:46:14.058+0000] {logging_mixin.py:150} INFO - [2023-07-12T06:46:14.057+0000] {dagbag.py:541} INFO - Filling up the DagBag from /home/airflow/.local/lib/python3.7/site-packages/airflow/example_dags/example_local_kubernetes_executor.py
[2023-07-12T06:46:14.318+0000] {processor.py:836} INFO - DAG(s) dict_keys(['example_local_kubernetes_executor']) retrieved from /home/airflow/.local/lib/python3.7/site-packages/airflow/example_dags/example_local_kubernetes_executor.py
[2023-07-12T06:46:14.367+0000] {logging_mixin.py:150} INFO - [2023-07-12T06:46:14.367+0000] {dag.py:2742} INFO - Sync 1 DAGs
[2023-07-12T06:46:14.400+0000] {logging_mixin.py:150} INFO - [2023-07-12T06:46:14.400+0000] {dag.py:3508} INFO - Setting next_dagrun for example_local_kubernetes_executor to None, run_after=None
[2023-07-12T06:46:14.430+0000] {processor.py:179} INFO - Processing /home/airflow/.local/lib/python3.7/site-packages/airflow/example_dags/example_local_kubernetes_executor.py took 0.383 seconds
[2023-07-12T06:46:44.531+0000] {processor.py:157} INFO - Started process (PID=8638) to work on /home/airflow/.local/lib/python3.7/site-packages/airflow/example_dags/example_local_kubernetes_executor.py
[2023-07-12T06:46:44.533+0000] {processor.py:826} INFO - Processing file /home/airflow/.local/lib/python3.7/site-packages/airflow/example_dags/example_local_kubernetes_executor.py for tasks to queue
[2023-07-12T06:46:44.535+0000] {logging_mixin.py:150} INFO - [2023-07-12T06:46:44.535+0000] {dagbag.py:541} INFO - Filling up the DagBag from /home/airflow/.local/lib/python3.7/site-packages/airflow/example_dags/example_local_kubernetes_executor.py
[2023-07-12T06:46:44.774+0000] {processor.py:836} INFO - DAG(s) dict_keys(['example_local_kubernetes_executor']) retrieved from /home/airflow/.local/lib/python3.7/site-packages/airflow/example_dags/example_local_kubernetes_executor.py
[2023-07-12T06:46:44.816+0000] {logging_mixin.py:150} INFO - [2023-07-12T06:46:44.816+0000] {dag.py:2742} INFO - Sync 1 DAGs
[2023-07-12T06:46:44.850+0000] {logging_mixin.py:150} INFO - [2023-07-12T06:46:44.850+0000] {dag.py:3508} INFO - Setting next_dagrun for example_local_kubernetes_executor to None, run_after=None
[2023-07-12T06:46:44.885+0000] {processor.py:179} INFO - Processing /home/airflow/.local/lib/python3.7/site-packages/airflow/example_dags/example_local_kubernetes_executor.py took 0.359 seconds
[2023-07-12T06:47:15.144+0000] {processor.py:157} INFO - Started process (PID=8882) to work on /home/airflow/.local/lib/python3.7/site-packages/airflow/example_dags/example_local_kubernetes_executor.py
[2023-07-12T06:47:15.148+0000] {processor.py:826} INFO - Processing file /home/airflow/.local/lib/python3.7/site-packages/airflow/example_dags/example_local_kubernetes_executor.py for tasks to queue
[2023-07-12T06:47:15.150+0000] {logging_mixin.py:150} INFO - [2023-07-12T06:47:15.150+0000] {dagbag.py:541} INFO - Filling up the DagBag from /home/airflow/.local/lib/python3.7/site-packages/airflow/example_dags/example_local_kubernetes_executor.py
[2023-07-12T06:47:15.391+0000] {processor.py:836} INFO - DAG(s) dict_keys(['example_local_kubernetes_executor']) retrieved from /home/airflow/.local/lib/python3.7/site-packages/airflow/example_dags/example_local_kubernetes_executor.py
[2023-07-12T06:47:15.435+0000] {logging_mixin.py:150} INFO - [2023-07-12T06:47:15.435+0000] {dag.py:2742} INFO - Sync 1 DAGs
[2023-07-12T06:47:15.470+0000] {logging_mixin.py:150} INFO - [2023-07-12T06:47:15.470+0000] {dag.py:3508} INFO - Setting next_dagrun for example_local_kubernetes_executor to None, run_after=None
[2023-07-12T06:47:15.513+0000] {processor.py:179} INFO - Processing /home/airflow/.local/lib/python3.7/site-packages/airflow/example_dags/example_local_kubernetes_executor.py took 0.373 seconds
[2023-07-12T06:47:45.832+0000] {processor.py:157} INFO - Started process (PID=9103) to work on /home/airflow/.local/lib/python3.7/site-packages/airflow/example_dags/example_local_kubernetes_executor.py
[2023-07-12T06:47:45.836+0000] {processor.py:826} INFO - Processing file /home/airflow/.local/lib/python3.7/site-packages/airflow/example_dags/example_local_kubernetes_executor.py for tasks to queue
[2023-07-12T06:47:45.839+0000] {logging_mixin.py:150} INFO - [2023-07-12T06:47:45.838+0000] {dagbag.py:541} INFO - Filling up the DagBag from /home/airflow/.local/lib/python3.7/site-packages/airflow/example_dags/example_local_kubernetes_executor.py
[2023-07-12T06:47:46.194+0000] {processor.py:836} INFO - DAG(s) dict_keys(['example_local_kubernetes_executor']) retrieved from /home/airflow/.local/lib/python3.7/site-packages/airflow/example_dags/example_local_kubernetes_executor.py
[2023-07-12T06:47:46.255+0000] {logging_mixin.py:150} INFO - [2023-07-12T06:47:46.255+0000] {dag.py:2742} INFO - Sync 1 DAGs
[2023-07-12T06:47:46.302+0000] {logging_mixin.py:150} INFO - [2023-07-12T06:47:46.302+0000] {dag.py:3508} INFO - Setting next_dagrun for example_local_kubernetes_executor to None, run_after=None
[2023-07-12T06:47:46.343+0000] {processor.py:179} INFO - Processing /home/airflow/.local/lib/python3.7/site-packages/airflow/example_dags/example_local_kubernetes_executor.py took 0.518 seconds
[2023-07-12T06:48:16.520+0000] {processor.py:157} INFO - Started process (PID=9344) to work on /home/airflow/.local/lib/python3.7/site-packages/airflow/example_dags/example_local_kubernetes_executor.py
[2023-07-12T06:48:16.523+0000] {processor.py:826} INFO - Processing file /home/airflow/.local/lib/python3.7/site-packages/airflow/example_dags/example_local_kubernetes_executor.py for tasks to queue
[2023-07-12T06:48:16.526+0000] {logging_mixin.py:150} INFO - [2023-07-12T06:48:16.525+0000] {dagbag.py:541} INFO - Filling up the DagBag from /home/airflow/.local/lib/python3.7/site-packages/airflow/example_dags/example_local_kubernetes_executor.py
[2023-07-12T06:48:16.865+0000] {processor.py:836} INFO - DAG(s) dict_keys(['example_local_kubernetes_executor']) retrieved from /home/airflow/.local/lib/python3.7/site-packages/airflow/example_dags/example_local_kubernetes_executor.py
[2023-07-12T06:48:16.917+0000] {logging_mixin.py:150} INFO - [2023-07-12T06:48:16.917+0000] {dag.py:2742} INFO - Sync 1 DAGs
[2023-07-12T06:48:16.953+0000] {logging_mixin.py:150} INFO - [2023-07-12T06:48:16.953+0000] {dag.py:3508} INFO - Setting next_dagrun for example_local_kubernetes_executor to None, run_after=None
[2023-07-12T06:48:16.983+0000] {processor.py:179} INFO - Processing /home/airflow/.local/lib/python3.7/site-packages/airflow/example_dags/example_local_kubernetes_executor.py took 0.469 seconds
[2023-07-12T06:48:47.053+0000] {processor.py:157} INFO - Started process (PID=9585) to work on /home/airflow/.local/lib/python3.7/site-packages/airflow/example_dags/example_local_kubernetes_executor.py
[2023-07-12T06:48:47.057+0000] {processor.py:826} INFO - Processing file /home/airflow/.local/lib/python3.7/site-packages/airflow/example_dags/example_local_kubernetes_executor.py for tasks to queue
[2023-07-12T06:48:47.059+0000] {logging_mixin.py:150} INFO - [2023-07-12T06:48:47.058+0000] {dagbag.py:541} INFO - Filling up the DagBag from /home/airflow/.local/lib/python3.7/site-packages/airflow/example_dags/example_local_kubernetes_executor.py
[2023-07-12T06:48:47.355+0000] {processor.py:836} INFO - DAG(s) dict_keys(['example_local_kubernetes_executor']) retrieved from /home/airflow/.local/lib/python3.7/site-packages/airflow/example_dags/example_local_kubernetes_executor.py
[2023-07-12T06:48:47.413+0000] {logging_mixin.py:150} INFO - [2023-07-12T06:48:47.412+0000] {dag.py:2742} INFO - Sync 1 DAGs
[2023-07-12T06:48:47.456+0000] {logging_mixin.py:150} INFO - [2023-07-12T06:48:47.455+0000] {dag.py:3508} INFO - Setting next_dagrun for example_local_kubernetes_executor to None, run_after=None
[2023-07-12T06:48:47.492+0000] {processor.py:179} INFO - Processing /home/airflow/.local/lib/python3.7/site-packages/airflow/example_dags/example_local_kubernetes_executor.py took 0.445 seconds
[2023-07-12T06:49:17.889+0000] {processor.py:157} INFO - Started process (PID=9826) to work on /home/airflow/.local/lib/python3.7/site-packages/airflow/example_dags/example_local_kubernetes_executor.py
[2023-07-12T06:49:17.893+0000] {processor.py:826} INFO - Processing file /home/airflow/.local/lib/python3.7/site-packages/airflow/example_dags/example_local_kubernetes_executor.py for tasks to queue
[2023-07-12T06:49:17.896+0000] {logging_mixin.py:150} INFO - [2023-07-12T06:49:17.896+0000] {dagbag.py:541} INFO - Filling up the DagBag from /home/airflow/.local/lib/python3.7/site-packages/airflow/example_dags/example_local_kubernetes_executor.py
[2023-07-12T06:49:18.243+0000] {processor.py:836} INFO - DAG(s) dict_keys(['example_local_kubernetes_executor']) retrieved from /home/airflow/.local/lib/python3.7/site-packages/airflow/example_dags/example_local_kubernetes_executor.py
[2023-07-12T06:49:18.298+0000] {logging_mixin.py:150} INFO - [2023-07-12T06:49:18.298+0000] {dag.py:2742} INFO - Sync 1 DAGs
[2023-07-12T06:49:18.341+0000] {logging_mixin.py:150} INFO - [2023-07-12T06:49:18.341+0000] {dag.py:3508} INFO - Setting next_dagrun for example_local_kubernetes_executor to None, run_after=None
[2023-07-12T06:49:18.382+0000] {processor.py:179} INFO - Processing /home/airflow/.local/lib/python3.7/site-packages/airflow/example_dags/example_local_kubernetes_executor.py took 0.501 seconds
[2023-07-12T06:49:48.584+0000] {processor.py:157} INFO - Started process (PID=10077) to work on /home/airflow/.local/lib/python3.7/site-packages/airflow/example_dags/example_local_kubernetes_executor.py
[2023-07-12T06:49:48.587+0000] {processor.py:826} INFO - Processing file /home/airflow/.local/lib/python3.7/site-packages/airflow/example_dags/example_local_kubernetes_executor.py for tasks to queue
[2023-07-12T06:49:48.589+0000] {logging_mixin.py:150} INFO - [2023-07-12T06:49:48.589+0000] {dagbag.py:541} INFO - Filling up the DagBag from /home/airflow/.local/lib/python3.7/site-packages/airflow/example_dags/example_local_kubernetes_executor.py
[2023-07-12T06:49:48.884+0000] {processor.py:836} INFO - DAG(s) dict_keys(['example_local_kubernetes_executor']) retrieved from /home/airflow/.local/lib/python3.7/site-packages/airflow/example_dags/example_local_kubernetes_executor.py
[2023-07-12T06:49:48.934+0000] {logging_mixin.py:150} INFO - [2023-07-12T06:49:48.934+0000] {dag.py:2742} INFO - Sync 1 DAGs
[2023-07-12T06:49:48.972+0000] {logging_mixin.py:150} INFO - [2023-07-12T06:49:48.972+0000] {dag.py:3508} INFO - Setting next_dagrun for example_local_kubernetes_executor to None, run_after=None
[2023-07-12T06:49:49.013+0000] {processor.py:179} INFO - Processing /home/airflow/.local/lib/python3.7/site-packages/airflow/example_dags/example_local_kubernetes_executor.py took 0.433 seconds
[2023-07-12T06:50:19.293+0000] {processor.py:157} INFO - Started process (PID=10308) to work on /home/airflow/.local/lib/python3.7/site-packages/airflow/example_dags/example_local_kubernetes_executor.py
[2023-07-12T06:50:19.297+0000] {processor.py:826} INFO - Processing file /home/airflow/.local/lib/python3.7/site-packages/airflow/example_dags/example_local_kubernetes_executor.py for tasks to queue
[2023-07-12T06:50:19.301+0000] {logging_mixin.py:150} INFO - [2023-07-12T06:50:19.300+0000] {dagbag.py:541} INFO - Filling up the DagBag from /home/airflow/.local/lib/python3.7/site-packages/airflow/example_dags/example_local_kubernetes_executor.py
[2023-07-12T06:50:19.578+0000] {processor.py:836} INFO - DAG(s) dict_keys(['example_local_kubernetes_executor']) retrieved from /home/airflow/.local/lib/python3.7/site-packages/airflow/example_dags/example_local_kubernetes_executor.py
[2023-07-12T06:50:19.626+0000] {logging_mixin.py:150} INFO - [2023-07-12T06:50:19.625+0000] {dag.py:2742} INFO - Sync 1 DAGs
[2023-07-12T06:50:19.664+0000] {logging_mixin.py:150} INFO - [2023-07-12T06:50:19.663+0000] {dag.py:3508} INFO - Setting next_dagrun for example_local_kubernetes_executor to None, run_after=None
[2023-07-12T06:50:19.694+0000] {processor.py:179} INFO - Processing /home/airflow/.local/lib/python3.7/site-packages/airflow/example_dags/example_local_kubernetes_executor.py took 0.409 seconds
