[2023-07-12T06:29:24.117+0000] {processor.py:157} INFO - Started process (PID=404) to work on /home/airflow/.local/lib/python3.7/site-packages/airflow/example_dags/example_latest_only_with_trigger.py
[2023-07-12T06:29:24.123+0000] {processor.py:826} INFO - Processing file /home/airflow/.local/lib/python3.7/site-packages/airflow/example_dags/example_latest_only_with_trigger.py for tasks to queue
[2023-07-12T06:29:24.133+0000] {logging_mixin.py:150} INFO - [2023-07-12T06:29:24.133+0000] {dagbag.py:541} INFO - Filling up the DagBag from /home/airflow/.local/lib/python3.7/site-packages/airflow/example_dags/example_latest_only_with_trigger.py
[2023-07-12T06:29:24.156+0000] {processor.py:836} INFO - DAG(s) dict_keys(['latest_only_with_trigger']) retrieved from /home/airflow/.local/lib/python3.7/site-packages/airflow/example_dags/example_latest_only_with_trigger.py
[2023-07-12T06:29:24.219+0000] {logging_mixin.py:150} INFO - [2023-07-12T06:29:24.219+0000] {dag.py:2742} INFO - Sync 1 DAGs
[2023-07-12T06:29:24.282+0000] {logging_mixin.py:150} INFO - [2023-07-12T06:29:24.282+0000] {dag.py:3508} INFO - Setting next_dagrun for latest_only_with_trigger to 2023-07-12T02:29:24.281787+00:00, run_after=2023-07-12T06:29:24.281787+00:00
[2023-07-12T06:29:24.345+0000] {processor.py:179} INFO - Processing /home/airflow/.local/lib/python3.7/site-packages/airflow/example_dags/example_latest_only_with_trigger.py took 0.234 seconds
[2023-07-12T06:29:54.726+0000] {processor.py:157} INFO - Started process (PID=639) to work on /home/airflow/.local/lib/python3.7/site-packages/airflow/example_dags/example_latest_only_with_trigger.py
[2023-07-12T06:29:54.728+0000] {processor.py:826} INFO - Processing file /home/airflow/.local/lib/python3.7/site-packages/airflow/example_dags/example_latest_only_with_trigger.py for tasks to queue
[2023-07-12T06:29:54.731+0000] {logging_mixin.py:150} INFO - [2023-07-12T06:29:54.731+0000] {dagbag.py:541} INFO - Filling up the DagBag from /home/airflow/.local/lib/python3.7/site-packages/airflow/example_dags/example_latest_only_with_trigger.py
[2023-07-12T06:29:54.743+0000] {processor.py:836} INFO - DAG(s) dict_keys(['latest_only_with_trigger']) retrieved from /home/airflow/.local/lib/python3.7/site-packages/airflow/example_dags/example_latest_only_with_trigger.py
[2023-07-12T06:29:54.779+0000] {logging_mixin.py:150} INFO - [2023-07-12T06:29:54.779+0000] {dag.py:2742} INFO - Sync 1 DAGs
[2023-07-12T06:29:54.815+0000] {logging_mixin.py:150} INFO - [2023-07-12T06:29:54.815+0000] {dag.py:3508} INFO - Setting next_dagrun for latest_only_with_trigger to 2023-07-12T02:29:54.815287+00:00, run_after=2023-07-12T06:29:54.815287+00:00
[2023-07-12T06:29:54.845+0000] {processor.py:179} INFO - Processing /home/airflow/.local/lib/python3.7/site-packages/airflow/example_dags/example_latest_only_with_trigger.py took 0.125 seconds
[2023-07-12T06:30:25.059+0000] {processor.py:157} INFO - Started process (PID=880) to work on /home/airflow/.local/lib/python3.7/site-packages/airflow/example_dags/example_latest_only_with_trigger.py
[2023-07-12T06:30:25.064+0000] {processor.py:826} INFO - Processing file /home/airflow/.local/lib/python3.7/site-packages/airflow/example_dags/example_latest_only_with_trigger.py for tasks to queue
[2023-07-12T06:30:25.068+0000] {logging_mixin.py:150} INFO - [2023-07-12T06:30:25.067+0000] {dagbag.py:541} INFO - Filling up the DagBag from /home/airflow/.local/lib/python3.7/site-packages/airflow/example_dags/example_latest_only_with_trigger.py
[2023-07-12T06:30:25.081+0000] {processor.py:836} INFO - DAG(s) dict_keys(['latest_only_with_trigger']) retrieved from /home/airflow/.local/lib/python3.7/site-packages/airflow/example_dags/example_latest_only_with_trigger.py
[2023-07-12T06:30:25.121+0000] {logging_mixin.py:150} INFO - [2023-07-12T06:30:25.121+0000] {dag.py:2742} INFO - Sync 1 DAGs
[2023-07-12T06:30:25.165+0000] {logging_mixin.py:150} INFO - [2023-07-12T06:30:25.164+0000] {dag.py:3508} INFO - Setting next_dagrun for latest_only_with_trigger to 2023-07-12T02:30:25.164509+00:00, run_after=2023-07-12T06:30:25.164509+00:00
[2023-07-12T06:30:25.196+0000] {processor.py:179} INFO - Processing /home/airflow/.local/lib/python3.7/site-packages/airflow/example_dags/example_latest_only_with_trigger.py took 0.145 seconds
[2023-07-12T06:30:55.581+0000] {processor.py:157} INFO - Started process (PID=1121) to work on /home/airflow/.local/lib/python3.7/site-packages/airflow/example_dags/example_latest_only_with_trigger.py
[2023-07-12T06:30:55.586+0000] {processor.py:826} INFO - Processing file /home/airflow/.local/lib/python3.7/site-packages/airflow/example_dags/example_latest_only_with_trigger.py for tasks to queue
[2023-07-12T06:30:55.593+0000] {logging_mixin.py:150} INFO - [2023-07-12T06:30:55.592+0000] {dagbag.py:541} INFO - Filling up the DagBag from /home/airflow/.local/lib/python3.7/site-packages/airflow/example_dags/example_latest_only_with_trigger.py
[2023-07-12T06:30:55.607+0000] {processor.py:836} INFO - DAG(s) dict_keys(['latest_only_with_trigger']) retrieved from /home/airflow/.local/lib/python3.7/site-packages/airflow/example_dags/example_latest_only_with_trigger.py
[2023-07-12T06:30:55.663+0000] {logging_mixin.py:150} INFO - [2023-07-12T06:30:55.662+0000] {dag.py:2742} INFO - Sync 1 DAGs
[2023-07-12T06:30:55.730+0000] {logging_mixin.py:150} INFO - [2023-07-12T06:30:55.729+0000] {dag.py:3508} INFO - Setting next_dagrun for latest_only_with_trigger to 2023-07-12T02:30:55.729476+00:00, run_after=2023-07-12T06:30:55.729476+00:00
[2023-07-12T06:30:55.771+0000] {processor.py:179} INFO - Processing /home/airflow/.local/lib/python3.7/site-packages/airflow/example_dags/example_latest_only_with_trigger.py took 0.199 seconds
[2023-07-12T06:31:26.380+0000] {processor.py:157} INFO - Started process (PID=1404) to work on /home/airflow/.local/lib/python3.7/site-packages/airflow/example_dags/example_latest_only_with_trigger.py
[2023-07-12T06:31:26.383+0000] {processor.py:826} INFO - Processing file /home/airflow/.local/lib/python3.7/site-packages/airflow/example_dags/example_latest_only_with_trigger.py for tasks to queue
[2023-07-12T06:31:26.387+0000] {logging_mixin.py:150} INFO - [2023-07-12T06:31:26.386+0000] {dagbag.py:541} INFO - Filling up the DagBag from /home/airflow/.local/lib/python3.7/site-packages/airflow/example_dags/example_latest_only_with_trigger.py
[2023-07-12T06:31:26.402+0000] {processor.py:836} INFO - DAG(s) dict_keys(['latest_only_with_trigger']) retrieved from /home/airflow/.local/lib/python3.7/site-packages/airflow/example_dags/example_latest_only_with_trigger.py
[2023-07-12T06:31:26.440+0000] {logging_mixin.py:150} INFO - [2023-07-12T06:31:26.440+0000] {dag.py:2742} INFO - Sync 1 DAGs
[2023-07-12T06:31:26.484+0000] {logging_mixin.py:150} INFO - [2023-07-12T06:31:26.484+0000] {dag.py:3508} INFO - Setting next_dagrun for latest_only_with_trigger to 2023-07-12T02:31:26.483793+00:00, run_after=2023-07-12T06:31:26.483793+00:00
[2023-07-12T06:31:26.520+0000] {processor.py:179} INFO - Processing /home/airflow/.local/lib/python3.7/site-packages/airflow/example_dags/example_latest_only_with_trigger.py took 0.146 seconds
[2023-07-12T06:31:56.886+0000] {processor.py:157} INFO - Started process (PID=1645) to work on /home/airflow/.local/lib/python3.7/site-packages/airflow/example_dags/example_latest_only_with_trigger.py
[2023-07-12T06:31:56.889+0000] {processor.py:826} INFO - Processing file /home/airflow/.local/lib/python3.7/site-packages/airflow/example_dags/example_latest_only_with_trigger.py for tasks to queue
[2023-07-12T06:31:56.894+0000] {logging_mixin.py:150} INFO - [2023-07-12T06:31:56.893+0000] {dagbag.py:541} INFO - Filling up the DagBag from /home/airflow/.local/lib/python3.7/site-packages/airflow/example_dags/example_latest_only_with_trigger.py
[2023-07-12T06:31:56.909+0000] {processor.py:836} INFO - DAG(s) dict_keys(['latest_only_with_trigger']) retrieved from /home/airflow/.local/lib/python3.7/site-packages/airflow/example_dags/example_latest_only_with_trigger.py
[2023-07-12T06:31:56.948+0000] {logging_mixin.py:150} INFO - [2023-07-12T06:31:56.948+0000] {dag.py:2742} INFO - Sync 1 DAGs
[2023-07-12T06:31:56.989+0000] {logging_mixin.py:150} INFO - [2023-07-12T06:31:56.989+0000] {dag.py:3508} INFO - Setting next_dagrun for latest_only_with_trigger to 2023-07-12T02:31:56.988714+00:00, run_after=2023-07-12T06:31:56.988714+00:00
[2023-07-12T06:31:57.032+0000] {processor.py:179} INFO - Processing /home/airflow/.local/lib/python3.7/site-packages/airflow/example_dags/example_latest_only_with_trigger.py took 0.152 seconds
[2023-07-12T06:32:27.156+0000] {processor.py:157} INFO - Started process (PID=1886) to work on /home/airflow/.local/lib/python3.7/site-packages/airflow/example_dags/example_latest_only_with_trigger.py
[2023-07-12T06:32:27.160+0000] {processor.py:826} INFO - Processing file /home/airflow/.local/lib/python3.7/site-packages/airflow/example_dags/example_latest_only_with_trigger.py for tasks to queue
[2023-07-12T06:32:27.163+0000] {logging_mixin.py:150} INFO - [2023-07-12T06:32:27.162+0000] {dagbag.py:541} INFO - Filling up the DagBag from /home/airflow/.local/lib/python3.7/site-packages/airflow/example_dags/example_latest_only_with_trigger.py
[2023-07-12T06:32:27.177+0000] {processor.py:836} INFO - DAG(s) dict_keys(['latest_only_with_trigger']) retrieved from /home/airflow/.local/lib/python3.7/site-packages/airflow/example_dags/example_latest_only_with_trigger.py
[2023-07-12T06:32:27.219+0000] {logging_mixin.py:150} INFO - [2023-07-12T06:32:27.219+0000] {dag.py:2742} INFO - Sync 1 DAGs
[2023-07-12T06:32:27.258+0000] {logging_mixin.py:150} INFO - [2023-07-12T06:32:27.258+0000] {dag.py:3508} INFO - Setting next_dagrun for latest_only_with_trigger to 2023-07-12T02:32:27.258177+00:00, run_after=2023-07-12T06:32:27.258177+00:00
[2023-07-12T06:32:27.290+0000] {processor.py:179} INFO - Processing /home/airflow/.local/lib/python3.7/site-packages/airflow/example_dags/example_latest_only_with_trigger.py took 0.140 seconds
[2023-07-12T06:32:57.837+0000] {processor.py:157} INFO - Started process (PID=2127) to work on /home/airflow/.local/lib/python3.7/site-packages/airflow/example_dags/example_latest_only_with_trigger.py
[2023-07-12T06:32:57.841+0000] {processor.py:826} INFO - Processing file /home/airflow/.local/lib/python3.7/site-packages/airflow/example_dags/example_latest_only_with_trigger.py for tasks to queue
[2023-07-12T06:32:57.846+0000] {logging_mixin.py:150} INFO - [2023-07-12T06:32:57.845+0000] {dagbag.py:541} INFO - Filling up the DagBag from /home/airflow/.local/lib/python3.7/site-packages/airflow/example_dags/example_latest_only_with_trigger.py
[2023-07-12T06:32:57.859+0000] {processor.py:836} INFO - DAG(s) dict_keys(['latest_only_with_trigger']) retrieved from /home/airflow/.local/lib/python3.7/site-packages/airflow/example_dags/example_latest_only_with_trigger.py
[2023-07-12T06:32:57.898+0000] {logging_mixin.py:150} INFO - [2023-07-12T06:32:57.898+0000] {dag.py:2742} INFO - Sync 1 DAGs
[2023-07-12T06:32:57.932+0000] {logging_mixin.py:150} INFO - [2023-07-12T06:32:57.932+0000] {dag.py:3508} INFO - Setting next_dagrun for latest_only_with_trigger to 2023-07-12T02:32:57.932428+00:00, run_after=2023-07-12T06:32:57.932428+00:00
[2023-07-12T06:32:57.966+0000] {processor.py:179} INFO - Processing /home/airflow/.local/lib/python3.7/site-packages/airflow/example_dags/example_latest_only_with_trigger.py took 0.136 seconds
[2023-07-12T06:33:28.286+0000] {processor.py:157} INFO - Started process (PID=2368) to work on /home/airflow/.local/lib/python3.7/site-packages/airflow/example_dags/example_latest_only_with_trigger.py
[2023-07-12T06:33:28.290+0000] {processor.py:826} INFO - Processing file /home/airflow/.local/lib/python3.7/site-packages/airflow/example_dags/example_latest_only_with_trigger.py for tasks to queue
[2023-07-12T06:33:28.294+0000] {logging_mixin.py:150} INFO - [2023-07-12T06:33:28.293+0000] {dagbag.py:541} INFO - Filling up the DagBag from /home/airflow/.local/lib/python3.7/site-packages/airflow/example_dags/example_latest_only_with_trigger.py
[2023-07-12T06:33:28.306+0000] {processor.py:836} INFO - DAG(s) dict_keys(['latest_only_with_trigger']) retrieved from /home/airflow/.local/lib/python3.7/site-packages/airflow/example_dags/example_latest_only_with_trigger.py
[2023-07-12T06:33:28.348+0000] {logging_mixin.py:150} INFO - [2023-07-12T06:33:28.348+0000] {dag.py:2742} INFO - Sync 1 DAGs
[2023-07-12T06:33:28.386+0000] {logging_mixin.py:150} INFO - [2023-07-12T06:33:28.385+0000] {dag.py:3508} INFO - Setting next_dagrun for latest_only_with_trigger to 2023-07-12T02:33:28.385697+00:00, run_after=2023-07-12T06:33:28.385697+00:00
[2023-07-12T06:33:28.421+0000] {processor.py:179} INFO - Processing /home/airflow/.local/lib/python3.7/site-packages/airflow/example_dags/example_latest_only_with_trigger.py took 0.143 seconds
[2023-07-12T06:33:58.607+0000] {processor.py:157} INFO - Started process (PID=2609) to work on /home/airflow/.local/lib/python3.7/site-packages/airflow/example_dags/example_latest_only_with_trigger.py
[2023-07-12T06:33:58.610+0000] {processor.py:826} INFO - Processing file /home/airflow/.local/lib/python3.7/site-packages/airflow/example_dags/example_latest_only_with_trigger.py for tasks to queue
[2023-07-12T06:33:58.612+0000] {logging_mixin.py:150} INFO - [2023-07-12T06:33:58.612+0000] {dagbag.py:541} INFO - Filling up the DagBag from /home/airflow/.local/lib/python3.7/site-packages/airflow/example_dags/example_latest_only_with_trigger.py
[2023-07-12T06:33:58.625+0000] {processor.py:836} INFO - DAG(s) dict_keys(['latest_only_with_trigger']) retrieved from /home/airflow/.local/lib/python3.7/site-packages/airflow/example_dags/example_latest_only_with_trigger.py
[2023-07-12T06:33:58.663+0000] {logging_mixin.py:150} INFO - [2023-07-12T06:33:58.663+0000] {dag.py:2742} INFO - Sync 1 DAGs
[2023-07-12T06:33:58.702+0000] {logging_mixin.py:150} INFO - [2023-07-12T06:33:58.702+0000] {dag.py:3508} INFO - Setting next_dagrun for latest_only_with_trigger to 2023-07-12T02:33:58.701818+00:00, run_after=2023-07-12T06:33:58.701818+00:00
[2023-07-12T06:33:58.747+0000] {processor.py:179} INFO - Processing /home/airflow/.local/lib/python3.7/site-packages/airflow/example_dags/example_latest_only_with_trigger.py took 0.144 seconds
[2023-07-12T06:34:29.425+0000] {processor.py:157} INFO - Started process (PID=2850) to work on /home/airflow/.local/lib/python3.7/site-packages/airflow/example_dags/example_latest_only_with_trigger.py
[2023-07-12T06:34:29.428+0000] {processor.py:826} INFO - Processing file /home/airflow/.local/lib/python3.7/site-packages/airflow/example_dags/example_latest_only_with_trigger.py for tasks to queue
[2023-07-12T06:34:29.432+0000] {logging_mixin.py:150} INFO - [2023-07-12T06:34:29.431+0000] {dagbag.py:541} INFO - Filling up the DagBag from /home/airflow/.local/lib/python3.7/site-packages/airflow/example_dags/example_latest_only_with_trigger.py
[2023-07-12T06:34:29.444+0000] {processor.py:836} INFO - DAG(s) dict_keys(['latest_only_with_trigger']) retrieved from /home/airflow/.local/lib/python3.7/site-packages/airflow/example_dags/example_latest_only_with_trigger.py
[2023-07-12T06:34:29.482+0000] {logging_mixin.py:150} INFO - [2023-07-12T06:34:29.482+0000] {dag.py:2742} INFO - Sync 1 DAGs
[2023-07-12T06:34:29.518+0000] {logging_mixin.py:150} INFO - [2023-07-12T06:34:29.518+0000] {dag.py:3508} INFO - Setting next_dagrun for latest_only_with_trigger to 2023-07-12T02:34:29.517747+00:00, run_after=2023-07-12T06:34:29.517747+00:00
[2023-07-12T06:34:29.556+0000] {processor.py:179} INFO - Processing /home/airflow/.local/lib/python3.7/site-packages/airflow/example_dags/example_latest_only_with_trigger.py took 0.137 seconds
[2023-07-12T06:35:00.392+0000] {processor.py:157} INFO - Started process (PID=3091) to work on /home/airflow/.local/lib/python3.7/site-packages/airflow/example_dags/example_latest_only_with_trigger.py
[2023-07-12T06:35:00.396+0000] {processor.py:826} INFO - Processing file /home/airflow/.local/lib/python3.7/site-packages/airflow/example_dags/example_latest_only_with_trigger.py for tasks to queue
[2023-07-12T06:35:00.400+0000] {logging_mixin.py:150} INFO - [2023-07-12T06:35:00.399+0000] {dagbag.py:541} INFO - Filling up the DagBag from /home/airflow/.local/lib/python3.7/site-packages/airflow/example_dags/example_latest_only_with_trigger.py
[2023-07-12T06:35:00.417+0000] {processor.py:836} INFO - DAG(s) dict_keys(['latest_only_with_trigger']) retrieved from /home/airflow/.local/lib/python3.7/site-packages/airflow/example_dags/example_latest_only_with_trigger.py
[2023-07-12T06:35:00.454+0000] {logging_mixin.py:150} INFO - [2023-07-12T06:35:00.454+0000] {dag.py:2742} INFO - Sync 1 DAGs
[2023-07-12T06:35:00.488+0000] {logging_mixin.py:150} INFO - [2023-07-12T06:35:00.488+0000] {dag.py:3508} INFO - Setting next_dagrun for latest_only_with_trigger to 2023-07-12T02:35:00.487840+00:00, run_after=2023-07-12T06:35:00.487840+00:00
[2023-07-12T06:35:00.520+0000] {processor.py:179} INFO - Processing /home/airflow/.local/lib/python3.7/site-packages/airflow/example_dags/example_latest_only_with_trigger.py took 0.135 seconds
[2023-07-12T06:35:31.123+0000] {processor.py:157} INFO - Started process (PID=3332) to work on /home/airflow/.local/lib/python3.7/site-packages/airflow/example_dags/example_latest_only_with_trigger.py
[2023-07-12T06:35:31.126+0000] {processor.py:826} INFO - Processing file /home/airflow/.local/lib/python3.7/site-packages/airflow/example_dags/example_latest_only_with_trigger.py for tasks to queue
[2023-07-12T06:35:31.129+0000] {logging_mixin.py:150} INFO - [2023-07-12T06:35:31.129+0000] {dagbag.py:541} INFO - Filling up the DagBag from /home/airflow/.local/lib/python3.7/site-packages/airflow/example_dags/example_latest_only_with_trigger.py
[2023-07-12T06:35:31.142+0000] {processor.py:836} INFO - DAG(s) dict_keys(['latest_only_with_trigger']) retrieved from /home/airflow/.local/lib/python3.7/site-packages/airflow/example_dags/example_latest_only_with_trigger.py
[2023-07-12T06:35:31.186+0000] {logging_mixin.py:150} INFO - [2023-07-12T06:35:31.185+0000] {dag.py:2742} INFO - Sync 1 DAGs
[2023-07-12T06:35:31.227+0000] {logging_mixin.py:150} INFO - [2023-07-12T06:35:31.227+0000] {dag.py:3508} INFO - Setting next_dagrun for latest_only_with_trigger to 2023-07-12T02:35:31.226625+00:00, run_after=2023-07-12T06:35:31.226625+00:00
[2023-07-12T06:35:31.273+0000] {processor.py:179} INFO - Processing /home/airflow/.local/lib/python3.7/site-packages/airflow/example_dags/example_latest_only_with_trigger.py took 0.156 seconds
[2023-07-12T06:36:01.697+0000] {processor.py:157} INFO - Started process (PID=3573) to work on /home/airflow/.local/lib/python3.7/site-packages/airflow/example_dags/example_latest_only_with_trigger.py
[2023-07-12T06:36:01.699+0000] {processor.py:826} INFO - Processing file /home/airflow/.local/lib/python3.7/site-packages/airflow/example_dags/example_latest_only_with_trigger.py for tasks to queue
[2023-07-12T06:36:01.704+0000] {logging_mixin.py:150} INFO - [2023-07-12T06:36:01.704+0000] {dagbag.py:541} INFO - Filling up the DagBag from /home/airflow/.local/lib/python3.7/site-packages/airflow/example_dags/example_latest_only_with_trigger.py
[2023-07-12T06:36:01.720+0000] {processor.py:836} INFO - DAG(s) dict_keys(['latest_only_with_trigger']) retrieved from /home/airflow/.local/lib/python3.7/site-packages/airflow/example_dags/example_latest_only_with_trigger.py
[2023-07-12T06:36:01.765+0000] {logging_mixin.py:150} INFO - [2023-07-12T06:36:01.765+0000] {dag.py:2742} INFO - Sync 1 DAGs
[2023-07-12T06:36:01.802+0000] {logging_mixin.py:150} INFO - [2023-07-12T06:36:01.801+0000] {dag.py:3508} INFO - Setting next_dagrun for latest_only_with_trigger to 2023-07-12T02:36:01.801548+00:00, run_after=2023-07-12T06:36:01.801548+00:00
[2023-07-12T06:36:01.837+0000] {processor.py:179} INFO - Processing /home/airflow/.local/lib/python3.7/site-packages/airflow/example_dags/example_latest_only_with_trigger.py took 0.147 seconds
[2023-07-12T06:36:32.591+0000] {processor.py:157} INFO - Started process (PID=3814) to work on /home/airflow/.local/lib/python3.7/site-packages/airflow/example_dags/example_latest_only_with_trigger.py
[2023-07-12T06:36:32.594+0000] {processor.py:826} INFO - Processing file /home/airflow/.local/lib/python3.7/site-packages/airflow/example_dags/example_latest_only_with_trigger.py for tasks to queue
[2023-07-12T06:36:32.598+0000] {logging_mixin.py:150} INFO - [2023-07-12T06:36:32.597+0000] {dagbag.py:541} INFO - Filling up the DagBag from /home/airflow/.local/lib/python3.7/site-packages/airflow/example_dags/example_latest_only_with_trigger.py
[2023-07-12T06:36:32.613+0000] {processor.py:836} INFO - DAG(s) dict_keys(['latest_only_with_trigger']) retrieved from /home/airflow/.local/lib/python3.7/site-packages/airflow/example_dags/example_latest_only_with_trigger.py
[2023-07-12T06:36:32.659+0000] {logging_mixin.py:150} INFO - [2023-07-12T06:36:32.659+0000] {dag.py:2742} INFO - Sync 1 DAGs
[2023-07-12T06:36:32.701+0000] {logging_mixin.py:150} INFO - [2023-07-12T06:36:32.701+0000] {dag.py:3508} INFO - Setting next_dagrun for latest_only_with_trigger to 2023-07-12T02:36:32.701184+00:00, run_after=2023-07-12T06:36:32.701184+00:00
[2023-07-12T06:36:32.733+0000] {processor.py:179} INFO - Processing /home/airflow/.local/lib/python3.7/site-packages/airflow/example_dags/example_latest_only_with_trigger.py took 0.149 seconds
[2023-07-12T06:37:03.084+0000] {processor.py:157} INFO - Started process (PID=4055) to work on /home/airflow/.local/lib/python3.7/site-packages/airflow/example_dags/example_latest_only_with_trigger.py
[2023-07-12T06:37:03.087+0000] {processor.py:826} INFO - Processing file /home/airflow/.local/lib/python3.7/site-packages/airflow/example_dags/example_latest_only_with_trigger.py for tasks to queue
[2023-07-12T06:37:03.091+0000] {logging_mixin.py:150} INFO - [2023-07-12T06:37:03.090+0000] {dagbag.py:541} INFO - Filling up the DagBag from /home/airflow/.local/lib/python3.7/site-packages/airflow/example_dags/example_latest_only_with_trigger.py
[2023-07-12T06:37:03.104+0000] {processor.py:836} INFO - DAG(s) dict_keys(['latest_only_with_trigger']) retrieved from /home/airflow/.local/lib/python3.7/site-packages/airflow/example_dags/example_latest_only_with_trigger.py
[2023-07-12T06:37:03.144+0000] {logging_mixin.py:150} INFO - [2023-07-12T06:37:03.144+0000] {dag.py:2742} INFO - Sync 1 DAGs
[2023-07-12T06:37:03.186+0000] {logging_mixin.py:150} INFO - [2023-07-12T06:37:03.185+0000] {dag.py:3508} INFO - Setting next_dagrun for latest_only_with_trigger to 2023-07-12T02:37:03.185023+00:00, run_after=2023-07-12T06:37:03.185023+00:00
[2023-07-12T06:37:03.226+0000] {processor.py:179} INFO - Processing /home/airflow/.local/lib/python3.7/site-packages/airflow/example_dags/example_latest_only_with_trigger.py took 0.147 seconds
[2023-07-12T06:37:34.123+0000] {processor.py:157} INFO - Started process (PID=4302) to work on /home/airflow/.local/lib/python3.7/site-packages/airflow/example_dags/example_latest_only_with_trigger.py
[2023-07-12T06:37:34.127+0000] {processor.py:826} INFO - Processing file /home/airflow/.local/lib/python3.7/site-packages/airflow/example_dags/example_latest_only_with_trigger.py for tasks to queue
[2023-07-12T06:37:34.134+0000] {logging_mixin.py:150} INFO - [2023-07-12T06:37:34.133+0000] {dagbag.py:541} INFO - Filling up the DagBag from /home/airflow/.local/lib/python3.7/site-packages/airflow/example_dags/example_latest_only_with_trigger.py
[2023-07-12T06:37:34.153+0000] {processor.py:836} INFO - DAG(s) dict_keys(['latest_only_with_trigger']) retrieved from /home/airflow/.local/lib/python3.7/site-packages/airflow/example_dags/example_latest_only_with_trigger.py
[2023-07-12T06:37:34.214+0000] {logging_mixin.py:150} INFO - [2023-07-12T06:37:34.213+0000] {dag.py:2742} INFO - Sync 1 DAGs
[2023-07-12T06:37:34.259+0000] {logging_mixin.py:150} INFO - [2023-07-12T06:37:34.259+0000] {dag.py:3508} INFO - Setting next_dagrun for latest_only_with_trigger to 2023-07-12T02:37:34.258925+00:00, run_after=2023-07-12T06:37:34.258925+00:00
[2023-07-12T06:37:34.297+0000] {processor.py:179} INFO - Processing /home/airflow/.local/lib/python3.7/site-packages/airflow/example_dags/example_latest_only_with_trigger.py took 0.185 seconds
[2023-07-12T06:38:04.441+0000] {processor.py:157} INFO - Started process (PID=4543) to work on /home/airflow/.local/lib/python3.7/site-packages/airflow/example_dags/example_latest_only_with_trigger.py
[2023-07-12T06:38:04.444+0000] {processor.py:826} INFO - Processing file /home/airflow/.local/lib/python3.7/site-packages/airflow/example_dags/example_latest_only_with_trigger.py for tasks to queue
[2023-07-12T06:38:04.449+0000] {logging_mixin.py:150} INFO - [2023-07-12T06:38:04.448+0000] {dagbag.py:541} INFO - Filling up the DagBag from /home/airflow/.local/lib/python3.7/site-packages/airflow/example_dags/example_latest_only_with_trigger.py
[2023-07-12T06:38:04.463+0000] {processor.py:836} INFO - DAG(s) dict_keys(['latest_only_with_trigger']) retrieved from /home/airflow/.local/lib/python3.7/site-packages/airflow/example_dags/example_latest_only_with_trigger.py
[2023-07-12T06:38:04.502+0000] {logging_mixin.py:150} INFO - [2023-07-12T06:38:04.502+0000] {dag.py:2742} INFO - Sync 1 DAGs
[2023-07-12T06:38:04.540+0000] {logging_mixin.py:150} INFO - [2023-07-12T06:38:04.540+0000] {dag.py:3508} INFO - Setting next_dagrun for latest_only_with_trigger to 2023-07-12T02:38:04.539984+00:00, run_after=2023-07-12T06:38:04.539984+00:00
[2023-07-12T06:38:04.571+0000] {processor.py:179} INFO - Processing /home/airflow/.local/lib/python3.7/site-packages/airflow/example_dags/example_latest_only_with_trigger.py took 0.137 seconds
[2023-07-12T06:38:35.410+0000] {processor.py:157} INFO - Started process (PID=4784) to work on /home/airflow/.local/lib/python3.7/site-packages/airflow/example_dags/example_latest_only_with_trigger.py
[2023-07-12T06:38:35.414+0000] {processor.py:826} INFO - Processing file /home/airflow/.local/lib/python3.7/site-packages/airflow/example_dags/example_latest_only_with_trigger.py for tasks to queue
[2023-07-12T06:38:35.417+0000] {logging_mixin.py:150} INFO - [2023-07-12T06:38:35.417+0000] {dagbag.py:541} INFO - Filling up the DagBag from /home/airflow/.local/lib/python3.7/site-packages/airflow/example_dags/example_latest_only_with_trigger.py
[2023-07-12T06:38:35.431+0000] {processor.py:836} INFO - DAG(s) dict_keys(['latest_only_with_trigger']) retrieved from /home/airflow/.local/lib/python3.7/site-packages/airflow/example_dags/example_latest_only_with_trigger.py
[2023-07-12T06:38:35.473+0000] {logging_mixin.py:150} INFO - [2023-07-12T06:38:35.472+0000] {dag.py:2742} INFO - Sync 1 DAGs
[2023-07-12T06:38:35.510+0000] {logging_mixin.py:150} INFO - [2023-07-12T06:38:35.510+0000] {dag.py:3508} INFO - Setting next_dagrun for latest_only_with_trigger to 2023-07-12T02:38:35.509895+00:00, run_after=2023-07-12T06:38:35.509895+00:00
[2023-07-12T06:38:35.542+0000] {processor.py:179} INFO - Processing /home/airflow/.local/lib/python3.7/site-packages/airflow/example_dags/example_latest_only_with_trigger.py took 0.139 seconds
[2023-07-12T06:39:05.915+0000] {processor.py:157} INFO - Started process (PID=5025) to work on /home/airflow/.local/lib/python3.7/site-packages/airflow/example_dags/example_latest_only_with_trigger.py
[2023-07-12T06:39:05.917+0000] {processor.py:826} INFO - Processing file /home/airflow/.local/lib/python3.7/site-packages/airflow/example_dags/example_latest_only_with_trigger.py for tasks to queue
[2023-07-12T06:39:05.920+0000] {logging_mixin.py:150} INFO - [2023-07-12T06:39:05.920+0000] {dagbag.py:541} INFO - Filling up the DagBag from /home/airflow/.local/lib/python3.7/site-packages/airflow/example_dags/example_latest_only_with_trigger.py
[2023-07-12T06:39:05.931+0000] {processor.py:836} INFO - DAG(s) dict_keys(['latest_only_with_trigger']) retrieved from /home/airflow/.local/lib/python3.7/site-packages/airflow/example_dags/example_latest_only_with_trigger.py
[2023-07-12T06:39:05.966+0000] {logging_mixin.py:150} INFO - [2023-07-12T06:39:05.966+0000] {dag.py:2742} INFO - Sync 1 DAGs
[2023-07-12T06:39:06.010+0000] {logging_mixin.py:150} INFO - [2023-07-12T06:39:06.009+0000] {dag.py:3508} INFO - Setting next_dagrun for latest_only_with_trigger to 2023-07-12T02:39:06.009159+00:00, run_after=2023-07-12T06:39:06.009159+00:00
[2023-07-12T06:39:06.052+0000] {processor.py:179} INFO - Processing /home/airflow/.local/lib/python3.7/site-packages/airflow/example_dags/example_latest_only_with_trigger.py took 0.141 seconds
[2023-07-12T06:39:36.706+0000] {processor.py:157} INFO - Started process (PID=5266) to work on /home/airflow/.local/lib/python3.7/site-packages/airflow/example_dags/example_latest_only_with_trigger.py
[2023-07-12T06:39:36.709+0000] {processor.py:826} INFO - Processing file /home/airflow/.local/lib/python3.7/site-packages/airflow/example_dags/example_latest_only_with_trigger.py for tasks to queue
[2023-07-12T06:39:36.712+0000] {logging_mixin.py:150} INFO - [2023-07-12T06:39:36.711+0000] {dagbag.py:541} INFO - Filling up the DagBag from /home/airflow/.local/lib/python3.7/site-packages/airflow/example_dags/example_latest_only_with_trigger.py
[2023-07-12T06:39:36.723+0000] {processor.py:836} INFO - DAG(s) dict_keys(['latest_only_with_trigger']) retrieved from /home/airflow/.local/lib/python3.7/site-packages/airflow/example_dags/example_latest_only_with_trigger.py
[2023-07-12T06:39:36.759+0000] {logging_mixin.py:150} INFO - [2023-07-12T06:39:36.759+0000] {dag.py:2742} INFO - Sync 1 DAGs
[2023-07-12T06:39:36.796+0000] {logging_mixin.py:150} INFO - [2023-07-12T06:39:36.796+0000] {dag.py:3508} INFO - Setting next_dagrun for latest_only_with_trigger to 2023-07-12T02:39:36.796100+00:00, run_after=2023-07-12T06:39:36.796100+00:00
[2023-07-12T06:39:36.836+0000] {processor.py:179} INFO - Processing /home/airflow/.local/lib/python3.7/site-packages/airflow/example_dags/example_latest_only_with_trigger.py took 0.135 seconds
[2023-07-12T06:40:07.331+0000] {processor.py:157} INFO - Started process (PID=5507) to work on /home/airflow/.local/lib/python3.7/site-packages/airflow/example_dags/example_latest_only_with_trigger.py
[2023-07-12T06:40:07.333+0000] {processor.py:826} INFO - Processing file /home/airflow/.local/lib/python3.7/site-packages/airflow/example_dags/example_latest_only_with_trigger.py for tasks to queue
[2023-07-12T06:40:07.335+0000] {logging_mixin.py:150} INFO - [2023-07-12T06:40:07.335+0000] {dagbag.py:541} INFO - Filling up the DagBag from /home/airflow/.local/lib/python3.7/site-packages/airflow/example_dags/example_latest_only_with_trigger.py
[2023-07-12T06:40:07.345+0000] {processor.py:836} INFO - DAG(s) dict_keys(['latest_only_with_trigger']) retrieved from /home/airflow/.local/lib/python3.7/site-packages/airflow/example_dags/example_latest_only_with_trigger.py
[2023-07-12T06:40:07.379+0000] {logging_mixin.py:150} INFO - [2023-07-12T06:40:07.379+0000] {dag.py:2742} INFO - Sync 1 DAGs
[2023-07-12T06:40:07.411+0000] {logging_mixin.py:150} INFO - [2023-07-12T06:40:07.411+0000] {dag.py:3508} INFO - Setting next_dagrun for latest_only_with_trigger to 2023-07-12T02:40:07.411029+00:00, run_after=2023-07-12T06:40:07.411029+00:00
[2023-07-12T06:40:07.450+0000] {processor.py:179} INFO - Processing /home/airflow/.local/lib/python3.7/site-packages/airflow/example_dags/example_latest_only_with_trigger.py took 0.124 seconds
[2023-07-12T06:40:37.978+0000] {processor.py:157} INFO - Started process (PID=5748) to work on /home/airflow/.local/lib/python3.7/site-packages/airflow/example_dags/example_latest_only_with_trigger.py
[2023-07-12T06:40:37.980+0000] {processor.py:826} INFO - Processing file /home/airflow/.local/lib/python3.7/site-packages/airflow/example_dags/example_latest_only_with_trigger.py for tasks to queue
[2023-07-12T06:40:37.982+0000] {logging_mixin.py:150} INFO - [2023-07-12T06:40:37.982+0000] {dagbag.py:541} INFO - Filling up the DagBag from /home/airflow/.local/lib/python3.7/site-packages/airflow/example_dags/example_latest_only_with_trigger.py
[2023-07-12T06:40:37.992+0000] {processor.py:836} INFO - DAG(s) dict_keys(['latest_only_with_trigger']) retrieved from /home/airflow/.local/lib/python3.7/site-packages/airflow/example_dags/example_latest_only_with_trigger.py
[2023-07-12T06:40:38.026+0000] {logging_mixin.py:150} INFO - [2023-07-12T06:40:38.026+0000] {dag.py:2742} INFO - Sync 1 DAGs
[2023-07-12T06:40:38.058+0000] {logging_mixin.py:150} INFO - [2023-07-12T06:40:38.058+0000] {dag.py:3508} INFO - Setting next_dagrun for latest_only_with_trigger to 2023-07-12T02:40:38.058205+00:00, run_after=2023-07-12T06:40:38.058205+00:00
[2023-07-12T06:40:38.098+0000] {processor.py:179} INFO - Processing /home/airflow/.local/lib/python3.7/site-packages/airflow/example_dags/example_latest_only_with_trigger.py took 0.125 seconds
[2023-07-12T06:41:08.462+0000] {processor.py:157} INFO - Started process (PID=5989) to work on /home/airflow/.local/lib/python3.7/site-packages/airflow/example_dags/example_latest_only_with_trigger.py
[2023-07-12T06:41:08.464+0000] {processor.py:826} INFO - Processing file /home/airflow/.local/lib/python3.7/site-packages/airflow/example_dags/example_latest_only_with_trigger.py for tasks to queue
[2023-07-12T06:41:08.468+0000] {logging_mixin.py:150} INFO - [2023-07-12T06:41:08.467+0000] {dagbag.py:541} INFO - Filling up the DagBag from /home/airflow/.local/lib/python3.7/site-packages/airflow/example_dags/example_latest_only_with_trigger.py
[2023-07-12T06:41:08.481+0000] {processor.py:836} INFO - DAG(s) dict_keys(['latest_only_with_trigger']) retrieved from /home/airflow/.local/lib/python3.7/site-packages/airflow/example_dags/example_latest_only_with_trigger.py
[2023-07-12T06:41:08.524+0000] {logging_mixin.py:150} INFO - [2023-07-12T06:41:08.523+0000] {dag.py:2742} INFO - Sync 1 DAGs
[2023-07-12T06:41:08.560+0000] {logging_mixin.py:150} INFO - [2023-07-12T06:41:08.560+0000] {dag.py:3508} INFO - Setting next_dagrun for latest_only_with_trigger to 2023-07-12T02:41:08.559978+00:00, run_after=2023-07-12T06:41:08.559978+00:00
[2023-07-12T06:41:08.596+0000] {processor.py:179} INFO - Processing /home/airflow/.local/lib/python3.7/site-packages/airflow/example_dags/example_latest_only_with_trigger.py took 0.140 seconds
[2023-07-12T06:41:38.864+0000] {processor.py:157} INFO - Started process (PID=6237) to work on /home/airflow/.local/lib/python3.7/site-packages/airflow/example_dags/example_latest_only_with_trigger.py
[2023-07-12T06:41:38.867+0000] {processor.py:826} INFO - Processing file /home/airflow/.local/lib/python3.7/site-packages/airflow/example_dags/example_latest_only_with_trigger.py for tasks to queue
[2023-07-12T06:41:38.870+0000] {logging_mixin.py:150} INFO - [2023-07-12T06:41:38.869+0000] {dagbag.py:541} INFO - Filling up the DagBag from /home/airflow/.local/lib/python3.7/site-packages/airflow/example_dags/example_latest_only_with_trigger.py
[2023-07-12T06:41:38.882+0000] {processor.py:836} INFO - DAG(s) dict_keys(['latest_only_with_trigger']) retrieved from /home/airflow/.local/lib/python3.7/site-packages/airflow/example_dags/example_latest_only_with_trigger.py
[2023-07-12T06:41:38.924+0000] {logging_mixin.py:150} INFO - [2023-07-12T06:41:38.924+0000] {dag.py:2742} INFO - Sync 1 DAGs
[2023-07-12T06:41:38.959+0000] {logging_mixin.py:150} INFO - [2023-07-12T06:41:38.959+0000] {dag.py:3508} INFO - Setting next_dagrun for latest_only_with_trigger to 2023-07-12T02:41:38.958787+00:00, run_after=2023-07-12T06:41:38.958787+00:00
[2023-07-12T06:41:38.989+0000] {processor.py:179} INFO - Processing /home/airflow/.local/lib/python3.7/site-packages/airflow/example_dags/example_latest_only_with_trigger.py took 0.131 seconds
[2023-07-12T06:42:09.308+0000] {processor.py:157} INFO - Started process (PID=6477) to work on /home/airflow/.local/lib/python3.7/site-packages/airflow/example_dags/example_latest_only_with_trigger.py
[2023-07-12T06:42:09.310+0000] {processor.py:826} INFO - Processing file /home/airflow/.local/lib/python3.7/site-packages/airflow/example_dags/example_latest_only_with_trigger.py for tasks to queue
[2023-07-12T06:42:09.312+0000] {logging_mixin.py:150} INFO - [2023-07-12T06:42:09.312+0000] {dagbag.py:541} INFO - Filling up the DagBag from /home/airflow/.local/lib/python3.7/site-packages/airflow/example_dags/example_latest_only_with_trigger.py
[2023-07-12T06:42:09.322+0000] {processor.py:836} INFO - DAG(s) dict_keys(['latest_only_with_trigger']) retrieved from /home/airflow/.local/lib/python3.7/site-packages/airflow/example_dags/example_latest_only_with_trigger.py
[2023-07-12T06:42:09.355+0000] {logging_mixin.py:150} INFO - [2023-07-12T06:42:09.355+0000] {dag.py:2742} INFO - Sync 1 DAGs
[2023-07-12T06:42:09.389+0000] {logging_mixin.py:150} INFO - [2023-07-12T06:42:09.388+0000] {dag.py:3508} INFO - Setting next_dagrun for latest_only_with_trigger to 2023-07-12T02:42:09.388486+00:00, run_after=2023-07-12T06:42:09.388486+00:00
[2023-07-12T06:42:09.421+0000] {processor.py:179} INFO - Processing /home/airflow/.local/lib/python3.7/site-packages/airflow/example_dags/example_latest_only_with_trigger.py took 0.117 seconds
[2023-07-12T06:42:39.895+0000] {processor.py:157} INFO - Started process (PID=6713) to work on /home/airflow/.local/lib/python3.7/site-packages/airflow/example_dags/example_latest_only_with_trigger.py
[2023-07-12T06:42:39.897+0000] {processor.py:826} INFO - Processing file /home/airflow/.local/lib/python3.7/site-packages/airflow/example_dags/example_latest_only_with_trigger.py for tasks to queue
[2023-07-12T06:42:39.899+0000] {logging_mixin.py:150} INFO - [2023-07-12T06:42:39.898+0000] {dagbag.py:541} INFO - Filling up the DagBag from /home/airflow/.local/lib/python3.7/site-packages/airflow/example_dags/example_latest_only_with_trigger.py
[2023-07-12T06:42:39.909+0000] {processor.py:836} INFO - DAG(s) dict_keys(['latest_only_with_trigger']) retrieved from /home/airflow/.local/lib/python3.7/site-packages/airflow/example_dags/example_latest_only_with_trigger.py
[2023-07-12T06:42:39.947+0000] {logging_mixin.py:150} INFO - [2023-07-12T06:42:39.946+0000] {dag.py:2742} INFO - Sync 1 DAGs
[2023-07-12T06:42:39.980+0000] {logging_mixin.py:150} INFO - [2023-07-12T06:42:39.980+0000] {dag.py:3508} INFO - Setting next_dagrun for latest_only_with_trigger to 2023-07-12T02:42:39.980255+00:00, run_after=2023-07-12T06:42:39.980255+00:00
[2023-07-12T06:42:40.019+0000] {processor.py:179} INFO - Processing /home/airflow/.local/lib/python3.7/site-packages/airflow/example_dags/example_latest_only_with_trigger.py took 0.129 seconds
[2023-07-12T06:43:10.419+0000] {processor.py:157} INFO - Started process (PID=6954) to work on /home/airflow/.local/lib/python3.7/site-packages/airflow/example_dags/example_latest_only_with_trigger.py
[2023-07-12T06:43:10.422+0000] {processor.py:826} INFO - Processing file /home/airflow/.local/lib/python3.7/site-packages/airflow/example_dags/example_latest_only_with_trigger.py for tasks to queue
[2023-07-12T06:43:10.426+0000] {logging_mixin.py:150} INFO - [2023-07-12T06:43:10.425+0000] {dagbag.py:541} INFO - Filling up the DagBag from /home/airflow/.local/lib/python3.7/site-packages/airflow/example_dags/example_latest_only_with_trigger.py
[2023-07-12T06:43:10.439+0000] {processor.py:836} INFO - DAG(s) dict_keys(['latest_only_with_trigger']) retrieved from /home/airflow/.local/lib/python3.7/site-packages/airflow/example_dags/example_latest_only_with_trigger.py
[2023-07-12T06:43:10.481+0000] {logging_mixin.py:150} INFO - [2023-07-12T06:43:10.481+0000] {dag.py:2742} INFO - Sync 1 DAGs
[2023-07-12T06:43:10.515+0000] {logging_mixin.py:150} INFO - [2023-07-12T06:43:10.515+0000] {dag.py:3508} INFO - Setting next_dagrun for latest_only_with_trigger to 2023-07-12T02:43:10.514990+00:00, run_after=2023-07-12T06:43:10.514990+00:00
[2023-07-12T06:43:10.559+0000] {processor.py:179} INFO - Processing /home/airflow/.local/lib/python3.7/site-packages/airflow/example_dags/example_latest_only_with_trigger.py took 0.147 seconds
[2023-07-12T06:43:41.560+0000] {processor.py:157} INFO - Started process (PID=7195) to work on /home/airflow/.local/lib/python3.7/site-packages/airflow/example_dags/example_latest_only_with_trigger.py
[2023-07-12T06:43:41.563+0000] {processor.py:826} INFO - Processing file /home/airflow/.local/lib/python3.7/site-packages/airflow/example_dags/example_latest_only_with_trigger.py for tasks to queue
[2023-07-12T06:43:41.565+0000] {logging_mixin.py:150} INFO - [2023-07-12T06:43:41.565+0000] {dagbag.py:541} INFO - Filling up the DagBag from /home/airflow/.local/lib/python3.7/site-packages/airflow/example_dags/example_latest_only_with_trigger.py
[2023-07-12T06:43:41.577+0000] {processor.py:836} INFO - DAG(s) dict_keys(['latest_only_with_trigger']) retrieved from /home/airflow/.local/lib/python3.7/site-packages/airflow/example_dags/example_latest_only_with_trigger.py
[2023-07-12T06:43:41.622+0000] {logging_mixin.py:150} INFO - [2023-07-12T06:43:41.621+0000] {dag.py:2742} INFO - Sync 1 DAGs
[2023-07-12T06:43:41.659+0000] {logging_mixin.py:150} INFO - [2023-07-12T06:43:41.659+0000] {dag.py:3508} INFO - Setting next_dagrun for latest_only_with_trigger to 2023-07-12T02:43:41.658982+00:00, run_after=2023-07-12T06:43:41.658982+00:00
[2023-07-12T06:43:41.689+0000] {processor.py:179} INFO - Processing /home/airflow/.local/lib/python3.7/site-packages/airflow/example_dags/example_latest_only_with_trigger.py took 0.134 seconds
[2023-07-12T06:44:11.986+0000] {processor.py:157} INFO - Started process (PID=7436) to work on /home/airflow/.local/lib/python3.7/site-packages/airflow/example_dags/example_latest_only_with_trigger.py
[2023-07-12T06:44:11.990+0000] {processor.py:826} INFO - Processing file /home/airflow/.local/lib/python3.7/site-packages/airflow/example_dags/example_latest_only_with_trigger.py for tasks to queue
[2023-07-12T06:44:11.993+0000] {logging_mixin.py:150} INFO - [2023-07-12T06:44:11.993+0000] {dagbag.py:541} INFO - Filling up the DagBag from /home/airflow/.local/lib/python3.7/site-packages/airflow/example_dags/example_latest_only_with_trigger.py
[2023-07-12T06:44:12.006+0000] {processor.py:836} INFO - DAG(s) dict_keys(['latest_only_with_trigger']) retrieved from /home/airflow/.local/lib/python3.7/site-packages/airflow/example_dags/example_latest_only_with_trigger.py
[2023-07-12T06:44:12.047+0000] {logging_mixin.py:150} INFO - [2023-07-12T06:44:12.047+0000] {dag.py:2742} INFO - Sync 1 DAGs
[2023-07-12T06:44:12.080+0000] {logging_mixin.py:150} INFO - [2023-07-12T06:44:12.080+0000] {dag.py:3508} INFO - Setting next_dagrun for latest_only_with_trigger to 2023-07-12T02:44:12.079816+00:00, run_after=2023-07-12T06:44:12.079816+00:00
[2023-07-12T06:44:12.117+0000] {processor.py:179} INFO - Processing /home/airflow/.local/lib/python3.7/site-packages/airflow/example_dags/example_latest_only_with_trigger.py took 0.138 seconds
[2023-07-12T06:44:42.359+0000] {processor.py:157} INFO - Started process (PID=7684) to work on /home/airflow/.local/lib/python3.7/site-packages/airflow/example_dags/example_latest_only_with_trigger.py
[2023-07-12T06:44:42.361+0000] {processor.py:826} INFO - Processing file /home/airflow/.local/lib/python3.7/site-packages/airflow/example_dags/example_latest_only_with_trigger.py for tasks to queue
[2023-07-12T06:44:42.364+0000] {logging_mixin.py:150} INFO - [2023-07-12T06:44:42.363+0000] {dagbag.py:541} INFO - Filling up the DagBag from /home/airflow/.local/lib/python3.7/site-packages/airflow/example_dags/example_latest_only_with_trigger.py
[2023-07-12T06:44:42.374+0000] {processor.py:836} INFO - DAG(s) dict_keys(['latest_only_with_trigger']) retrieved from /home/airflow/.local/lib/python3.7/site-packages/airflow/example_dags/example_latest_only_with_trigger.py
[2023-07-12T06:44:42.411+0000] {logging_mixin.py:150} INFO - [2023-07-12T06:44:42.411+0000] {dag.py:2742} INFO - Sync 1 DAGs
[2023-07-12T06:44:42.443+0000] {logging_mixin.py:150} INFO - [2023-07-12T06:44:42.443+0000] {dag.py:3508} INFO - Setting next_dagrun for latest_only_with_trigger to 2023-07-12T02:44:42.442838+00:00, run_after=2023-07-12T06:44:42.442838+00:00
[2023-07-12T06:44:42.470+0000] {processor.py:179} INFO - Processing /home/airflow/.local/lib/python3.7/site-packages/airflow/example_dags/example_latest_only_with_trigger.py took 0.116 seconds
[2023-07-12T06:45:12.843+0000] {processor.py:157} INFO - Started process (PID=7918) to work on /home/airflow/.local/lib/python3.7/site-packages/airflow/example_dags/example_latest_only_with_trigger.py
[2023-07-12T06:45:12.846+0000] {processor.py:826} INFO - Processing file /home/airflow/.local/lib/python3.7/site-packages/airflow/example_dags/example_latest_only_with_trigger.py for tasks to queue
[2023-07-12T06:45:12.848+0000] {logging_mixin.py:150} INFO - [2023-07-12T06:45:12.848+0000] {dagbag.py:541} INFO - Filling up the DagBag from /home/airflow/.local/lib/python3.7/site-packages/airflow/example_dags/example_latest_only_with_trigger.py
[2023-07-12T06:45:12.859+0000] {processor.py:836} INFO - DAG(s) dict_keys(['latest_only_with_trigger']) retrieved from /home/airflow/.local/lib/python3.7/site-packages/airflow/example_dags/example_latest_only_with_trigger.py
[2023-07-12T06:45:12.901+0000] {logging_mixin.py:150} INFO - [2023-07-12T06:45:12.900+0000] {dag.py:2742} INFO - Sync 1 DAGs
[2023-07-12T06:45:12.935+0000] {logging_mixin.py:150} INFO - [2023-07-12T06:45:12.935+0000] {dag.py:3508} INFO - Setting next_dagrun for latest_only_with_trigger to 2023-07-12T02:45:12.934918+00:00, run_after=2023-07-12T06:45:12.934918+00:00
[2023-07-12T06:45:12.967+0000] {processor.py:179} INFO - Processing /home/airflow/.local/lib/python3.7/site-packages/airflow/example_dags/example_latest_only_with_trigger.py took 0.130 seconds
[2023-07-12T06:45:43.963+0000] {processor.py:157} INFO - Started process (PID=8159) to work on /home/airflow/.local/lib/python3.7/site-packages/airflow/example_dags/example_latest_only_with_trigger.py
[2023-07-12T06:45:43.966+0000] {processor.py:826} INFO - Processing file /home/airflow/.local/lib/python3.7/site-packages/airflow/example_dags/example_latest_only_with_trigger.py for tasks to queue
[2023-07-12T06:45:43.968+0000] {logging_mixin.py:150} INFO - [2023-07-12T06:45:43.968+0000] {dagbag.py:541} INFO - Filling up the DagBag from /home/airflow/.local/lib/python3.7/site-packages/airflow/example_dags/example_latest_only_with_trigger.py
[2023-07-12T06:45:43.978+0000] {processor.py:836} INFO - DAG(s) dict_keys(['latest_only_with_trigger']) retrieved from /home/airflow/.local/lib/python3.7/site-packages/airflow/example_dags/example_latest_only_with_trigger.py
[2023-07-12T06:45:44.015+0000] {logging_mixin.py:150} INFO - [2023-07-12T06:45:44.014+0000] {dag.py:2742} INFO - Sync 1 DAGs
[2023-07-12T06:45:44.049+0000] {logging_mixin.py:150} INFO - [2023-07-12T06:45:44.049+0000] {dag.py:3508} INFO - Setting next_dagrun for latest_only_with_trigger to 2023-07-12T02:45:44.049179+00:00, run_after=2023-07-12T06:45:44.049179+00:00
[2023-07-12T06:45:44.086+0000] {processor.py:179} INFO - Processing /home/airflow/.local/lib/python3.7/site-packages/airflow/example_dags/example_latest_only_with_trigger.py took 0.128 seconds
[2023-07-12T06:46:14.345+0000] {processor.py:157} INFO - Started process (PID=8400) to work on /home/airflow/.local/lib/python3.7/site-packages/airflow/example_dags/example_latest_only_with_trigger.py
[2023-07-12T06:46:14.348+0000] {processor.py:826} INFO - Processing file /home/airflow/.local/lib/python3.7/site-packages/airflow/example_dags/example_latest_only_with_trigger.py for tasks to queue
[2023-07-12T06:46:14.351+0000] {logging_mixin.py:150} INFO - [2023-07-12T06:46:14.351+0000] {dagbag.py:541} INFO - Filling up the DagBag from /home/airflow/.local/lib/python3.7/site-packages/airflow/example_dags/example_latest_only_with_trigger.py
[2023-07-12T06:46:14.362+0000] {processor.py:836} INFO - DAG(s) dict_keys(['latest_only_with_trigger']) retrieved from /home/airflow/.local/lib/python3.7/site-packages/airflow/example_dags/example_latest_only_with_trigger.py
[2023-07-12T06:46:14.403+0000] {logging_mixin.py:150} INFO - [2023-07-12T06:46:14.403+0000] {dag.py:2742} INFO - Sync 1 DAGs
[2023-07-12T06:46:14.437+0000] {logging_mixin.py:150} INFO - [2023-07-12T06:46:14.437+0000] {dag.py:3508} INFO - Setting next_dagrun for latest_only_with_trigger to 2023-07-12T02:46:14.436922+00:00, run_after=2023-07-12T06:46:14.436922+00:00
[2023-07-12T06:46:14.466+0000] {processor.py:179} INFO - Processing /home/airflow/.local/lib/python3.7/site-packages/airflow/example_dags/example_latest_only_with_trigger.py took 0.126 seconds
[2023-07-12T06:46:44.538+0000] {processor.py:157} INFO - Started process (PID=8641) to work on /home/airflow/.local/lib/python3.7/site-packages/airflow/example_dags/example_latest_only_with_trigger.py
[2023-07-12T06:46:44.541+0000] {processor.py:826} INFO - Processing file /home/airflow/.local/lib/python3.7/site-packages/airflow/example_dags/example_latest_only_with_trigger.py for tasks to queue
[2023-07-12T06:46:44.543+0000] {logging_mixin.py:150} INFO - [2023-07-12T06:46:44.542+0000] {dagbag.py:541} INFO - Filling up the DagBag from /home/airflow/.local/lib/python3.7/site-packages/airflow/example_dags/example_latest_only_with_trigger.py
[2023-07-12T06:46:44.554+0000] {processor.py:836} INFO - DAG(s) dict_keys(['latest_only_with_trigger']) retrieved from /home/airflow/.local/lib/python3.7/site-packages/airflow/example_dags/example_latest_only_with_trigger.py
[2023-07-12T06:46:44.591+0000] {logging_mixin.py:150} INFO - [2023-07-12T06:46:44.590+0000] {dag.py:2742} INFO - Sync 1 DAGs
[2023-07-12T06:46:44.627+0000] {logging_mixin.py:150} INFO - [2023-07-12T06:46:44.627+0000] {dag.py:3508} INFO - Setting next_dagrun for latest_only_with_trigger to 2023-07-12T02:46:44.626985+00:00, run_after=2023-07-12T06:46:44.626985+00:00
[2023-07-12T06:46:44.657+0000] {processor.py:179} INFO - Processing /home/airflow/.local/lib/python3.7/site-packages/airflow/example_dags/example_latest_only_with_trigger.py took 0.123 seconds
[2023-07-12T06:47:15.006+0000] {processor.py:157} INFO - Started process (PID=8876) to work on /home/airflow/.local/lib/python3.7/site-packages/airflow/example_dags/example_latest_only_with_trigger.py
[2023-07-12T06:47:15.008+0000] {processor.py:826} INFO - Processing file /home/airflow/.local/lib/python3.7/site-packages/airflow/example_dags/example_latest_only_with_trigger.py for tasks to queue
[2023-07-12T06:47:15.010+0000] {logging_mixin.py:150} INFO - [2023-07-12T06:47:15.010+0000] {dagbag.py:541} INFO - Filling up the DagBag from /home/airflow/.local/lib/python3.7/site-packages/airflow/example_dags/example_latest_only_with_trigger.py
[2023-07-12T06:47:15.020+0000] {processor.py:836} INFO - DAG(s) dict_keys(['latest_only_with_trigger']) retrieved from /home/airflow/.local/lib/python3.7/site-packages/airflow/example_dags/example_latest_only_with_trigger.py
[2023-07-12T06:47:15.058+0000] {logging_mixin.py:150} INFO - [2023-07-12T06:47:15.058+0000] {dag.py:2742} INFO - Sync 1 DAGs
[2023-07-12T06:47:15.091+0000] {logging_mixin.py:150} INFO - [2023-07-12T06:47:15.091+0000] {dag.py:3508} INFO - Setting next_dagrun for latest_only_with_trigger to 2023-07-12T02:47:15.090927+00:00, run_after=2023-07-12T06:47:15.090927+00:00
[2023-07-12T06:47:15.120+0000] {processor.py:179} INFO - Processing /home/airflow/.local/lib/python3.7/site-packages/airflow/example_dags/example_latest_only_with_trigger.py took 0.119 seconds
[2023-07-12T06:47:46.416+0000] {processor.py:157} INFO - Started process (PID=9121) to work on /home/airflow/.local/lib/python3.7/site-packages/airflow/example_dags/example_latest_only_with_trigger.py
[2023-07-12T06:47:46.420+0000] {processor.py:826} INFO - Processing file /home/airflow/.local/lib/python3.7/site-packages/airflow/example_dags/example_latest_only_with_trigger.py for tasks to queue
[2023-07-12T06:47:46.424+0000] {logging_mixin.py:150} INFO - [2023-07-12T06:47:46.423+0000] {dagbag.py:541} INFO - Filling up the DagBag from /home/airflow/.local/lib/python3.7/site-packages/airflow/example_dags/example_latest_only_with_trigger.py
[2023-07-12T06:47:46.441+0000] {processor.py:836} INFO - DAG(s) dict_keys(['latest_only_with_trigger']) retrieved from /home/airflow/.local/lib/python3.7/site-packages/airflow/example_dags/example_latest_only_with_trigger.py
[2023-07-12T06:47:46.491+0000] {logging_mixin.py:150} INFO - [2023-07-12T06:47:46.491+0000] {dag.py:2742} INFO - Sync 1 DAGs
[2023-07-12T06:47:46.546+0000] {logging_mixin.py:150} INFO - [2023-07-12T06:47:46.545+0000] {dag.py:3508} INFO - Setting next_dagrun for latest_only_with_trigger to 2023-07-12T02:47:46.545285+00:00, run_after=2023-07-12T06:47:46.545285+00:00
[2023-07-12T06:47:46.589+0000] {processor.py:179} INFO - Processing /home/airflow/.local/lib/python3.7/site-packages/airflow/example_dags/example_latest_only_with_trigger.py took 0.178 seconds
[2023-07-12T06:48:17.036+0000] {processor.py:157} INFO - Started process (PID=9362) to work on /home/airflow/.local/lib/python3.7/site-packages/airflow/example_dags/example_latest_only_with_trigger.py
[2023-07-12T06:48:17.039+0000] {processor.py:826} INFO - Processing file /home/airflow/.local/lib/python3.7/site-packages/airflow/example_dags/example_latest_only_with_trigger.py for tasks to queue
[2023-07-12T06:48:17.043+0000] {logging_mixin.py:150} INFO - [2023-07-12T06:48:17.043+0000] {dagbag.py:541} INFO - Filling up the DagBag from /home/airflow/.local/lib/python3.7/site-packages/airflow/example_dags/example_latest_only_with_trigger.py
[2023-07-12T06:48:17.054+0000] {processor.py:836} INFO - DAG(s) dict_keys(['latest_only_with_trigger']) retrieved from /home/airflow/.local/lib/python3.7/site-packages/airflow/example_dags/example_latest_only_with_trigger.py
[2023-07-12T06:48:17.098+0000] {logging_mixin.py:150} INFO - [2023-07-12T06:48:17.097+0000] {dag.py:2742} INFO - Sync 1 DAGs
[2023-07-12T06:48:17.151+0000] {logging_mixin.py:150} INFO - [2023-07-12T06:48:17.151+0000] {dag.py:3508} INFO - Setting next_dagrun for latest_only_with_trigger to 2023-07-12T02:48:17.150823+00:00, run_after=2023-07-12T06:48:17.150823+00:00
[2023-07-12T06:48:17.191+0000] {processor.py:179} INFO - Processing /home/airflow/.local/lib/python3.7/site-packages/airflow/example_dags/example_latest_only_with_trigger.py took 0.159 seconds
[2023-07-12T06:48:47.564+0000] {processor.py:157} INFO - Started process (PID=9603) to work on /home/airflow/.local/lib/python3.7/site-packages/airflow/example_dags/example_latest_only_with_trigger.py
[2023-07-12T06:48:47.571+0000] {processor.py:826} INFO - Processing file /home/airflow/.local/lib/python3.7/site-packages/airflow/example_dags/example_latest_only_with_trigger.py for tasks to queue
[2023-07-12T06:48:47.575+0000] {logging_mixin.py:150} INFO - [2023-07-12T06:48:47.574+0000] {dagbag.py:541} INFO - Filling up the DagBag from /home/airflow/.local/lib/python3.7/site-packages/airflow/example_dags/example_latest_only_with_trigger.py
[2023-07-12T06:48:47.589+0000] {processor.py:836} INFO - DAG(s) dict_keys(['latest_only_with_trigger']) retrieved from /home/airflow/.local/lib/python3.7/site-packages/airflow/example_dags/example_latest_only_with_trigger.py
[2023-07-12T06:48:47.634+0000] {logging_mixin.py:150} INFO - [2023-07-12T06:48:47.634+0000] {dag.py:2742} INFO - Sync 1 DAGs
[2023-07-12T06:48:47.676+0000] {logging_mixin.py:150} INFO - [2023-07-12T06:48:47.676+0000] {dag.py:3508} INFO - Setting next_dagrun for latest_only_with_trigger to 2023-07-12T02:48:47.675683+00:00, run_after=2023-07-12T06:48:47.675683+00:00
[2023-07-12T06:48:47.715+0000] {processor.py:179} INFO - Processing /home/airflow/.local/lib/python3.7/site-packages/airflow/example_dags/example_latest_only_with_trigger.py took 0.158 seconds
[2023-07-12T06:49:18.454+0000] {processor.py:157} INFO - Started process (PID=9844) to work on /home/airflow/.local/lib/python3.7/site-packages/airflow/example_dags/example_latest_only_with_trigger.py
[2023-07-12T06:49:18.457+0000] {processor.py:826} INFO - Processing file /home/airflow/.local/lib/python3.7/site-packages/airflow/example_dags/example_latest_only_with_trigger.py for tasks to queue
[2023-07-12T06:49:18.461+0000] {logging_mixin.py:150} INFO - [2023-07-12T06:49:18.460+0000] {dagbag.py:541} INFO - Filling up the DagBag from /home/airflow/.local/lib/python3.7/site-packages/airflow/example_dags/example_latest_only_with_trigger.py
[2023-07-12T06:49:18.477+0000] {processor.py:836} INFO - DAG(s) dict_keys(['latest_only_with_trigger']) retrieved from /home/airflow/.local/lib/python3.7/site-packages/airflow/example_dags/example_latest_only_with_trigger.py
[2023-07-12T06:49:18.529+0000] {logging_mixin.py:150} INFO - [2023-07-12T06:49:18.529+0000] {dag.py:2742} INFO - Sync 1 DAGs
[2023-07-12T06:49:18.577+0000] {logging_mixin.py:150} INFO - [2023-07-12T06:49:18.577+0000] {dag.py:3508} INFO - Setting next_dagrun for latest_only_with_trigger to 2023-07-12T02:49:18.576728+00:00, run_after=2023-07-12T06:49:18.576728+00:00
[2023-07-12T06:49:18.616+0000] {processor.py:179} INFO - Processing /home/airflow/.local/lib/python3.7/site-packages/airflow/example_dags/example_latest_only_with_trigger.py took 0.169 seconds
[2023-07-12T06:49:48.837+0000] {processor.py:157} INFO - Started process (PID=10085) to work on /home/airflow/.local/lib/python3.7/site-packages/airflow/example_dags/example_latest_only_with_trigger.py
[2023-07-12T06:49:48.843+0000] {processor.py:826} INFO - Processing file /home/airflow/.local/lib/python3.7/site-packages/airflow/example_dags/example_latest_only_with_trigger.py for tasks to queue
[2023-07-12T06:49:48.847+0000] {logging_mixin.py:150} INFO - [2023-07-12T06:49:48.846+0000] {dagbag.py:541} INFO - Filling up the DagBag from /home/airflow/.local/lib/python3.7/site-packages/airflow/example_dags/example_latest_only_with_trigger.py
[2023-07-12T06:49:48.859+0000] {processor.py:836} INFO - DAG(s) dict_keys(['latest_only_with_trigger']) retrieved from /home/airflow/.local/lib/python3.7/site-packages/airflow/example_dags/example_latest_only_with_trigger.py
[2023-07-12T06:49:48.902+0000] {logging_mixin.py:150} INFO - [2023-07-12T06:49:48.901+0000] {dag.py:2742} INFO - Sync 1 DAGs
[2023-07-12T06:49:48.940+0000] {logging_mixin.py:150} INFO - [2023-07-12T06:49:48.940+0000] {dag.py:3508} INFO - Setting next_dagrun for latest_only_with_trigger to 2023-07-12T02:49:48.940024+00:00, run_after=2023-07-12T06:49:48.940024+00:00
[2023-07-12T06:49:48.974+0000] {processor.py:179} INFO - Processing /home/airflow/.local/lib/python3.7/site-packages/airflow/example_dags/example_latest_only_with_trigger.py took 0.144 seconds
[2023-07-12T06:50:19.749+0000] {processor.py:157} INFO - Started process (PID=10326) to work on /home/airflow/.local/lib/python3.7/site-packages/airflow/example_dags/example_latest_only_with_trigger.py
[2023-07-12T06:50:19.751+0000] {processor.py:826} INFO - Processing file /home/airflow/.local/lib/python3.7/site-packages/airflow/example_dags/example_latest_only_with_trigger.py for tasks to queue
[2023-07-12T06:50:19.754+0000] {logging_mixin.py:150} INFO - [2023-07-12T06:50:19.753+0000] {dagbag.py:541} INFO - Filling up the DagBag from /home/airflow/.local/lib/python3.7/site-packages/airflow/example_dags/example_latest_only_with_trigger.py
[2023-07-12T06:50:19.764+0000] {processor.py:836} INFO - DAG(s) dict_keys(['latest_only_with_trigger']) retrieved from /home/airflow/.local/lib/python3.7/site-packages/airflow/example_dags/example_latest_only_with_trigger.py
[2023-07-12T06:50:19.802+0000] {logging_mixin.py:150} INFO - [2023-07-12T06:50:19.802+0000] {dag.py:2742} INFO - Sync 1 DAGs
[2023-07-12T06:50:19.838+0000] {logging_mixin.py:150} INFO - [2023-07-12T06:50:19.838+0000] {dag.py:3508} INFO - Setting next_dagrun for latest_only_with_trigger to 2023-07-12T02:50:19.837689+00:00, run_after=2023-07-12T06:50:19.837689+00:00
[2023-07-12T06:50:19.876+0000] {processor.py:179} INFO - Processing /home/airflow/.local/lib/python3.7/site-packages/airflow/example_dags/example_latest_only_with_trigger.py took 0.132 seconds
