[2023-07-12T06:29:23.258+0000] {processor.py:157} INFO - Started process (PID=374) to work on /home/airflow/.local/lib/python3.7/site-packages/airflow/example_dags/example_skip_dag.py
[2023-07-12T06:29:23.262+0000] {processor.py:826} INFO - Processing file /home/airflow/.local/lib/python3.7/site-packages/airflow/example_dags/example_skip_dag.py for tasks to queue
[2023-07-12T06:29:23.266+0000] {logging_mixin.py:150} INFO - [2023-07-12T06:29:23.265+0000] {dagbag.py:541} INFO - Filling up the DagBag from /home/airflow/.local/lib/python3.7/site-packages/airflow/example_dags/example_skip_dag.py
[2023-07-12T06:29:23.286+0000] {processor.py:836} INFO - DAG(s) dict_keys(['example_skip_dag']) retrieved from /home/airflow/.local/lib/python3.7/site-packages/airflow/example_dags/example_skip_dag.py
[2023-07-12T06:29:23.358+0000] {logging_mixin.py:150} INFO - [2023-07-12T06:29:23.358+0000] {dag.py:2742} INFO - Sync 1 DAGs
[2023-07-12T06:29:23.407+0000] {logging_mixin.py:150} INFO - [2023-07-12T06:29:23.406+0000] {dag.py:3508} INFO - Setting next_dagrun for example_skip_dag to 2023-07-11T06:29:23.405873+00:00, run_after=2023-07-12T06:29:23.405873+00:00
[2023-07-12T06:29:23.459+0000] {processor.py:179} INFO - Processing /home/airflow/.local/lib/python3.7/site-packages/airflow/example_dags/example_skip_dag.py took 0.207 seconds
[2023-07-12T06:29:54.251+0000] {processor.py:157} INFO - Started process (PID=614) to work on /home/airflow/.local/lib/python3.7/site-packages/airflow/example_dags/example_skip_dag.py
[2023-07-12T06:29:54.253+0000] {processor.py:826} INFO - Processing file /home/airflow/.local/lib/python3.7/site-packages/airflow/example_dags/example_skip_dag.py for tasks to queue
[2023-07-12T06:29:54.256+0000] {logging_mixin.py:150} INFO - [2023-07-12T06:29:54.256+0000] {dagbag.py:541} INFO - Filling up the DagBag from /home/airflow/.local/lib/python3.7/site-packages/airflow/example_dags/example_skip_dag.py
[2023-07-12T06:29:54.271+0000] {processor.py:836} INFO - DAG(s) dict_keys(['example_skip_dag']) retrieved from /home/airflow/.local/lib/python3.7/site-packages/airflow/example_dags/example_skip_dag.py
[2023-07-12T06:29:54.307+0000] {logging_mixin.py:150} INFO - [2023-07-12T06:29:54.306+0000] {dag.py:2742} INFO - Sync 1 DAGs
[2023-07-12T06:29:54.347+0000] {logging_mixin.py:150} INFO - [2023-07-12T06:29:54.346+0000] {dag.py:3508} INFO - Setting next_dagrun for example_skip_dag to 2023-07-11T06:29:54.346606+00:00, run_after=2023-07-12T06:29:54.346606+00:00
[2023-07-12T06:29:54.380+0000] {processor.py:179} INFO - Processing /home/airflow/.local/lib/python3.7/site-packages/airflow/example_dags/example_skip_dag.py took 0.135 seconds
[2023-07-12T06:30:24.497+0000] {processor.py:157} INFO - Started process (PID=855) to work on /home/airflow/.local/lib/python3.7/site-packages/airflow/example_dags/example_skip_dag.py
[2023-07-12T06:30:24.500+0000] {processor.py:826} INFO - Processing file /home/airflow/.local/lib/python3.7/site-packages/airflow/example_dags/example_skip_dag.py for tasks to queue
[2023-07-12T06:30:24.502+0000] {logging_mixin.py:150} INFO - [2023-07-12T06:30:24.502+0000] {dagbag.py:541} INFO - Filling up the DagBag from /home/airflow/.local/lib/python3.7/site-packages/airflow/example_dags/example_skip_dag.py
[2023-07-12T06:30:24.515+0000] {processor.py:836} INFO - DAG(s) dict_keys(['example_skip_dag']) retrieved from /home/airflow/.local/lib/python3.7/site-packages/airflow/example_dags/example_skip_dag.py
[2023-07-12T06:30:24.553+0000] {logging_mixin.py:150} INFO - [2023-07-12T06:30:24.553+0000] {dag.py:2742} INFO - Sync 1 DAGs
[2023-07-12T06:30:24.589+0000] {logging_mixin.py:150} INFO - [2023-07-12T06:30:24.589+0000] {dag.py:3508} INFO - Setting next_dagrun for example_skip_dag to 2023-07-11T06:30:24.588899+00:00, run_after=2023-07-12T06:30:24.588899+00:00
[2023-07-12T06:30:24.626+0000] {processor.py:179} INFO - Processing /home/airflow/.local/lib/python3.7/site-packages/airflow/example_dags/example_skip_dag.py took 0.133 seconds
[2023-07-12T06:30:54.968+0000] {processor.py:157} INFO - Started process (PID=1096) to work on /home/airflow/.local/lib/python3.7/site-packages/airflow/example_dags/example_skip_dag.py
[2023-07-12T06:30:54.972+0000] {processor.py:826} INFO - Processing file /home/airflow/.local/lib/python3.7/site-packages/airflow/example_dags/example_skip_dag.py for tasks to queue
[2023-07-12T06:30:54.975+0000] {logging_mixin.py:150} INFO - [2023-07-12T06:30:54.975+0000] {dagbag.py:541} INFO - Filling up the DagBag from /home/airflow/.local/lib/python3.7/site-packages/airflow/example_dags/example_skip_dag.py
[2023-07-12T06:30:54.987+0000] {processor.py:836} INFO - DAG(s) dict_keys(['example_skip_dag']) retrieved from /home/airflow/.local/lib/python3.7/site-packages/airflow/example_dags/example_skip_dag.py
[2023-07-12T06:30:55.027+0000] {logging_mixin.py:150} INFO - [2023-07-12T06:30:55.027+0000] {dag.py:2742} INFO - Sync 1 DAGs
[2023-07-12T06:30:55.068+0000] {logging_mixin.py:150} INFO - [2023-07-12T06:30:55.068+0000] {dag.py:3508} INFO - Setting next_dagrun for example_skip_dag to 2023-07-11T06:30:55.068348+00:00, run_after=2023-07-12T06:30:55.068348+00:00
[2023-07-12T06:30:55.114+0000] {processor.py:179} INFO - Processing /home/airflow/.local/lib/python3.7/site-packages/airflow/example_dags/example_skip_dag.py took 0.152 seconds
[2023-07-12T06:31:25.838+0000] {processor.py:157} INFO - Started process (PID=1379) to work on /home/airflow/.local/lib/python3.7/site-packages/airflow/example_dags/example_skip_dag.py
[2023-07-12T06:31:25.840+0000] {processor.py:826} INFO - Processing file /home/airflow/.local/lib/python3.7/site-packages/airflow/example_dags/example_skip_dag.py for tasks to queue
[2023-07-12T06:31:25.842+0000] {logging_mixin.py:150} INFO - [2023-07-12T06:31:25.842+0000] {dagbag.py:541} INFO - Filling up the DagBag from /home/airflow/.local/lib/python3.7/site-packages/airflow/example_dags/example_skip_dag.py
[2023-07-12T06:31:25.855+0000] {processor.py:836} INFO - DAG(s) dict_keys(['example_skip_dag']) retrieved from /home/airflow/.local/lib/python3.7/site-packages/airflow/example_dags/example_skip_dag.py
[2023-07-12T06:31:25.894+0000] {logging_mixin.py:150} INFO - [2023-07-12T06:31:25.894+0000] {dag.py:2742} INFO - Sync 1 DAGs
[2023-07-12T06:31:25.938+0000] {logging_mixin.py:150} INFO - [2023-07-12T06:31:25.937+0000] {dag.py:3508} INFO - Setting next_dagrun for example_skip_dag to 2023-07-11T06:31:25.937547+00:00, run_after=2023-07-12T06:31:25.937547+00:00
[2023-07-12T06:31:25.970+0000] {processor.py:179} INFO - Processing /home/airflow/.local/lib/python3.7/site-packages/airflow/example_dags/example_skip_dag.py took 0.137 seconds
[2023-07-12T06:31:56.404+0000] {processor.py:157} INFO - Started process (PID=1620) to work on /home/airflow/.local/lib/python3.7/site-packages/airflow/example_dags/example_skip_dag.py
[2023-07-12T06:31:56.408+0000] {processor.py:826} INFO - Processing file /home/airflow/.local/lib/python3.7/site-packages/airflow/example_dags/example_skip_dag.py for tasks to queue
[2023-07-12T06:31:56.412+0000] {logging_mixin.py:150} INFO - [2023-07-12T06:31:56.411+0000] {dagbag.py:541} INFO - Filling up the DagBag from /home/airflow/.local/lib/python3.7/site-packages/airflow/example_dags/example_skip_dag.py
[2023-07-12T06:31:56.426+0000] {processor.py:836} INFO - DAG(s) dict_keys(['example_skip_dag']) retrieved from /home/airflow/.local/lib/python3.7/site-packages/airflow/example_dags/example_skip_dag.py
[2023-07-12T06:31:56.467+0000] {logging_mixin.py:150} INFO - [2023-07-12T06:31:56.467+0000] {dag.py:2742} INFO - Sync 1 DAGs
[2023-07-12T06:31:56.508+0000] {logging_mixin.py:150} INFO - [2023-07-12T06:31:56.508+0000] {dag.py:3508} INFO - Setting next_dagrun for example_skip_dag to 2023-07-11T06:31:56.508023+00:00, run_after=2023-07-12T06:31:56.508023+00:00
[2023-07-12T06:31:56.543+0000] {processor.py:179} INFO - Processing /home/airflow/.local/lib/python3.7/site-packages/airflow/example_dags/example_skip_dag.py took 0.145 seconds
[2023-07-12T06:32:26.635+0000] {processor.py:157} INFO - Started process (PID=1861) to work on /home/airflow/.local/lib/python3.7/site-packages/airflow/example_dags/example_skip_dag.py
[2023-07-12T06:32:26.638+0000] {processor.py:826} INFO - Processing file /home/airflow/.local/lib/python3.7/site-packages/airflow/example_dags/example_skip_dag.py for tasks to queue
[2023-07-12T06:32:26.640+0000] {logging_mixin.py:150} INFO - [2023-07-12T06:32:26.640+0000] {dagbag.py:541} INFO - Filling up the DagBag from /home/airflow/.local/lib/python3.7/site-packages/airflow/example_dags/example_skip_dag.py
[2023-07-12T06:32:26.652+0000] {processor.py:836} INFO - DAG(s) dict_keys(['example_skip_dag']) retrieved from /home/airflow/.local/lib/python3.7/site-packages/airflow/example_dags/example_skip_dag.py
[2023-07-12T06:32:26.690+0000] {logging_mixin.py:150} INFO - [2023-07-12T06:32:26.689+0000] {dag.py:2742} INFO - Sync 1 DAGs
[2023-07-12T06:32:26.729+0000] {logging_mixin.py:150} INFO - [2023-07-12T06:32:26.729+0000] {dag.py:3508} INFO - Setting next_dagrun for example_skip_dag to 2023-07-11T06:32:26.729231+00:00, run_after=2023-07-12T06:32:26.729231+00:00
[2023-07-12T06:32:26.774+0000] {processor.py:179} INFO - Processing /home/airflow/.local/lib/python3.7/site-packages/airflow/example_dags/example_skip_dag.py took 0.146 seconds
[2023-07-12T06:32:57.318+0000] {processor.py:157} INFO - Started process (PID=2102) to work on /home/airflow/.local/lib/python3.7/site-packages/airflow/example_dags/example_skip_dag.py
[2023-07-12T06:32:57.321+0000] {processor.py:826} INFO - Processing file /home/airflow/.local/lib/python3.7/site-packages/airflow/example_dags/example_skip_dag.py for tasks to queue
[2023-07-12T06:32:57.324+0000] {logging_mixin.py:150} INFO - [2023-07-12T06:32:57.323+0000] {dagbag.py:541} INFO - Filling up the DagBag from /home/airflow/.local/lib/python3.7/site-packages/airflow/example_dags/example_skip_dag.py
[2023-07-12T06:32:57.339+0000] {processor.py:836} INFO - DAG(s) dict_keys(['example_skip_dag']) retrieved from /home/airflow/.local/lib/python3.7/site-packages/airflow/example_dags/example_skip_dag.py
[2023-07-12T06:32:57.377+0000] {logging_mixin.py:150} INFO - [2023-07-12T06:32:57.377+0000] {dag.py:2742} INFO - Sync 1 DAGs
[2023-07-12T06:32:57.417+0000] {logging_mixin.py:150} INFO - [2023-07-12T06:32:57.416+0000] {dag.py:3508} INFO - Setting next_dagrun for example_skip_dag to 2023-07-11T06:32:57.416194+00:00, run_after=2023-07-12T06:32:57.416194+00:00
[2023-07-12T06:32:57.459+0000] {processor.py:179} INFO - Processing /home/airflow/.local/lib/python3.7/site-packages/airflow/example_dags/example_skip_dag.py took 0.147 seconds
[2023-07-12T06:33:27.695+0000] {processor.py:157} INFO - Started process (PID=2343) to work on /home/airflow/.local/lib/python3.7/site-packages/airflow/example_dags/example_skip_dag.py
[2023-07-12T06:33:27.697+0000] {processor.py:826} INFO - Processing file /home/airflow/.local/lib/python3.7/site-packages/airflow/example_dags/example_skip_dag.py for tasks to queue
[2023-07-12T06:33:27.702+0000] {logging_mixin.py:150} INFO - [2023-07-12T06:33:27.701+0000] {dagbag.py:541} INFO - Filling up the DagBag from /home/airflow/.local/lib/python3.7/site-packages/airflow/example_dags/example_skip_dag.py
[2023-07-12T06:33:27.718+0000] {processor.py:836} INFO - DAG(s) dict_keys(['example_skip_dag']) retrieved from /home/airflow/.local/lib/python3.7/site-packages/airflow/example_dags/example_skip_dag.py
[2023-07-12T06:33:27.765+0000] {logging_mixin.py:150} INFO - [2023-07-12T06:33:27.765+0000] {dag.py:2742} INFO - Sync 1 DAGs
[2023-07-12T06:33:27.807+0000] {logging_mixin.py:150} INFO - [2023-07-12T06:33:27.807+0000] {dag.py:3508} INFO - Setting next_dagrun for example_skip_dag to 2023-07-11T06:33:27.807205+00:00, run_after=2023-07-12T06:33:27.807205+00:00
[2023-07-12T06:33:27.854+0000] {processor.py:179} INFO - Processing /home/airflow/.local/lib/python3.7/site-packages/airflow/example_dags/example_skip_dag.py took 0.165 seconds
[2023-07-12T06:33:58.133+0000] {processor.py:157} INFO - Started process (PID=2584) to work on /home/airflow/.local/lib/python3.7/site-packages/airflow/example_dags/example_skip_dag.py
[2023-07-12T06:33:58.136+0000] {processor.py:826} INFO - Processing file /home/airflow/.local/lib/python3.7/site-packages/airflow/example_dags/example_skip_dag.py for tasks to queue
[2023-07-12T06:33:58.140+0000] {logging_mixin.py:150} INFO - [2023-07-12T06:33:58.140+0000] {dagbag.py:541} INFO - Filling up the DagBag from /home/airflow/.local/lib/python3.7/site-packages/airflow/example_dags/example_skip_dag.py
[2023-07-12T06:33:58.156+0000] {processor.py:836} INFO - DAG(s) dict_keys(['example_skip_dag']) retrieved from /home/airflow/.local/lib/python3.7/site-packages/airflow/example_dags/example_skip_dag.py
[2023-07-12T06:33:58.203+0000] {logging_mixin.py:150} INFO - [2023-07-12T06:33:58.203+0000] {dag.py:2742} INFO - Sync 1 DAGs
[2023-07-12T06:33:58.244+0000] {logging_mixin.py:150} INFO - [2023-07-12T06:33:58.244+0000] {dag.py:3508} INFO - Setting next_dagrun for example_skip_dag to 2023-07-11T06:33:58.244022+00:00, run_after=2023-07-12T06:33:58.244022+00:00
[2023-07-12T06:33:58.284+0000] {processor.py:179} INFO - Processing /home/airflow/.local/lib/python3.7/site-packages/airflow/example_dags/example_skip_dag.py took 0.157 seconds
[2023-07-12T06:34:28.894+0000] {processor.py:157} INFO - Started process (PID=2825) to work on /home/airflow/.local/lib/python3.7/site-packages/airflow/example_dags/example_skip_dag.py
[2023-07-12T06:34:28.899+0000] {processor.py:826} INFO - Processing file /home/airflow/.local/lib/python3.7/site-packages/airflow/example_dags/example_skip_dag.py for tasks to queue
[2023-07-12T06:34:28.902+0000] {logging_mixin.py:150} INFO - [2023-07-12T06:34:28.901+0000] {dagbag.py:541} INFO - Filling up the DagBag from /home/airflow/.local/lib/python3.7/site-packages/airflow/example_dags/example_skip_dag.py
[2023-07-12T06:34:28.914+0000] {processor.py:836} INFO - DAG(s) dict_keys(['example_skip_dag']) retrieved from /home/airflow/.local/lib/python3.7/site-packages/airflow/example_dags/example_skip_dag.py
[2023-07-12T06:34:28.951+0000] {logging_mixin.py:150} INFO - [2023-07-12T06:34:28.951+0000] {dag.py:2742} INFO - Sync 1 DAGs
[2023-07-12T06:34:28.985+0000] {logging_mixin.py:150} INFO - [2023-07-12T06:34:28.985+0000] {dag.py:3508} INFO - Setting next_dagrun for example_skip_dag to 2023-07-11T06:34:28.985377+00:00, run_after=2023-07-12T06:34:28.985377+00:00
[2023-07-12T06:34:29.017+0000] {processor.py:179} INFO - Processing /home/airflow/.local/lib/python3.7/site-packages/airflow/example_dags/example_skip_dag.py took 0.129 seconds
[2023-07-12T06:34:59.850+0000] {processor.py:157} INFO - Started process (PID=3066) to work on /home/airflow/.local/lib/python3.7/site-packages/airflow/example_dags/example_skip_dag.py
[2023-07-12T06:34:59.852+0000] {processor.py:826} INFO - Processing file /home/airflow/.local/lib/python3.7/site-packages/airflow/example_dags/example_skip_dag.py for tasks to queue
[2023-07-12T06:34:59.854+0000] {logging_mixin.py:150} INFO - [2023-07-12T06:34:59.854+0000] {dagbag.py:541} INFO - Filling up the DagBag from /home/airflow/.local/lib/python3.7/site-packages/airflow/example_dags/example_skip_dag.py
[2023-07-12T06:34:59.866+0000] {processor.py:836} INFO - DAG(s) dict_keys(['example_skip_dag']) retrieved from /home/airflow/.local/lib/python3.7/site-packages/airflow/example_dags/example_skip_dag.py
[2023-07-12T06:34:59.904+0000] {logging_mixin.py:150} INFO - [2023-07-12T06:34:59.904+0000] {dag.py:2742} INFO - Sync 1 DAGs
[2023-07-12T06:34:59.946+0000] {logging_mixin.py:150} INFO - [2023-07-12T06:34:59.946+0000] {dag.py:3508} INFO - Setting next_dagrun for example_skip_dag to 2023-07-11T06:34:59.946005+00:00, run_after=2023-07-12T06:34:59.946005+00:00
[2023-07-12T06:34:59.984+0000] {processor.py:179} INFO - Processing /home/airflow/.local/lib/python3.7/site-packages/airflow/example_dags/example_skip_dag.py took 0.139 seconds
[2023-07-12T06:35:30.571+0000] {processor.py:157} INFO - Started process (PID=3309) to work on /home/airflow/.local/lib/python3.7/site-packages/airflow/example_dags/example_skip_dag.py
[2023-07-12T06:35:30.576+0000] {processor.py:826} INFO - Processing file /home/airflow/.local/lib/python3.7/site-packages/airflow/example_dags/example_skip_dag.py for tasks to queue
[2023-07-12T06:35:30.585+0000] {logging_mixin.py:150} INFO - [2023-07-12T06:35:30.584+0000] {dagbag.py:541} INFO - Filling up the DagBag from /home/airflow/.local/lib/python3.7/site-packages/airflow/example_dags/example_skip_dag.py
[2023-07-12T06:35:30.610+0000] {processor.py:836} INFO - DAG(s) dict_keys(['example_skip_dag']) retrieved from /home/airflow/.local/lib/python3.7/site-packages/airflow/example_dags/example_skip_dag.py
[2023-07-12T06:35:30.669+0000] {logging_mixin.py:150} INFO - [2023-07-12T06:35:30.668+0000] {dag.py:2742} INFO - Sync 1 DAGs
[2023-07-12T06:35:30.721+0000] {logging_mixin.py:150} INFO - [2023-07-12T06:35:30.720+0000] {dag.py:3508} INFO - Setting next_dagrun for example_skip_dag to 2023-07-11T06:35:30.720154+00:00, run_after=2023-07-12T06:35:30.720154+00:00
[2023-07-12T06:35:30.764+0000] {processor.py:179} INFO - Processing /home/airflow/.local/lib/python3.7/site-packages/airflow/example_dags/example_skip_dag.py took 0.203 seconds
[2023-07-12T06:36:01.164+0000] {processor.py:157} INFO - Started process (PID=3548) to work on /home/airflow/.local/lib/python3.7/site-packages/airflow/example_dags/example_skip_dag.py
[2023-07-12T06:36:01.167+0000] {processor.py:826} INFO - Processing file /home/airflow/.local/lib/python3.7/site-packages/airflow/example_dags/example_skip_dag.py for tasks to queue
[2023-07-12T06:36:01.170+0000] {logging_mixin.py:150} INFO - [2023-07-12T06:36:01.170+0000] {dagbag.py:541} INFO - Filling up the DagBag from /home/airflow/.local/lib/python3.7/site-packages/airflow/example_dags/example_skip_dag.py
[2023-07-12T06:36:01.184+0000] {processor.py:836} INFO - DAG(s) dict_keys(['example_skip_dag']) retrieved from /home/airflow/.local/lib/python3.7/site-packages/airflow/example_dags/example_skip_dag.py
[2023-07-12T06:36:01.221+0000] {logging_mixin.py:150} INFO - [2023-07-12T06:36:01.221+0000] {dag.py:2742} INFO - Sync 1 DAGs
[2023-07-12T06:36:01.259+0000] {logging_mixin.py:150} INFO - [2023-07-12T06:36:01.259+0000] {dag.py:3508} INFO - Setting next_dagrun for example_skip_dag to 2023-07-11T06:36:01.259131+00:00, run_after=2023-07-12T06:36:01.259131+00:00
[2023-07-12T06:36:01.301+0000] {processor.py:179} INFO - Processing /home/airflow/.local/lib/python3.7/site-packages/airflow/example_dags/example_skip_dag.py took 0.143 seconds
[2023-07-12T06:36:32.032+0000] {processor.py:157} INFO - Started process (PID=3789) to work on /home/airflow/.local/lib/python3.7/site-packages/airflow/example_dags/example_skip_dag.py
[2023-07-12T06:36:32.035+0000] {processor.py:826} INFO - Processing file /home/airflow/.local/lib/python3.7/site-packages/airflow/example_dags/example_skip_dag.py for tasks to queue
[2023-07-12T06:36:32.038+0000] {logging_mixin.py:150} INFO - [2023-07-12T06:36:32.037+0000] {dagbag.py:541} INFO - Filling up the DagBag from /home/airflow/.local/lib/python3.7/site-packages/airflow/example_dags/example_skip_dag.py
[2023-07-12T06:36:32.053+0000] {processor.py:836} INFO - DAG(s) dict_keys(['example_skip_dag']) retrieved from /home/airflow/.local/lib/python3.7/site-packages/airflow/example_dags/example_skip_dag.py
[2023-07-12T06:36:32.092+0000] {logging_mixin.py:150} INFO - [2023-07-12T06:36:32.091+0000] {dag.py:2742} INFO - Sync 1 DAGs
[2023-07-12T06:36:32.133+0000] {logging_mixin.py:150} INFO - [2023-07-12T06:36:32.133+0000] {dag.py:3508} INFO - Setting next_dagrun for example_skip_dag to 2023-07-11T06:36:32.133436+00:00, run_after=2023-07-12T06:36:32.133436+00:00
[2023-07-12T06:36:32.174+0000] {processor.py:179} INFO - Processing /home/airflow/.local/lib/python3.7/site-packages/airflow/example_dags/example_skip_dag.py took 0.147 seconds
[2023-07-12T06:37:02.582+0000] {processor.py:157} INFO - Started process (PID=4030) to work on /home/airflow/.local/lib/python3.7/site-packages/airflow/example_dags/example_skip_dag.py
[2023-07-12T06:37:02.585+0000] {processor.py:826} INFO - Processing file /home/airflow/.local/lib/python3.7/site-packages/airflow/example_dags/example_skip_dag.py for tasks to queue
[2023-07-12T06:37:02.589+0000] {logging_mixin.py:150} INFO - [2023-07-12T06:37:02.588+0000] {dagbag.py:541} INFO - Filling up the DagBag from /home/airflow/.local/lib/python3.7/site-packages/airflow/example_dags/example_skip_dag.py
[2023-07-12T06:37:02.604+0000] {processor.py:836} INFO - DAG(s) dict_keys(['example_skip_dag']) retrieved from /home/airflow/.local/lib/python3.7/site-packages/airflow/example_dags/example_skip_dag.py
[2023-07-12T06:37:02.645+0000] {logging_mixin.py:150} INFO - [2023-07-12T06:37:02.645+0000] {dag.py:2742} INFO - Sync 1 DAGs
[2023-07-12T06:37:02.679+0000] {logging_mixin.py:150} INFO - [2023-07-12T06:37:02.679+0000] {dag.py:3508} INFO - Setting next_dagrun for example_skip_dag to 2023-07-11T06:37:02.679101+00:00, run_after=2023-07-12T06:37:02.679101+00:00
[2023-07-12T06:37:02.713+0000] {processor.py:179} INFO - Processing /home/airflow/.local/lib/python3.7/site-packages/airflow/example_dags/example_skip_dag.py took 0.137 seconds
[2023-07-12T06:37:33.306+0000] {processor.py:157} INFO - Started process (PID=4271) to work on /home/airflow/.local/lib/python3.7/site-packages/airflow/example_dags/example_skip_dag.py
[2023-07-12T06:37:33.310+0000] {processor.py:826} INFO - Processing file /home/airflow/.local/lib/python3.7/site-packages/airflow/example_dags/example_skip_dag.py for tasks to queue
[2023-07-12T06:37:33.314+0000] {logging_mixin.py:150} INFO - [2023-07-12T06:37:33.313+0000] {dagbag.py:541} INFO - Filling up the DagBag from /home/airflow/.local/lib/python3.7/site-packages/airflow/example_dags/example_skip_dag.py
[2023-07-12T06:37:33.332+0000] {processor.py:836} INFO - DAG(s) dict_keys(['example_skip_dag']) retrieved from /home/airflow/.local/lib/python3.7/site-packages/airflow/example_dags/example_skip_dag.py
[2023-07-12T06:37:33.375+0000] {logging_mixin.py:150} INFO - [2023-07-12T06:37:33.375+0000] {dag.py:2742} INFO - Sync 1 DAGs
[2023-07-12T06:37:33.432+0000] {logging_mixin.py:150} INFO - [2023-07-12T06:37:33.432+0000] {dag.py:3508} INFO - Setting next_dagrun for example_skip_dag to 2023-07-11T06:37:33.431609+00:00, run_after=2023-07-12T06:37:33.431609+00:00
[2023-07-12T06:37:33.486+0000] {processor.py:179} INFO - Processing /home/airflow/.local/lib/python3.7/site-packages/airflow/example_dags/example_skip_dag.py took 0.185 seconds
[2023-07-12T06:38:03.922+0000] {processor.py:157} INFO - Started process (PID=4518) to work on /home/airflow/.local/lib/python3.7/site-packages/airflow/example_dags/example_skip_dag.py
[2023-07-12T06:38:03.928+0000] {processor.py:826} INFO - Processing file /home/airflow/.local/lib/python3.7/site-packages/airflow/example_dags/example_skip_dag.py for tasks to queue
[2023-07-12T06:38:03.936+0000] {logging_mixin.py:150} INFO - [2023-07-12T06:38:03.935+0000] {dagbag.py:541} INFO - Filling up the DagBag from /home/airflow/.local/lib/python3.7/site-packages/airflow/example_dags/example_skip_dag.py
[2023-07-12T06:38:03.956+0000] {processor.py:836} INFO - DAG(s) dict_keys(['example_skip_dag']) retrieved from /home/airflow/.local/lib/python3.7/site-packages/airflow/example_dags/example_skip_dag.py
[2023-07-12T06:38:04.000+0000] {logging_mixin.py:150} INFO - [2023-07-12T06:38:04.000+0000] {dag.py:2742} INFO - Sync 1 DAGs
[2023-07-12T06:38:04.037+0000] {logging_mixin.py:150} INFO - [2023-07-12T06:38:04.037+0000] {dag.py:3508} INFO - Setting next_dagrun for example_skip_dag to 2023-07-11T06:38:04.036982+00:00, run_after=2023-07-12T06:38:04.036982+00:00
[2023-07-12T06:38:04.068+0000] {processor.py:179} INFO - Processing /home/airflow/.local/lib/python3.7/site-packages/airflow/example_dags/example_skip_dag.py took 0.152 seconds
[2023-07-12T06:38:34.884+0000] {processor.py:157} INFO - Started process (PID=4759) to work on /home/airflow/.local/lib/python3.7/site-packages/airflow/example_dags/example_skip_dag.py
[2023-07-12T06:38:34.886+0000] {processor.py:826} INFO - Processing file /home/airflow/.local/lib/python3.7/site-packages/airflow/example_dags/example_skip_dag.py for tasks to queue
[2023-07-12T06:38:34.889+0000] {logging_mixin.py:150} INFO - [2023-07-12T06:38:34.888+0000] {dagbag.py:541} INFO - Filling up the DagBag from /home/airflow/.local/lib/python3.7/site-packages/airflow/example_dags/example_skip_dag.py
[2023-07-12T06:38:34.903+0000] {processor.py:836} INFO - DAG(s) dict_keys(['example_skip_dag']) retrieved from /home/airflow/.local/lib/python3.7/site-packages/airflow/example_dags/example_skip_dag.py
[2023-07-12T06:38:34.941+0000] {logging_mixin.py:150} INFO - [2023-07-12T06:38:34.940+0000] {dag.py:2742} INFO - Sync 1 DAGs
[2023-07-12T06:38:34.978+0000] {logging_mixin.py:150} INFO - [2023-07-12T06:38:34.978+0000] {dag.py:3508} INFO - Setting next_dagrun for example_skip_dag to 2023-07-11T06:38:34.977726+00:00, run_after=2023-07-12T06:38:34.977726+00:00
[2023-07-12T06:38:35.014+0000] {processor.py:179} INFO - Processing /home/airflow/.local/lib/python3.7/site-packages/airflow/example_dags/example_skip_dag.py took 0.134 seconds
[2023-07-12T06:39:05.446+0000] {processor.py:157} INFO - Started process (PID=5000) to work on /home/airflow/.local/lib/python3.7/site-packages/airflow/example_dags/example_skip_dag.py
[2023-07-12T06:39:05.449+0000] {processor.py:826} INFO - Processing file /home/airflow/.local/lib/python3.7/site-packages/airflow/example_dags/example_skip_dag.py for tasks to queue
[2023-07-12T06:39:05.453+0000] {logging_mixin.py:150} INFO - [2023-07-12T06:39:05.452+0000] {dagbag.py:541} INFO - Filling up the DagBag from /home/airflow/.local/lib/python3.7/site-packages/airflow/example_dags/example_skip_dag.py
[2023-07-12T06:39:05.470+0000] {processor.py:836} INFO - DAG(s) dict_keys(['example_skip_dag']) retrieved from /home/airflow/.local/lib/python3.7/site-packages/airflow/example_dags/example_skip_dag.py
[2023-07-12T06:39:05.513+0000] {logging_mixin.py:150} INFO - [2023-07-12T06:39:05.512+0000] {dag.py:2742} INFO - Sync 1 DAGs
[2023-07-12T06:39:05.558+0000] {logging_mixin.py:150} INFO - [2023-07-12T06:39:05.558+0000] {dag.py:3508} INFO - Setting next_dagrun for example_skip_dag to 2023-07-11T06:39:05.557726+00:00, run_after=2023-07-12T06:39:05.557726+00:00
[2023-07-12T06:39:05.591+0000] {processor.py:179} INFO - Processing /home/airflow/.local/lib/python3.7/site-packages/airflow/example_dags/example_skip_dag.py took 0.151 seconds
[2023-07-12T06:39:36.268+0000] {processor.py:157} INFO - Started process (PID=5241) to work on /home/airflow/.local/lib/python3.7/site-packages/airflow/example_dags/example_skip_dag.py
[2023-07-12T06:39:36.272+0000] {processor.py:826} INFO - Processing file /home/airflow/.local/lib/python3.7/site-packages/airflow/example_dags/example_skip_dag.py for tasks to queue
[2023-07-12T06:39:36.275+0000] {logging_mixin.py:150} INFO - [2023-07-12T06:39:36.274+0000] {dagbag.py:541} INFO - Filling up the DagBag from /home/airflow/.local/lib/python3.7/site-packages/airflow/example_dags/example_skip_dag.py
[2023-07-12T06:39:36.289+0000] {processor.py:836} INFO - DAG(s) dict_keys(['example_skip_dag']) retrieved from /home/airflow/.local/lib/python3.7/site-packages/airflow/example_dags/example_skip_dag.py
[2023-07-12T06:39:36.327+0000] {logging_mixin.py:150} INFO - [2023-07-12T06:39:36.327+0000] {dag.py:2742} INFO - Sync 1 DAGs
[2023-07-12T06:39:36.366+0000] {logging_mixin.py:150} INFO - [2023-07-12T06:39:36.366+0000] {dag.py:3508} INFO - Setting next_dagrun for example_skip_dag to 2023-07-11T06:39:36.365803+00:00, run_after=2023-07-12T06:39:36.365803+00:00
[2023-07-12T06:39:36.402+0000] {processor.py:179} INFO - Processing /home/airflow/.local/lib/python3.7/site-packages/airflow/example_dags/example_skip_dag.py took 0.140 seconds
[2023-07-12T06:40:06.916+0000] {processor.py:157} INFO - Started process (PID=5482) to work on /home/airflow/.local/lib/python3.7/site-packages/airflow/example_dags/example_skip_dag.py
[2023-07-12T06:40:06.919+0000] {processor.py:826} INFO - Processing file /home/airflow/.local/lib/python3.7/site-packages/airflow/example_dags/example_skip_dag.py for tasks to queue
[2023-07-12T06:40:06.923+0000] {logging_mixin.py:150} INFO - [2023-07-12T06:40:06.922+0000] {dagbag.py:541} INFO - Filling up the DagBag from /home/airflow/.local/lib/python3.7/site-packages/airflow/example_dags/example_skip_dag.py
[2023-07-12T06:40:06.937+0000] {processor.py:836} INFO - DAG(s) dict_keys(['example_skip_dag']) retrieved from /home/airflow/.local/lib/python3.7/site-packages/airflow/example_dags/example_skip_dag.py
[2023-07-12T06:40:06.976+0000] {logging_mixin.py:150} INFO - [2023-07-12T06:40:06.976+0000] {dag.py:2742} INFO - Sync 1 DAGs
[2023-07-12T06:40:07.008+0000] {logging_mixin.py:150} INFO - [2023-07-12T06:40:07.007+0000] {dag.py:3508} INFO - Setting next_dagrun for example_skip_dag to 2023-07-11T06:40:07.007531+00:00, run_after=2023-07-12T06:40:07.007531+00:00
[2023-07-12T06:40:07.038+0000] {processor.py:179} INFO - Processing /home/airflow/.local/lib/python3.7/site-packages/airflow/example_dags/example_skip_dag.py took 0.128 seconds
[2023-07-12T06:40:37.580+0000] {processor.py:157} INFO - Started process (PID=5725) to work on /home/airflow/.local/lib/python3.7/site-packages/airflow/example_dags/example_skip_dag.py
[2023-07-12T06:40:37.583+0000] {processor.py:826} INFO - Processing file /home/airflow/.local/lib/python3.7/site-packages/airflow/example_dags/example_skip_dag.py for tasks to queue
[2023-07-12T06:40:37.586+0000] {logging_mixin.py:150} INFO - [2023-07-12T06:40:37.585+0000] {dagbag.py:541} INFO - Filling up the DagBag from /home/airflow/.local/lib/python3.7/site-packages/airflow/example_dags/example_skip_dag.py
[2023-07-12T06:40:37.599+0000] {processor.py:836} INFO - DAG(s) dict_keys(['example_skip_dag']) retrieved from /home/airflow/.local/lib/python3.7/site-packages/airflow/example_dags/example_skip_dag.py
[2023-07-12T06:40:37.638+0000] {logging_mixin.py:150} INFO - [2023-07-12T06:40:37.638+0000] {dag.py:2742} INFO - Sync 1 DAGs
[2023-07-12T06:40:37.671+0000] {logging_mixin.py:150} INFO - [2023-07-12T06:40:37.671+0000] {dag.py:3508} INFO - Setting next_dagrun for example_skip_dag to 2023-07-11T06:40:37.671307+00:00, run_after=2023-07-12T06:40:37.671307+00:00
[2023-07-12T06:40:37.700+0000] {processor.py:179} INFO - Processing /home/airflow/.local/lib/python3.7/site-packages/airflow/example_dags/example_skip_dag.py took 0.124 seconds
[2023-07-12T06:41:07.948+0000] {processor.py:157} INFO - Started process (PID=5964) to work on /home/airflow/.local/lib/python3.7/site-packages/airflow/example_dags/example_skip_dag.py
[2023-07-12T06:41:07.951+0000] {processor.py:826} INFO - Processing file /home/airflow/.local/lib/python3.7/site-packages/airflow/example_dags/example_skip_dag.py for tasks to queue
[2023-07-12T06:41:07.953+0000] {logging_mixin.py:150} INFO - [2023-07-12T06:41:07.953+0000] {dagbag.py:541} INFO - Filling up the DagBag from /home/airflow/.local/lib/python3.7/site-packages/airflow/example_dags/example_skip_dag.py
[2023-07-12T06:41:07.966+0000] {processor.py:836} INFO - DAG(s) dict_keys(['example_skip_dag']) retrieved from /home/airflow/.local/lib/python3.7/site-packages/airflow/example_dags/example_skip_dag.py
[2023-07-12T06:41:08.005+0000] {logging_mixin.py:150} INFO - [2023-07-12T06:41:08.005+0000] {dag.py:2742} INFO - Sync 1 DAGs
[2023-07-12T06:41:08.040+0000] {logging_mixin.py:150} INFO - [2023-07-12T06:41:08.040+0000] {dag.py:3508} INFO - Setting next_dagrun for example_skip_dag to 2023-07-11T06:41:08.039971+00:00, run_after=2023-07-12T06:41:08.039971+00:00
[2023-07-12T06:41:08.080+0000] {processor.py:179} INFO - Processing /home/airflow/.local/lib/python3.7/site-packages/airflow/example_dags/example_skip_dag.py took 0.136 seconds
[2023-07-12T06:41:38.281+0000] {processor.py:157} INFO - Started process (PID=6205) to work on /home/airflow/.local/lib/python3.7/site-packages/airflow/example_dags/example_skip_dag.py
[2023-07-12T06:41:38.283+0000] {processor.py:826} INFO - Processing file /home/airflow/.local/lib/python3.7/site-packages/airflow/example_dags/example_skip_dag.py for tasks to queue
[2023-07-12T06:41:38.286+0000] {logging_mixin.py:150} INFO - [2023-07-12T06:41:38.286+0000] {dagbag.py:541} INFO - Filling up the DagBag from /home/airflow/.local/lib/python3.7/site-packages/airflow/example_dags/example_skip_dag.py
[2023-07-12T06:41:38.297+0000] {processor.py:836} INFO - DAG(s) dict_keys(['example_skip_dag']) retrieved from /home/airflow/.local/lib/python3.7/site-packages/airflow/example_dags/example_skip_dag.py
[2023-07-12T06:41:38.333+0000] {logging_mixin.py:150} INFO - [2023-07-12T06:41:38.332+0000] {dag.py:2742} INFO - Sync 1 DAGs
[2023-07-12T06:41:38.366+0000] {logging_mixin.py:150} INFO - [2023-07-12T06:41:38.366+0000] {dag.py:3508} INFO - Setting next_dagrun for example_skip_dag to 2023-07-11T06:41:38.366372+00:00, run_after=2023-07-12T06:41:38.366372+00:00
[2023-07-12T06:41:38.407+0000] {processor.py:179} INFO - Processing /home/airflow/.local/lib/python3.7/site-packages/airflow/example_dags/example_skip_dag.py took 0.131 seconds
[2023-07-12T06:42:08.763+0000] {processor.py:157} INFO - Started process (PID=6447) to work on /home/airflow/.local/lib/python3.7/site-packages/airflow/example_dags/example_skip_dag.py
[2023-07-12T06:42:08.765+0000] {processor.py:826} INFO - Processing file /home/airflow/.local/lib/python3.7/site-packages/airflow/example_dags/example_skip_dag.py for tasks to queue
[2023-07-12T06:42:08.767+0000] {logging_mixin.py:150} INFO - [2023-07-12T06:42:08.767+0000] {dagbag.py:541} INFO - Filling up the DagBag from /home/airflow/.local/lib/python3.7/site-packages/airflow/example_dags/example_skip_dag.py
[2023-07-12T06:42:08.778+0000] {processor.py:836} INFO - DAG(s) dict_keys(['example_skip_dag']) retrieved from /home/airflow/.local/lib/python3.7/site-packages/airflow/example_dags/example_skip_dag.py
[2023-07-12T06:42:08.813+0000] {logging_mixin.py:150} INFO - [2023-07-12T06:42:08.813+0000] {dag.py:2742} INFO - Sync 1 DAGs
[2023-07-12T06:42:08.846+0000] {logging_mixin.py:150} INFO - [2023-07-12T06:42:08.846+0000] {dag.py:3508} INFO - Setting next_dagrun for example_skip_dag to 2023-07-11T06:42:08.846400+00:00, run_after=2023-07-12T06:42:08.846400+00:00
[2023-07-12T06:42:08.881+0000] {processor.py:179} INFO - Processing /home/airflow/.local/lib/python3.7/site-packages/airflow/example_dags/example_skip_dag.py took 0.123 seconds
[2023-07-12T06:42:39.477+0000] {processor.py:157} INFO - Started process (PID=6688) to work on /home/airflow/.local/lib/python3.7/site-packages/airflow/example_dags/example_skip_dag.py
[2023-07-12T06:42:39.479+0000] {processor.py:826} INFO - Processing file /home/airflow/.local/lib/python3.7/site-packages/airflow/example_dags/example_skip_dag.py for tasks to queue
[2023-07-12T06:42:39.483+0000] {logging_mixin.py:150} INFO - [2023-07-12T06:42:39.482+0000] {dagbag.py:541} INFO - Filling up the DagBag from /home/airflow/.local/lib/python3.7/site-packages/airflow/example_dags/example_skip_dag.py
[2023-07-12T06:42:39.496+0000] {processor.py:836} INFO - DAG(s) dict_keys(['example_skip_dag']) retrieved from /home/airflow/.local/lib/python3.7/site-packages/airflow/example_dags/example_skip_dag.py
[2023-07-12T06:42:39.533+0000] {logging_mixin.py:150} INFO - [2023-07-12T06:42:39.533+0000] {dag.py:2742} INFO - Sync 1 DAGs
[2023-07-12T06:42:39.566+0000] {logging_mixin.py:150} INFO - [2023-07-12T06:42:39.566+0000] {dag.py:3508} INFO - Setting next_dagrun for example_skip_dag to 2023-07-11T06:42:39.566015+00:00, run_after=2023-07-12T06:42:39.566015+00:00
[2023-07-12T06:42:39.598+0000] {processor.py:179} INFO - Processing /home/airflow/.local/lib/python3.7/site-packages/airflow/example_dags/example_skip_dag.py took 0.127 seconds
[2023-07-12T06:43:09.930+0000] {processor.py:157} INFO - Started process (PID=6929) to work on /home/airflow/.local/lib/python3.7/site-packages/airflow/example_dags/example_skip_dag.py
[2023-07-12T06:43:09.932+0000] {processor.py:826} INFO - Processing file /home/airflow/.local/lib/python3.7/site-packages/airflow/example_dags/example_skip_dag.py for tasks to queue
[2023-07-12T06:43:09.934+0000] {logging_mixin.py:150} INFO - [2023-07-12T06:43:09.934+0000] {dagbag.py:541} INFO - Filling up the DagBag from /home/airflow/.local/lib/python3.7/site-packages/airflow/example_dags/example_skip_dag.py
[2023-07-12T06:43:09.945+0000] {processor.py:836} INFO - DAG(s) dict_keys(['example_skip_dag']) retrieved from /home/airflow/.local/lib/python3.7/site-packages/airflow/example_dags/example_skip_dag.py
[2023-07-12T06:43:09.980+0000] {logging_mixin.py:150} INFO - [2023-07-12T06:43:09.980+0000] {dag.py:2742} INFO - Sync 1 DAGs
[2023-07-12T06:43:10.017+0000] {logging_mixin.py:150} INFO - [2023-07-12T06:43:10.016+0000] {dag.py:3508} INFO - Setting next_dagrun for example_skip_dag to 2023-07-11T06:43:10.016610+00:00, run_after=2023-07-12T06:43:10.016610+00:00
[2023-07-12T06:43:10.048+0000] {processor.py:179} INFO - Processing /home/airflow/.local/lib/python3.7/site-packages/airflow/example_dags/example_skip_dag.py took 0.123 seconds
[2023-07-12T06:43:41.097+0000] {processor.py:157} INFO - Started process (PID=7170) to work on /home/airflow/.local/lib/python3.7/site-packages/airflow/example_dags/example_skip_dag.py
[2023-07-12T06:43:41.099+0000] {processor.py:826} INFO - Processing file /home/airflow/.local/lib/python3.7/site-packages/airflow/example_dags/example_skip_dag.py for tasks to queue
[2023-07-12T06:43:41.101+0000] {logging_mixin.py:150} INFO - [2023-07-12T06:43:41.101+0000] {dagbag.py:541} INFO - Filling up the DagBag from /home/airflow/.local/lib/python3.7/site-packages/airflow/example_dags/example_skip_dag.py
[2023-07-12T06:43:41.112+0000] {processor.py:836} INFO - DAG(s) dict_keys(['example_skip_dag']) retrieved from /home/airflow/.local/lib/python3.7/site-packages/airflow/example_dags/example_skip_dag.py
[2023-07-12T06:43:41.147+0000] {logging_mixin.py:150} INFO - [2023-07-12T06:43:41.147+0000] {dag.py:2742} INFO - Sync 1 DAGs
[2023-07-12T06:43:41.181+0000] {logging_mixin.py:150} INFO - [2023-07-12T06:43:41.181+0000] {dag.py:3508} INFO - Setting next_dagrun for example_skip_dag to 2023-07-11T06:43:41.180841+00:00, run_after=2023-07-12T06:43:41.180841+00:00
[2023-07-12T06:43:41.216+0000] {processor.py:179} INFO - Processing /home/airflow/.local/lib/python3.7/site-packages/airflow/example_dags/example_skip_dag.py took 0.124 seconds
[2023-07-12T06:44:11.462+0000] {processor.py:157} INFO - Started process (PID=7411) to work on /home/airflow/.local/lib/python3.7/site-packages/airflow/example_dags/example_skip_dag.py
[2023-07-12T06:44:11.465+0000] {processor.py:826} INFO - Processing file /home/airflow/.local/lib/python3.7/site-packages/airflow/example_dags/example_skip_dag.py for tasks to queue
[2023-07-12T06:44:11.467+0000] {logging_mixin.py:150} INFO - [2023-07-12T06:44:11.466+0000] {dagbag.py:541} INFO - Filling up the DagBag from /home/airflow/.local/lib/python3.7/site-packages/airflow/example_dags/example_skip_dag.py
[2023-07-12T06:44:11.478+0000] {processor.py:836} INFO - DAG(s) dict_keys(['example_skip_dag']) retrieved from /home/airflow/.local/lib/python3.7/site-packages/airflow/example_dags/example_skip_dag.py
[2023-07-12T06:44:11.512+0000] {logging_mixin.py:150} INFO - [2023-07-12T06:44:11.512+0000] {dag.py:2742} INFO - Sync 1 DAGs
[2023-07-12T06:44:11.544+0000] {logging_mixin.py:150} INFO - [2023-07-12T06:44:11.544+0000] {dag.py:3508} INFO - Setting next_dagrun for example_skip_dag to 2023-07-11T06:44:11.544127+00:00, run_after=2023-07-12T06:44:11.544127+00:00
[2023-07-12T06:44:11.577+0000] {processor.py:179} INFO - Processing /home/airflow/.local/lib/python3.7/site-packages/airflow/example_dags/example_skip_dag.py took 0.119 seconds
[2023-07-12T06:44:41.686+0000] {processor.py:157} INFO - Started process (PID=7652) to work on /home/airflow/.local/lib/python3.7/site-packages/airflow/example_dags/example_skip_dag.py
[2023-07-12T06:44:41.688+0000] {processor.py:826} INFO - Processing file /home/airflow/.local/lib/python3.7/site-packages/airflow/example_dags/example_skip_dag.py for tasks to queue
[2023-07-12T06:44:41.690+0000] {logging_mixin.py:150} INFO - [2023-07-12T06:44:41.689+0000] {dagbag.py:541} INFO - Filling up the DagBag from /home/airflow/.local/lib/python3.7/site-packages/airflow/example_dags/example_skip_dag.py
[2023-07-12T06:44:41.700+0000] {processor.py:836} INFO - DAG(s) dict_keys(['example_skip_dag']) retrieved from /home/airflow/.local/lib/python3.7/site-packages/airflow/example_dags/example_skip_dag.py
[2023-07-12T06:44:41.738+0000] {logging_mixin.py:150} INFO - [2023-07-12T06:44:41.738+0000] {dag.py:2742} INFO - Sync 1 DAGs
[2023-07-12T06:44:41.779+0000] {logging_mixin.py:150} INFO - [2023-07-12T06:44:41.779+0000] {dag.py:3508} INFO - Setting next_dagrun for example_skip_dag to 2023-07-11T06:44:41.779410+00:00, run_after=2023-07-12T06:44:41.779410+00:00
[2023-07-12T06:44:41.808+0000] {processor.py:179} INFO - Processing /home/airflow/.local/lib/python3.7/site-packages/airflow/example_dags/example_skip_dag.py took 0.127 seconds
[2023-07-12T06:45:12.138+0000] {processor.py:157} INFO - Started process (PID=7888) to work on /home/airflow/.local/lib/python3.7/site-packages/airflow/example_dags/example_skip_dag.py
[2023-07-12T06:45:12.141+0000] {processor.py:826} INFO - Processing file /home/airflow/.local/lib/python3.7/site-packages/airflow/example_dags/example_skip_dag.py for tasks to queue
[2023-07-12T06:45:12.144+0000] {logging_mixin.py:150} INFO - [2023-07-12T06:45:12.143+0000] {dagbag.py:541} INFO - Filling up the DagBag from /home/airflow/.local/lib/python3.7/site-packages/airflow/example_dags/example_skip_dag.py
[2023-07-12T06:45:12.158+0000] {processor.py:836} INFO - DAG(s) dict_keys(['example_skip_dag']) retrieved from /home/airflow/.local/lib/python3.7/site-packages/airflow/example_dags/example_skip_dag.py
[2023-07-12T06:45:12.197+0000] {logging_mixin.py:150} INFO - [2023-07-12T06:45:12.197+0000] {dag.py:2742} INFO - Sync 1 DAGs
[2023-07-12T06:45:12.236+0000] {logging_mixin.py:150} INFO - [2023-07-12T06:45:12.236+0000] {dag.py:3508} INFO - Setting next_dagrun for example_skip_dag to 2023-07-11T06:45:12.235638+00:00, run_after=2023-07-12T06:45:12.235638+00:00
[2023-07-12T06:45:12.266+0000] {processor.py:179} INFO - Processing /home/airflow/.local/lib/python3.7/site-packages/airflow/example_dags/example_skip_dag.py took 0.134 seconds
[2023-07-12T06:45:42.358+0000] {processor.py:157} INFO - Started process (PID=8129) to work on /home/airflow/.local/lib/python3.7/site-packages/airflow/example_dags/example_skip_dag.py
[2023-07-12T06:45:42.362+0000] {processor.py:826} INFO - Processing file /home/airflow/.local/lib/python3.7/site-packages/airflow/example_dags/example_skip_dag.py for tasks to queue
[2023-07-12T06:45:42.366+0000] {logging_mixin.py:150} INFO - [2023-07-12T06:45:42.365+0000] {dagbag.py:541} INFO - Filling up the DagBag from /home/airflow/.local/lib/python3.7/site-packages/airflow/example_dags/example_skip_dag.py
[2023-07-12T06:45:42.380+0000] {processor.py:836} INFO - DAG(s) dict_keys(['example_skip_dag']) retrieved from /home/airflow/.local/lib/python3.7/site-packages/airflow/example_dags/example_skip_dag.py
[2023-07-12T06:45:42.415+0000] {logging_mixin.py:150} INFO - [2023-07-12T06:45:42.414+0000] {dag.py:2742} INFO - Sync 1 DAGs
[2023-07-12T06:45:42.448+0000] {logging_mixin.py:150} INFO - [2023-07-12T06:45:42.447+0000] {dag.py:3508} INFO - Setting next_dagrun for example_skip_dag to 2023-07-11T06:45:42.447569+00:00, run_after=2023-07-12T06:45:42.447569+00:00
[2023-07-12T06:45:42.477+0000] {processor.py:179} INFO - Processing /home/airflow/.local/lib/python3.7/site-packages/airflow/example_dags/example_skip_dag.py took 0.126 seconds
[2023-07-12T06:46:12.661+0000] {processor.py:157} INFO - Started process (PID=8370) to work on /home/airflow/.local/lib/python3.7/site-packages/airflow/example_dags/example_skip_dag.py
[2023-07-12T06:46:12.664+0000] {processor.py:826} INFO - Processing file /home/airflow/.local/lib/python3.7/site-packages/airflow/example_dags/example_skip_dag.py for tasks to queue
[2023-07-12T06:46:12.667+0000] {logging_mixin.py:150} INFO - [2023-07-12T06:46:12.666+0000] {dagbag.py:541} INFO - Filling up the DagBag from /home/airflow/.local/lib/python3.7/site-packages/airflow/example_dags/example_skip_dag.py
[2023-07-12T06:46:12.679+0000] {processor.py:836} INFO - DAG(s) dict_keys(['example_skip_dag']) retrieved from /home/airflow/.local/lib/python3.7/site-packages/airflow/example_dags/example_skip_dag.py
[2023-07-12T06:46:12.717+0000] {logging_mixin.py:150} INFO - [2023-07-12T06:46:12.716+0000] {dag.py:2742} INFO - Sync 1 DAGs
[2023-07-12T06:46:12.750+0000] {logging_mixin.py:150} INFO - [2023-07-12T06:46:12.749+0000] {dag.py:3508} INFO - Setting next_dagrun for example_skip_dag to 2023-07-11T06:46:12.749501+00:00, run_after=2023-07-12T06:46:12.749501+00:00
[2023-07-12T06:46:12.780+0000] {processor.py:179} INFO - Processing /home/airflow/.local/lib/python3.7/site-packages/airflow/example_dags/example_skip_dag.py took 0.126 seconds
[2023-07-12T06:46:43.013+0000] {processor.py:157} INFO - Started process (PID=8611) to work on /home/airflow/.local/lib/python3.7/site-packages/airflow/example_dags/example_skip_dag.py
[2023-07-12T06:46:43.017+0000] {processor.py:826} INFO - Processing file /home/airflow/.local/lib/python3.7/site-packages/airflow/example_dags/example_skip_dag.py for tasks to queue
[2023-07-12T06:46:43.020+0000] {logging_mixin.py:150} INFO - [2023-07-12T06:46:43.020+0000] {dagbag.py:541} INFO - Filling up the DagBag from /home/airflow/.local/lib/python3.7/site-packages/airflow/example_dags/example_skip_dag.py
[2023-07-12T06:46:43.034+0000] {processor.py:836} INFO - DAG(s) dict_keys(['example_skip_dag']) retrieved from /home/airflow/.local/lib/python3.7/site-packages/airflow/example_dags/example_skip_dag.py
[2023-07-12T06:46:43.070+0000] {logging_mixin.py:150} INFO - [2023-07-12T06:46:43.069+0000] {dag.py:2742} INFO - Sync 1 DAGs
[2023-07-12T06:46:43.102+0000] {logging_mixin.py:150} INFO - [2023-07-12T06:46:43.102+0000] {dag.py:3508} INFO - Setting next_dagrun for example_skip_dag to 2023-07-11T06:46:43.102169+00:00, run_after=2023-07-12T06:46:43.102169+00:00
[2023-07-12T06:46:43.130+0000] {processor.py:179} INFO - Processing /home/airflow/.local/lib/python3.7/site-packages/airflow/example_dags/example_skip_dag.py took 0.123 seconds
[2023-07-12T06:47:13.562+0000] {processor.py:157} INFO - Started process (PID=8851) to work on /home/airflow/.local/lib/python3.7/site-packages/airflow/example_dags/example_skip_dag.py
[2023-07-12T06:47:13.565+0000] {processor.py:826} INFO - Processing file /home/airflow/.local/lib/python3.7/site-packages/airflow/example_dags/example_skip_dag.py for tasks to queue
[2023-07-12T06:47:13.568+0000] {logging_mixin.py:150} INFO - [2023-07-12T06:47:13.568+0000] {dagbag.py:541} INFO - Filling up the DagBag from /home/airflow/.local/lib/python3.7/site-packages/airflow/example_dags/example_skip_dag.py
[2023-07-12T06:47:13.582+0000] {processor.py:836} INFO - DAG(s) dict_keys(['example_skip_dag']) retrieved from /home/airflow/.local/lib/python3.7/site-packages/airflow/example_dags/example_skip_dag.py
[2023-07-12T06:47:13.619+0000] {logging_mixin.py:150} INFO - [2023-07-12T06:47:13.619+0000] {dag.py:2742} INFO - Sync 1 DAGs
[2023-07-12T06:47:13.652+0000] {logging_mixin.py:150} INFO - [2023-07-12T06:47:13.652+0000] {dag.py:3508} INFO - Setting next_dagrun for example_skip_dag to 2023-07-11T06:47:13.652113+00:00, run_after=2023-07-12T06:47:13.652113+00:00
[2023-07-12T06:47:13.683+0000] {processor.py:179} INFO - Processing /home/airflow/.local/lib/python3.7/site-packages/airflow/example_dags/example_skip_dag.py took 0.128 seconds
[2023-07-12T06:47:44.580+0000] {processor.py:157} INFO - Started process (PID=9091) to work on /home/airflow/.local/lib/python3.7/site-packages/airflow/example_dags/example_skip_dag.py
[2023-07-12T06:47:44.585+0000] {processor.py:826} INFO - Processing file /home/airflow/.local/lib/python3.7/site-packages/airflow/example_dags/example_skip_dag.py for tasks to queue
[2023-07-12T06:47:44.589+0000] {logging_mixin.py:150} INFO - [2023-07-12T06:47:44.588+0000] {dagbag.py:541} INFO - Filling up the DagBag from /home/airflow/.local/lib/python3.7/site-packages/airflow/example_dags/example_skip_dag.py
[2023-07-12T06:47:44.604+0000] {processor.py:836} INFO - DAG(s) dict_keys(['example_skip_dag']) retrieved from /home/airflow/.local/lib/python3.7/site-packages/airflow/example_dags/example_skip_dag.py
[2023-07-12T06:47:44.663+0000] {logging_mixin.py:150} INFO - [2023-07-12T06:47:44.663+0000] {dag.py:2742} INFO - Sync 1 DAGs
[2023-07-12T06:47:44.709+0000] {logging_mixin.py:150} INFO - [2023-07-12T06:47:44.708+0000] {dag.py:3508} INFO - Setting next_dagrun for example_skip_dag to 2023-07-11T06:47:44.708354+00:00, run_after=2023-07-12T06:47:44.708354+00:00
[2023-07-12T06:47:44.754+0000] {processor.py:179} INFO - Processing /home/airflow/.local/lib/python3.7/site-packages/airflow/example_dags/example_skip_dag.py took 0.181 seconds
[2023-07-12T06:48:15.298+0000] {processor.py:157} INFO - Started process (PID=9332) to work on /home/airflow/.local/lib/python3.7/site-packages/airflow/example_dags/example_skip_dag.py
[2023-07-12T06:48:15.301+0000] {processor.py:826} INFO - Processing file /home/airflow/.local/lib/python3.7/site-packages/airflow/example_dags/example_skip_dag.py for tasks to queue
[2023-07-12T06:48:15.304+0000] {logging_mixin.py:150} INFO - [2023-07-12T06:48:15.303+0000] {dagbag.py:541} INFO - Filling up the DagBag from /home/airflow/.local/lib/python3.7/site-packages/airflow/example_dags/example_skip_dag.py
[2023-07-12T06:48:15.317+0000] {processor.py:836} INFO - DAG(s) dict_keys(['example_skip_dag']) retrieved from /home/airflow/.local/lib/python3.7/site-packages/airflow/example_dags/example_skip_dag.py
[2023-07-12T06:48:15.366+0000] {logging_mixin.py:150} INFO - [2023-07-12T06:48:15.366+0000] {dag.py:2742} INFO - Sync 1 DAGs
[2023-07-12T06:48:15.404+0000] {logging_mixin.py:150} INFO - [2023-07-12T06:48:15.404+0000] {dag.py:3508} INFO - Setting next_dagrun for example_skip_dag to 2023-07-11T06:48:15.403610+00:00, run_after=2023-07-12T06:48:15.403610+00:00
[2023-07-12T06:48:15.441+0000] {processor.py:179} INFO - Processing /home/airflow/.local/lib/python3.7/site-packages/airflow/example_dags/example_skip_dag.py took 0.148 seconds
[2023-07-12T06:48:45.845+0000] {processor.py:157} INFO - Started process (PID=9573) to work on /home/airflow/.local/lib/python3.7/site-packages/airflow/example_dags/example_skip_dag.py
[2023-07-12T06:48:45.848+0000] {processor.py:826} INFO - Processing file /home/airflow/.local/lib/python3.7/site-packages/airflow/example_dags/example_skip_dag.py for tasks to queue
[2023-07-12T06:48:45.852+0000] {logging_mixin.py:150} INFO - [2023-07-12T06:48:45.851+0000] {dagbag.py:541} INFO - Filling up the DagBag from /home/airflow/.local/lib/python3.7/site-packages/airflow/example_dags/example_skip_dag.py
[2023-07-12T06:48:45.866+0000] {processor.py:836} INFO - DAG(s) dict_keys(['example_skip_dag']) retrieved from /home/airflow/.local/lib/python3.7/site-packages/airflow/example_dags/example_skip_dag.py
[2023-07-12T06:48:45.911+0000] {logging_mixin.py:150} INFO - [2023-07-12T06:48:45.911+0000] {dag.py:2742} INFO - Sync 1 DAGs
[2023-07-12T06:48:45.949+0000] {logging_mixin.py:150} INFO - [2023-07-12T06:48:45.949+0000] {dag.py:3508} INFO - Setting next_dagrun for example_skip_dag to 2023-07-11T06:48:45.948725+00:00, run_after=2023-07-12T06:48:45.948725+00:00
[2023-07-12T06:48:45.982+0000] {processor.py:179} INFO - Processing /home/airflow/.local/lib/python3.7/site-packages/airflow/example_dags/example_skip_dag.py took 0.142 seconds
[2023-07-12T06:49:16.656+0000] {processor.py:157} INFO - Started process (PID=9816) to work on /home/airflow/.local/lib/python3.7/site-packages/airflow/example_dags/example_skip_dag.py
[2023-07-12T06:49:16.659+0000] {processor.py:826} INFO - Processing file /home/airflow/.local/lib/python3.7/site-packages/airflow/example_dags/example_skip_dag.py for tasks to queue
[2023-07-12T06:49:16.662+0000] {logging_mixin.py:150} INFO - [2023-07-12T06:49:16.661+0000] {dagbag.py:541} INFO - Filling up the DagBag from /home/airflow/.local/lib/python3.7/site-packages/airflow/example_dags/example_skip_dag.py
[2023-07-12T06:49:16.678+0000] {processor.py:836} INFO - DAG(s) dict_keys(['example_skip_dag']) retrieved from /home/airflow/.local/lib/python3.7/site-packages/airflow/example_dags/example_skip_dag.py
[2023-07-12T06:49:16.722+0000] {logging_mixin.py:150} INFO - [2023-07-12T06:49:16.721+0000] {dag.py:2742} INFO - Sync 1 DAGs
[2023-07-12T06:49:16.775+0000] {logging_mixin.py:150} INFO - [2023-07-12T06:49:16.775+0000] {dag.py:3508} INFO - Setting next_dagrun for example_skip_dag to 2023-07-11T06:49:16.775035+00:00, run_after=2023-07-12T06:49:16.775035+00:00
[2023-07-12T06:49:16.817+0000] {processor.py:179} INFO - Processing /home/airflow/.local/lib/python3.7/site-packages/airflow/example_dags/example_skip_dag.py took 0.169 seconds
[2023-07-12T06:49:47.204+0000] {processor.py:157} INFO - Started process (PID=10055) to work on /home/airflow/.local/lib/python3.7/site-packages/airflow/example_dags/example_skip_dag.py
[2023-07-12T06:49:47.207+0000] {processor.py:826} INFO - Processing file /home/airflow/.local/lib/python3.7/site-packages/airflow/example_dags/example_skip_dag.py for tasks to queue
[2023-07-12T06:49:47.210+0000] {logging_mixin.py:150} INFO - [2023-07-12T06:49:47.209+0000] {dagbag.py:541} INFO - Filling up the DagBag from /home/airflow/.local/lib/python3.7/site-packages/airflow/example_dags/example_skip_dag.py
[2023-07-12T06:49:47.222+0000] {processor.py:836} INFO - DAG(s) dict_keys(['example_skip_dag']) retrieved from /home/airflow/.local/lib/python3.7/site-packages/airflow/example_dags/example_skip_dag.py
[2023-07-12T06:49:47.262+0000] {logging_mixin.py:150} INFO - [2023-07-12T06:49:47.262+0000] {dag.py:2742} INFO - Sync 1 DAGs
[2023-07-12T06:49:47.299+0000] {logging_mixin.py:150} INFO - [2023-07-12T06:49:47.299+0000] {dag.py:3508} INFO - Setting next_dagrun for example_skip_dag to 2023-07-11T06:49:47.298986+00:00, run_after=2023-07-12T06:49:47.298986+00:00
[2023-07-12T06:49:47.332+0000] {processor.py:179} INFO - Processing /home/airflow/.local/lib/python3.7/site-packages/airflow/example_dags/example_skip_dag.py took 0.133 seconds
[2023-07-12T06:50:17.966+0000] {processor.py:157} INFO - Started process (PID=10296) to work on /home/airflow/.local/lib/python3.7/site-packages/airflow/example_dags/example_skip_dag.py
[2023-07-12T06:50:17.969+0000] {processor.py:826} INFO - Processing file /home/airflow/.local/lib/python3.7/site-packages/airflow/example_dags/example_skip_dag.py for tasks to queue
[2023-07-12T06:50:17.972+0000] {logging_mixin.py:150} INFO - [2023-07-12T06:50:17.971+0000] {dagbag.py:541} INFO - Filling up the DagBag from /home/airflow/.local/lib/python3.7/site-packages/airflow/example_dags/example_skip_dag.py
[2023-07-12T06:50:17.984+0000] {processor.py:836} INFO - DAG(s) dict_keys(['example_skip_dag']) retrieved from /home/airflow/.local/lib/python3.7/site-packages/airflow/example_dags/example_skip_dag.py
[2023-07-12T06:50:18.027+0000] {logging_mixin.py:150} INFO - [2023-07-12T06:50:18.026+0000] {dag.py:2742} INFO - Sync 1 DAGs
[2023-07-12T06:50:18.069+0000] {logging_mixin.py:150} INFO - [2023-07-12T06:50:18.069+0000] {dag.py:3508} INFO - Setting next_dagrun for example_skip_dag to 2023-07-11T06:50:18.068706+00:00, run_after=2023-07-12T06:50:18.068706+00:00
[2023-07-12T06:50:18.209+0000] {processor.py:179} INFO - Processing /home/airflow/.local/lib/python3.7/site-packages/airflow/example_dags/example_skip_dag.py took 0.249 seconds
