[2023-07-12T06:29:23.831+0000] {processor.py:157} INFO - Started process (PID=394) to work on /home/airflow/.local/lib/python3.7/site-packages/airflow/example_dags/example_short_circuit_decorator.py
[2023-07-12T06:29:23.834+0000] {processor.py:826} INFO - Processing file /home/airflow/.local/lib/python3.7/site-packages/airflow/example_dags/example_short_circuit_decorator.py for tasks to queue
[2023-07-12T06:29:23.839+0000] {logging_mixin.py:150} INFO - [2023-07-12T06:29:23.838+0000] {dagbag.py:541} INFO - Filling up the DagBag from /home/airflow/.local/lib/python3.7/site-packages/airflow/example_dags/example_short_circuit_decorator.py
[2023-07-12T06:29:23.867+0000] {processor.py:836} INFO - DAG(s) dict_keys(['example_short_circuit_decorator']) retrieved from /home/airflow/.local/lib/python3.7/site-packages/airflow/example_dags/example_short_circuit_decorator.py
[2023-07-12T06:29:23.931+0000] {logging_mixin.py:150} INFO - [2023-07-12T06:29:23.931+0000] {dag.py:2742} INFO - Sync 1 DAGs
[2023-07-12T06:29:24.001+0000] {logging_mixin.py:150} INFO - [2023-07-12T06:29:24.001+0000] {dag.py:3508} INFO - Setting next_dagrun for example_short_circuit_decorator to 2023-07-11T06:29:24.000093+00:00, run_after=2023-07-12T06:29:24.000093+00:00
[2023-07-12T06:29:24.045+0000] {processor.py:179} INFO - Processing /home/airflow/.local/lib/python3.7/site-packages/airflow/example_dags/example_short_circuit_decorator.py took 0.226 seconds
[2023-07-12T06:29:54.634+0000] {processor.py:157} INFO - Started process (PID=634) to work on /home/airflow/.local/lib/python3.7/site-packages/airflow/example_dags/example_short_circuit_decorator.py
[2023-07-12T06:29:54.637+0000] {processor.py:826} INFO - Processing file /home/airflow/.local/lib/python3.7/site-packages/airflow/example_dags/example_short_circuit_decorator.py for tasks to queue
[2023-07-12T06:29:54.640+0000] {logging_mixin.py:150} INFO - [2023-07-12T06:29:54.639+0000] {dagbag.py:541} INFO - Filling up the DagBag from /home/airflow/.local/lib/python3.7/site-packages/airflow/example_dags/example_short_circuit_decorator.py
[2023-07-12T06:29:54.655+0000] {processor.py:836} INFO - DAG(s) dict_keys(['example_short_circuit_decorator']) retrieved from /home/airflow/.local/lib/python3.7/site-packages/airflow/example_dags/example_short_circuit_decorator.py
[2023-07-12T06:29:54.694+0000] {logging_mixin.py:150} INFO - [2023-07-12T06:29:54.693+0000] {dag.py:2742} INFO - Sync 1 DAGs
[2023-07-12T06:29:54.734+0000] {logging_mixin.py:150} INFO - [2023-07-12T06:29:54.734+0000] {dag.py:3508} INFO - Setting next_dagrun for example_short_circuit_decorator to 2023-07-11T06:29:54.734240+00:00, run_after=2023-07-12T06:29:54.734240+00:00
[2023-07-12T06:29:54.765+0000] {processor.py:179} INFO - Processing /home/airflow/.local/lib/python3.7/site-packages/airflow/example_dags/example_short_circuit_decorator.py took 0.136 seconds
[2023-07-12T06:30:24.901+0000] {processor.py:157} INFO - Started process (PID=875) to work on /home/airflow/.local/lib/python3.7/site-packages/airflow/example_dags/example_short_circuit_decorator.py
[2023-07-12T06:30:24.905+0000] {processor.py:826} INFO - Processing file /home/airflow/.local/lib/python3.7/site-packages/airflow/example_dags/example_short_circuit_decorator.py for tasks to queue
[2023-07-12T06:30:24.909+0000] {logging_mixin.py:150} INFO - [2023-07-12T06:30:24.908+0000] {dagbag.py:541} INFO - Filling up the DagBag from /home/airflow/.local/lib/python3.7/site-packages/airflow/example_dags/example_short_circuit_decorator.py
[2023-07-12T06:30:24.930+0000] {processor.py:836} INFO - DAG(s) dict_keys(['example_short_circuit_decorator']) retrieved from /home/airflow/.local/lib/python3.7/site-packages/airflow/example_dags/example_short_circuit_decorator.py
[2023-07-12T06:30:24.982+0000] {logging_mixin.py:150} INFO - [2023-07-12T06:30:24.982+0000] {dag.py:2742} INFO - Sync 1 DAGs
[2023-07-12T06:30:25.037+0000] {logging_mixin.py:150} INFO - [2023-07-12T06:30:25.037+0000] {dag.py:3508} INFO - Setting next_dagrun for example_short_circuit_decorator to 2023-07-11T06:30:25.036892+00:00, run_after=2023-07-12T06:30:25.036892+00:00
[2023-07-12T06:30:25.088+0000] {processor.py:179} INFO - Processing /home/airflow/.local/lib/python3.7/site-packages/airflow/example_dags/example_short_circuit_decorator.py took 0.193 seconds
[2023-07-12T06:30:55.406+0000] {processor.py:157} INFO - Started process (PID=1116) to work on /home/airflow/.local/lib/python3.7/site-packages/airflow/example_dags/example_short_circuit_decorator.py
[2023-07-12T06:30:55.410+0000] {processor.py:826} INFO - Processing file /home/airflow/.local/lib/python3.7/site-packages/airflow/example_dags/example_short_circuit_decorator.py for tasks to queue
[2023-07-12T06:30:55.414+0000] {logging_mixin.py:150} INFO - [2023-07-12T06:30:55.414+0000] {dagbag.py:541} INFO - Filling up the DagBag from /home/airflow/.local/lib/python3.7/site-packages/airflow/example_dags/example_short_circuit_decorator.py
[2023-07-12T06:30:55.437+0000] {processor.py:836} INFO - DAG(s) dict_keys(['example_short_circuit_decorator']) retrieved from /home/airflow/.local/lib/python3.7/site-packages/airflow/example_dags/example_short_circuit_decorator.py
[2023-07-12T06:30:55.494+0000] {logging_mixin.py:150} INFO - [2023-07-12T06:30:55.493+0000] {dag.py:2742} INFO - Sync 1 DAGs
[2023-07-12T06:30:55.558+0000] {logging_mixin.py:150} INFO - [2023-07-12T06:30:55.557+0000] {dag.py:3508} INFO - Setting next_dagrun for example_short_circuit_decorator to 2023-07-11T06:30:55.556839+00:00, run_after=2023-07-12T06:30:55.556839+00:00
[2023-07-12T06:30:55.609+0000] {processor.py:179} INFO - Processing /home/airflow/.local/lib/python3.7/site-packages/airflow/example_dags/example_short_circuit_decorator.py took 0.210 seconds
[2023-07-12T06:31:26.263+0000] {processor.py:157} INFO - Started process (PID=1399) to work on /home/airflow/.local/lib/python3.7/site-packages/airflow/example_dags/example_short_circuit_decorator.py
[2023-07-12T06:31:26.267+0000] {processor.py:826} INFO - Processing file /home/airflow/.local/lib/python3.7/site-packages/airflow/example_dags/example_short_circuit_decorator.py for tasks to queue
[2023-07-12T06:31:26.270+0000] {logging_mixin.py:150} INFO - [2023-07-12T06:31:26.270+0000] {dagbag.py:541} INFO - Filling up the DagBag from /home/airflow/.local/lib/python3.7/site-packages/airflow/example_dags/example_short_circuit_decorator.py
[2023-07-12T06:31:26.292+0000] {processor.py:836} INFO - DAG(s) dict_keys(['example_short_circuit_decorator']) retrieved from /home/airflow/.local/lib/python3.7/site-packages/airflow/example_dags/example_short_circuit_decorator.py
[2023-07-12T06:31:26.340+0000] {logging_mixin.py:150} INFO - [2023-07-12T06:31:26.339+0000] {dag.py:2742} INFO - Sync 1 DAGs
[2023-07-12T06:31:26.393+0000] {logging_mixin.py:150} INFO - [2023-07-12T06:31:26.393+0000] {dag.py:3508} INFO - Setting next_dagrun for example_short_circuit_decorator to 2023-07-11T06:31:26.392865+00:00, run_after=2023-07-12T06:31:26.392865+00:00
[2023-07-12T06:31:26.426+0000] {processor.py:179} INFO - Processing /home/airflow/.local/lib/python3.7/site-packages/airflow/example_dags/example_short_circuit_decorator.py took 0.170 seconds
[2023-07-12T06:31:56.795+0000] {processor.py:157} INFO - Started process (PID=1640) to work on /home/airflow/.local/lib/python3.7/site-packages/airflow/example_dags/example_short_circuit_decorator.py
[2023-07-12T06:31:56.799+0000] {processor.py:826} INFO - Processing file /home/airflow/.local/lib/python3.7/site-packages/airflow/example_dags/example_short_circuit_decorator.py for tasks to queue
[2023-07-12T06:31:56.803+0000] {logging_mixin.py:150} INFO - [2023-07-12T06:31:56.802+0000] {dagbag.py:541} INFO - Filling up the DagBag from /home/airflow/.local/lib/python3.7/site-packages/airflow/example_dags/example_short_circuit_decorator.py
[2023-07-12T06:31:56.821+0000] {processor.py:836} INFO - DAG(s) dict_keys(['example_short_circuit_decorator']) retrieved from /home/airflow/.local/lib/python3.7/site-packages/airflow/example_dags/example_short_circuit_decorator.py
[2023-07-12T06:31:56.862+0000] {logging_mixin.py:150} INFO - [2023-07-12T06:31:56.862+0000] {dag.py:2742} INFO - Sync 1 DAGs
[2023-07-12T06:31:56.911+0000] {logging_mixin.py:150} INFO - [2023-07-12T06:31:56.911+0000] {dag.py:3508} INFO - Setting next_dagrun for example_short_circuit_decorator to 2023-07-11T06:31:56.910724+00:00, run_after=2023-07-12T06:31:56.910724+00:00
[2023-07-12T06:31:56.942+0000] {processor.py:179} INFO - Processing /home/airflow/.local/lib/python3.7/site-packages/airflow/example_dags/example_short_circuit_decorator.py took 0.153 seconds
[2023-07-12T06:32:27.022+0000] {processor.py:157} INFO - Started process (PID=1881) to work on /home/airflow/.local/lib/python3.7/site-packages/airflow/example_dags/example_short_circuit_decorator.py
[2023-07-12T06:32:27.025+0000] {processor.py:826} INFO - Processing file /home/airflow/.local/lib/python3.7/site-packages/airflow/example_dags/example_short_circuit_decorator.py for tasks to queue
[2023-07-12T06:32:27.028+0000] {logging_mixin.py:150} INFO - [2023-07-12T06:32:27.028+0000] {dagbag.py:541} INFO - Filling up the DagBag from /home/airflow/.local/lib/python3.7/site-packages/airflow/example_dags/example_short_circuit_decorator.py
[2023-07-12T06:32:27.049+0000] {processor.py:836} INFO - DAG(s) dict_keys(['example_short_circuit_decorator']) retrieved from /home/airflow/.local/lib/python3.7/site-packages/airflow/example_dags/example_short_circuit_decorator.py
[2023-07-12T06:32:27.088+0000] {logging_mixin.py:150} INFO - [2023-07-12T06:32:27.088+0000] {dag.py:2742} INFO - Sync 1 DAGs
[2023-07-12T06:32:27.127+0000] {logging_mixin.py:150} INFO - [2023-07-12T06:32:27.127+0000] {dag.py:3508} INFO - Setting next_dagrun for example_short_circuit_decorator to 2023-07-11T06:32:27.126906+00:00, run_after=2023-07-12T06:32:27.126906+00:00
[2023-07-12T06:32:27.173+0000] {processor.py:179} INFO - Processing /home/airflow/.local/lib/python3.7/site-packages/airflow/example_dags/example_short_circuit_decorator.py took 0.158 seconds
[2023-07-12T06:32:57.706+0000] {processor.py:157} INFO - Started process (PID=2122) to work on /home/airflow/.local/lib/python3.7/site-packages/airflow/example_dags/example_short_circuit_decorator.py
[2023-07-12T06:32:57.709+0000] {processor.py:826} INFO - Processing file /home/airflow/.local/lib/python3.7/site-packages/airflow/example_dags/example_short_circuit_decorator.py for tasks to queue
[2023-07-12T06:32:57.711+0000] {logging_mixin.py:150} INFO - [2023-07-12T06:32:57.711+0000] {dagbag.py:541} INFO - Filling up the DagBag from /home/airflow/.local/lib/python3.7/site-packages/airflow/example_dags/example_short_circuit_decorator.py
[2023-07-12T06:32:57.726+0000] {processor.py:836} INFO - DAG(s) dict_keys(['example_short_circuit_decorator']) retrieved from /home/airflow/.local/lib/python3.7/site-packages/airflow/example_dags/example_short_circuit_decorator.py
[2023-07-12T06:32:57.766+0000] {logging_mixin.py:150} INFO - [2023-07-12T06:32:57.765+0000] {dag.py:2742} INFO - Sync 1 DAGs
[2023-07-12T06:32:57.802+0000] {logging_mixin.py:150} INFO - [2023-07-12T06:32:57.801+0000] {dag.py:3508} INFO - Setting next_dagrun for example_short_circuit_decorator to 2023-07-11T06:32:57.801652+00:00, run_after=2023-07-12T06:32:57.801652+00:00
[2023-07-12T06:32:57.847+0000] {processor.py:179} INFO - Processing /home/airflow/.local/lib/python3.7/site-packages/airflow/example_dags/example_short_circuit_decorator.py took 0.146 seconds
[2023-07-12T06:33:28.131+0000] {processor.py:157} INFO - Started process (PID=2363) to work on /home/airflow/.local/lib/python3.7/site-packages/airflow/example_dags/example_short_circuit_decorator.py
[2023-07-12T06:33:28.134+0000] {processor.py:826} INFO - Processing file /home/airflow/.local/lib/python3.7/site-packages/airflow/example_dags/example_short_circuit_decorator.py for tasks to queue
[2023-07-12T06:33:28.136+0000] {logging_mixin.py:150} INFO - [2023-07-12T06:33:28.136+0000] {dagbag.py:541} INFO - Filling up the DagBag from /home/airflow/.local/lib/python3.7/site-packages/airflow/example_dags/example_short_circuit_decorator.py
[2023-07-12T06:33:28.154+0000] {processor.py:836} INFO - DAG(s) dict_keys(['example_short_circuit_decorator']) retrieved from /home/airflow/.local/lib/python3.7/site-packages/airflow/example_dags/example_short_circuit_decorator.py
[2023-07-12T06:33:28.195+0000] {logging_mixin.py:150} INFO - [2023-07-12T06:33:28.195+0000] {dag.py:2742} INFO - Sync 1 DAGs
[2023-07-12T06:33:28.232+0000] {logging_mixin.py:150} INFO - [2023-07-12T06:33:28.231+0000] {dag.py:3508} INFO - Setting next_dagrun for example_short_circuit_decorator to 2023-07-11T06:33:28.231521+00:00, run_after=2023-07-12T06:33:28.231521+00:00
[2023-07-12T06:33:28.269+0000] {processor.py:179} INFO - Processing /home/airflow/.local/lib/python3.7/site-packages/airflow/example_dags/example_short_circuit_decorator.py took 0.143 seconds
[2023-07-12T06:33:58.536+0000] {processor.py:157} INFO - Started process (PID=2604) to work on /home/airflow/.local/lib/python3.7/site-packages/airflow/example_dags/example_short_circuit_decorator.py
[2023-07-12T06:33:58.540+0000] {processor.py:826} INFO - Processing file /home/airflow/.local/lib/python3.7/site-packages/airflow/example_dags/example_short_circuit_decorator.py for tasks to queue
[2023-07-12T06:33:58.543+0000] {logging_mixin.py:150} INFO - [2023-07-12T06:33:58.542+0000] {dagbag.py:541} INFO - Filling up the DagBag from /home/airflow/.local/lib/python3.7/site-packages/airflow/example_dags/example_short_circuit_decorator.py
[2023-07-12T06:33:58.564+0000] {processor.py:836} INFO - DAG(s) dict_keys(['example_short_circuit_decorator']) retrieved from /home/airflow/.local/lib/python3.7/site-packages/airflow/example_dags/example_short_circuit_decorator.py
[2023-07-12T06:33:58.607+0000] {logging_mixin.py:150} INFO - [2023-07-12T06:33:58.606+0000] {dag.py:2742} INFO - Sync 1 DAGs
[2023-07-12T06:33:58.641+0000] {logging_mixin.py:150} INFO - [2023-07-12T06:33:58.641+0000] {dag.py:3508} INFO - Setting next_dagrun for example_short_circuit_decorator to 2023-07-11T06:33:58.641348+00:00, run_after=2023-07-12T06:33:58.641348+00:00
[2023-07-12T06:33:58.675+0000] {processor.py:179} INFO - Processing /home/airflow/.local/lib/python3.7/site-packages/airflow/example_dags/example_short_circuit_decorator.py took 0.146 seconds
[2023-07-12T06:34:29.275+0000] {processor.py:157} INFO - Started process (PID=2845) to work on /home/airflow/.local/lib/python3.7/site-packages/airflow/example_dags/example_short_circuit_decorator.py
[2023-07-12T06:34:29.278+0000] {processor.py:826} INFO - Processing file /home/airflow/.local/lib/python3.7/site-packages/airflow/example_dags/example_short_circuit_decorator.py for tasks to queue
[2023-07-12T06:34:29.280+0000] {logging_mixin.py:150} INFO - [2023-07-12T06:34:29.280+0000] {dagbag.py:541} INFO - Filling up the DagBag from /home/airflow/.local/lib/python3.7/site-packages/airflow/example_dags/example_short_circuit_decorator.py
[2023-07-12T06:34:29.294+0000] {processor.py:836} INFO - DAG(s) dict_keys(['example_short_circuit_decorator']) retrieved from /home/airflow/.local/lib/python3.7/site-packages/airflow/example_dags/example_short_circuit_decorator.py
[2023-07-12T06:34:29.334+0000] {logging_mixin.py:150} INFO - [2023-07-12T06:34:29.334+0000] {dag.py:2742} INFO - Sync 1 DAGs
[2023-07-12T06:34:29.372+0000] {logging_mixin.py:150} INFO - [2023-07-12T06:34:29.371+0000] {dag.py:3508} INFO - Setting next_dagrun for example_short_circuit_decorator to 2023-07-11T06:34:29.371605+00:00, run_after=2023-07-12T06:34:29.371605+00:00
[2023-07-12T06:34:29.404+0000] {processor.py:179} INFO - Processing /home/airflow/.local/lib/python3.7/site-packages/airflow/example_dags/example_short_circuit_decorator.py took 0.134 seconds
[2023-07-12T06:35:00.248+0000] {processor.py:157} INFO - Started process (PID=3086) to work on /home/airflow/.local/lib/python3.7/site-packages/airflow/example_dags/example_short_circuit_decorator.py
[2023-07-12T06:35:00.250+0000] {processor.py:826} INFO - Processing file /home/airflow/.local/lib/python3.7/site-packages/airflow/example_dags/example_short_circuit_decorator.py for tasks to queue
[2023-07-12T06:35:00.253+0000] {logging_mixin.py:150} INFO - [2023-07-12T06:35:00.252+0000] {dagbag.py:541} INFO - Filling up the DagBag from /home/airflow/.local/lib/python3.7/site-packages/airflow/example_dags/example_short_circuit_decorator.py
[2023-07-12T06:35:00.269+0000] {processor.py:836} INFO - DAG(s) dict_keys(['example_short_circuit_decorator']) retrieved from /home/airflow/.local/lib/python3.7/site-packages/airflow/example_dags/example_short_circuit_decorator.py
[2023-07-12T06:35:00.312+0000] {logging_mixin.py:150} INFO - [2023-07-12T06:35:00.312+0000] {dag.py:2742} INFO - Sync 1 DAGs
[2023-07-12T06:35:00.347+0000] {logging_mixin.py:150} INFO - [2023-07-12T06:35:00.347+0000] {dag.py:3508} INFO - Setting next_dagrun for example_short_circuit_decorator to 2023-07-11T06:35:00.346871+00:00, run_after=2023-07-12T06:35:00.346871+00:00
[2023-07-12T06:35:00.385+0000] {processor.py:179} INFO - Processing /home/airflow/.local/lib/python3.7/site-packages/airflow/example_dags/example_short_circuit_decorator.py took 0.142 seconds
[2023-07-12T06:35:31.062+0000] {processor.py:157} INFO - Started process (PID=3327) to work on /home/airflow/.local/lib/python3.7/site-packages/airflow/example_dags/example_short_circuit_decorator.py
[2023-07-12T06:35:31.065+0000] {processor.py:826} INFO - Processing file /home/airflow/.local/lib/python3.7/site-packages/airflow/example_dags/example_short_circuit_decorator.py for tasks to queue
[2023-07-12T06:35:31.069+0000] {logging_mixin.py:150} INFO - [2023-07-12T06:35:31.069+0000] {dagbag.py:541} INFO - Filling up the DagBag from /home/airflow/.local/lib/python3.7/site-packages/airflow/example_dags/example_short_circuit_decorator.py
[2023-07-12T06:35:31.092+0000] {processor.py:836} INFO - DAG(s) dict_keys(['example_short_circuit_decorator']) retrieved from /home/airflow/.local/lib/python3.7/site-packages/airflow/example_dags/example_short_circuit_decorator.py
[2023-07-12T06:35:31.140+0000] {logging_mixin.py:150} INFO - [2023-07-12T06:35:31.140+0000] {dag.py:2742} INFO - Sync 1 DAGs
[2023-07-12T06:35:31.185+0000] {logging_mixin.py:150} INFO - [2023-07-12T06:35:31.184+0000] {dag.py:3508} INFO - Setting next_dagrun for example_short_circuit_decorator to 2023-07-11T06:35:31.184281+00:00, run_after=2023-07-12T06:35:31.184281+00:00
[2023-07-12T06:35:31.221+0000] {processor.py:179} INFO - Processing /home/airflow/.local/lib/python3.7/site-packages/airflow/example_dags/example_short_circuit_decorator.py took 0.169 seconds
[2023-07-12T06:36:01.555+0000] {processor.py:157} INFO - Started process (PID=3568) to work on /home/airflow/.local/lib/python3.7/site-packages/airflow/example_dags/example_short_circuit_decorator.py
[2023-07-12T06:36:01.557+0000] {processor.py:826} INFO - Processing file /home/airflow/.local/lib/python3.7/site-packages/airflow/example_dags/example_short_circuit_decorator.py for tasks to queue
[2023-07-12T06:36:01.560+0000] {logging_mixin.py:150} INFO - [2023-07-12T06:36:01.559+0000] {dagbag.py:541} INFO - Filling up the DagBag from /home/airflow/.local/lib/python3.7/site-packages/airflow/example_dags/example_short_circuit_decorator.py
[2023-07-12T06:36:01.575+0000] {processor.py:836} INFO - DAG(s) dict_keys(['example_short_circuit_decorator']) retrieved from /home/airflow/.local/lib/python3.7/site-packages/airflow/example_dags/example_short_circuit_decorator.py
[2023-07-12T06:36:01.616+0000] {logging_mixin.py:150} INFO - [2023-07-12T06:36:01.616+0000] {dag.py:2742} INFO - Sync 1 DAGs
[2023-07-12T06:36:01.655+0000] {logging_mixin.py:150} INFO - [2023-07-12T06:36:01.655+0000] {dag.py:3508} INFO - Setting next_dagrun for example_short_circuit_decorator to 2023-07-11T06:36:01.655120+00:00, run_after=2023-07-12T06:36:01.655120+00:00
[2023-07-12T06:36:01.698+0000] {processor.py:179} INFO - Processing /home/airflow/.local/lib/python3.7/site-packages/airflow/example_dags/example_short_circuit_decorator.py took 0.148 seconds
[2023-07-12T06:36:32.431+0000] {processor.py:157} INFO - Started process (PID=3809) to work on /home/airflow/.local/lib/python3.7/site-packages/airflow/example_dags/example_short_circuit_decorator.py
[2023-07-12T06:36:32.434+0000] {processor.py:826} INFO - Processing file /home/airflow/.local/lib/python3.7/site-packages/airflow/example_dags/example_short_circuit_decorator.py for tasks to queue
[2023-07-12T06:36:32.438+0000] {logging_mixin.py:150} INFO - [2023-07-12T06:36:32.437+0000] {dagbag.py:541} INFO - Filling up the DagBag from /home/airflow/.local/lib/python3.7/site-packages/airflow/example_dags/example_short_circuit_decorator.py
[2023-07-12T06:36:32.457+0000] {processor.py:836} INFO - DAG(s) dict_keys(['example_short_circuit_decorator']) retrieved from /home/airflow/.local/lib/python3.7/site-packages/airflow/example_dags/example_short_circuit_decorator.py
[2023-07-12T06:36:32.514+0000] {logging_mixin.py:150} INFO - [2023-07-12T06:36:32.513+0000] {dag.py:2742} INFO - Sync 1 DAGs
[2023-07-12T06:36:32.559+0000] {logging_mixin.py:150} INFO - [2023-07-12T06:36:32.559+0000] {dag.py:3508} INFO - Setting next_dagrun for example_short_circuit_decorator to 2023-07-11T06:36:32.559165+00:00, run_after=2023-07-12T06:36:32.559165+00:00
[2023-07-12T06:36:32.601+0000] {processor.py:179} INFO - Processing /home/airflow/.local/lib/python3.7/site-packages/airflow/example_dags/example_short_circuit_decorator.py took 0.181 seconds
[2023-07-12T06:37:03.001+0000] {processor.py:157} INFO - Started process (PID=4050) to work on /home/airflow/.local/lib/python3.7/site-packages/airflow/example_dags/example_short_circuit_decorator.py
[2023-07-12T06:37:03.005+0000] {processor.py:826} INFO - Processing file /home/airflow/.local/lib/python3.7/site-packages/airflow/example_dags/example_short_circuit_decorator.py for tasks to queue
[2023-07-12T06:37:03.009+0000] {logging_mixin.py:150} INFO - [2023-07-12T06:37:03.009+0000] {dagbag.py:541} INFO - Filling up the DagBag from /home/airflow/.local/lib/python3.7/site-packages/airflow/example_dags/example_short_circuit_decorator.py
[2023-07-12T06:37:03.026+0000] {processor.py:836} INFO - DAG(s) dict_keys(['example_short_circuit_decorator']) retrieved from /home/airflow/.local/lib/python3.7/site-packages/airflow/example_dags/example_short_circuit_decorator.py
[2023-07-12T06:37:03.069+0000] {logging_mixin.py:150} INFO - [2023-07-12T06:37:03.069+0000] {dag.py:2742} INFO - Sync 1 DAGs
[2023-07-12T06:37:03.112+0000] {logging_mixin.py:150} INFO - [2023-07-12T06:37:03.112+0000] {dag.py:3508} INFO - Setting next_dagrun for example_short_circuit_decorator to 2023-07-11T06:37:03.111935+00:00, run_after=2023-07-12T06:37:03.111935+00:00
[2023-07-12T06:37:03.145+0000] {processor.py:179} INFO - Processing /home/airflow/.local/lib/python3.7/site-packages/airflow/example_dags/example_short_circuit_decorator.py took 0.152 seconds
[2023-07-12T06:37:33.919+0000] {processor.py:157} INFO - Started process (PID=4297) to work on /home/airflow/.local/lib/python3.7/site-packages/airflow/example_dags/example_short_circuit_decorator.py
[2023-07-12T06:37:33.923+0000] {processor.py:826} INFO - Processing file /home/airflow/.local/lib/python3.7/site-packages/airflow/example_dags/example_short_circuit_decorator.py for tasks to queue
[2023-07-12T06:37:33.926+0000] {logging_mixin.py:150} INFO - [2023-07-12T06:37:33.925+0000] {dagbag.py:541} INFO - Filling up the DagBag from /home/airflow/.local/lib/python3.7/site-packages/airflow/example_dags/example_short_circuit_decorator.py
[2023-07-12T06:37:33.944+0000] {processor.py:836} INFO - DAG(s) dict_keys(['example_short_circuit_decorator']) retrieved from /home/airflow/.local/lib/python3.7/site-packages/airflow/example_dags/example_short_circuit_decorator.py
[2023-07-12T06:37:33.988+0000] {logging_mixin.py:150} INFO - [2023-07-12T06:37:33.988+0000] {dag.py:2742} INFO - Sync 1 DAGs
[2023-07-12T06:37:34.041+0000] {logging_mixin.py:150} INFO - [2023-07-12T06:37:34.041+0000] {dag.py:3508} INFO - Setting next_dagrun for example_short_circuit_decorator to 2023-07-11T06:37:34.040238+00:00, run_after=2023-07-12T06:37:34.040238+00:00
[2023-07-12T06:37:34.094+0000] {processor.py:179} INFO - Processing /home/airflow/.local/lib/python3.7/site-packages/airflow/example_dags/example_short_circuit_decorator.py took 0.183 seconds
[2023-07-12T06:38:04.318+0000] {processor.py:157} INFO - Started process (PID=4538) to work on /home/airflow/.local/lib/python3.7/site-packages/airflow/example_dags/example_short_circuit_decorator.py
[2023-07-12T06:38:04.321+0000] {processor.py:826} INFO - Processing file /home/airflow/.local/lib/python3.7/site-packages/airflow/example_dags/example_short_circuit_decorator.py for tasks to queue
[2023-07-12T06:38:04.323+0000] {logging_mixin.py:150} INFO - [2023-07-12T06:38:04.323+0000] {dagbag.py:541} INFO - Filling up the DagBag from /home/airflow/.local/lib/python3.7/site-packages/airflow/example_dags/example_short_circuit_decorator.py
[2023-07-12T06:38:04.338+0000] {processor.py:836} INFO - DAG(s) dict_keys(['example_short_circuit_decorator']) retrieved from /home/airflow/.local/lib/python3.7/site-packages/airflow/example_dags/example_short_circuit_decorator.py
[2023-07-12T06:38:04.378+0000] {logging_mixin.py:150} INFO - [2023-07-12T06:38:04.378+0000] {dag.py:2742} INFO - Sync 1 DAGs
[2023-07-12T06:38:04.416+0000] {logging_mixin.py:150} INFO - [2023-07-12T06:38:04.416+0000] {dag.py:3508} INFO - Setting next_dagrun for example_short_circuit_decorator to 2023-07-11T06:38:04.415918+00:00, run_after=2023-07-12T06:38:04.415918+00:00
[2023-07-12T06:38:04.468+0000] {processor.py:179} INFO - Processing /home/airflow/.local/lib/python3.7/site-packages/airflow/example_dags/example_short_circuit_decorator.py took 0.156 seconds
[2023-07-12T06:38:35.266+0000] {processor.py:157} INFO - Started process (PID=4779) to work on /home/airflow/.local/lib/python3.7/site-packages/airflow/example_dags/example_short_circuit_decorator.py
[2023-07-12T06:38:35.268+0000] {processor.py:826} INFO - Processing file /home/airflow/.local/lib/python3.7/site-packages/airflow/example_dags/example_short_circuit_decorator.py for tasks to queue
[2023-07-12T06:38:35.270+0000] {logging_mixin.py:150} INFO - [2023-07-12T06:38:35.270+0000] {dagbag.py:541} INFO - Filling up the DagBag from /home/airflow/.local/lib/python3.7/site-packages/airflow/example_dags/example_short_circuit_decorator.py
[2023-07-12T06:38:35.285+0000] {processor.py:836} INFO - DAG(s) dict_keys(['example_short_circuit_decorator']) retrieved from /home/airflow/.local/lib/python3.7/site-packages/airflow/example_dags/example_short_circuit_decorator.py
[2023-07-12T06:38:35.326+0000] {logging_mixin.py:150} INFO - [2023-07-12T06:38:35.325+0000] {dag.py:2742} INFO - Sync 1 DAGs
[2023-07-12T06:38:35.364+0000] {logging_mixin.py:150} INFO - [2023-07-12T06:38:35.364+0000] {dag.py:3508} INFO - Setting next_dagrun for example_short_circuit_decorator to 2023-07-11T06:38:35.364225+00:00, run_after=2023-07-12T06:38:35.364225+00:00
[2023-07-12T06:38:35.403+0000] {processor.py:179} INFO - Processing /home/airflow/.local/lib/python3.7/site-packages/airflow/example_dags/example_short_circuit_decorator.py took 0.142 seconds
[2023-07-12T06:39:05.831+0000] {processor.py:157} INFO - Started process (PID=5020) to work on /home/airflow/.local/lib/python3.7/site-packages/airflow/example_dags/example_short_circuit_decorator.py
[2023-07-12T06:39:05.835+0000] {processor.py:826} INFO - Processing file /home/airflow/.local/lib/python3.7/site-packages/airflow/example_dags/example_short_circuit_decorator.py for tasks to queue
[2023-07-12T06:39:05.839+0000] {logging_mixin.py:150} INFO - [2023-07-12T06:39:05.839+0000] {dagbag.py:541} INFO - Filling up the DagBag from /home/airflow/.local/lib/python3.7/site-packages/airflow/example_dags/example_short_circuit_decorator.py
[2023-07-12T06:39:05.860+0000] {processor.py:836} INFO - DAG(s) dict_keys(['example_short_circuit_decorator']) retrieved from /home/airflow/.local/lib/python3.7/site-packages/airflow/example_dags/example_short_circuit_decorator.py
[2023-07-12T06:39:05.899+0000] {logging_mixin.py:150} INFO - [2023-07-12T06:39:05.899+0000] {dag.py:2742} INFO - Sync 1 DAGs
[2023-07-12T06:39:05.936+0000] {logging_mixin.py:150} INFO - [2023-07-12T06:39:05.935+0000] {dag.py:3508} INFO - Setting next_dagrun for example_short_circuit_decorator to 2023-07-11T06:39:05.935392+00:00, run_after=2023-07-12T06:39:05.935392+00:00
[2023-07-12T06:39:05.965+0000] {processor.py:179} INFO - Processing /home/airflow/.local/lib/python3.7/site-packages/airflow/example_dags/example_short_circuit_decorator.py took 0.142 seconds
[2023-07-12T06:39:36.648+0000] {processor.py:157} INFO - Started process (PID=5261) to work on /home/airflow/.local/lib/python3.7/site-packages/airflow/example_dags/example_short_circuit_decorator.py
[2023-07-12T06:39:36.651+0000] {processor.py:826} INFO - Processing file /home/airflow/.local/lib/python3.7/site-packages/airflow/example_dags/example_short_circuit_decorator.py for tasks to queue
[2023-07-12T06:39:36.654+0000] {logging_mixin.py:150} INFO - [2023-07-12T06:39:36.654+0000] {dagbag.py:541} INFO - Filling up the DagBag from /home/airflow/.local/lib/python3.7/site-packages/airflow/example_dags/example_short_circuit_decorator.py
[2023-07-12T06:39:36.673+0000] {processor.py:836} INFO - DAG(s) dict_keys(['example_short_circuit_decorator']) retrieved from /home/airflow/.local/lib/python3.7/site-packages/airflow/example_dags/example_short_circuit_decorator.py
[2023-07-12T06:39:36.716+0000] {logging_mixin.py:150} INFO - [2023-07-12T06:39:36.716+0000] {dag.py:2742} INFO - Sync 1 DAGs
[2023-07-12T06:39:36.749+0000] {logging_mixin.py:150} INFO - [2023-07-12T06:39:36.749+0000] {dag.py:3508} INFO - Setting next_dagrun for example_short_circuit_decorator to 2023-07-11T06:39:36.749235+00:00, run_after=2023-07-12T06:39:36.749235+00:00
[2023-07-12T06:39:36.779+0000] {processor.py:179} INFO - Processing /home/airflow/.local/lib/python3.7/site-packages/airflow/example_dags/example_short_circuit_decorator.py took 0.137 seconds
[2023-07-12T06:40:07.264+0000] {processor.py:157} INFO - Started process (PID=5502) to work on /home/airflow/.local/lib/python3.7/site-packages/airflow/example_dags/example_short_circuit_decorator.py
[2023-07-12T06:40:07.267+0000] {processor.py:826} INFO - Processing file /home/airflow/.local/lib/python3.7/site-packages/airflow/example_dags/example_short_circuit_decorator.py for tasks to queue
[2023-07-12T06:40:07.288+0000] {logging_mixin.py:150} INFO - [2023-07-12T06:40:07.287+0000] {dagbag.py:541} INFO - Filling up the DagBag from /home/airflow/.local/lib/python3.7/site-packages/airflow/example_dags/example_short_circuit_decorator.py
[2023-07-12T06:40:07.304+0000] {processor.py:836} INFO - DAG(s) dict_keys(['example_short_circuit_decorator']) retrieved from /home/airflow/.local/lib/python3.7/site-packages/airflow/example_dags/example_short_circuit_decorator.py
[2023-07-12T06:40:07.340+0000] {logging_mixin.py:150} INFO - [2023-07-12T06:40:07.339+0000] {dag.py:2742} INFO - Sync 1 DAGs
[2023-07-12T06:40:07.371+0000] {logging_mixin.py:150} INFO - [2023-07-12T06:40:07.371+0000] {dag.py:3508} INFO - Setting next_dagrun for example_short_circuit_decorator to 2023-07-11T06:40:07.370944+00:00, run_after=2023-07-12T06:40:07.370944+00:00
[2023-07-12T06:40:07.399+0000] {processor.py:179} INFO - Processing /home/airflow/.local/lib/python3.7/site-packages/airflow/example_dags/example_short_circuit_decorator.py took 0.141 seconds
[2023-07-12T06:40:37.923+0000] {processor.py:157} INFO - Started process (PID=5743) to work on /home/airflow/.local/lib/python3.7/site-packages/airflow/example_dags/example_short_circuit_decorator.py
[2023-07-12T06:40:37.926+0000] {processor.py:826} INFO - Processing file /home/airflow/.local/lib/python3.7/site-packages/airflow/example_dags/example_short_circuit_decorator.py for tasks to queue
[2023-07-12T06:40:37.929+0000] {logging_mixin.py:150} INFO - [2023-07-12T06:40:37.929+0000] {dagbag.py:541} INFO - Filling up the DagBag from /home/airflow/.local/lib/python3.7/site-packages/airflow/example_dags/example_short_circuit_decorator.py
[2023-07-12T06:40:37.947+0000] {processor.py:836} INFO - DAG(s) dict_keys(['example_short_circuit_decorator']) retrieved from /home/airflow/.local/lib/python3.7/site-packages/airflow/example_dags/example_short_circuit_decorator.py
[2023-07-12T06:40:37.985+0000] {logging_mixin.py:150} INFO - [2023-07-12T06:40:37.985+0000] {dag.py:2742} INFO - Sync 1 DAGs
[2023-07-12T06:40:38.017+0000] {logging_mixin.py:150} INFO - [2023-07-12T06:40:38.017+0000] {dag.py:3508} INFO - Setting next_dagrun for example_short_circuit_decorator to 2023-07-11T06:40:38.016971+00:00, run_after=2023-07-12T06:40:38.016971+00:00
[2023-07-12T06:40:38.046+0000] {processor.py:179} INFO - Processing /home/airflow/.local/lib/python3.7/site-packages/airflow/example_dags/example_short_circuit_decorator.py took 0.129 seconds
[2023-07-12T06:41:08.327+0000] {processor.py:157} INFO - Started process (PID=5984) to work on /home/airflow/.local/lib/python3.7/site-packages/airflow/example_dags/example_short_circuit_decorator.py
[2023-07-12T06:41:08.330+0000] {processor.py:826} INFO - Processing file /home/airflow/.local/lib/python3.7/site-packages/airflow/example_dags/example_short_circuit_decorator.py for tasks to queue
[2023-07-12T06:41:08.333+0000] {logging_mixin.py:150} INFO - [2023-07-12T06:41:08.332+0000] {dagbag.py:541} INFO - Filling up the DagBag from /home/airflow/.local/lib/python3.7/site-packages/airflow/example_dags/example_short_circuit_decorator.py
[2023-07-12T06:41:08.348+0000] {processor.py:836} INFO - DAG(s) dict_keys(['example_short_circuit_decorator']) retrieved from /home/airflow/.local/lib/python3.7/site-packages/airflow/example_dags/example_short_circuit_decorator.py
[2023-07-12T06:41:08.389+0000] {logging_mixin.py:150} INFO - [2023-07-12T06:41:08.388+0000] {dag.py:2742} INFO - Sync 1 DAGs
[2023-07-12T06:41:08.426+0000] {logging_mixin.py:150} INFO - [2023-07-12T06:41:08.425+0000] {dag.py:3508} INFO - Setting next_dagrun for example_short_circuit_decorator to 2023-07-11T06:41:08.425506+00:00, run_after=2023-07-12T06:41:08.425506+00:00
[2023-07-12T06:41:08.467+0000] {processor.py:179} INFO - Processing /home/airflow/.local/lib/python3.7/site-packages/airflow/example_dags/example_short_circuit_decorator.py took 0.145 seconds
[2023-07-12T06:41:38.664+0000] {processor.py:157} INFO - Started process (PID=6225) to work on /home/airflow/.local/lib/python3.7/site-packages/airflow/example_dags/example_short_circuit_decorator.py
[2023-07-12T06:41:38.677+0000] {processor.py:826} INFO - Processing file /home/airflow/.local/lib/python3.7/site-packages/airflow/example_dags/example_short_circuit_decorator.py for tasks to queue
[2023-07-12T06:41:38.683+0000] {logging_mixin.py:150} INFO - [2023-07-12T06:41:38.682+0000] {dagbag.py:541} INFO - Filling up the DagBag from /home/airflow/.local/lib/python3.7/site-packages/airflow/example_dags/example_short_circuit_decorator.py
[2023-07-12T06:41:38.700+0000] {processor.py:836} INFO - DAG(s) dict_keys(['example_short_circuit_decorator']) retrieved from /home/airflow/.local/lib/python3.7/site-packages/airflow/example_dags/example_short_circuit_decorator.py
[2023-07-12T06:41:38.742+0000] {logging_mixin.py:150} INFO - [2023-07-12T06:41:38.742+0000] {dag.py:2742} INFO - Sync 1 DAGs
[2023-07-12T06:41:38.795+0000] {logging_mixin.py:150} INFO - [2023-07-12T06:41:38.794+0000] {dag.py:3508} INFO - Setting next_dagrun for example_short_circuit_decorator to 2023-07-11T06:41:38.794416+00:00, run_after=2023-07-12T06:41:38.794416+00:00
[2023-07-12T06:41:38.828+0000] {processor.py:179} INFO - Processing /home/airflow/.local/lib/python3.7/site-packages/airflow/example_dags/example_short_circuit_decorator.py took 0.171 seconds
[2023-07-12T06:42:09.119+0000] {processor.py:157} INFO - Started process (PID=6467) to work on /home/airflow/.local/lib/python3.7/site-packages/airflow/example_dags/example_short_circuit_decorator.py
[2023-07-12T06:42:09.122+0000] {processor.py:826} INFO - Processing file /home/airflow/.local/lib/python3.7/site-packages/airflow/example_dags/example_short_circuit_decorator.py for tasks to queue
[2023-07-12T06:42:09.125+0000] {logging_mixin.py:150} INFO - [2023-07-12T06:42:09.124+0000] {dagbag.py:541} INFO - Filling up the DagBag from /home/airflow/.local/lib/python3.7/site-packages/airflow/example_dags/example_short_circuit_decorator.py
[2023-07-12T06:42:09.142+0000] {processor.py:836} INFO - DAG(s) dict_keys(['example_short_circuit_decorator']) retrieved from /home/airflow/.local/lib/python3.7/site-packages/airflow/example_dags/example_short_circuit_decorator.py
[2023-07-12T06:42:09.185+0000] {logging_mixin.py:150} INFO - [2023-07-12T06:42:09.185+0000] {dag.py:2742} INFO - Sync 1 DAGs
[2023-07-12T06:42:09.218+0000] {logging_mixin.py:150} INFO - [2023-07-12T06:42:09.218+0000] {dag.py:3508} INFO - Setting next_dagrun for example_short_circuit_decorator to 2023-07-11T06:42:09.218134+00:00, run_after=2023-07-12T06:42:09.218134+00:00
[2023-07-12T06:42:09.258+0000] {processor.py:179} INFO - Processing /home/airflow/.local/lib/python3.7/site-packages/airflow/example_dags/example_short_circuit_decorator.py took 0.144 seconds
[2023-07-12T06:42:39.832+0000] {processor.py:157} INFO - Started process (PID=6708) to work on /home/airflow/.local/lib/python3.7/site-packages/airflow/example_dags/example_short_circuit_decorator.py
[2023-07-12T06:42:39.836+0000] {processor.py:826} INFO - Processing file /home/airflow/.local/lib/python3.7/site-packages/airflow/example_dags/example_short_circuit_decorator.py for tasks to queue
[2023-07-12T06:42:39.839+0000] {logging_mixin.py:150} INFO - [2023-07-12T06:42:39.838+0000] {dagbag.py:541} INFO - Filling up the DagBag from /home/airflow/.local/lib/python3.7/site-packages/airflow/example_dags/example_short_circuit_decorator.py
[2023-07-12T06:42:39.858+0000] {processor.py:836} INFO - DAG(s) dict_keys(['example_short_circuit_decorator']) retrieved from /home/airflow/.local/lib/python3.7/site-packages/airflow/example_dags/example_short_circuit_decorator.py
[2023-07-12T06:42:39.894+0000] {logging_mixin.py:150} INFO - [2023-07-12T06:42:39.893+0000] {dag.py:2742} INFO - Sync 1 DAGs
[2023-07-12T06:42:39.925+0000] {logging_mixin.py:150} INFO - [2023-07-12T06:42:39.925+0000] {dag.py:3508} INFO - Setting next_dagrun for example_short_circuit_decorator to 2023-07-11T06:42:39.925340+00:00, run_after=2023-07-12T06:42:39.925340+00:00
[2023-07-12T06:42:39.955+0000] {processor.py:179} INFO - Processing /home/airflow/.local/lib/python3.7/site-packages/airflow/example_dags/example_short_circuit_decorator.py took 0.129 seconds
[2023-07-12T06:43:10.289+0000] {processor.py:157} INFO - Started process (PID=6949) to work on /home/airflow/.local/lib/python3.7/site-packages/airflow/example_dags/example_short_circuit_decorator.py
[2023-07-12T06:43:10.291+0000] {processor.py:826} INFO - Processing file /home/airflow/.local/lib/python3.7/site-packages/airflow/example_dags/example_short_circuit_decorator.py for tasks to queue
[2023-07-12T06:43:10.294+0000] {logging_mixin.py:150} INFO - [2023-07-12T06:43:10.293+0000] {dagbag.py:541} INFO - Filling up the DagBag from /home/airflow/.local/lib/python3.7/site-packages/airflow/example_dags/example_short_circuit_decorator.py
[2023-07-12T06:43:10.308+0000] {processor.py:836} INFO - DAG(s) dict_keys(['example_short_circuit_decorator']) retrieved from /home/airflow/.local/lib/python3.7/site-packages/airflow/example_dags/example_short_circuit_decorator.py
[2023-07-12T06:43:10.345+0000] {logging_mixin.py:150} INFO - [2023-07-12T06:43:10.345+0000] {dag.py:2742} INFO - Sync 1 DAGs
[2023-07-12T06:43:10.379+0000] {logging_mixin.py:150} INFO - [2023-07-12T06:43:10.379+0000] {dag.py:3508} INFO - Setting next_dagrun for example_short_circuit_decorator to 2023-07-11T06:43:10.379040+00:00, run_after=2023-07-12T06:43:10.379040+00:00
[2023-07-12T06:43:10.413+0000] {processor.py:179} INFO - Processing /home/airflow/.local/lib/python3.7/site-packages/airflow/example_dags/example_short_circuit_decorator.py took 0.129 seconds
[2023-07-12T06:43:41.447+0000] {processor.py:157} INFO - Started process (PID=7190) to work on /home/airflow/.local/lib/python3.7/site-packages/airflow/example_dags/example_short_circuit_decorator.py
[2023-07-12T06:43:41.449+0000] {processor.py:826} INFO - Processing file /home/airflow/.local/lib/python3.7/site-packages/airflow/example_dags/example_short_circuit_decorator.py for tasks to queue
[2023-07-12T06:43:41.452+0000] {logging_mixin.py:150} INFO - [2023-07-12T06:43:41.451+0000] {dagbag.py:541} INFO - Filling up the DagBag from /home/airflow/.local/lib/python3.7/site-packages/airflow/example_dags/example_short_circuit_decorator.py
[2023-07-12T06:43:41.467+0000] {processor.py:836} INFO - DAG(s) dict_keys(['example_short_circuit_decorator']) retrieved from /home/airflow/.local/lib/python3.7/site-packages/airflow/example_dags/example_short_circuit_decorator.py
[2023-07-12T06:43:41.507+0000] {logging_mixin.py:150} INFO - [2023-07-12T06:43:41.507+0000] {dag.py:2742} INFO - Sync 1 DAGs
[2023-07-12T06:43:41.541+0000] {logging_mixin.py:150} INFO - [2023-07-12T06:43:41.541+0000] {dag.py:3508} INFO - Setting next_dagrun for example_short_circuit_decorator to 2023-07-11T06:43:41.540732+00:00, run_after=2023-07-12T06:43:41.540732+00:00
[2023-07-12T06:43:41.574+0000] {processor.py:179} INFO - Processing /home/airflow/.local/lib/python3.7/site-packages/airflow/example_dags/example_short_circuit_decorator.py took 0.132 seconds
[2023-07-12T06:44:11.847+0000] {processor.py:157} INFO - Started process (PID=7431) to work on /home/airflow/.local/lib/python3.7/site-packages/airflow/example_dags/example_short_circuit_decorator.py
[2023-07-12T06:44:11.849+0000] {processor.py:826} INFO - Processing file /home/airflow/.local/lib/python3.7/site-packages/airflow/example_dags/example_short_circuit_decorator.py for tasks to queue
[2023-07-12T06:44:11.852+0000] {logging_mixin.py:150} INFO - [2023-07-12T06:44:11.851+0000] {dagbag.py:541} INFO - Filling up the DagBag from /home/airflow/.local/lib/python3.7/site-packages/airflow/example_dags/example_short_circuit_decorator.py
[2023-07-12T06:44:11.866+0000] {processor.py:836} INFO - DAG(s) dict_keys(['example_short_circuit_decorator']) retrieved from /home/airflow/.local/lib/python3.7/site-packages/airflow/example_dags/example_short_circuit_decorator.py
[2023-07-12T06:44:11.905+0000] {logging_mixin.py:150} INFO - [2023-07-12T06:44:11.904+0000] {dag.py:2742} INFO - Sync 1 DAGs
[2023-07-12T06:44:11.939+0000] {logging_mixin.py:150} INFO - [2023-07-12T06:44:11.939+0000] {dag.py:3508} INFO - Setting next_dagrun for example_short_circuit_decorator to 2023-07-11T06:44:11.938900+00:00, run_after=2023-07-12T06:44:11.938900+00:00
[2023-07-12T06:44:11.972+0000] {processor.py:179} INFO - Processing /home/airflow/.local/lib/python3.7/site-packages/airflow/example_dags/example_short_circuit_decorator.py took 0.130 seconds
[2023-07-12T06:44:42.200+0000] {processor.py:157} INFO - Started process (PID=7672) to work on /home/airflow/.local/lib/python3.7/site-packages/airflow/example_dags/example_short_circuit_decorator.py
[2023-07-12T06:44:42.203+0000] {processor.py:826} INFO - Processing file /home/airflow/.local/lib/python3.7/site-packages/airflow/example_dags/example_short_circuit_decorator.py for tasks to queue
[2023-07-12T06:44:42.206+0000] {logging_mixin.py:150} INFO - [2023-07-12T06:44:42.206+0000] {dagbag.py:541} INFO - Filling up the DagBag from /home/airflow/.local/lib/python3.7/site-packages/airflow/example_dags/example_short_circuit_decorator.py
[2023-07-12T06:44:42.223+0000] {processor.py:836} INFO - DAG(s) dict_keys(['example_short_circuit_decorator']) retrieved from /home/airflow/.local/lib/python3.7/site-packages/airflow/example_dags/example_short_circuit_decorator.py
[2023-07-12T06:44:42.263+0000] {logging_mixin.py:150} INFO - [2023-07-12T06:44:42.262+0000] {dag.py:2742} INFO - Sync 1 DAGs
[2023-07-12T06:44:42.298+0000] {logging_mixin.py:150} INFO - [2023-07-12T06:44:42.297+0000] {dag.py:3508} INFO - Setting next_dagrun for example_short_circuit_decorator to 2023-07-11T06:44:42.297603+00:00, run_after=2023-07-12T06:44:42.297603+00:00
[2023-07-12T06:44:42.326+0000] {processor.py:179} INFO - Processing /home/airflow/.local/lib/python3.7/site-packages/airflow/example_dags/example_short_circuit_decorator.py took 0.131 seconds
[2023-07-12T06:45:12.704+0000] {processor.py:157} INFO - Started process (PID=7913) to work on /home/airflow/.local/lib/python3.7/site-packages/airflow/example_dags/example_short_circuit_decorator.py
[2023-07-12T06:45:12.706+0000] {processor.py:826} INFO - Processing file /home/airflow/.local/lib/python3.7/site-packages/airflow/example_dags/example_short_circuit_decorator.py for tasks to queue
[2023-07-12T06:45:12.709+0000] {logging_mixin.py:150} INFO - [2023-07-12T06:45:12.709+0000] {dagbag.py:541} INFO - Filling up the DagBag from /home/airflow/.local/lib/python3.7/site-packages/airflow/example_dags/example_short_circuit_decorator.py
[2023-07-12T06:45:12.723+0000] {processor.py:836} INFO - DAG(s) dict_keys(['example_short_circuit_decorator']) retrieved from /home/airflow/.local/lib/python3.7/site-packages/airflow/example_dags/example_short_circuit_decorator.py
[2023-07-12T06:45:12.758+0000] {logging_mixin.py:150} INFO - [2023-07-12T06:45:12.758+0000] {dag.py:2742} INFO - Sync 1 DAGs
[2023-07-12T06:45:12.792+0000] {logging_mixin.py:150} INFO - [2023-07-12T06:45:12.792+0000] {dag.py:3508} INFO - Setting next_dagrun for example_short_circuit_decorator to 2023-07-11T06:45:12.791739+00:00, run_after=2023-07-12T06:45:12.791739+00:00
[2023-07-12T06:45:12.823+0000] {processor.py:179} INFO - Processing /home/airflow/.local/lib/python3.7/site-packages/airflow/example_dags/example_short_circuit_decorator.py took 0.124 seconds
[2023-07-12T06:45:43.907+0000] {processor.py:157} INFO - Started process (PID=8154) to work on /home/airflow/.local/lib/python3.7/site-packages/airflow/example_dags/example_short_circuit_decorator.py
[2023-07-12T06:45:43.910+0000] {processor.py:826} INFO - Processing file /home/airflow/.local/lib/python3.7/site-packages/airflow/example_dags/example_short_circuit_decorator.py for tasks to queue
[2023-07-12T06:45:43.913+0000] {logging_mixin.py:150} INFO - [2023-07-12T06:45:43.912+0000] {dagbag.py:541} INFO - Filling up the DagBag from /home/airflow/.local/lib/python3.7/site-packages/airflow/example_dags/example_short_circuit_decorator.py
[2023-07-12T06:45:43.928+0000] {processor.py:836} INFO - DAG(s) dict_keys(['example_short_circuit_decorator']) retrieved from /home/airflow/.local/lib/python3.7/site-packages/airflow/example_dags/example_short_circuit_decorator.py
[2023-07-12T06:45:43.965+0000] {logging_mixin.py:150} INFO - [2023-07-12T06:45:43.965+0000] {dag.py:2742} INFO - Sync 1 DAGs
[2023-07-12T06:45:43.998+0000] {logging_mixin.py:150} INFO - [2023-07-12T06:45:43.998+0000] {dag.py:3508} INFO - Setting next_dagrun for example_short_circuit_decorator to 2023-07-11T06:45:43.997631+00:00, run_after=2023-07-12T06:45:43.997631+00:00
[2023-07-12T06:45:44.027+0000] {processor.py:179} INFO - Processing /home/airflow/.local/lib/python3.7/site-packages/airflow/example_dags/example_short_circuit_decorator.py took 0.125 seconds
[2023-07-12T06:46:14.170+0000] {processor.py:157} INFO - Started process (PID=8395) to work on /home/airflow/.local/lib/python3.7/site-packages/airflow/example_dags/example_short_circuit_decorator.py
[2023-07-12T06:46:14.173+0000] {processor.py:826} INFO - Processing file /home/airflow/.local/lib/python3.7/site-packages/airflow/example_dags/example_short_circuit_decorator.py for tasks to queue
[2023-07-12T06:46:14.176+0000] {logging_mixin.py:150} INFO - [2023-07-12T06:46:14.175+0000] {dagbag.py:541} INFO - Filling up the DagBag from /home/airflow/.local/lib/python3.7/site-packages/airflow/example_dags/example_short_circuit_decorator.py
[2023-07-12T06:46:14.193+0000] {processor.py:836} INFO - DAG(s) dict_keys(['example_short_circuit_decorator']) retrieved from /home/airflow/.local/lib/python3.7/site-packages/airflow/example_dags/example_short_circuit_decorator.py
[2023-07-12T06:46:14.233+0000] {logging_mixin.py:150} INFO - [2023-07-12T06:46:14.233+0000] {dag.py:2742} INFO - Sync 1 DAGs
[2023-07-12T06:46:14.273+0000] {logging_mixin.py:150} INFO - [2023-07-12T06:46:14.272+0000] {dag.py:3508} INFO - Setting next_dagrun for example_short_circuit_decorator to 2023-07-11T06:46:14.272630+00:00, run_after=2023-07-12T06:46:14.272630+00:00
[2023-07-12T06:46:14.301+0000] {processor.py:179} INFO - Processing /home/airflow/.local/lib/python3.7/site-packages/airflow/example_dags/example_short_circuit_decorator.py took 0.138 seconds
[2023-07-12T06:46:44.369+0000] {processor.py:157} INFO - Started process (PID=8633) to work on /home/airflow/.local/lib/python3.7/site-packages/airflow/example_dags/example_short_circuit_decorator.py
[2023-07-12T06:46:44.374+0000] {processor.py:826} INFO - Processing file /home/airflow/.local/lib/python3.7/site-packages/airflow/example_dags/example_short_circuit_decorator.py for tasks to queue
[2023-07-12T06:46:44.377+0000] {logging_mixin.py:150} INFO - [2023-07-12T06:46:44.377+0000] {dagbag.py:541} INFO - Filling up the DagBag from /home/airflow/.local/lib/python3.7/site-packages/airflow/example_dags/example_short_circuit_decorator.py
[2023-07-12T06:46:44.393+0000] {processor.py:836} INFO - DAG(s) dict_keys(['example_short_circuit_decorator']) retrieved from /home/airflow/.local/lib/python3.7/site-packages/airflow/example_dags/example_short_circuit_decorator.py
[2023-07-12T06:46:44.431+0000] {logging_mixin.py:150} INFO - [2023-07-12T06:46:44.431+0000] {dag.py:2742} INFO - Sync 1 DAGs
[2023-07-12T06:46:44.462+0000] {logging_mixin.py:150} INFO - [2023-07-12T06:46:44.462+0000] {dag.py:3508} INFO - Setting next_dagrun for example_short_circuit_decorator to 2023-07-11T06:46:44.462077+00:00, run_after=2023-07-12T06:46:44.462077+00:00
[2023-07-12T06:46:44.489+0000] {processor.py:179} INFO - Processing /home/airflow/.local/lib/python3.7/site-packages/airflow/example_dags/example_short_circuit_decorator.py took 0.126 seconds
[2023-07-12T06:47:14.984+0000] {processor.py:157} INFO - Started process (PID=8873) to work on /home/airflow/.local/lib/python3.7/site-packages/airflow/example_dags/example_short_circuit_decorator.py
[2023-07-12T06:47:14.987+0000] {processor.py:826} INFO - Processing file /home/airflow/.local/lib/python3.7/site-packages/airflow/example_dags/example_short_circuit_decorator.py for tasks to queue
[2023-07-12T06:47:14.989+0000] {logging_mixin.py:150} INFO - [2023-07-12T06:47:14.989+0000] {dagbag.py:541} INFO - Filling up the DagBag from /home/airflow/.local/lib/python3.7/site-packages/airflow/example_dags/example_short_circuit_decorator.py
[2023-07-12T06:47:15.004+0000] {processor.py:836} INFO - DAG(s) dict_keys(['example_short_circuit_decorator']) retrieved from /home/airflow/.local/lib/python3.7/site-packages/airflow/example_dags/example_short_circuit_decorator.py
[2023-07-12T06:47:15.038+0000] {logging_mixin.py:150} INFO - [2023-07-12T06:47:15.037+0000] {dag.py:2742} INFO - Sync 1 DAGs
[2023-07-12T06:47:15.071+0000] {logging_mixin.py:150} INFO - [2023-07-12T06:47:15.070+0000] {dag.py:3508} INFO - Setting next_dagrun for example_short_circuit_decorator to 2023-07-11T06:47:15.070654+00:00, run_after=2023-07-12T06:47:15.070654+00:00
[2023-07-12T06:47:15.100+0000] {processor.py:179} INFO - Processing /home/airflow/.local/lib/python3.7/site-packages/airflow/example_dags/example_short_circuit_decorator.py took 0.120 seconds
[2023-07-12T06:47:46.306+0000] {processor.py:157} INFO - Started process (PID=9116) to work on /home/airflow/.local/lib/python3.7/site-packages/airflow/example_dags/example_short_circuit_decorator.py
[2023-07-12T06:47:46.311+0000] {processor.py:826} INFO - Processing file /home/airflow/.local/lib/python3.7/site-packages/airflow/example_dags/example_short_circuit_decorator.py for tasks to queue
[2023-07-12T06:47:46.314+0000] {logging_mixin.py:150} INFO - [2023-07-12T06:47:46.314+0000] {dagbag.py:541} INFO - Filling up the DagBag from /home/airflow/.local/lib/python3.7/site-packages/airflow/example_dags/example_short_circuit_decorator.py
[2023-07-12T06:47:46.338+0000] {processor.py:836} INFO - DAG(s) dict_keys(['example_short_circuit_decorator']) retrieved from /home/airflow/.local/lib/python3.7/site-packages/airflow/example_dags/example_short_circuit_decorator.py
[2023-07-12T06:47:46.396+0000] {logging_mixin.py:150} INFO - [2023-07-12T06:47:46.395+0000] {dag.py:2742} INFO - Sync 1 DAGs
[2023-07-12T06:47:46.450+0000] {logging_mixin.py:150} INFO - [2023-07-12T06:47:46.450+0000] {dag.py:3508} INFO - Setting next_dagrun for example_short_circuit_decorator to 2023-07-11T06:47:46.449713+00:00, run_after=2023-07-12T06:47:46.449713+00:00
[2023-07-12T06:47:46.491+0000] {processor.py:179} INFO - Processing /home/airflow/.local/lib/python3.7/site-packages/airflow/example_dags/example_short_circuit_decorator.py took 0.193 seconds
[2023-07-12T06:48:16.952+0000] {processor.py:157} INFO - Started process (PID=9357) to work on /home/airflow/.local/lib/python3.7/site-packages/airflow/example_dags/example_short_circuit_decorator.py
[2023-07-12T06:48:16.956+0000] {processor.py:826} INFO - Processing file /home/airflow/.local/lib/python3.7/site-packages/airflow/example_dags/example_short_circuit_decorator.py for tasks to queue
[2023-07-12T06:48:16.958+0000] {logging_mixin.py:150} INFO - [2023-07-12T06:48:16.958+0000] {dagbag.py:541} INFO - Filling up the DagBag from /home/airflow/.local/lib/python3.7/site-packages/airflow/example_dags/example_short_circuit_decorator.py
[2023-07-12T06:48:16.974+0000] {processor.py:836} INFO - DAG(s) dict_keys(['example_short_circuit_decorator']) retrieved from /home/airflow/.local/lib/python3.7/site-packages/airflow/example_dags/example_short_circuit_decorator.py
[2023-07-12T06:48:17.014+0000] {logging_mixin.py:150} INFO - [2023-07-12T06:48:17.013+0000] {dag.py:2742} INFO - Sync 1 DAGs
[2023-07-12T06:48:17.054+0000] {logging_mixin.py:150} INFO - [2023-07-12T06:48:17.053+0000] {dag.py:3508} INFO - Setting next_dagrun for example_short_circuit_decorator to 2023-07-11T06:48:17.053278+00:00, run_after=2023-07-12T06:48:17.053278+00:00
[2023-07-12T06:48:17.084+0000] {processor.py:179} INFO - Processing /home/airflow/.local/lib/python3.7/site-packages/airflow/example_dags/example_short_circuit_decorator.py took 0.137 seconds
[2023-07-12T06:48:47.472+0000] {processor.py:157} INFO - Started process (PID=9598) to work on /home/airflow/.local/lib/python3.7/site-packages/airflow/example_dags/example_short_circuit_decorator.py
[2023-07-12T06:48:47.474+0000] {processor.py:826} INFO - Processing file /home/airflow/.local/lib/python3.7/site-packages/airflow/example_dags/example_short_circuit_decorator.py for tasks to queue
[2023-07-12T06:48:47.477+0000] {logging_mixin.py:150} INFO - [2023-07-12T06:48:47.476+0000] {dagbag.py:541} INFO - Filling up the DagBag from /home/airflow/.local/lib/python3.7/site-packages/airflow/example_dags/example_short_circuit_decorator.py
[2023-07-12T06:48:47.494+0000] {processor.py:836} INFO - DAG(s) dict_keys(['example_short_circuit_decorator']) retrieved from /home/airflow/.local/lib/python3.7/site-packages/airflow/example_dags/example_short_circuit_decorator.py
[2023-07-12T06:48:47.557+0000] {logging_mixin.py:150} INFO - [2023-07-12T06:48:47.556+0000] {dag.py:2742} INFO - Sync 1 DAGs
[2023-07-12T06:48:47.607+0000] {logging_mixin.py:150} INFO - [2023-07-12T06:48:47.607+0000] {dag.py:3508} INFO - Setting next_dagrun for example_short_circuit_decorator to 2023-07-11T06:48:47.607043+00:00, run_after=2023-07-12T06:48:47.607043+00:00
[2023-07-12T06:48:47.642+0000] {processor.py:179} INFO - Processing /home/airflow/.local/lib/python3.7/site-packages/airflow/example_dags/example_short_circuit_decorator.py took 0.177 seconds
[2023-07-12T06:49:18.377+0000] {processor.py:157} INFO - Started process (PID=9839) to work on /home/airflow/.local/lib/python3.7/site-packages/airflow/example_dags/example_short_circuit_decorator.py
[2023-07-12T06:49:18.381+0000] {processor.py:826} INFO - Processing file /home/airflow/.local/lib/python3.7/site-packages/airflow/example_dags/example_short_circuit_decorator.py for tasks to queue
[2023-07-12T06:49:18.385+0000] {logging_mixin.py:150} INFO - [2023-07-12T06:49:18.384+0000] {dagbag.py:541} INFO - Filling up the DagBag from /home/airflow/.local/lib/python3.7/site-packages/airflow/example_dags/example_short_circuit_decorator.py
[2023-07-12T06:49:18.408+0000] {processor.py:836} INFO - DAG(s) dict_keys(['example_short_circuit_decorator']) retrieved from /home/airflow/.local/lib/python3.7/site-packages/airflow/example_dags/example_short_circuit_decorator.py
[2023-07-12T06:49:18.462+0000] {logging_mixin.py:150} INFO - [2023-07-12T06:49:18.461+0000] {dag.py:2742} INFO - Sync 1 DAGs
[2023-07-12T06:49:18.509+0000] {logging_mixin.py:150} INFO - [2023-07-12T06:49:18.509+0000] {dag.py:3508} INFO - Setting next_dagrun for example_short_circuit_decorator to 2023-07-11T06:49:18.508956+00:00, run_after=2023-07-12T06:49:18.508956+00:00
[2023-07-12T06:49:18.549+0000] {processor.py:179} INFO - Processing /home/airflow/.local/lib/python3.7/site-packages/airflow/example_dags/example_short_circuit_decorator.py took 0.178 seconds
[2023-07-12T06:49:48.619+0000] {processor.py:157} INFO - Started process (PID=10080) to work on /home/airflow/.local/lib/python3.7/site-packages/airflow/example_dags/example_short_circuit_decorator.py
[2023-07-12T06:49:48.622+0000] {processor.py:826} INFO - Processing file /home/airflow/.local/lib/python3.7/site-packages/airflow/example_dags/example_short_circuit_decorator.py for tasks to queue
[2023-07-12T06:49:48.626+0000] {logging_mixin.py:150} INFO - [2023-07-12T06:49:48.626+0000] {dagbag.py:541} INFO - Filling up the DagBag from /home/airflow/.local/lib/python3.7/site-packages/airflow/example_dags/example_short_circuit_decorator.py
[2023-07-12T06:49:48.644+0000] {processor.py:836} INFO - DAG(s) dict_keys(['example_short_circuit_decorator']) retrieved from /home/airflow/.local/lib/python3.7/site-packages/airflow/example_dags/example_short_circuit_decorator.py
[2023-07-12T06:49:48.693+0000] {logging_mixin.py:150} INFO - [2023-07-12T06:49:48.693+0000] {dag.py:2742} INFO - Sync 1 DAGs
[2023-07-12T06:49:48.730+0000] {logging_mixin.py:150} INFO - [2023-07-12T06:49:48.730+0000] {dag.py:3508} INFO - Setting next_dagrun for example_short_circuit_decorator to 2023-07-11T06:49:48.730412+00:00, run_after=2023-07-12T06:49:48.730412+00:00
[2023-07-12T06:49:48.769+0000] {processor.py:179} INFO - Processing /home/airflow/.local/lib/python3.7/site-packages/airflow/example_dags/example_short_circuit_decorator.py took 0.157 seconds
[2023-07-12T06:50:19.688+0000] {processor.py:157} INFO - Started process (PID=10321) to work on /home/airflow/.local/lib/python3.7/site-packages/airflow/example_dags/example_short_circuit_decorator.py
[2023-07-12T06:50:19.691+0000] {processor.py:826} INFO - Processing file /home/airflow/.local/lib/python3.7/site-packages/airflow/example_dags/example_short_circuit_decorator.py for tasks to queue
[2023-07-12T06:50:19.693+0000] {logging_mixin.py:150} INFO - [2023-07-12T06:50:19.693+0000] {dagbag.py:541} INFO - Filling up the DagBag from /home/airflow/.local/lib/python3.7/site-packages/airflow/example_dags/example_short_circuit_decorator.py
[2023-07-12T06:50:19.710+0000] {processor.py:836} INFO - DAG(s) dict_keys(['example_short_circuit_decorator']) retrieved from /home/airflow/.local/lib/python3.7/site-packages/airflow/example_dags/example_short_circuit_decorator.py
[2023-07-12T06:50:19.756+0000] {logging_mixin.py:150} INFO - [2023-07-12T06:50:19.756+0000] {dag.py:2742} INFO - Sync 1 DAGs
[2023-07-12T06:50:19.791+0000] {logging_mixin.py:150} INFO - [2023-07-12T06:50:19.790+0000] {dag.py:3508} INFO - Setting next_dagrun for example_short_circuit_decorator to 2023-07-11T06:50:19.790161+00:00, run_after=2023-07-12T06:50:19.790161+00:00
[2023-07-12T06:50:19.823+0000] {processor.py:179} INFO - Processing /home/airflow/.local/lib/python3.7/site-packages/airflow/example_dags/example_short_circuit_decorator.py took 0.140 seconds
