[2023-07-12T06:29:22.544+0000] {processor.py:157} INFO - Started process (PID=354) to work on /home/airflow/.local/lib/python3.7/site-packages/airflow/example_dags/example_branch_python_dop_operator_3.py
[2023-07-12T06:29:22.547+0000] {processor.py:826} INFO - Processing file /home/airflow/.local/lib/python3.7/site-packages/airflow/example_dags/example_branch_python_dop_operator_3.py for tasks to queue
[2023-07-12T06:29:22.550+0000] {logging_mixin.py:150} INFO - [2023-07-12T06:29:22.549+0000] {dagbag.py:541} INFO - Filling up the DagBag from /home/airflow/.local/lib/python3.7/site-packages/airflow/example_dags/example_branch_python_dop_operator_3.py
[2023-07-12T06:29:22.567+0000] {processor.py:836} INFO - DAG(s) dict_keys(['example_branch_dop_operator_v3']) retrieved from /home/airflow/.local/lib/python3.7/site-packages/airflow/example_dags/example_branch_python_dop_operator_3.py
[2023-07-12T06:29:22.629+0000] {logging_mixin.py:150} INFO - [2023-07-12T06:29:22.629+0000] {dag.py:2742} INFO - Sync 1 DAGs
[2023-07-12T06:29:22.695+0000] {logging_mixin.py:150} INFO - [2023-07-12T06:29:22.695+0000] {dag.py:3508} INFO - Setting next_dagrun for example_branch_dop_operator_v3 to 2023-07-12T06:28:00+00:00, run_after=2023-07-12T06:29:00+00:00
[2023-07-12T06:29:22.749+0000] {processor.py:179} INFO - Processing /home/airflow/.local/lib/python3.7/site-packages/airflow/example_dags/example_branch_python_dop_operator_3.py took 0.212 seconds
[2023-07-12T06:29:53.827+0000] {processor.py:157} INFO - Started process (PID=594) to work on /home/airflow/.local/lib/python3.7/site-packages/airflow/example_dags/example_branch_python_dop_operator_3.py
[2023-07-12T06:29:53.831+0000] {processor.py:826} INFO - Processing file /home/airflow/.local/lib/python3.7/site-packages/airflow/example_dags/example_branch_python_dop_operator_3.py for tasks to queue
[2023-07-12T06:29:53.834+0000] {logging_mixin.py:150} INFO - [2023-07-12T06:29:53.833+0000] {dagbag.py:541} INFO - Filling up the DagBag from /home/airflow/.local/lib/python3.7/site-packages/airflow/example_dags/example_branch_python_dop_operator_3.py
[2023-07-12T06:29:53.848+0000] {processor.py:836} INFO - DAG(s) dict_keys(['example_branch_dop_operator_v3']) retrieved from /home/airflow/.local/lib/python3.7/site-packages/airflow/example_dags/example_branch_python_dop_operator_3.py
[2023-07-12T06:29:53.885+0000] {logging_mixin.py:150} INFO - [2023-07-12T06:29:53.885+0000] {dag.py:2742} INFO - Sync 1 DAGs
[2023-07-12T06:29:53.927+0000] {logging_mixin.py:150} INFO - [2023-07-12T06:29:53.927+0000] {dag.py:3508} INFO - Setting next_dagrun for example_branch_dop_operator_v3 to 2023-07-12T06:28:00+00:00, run_after=2023-07-12T06:29:00+00:00
[2023-07-12T06:29:53.967+0000] {processor.py:179} INFO - Processing /home/airflow/.local/lib/python3.7/site-packages/airflow/example_dags/example_branch_python_dop_operator_3.py took 0.146 seconds
[2023-07-12T06:30:24.110+0000] {processor.py:157} INFO - Started process (PID=835) to work on /home/airflow/.local/lib/python3.7/site-packages/airflow/example_dags/example_branch_python_dop_operator_3.py
[2023-07-12T06:30:24.113+0000] {processor.py:826} INFO - Processing file /home/airflow/.local/lib/python3.7/site-packages/airflow/example_dags/example_branch_python_dop_operator_3.py for tasks to queue
[2023-07-12T06:30:24.115+0000] {logging_mixin.py:150} INFO - [2023-07-12T06:30:24.115+0000] {dagbag.py:541} INFO - Filling up the DagBag from /home/airflow/.local/lib/python3.7/site-packages/airflow/example_dags/example_branch_python_dop_operator_3.py
[2023-07-12T06:30:24.128+0000] {processor.py:836} INFO - DAG(s) dict_keys(['example_branch_dop_operator_v3']) retrieved from /home/airflow/.local/lib/python3.7/site-packages/airflow/example_dags/example_branch_python_dop_operator_3.py
[2023-07-12T06:30:24.168+0000] {logging_mixin.py:150} INFO - [2023-07-12T06:30:24.168+0000] {dag.py:2742} INFO - Sync 1 DAGs
[2023-07-12T06:30:24.212+0000] {logging_mixin.py:150} INFO - [2023-07-12T06:30:24.212+0000] {dag.py:3508} INFO - Setting next_dagrun for example_branch_dop_operator_v3 to 2023-07-12T06:29:00+00:00, run_after=2023-07-12T06:30:00+00:00
[2023-07-12T06:30:24.246+0000] {processor.py:179} INFO - Processing /home/airflow/.local/lib/python3.7/site-packages/airflow/example_dags/example_branch_python_dop_operator_3.py took 0.141 seconds
[2023-07-12T06:30:54.552+0000] {processor.py:157} INFO - Started process (PID=1076) to work on /home/airflow/.local/lib/python3.7/site-packages/airflow/example_dags/example_branch_python_dop_operator_3.py
[2023-07-12T06:30:54.556+0000] {processor.py:826} INFO - Processing file /home/airflow/.local/lib/python3.7/site-packages/airflow/example_dags/example_branch_python_dop_operator_3.py for tasks to queue
[2023-07-12T06:30:54.558+0000] {logging_mixin.py:150} INFO - [2023-07-12T06:30:54.558+0000] {dagbag.py:541} INFO - Filling up the DagBag from /home/airflow/.local/lib/python3.7/site-packages/airflow/example_dags/example_branch_python_dop_operator_3.py
[2023-07-12T06:30:54.571+0000] {processor.py:836} INFO - DAG(s) dict_keys(['example_branch_dop_operator_v3']) retrieved from /home/airflow/.local/lib/python3.7/site-packages/airflow/example_dags/example_branch_python_dop_operator_3.py
[2023-07-12T06:30:54.614+0000] {logging_mixin.py:150} INFO - [2023-07-12T06:30:54.614+0000] {dag.py:2742} INFO - Sync 1 DAGs
[2023-07-12T06:30:54.663+0000] {logging_mixin.py:150} INFO - [2023-07-12T06:30:54.662+0000] {dag.py:3508} INFO - Setting next_dagrun for example_branch_dop_operator_v3 to 2023-07-12T06:29:00+00:00, run_after=2023-07-12T06:30:00+00:00
[2023-07-12T06:30:54.698+0000] {processor.py:179} INFO - Processing /home/airflow/.local/lib/python3.7/site-packages/airflow/example_dags/example_branch_python_dop_operator_3.py took 0.151 seconds
[2023-07-12T06:31:25.441+0000] {processor.py:157} INFO - Started process (PID=1359) to work on /home/airflow/.local/lib/python3.7/site-packages/airflow/example_dags/example_branch_python_dop_operator_3.py
[2023-07-12T06:31:25.444+0000] {processor.py:826} INFO - Processing file /home/airflow/.local/lib/python3.7/site-packages/airflow/example_dags/example_branch_python_dop_operator_3.py for tasks to queue
[2023-07-12T06:31:25.447+0000] {logging_mixin.py:150} INFO - [2023-07-12T06:31:25.446+0000] {dagbag.py:541} INFO - Filling up the DagBag from /home/airflow/.local/lib/python3.7/site-packages/airflow/example_dags/example_branch_python_dop_operator_3.py
[2023-07-12T06:31:25.464+0000] {processor.py:836} INFO - DAG(s) dict_keys(['example_branch_dop_operator_v3']) retrieved from /home/airflow/.local/lib/python3.7/site-packages/airflow/example_dags/example_branch_python_dop_operator_3.py
[2023-07-12T06:31:25.505+0000] {logging_mixin.py:150} INFO - [2023-07-12T06:31:25.505+0000] {dag.py:2742} INFO - Sync 1 DAGs
[2023-07-12T06:31:25.548+0000] {logging_mixin.py:150} INFO - [2023-07-12T06:31:25.548+0000] {dag.py:3508} INFO - Setting next_dagrun for example_branch_dop_operator_v3 to 2023-07-12T06:30:00+00:00, run_after=2023-07-12T06:31:00+00:00
[2023-07-12T06:31:25.581+0000] {processor.py:179} INFO - Processing /home/airflow/.local/lib/python3.7/site-packages/airflow/example_dags/example_branch_python_dop_operator_3.py took 0.146 seconds
[2023-07-12T06:31:55.952+0000] {processor.py:157} INFO - Started process (PID=1600) to work on /home/airflow/.local/lib/python3.7/site-packages/airflow/example_dags/example_branch_python_dop_operator_3.py
[2023-07-12T06:31:55.956+0000] {processor.py:826} INFO - Processing file /home/airflow/.local/lib/python3.7/site-packages/airflow/example_dags/example_branch_python_dop_operator_3.py for tasks to queue
[2023-07-12T06:31:55.959+0000] {logging_mixin.py:150} INFO - [2023-07-12T06:31:55.958+0000] {dagbag.py:541} INFO - Filling up the DagBag from /home/airflow/.local/lib/python3.7/site-packages/airflow/example_dags/example_branch_python_dop_operator_3.py
[2023-07-12T06:31:55.975+0000] {processor.py:836} INFO - DAG(s) dict_keys(['example_branch_dop_operator_v3']) retrieved from /home/airflow/.local/lib/python3.7/site-packages/airflow/example_dags/example_branch_python_dop_operator_3.py
[2023-07-12T06:31:56.016+0000] {logging_mixin.py:150} INFO - [2023-07-12T06:31:56.016+0000] {dag.py:2742} INFO - Sync 1 DAGs
[2023-07-12T06:31:56.075+0000] {logging_mixin.py:150} INFO - [2023-07-12T06:31:56.075+0000] {dag.py:3508} INFO - Setting next_dagrun for example_branch_dop_operator_v3 to 2023-07-12T06:30:00+00:00, run_after=2023-07-12T06:31:00+00:00
[2023-07-12T06:31:56.112+0000] {processor.py:179} INFO - Processing /home/airflow/.local/lib/python3.7/site-packages/airflow/example_dags/example_branch_python_dop_operator_3.py took 0.169 seconds
[2023-07-12T06:32:26.244+0000] {processor.py:157} INFO - Started process (PID=1841) to work on /home/airflow/.local/lib/python3.7/site-packages/airflow/example_dags/example_branch_python_dop_operator_3.py
[2023-07-12T06:32:26.247+0000] {processor.py:826} INFO - Processing file /home/airflow/.local/lib/python3.7/site-packages/airflow/example_dags/example_branch_python_dop_operator_3.py for tasks to queue
[2023-07-12T06:32:26.250+0000] {logging_mixin.py:150} INFO - [2023-07-12T06:32:26.249+0000] {dagbag.py:541} INFO - Filling up the DagBag from /home/airflow/.local/lib/python3.7/site-packages/airflow/example_dags/example_branch_python_dop_operator_3.py
[2023-07-12T06:32:26.263+0000] {processor.py:836} INFO - DAG(s) dict_keys(['example_branch_dop_operator_v3']) retrieved from /home/airflow/.local/lib/python3.7/site-packages/airflow/example_dags/example_branch_python_dop_operator_3.py
[2023-07-12T06:32:26.304+0000] {logging_mixin.py:150} INFO - [2023-07-12T06:32:26.303+0000] {dag.py:2742} INFO - Sync 1 DAGs
[2023-07-12T06:32:26.344+0000] {logging_mixin.py:150} INFO - [2023-07-12T06:32:26.344+0000] {dag.py:3508} INFO - Setting next_dagrun for example_branch_dop_operator_v3 to 2023-07-12T06:31:00+00:00, run_after=2023-07-12T06:32:00+00:00
[2023-07-12T06:32:26.382+0000] {processor.py:179} INFO - Processing /home/airflow/.local/lib/python3.7/site-packages/airflow/example_dags/example_branch_python_dop_operator_3.py took 0.142 seconds
[2023-07-12T06:32:56.883+0000] {processor.py:157} INFO - Started process (PID=2082) to work on /home/airflow/.local/lib/python3.7/site-packages/airflow/example_dags/example_branch_python_dop_operator_3.py
[2023-07-12T06:32:56.886+0000] {processor.py:826} INFO - Processing file /home/airflow/.local/lib/python3.7/site-packages/airflow/example_dags/example_branch_python_dop_operator_3.py for tasks to queue
[2023-07-12T06:32:56.888+0000] {logging_mixin.py:150} INFO - [2023-07-12T06:32:56.888+0000] {dagbag.py:541} INFO - Filling up the DagBag from /home/airflow/.local/lib/python3.7/site-packages/airflow/example_dags/example_branch_python_dop_operator_3.py
[2023-07-12T06:32:56.902+0000] {processor.py:836} INFO - DAG(s) dict_keys(['example_branch_dop_operator_v3']) retrieved from /home/airflow/.local/lib/python3.7/site-packages/airflow/example_dags/example_branch_python_dop_operator_3.py
[2023-07-12T06:32:56.946+0000] {logging_mixin.py:150} INFO - [2023-07-12T06:32:56.945+0000] {dag.py:2742} INFO - Sync 1 DAGs
[2023-07-12T06:32:56.991+0000] {logging_mixin.py:150} INFO - [2023-07-12T06:32:56.990+0000] {dag.py:3508} INFO - Setting next_dagrun for example_branch_dop_operator_v3 to 2023-07-12T06:31:00+00:00, run_after=2023-07-12T06:32:00+00:00
[2023-07-12T06:32:57.032+0000] {processor.py:179} INFO - Processing /home/airflow/.local/lib/python3.7/site-packages/airflow/example_dags/example_branch_python_dop_operator_3.py took 0.155 seconds
[2023-07-12T06:33:27.249+0000] {processor.py:157} INFO - Started process (PID=2322) to work on /home/airflow/.local/lib/python3.7/site-packages/airflow/example_dags/example_branch_python_dop_operator_3.py
[2023-07-12T06:33:27.254+0000] {processor.py:826} INFO - Processing file /home/airflow/.local/lib/python3.7/site-packages/airflow/example_dags/example_branch_python_dop_operator_3.py for tasks to queue
[2023-07-12T06:33:27.263+0000] {logging_mixin.py:150} INFO - [2023-07-12T06:33:27.262+0000] {dagbag.py:541} INFO - Filling up the DagBag from /home/airflow/.local/lib/python3.7/site-packages/airflow/example_dags/example_branch_python_dop_operator_3.py
[2023-07-12T06:33:27.278+0000] {processor.py:836} INFO - DAG(s) dict_keys(['example_branch_dop_operator_v3']) retrieved from /home/airflow/.local/lib/python3.7/site-packages/airflow/example_dags/example_branch_python_dop_operator_3.py
[2023-07-12T06:33:27.321+0000] {logging_mixin.py:150} INFO - [2023-07-12T06:33:27.321+0000] {dag.py:2742} INFO - Sync 1 DAGs
[2023-07-12T06:33:27.365+0000] {logging_mixin.py:150} INFO - [2023-07-12T06:33:27.365+0000] {dag.py:3508} INFO - Setting next_dagrun for example_branch_dop_operator_v3 to 2023-07-12T06:32:00+00:00, run_after=2023-07-12T06:33:00+00:00
[2023-07-12T06:33:27.398+0000] {processor.py:179} INFO - Processing /home/airflow/.local/lib/python3.7/site-packages/airflow/example_dags/example_branch_python_dop_operator_3.py took 0.159 seconds
[2023-07-12T06:33:57.740+0000] {processor.py:157} INFO - Started process (PID=2564) to work on /home/airflow/.local/lib/python3.7/site-packages/airflow/example_dags/example_branch_python_dop_operator_3.py
[2023-07-12T06:33:57.744+0000] {processor.py:826} INFO - Processing file /home/airflow/.local/lib/python3.7/site-packages/airflow/example_dags/example_branch_python_dop_operator_3.py for tasks to queue
[2023-07-12T06:33:57.747+0000] {logging_mixin.py:150} INFO - [2023-07-12T06:33:57.747+0000] {dagbag.py:541} INFO - Filling up the DagBag from /home/airflow/.local/lib/python3.7/site-packages/airflow/example_dags/example_branch_python_dop_operator_3.py
[2023-07-12T06:33:57.763+0000] {processor.py:836} INFO - DAG(s) dict_keys(['example_branch_dop_operator_v3']) retrieved from /home/airflow/.local/lib/python3.7/site-packages/airflow/example_dags/example_branch_python_dop_operator_3.py
[2023-07-12T06:33:57.806+0000] {logging_mixin.py:150} INFO - [2023-07-12T06:33:57.806+0000] {dag.py:2742} INFO - Sync 1 DAGs
[2023-07-12T06:33:57.851+0000] {logging_mixin.py:150} INFO - [2023-07-12T06:33:57.851+0000] {dag.py:3508} INFO - Setting next_dagrun for example_branch_dop_operator_v3 to 2023-07-12T06:32:00+00:00, run_after=2023-07-12T06:33:00+00:00
[2023-07-12T06:33:57.883+0000] {processor.py:179} INFO - Processing /home/airflow/.local/lib/python3.7/site-packages/airflow/example_dags/example_branch_python_dop_operator_3.py took 0.149 seconds
[2023-07-12T06:34:28.510+0000] {processor.py:157} INFO - Started process (PID=2807) to work on /home/airflow/.local/lib/python3.7/site-packages/airflow/example_dags/example_branch_python_dop_operator_3.py
[2023-07-12T06:34:28.514+0000] {processor.py:826} INFO - Processing file /home/airflow/.local/lib/python3.7/site-packages/airflow/example_dags/example_branch_python_dop_operator_3.py for tasks to queue
[2023-07-12T06:34:28.517+0000] {logging_mixin.py:150} INFO - [2023-07-12T06:34:28.516+0000] {dagbag.py:541} INFO - Filling up the DagBag from /home/airflow/.local/lib/python3.7/site-packages/airflow/example_dags/example_branch_python_dop_operator_3.py
[2023-07-12T06:34:28.536+0000] {processor.py:836} INFO - DAG(s) dict_keys(['example_branch_dop_operator_v3']) retrieved from /home/airflow/.local/lib/python3.7/site-packages/airflow/example_dags/example_branch_python_dop_operator_3.py
[2023-07-12T06:34:28.580+0000] {logging_mixin.py:150} INFO - [2023-07-12T06:34:28.579+0000] {dag.py:2742} INFO - Sync 1 DAGs
[2023-07-12T06:34:28.623+0000] {logging_mixin.py:150} INFO - [2023-07-12T06:34:28.622+0000] {dag.py:3508} INFO - Setting next_dagrun for example_branch_dop_operator_v3 to 2023-07-12T06:33:00+00:00, run_after=2023-07-12T06:34:00+00:00
[2023-07-12T06:34:28.655+0000] {processor.py:179} INFO - Processing /home/airflow/.local/lib/python3.7/site-packages/airflow/example_dags/example_branch_python_dop_operator_3.py took 0.151 seconds
[2023-07-12T06:34:59.383+0000] {processor.py:157} INFO - Started process (PID=3046) to work on /home/airflow/.local/lib/python3.7/site-packages/airflow/example_dags/example_branch_python_dop_operator_3.py
[2023-07-12T06:34:59.386+0000] {processor.py:826} INFO - Processing file /home/airflow/.local/lib/python3.7/site-packages/airflow/example_dags/example_branch_python_dop_operator_3.py for tasks to queue
[2023-07-12T06:34:59.389+0000] {logging_mixin.py:150} INFO - [2023-07-12T06:34:59.388+0000] {dagbag.py:541} INFO - Filling up the DagBag from /home/airflow/.local/lib/python3.7/site-packages/airflow/example_dags/example_branch_python_dop_operator_3.py
[2023-07-12T06:34:59.403+0000] {processor.py:836} INFO - DAG(s) dict_keys(['example_branch_dop_operator_v3']) retrieved from /home/airflow/.local/lib/python3.7/site-packages/airflow/example_dags/example_branch_python_dop_operator_3.py
[2023-07-12T06:34:59.444+0000] {logging_mixin.py:150} INFO - [2023-07-12T06:34:59.444+0000] {dag.py:2742} INFO - Sync 1 DAGs
[2023-07-12T06:34:59.491+0000] {logging_mixin.py:150} INFO - [2023-07-12T06:34:59.491+0000] {dag.py:3508} INFO - Setting next_dagrun for example_branch_dop_operator_v3 to 2023-07-12T06:33:00+00:00, run_after=2023-07-12T06:34:00+00:00
[2023-07-12T06:34:59.524+0000] {processor.py:179} INFO - Processing /home/airflow/.local/lib/python3.7/site-packages/airflow/example_dags/example_branch_python_dop_operator_3.py took 0.147 seconds
[2023-07-12T06:35:29.771+0000] {processor.py:157} INFO - Started process (PID=3287) to work on /home/airflow/.local/lib/python3.7/site-packages/airflow/example_dags/example_branch_python_dop_operator_3.py
[2023-07-12T06:35:29.776+0000] {processor.py:826} INFO - Processing file /home/airflow/.local/lib/python3.7/site-packages/airflow/example_dags/example_branch_python_dop_operator_3.py for tasks to queue
[2023-07-12T06:35:29.780+0000] {logging_mixin.py:150} INFO - [2023-07-12T06:35:29.779+0000] {dagbag.py:541} INFO - Filling up the DagBag from /home/airflow/.local/lib/python3.7/site-packages/airflow/example_dags/example_branch_python_dop_operator_3.py
[2023-07-12T06:35:29.799+0000] {processor.py:836} INFO - DAG(s) dict_keys(['example_branch_dop_operator_v3']) retrieved from /home/airflow/.local/lib/python3.7/site-packages/airflow/example_dags/example_branch_python_dop_operator_3.py
[2023-07-12T06:35:29.842+0000] {logging_mixin.py:150} INFO - [2023-07-12T06:35:29.841+0000] {dag.py:2742} INFO - Sync 1 DAGs
[2023-07-12T06:35:29.889+0000] {logging_mixin.py:150} INFO - [2023-07-12T06:35:29.889+0000] {dag.py:3508} INFO - Setting next_dagrun for example_branch_dop_operator_v3 to 2023-07-12T06:34:00+00:00, run_after=2023-07-12T06:35:00+00:00
[2023-07-12T06:35:29.931+0000] {processor.py:179} INFO - Processing /home/airflow/.local/lib/python3.7/site-packages/airflow/example_dags/example_branch_python_dop_operator_3.py took 0.169 seconds
[2023-07-12T06:36:00.724+0000] {processor.py:157} INFO - Started process (PID=3528) to work on /home/airflow/.local/lib/python3.7/site-packages/airflow/example_dags/example_branch_python_dop_operator_3.py
[2023-07-12T06:36:00.727+0000] {processor.py:826} INFO - Processing file /home/airflow/.local/lib/python3.7/site-packages/airflow/example_dags/example_branch_python_dop_operator_3.py for tasks to queue
[2023-07-12T06:36:00.730+0000] {logging_mixin.py:150} INFO - [2023-07-12T06:36:00.729+0000] {dagbag.py:541} INFO - Filling up the DagBag from /home/airflow/.local/lib/python3.7/site-packages/airflow/example_dags/example_branch_python_dop_operator_3.py
[2023-07-12T06:36:00.746+0000] {processor.py:836} INFO - DAG(s) dict_keys(['example_branch_dop_operator_v3']) retrieved from /home/airflow/.local/lib/python3.7/site-packages/airflow/example_dags/example_branch_python_dop_operator_3.py
[2023-07-12T06:36:00.786+0000] {logging_mixin.py:150} INFO - [2023-07-12T06:36:00.786+0000] {dag.py:2742} INFO - Sync 1 DAGs
[2023-07-12T06:36:00.831+0000] {logging_mixin.py:150} INFO - [2023-07-12T06:36:00.831+0000] {dag.py:3508} INFO - Setting next_dagrun for example_branch_dop_operator_v3 to 2023-07-12T06:35:00+00:00, run_after=2023-07-12T06:36:00+00:00
[2023-07-12T06:36:00.863+0000] {processor.py:179} INFO - Processing /home/airflow/.local/lib/python3.7/site-packages/airflow/example_dags/example_branch_python_dop_operator_3.py took 0.146 seconds
[2023-07-12T06:36:31.595+0000] {processor.py:157} INFO - Started process (PID=3769) to work on /home/airflow/.local/lib/python3.7/site-packages/airflow/example_dags/example_branch_python_dop_operator_3.py
[2023-07-12T06:36:31.599+0000] {processor.py:826} INFO - Processing file /home/airflow/.local/lib/python3.7/site-packages/airflow/example_dags/example_branch_python_dop_operator_3.py for tasks to queue
[2023-07-12T06:36:31.601+0000] {logging_mixin.py:150} INFO - [2023-07-12T06:36:31.601+0000] {dagbag.py:541} INFO - Filling up the DagBag from /home/airflow/.local/lib/python3.7/site-packages/airflow/example_dags/example_branch_python_dop_operator_3.py
[2023-07-12T06:36:31.619+0000] {processor.py:836} INFO - DAG(s) dict_keys(['example_branch_dop_operator_v3']) retrieved from /home/airflow/.local/lib/python3.7/site-packages/airflow/example_dags/example_branch_python_dop_operator_3.py
[2023-07-12T06:36:31.659+0000] {logging_mixin.py:150} INFO - [2023-07-12T06:36:31.659+0000] {dag.py:2742} INFO - Sync 1 DAGs
[2023-07-12T06:36:31.701+0000] {logging_mixin.py:150} INFO - [2023-07-12T06:36:31.701+0000] {dag.py:3508} INFO - Setting next_dagrun for example_branch_dop_operator_v3 to 2023-07-12T06:35:00+00:00, run_after=2023-07-12T06:36:00+00:00
[2023-07-12T06:36:31.734+0000] {processor.py:179} INFO - Processing /home/airflow/.local/lib/python3.7/site-packages/airflow/example_dags/example_branch_python_dop_operator_3.py took 0.147 seconds
[2023-07-12T06:37:02.190+0000] {processor.py:157} INFO - Started process (PID=4010) to work on /home/airflow/.local/lib/python3.7/site-packages/airflow/example_dags/example_branch_python_dop_operator_3.py
[2023-07-12T06:37:02.194+0000] {processor.py:826} INFO - Processing file /home/airflow/.local/lib/python3.7/site-packages/airflow/example_dags/example_branch_python_dop_operator_3.py for tasks to queue
[2023-07-12T06:37:02.197+0000] {logging_mixin.py:150} INFO - [2023-07-12T06:37:02.197+0000] {dagbag.py:541} INFO - Filling up the DagBag from /home/airflow/.local/lib/python3.7/site-packages/airflow/example_dags/example_branch_python_dop_operator_3.py
[2023-07-12T06:37:02.216+0000] {processor.py:836} INFO - DAG(s) dict_keys(['example_branch_dop_operator_v3']) retrieved from /home/airflow/.local/lib/python3.7/site-packages/airflow/example_dags/example_branch_python_dop_operator_3.py
[2023-07-12T06:37:02.254+0000] {logging_mixin.py:150} INFO - [2023-07-12T06:37:02.254+0000] {dag.py:2742} INFO - Sync 1 DAGs
[2023-07-12T06:37:02.297+0000] {logging_mixin.py:150} INFO - [2023-07-12T06:37:02.296+0000] {dag.py:3508} INFO - Setting next_dagrun for example_branch_dop_operator_v3 to 2023-07-12T06:36:00+00:00, run_after=2023-07-12T06:37:00+00:00
[2023-07-12T06:37:02.328+0000] {processor.py:179} INFO - Processing /home/airflow/.local/lib/python3.7/site-packages/airflow/example_dags/example_branch_python_dop_operator_3.py took 0.145 seconds
[2023-07-12T06:37:32.831+0000] {processor.py:157} INFO - Started process (PID=4251) to work on /home/airflow/.local/lib/python3.7/site-packages/airflow/example_dags/example_branch_python_dop_operator_3.py
[2023-07-12T06:37:32.834+0000] {processor.py:826} INFO - Processing file /home/airflow/.local/lib/python3.7/site-packages/airflow/example_dags/example_branch_python_dop_operator_3.py for tasks to queue
[2023-07-12T06:37:32.836+0000] {logging_mixin.py:150} INFO - [2023-07-12T06:37:32.835+0000] {dagbag.py:541} INFO - Filling up the DagBag from /home/airflow/.local/lib/python3.7/site-packages/airflow/example_dags/example_branch_python_dop_operator_3.py
[2023-07-12T06:37:32.849+0000] {processor.py:836} INFO - DAG(s) dict_keys(['example_branch_dop_operator_v3']) retrieved from /home/airflow/.local/lib/python3.7/site-packages/airflow/example_dags/example_branch_python_dop_operator_3.py
[2023-07-12T06:37:32.888+0000] {logging_mixin.py:150} INFO - [2023-07-12T06:37:32.888+0000] {dag.py:2742} INFO - Sync 1 DAGs
[2023-07-12T06:37:32.931+0000] {logging_mixin.py:150} INFO - [2023-07-12T06:37:32.930+0000] {dag.py:3508} INFO - Setting next_dagrun for example_branch_dop_operator_v3 to 2023-07-12T06:36:00+00:00, run_after=2023-07-12T06:37:00+00:00
[2023-07-12T06:37:32.965+0000] {processor.py:179} INFO - Processing /home/airflow/.local/lib/python3.7/site-packages/airflow/example_dags/example_branch_python_dop_operator_3.py took 0.139 seconds
[2023-07-12T06:38:03.327+0000] {processor.py:157} INFO - Started process (PID=4491) to work on /home/airflow/.local/lib/python3.7/site-packages/airflow/example_dags/example_branch_python_dop_operator_3.py
[2023-07-12T06:38:03.329+0000] {processor.py:826} INFO - Processing file /home/airflow/.local/lib/python3.7/site-packages/airflow/example_dags/example_branch_python_dop_operator_3.py for tasks to queue
[2023-07-12T06:38:03.331+0000] {logging_mixin.py:150} INFO - [2023-07-12T06:38:03.331+0000] {dagbag.py:541} INFO - Filling up the DagBag from /home/airflow/.local/lib/python3.7/site-packages/airflow/example_dags/example_branch_python_dop_operator_3.py
[2023-07-12T06:38:03.344+0000] {processor.py:836} INFO - DAG(s) dict_keys(['example_branch_dop_operator_v3']) retrieved from /home/airflow/.local/lib/python3.7/site-packages/airflow/example_dags/example_branch_python_dop_operator_3.py
[2023-07-12T06:38:03.380+0000] {logging_mixin.py:150} INFO - [2023-07-12T06:38:03.379+0000] {dag.py:2742} INFO - Sync 1 DAGs
[2023-07-12T06:38:03.427+0000] {logging_mixin.py:150} INFO - [2023-07-12T06:38:03.426+0000] {dag.py:3508} INFO - Setting next_dagrun for example_branch_dop_operator_v3 to 2023-07-12T06:37:00+00:00, run_after=2023-07-12T06:38:00+00:00
[2023-07-12T06:38:03.462+0000] {processor.py:179} INFO - Processing /home/airflow/.local/lib/python3.7/site-packages/airflow/example_dags/example_branch_python_dop_operator_3.py took 0.140 seconds
[2023-07-12T06:38:34.473+0000] {processor.py:157} INFO - Started process (PID=4739) to work on /home/airflow/.local/lib/python3.7/site-packages/airflow/example_dags/example_branch_python_dop_operator_3.py
[2023-07-12T06:38:34.475+0000] {processor.py:826} INFO - Processing file /home/airflow/.local/lib/python3.7/site-packages/airflow/example_dags/example_branch_python_dop_operator_3.py for tasks to queue
[2023-07-12T06:38:34.477+0000] {logging_mixin.py:150} INFO - [2023-07-12T06:38:34.477+0000] {dagbag.py:541} INFO - Filling up the DagBag from /home/airflow/.local/lib/python3.7/site-packages/airflow/example_dags/example_branch_python_dop_operator_3.py
[2023-07-12T06:38:34.491+0000] {processor.py:836} INFO - DAG(s) dict_keys(['example_branch_dop_operator_v3']) retrieved from /home/airflow/.local/lib/python3.7/site-packages/airflow/example_dags/example_branch_python_dop_operator_3.py
[2023-07-12T06:38:34.527+0000] {logging_mixin.py:150} INFO - [2023-07-12T06:38:34.527+0000] {dag.py:2742} INFO - Sync 1 DAGs
[2023-07-12T06:38:34.577+0000] {logging_mixin.py:150} INFO - [2023-07-12T06:38:34.577+0000] {dag.py:3508} INFO - Setting next_dagrun for example_branch_dop_operator_v3 to 2023-07-12T06:37:00+00:00, run_after=2023-07-12T06:38:00+00:00
[2023-07-12T06:38:34.610+0000] {processor.py:179} INFO - Processing /home/airflow/.local/lib/python3.7/site-packages/airflow/example_dags/example_branch_python_dop_operator_3.py took 0.143 seconds
[2023-07-12T06:39:05.019+0000] {processor.py:157} INFO - Started process (PID=4980) to work on /home/airflow/.local/lib/python3.7/site-packages/airflow/example_dags/example_branch_python_dop_operator_3.py
[2023-07-12T06:39:05.022+0000] {processor.py:826} INFO - Processing file /home/airflow/.local/lib/python3.7/site-packages/airflow/example_dags/example_branch_python_dop_operator_3.py for tasks to queue
[2023-07-12T06:39:05.025+0000] {logging_mixin.py:150} INFO - [2023-07-12T06:39:05.025+0000] {dagbag.py:541} INFO - Filling up the DagBag from /home/airflow/.local/lib/python3.7/site-packages/airflow/example_dags/example_branch_python_dop_operator_3.py
[2023-07-12T06:39:05.040+0000] {processor.py:836} INFO - DAG(s) dict_keys(['example_branch_dop_operator_v3']) retrieved from /home/airflow/.local/lib/python3.7/site-packages/airflow/example_dags/example_branch_python_dop_operator_3.py
[2023-07-12T06:39:05.084+0000] {logging_mixin.py:150} INFO - [2023-07-12T06:39:05.084+0000] {dag.py:2742} INFO - Sync 1 DAGs
[2023-07-12T06:39:05.127+0000] {logging_mixin.py:150} INFO - [2023-07-12T06:39:05.127+0000] {dag.py:3508} INFO - Setting next_dagrun for example_branch_dop_operator_v3 to 2023-07-12T06:38:00+00:00, run_after=2023-07-12T06:39:00+00:00
[2023-07-12T06:39:05.158+0000] {processor.py:179} INFO - Processing /home/airflow/.local/lib/python3.7/site-packages/airflow/example_dags/example_branch_python_dop_operator_3.py took 0.144 seconds
[2023-07-12T06:39:35.887+0000] {processor.py:157} INFO - Started process (PID=5221) to work on /home/airflow/.local/lib/python3.7/site-packages/airflow/example_dags/example_branch_python_dop_operator_3.py
[2023-07-12T06:39:35.891+0000] {processor.py:826} INFO - Processing file /home/airflow/.local/lib/python3.7/site-packages/airflow/example_dags/example_branch_python_dop_operator_3.py for tasks to queue
[2023-07-12T06:39:35.895+0000] {logging_mixin.py:150} INFO - [2023-07-12T06:39:35.894+0000] {dagbag.py:541} INFO - Filling up the DagBag from /home/airflow/.local/lib/python3.7/site-packages/airflow/example_dags/example_branch_python_dop_operator_3.py
[2023-07-12T06:39:35.911+0000] {processor.py:836} INFO - DAG(s) dict_keys(['example_branch_dop_operator_v3']) retrieved from /home/airflow/.local/lib/python3.7/site-packages/airflow/example_dags/example_branch_python_dop_operator_3.py
[2023-07-12T06:39:35.953+0000] {logging_mixin.py:150} INFO - [2023-07-12T06:39:35.952+0000] {dag.py:2742} INFO - Sync 1 DAGs
[2023-07-12T06:39:35.991+0000] {logging_mixin.py:150} INFO - [2023-07-12T06:39:35.991+0000] {dag.py:3508} INFO - Setting next_dagrun for example_branch_dop_operator_v3 to 2023-07-12T06:38:00+00:00, run_after=2023-07-12T06:39:00+00:00
[2023-07-12T06:39:36.021+0000] {processor.py:179} INFO - Processing /home/airflow/.local/lib/python3.7/site-packages/airflow/example_dags/example_branch_python_dop_operator_3.py took 0.141 seconds
[2023-07-12T06:40:06.563+0000] {processor.py:157} INFO - Started process (PID=5462) to work on /home/airflow/.local/lib/python3.7/site-packages/airflow/example_dags/example_branch_python_dop_operator_3.py
[2023-07-12T06:40:06.566+0000] {processor.py:826} INFO - Processing file /home/airflow/.local/lib/python3.7/site-packages/airflow/example_dags/example_branch_python_dop_operator_3.py for tasks to queue
[2023-07-12T06:40:06.569+0000] {logging_mixin.py:150} INFO - [2023-07-12T06:40:06.568+0000] {dagbag.py:541} INFO - Filling up the DagBag from /home/airflow/.local/lib/python3.7/site-packages/airflow/example_dags/example_branch_python_dop_operator_3.py
[2023-07-12T06:40:06.584+0000] {processor.py:836} INFO - DAG(s) dict_keys(['example_branch_dop_operator_v3']) retrieved from /home/airflow/.local/lib/python3.7/site-packages/airflow/example_dags/example_branch_python_dop_operator_3.py
[2023-07-12T06:40:06.623+0000] {logging_mixin.py:150} INFO - [2023-07-12T06:40:06.623+0000] {dag.py:2742} INFO - Sync 1 DAGs
[2023-07-12T06:40:06.660+0000] {logging_mixin.py:150} INFO - [2023-07-12T06:40:06.659+0000] {dag.py:3508} INFO - Setting next_dagrun for example_branch_dop_operator_v3 to 2023-07-12T06:39:00+00:00, run_after=2023-07-12T06:40:00+00:00
[2023-07-12T06:40:06.687+0000] {processor.py:179} INFO - Processing /home/airflow/.local/lib/python3.7/site-packages/airflow/example_dags/example_branch_python_dop_operator_3.py took 0.131 seconds
[2023-07-12T06:40:37.222+0000] {processor.py:157} INFO - Started process (PID=5703) to work on /home/airflow/.local/lib/python3.7/site-packages/airflow/example_dags/example_branch_python_dop_operator_3.py
[2023-07-12T06:40:37.225+0000] {processor.py:826} INFO - Processing file /home/airflow/.local/lib/python3.7/site-packages/airflow/example_dags/example_branch_python_dop_operator_3.py for tasks to queue
[2023-07-12T06:40:37.228+0000] {logging_mixin.py:150} INFO - [2023-07-12T06:40:37.228+0000] {dagbag.py:541} INFO - Filling up the DagBag from /home/airflow/.local/lib/python3.7/site-packages/airflow/example_dags/example_branch_python_dop_operator_3.py
[2023-07-12T06:40:37.244+0000] {processor.py:836} INFO - DAG(s) dict_keys(['example_branch_dop_operator_v3']) retrieved from /home/airflow/.local/lib/python3.7/site-packages/airflow/example_dags/example_branch_python_dop_operator_3.py
[2023-07-12T06:40:37.283+0000] {logging_mixin.py:150} INFO - [2023-07-12T06:40:37.283+0000] {dag.py:2742} INFO - Sync 1 DAGs
[2023-07-12T06:40:37.321+0000] {logging_mixin.py:150} INFO - [2023-07-12T06:40:37.321+0000] {dag.py:3508} INFO - Setting next_dagrun for example_branch_dop_operator_v3 to 2023-07-12T06:39:00+00:00, run_after=2023-07-12T06:40:00+00:00
[2023-07-12T06:40:37.353+0000] {processor.py:179} INFO - Processing /home/airflow/.local/lib/python3.7/site-packages/airflow/example_dags/example_branch_python_dop_operator_3.py took 0.137 seconds
[2023-07-12T06:41:07.567+0000] {processor.py:157} INFO - Started process (PID=5944) to work on /home/airflow/.local/lib/python3.7/site-packages/airflow/example_dags/example_branch_python_dop_operator_3.py
[2023-07-12T06:41:07.569+0000] {processor.py:826} INFO - Processing file /home/airflow/.local/lib/python3.7/site-packages/airflow/example_dags/example_branch_python_dop_operator_3.py for tasks to queue
[2023-07-12T06:41:07.571+0000] {logging_mixin.py:150} INFO - [2023-07-12T06:41:07.571+0000] {dagbag.py:541} INFO - Filling up the DagBag from /home/airflow/.local/lib/python3.7/site-packages/airflow/example_dags/example_branch_python_dop_operator_3.py
[2023-07-12T06:41:07.585+0000] {processor.py:836} INFO - DAG(s) dict_keys(['example_branch_dop_operator_v3']) retrieved from /home/airflow/.local/lib/python3.7/site-packages/airflow/example_dags/example_branch_python_dop_operator_3.py
[2023-07-12T06:41:07.623+0000] {logging_mixin.py:150} INFO - [2023-07-12T06:41:07.622+0000] {dag.py:2742} INFO - Sync 1 DAGs
[2023-07-12T06:41:07.661+0000] {logging_mixin.py:150} INFO - [2023-07-12T06:41:07.661+0000] {dag.py:3508} INFO - Setting next_dagrun for example_branch_dop_operator_v3 to 2023-07-12T06:40:00+00:00, run_after=2023-07-12T06:41:00+00:00
[2023-07-12T06:41:07.693+0000] {processor.py:179} INFO - Processing /home/airflow/.local/lib/python3.7/site-packages/airflow/example_dags/example_branch_python_dop_operator_3.py took 0.131 seconds
[2023-07-12T06:41:37.899+0000] {processor.py:157} INFO - Started process (PID=6185) to work on /home/airflow/.local/lib/python3.7/site-packages/airflow/example_dags/example_branch_python_dop_operator_3.py
[2023-07-12T06:41:37.902+0000] {processor.py:826} INFO - Processing file /home/airflow/.local/lib/python3.7/site-packages/airflow/example_dags/example_branch_python_dop_operator_3.py for tasks to queue
[2023-07-12T06:41:37.905+0000] {logging_mixin.py:150} INFO - [2023-07-12T06:41:37.905+0000] {dagbag.py:541} INFO - Filling up the DagBag from /home/airflow/.local/lib/python3.7/site-packages/airflow/example_dags/example_branch_python_dop_operator_3.py
[2023-07-12T06:41:37.920+0000] {processor.py:836} INFO - DAG(s) dict_keys(['example_branch_dop_operator_v3']) retrieved from /home/airflow/.local/lib/python3.7/site-packages/airflow/example_dags/example_branch_python_dop_operator_3.py
[2023-07-12T06:41:37.958+0000] {logging_mixin.py:150} INFO - [2023-07-12T06:41:37.958+0000] {dag.py:2742} INFO - Sync 1 DAGs
[2023-07-12T06:41:37.998+0000] {logging_mixin.py:150} INFO - [2023-07-12T06:41:37.998+0000] {dag.py:3508} INFO - Setting next_dagrun for example_branch_dop_operator_v3 to 2023-07-12T06:40:00+00:00, run_after=2023-07-12T06:41:00+00:00
[2023-07-12T06:41:38.029+0000] {processor.py:179} INFO - Processing /home/airflow/.local/lib/python3.7/site-packages/airflow/example_dags/example_branch_python_dop_operator_3.py took 0.135 seconds
[2023-07-12T06:42:08.392+0000] {processor.py:157} INFO - Started process (PID=6427) to work on /home/airflow/.local/lib/python3.7/site-packages/airflow/example_dags/example_branch_python_dop_operator_3.py
[2023-07-12T06:42:08.395+0000] {processor.py:826} INFO - Processing file /home/airflow/.local/lib/python3.7/site-packages/airflow/example_dags/example_branch_python_dop_operator_3.py for tasks to queue
[2023-07-12T06:42:08.399+0000] {logging_mixin.py:150} INFO - [2023-07-12T06:42:08.398+0000] {dagbag.py:541} INFO - Filling up the DagBag from /home/airflow/.local/lib/python3.7/site-packages/airflow/example_dags/example_branch_python_dop_operator_3.py
[2023-07-12T06:42:08.417+0000] {processor.py:836} INFO - DAG(s) dict_keys(['example_branch_dop_operator_v3']) retrieved from /home/airflow/.local/lib/python3.7/site-packages/airflow/example_dags/example_branch_python_dop_operator_3.py
[2023-07-12T06:42:08.453+0000] {logging_mixin.py:150} INFO - [2023-07-12T06:42:08.452+0000] {dag.py:2742} INFO - Sync 1 DAGs
[2023-07-12T06:42:08.490+0000] {logging_mixin.py:150} INFO - [2023-07-12T06:42:08.490+0000] {dag.py:3508} INFO - Setting next_dagrun for example_branch_dop_operator_v3 to 2023-07-12T06:41:00+00:00, run_after=2023-07-12T06:42:00+00:00
[2023-07-12T06:42:08.527+0000] {processor.py:179} INFO - Processing /home/airflow/.local/lib/python3.7/site-packages/airflow/example_dags/example_branch_python_dop_operator_3.py took 0.142 seconds
[2023-07-12T06:42:38.999+0000] {processor.py:157} INFO - Started process (PID=6668) to work on /home/airflow/.local/lib/python3.7/site-packages/airflow/example_dags/example_branch_python_dop_operator_3.py
[2023-07-12T06:42:39.001+0000] {processor.py:826} INFO - Processing file /home/airflow/.local/lib/python3.7/site-packages/airflow/example_dags/example_branch_python_dop_operator_3.py for tasks to queue
[2023-07-12T06:42:39.004+0000] {logging_mixin.py:150} INFO - [2023-07-12T06:42:39.004+0000] {dagbag.py:541} INFO - Filling up the DagBag from /home/airflow/.local/lib/python3.7/site-packages/airflow/example_dags/example_branch_python_dop_operator_3.py
[2023-07-12T06:42:39.017+0000] {processor.py:836} INFO - DAG(s) dict_keys(['example_branch_dop_operator_v3']) retrieved from /home/airflow/.local/lib/python3.7/site-packages/airflow/example_dags/example_branch_python_dop_operator_3.py
[2023-07-12T06:42:39.055+0000] {logging_mixin.py:150} INFO - [2023-07-12T06:42:39.054+0000] {dag.py:2742} INFO - Sync 1 DAGs
[2023-07-12T06:42:39.093+0000] {logging_mixin.py:150} INFO - [2023-07-12T06:42:39.092+0000] {dag.py:3508} INFO - Setting next_dagrun for example_branch_dop_operator_v3 to 2023-07-12T06:41:00+00:00, run_after=2023-07-12T06:42:00+00:00
[2023-07-12T06:42:39.122+0000] {processor.py:179} INFO - Processing /home/airflow/.local/lib/python3.7/site-packages/airflow/example_dags/example_branch_python_dop_operator_3.py took 0.129 seconds
[2023-07-12T06:43:09.180+0000] {processor.py:157} INFO - Started process (PID=6904) to work on /home/airflow/.local/lib/python3.7/site-packages/airflow/example_dags/example_branch_python_dop_operator_3.py
[2023-07-12T06:43:09.184+0000] {processor.py:826} INFO - Processing file /home/airflow/.local/lib/python3.7/site-packages/airflow/example_dags/example_branch_python_dop_operator_3.py for tasks to queue
[2023-07-12T06:43:09.187+0000] {logging_mixin.py:150} INFO - [2023-07-12T06:43:09.186+0000] {dagbag.py:541} INFO - Filling up the DagBag from /home/airflow/.local/lib/python3.7/site-packages/airflow/example_dags/example_branch_python_dop_operator_3.py
[2023-07-12T06:43:09.201+0000] {processor.py:836} INFO - DAG(s) dict_keys(['example_branch_dop_operator_v3']) retrieved from /home/airflow/.local/lib/python3.7/site-packages/airflow/example_dags/example_branch_python_dop_operator_3.py
[2023-07-12T06:43:09.239+0000] {logging_mixin.py:150} INFO - [2023-07-12T06:43:09.239+0000] {dag.py:2742} INFO - Sync 1 DAGs
[2023-07-12T06:43:09.275+0000] {logging_mixin.py:150} INFO - [2023-07-12T06:43:09.275+0000] {dag.py:3508} INFO - Setting next_dagrun for example_branch_dop_operator_v3 to 2023-07-12T06:42:00+00:00, run_after=2023-07-12T06:43:00+00:00
[2023-07-12T06:43:09.302+0000] {processor.py:179} INFO - Processing /home/airflow/.local/lib/python3.7/site-packages/airflow/example_dags/example_branch_python_dop_operator_3.py took 0.127 seconds
[2023-07-12T06:43:39.554+0000] {processor.py:157} INFO - Started process (PID=7145) to work on /home/airflow/.local/lib/python3.7/site-packages/airflow/example_dags/example_branch_python_dop_operator_3.py
[2023-07-12T06:43:39.556+0000] {processor.py:826} INFO - Processing file /home/airflow/.local/lib/python3.7/site-packages/airflow/example_dags/example_branch_python_dop_operator_3.py for tasks to queue
[2023-07-12T06:43:39.559+0000] {logging_mixin.py:150} INFO - [2023-07-12T06:43:39.559+0000] {dagbag.py:541} INFO - Filling up the DagBag from /home/airflow/.local/lib/python3.7/site-packages/airflow/example_dags/example_branch_python_dop_operator_3.py
[2023-07-12T06:43:39.571+0000] {processor.py:836} INFO - DAG(s) dict_keys(['example_branch_dop_operator_v3']) retrieved from /home/airflow/.local/lib/python3.7/site-packages/airflow/example_dags/example_branch_python_dop_operator_3.py
[2023-07-12T06:43:39.606+0000] {logging_mixin.py:150} INFO - [2023-07-12T06:43:39.606+0000] {dag.py:2742} INFO - Sync 1 DAGs
[2023-07-12T06:43:39.643+0000] {logging_mixin.py:150} INFO - [2023-07-12T06:43:39.643+0000] {dag.py:3508} INFO - Setting next_dagrun for example_branch_dop_operator_v3 to 2023-07-12T06:42:00+00:00, run_after=2023-07-12T06:43:00+00:00
[2023-07-12T06:43:39.670+0000] {processor.py:179} INFO - Processing /home/airflow/.local/lib/python3.7/site-packages/airflow/example_dags/example_branch_python_dop_operator_3.py took 0.121 seconds
[2023-07-12T06:44:09.906+0000] {processor.py:157} INFO - Started process (PID=7386) to work on /home/airflow/.local/lib/python3.7/site-packages/airflow/example_dags/example_branch_python_dop_operator_3.py
[2023-07-12T06:44:09.908+0000] {processor.py:826} INFO - Processing file /home/airflow/.local/lib/python3.7/site-packages/airflow/example_dags/example_branch_python_dop_operator_3.py for tasks to queue
[2023-07-12T06:44:09.910+0000] {logging_mixin.py:150} INFO - [2023-07-12T06:44:09.909+0000] {dagbag.py:541} INFO - Filling up the DagBag from /home/airflow/.local/lib/python3.7/site-packages/airflow/example_dags/example_branch_python_dop_operator_3.py
[2023-07-12T06:44:09.922+0000] {processor.py:836} INFO - DAG(s) dict_keys(['example_branch_dop_operator_v3']) retrieved from /home/airflow/.local/lib/python3.7/site-packages/airflow/example_dags/example_branch_python_dop_operator_3.py
[2023-07-12T06:44:09.958+0000] {logging_mixin.py:150} INFO - [2023-07-12T06:44:09.958+0000] {dag.py:2742} INFO - Sync 1 DAGs
[2023-07-12T06:44:09.996+0000] {logging_mixin.py:150} INFO - [2023-07-12T06:44:09.996+0000] {dag.py:3508} INFO - Setting next_dagrun for example_branch_dop_operator_v3 to 2023-07-12T06:43:00+00:00, run_after=2023-07-12T06:44:00+00:00
[2023-07-12T06:44:10.024+0000] {processor.py:179} INFO - Processing /home/airflow/.local/lib/python3.7/site-packages/airflow/example_dags/example_branch_python_dop_operator_3.py took 0.123 seconds
[2023-07-12T06:44:40.183+0000] {processor.py:157} INFO - Started process (PID=7627) to work on /home/airflow/.local/lib/python3.7/site-packages/airflow/example_dags/example_branch_python_dop_operator_3.py
[2023-07-12T06:44:40.186+0000] {processor.py:826} INFO - Processing file /home/airflow/.local/lib/python3.7/site-packages/airflow/example_dags/example_branch_python_dop_operator_3.py for tasks to queue
[2023-07-12T06:44:40.188+0000] {logging_mixin.py:150} INFO - [2023-07-12T06:44:40.188+0000] {dagbag.py:541} INFO - Filling up the DagBag from /home/airflow/.local/lib/python3.7/site-packages/airflow/example_dags/example_branch_python_dop_operator_3.py
[2023-07-12T06:44:40.200+0000] {processor.py:836} INFO - DAG(s) dict_keys(['example_branch_dop_operator_v3']) retrieved from /home/airflow/.local/lib/python3.7/site-packages/airflow/example_dags/example_branch_python_dop_operator_3.py
[2023-07-12T06:44:40.245+0000] {logging_mixin.py:150} INFO - [2023-07-12T06:44:40.245+0000] {dag.py:2742} INFO - Sync 1 DAGs
[2023-07-12T06:44:40.298+0000] {logging_mixin.py:150} INFO - [2023-07-12T06:44:40.298+0000] {dag.py:3508} INFO - Setting next_dagrun for example_branch_dop_operator_v3 to 2023-07-12T06:43:00+00:00, run_after=2023-07-12T06:44:00+00:00
[2023-07-12T06:44:40.327+0000] {processor.py:179} INFO - Processing /home/airflow/.local/lib/python3.7/site-packages/airflow/example_dags/example_branch_python_dop_operator_3.py took 0.148 seconds
[2023-07-12T06:45:10.794+0000] {processor.py:157} INFO - Started process (PID=7868) to work on /home/airflow/.local/lib/python3.7/site-packages/airflow/example_dags/example_branch_python_dop_operator_3.py
[2023-07-12T06:45:10.797+0000] {processor.py:826} INFO - Processing file /home/airflow/.local/lib/python3.7/site-packages/airflow/example_dags/example_branch_python_dop_operator_3.py for tasks to queue
[2023-07-12T06:45:10.799+0000] {logging_mixin.py:150} INFO - [2023-07-12T06:45:10.799+0000] {dagbag.py:541} INFO - Filling up the DagBag from /home/airflow/.local/lib/python3.7/site-packages/airflow/example_dags/example_branch_python_dop_operator_3.py
[2023-07-12T06:45:10.811+0000] {processor.py:836} INFO - DAG(s) dict_keys(['example_branch_dop_operator_v3']) retrieved from /home/airflow/.local/lib/python3.7/site-packages/airflow/example_dags/example_branch_python_dop_operator_3.py
[2023-07-12T06:45:10.844+0000] {logging_mixin.py:150} INFO - [2023-07-12T06:45:10.844+0000] {dag.py:2742} INFO - Sync 1 DAGs
[2023-07-12T06:45:10.883+0000] {logging_mixin.py:150} INFO - [2023-07-12T06:45:10.883+0000] {dag.py:3508} INFO - Setting next_dagrun for example_branch_dop_operator_v3 to 2023-07-12T06:44:00+00:00, run_after=2023-07-12T06:45:00+00:00
[2023-07-12T06:45:10.912+0000] {processor.py:179} INFO - Processing /home/airflow/.local/lib/python3.7/site-packages/airflow/example_dags/example_branch_python_dop_operator_3.py took 0.123 seconds
[2023-07-12T06:45:41.056+0000] {processor.py:157} INFO - Started process (PID=8109) to work on /home/airflow/.local/lib/python3.7/site-packages/airflow/example_dags/example_branch_python_dop_operator_3.py
[2023-07-12T06:45:41.059+0000] {processor.py:826} INFO - Processing file /home/airflow/.local/lib/python3.7/site-packages/airflow/example_dags/example_branch_python_dop_operator_3.py for tasks to queue
[2023-07-12T06:45:41.061+0000] {logging_mixin.py:150} INFO - [2023-07-12T06:45:41.061+0000] {dagbag.py:541} INFO - Filling up the DagBag from /home/airflow/.local/lib/python3.7/site-packages/airflow/example_dags/example_branch_python_dop_operator_3.py
[2023-07-12T06:45:41.073+0000] {processor.py:836} INFO - DAG(s) dict_keys(['example_branch_dop_operator_v3']) retrieved from /home/airflow/.local/lib/python3.7/site-packages/airflow/example_dags/example_branch_python_dop_operator_3.py
[2023-07-12T06:45:41.109+0000] {logging_mixin.py:150} INFO - [2023-07-12T06:45:41.108+0000] {dag.py:2742} INFO - Sync 1 DAGs
[2023-07-12T06:45:41.147+0000] {logging_mixin.py:150} INFO - [2023-07-12T06:45:41.147+0000] {dag.py:3508} INFO - Setting next_dagrun for example_branch_dop_operator_v3 to 2023-07-12T06:44:00+00:00, run_after=2023-07-12T06:45:00+00:00
[2023-07-12T06:45:41.175+0000] {processor.py:179} INFO - Processing /home/airflow/.local/lib/python3.7/site-packages/airflow/example_dags/example_branch_python_dop_operator_3.py took 0.124 seconds
[2023-07-12T06:46:11.337+0000] {processor.py:157} INFO - Started process (PID=8350) to work on /home/airflow/.local/lib/python3.7/site-packages/airflow/example_dags/example_branch_python_dop_operator_3.py
[2023-07-12T06:46:11.340+0000] {processor.py:826} INFO - Processing file /home/airflow/.local/lib/python3.7/site-packages/airflow/example_dags/example_branch_python_dop_operator_3.py for tasks to queue
[2023-07-12T06:46:11.342+0000] {logging_mixin.py:150} INFO - [2023-07-12T06:46:11.342+0000] {dagbag.py:541} INFO - Filling up the DagBag from /home/airflow/.local/lib/python3.7/site-packages/airflow/example_dags/example_branch_python_dop_operator_3.py
[2023-07-12T06:46:11.354+0000] {processor.py:836} INFO - DAG(s) dict_keys(['example_branch_dop_operator_v3']) retrieved from /home/airflow/.local/lib/python3.7/site-packages/airflow/example_dags/example_branch_python_dop_operator_3.py
[2023-07-12T06:46:11.390+0000] {logging_mixin.py:150} INFO - [2023-07-12T06:46:11.389+0000] {dag.py:2742} INFO - Sync 1 DAGs
[2023-07-12T06:46:11.429+0000] {logging_mixin.py:150} INFO - [2023-07-12T06:46:11.428+0000] {dag.py:3508} INFO - Setting next_dagrun for example_branch_dop_operator_v3 to 2023-07-12T06:45:00+00:00, run_after=2023-07-12T06:46:00+00:00
[2023-07-12T06:46:11.458+0000] {processor.py:179} INFO - Processing /home/airflow/.local/lib/python3.7/site-packages/airflow/example_dags/example_branch_python_dop_operator_3.py took 0.126 seconds
[2023-07-12T06:46:41.690+0000] {processor.py:157} INFO - Started process (PID=8591) to work on /home/airflow/.local/lib/python3.7/site-packages/airflow/example_dags/example_branch_python_dop_operator_3.py
[2023-07-12T06:46:41.692+0000] {processor.py:826} INFO - Processing file /home/airflow/.local/lib/python3.7/site-packages/airflow/example_dags/example_branch_python_dop_operator_3.py for tasks to queue
[2023-07-12T06:46:41.694+0000] {logging_mixin.py:150} INFO - [2023-07-12T06:46:41.694+0000] {dagbag.py:541} INFO - Filling up the DagBag from /home/airflow/.local/lib/python3.7/site-packages/airflow/example_dags/example_branch_python_dop_operator_3.py
[2023-07-12T06:46:41.707+0000] {processor.py:836} INFO - DAG(s) dict_keys(['example_branch_dop_operator_v3']) retrieved from /home/airflow/.local/lib/python3.7/site-packages/airflow/example_dags/example_branch_python_dop_operator_3.py
[2023-07-12T06:46:41.743+0000] {logging_mixin.py:150} INFO - [2023-07-12T06:46:41.742+0000] {dag.py:2742} INFO - Sync 1 DAGs
[2023-07-12T06:46:41.782+0000] {logging_mixin.py:150} INFO - [2023-07-12T06:46:41.781+0000] {dag.py:3508} INFO - Setting next_dagrun for example_branch_dop_operator_v3 to 2023-07-12T06:45:00+00:00, run_after=2023-07-12T06:46:00+00:00
[2023-07-12T06:46:41.809+0000] {processor.py:179} INFO - Processing /home/airflow/.local/lib/python3.7/site-packages/airflow/example_dags/example_branch_python_dop_operator_3.py took 0.124 seconds
[2023-07-12T06:47:12.238+0000] {processor.py:157} INFO - Started process (PID=8831) to work on /home/airflow/.local/lib/python3.7/site-packages/airflow/example_dags/example_branch_python_dop_operator_3.py
[2023-07-12T06:47:12.240+0000] {processor.py:826} INFO - Processing file /home/airflow/.local/lib/python3.7/site-packages/airflow/example_dags/example_branch_python_dop_operator_3.py for tasks to queue
[2023-07-12T06:47:12.244+0000] {logging_mixin.py:150} INFO - [2023-07-12T06:47:12.243+0000] {dagbag.py:541} INFO - Filling up the DagBag from /home/airflow/.local/lib/python3.7/site-packages/airflow/example_dags/example_branch_python_dop_operator_3.py
[2023-07-12T06:47:12.255+0000] {processor.py:836} INFO - DAG(s) dict_keys(['example_branch_dop_operator_v3']) retrieved from /home/airflow/.local/lib/python3.7/site-packages/airflow/example_dags/example_branch_python_dop_operator_3.py
[2023-07-12T06:47:12.291+0000] {logging_mixin.py:150} INFO - [2023-07-12T06:47:12.291+0000] {dag.py:2742} INFO - Sync 1 DAGs
[2023-07-12T06:47:12.329+0000] {logging_mixin.py:150} INFO - [2023-07-12T06:47:12.329+0000] {dag.py:3508} INFO - Setting next_dagrun for example_branch_dop_operator_v3 to 2023-07-12T06:46:00+00:00, run_after=2023-07-12T06:47:00+00:00
[2023-07-12T06:47:12.361+0000] {processor.py:179} INFO - Processing /home/airflow/.local/lib/python3.7/site-packages/airflow/example_dags/example_branch_python_dop_operator_3.py took 0.128 seconds
[2023-07-12T06:47:43.162+0000] {processor.py:157} INFO - Started process (PID=9071) to work on /home/airflow/.local/lib/python3.7/site-packages/airflow/example_dags/example_branch_python_dop_operator_3.py
[2023-07-12T06:47:43.165+0000] {processor.py:826} INFO - Processing file /home/airflow/.local/lib/python3.7/site-packages/airflow/example_dags/example_branch_python_dop_operator_3.py for tasks to queue
[2023-07-12T06:47:43.168+0000] {logging_mixin.py:150} INFO - [2023-07-12T06:47:43.168+0000] {dagbag.py:541} INFO - Filling up the DagBag from /home/airflow/.local/lib/python3.7/site-packages/airflow/example_dags/example_branch_python_dop_operator_3.py
[2023-07-12T06:47:43.183+0000] {processor.py:836} INFO - DAG(s) dict_keys(['example_branch_dop_operator_v3']) retrieved from /home/airflow/.local/lib/python3.7/site-packages/airflow/example_dags/example_branch_python_dop_operator_3.py
[2023-07-12T06:47:43.225+0000] {logging_mixin.py:150} INFO - [2023-07-12T06:47:43.225+0000] {dag.py:2742} INFO - Sync 1 DAGs
[2023-07-12T06:47:43.271+0000] {logging_mixin.py:150} INFO - [2023-07-12T06:47:43.270+0000] {dag.py:3508} INFO - Setting next_dagrun for example_branch_dop_operator_v3 to 2023-07-12T06:46:00+00:00, run_after=2023-07-12T06:47:00+00:00
[2023-07-12T06:47:43.306+0000] {processor.py:179} INFO - Processing /home/airflow/.local/lib/python3.7/site-packages/airflow/example_dags/example_branch_python_dop_operator_3.py took 0.150 seconds
[2023-07-12T06:48:13.899+0000] {processor.py:157} INFO - Started process (PID=9312) to work on /home/airflow/.local/lib/python3.7/site-packages/airflow/example_dags/example_branch_python_dop_operator_3.py
[2023-07-12T06:48:13.902+0000] {processor.py:826} INFO - Processing file /home/airflow/.local/lib/python3.7/site-packages/airflow/example_dags/example_branch_python_dop_operator_3.py for tasks to queue
[2023-07-12T06:48:13.904+0000] {logging_mixin.py:150} INFO - [2023-07-12T06:48:13.904+0000] {dagbag.py:541} INFO - Filling up the DagBag from /home/airflow/.local/lib/python3.7/site-packages/airflow/example_dags/example_branch_python_dop_operator_3.py
[2023-07-12T06:48:13.917+0000] {processor.py:836} INFO - DAG(s) dict_keys(['example_branch_dop_operator_v3']) retrieved from /home/airflow/.local/lib/python3.7/site-packages/airflow/example_dags/example_branch_python_dop_operator_3.py
[2023-07-12T06:48:13.954+0000] {logging_mixin.py:150} INFO - [2023-07-12T06:48:13.954+0000] {dag.py:2742} INFO - Sync 1 DAGs
[2023-07-12T06:48:13.997+0000] {logging_mixin.py:150} INFO - [2023-07-12T06:48:13.996+0000] {dag.py:3508} INFO - Setting next_dagrun for example_branch_dop_operator_v3 to 2023-07-12T06:47:00+00:00, run_after=2023-07-12T06:48:00+00:00
[2023-07-12T06:48:14.029+0000] {processor.py:179} INFO - Processing /home/airflow/.local/lib/python3.7/site-packages/airflow/example_dags/example_branch_python_dop_operator_3.py took 0.136 seconds
[2023-07-12T06:48:44.424+0000] {processor.py:157} INFO - Started process (PID=9553) to work on /home/airflow/.local/lib/python3.7/site-packages/airflow/example_dags/example_branch_python_dop_operator_3.py
[2023-07-12T06:48:44.427+0000] {processor.py:826} INFO - Processing file /home/airflow/.local/lib/python3.7/site-packages/airflow/example_dags/example_branch_python_dop_operator_3.py for tasks to queue
[2023-07-12T06:48:44.431+0000] {logging_mixin.py:150} INFO - [2023-07-12T06:48:44.430+0000] {dagbag.py:541} INFO - Filling up the DagBag from /home/airflow/.local/lib/python3.7/site-packages/airflow/example_dags/example_branch_python_dop_operator_3.py
[2023-07-12T06:48:44.452+0000] {processor.py:836} INFO - DAG(s) dict_keys(['example_branch_dop_operator_v3']) retrieved from /home/airflow/.local/lib/python3.7/site-packages/airflow/example_dags/example_branch_python_dop_operator_3.py
[2023-07-12T06:48:44.504+0000] {logging_mixin.py:150} INFO - [2023-07-12T06:48:44.504+0000] {dag.py:2742} INFO - Sync 1 DAGs
[2023-07-12T06:48:44.568+0000] {logging_mixin.py:150} INFO - [2023-07-12T06:48:44.568+0000] {dag.py:3508} INFO - Setting next_dagrun for example_branch_dop_operator_v3 to 2023-07-12T06:47:00+00:00, run_after=2023-07-12T06:48:00+00:00
[2023-07-12T06:48:44.622+0000] {processor.py:179} INFO - Processing /home/airflow/.local/lib/python3.7/site-packages/airflow/example_dags/example_branch_python_dop_operator_3.py took 0.204 seconds
[2023-07-12T06:49:14.858+0000] {processor.py:157} INFO - Started process (PID=9794) to work on /home/airflow/.local/lib/python3.7/site-packages/airflow/example_dags/example_branch_python_dop_operator_3.py
[2023-07-12T06:49:14.861+0000] {processor.py:826} INFO - Processing file /home/airflow/.local/lib/python3.7/site-packages/airflow/example_dags/example_branch_python_dop_operator_3.py for tasks to queue
[2023-07-12T06:49:14.865+0000] {logging_mixin.py:150} INFO - [2023-07-12T06:49:14.865+0000] {dagbag.py:541} INFO - Filling up the DagBag from /home/airflow/.local/lib/python3.7/site-packages/airflow/example_dags/example_branch_python_dop_operator_3.py
[2023-07-12T06:49:14.884+0000] {processor.py:836} INFO - DAG(s) dict_keys(['example_branch_dop_operator_v3']) retrieved from /home/airflow/.local/lib/python3.7/site-packages/airflow/example_dags/example_branch_python_dop_operator_3.py
[2023-07-12T06:49:14.936+0000] {logging_mixin.py:150} INFO - [2023-07-12T06:49:14.935+0000] {dag.py:2742} INFO - Sync 1 DAGs
[2023-07-12T06:49:14.988+0000] {logging_mixin.py:150} INFO - [2023-07-12T06:49:14.988+0000] {dag.py:3508} INFO - Setting next_dagrun for example_branch_dop_operator_v3 to 2023-07-12T06:48:00+00:00, run_after=2023-07-12T06:49:00+00:00
[2023-07-12T06:49:15.031+0000] {processor.py:179} INFO - Processing /home/airflow/.local/lib/python3.7/site-packages/airflow/example_dags/example_branch_python_dop_operator_3.py took 0.180 seconds
[2023-07-12T06:49:45.825+0000] {processor.py:157} INFO - Started process (PID=10035) to work on /home/airflow/.local/lib/python3.7/site-packages/airflow/example_dags/example_branch_python_dop_operator_3.py
[2023-07-12T06:49:45.827+0000] {processor.py:826} INFO - Processing file /home/airflow/.local/lib/python3.7/site-packages/airflow/example_dags/example_branch_python_dop_operator_3.py for tasks to queue
[2023-07-12T06:49:45.830+0000] {logging_mixin.py:150} INFO - [2023-07-12T06:49:45.830+0000] {dagbag.py:541} INFO - Filling up the DagBag from /home/airflow/.local/lib/python3.7/site-packages/airflow/example_dags/example_branch_python_dop_operator_3.py
[2023-07-12T06:49:45.843+0000] {processor.py:836} INFO - DAG(s) dict_keys(['example_branch_dop_operator_v3']) retrieved from /home/airflow/.local/lib/python3.7/site-packages/airflow/example_dags/example_branch_python_dop_operator_3.py
[2023-07-12T06:49:45.883+0000] {logging_mixin.py:150} INFO - [2023-07-12T06:49:45.883+0000] {dag.py:2742} INFO - Sync 1 DAGs
[2023-07-12T06:49:45.925+0000] {logging_mixin.py:150} INFO - [2023-07-12T06:49:45.924+0000] {dag.py:3508} INFO - Setting next_dagrun for example_branch_dop_operator_v3 to 2023-07-12T06:48:00+00:00, run_after=2023-07-12T06:49:00+00:00
[2023-07-12T06:49:45.957+0000] {processor.py:179} INFO - Processing /home/airflow/.local/lib/python3.7/site-packages/airflow/example_dags/example_branch_python_dop_operator_3.py took 0.138 seconds
[2023-07-12T06:50:16.468+0000] {processor.py:157} INFO - Started process (PID=10276) to work on /home/airflow/.local/lib/python3.7/site-packages/airflow/example_dags/example_branch_python_dop_operator_3.py
[2023-07-12T06:50:16.471+0000] {processor.py:826} INFO - Processing file /home/airflow/.local/lib/python3.7/site-packages/airflow/example_dags/example_branch_python_dop_operator_3.py for tasks to queue
[2023-07-12T06:50:16.474+0000] {logging_mixin.py:150} INFO - [2023-07-12T06:50:16.473+0000] {dagbag.py:541} INFO - Filling up the DagBag from /home/airflow/.local/lib/python3.7/site-packages/airflow/example_dags/example_branch_python_dop_operator_3.py
[2023-07-12T06:50:16.486+0000] {processor.py:836} INFO - DAG(s) dict_keys(['example_branch_dop_operator_v3']) retrieved from /home/airflow/.local/lib/python3.7/site-packages/airflow/example_dags/example_branch_python_dop_operator_3.py
[2023-07-12T06:50:16.583+0000] {logging_mixin.py:150} INFO - [2023-07-12T06:50:16.583+0000] {dag.py:2742} INFO - Sync 1 DAGs
[2023-07-12T06:50:16.628+0000] {logging_mixin.py:150} INFO - [2023-07-12T06:50:16.627+0000] {dag.py:3508} INFO - Setting next_dagrun for example_branch_dop_operator_v3 to 2023-07-12T06:49:00+00:00, run_after=2023-07-12T06:50:00+00:00
[2023-07-12T06:50:16.662+0000] {processor.py:179} INFO - Processing /home/airflow/.local/lib/python3.7/site-packages/airflow/example_dags/example_branch_python_dop_operator_3.py took 0.199 seconds
