[2023-07-12T06:29:21.174+0000] {processor.py:157} INFO - Started process (PID=304) to work on /home/airflow/.local/lib/python3.7/site-packages/airflow/example_dags/example_latest_only.py
[2023-07-12T06:29:21.178+0000] {processor.py:826} INFO - Processing file /home/airflow/.local/lib/python3.7/site-packages/airflow/example_dags/example_latest_only.py for tasks to queue
[2023-07-12T06:29:21.183+0000] {logging_mixin.py:150} INFO - [2023-07-12T06:29:21.182+0000] {dagbag.py:541} INFO - Filling up the DagBag from /home/airflow/.local/lib/python3.7/site-packages/airflow/example_dags/example_latest_only.py
[2023-07-12T06:29:21.201+0000] {processor.py:836} INFO - DAG(s) dict_keys(['latest_only']) retrieved from /home/airflow/.local/lib/python3.7/site-packages/airflow/example_dags/example_latest_only.py
[2023-07-12T06:29:21.274+0000] {logging_mixin.py:150} INFO - [2023-07-12T06:29:21.273+0000] {dag.py:2742} INFO - Sync 1 DAGs
[2023-07-12T06:29:21.319+0000] {logging_mixin.py:150} INFO - [2023-07-12T06:29:21.318+0000] {dag.py:3508} INFO - Setting next_dagrun for latest_only to 2023-07-12T02:29:21.317660+00:00, run_after=2023-07-12T06:29:21.317660+00:00
[2023-07-12T06:29:21.363+0000] {processor.py:179} INFO - Processing /home/airflow/.local/lib/python3.7/site-packages/airflow/example_dags/example_latest_only.py took 0.197 seconds
[2023-07-12T06:29:51.429+0000] {processor.py:157} INFO - Started process (PID=544) to work on /home/airflow/.local/lib/python3.7/site-packages/airflow/example_dags/example_latest_only.py
[2023-07-12T06:29:51.432+0000] {processor.py:826} INFO - Processing file /home/airflow/.local/lib/python3.7/site-packages/airflow/example_dags/example_latest_only.py for tasks to queue
[2023-07-12T06:29:51.438+0000] {logging_mixin.py:150} INFO - [2023-07-12T06:29:51.437+0000] {dagbag.py:541} INFO - Filling up the DagBag from /home/airflow/.local/lib/python3.7/site-packages/airflow/example_dags/example_latest_only.py
[2023-07-12T06:29:51.452+0000] {processor.py:836} INFO - DAG(s) dict_keys(['latest_only']) retrieved from /home/airflow/.local/lib/python3.7/site-packages/airflow/example_dags/example_latest_only.py
[2023-07-12T06:29:51.513+0000] {logging_mixin.py:150} INFO - [2023-07-12T06:29:51.513+0000] {dag.py:2742} INFO - Sync 1 DAGs
[2023-07-12T06:29:51.573+0000] {logging_mixin.py:150} INFO - [2023-07-12T06:29:51.572+0000] {dag.py:3508} INFO - Setting next_dagrun for latest_only to 2023-07-12T02:29:51.572628+00:00, run_after=2023-07-12T06:29:51.572628+00:00
[2023-07-12T06:29:51.607+0000] {processor.py:179} INFO - Processing /home/airflow/.local/lib/python3.7/site-packages/airflow/example_dags/example_latest_only.py took 0.183 seconds
[2023-07-12T06:30:21.984+0000] {processor.py:157} INFO - Started process (PID=785) to work on /home/airflow/.local/lib/python3.7/site-packages/airflow/example_dags/example_latest_only.py
[2023-07-12T06:30:21.989+0000] {processor.py:826} INFO - Processing file /home/airflow/.local/lib/python3.7/site-packages/airflow/example_dags/example_latest_only.py for tasks to queue
[2023-07-12T06:30:21.993+0000] {logging_mixin.py:150} INFO - [2023-07-12T06:30:21.992+0000] {dagbag.py:541} INFO - Filling up the DagBag from /home/airflow/.local/lib/python3.7/site-packages/airflow/example_dags/example_latest_only.py
[2023-07-12T06:30:22.013+0000] {processor.py:836} INFO - DAG(s) dict_keys(['latest_only']) retrieved from /home/airflow/.local/lib/python3.7/site-packages/airflow/example_dags/example_latest_only.py
[2023-07-12T06:30:22.079+0000] {logging_mixin.py:150} INFO - [2023-07-12T06:30:22.079+0000] {dag.py:2742} INFO - Sync 1 DAGs
[2023-07-12T06:30:22.134+0000] {logging_mixin.py:150} INFO - [2023-07-12T06:30:22.133+0000] {dag.py:3508} INFO - Setting next_dagrun for latest_only to 2023-07-12T02:30:22.133367+00:00, run_after=2023-07-12T06:30:22.133367+00:00
[2023-07-12T06:30:22.170+0000] {processor.py:179} INFO - Processing /home/airflow/.local/lib/python3.7/site-packages/airflow/example_dags/example_latest_only.py took 0.194 seconds
[2023-07-12T06:30:52.448+0000] {processor.py:157} INFO - Started process (PID=1026) to work on /home/airflow/.local/lib/python3.7/site-packages/airflow/example_dags/example_latest_only.py
[2023-07-12T06:30:52.454+0000] {processor.py:826} INFO - Processing file /home/airflow/.local/lib/python3.7/site-packages/airflow/example_dags/example_latest_only.py for tasks to queue
[2023-07-12T06:30:52.457+0000] {logging_mixin.py:150} INFO - [2023-07-12T06:30:52.457+0000] {dagbag.py:541} INFO - Filling up the DagBag from /home/airflow/.local/lib/python3.7/site-packages/airflow/example_dags/example_latest_only.py
[2023-07-12T06:30:52.472+0000] {processor.py:836} INFO - DAG(s) dict_keys(['latest_only']) retrieved from /home/airflow/.local/lib/python3.7/site-packages/airflow/example_dags/example_latest_only.py
[2023-07-12T06:30:52.514+0000] {logging_mixin.py:150} INFO - [2023-07-12T06:30:52.513+0000] {dag.py:2742} INFO - Sync 1 DAGs
[2023-07-12T06:30:52.556+0000] {logging_mixin.py:150} INFO - [2023-07-12T06:30:52.555+0000] {dag.py:3508} INFO - Setting next_dagrun for latest_only to 2023-07-12T02:30:52.555275+00:00, run_after=2023-07-12T06:30:52.555275+00:00
[2023-07-12T06:30:52.599+0000] {processor.py:179} INFO - Processing /home/airflow/.local/lib/python3.7/site-packages/airflow/example_dags/example_latest_only.py took 0.158 seconds
[2023-07-12T06:31:23.288+0000] {processor.py:157} INFO - Started process (PID=1309) to work on /home/airflow/.local/lib/python3.7/site-packages/airflow/example_dags/example_latest_only.py
[2023-07-12T06:31:23.293+0000] {processor.py:826} INFO - Processing file /home/airflow/.local/lib/python3.7/site-packages/airflow/example_dags/example_latest_only.py for tasks to queue
[2023-07-12T06:31:23.297+0000] {logging_mixin.py:150} INFO - [2023-07-12T06:31:23.296+0000] {dagbag.py:541} INFO - Filling up the DagBag from /home/airflow/.local/lib/python3.7/site-packages/airflow/example_dags/example_latest_only.py
[2023-07-12T06:31:23.312+0000] {processor.py:836} INFO - DAG(s) dict_keys(['latest_only']) retrieved from /home/airflow/.local/lib/python3.7/site-packages/airflow/example_dags/example_latest_only.py
[2023-07-12T06:31:23.359+0000] {logging_mixin.py:150} INFO - [2023-07-12T06:31:23.358+0000] {dag.py:2742} INFO - Sync 1 DAGs
[2023-07-12T06:31:23.401+0000] {logging_mixin.py:150} INFO - [2023-07-12T06:31:23.400+0000] {dag.py:3508} INFO - Setting next_dagrun for latest_only to 2023-07-12T02:31:23.399803+00:00, run_after=2023-07-12T06:31:23.399803+00:00
[2023-07-12T06:31:23.442+0000] {processor.py:179} INFO - Processing /home/airflow/.local/lib/python3.7/site-packages/airflow/example_dags/example_latest_only.py took 0.162 seconds
[2023-07-12T06:31:53.686+0000] {processor.py:157} INFO - Started process (PID=1547) to work on /home/airflow/.local/lib/python3.7/site-packages/airflow/example_dags/example_latest_only.py
[2023-07-12T06:31:53.689+0000] {processor.py:826} INFO - Processing file /home/airflow/.local/lib/python3.7/site-packages/airflow/example_dags/example_latest_only.py for tasks to queue
[2023-07-12T06:31:53.691+0000] {logging_mixin.py:150} INFO - [2023-07-12T06:31:53.691+0000] {dagbag.py:541} INFO - Filling up the DagBag from /home/airflow/.local/lib/python3.7/site-packages/airflow/example_dags/example_latest_only.py
[2023-07-12T06:31:53.703+0000] {processor.py:836} INFO - DAG(s) dict_keys(['latest_only']) retrieved from /home/airflow/.local/lib/python3.7/site-packages/airflow/example_dags/example_latest_only.py
[2023-07-12T06:31:53.742+0000] {logging_mixin.py:150} INFO - [2023-07-12T06:31:53.742+0000] {dag.py:2742} INFO - Sync 1 DAGs
[2023-07-12T06:31:53.777+0000] {logging_mixin.py:150} INFO - [2023-07-12T06:31:53.777+0000] {dag.py:3508} INFO - Setting next_dagrun for latest_only to 2023-07-12T02:31:53.777150+00:00, run_after=2023-07-12T06:31:53.777150+00:00
[2023-07-12T06:31:53.807+0000] {processor.py:179} INFO - Processing /home/airflow/.local/lib/python3.7/site-packages/airflow/example_dags/example_latest_only.py took 0.126 seconds
[2023-07-12T06:32:23.955+0000] {processor.py:157} INFO - Started process (PID=1788) to work on /home/airflow/.local/lib/python3.7/site-packages/airflow/example_dags/example_latest_only.py
[2023-07-12T06:32:23.959+0000] {processor.py:826} INFO - Processing file /home/airflow/.local/lib/python3.7/site-packages/airflow/example_dags/example_latest_only.py for tasks to queue
[2023-07-12T06:32:23.962+0000] {logging_mixin.py:150} INFO - [2023-07-12T06:32:23.962+0000] {dagbag.py:541} INFO - Filling up the DagBag from /home/airflow/.local/lib/python3.7/site-packages/airflow/example_dags/example_latest_only.py
[2023-07-12T06:32:23.976+0000] {processor.py:836} INFO - DAG(s) dict_keys(['latest_only']) retrieved from /home/airflow/.local/lib/python3.7/site-packages/airflow/example_dags/example_latest_only.py
[2023-07-12T06:32:24.019+0000] {logging_mixin.py:150} INFO - [2023-07-12T06:32:24.019+0000] {dag.py:2742} INFO - Sync 1 DAGs
[2023-07-12T06:32:24.057+0000] {logging_mixin.py:150} INFO - [2023-07-12T06:32:24.056+0000] {dag.py:3508} INFO - Setting next_dagrun for latest_only to 2023-07-12T02:32:24.056349+00:00, run_after=2023-07-12T06:32:24.056349+00:00
[2023-07-12T06:32:24.093+0000] {processor.py:179} INFO - Processing /home/airflow/.local/lib/python3.7/site-packages/airflow/example_dags/example_latest_only.py took 0.146 seconds
[2023-07-12T06:32:54.727+0000] {processor.py:157} INFO - Started process (PID=2029) to work on /home/airflow/.local/lib/python3.7/site-packages/airflow/example_dags/example_latest_only.py
[2023-07-12T06:32:54.730+0000] {processor.py:826} INFO - Processing file /home/airflow/.local/lib/python3.7/site-packages/airflow/example_dags/example_latest_only.py for tasks to queue
[2023-07-12T06:32:54.734+0000] {logging_mixin.py:150} INFO - [2023-07-12T06:32:54.733+0000] {dagbag.py:541} INFO - Filling up the DagBag from /home/airflow/.local/lib/python3.7/site-packages/airflow/example_dags/example_latest_only.py
[2023-07-12T06:32:54.745+0000] {processor.py:836} INFO - DAG(s) dict_keys(['latest_only']) retrieved from /home/airflow/.local/lib/python3.7/site-packages/airflow/example_dags/example_latest_only.py
[2023-07-12T06:32:54.786+0000] {logging_mixin.py:150} INFO - [2023-07-12T06:32:54.786+0000] {dag.py:2742} INFO - Sync 1 DAGs
[2023-07-12T06:32:54.826+0000] {logging_mixin.py:150} INFO - [2023-07-12T06:32:54.825+0000] {dag.py:3508} INFO - Setting next_dagrun for latest_only to 2023-07-12T02:32:54.825483+00:00, run_after=2023-07-12T06:32:54.825483+00:00
[2023-07-12T06:32:54.861+0000] {processor.py:179} INFO - Processing /home/airflow/.local/lib/python3.7/site-packages/airflow/example_dags/example_latest_only.py took 0.140 seconds
[2023-07-12T06:33:24.967+0000] {processor.py:157} INFO - Started process (PID=2270) to work on /home/airflow/.local/lib/python3.7/site-packages/airflow/example_dags/example_latest_only.py
[2023-07-12T06:33:24.969+0000] {processor.py:826} INFO - Processing file /home/airflow/.local/lib/python3.7/site-packages/airflow/example_dags/example_latest_only.py for tasks to queue
[2023-07-12T06:33:24.972+0000] {logging_mixin.py:150} INFO - [2023-07-12T06:33:24.972+0000] {dagbag.py:541} INFO - Filling up the DagBag from /home/airflow/.local/lib/python3.7/site-packages/airflow/example_dags/example_latest_only.py
[2023-07-12T06:33:24.988+0000] {processor.py:836} INFO - DAG(s) dict_keys(['latest_only']) retrieved from /home/airflow/.local/lib/python3.7/site-packages/airflow/example_dags/example_latest_only.py
[2023-07-12T06:33:25.025+0000] {logging_mixin.py:150} INFO - [2023-07-12T06:33:25.025+0000] {dag.py:2742} INFO - Sync 1 DAGs
[2023-07-12T06:33:25.061+0000] {logging_mixin.py:150} INFO - [2023-07-12T06:33:25.060+0000] {dag.py:3508} INFO - Setting next_dagrun for latest_only to 2023-07-12T02:33:25.060611+00:00, run_after=2023-07-12T06:33:25.060611+00:00
[2023-07-12T06:33:25.098+0000] {processor.py:179} INFO - Processing /home/airflow/.local/lib/python3.7/site-packages/airflow/example_dags/example_latest_only.py took 0.137 seconds
[2023-07-12T06:33:55.597+0000] {processor.py:157} INFO - Started process (PID=2511) to work on /home/airflow/.local/lib/python3.7/site-packages/airflow/example_dags/example_latest_only.py
[2023-07-12T06:33:55.606+0000] {processor.py:826} INFO - Processing file /home/airflow/.local/lib/python3.7/site-packages/airflow/example_dags/example_latest_only.py for tasks to queue
[2023-07-12T06:33:55.610+0000] {logging_mixin.py:150} INFO - [2023-07-12T06:33:55.609+0000] {dagbag.py:541} INFO - Filling up the DagBag from /home/airflow/.local/lib/python3.7/site-packages/airflow/example_dags/example_latest_only.py
[2023-07-12T06:33:55.621+0000] {processor.py:836} INFO - DAG(s) dict_keys(['latest_only']) retrieved from /home/airflow/.local/lib/python3.7/site-packages/airflow/example_dags/example_latest_only.py
[2023-07-12T06:33:55.664+0000] {logging_mixin.py:150} INFO - [2023-07-12T06:33:55.664+0000] {dag.py:2742} INFO - Sync 1 DAGs
[2023-07-12T06:33:55.701+0000] {logging_mixin.py:150} INFO - [2023-07-12T06:33:55.701+0000] {dag.py:3508} INFO - Setting next_dagrun for latest_only to 2023-07-12T02:33:55.701159+00:00, run_after=2023-07-12T06:33:55.701159+00:00
[2023-07-12T06:33:55.735+0000] {processor.py:179} INFO - Processing /home/airflow/.local/lib/python3.7/site-packages/airflow/example_dags/example_latest_only.py took 0.145 seconds
[2023-07-12T06:34:26.131+0000] {processor.py:157} INFO - Started process (PID=2752) to work on /home/airflow/.local/lib/python3.7/site-packages/airflow/example_dags/example_latest_only.py
[2023-07-12T06:34:26.134+0000] {processor.py:826} INFO - Processing file /home/airflow/.local/lib/python3.7/site-packages/airflow/example_dags/example_latest_only.py for tasks to queue
[2023-07-12T06:34:26.139+0000] {logging_mixin.py:150} INFO - [2023-07-12T06:34:26.138+0000] {dagbag.py:541} INFO - Filling up the DagBag from /home/airflow/.local/lib/python3.7/site-packages/airflow/example_dags/example_latest_only.py
[2023-07-12T06:34:26.155+0000] {processor.py:836} INFO - DAG(s) dict_keys(['latest_only']) retrieved from /home/airflow/.local/lib/python3.7/site-packages/airflow/example_dags/example_latest_only.py
[2023-07-12T06:34:26.206+0000] {logging_mixin.py:150} INFO - [2023-07-12T06:34:26.206+0000] {dag.py:2742} INFO - Sync 1 DAGs
[2023-07-12T06:34:26.259+0000] {logging_mixin.py:150} INFO - [2023-07-12T06:34:26.259+0000] {dag.py:3508} INFO - Setting next_dagrun for latest_only to 2023-07-12T02:34:26.258854+00:00, run_after=2023-07-12T06:34:26.258854+00:00
[2023-07-12T06:34:26.312+0000] {processor.py:179} INFO - Processing /home/airflow/.local/lib/python3.7/site-packages/airflow/example_dags/example_latest_only.py took 0.188 seconds
[2023-07-12T06:34:57.098+0000] {processor.py:157} INFO - Started process (PID=2993) to work on /home/airflow/.local/lib/python3.7/site-packages/airflow/example_dags/example_latest_only.py
[2023-07-12T06:34:57.100+0000] {processor.py:826} INFO - Processing file /home/airflow/.local/lib/python3.7/site-packages/airflow/example_dags/example_latest_only.py for tasks to queue
[2023-07-12T06:34:57.103+0000] {logging_mixin.py:150} INFO - [2023-07-12T06:34:57.102+0000] {dagbag.py:541} INFO - Filling up the DagBag from /home/airflow/.local/lib/python3.7/site-packages/airflow/example_dags/example_latest_only.py
[2023-07-12T06:34:57.116+0000] {processor.py:836} INFO - DAG(s) dict_keys(['latest_only']) retrieved from /home/airflow/.local/lib/python3.7/site-packages/airflow/example_dags/example_latest_only.py
[2023-07-12T06:34:57.164+0000] {logging_mixin.py:150} INFO - [2023-07-12T06:34:57.164+0000] {dag.py:2742} INFO - Sync 1 DAGs
[2023-07-12T06:34:57.207+0000] {logging_mixin.py:150} INFO - [2023-07-12T06:34:57.206+0000] {dag.py:3508} INFO - Setting next_dagrun for latest_only to 2023-07-12T02:34:57.206162+00:00, run_after=2023-07-12T06:34:57.206162+00:00
[2023-07-12T06:34:57.239+0000] {processor.py:179} INFO - Processing /home/airflow/.local/lib/python3.7/site-packages/airflow/example_dags/example_latest_only.py took 0.149 seconds
[2023-07-12T06:35:27.422+0000] {processor.py:157} INFO - Started process (PID=3234) to work on /home/airflow/.local/lib/python3.7/site-packages/airflow/example_dags/example_latest_only.py
[2023-07-12T06:35:27.426+0000] {processor.py:826} INFO - Processing file /home/airflow/.local/lib/python3.7/site-packages/airflow/example_dags/example_latest_only.py for tasks to queue
[2023-07-12T06:35:27.432+0000] {logging_mixin.py:150} INFO - [2023-07-12T06:35:27.431+0000] {dagbag.py:541} INFO - Filling up the DagBag from /home/airflow/.local/lib/python3.7/site-packages/airflow/example_dags/example_latest_only.py
[2023-07-12T06:35:27.445+0000] {processor.py:836} INFO - DAG(s) dict_keys(['latest_only']) retrieved from /home/airflow/.local/lib/python3.7/site-packages/airflow/example_dags/example_latest_only.py
[2023-07-12T06:35:27.493+0000] {logging_mixin.py:150} INFO - [2023-07-12T06:35:27.492+0000] {dag.py:2742} INFO - Sync 1 DAGs
[2023-07-12T06:35:27.531+0000] {logging_mixin.py:150} INFO - [2023-07-12T06:35:27.531+0000] {dag.py:3508} INFO - Setting next_dagrun for latest_only to 2023-07-12T02:35:27.530937+00:00, run_after=2023-07-12T06:35:27.530937+00:00
[2023-07-12T06:35:27.565+0000] {processor.py:179} INFO - Processing /home/airflow/.local/lib/python3.7/site-packages/airflow/example_dags/example_latest_only.py took 0.153 seconds
[2023-07-12T06:35:58.452+0000] {processor.py:157} INFO - Started process (PID=3475) to work on /home/airflow/.local/lib/python3.7/site-packages/airflow/example_dags/example_latest_only.py
[2023-07-12T06:35:58.453+0000] {processor.py:826} INFO - Processing file /home/airflow/.local/lib/python3.7/site-packages/airflow/example_dags/example_latest_only.py for tasks to queue
[2023-07-12T06:35:58.455+0000] {logging_mixin.py:150} INFO - [2023-07-12T06:35:58.455+0000] {dagbag.py:541} INFO - Filling up the DagBag from /home/airflow/.local/lib/python3.7/site-packages/airflow/example_dags/example_latest_only.py
[2023-07-12T06:35:58.467+0000] {processor.py:836} INFO - DAG(s) dict_keys(['latest_only']) retrieved from /home/airflow/.local/lib/python3.7/site-packages/airflow/example_dags/example_latest_only.py
[2023-07-12T06:35:58.503+0000] {logging_mixin.py:150} INFO - [2023-07-12T06:35:58.503+0000] {dag.py:2742} INFO - Sync 1 DAGs
[2023-07-12T06:35:58.541+0000] {logging_mixin.py:150} INFO - [2023-07-12T06:35:58.541+0000] {dag.py:3508} INFO - Setting next_dagrun for latest_only to 2023-07-12T02:35:58.541196+00:00, run_after=2023-07-12T06:35:58.541196+00:00
[2023-07-12T06:35:58.576+0000] {processor.py:179} INFO - Processing /home/airflow/.local/lib/python3.7/site-packages/airflow/example_dags/example_latest_only.py took 0.130 seconds
[2023-07-12T06:36:29.444+0000] {processor.py:157} INFO - Started process (PID=3716) to work on /home/airflow/.local/lib/python3.7/site-packages/airflow/example_dags/example_latest_only.py
[2023-07-12T06:36:29.446+0000] {processor.py:826} INFO - Processing file /home/airflow/.local/lib/python3.7/site-packages/airflow/example_dags/example_latest_only.py for tasks to queue
[2023-07-12T06:36:29.448+0000] {logging_mixin.py:150} INFO - [2023-07-12T06:36:29.447+0000] {dagbag.py:541} INFO - Filling up the DagBag from /home/airflow/.local/lib/python3.7/site-packages/airflow/example_dags/example_latest_only.py
[2023-07-12T06:36:29.458+0000] {processor.py:836} INFO - DAG(s) dict_keys(['latest_only']) retrieved from /home/airflow/.local/lib/python3.7/site-packages/airflow/example_dags/example_latest_only.py
[2023-07-12T06:36:29.493+0000] {logging_mixin.py:150} INFO - [2023-07-12T06:36:29.493+0000] {dag.py:2742} INFO - Sync 1 DAGs
[2023-07-12T06:36:29.529+0000] {logging_mixin.py:150} INFO - [2023-07-12T06:36:29.529+0000] {dag.py:3508} INFO - Setting next_dagrun for latest_only to 2023-07-12T02:36:29.528785+00:00, run_after=2023-07-12T06:36:29.528785+00:00
[2023-07-12T06:36:29.562+0000] {processor.py:179} INFO - Processing /home/airflow/.local/lib/python3.7/site-packages/airflow/example_dags/example_latest_only.py took 0.125 seconds
[2023-07-12T06:37:00.062+0000] {processor.py:157} INFO - Started process (PID=3957) to work on /home/airflow/.local/lib/python3.7/site-packages/airflow/example_dags/example_latest_only.py
[2023-07-12T06:37:00.064+0000] {processor.py:826} INFO - Processing file /home/airflow/.local/lib/python3.7/site-packages/airflow/example_dags/example_latest_only.py for tasks to queue
[2023-07-12T06:37:00.068+0000] {logging_mixin.py:150} INFO - [2023-07-12T06:37:00.067+0000] {dagbag.py:541} INFO - Filling up the DagBag from /home/airflow/.local/lib/python3.7/site-packages/airflow/example_dags/example_latest_only.py
[2023-07-12T06:37:00.079+0000] {processor.py:836} INFO - DAG(s) dict_keys(['latest_only']) retrieved from /home/airflow/.local/lib/python3.7/site-packages/airflow/example_dags/example_latest_only.py
[2023-07-12T06:37:00.115+0000] {logging_mixin.py:150} INFO - [2023-07-12T06:37:00.115+0000] {dag.py:2742} INFO - Sync 1 DAGs
[2023-07-12T06:37:00.152+0000] {logging_mixin.py:150} INFO - [2023-07-12T06:37:00.152+0000] {dag.py:3508} INFO - Setting next_dagrun for latest_only to 2023-07-12T02:37:00.151855+00:00, run_after=2023-07-12T06:37:00.151855+00:00
[2023-07-12T06:37:00.184+0000] {processor.py:179} INFO - Processing /home/airflow/.local/lib/python3.7/site-packages/airflow/example_dags/example_latest_only.py took 0.127 seconds
[2023-07-12T06:37:30.523+0000] {processor.py:157} INFO - Started process (PID=4198) to work on /home/airflow/.local/lib/python3.7/site-packages/airflow/example_dags/example_latest_only.py
[2023-07-12T06:37:30.525+0000] {processor.py:826} INFO - Processing file /home/airflow/.local/lib/python3.7/site-packages/airflow/example_dags/example_latest_only.py for tasks to queue
[2023-07-12T06:37:30.528+0000] {logging_mixin.py:150} INFO - [2023-07-12T06:37:30.527+0000] {dagbag.py:541} INFO - Filling up the DagBag from /home/airflow/.local/lib/python3.7/site-packages/airflow/example_dags/example_latest_only.py
[2023-07-12T06:37:30.537+0000] {processor.py:836} INFO - DAG(s) dict_keys(['latest_only']) retrieved from /home/airflow/.local/lib/python3.7/site-packages/airflow/example_dags/example_latest_only.py
[2023-07-12T06:37:30.573+0000] {logging_mixin.py:150} INFO - [2023-07-12T06:37:30.573+0000] {dag.py:2742} INFO - Sync 1 DAGs
[2023-07-12T06:37:30.617+0000] {logging_mixin.py:150} INFO - [2023-07-12T06:37:30.616+0000] {dag.py:3508} INFO - Setting next_dagrun for latest_only to 2023-07-12T02:37:30.616333+00:00, run_after=2023-07-12T06:37:30.616333+00:00
[2023-07-12T06:37:30.659+0000] {processor.py:179} INFO - Processing /home/airflow/.local/lib/python3.7/site-packages/airflow/example_dags/example_latest_only.py took 0.141 seconds
[2023-07-12T06:38:01.017+0000] {processor.py:157} INFO - Started process (PID=4438) to work on /home/airflow/.local/lib/python3.7/site-packages/airflow/example_dags/example_latest_only.py
[2023-07-12T06:38:01.019+0000] {processor.py:826} INFO - Processing file /home/airflow/.local/lib/python3.7/site-packages/airflow/example_dags/example_latest_only.py for tasks to queue
[2023-07-12T06:38:01.022+0000] {logging_mixin.py:150} INFO - [2023-07-12T06:38:01.021+0000] {dagbag.py:541} INFO - Filling up the DagBag from /home/airflow/.local/lib/python3.7/site-packages/airflow/example_dags/example_latest_only.py
[2023-07-12T06:38:01.032+0000] {processor.py:836} INFO - DAG(s) dict_keys(['latest_only']) retrieved from /home/airflow/.local/lib/python3.7/site-packages/airflow/example_dags/example_latest_only.py
[2023-07-12T06:38:01.068+0000] {logging_mixin.py:150} INFO - [2023-07-12T06:38:01.067+0000] {dag.py:2742} INFO - Sync 1 DAGs
[2023-07-12T06:38:01.106+0000] {logging_mixin.py:150} INFO - [2023-07-12T06:38:01.106+0000] {dag.py:3508} INFO - Setting next_dagrun for latest_only to 2023-07-12T02:38:01.106070+00:00, run_after=2023-07-12T06:38:01.106070+00:00
[2023-07-12T06:38:01.138+0000] {processor.py:179} INFO - Processing /home/airflow/.local/lib/python3.7/site-packages/airflow/example_dags/example_latest_only.py took 0.125 seconds
[2023-07-12T06:38:31.428+0000] {processor.py:157} INFO - Started process (PID=4679) to work on /home/airflow/.local/lib/python3.7/site-packages/airflow/example_dags/example_latest_only.py
[2023-07-12T06:38:31.430+0000] {processor.py:826} INFO - Processing file /home/airflow/.local/lib/python3.7/site-packages/airflow/example_dags/example_latest_only.py for tasks to queue
[2023-07-12T06:38:31.438+0000] {logging_mixin.py:150} INFO - [2023-07-12T06:38:31.438+0000] {dagbag.py:541} INFO - Filling up the DagBag from /home/airflow/.local/lib/python3.7/site-packages/airflow/example_dags/example_latest_only.py
[2023-07-12T06:38:31.449+0000] {processor.py:836} INFO - DAG(s) dict_keys(['latest_only']) retrieved from /home/airflow/.local/lib/python3.7/site-packages/airflow/example_dags/example_latest_only.py
[2023-07-12T06:38:31.485+0000] {logging_mixin.py:150} INFO - [2023-07-12T06:38:31.485+0000] {dag.py:2742} INFO - Sync 1 DAGs
[2023-07-12T06:38:31.525+0000] {logging_mixin.py:150} INFO - [2023-07-12T06:38:31.525+0000] {dag.py:3508} INFO - Setting next_dagrun for latest_only to 2023-07-12T02:38:31.524887+00:00, run_after=2023-07-12T06:38:31.524887+00:00
[2023-07-12T06:38:31.559+0000] {processor.py:179} INFO - Processing /home/airflow/.local/lib/python3.7/site-packages/airflow/example_dags/example_latest_only.py took 0.137 seconds
[2023-07-12T06:39:01.951+0000] {processor.py:157} INFO - Started process (PID=4920) to work on /home/airflow/.local/lib/python3.7/site-packages/airflow/example_dags/example_latest_only.py
[2023-07-12T06:39:01.954+0000] {processor.py:826} INFO - Processing file /home/airflow/.local/lib/python3.7/site-packages/airflow/example_dags/example_latest_only.py for tasks to queue
[2023-07-12T06:39:01.957+0000] {logging_mixin.py:150} INFO - [2023-07-12T06:39:01.956+0000] {dagbag.py:541} INFO - Filling up the DagBag from /home/airflow/.local/lib/python3.7/site-packages/airflow/example_dags/example_latest_only.py
[2023-07-12T06:39:01.967+0000] {processor.py:836} INFO - DAG(s) dict_keys(['latest_only']) retrieved from /home/airflow/.local/lib/python3.7/site-packages/airflow/example_dags/example_latest_only.py
[2023-07-12T06:39:02.002+0000] {logging_mixin.py:150} INFO - [2023-07-12T06:39:02.002+0000] {dag.py:2742} INFO - Sync 1 DAGs
[2023-07-12T06:39:02.042+0000] {logging_mixin.py:150} INFO - [2023-07-12T06:39:02.042+0000] {dag.py:3508} INFO - Setting next_dagrun for latest_only to 2023-07-12T02:39:02.041447+00:00, run_after=2023-07-12T06:39:02.041447+00:00
[2023-07-12T06:39:02.072+0000] {processor.py:179} INFO - Processing /home/airflow/.local/lib/python3.7/site-packages/airflow/example_dags/example_latest_only.py took 0.127 seconds
[2023-07-12T06:39:32.651+0000] {processor.py:157} INFO - Started process (PID=5161) to work on /home/airflow/.local/lib/python3.7/site-packages/airflow/example_dags/example_latest_only.py
[2023-07-12T06:39:32.653+0000] {processor.py:826} INFO - Processing file /home/airflow/.local/lib/python3.7/site-packages/airflow/example_dags/example_latest_only.py for tasks to queue
[2023-07-12T06:39:32.655+0000] {logging_mixin.py:150} INFO - [2023-07-12T06:39:32.655+0000] {dagbag.py:541} INFO - Filling up the DagBag from /home/airflow/.local/lib/python3.7/site-packages/airflow/example_dags/example_latest_only.py
[2023-07-12T06:39:32.665+0000] {processor.py:836} INFO - DAG(s) dict_keys(['latest_only']) retrieved from /home/airflow/.local/lib/python3.7/site-packages/airflow/example_dags/example_latest_only.py
[2023-07-12T06:39:32.700+0000] {logging_mixin.py:150} INFO - [2023-07-12T06:39:32.700+0000] {dag.py:2742} INFO - Sync 1 DAGs
[2023-07-12T06:39:32.739+0000] {logging_mixin.py:150} INFO - [2023-07-12T06:39:32.738+0000] {dag.py:3508} INFO - Setting next_dagrun for latest_only to 2023-07-12T02:39:32.738426+00:00, run_after=2023-07-12T06:39:32.738426+00:00
[2023-07-12T06:39:32.767+0000] {processor.py:179} INFO - Processing /home/airflow/.local/lib/python3.7/site-packages/airflow/example_dags/example_latest_only.py took 0.122 seconds
[2023-07-12T06:40:03.579+0000] {processor.py:157} INFO - Started process (PID=5402) to work on /home/airflow/.local/lib/python3.7/site-packages/airflow/example_dags/example_latest_only.py
[2023-07-12T06:40:03.582+0000] {processor.py:826} INFO - Processing file /home/airflow/.local/lib/python3.7/site-packages/airflow/example_dags/example_latest_only.py for tasks to queue
[2023-07-12T06:40:03.584+0000] {logging_mixin.py:150} INFO - [2023-07-12T06:40:03.584+0000] {dagbag.py:541} INFO - Filling up the DagBag from /home/airflow/.local/lib/python3.7/site-packages/airflow/example_dags/example_latest_only.py
[2023-07-12T06:40:03.594+0000] {processor.py:836} INFO - DAG(s) dict_keys(['latest_only']) retrieved from /home/airflow/.local/lib/python3.7/site-packages/airflow/example_dags/example_latest_only.py
[2023-07-12T06:40:03.626+0000] {logging_mixin.py:150} INFO - [2023-07-12T06:40:03.626+0000] {dag.py:2742} INFO - Sync 1 DAGs
[2023-07-12T06:40:03.660+0000] {logging_mixin.py:150} INFO - [2023-07-12T06:40:03.660+0000] {dag.py:3508} INFO - Setting next_dagrun for latest_only to 2023-07-12T02:40:03.659501+00:00, run_after=2023-07-12T06:40:03.659501+00:00
[2023-07-12T06:40:03.690+0000] {processor.py:179} INFO - Processing /home/airflow/.local/lib/python3.7/site-packages/airflow/example_dags/example_latest_only.py took 0.116 seconds
[2023-07-12T06:40:34.136+0000] {processor.py:157} INFO - Started process (PID=5643) to work on /home/airflow/.local/lib/python3.7/site-packages/airflow/example_dags/example_latest_only.py
[2023-07-12T06:40:34.139+0000] {processor.py:826} INFO - Processing file /home/airflow/.local/lib/python3.7/site-packages/airflow/example_dags/example_latest_only.py for tasks to queue
[2023-07-12T06:40:34.144+0000] {logging_mixin.py:150} INFO - [2023-07-12T06:40:34.144+0000] {dagbag.py:541} INFO - Filling up the DagBag from /home/airflow/.local/lib/python3.7/site-packages/airflow/example_dags/example_latest_only.py
[2023-07-12T06:40:34.184+0000] {processor.py:836} INFO - DAG(s) dict_keys(['latest_only']) retrieved from /home/airflow/.local/lib/python3.7/site-packages/airflow/example_dags/example_latest_only.py
[2023-07-12T06:40:34.228+0000] {logging_mixin.py:150} INFO - [2023-07-12T06:40:34.228+0000] {dag.py:2742} INFO - Sync 1 DAGs
[2023-07-12T06:40:34.264+0000] {logging_mixin.py:150} INFO - [2023-07-12T06:40:34.264+0000] {dag.py:3508} INFO - Setting next_dagrun for latest_only to 2023-07-12T02:40:34.263746+00:00, run_after=2023-07-12T06:40:34.263746+00:00
[2023-07-12T06:40:34.294+0000] {processor.py:179} INFO - Processing /home/airflow/.local/lib/python3.7/site-packages/airflow/example_dags/example_latest_only.py took 0.163 seconds
[2023-07-12T06:41:04.435+0000] {processor.py:157} INFO - Started process (PID=5891) to work on /home/airflow/.local/lib/python3.7/site-packages/airflow/example_dags/example_latest_only.py
[2023-07-12T06:41:04.437+0000] {processor.py:826} INFO - Processing file /home/airflow/.local/lib/python3.7/site-packages/airflow/example_dags/example_latest_only.py for tasks to queue
[2023-07-12T06:41:04.440+0000] {logging_mixin.py:150} INFO - [2023-07-12T06:41:04.439+0000] {dagbag.py:541} INFO - Filling up the DagBag from /home/airflow/.local/lib/python3.7/site-packages/airflow/example_dags/example_latest_only.py
[2023-07-12T06:41:04.450+0000] {processor.py:836} INFO - DAG(s) dict_keys(['latest_only']) retrieved from /home/airflow/.local/lib/python3.7/site-packages/airflow/example_dags/example_latest_only.py
[2023-07-12T06:41:04.490+0000] {logging_mixin.py:150} INFO - [2023-07-12T06:41:04.489+0000] {dag.py:2742} INFO - Sync 1 DAGs
[2023-07-12T06:41:04.534+0000] {logging_mixin.py:150} INFO - [2023-07-12T06:41:04.534+0000] {dag.py:3508} INFO - Setting next_dagrun for latest_only to 2023-07-12T02:41:04.533556+00:00, run_after=2023-07-12T06:41:04.533556+00:00
[2023-07-12T06:41:04.571+0000] {processor.py:179} INFO - Processing /home/airflow/.local/lib/python3.7/site-packages/airflow/example_dags/example_latest_only.py took 0.141 seconds
[2023-07-12T06:41:35.012+0000] {processor.py:157} INFO - Started process (PID=6132) to work on /home/airflow/.local/lib/python3.7/site-packages/airflow/example_dags/example_latest_only.py
[2023-07-12T06:41:35.014+0000] {processor.py:826} INFO - Processing file /home/airflow/.local/lib/python3.7/site-packages/airflow/example_dags/example_latest_only.py for tasks to queue
[2023-07-12T06:41:35.016+0000] {logging_mixin.py:150} INFO - [2023-07-12T06:41:35.016+0000] {dagbag.py:541} INFO - Filling up the DagBag from /home/airflow/.local/lib/python3.7/site-packages/airflow/example_dags/example_latest_only.py
[2023-07-12T06:41:35.028+0000] {processor.py:836} INFO - DAG(s) dict_keys(['latest_only']) retrieved from /home/airflow/.local/lib/python3.7/site-packages/airflow/example_dags/example_latest_only.py
[2023-07-12T06:41:35.060+0000] {logging_mixin.py:150} INFO - [2023-07-12T06:41:35.060+0000] {dag.py:2742} INFO - Sync 1 DAGs
[2023-07-12T06:41:35.093+0000] {logging_mixin.py:150} INFO - [2023-07-12T06:41:35.093+0000] {dag.py:3508} INFO - Setting next_dagrun for latest_only to 2023-07-12T02:41:35.092851+00:00, run_after=2023-07-12T06:41:35.092851+00:00
[2023-07-12T06:41:35.124+0000] {processor.py:179} INFO - Processing /home/airflow/.local/lib/python3.7/site-packages/airflow/example_dags/example_latest_only.py took 0.118 seconds
[2023-07-12T06:42:05.501+0000] {processor.py:157} INFO - Started process (PID=6374) to work on /home/airflow/.local/lib/python3.7/site-packages/airflow/example_dags/example_latest_only.py
[2023-07-12T06:42:05.503+0000] {processor.py:826} INFO - Processing file /home/airflow/.local/lib/python3.7/site-packages/airflow/example_dags/example_latest_only.py for tasks to queue
[2023-07-12T06:42:05.505+0000] {logging_mixin.py:150} INFO - [2023-07-12T06:42:05.505+0000] {dagbag.py:541} INFO - Filling up the DagBag from /home/airflow/.local/lib/python3.7/site-packages/airflow/example_dags/example_latest_only.py
[2023-07-12T06:42:05.514+0000] {processor.py:836} INFO - DAG(s) dict_keys(['latest_only']) retrieved from /home/airflow/.local/lib/python3.7/site-packages/airflow/example_dags/example_latest_only.py
[2023-07-12T06:42:05.546+0000] {logging_mixin.py:150} INFO - [2023-07-12T06:42:05.546+0000] {dag.py:2742} INFO - Sync 1 DAGs
[2023-07-12T06:42:05.580+0000] {logging_mixin.py:150} INFO - [2023-07-12T06:42:05.579+0000] {dag.py:3508} INFO - Setting next_dagrun for latest_only to 2023-07-12T02:42:05.579534+00:00, run_after=2023-07-12T06:42:05.579534+00:00
[2023-07-12T06:42:05.612+0000] {processor.py:179} INFO - Processing /home/airflow/.local/lib/python3.7/site-packages/airflow/example_dags/example_latest_only.py took 0.117 seconds
[2023-07-12T06:42:36.073+0000] {processor.py:157} INFO - Started process (PID=6615) to work on /home/airflow/.local/lib/python3.7/site-packages/airflow/example_dags/example_latest_only.py
[2023-07-12T06:42:36.075+0000] {processor.py:826} INFO - Processing file /home/airflow/.local/lib/python3.7/site-packages/airflow/example_dags/example_latest_only.py for tasks to queue
[2023-07-12T06:42:36.078+0000] {logging_mixin.py:150} INFO - [2023-07-12T06:42:36.077+0000] {dagbag.py:541} INFO - Filling up the DagBag from /home/airflow/.local/lib/python3.7/site-packages/airflow/example_dags/example_latest_only.py
[2023-07-12T06:42:36.087+0000] {processor.py:836} INFO - DAG(s) dict_keys(['latest_only']) retrieved from /home/airflow/.local/lib/python3.7/site-packages/airflow/example_dags/example_latest_only.py
[2023-07-12T06:42:36.120+0000] {logging_mixin.py:150} INFO - [2023-07-12T06:42:36.120+0000] {dag.py:2742} INFO - Sync 1 DAGs
[2023-07-12T06:42:36.155+0000] {logging_mixin.py:150} INFO - [2023-07-12T06:42:36.155+0000] {dag.py:3508} INFO - Setting next_dagrun for latest_only to 2023-07-12T02:42:36.154855+00:00, run_after=2023-07-12T06:42:36.154855+00:00
[2023-07-12T06:42:36.184+0000] {processor.py:179} INFO - Processing /home/airflow/.local/lib/python3.7/site-packages/airflow/example_dags/example_latest_only.py took 0.117 seconds
[2023-07-12T06:43:06.410+0000] {processor.py:157} INFO - Started process (PID=6856) to work on /home/airflow/.local/lib/python3.7/site-packages/airflow/example_dags/example_latest_only.py
[2023-07-12T06:43:06.412+0000] {processor.py:826} INFO - Processing file /home/airflow/.local/lib/python3.7/site-packages/airflow/example_dags/example_latest_only.py for tasks to queue
[2023-07-12T06:43:06.414+0000] {logging_mixin.py:150} INFO - [2023-07-12T06:43:06.414+0000] {dagbag.py:541} INFO - Filling up the DagBag from /home/airflow/.local/lib/python3.7/site-packages/airflow/example_dags/example_latest_only.py
[2023-07-12T06:43:06.424+0000] {processor.py:836} INFO - DAG(s) dict_keys(['latest_only']) retrieved from /home/airflow/.local/lib/python3.7/site-packages/airflow/example_dags/example_latest_only.py
[2023-07-12T06:43:06.457+0000] {logging_mixin.py:150} INFO - [2023-07-12T06:43:06.456+0000] {dag.py:2742} INFO - Sync 1 DAGs
[2023-07-12T06:43:06.493+0000] {logging_mixin.py:150} INFO - [2023-07-12T06:43:06.492+0000] {dag.py:3508} INFO - Setting next_dagrun for latest_only to 2023-07-12T02:43:06.492208+00:00, run_after=2023-07-12T06:43:06.492208+00:00
[2023-07-12T06:43:06.531+0000] {processor.py:179} INFO - Processing /home/airflow/.local/lib/python3.7/site-packages/airflow/example_dags/example_latest_only.py took 0.128 seconds
[2023-07-12T06:43:36.870+0000] {processor.py:157} INFO - Started process (PID=7097) to work on /home/airflow/.local/lib/python3.7/site-packages/airflow/example_dags/example_latest_only.py
[2023-07-12T06:43:36.872+0000] {processor.py:826} INFO - Processing file /home/airflow/.local/lib/python3.7/site-packages/airflow/example_dags/example_latest_only.py for tasks to queue
[2023-07-12T06:43:36.874+0000] {logging_mixin.py:150} INFO - [2023-07-12T06:43:36.873+0000] {dagbag.py:541} INFO - Filling up the DagBag from /home/airflow/.local/lib/python3.7/site-packages/airflow/example_dags/example_latest_only.py
[2023-07-12T06:43:36.883+0000] {processor.py:836} INFO - DAG(s) dict_keys(['latest_only']) retrieved from /home/airflow/.local/lib/python3.7/site-packages/airflow/example_dags/example_latest_only.py
[2023-07-12T06:43:36.915+0000] {logging_mixin.py:150} INFO - [2023-07-12T06:43:36.915+0000] {dag.py:2742} INFO - Sync 1 DAGs
[2023-07-12T06:43:36.948+0000] {logging_mixin.py:150} INFO - [2023-07-12T06:43:36.948+0000] {dag.py:3508} INFO - Setting next_dagrun for latest_only to 2023-07-12T02:43:36.948000+00:00, run_after=2023-07-12T06:43:36.948000+00:00
[2023-07-12T06:43:36.977+0000] {processor.py:179} INFO - Processing /home/airflow/.local/lib/python3.7/site-packages/airflow/example_dags/example_latest_only.py took 0.113 seconds
[2023-07-12T06:44:07.224+0000] {processor.py:157} INFO - Started process (PID=7338) to work on /home/airflow/.local/lib/python3.7/site-packages/airflow/example_dags/example_latest_only.py
[2023-07-12T06:44:07.227+0000] {processor.py:826} INFO - Processing file /home/airflow/.local/lib/python3.7/site-packages/airflow/example_dags/example_latest_only.py for tasks to queue
[2023-07-12T06:44:07.229+0000] {logging_mixin.py:150} INFO - [2023-07-12T06:44:07.228+0000] {dagbag.py:541} INFO - Filling up the DagBag from /home/airflow/.local/lib/python3.7/site-packages/airflow/example_dags/example_latest_only.py
[2023-07-12T06:44:07.238+0000] {processor.py:836} INFO - DAG(s) dict_keys(['latest_only']) retrieved from /home/airflow/.local/lib/python3.7/site-packages/airflow/example_dags/example_latest_only.py
[2023-07-12T06:44:07.270+0000] {logging_mixin.py:150} INFO - [2023-07-12T06:44:07.270+0000] {dag.py:2742} INFO - Sync 1 DAGs
[2023-07-12T06:44:07.303+0000] {logging_mixin.py:150} INFO - [2023-07-12T06:44:07.303+0000] {dag.py:3508} INFO - Setting next_dagrun for latest_only to 2023-07-12T02:44:07.302724+00:00, run_after=2023-07-12T06:44:07.302724+00:00
[2023-07-12T06:44:07.331+0000] {processor.py:179} INFO - Processing /home/airflow/.local/lib/python3.7/site-packages/airflow/example_dags/example_latest_only.py took 0.113 seconds
[2023-07-12T06:44:37.506+0000] {processor.py:157} INFO - Started process (PID=7579) to work on /home/airflow/.local/lib/python3.7/site-packages/airflow/example_dags/example_latest_only.py
[2023-07-12T06:44:37.508+0000] {processor.py:826} INFO - Processing file /home/airflow/.local/lib/python3.7/site-packages/airflow/example_dags/example_latest_only.py for tasks to queue
[2023-07-12T06:44:37.511+0000] {logging_mixin.py:150} INFO - [2023-07-12T06:44:37.510+0000] {dagbag.py:541} INFO - Filling up the DagBag from /home/airflow/.local/lib/python3.7/site-packages/airflow/example_dags/example_latest_only.py
[2023-07-12T06:44:37.520+0000] {processor.py:836} INFO - DAG(s) dict_keys(['latest_only']) retrieved from /home/airflow/.local/lib/python3.7/site-packages/airflow/example_dags/example_latest_only.py
[2023-07-12T06:44:37.552+0000] {logging_mixin.py:150} INFO - [2023-07-12T06:44:37.551+0000] {dag.py:2742} INFO - Sync 1 DAGs
[2023-07-12T06:44:37.585+0000] {logging_mixin.py:150} INFO - [2023-07-12T06:44:37.584+0000] {dag.py:3508} INFO - Setting next_dagrun for latest_only to 2023-07-12T02:44:37.584444+00:00, run_after=2023-07-12T06:44:37.584444+00:00
[2023-07-12T06:44:37.613+0000] {processor.py:179} INFO - Processing /home/airflow/.local/lib/python3.7/site-packages/airflow/example_dags/example_latest_only.py took 0.113 seconds
[2023-07-12T06:45:08.126+0000] {processor.py:157} INFO - Started process (PID=7820) to work on /home/airflow/.local/lib/python3.7/site-packages/airflow/example_dags/example_latest_only.py
[2023-07-12T06:45:08.128+0000] {processor.py:826} INFO - Processing file /home/airflow/.local/lib/python3.7/site-packages/airflow/example_dags/example_latest_only.py for tasks to queue
[2023-07-12T06:45:08.130+0000] {logging_mixin.py:150} INFO - [2023-07-12T06:45:08.130+0000] {dagbag.py:541} INFO - Filling up the DagBag from /home/airflow/.local/lib/python3.7/site-packages/airflow/example_dags/example_latest_only.py
[2023-07-12T06:45:08.140+0000] {processor.py:836} INFO - DAG(s) dict_keys(['latest_only']) retrieved from /home/airflow/.local/lib/python3.7/site-packages/airflow/example_dags/example_latest_only.py
[2023-07-12T06:45:08.173+0000] {logging_mixin.py:150} INFO - [2023-07-12T06:45:08.172+0000] {dag.py:2742} INFO - Sync 1 DAGs
[2023-07-12T06:45:08.206+0000] {logging_mixin.py:150} INFO - [2023-07-12T06:45:08.206+0000] {dag.py:3508} INFO - Setting next_dagrun for latest_only to 2023-07-12T02:45:08.206209+00:00, run_after=2023-07-12T06:45:08.206209+00:00
[2023-07-12T06:45:08.236+0000] {processor.py:179} INFO - Processing /home/airflow/.local/lib/python3.7/site-packages/airflow/example_dags/example_latest_only.py took 0.115 seconds
[2023-07-12T06:45:38.371+0000] {processor.py:157} INFO - Started process (PID=8061) to work on /home/airflow/.local/lib/python3.7/site-packages/airflow/example_dags/example_latest_only.py
[2023-07-12T06:45:38.374+0000] {processor.py:826} INFO - Processing file /home/airflow/.local/lib/python3.7/site-packages/airflow/example_dags/example_latest_only.py for tasks to queue
[2023-07-12T06:45:38.376+0000] {logging_mixin.py:150} INFO - [2023-07-12T06:45:38.376+0000] {dagbag.py:541} INFO - Filling up the DagBag from /home/airflow/.local/lib/python3.7/site-packages/airflow/example_dags/example_latest_only.py
[2023-07-12T06:45:38.386+0000] {processor.py:836} INFO - DAG(s) dict_keys(['latest_only']) retrieved from /home/airflow/.local/lib/python3.7/site-packages/airflow/example_dags/example_latest_only.py
[2023-07-12T06:45:38.418+0000] {logging_mixin.py:150} INFO - [2023-07-12T06:45:38.418+0000] {dag.py:2742} INFO - Sync 1 DAGs
[2023-07-12T06:45:38.452+0000] {logging_mixin.py:150} INFO - [2023-07-12T06:45:38.452+0000] {dag.py:3508} INFO - Setting next_dagrun for latest_only to 2023-07-12T02:45:38.452097+00:00, run_after=2023-07-12T06:45:38.452097+00:00
[2023-07-12T06:45:38.482+0000] {processor.py:179} INFO - Processing /home/airflow/.local/lib/python3.7/site-packages/airflow/example_dags/example_latest_only.py took 0.117 seconds
[2023-07-12T06:46:08.649+0000] {processor.py:157} INFO - Started process (PID=8302) to work on /home/airflow/.local/lib/python3.7/site-packages/airflow/example_dags/example_latest_only.py
[2023-07-12T06:46:08.655+0000] {processor.py:826} INFO - Processing file /home/airflow/.local/lib/python3.7/site-packages/airflow/example_dags/example_latest_only.py for tasks to queue
[2023-07-12T06:46:08.658+0000] {logging_mixin.py:150} INFO - [2023-07-12T06:46:08.657+0000] {dagbag.py:541} INFO - Filling up the DagBag from /home/airflow/.local/lib/python3.7/site-packages/airflow/example_dags/example_latest_only.py
[2023-07-12T06:46:08.667+0000] {processor.py:836} INFO - DAG(s) dict_keys(['latest_only']) retrieved from /home/airflow/.local/lib/python3.7/site-packages/airflow/example_dags/example_latest_only.py
[2023-07-12T06:46:08.700+0000] {logging_mixin.py:150} INFO - [2023-07-12T06:46:08.700+0000] {dag.py:2742} INFO - Sync 1 DAGs
[2023-07-12T06:46:08.733+0000] {logging_mixin.py:150} INFO - [2023-07-12T06:46:08.733+0000] {dag.py:3508} INFO - Setting next_dagrun for latest_only to 2023-07-12T02:46:08.732987+00:00, run_after=2023-07-12T06:46:08.732987+00:00
[2023-07-12T06:46:08.761+0000] {processor.py:179} INFO - Processing /home/airflow/.local/lib/python3.7/site-packages/airflow/example_dags/example_latest_only.py took 0.118 seconds
[2023-07-12T06:46:38.999+0000] {processor.py:157} INFO - Started process (PID=8543) to work on /home/airflow/.local/lib/python3.7/site-packages/airflow/example_dags/example_latest_only.py
[2023-07-12T06:46:39.002+0000] {processor.py:826} INFO - Processing file /home/airflow/.local/lib/python3.7/site-packages/airflow/example_dags/example_latest_only.py for tasks to queue
[2023-07-12T06:46:39.004+0000] {logging_mixin.py:150} INFO - [2023-07-12T06:46:39.004+0000] {dagbag.py:541} INFO - Filling up the DagBag from /home/airflow/.local/lib/python3.7/site-packages/airflow/example_dags/example_latest_only.py
[2023-07-12T06:46:39.013+0000] {processor.py:836} INFO - DAG(s) dict_keys(['latest_only']) retrieved from /home/airflow/.local/lib/python3.7/site-packages/airflow/example_dags/example_latest_only.py
[2023-07-12T06:46:39.046+0000] {logging_mixin.py:150} INFO - [2023-07-12T06:46:39.046+0000] {dag.py:2742} INFO - Sync 1 DAGs
[2023-07-12T06:46:39.080+0000] {logging_mixin.py:150} INFO - [2023-07-12T06:46:39.080+0000] {dag.py:3508} INFO - Setting next_dagrun for latest_only to 2023-07-12T02:46:39.080184+00:00, run_after=2023-07-12T06:46:39.080184+00:00
[2023-07-12T06:46:39.110+0000] {processor.py:179} INFO - Processing /home/airflow/.local/lib/python3.7/site-packages/airflow/example_dags/example_latest_only.py took 0.116 seconds
[2023-07-12T06:47:09.539+0000] {processor.py:157} INFO - Started process (PID=8783) to work on /home/airflow/.local/lib/python3.7/site-packages/airflow/example_dags/example_latest_only.py
[2023-07-12T06:47:09.541+0000] {processor.py:826} INFO - Processing file /home/airflow/.local/lib/python3.7/site-packages/airflow/example_dags/example_latest_only.py for tasks to queue
[2023-07-12T06:47:09.543+0000] {logging_mixin.py:150} INFO - [2023-07-12T06:47:09.543+0000] {dagbag.py:541} INFO - Filling up the DagBag from /home/airflow/.local/lib/python3.7/site-packages/airflow/example_dags/example_latest_only.py
[2023-07-12T06:47:09.554+0000] {processor.py:836} INFO - DAG(s) dict_keys(['latest_only']) retrieved from /home/airflow/.local/lib/python3.7/site-packages/airflow/example_dags/example_latest_only.py
[2023-07-12T06:47:09.588+0000] {logging_mixin.py:150} INFO - [2023-07-12T06:47:09.587+0000] {dag.py:2742} INFO - Sync 1 DAGs
[2023-07-12T06:47:09.622+0000] {logging_mixin.py:150} INFO - [2023-07-12T06:47:09.621+0000] {dag.py:3508} INFO - Setting next_dagrun for latest_only to 2023-07-12T02:47:09.621536+00:00, run_after=2023-07-12T06:47:09.621536+00:00
[2023-07-12T06:47:09.652+0000] {processor.py:179} INFO - Processing /home/airflow/.local/lib/python3.7/site-packages/airflow/example_dags/example_latest_only.py took 0.121 seconds
[2023-07-12T06:47:40.098+0000] {processor.py:157} INFO - Started process (PID=9023) to work on /home/airflow/.local/lib/python3.7/site-packages/airflow/example_dags/example_latest_only.py
[2023-07-12T06:47:40.102+0000] {processor.py:826} INFO - Processing file /home/airflow/.local/lib/python3.7/site-packages/airflow/example_dags/example_latest_only.py for tasks to queue
[2023-07-12T06:47:40.104+0000] {logging_mixin.py:150} INFO - [2023-07-12T06:47:40.104+0000] {dagbag.py:541} INFO - Filling up the DagBag from /home/airflow/.local/lib/python3.7/site-packages/airflow/example_dags/example_latest_only.py
[2023-07-12T06:47:40.114+0000] {processor.py:836} INFO - DAG(s) dict_keys(['latest_only']) retrieved from /home/airflow/.local/lib/python3.7/site-packages/airflow/example_dags/example_latest_only.py
[2023-07-12T06:47:40.171+0000] {logging_mixin.py:150} INFO - [2023-07-12T06:47:40.171+0000] {dag.py:2742} INFO - Sync 1 DAGs
[2023-07-12T06:47:40.222+0000] {logging_mixin.py:150} INFO - [2023-07-12T06:47:40.222+0000] {dag.py:3508} INFO - Setting next_dagrun for latest_only to 2023-07-12T02:47:40.221782+00:00, run_after=2023-07-12T06:47:40.221782+00:00
[2023-07-12T06:47:40.256+0000] {processor.py:179} INFO - Processing /home/airflow/.local/lib/python3.7/site-packages/airflow/example_dags/example_latest_only.py took 0.165 seconds
[2023-07-12T06:48:10.916+0000] {processor.py:157} INFO - Started process (PID=9264) to work on /home/airflow/.local/lib/python3.7/site-packages/airflow/example_dags/example_latest_only.py
[2023-07-12T06:48:10.920+0000] {processor.py:826} INFO - Processing file /home/airflow/.local/lib/python3.7/site-packages/airflow/example_dags/example_latest_only.py for tasks to queue
[2023-07-12T06:48:10.926+0000] {logging_mixin.py:150} INFO - [2023-07-12T06:48:10.926+0000] {dagbag.py:541} INFO - Filling up the DagBag from /home/airflow/.local/lib/python3.7/site-packages/airflow/example_dags/example_latest_only.py
[2023-07-12T06:48:10.938+0000] {processor.py:836} INFO - DAG(s) dict_keys(['latest_only']) retrieved from /home/airflow/.local/lib/python3.7/site-packages/airflow/example_dags/example_latest_only.py
[2023-07-12T06:48:10.982+0000] {logging_mixin.py:150} INFO - [2023-07-12T06:48:10.981+0000] {dag.py:2742} INFO - Sync 1 DAGs
[2023-07-12T06:48:11.023+0000] {logging_mixin.py:150} INFO - [2023-07-12T06:48:11.023+0000] {dag.py:3508} INFO - Setting next_dagrun for latest_only to 2023-07-12T02:48:11.023002+00:00, run_after=2023-07-12T06:48:11.023002+00:00
[2023-07-12T06:48:11.066+0000] {processor.py:179} INFO - Processing /home/airflow/.local/lib/python3.7/site-packages/airflow/example_dags/example_latest_only.py took 0.155 seconds
[2023-07-12T06:48:41.411+0000] {processor.py:157} INFO - Started process (PID=9505) to work on /home/airflow/.local/lib/python3.7/site-packages/airflow/example_dags/example_latest_only.py
[2023-07-12T06:48:41.414+0000] {processor.py:826} INFO - Processing file /home/airflow/.local/lib/python3.7/site-packages/airflow/example_dags/example_latest_only.py for tasks to queue
[2023-07-12T06:48:41.417+0000] {logging_mixin.py:150} INFO - [2023-07-12T06:48:41.416+0000] {dagbag.py:541} INFO - Filling up the DagBag from /home/airflow/.local/lib/python3.7/site-packages/airflow/example_dags/example_latest_only.py
[2023-07-12T06:48:41.430+0000] {processor.py:836} INFO - DAG(s) dict_keys(['latest_only']) retrieved from /home/airflow/.local/lib/python3.7/site-packages/airflow/example_dags/example_latest_only.py
[2023-07-12T06:48:41.473+0000] {logging_mixin.py:150} INFO - [2023-07-12T06:48:41.473+0000] {dag.py:2742} INFO - Sync 1 DAGs
[2023-07-12T06:48:41.513+0000] {logging_mixin.py:150} INFO - [2023-07-12T06:48:41.512+0000] {dag.py:3508} INFO - Setting next_dagrun for latest_only to 2023-07-12T02:48:41.512562+00:00, run_after=2023-07-12T06:48:41.512562+00:00
[2023-07-12T06:48:41.560+0000] {processor.py:179} INFO - Processing /home/airflow/.local/lib/python3.7/site-packages/airflow/example_dags/example_latest_only.py took 0.157 seconds
[2023-07-12T06:49:11.820+0000] {processor.py:157} INFO - Started process (PID=9746) to work on /home/airflow/.local/lib/python3.7/site-packages/airflow/example_dags/example_latest_only.py
[2023-07-12T06:49:11.825+0000] {processor.py:826} INFO - Processing file /home/airflow/.local/lib/python3.7/site-packages/airflow/example_dags/example_latest_only.py for tasks to queue
[2023-07-12T06:49:11.831+0000] {logging_mixin.py:150} INFO - [2023-07-12T06:49:11.830+0000] {dagbag.py:541} INFO - Filling up the DagBag from /home/airflow/.local/lib/python3.7/site-packages/airflow/example_dags/example_latest_only.py
[2023-07-12T06:49:11.853+0000] {processor.py:836} INFO - DAG(s) dict_keys(['latest_only']) retrieved from /home/airflow/.local/lib/python3.7/site-packages/airflow/example_dags/example_latest_only.py
[2023-07-12T06:49:11.944+0000] {logging_mixin.py:150} INFO - [2023-07-12T06:49:11.944+0000] {dag.py:2742} INFO - Sync 1 DAGs
[2023-07-12T06:49:12.012+0000] {logging_mixin.py:150} INFO - [2023-07-12T06:49:12.012+0000] {dag.py:3508} INFO - Setting next_dagrun for latest_only to 2023-07-12T02:49:12.011361+00:00, run_after=2023-07-12T06:49:12.011361+00:00
[2023-07-12T06:49:12.158+0000] {processor.py:179} INFO - Processing /home/airflow/.local/lib/python3.7/site-packages/airflow/example_dags/example_latest_only.py took 0.353 seconds
[2023-07-12T06:49:43.103+0000] {processor.py:157} INFO - Started process (PID=9987) to work on /home/airflow/.local/lib/python3.7/site-packages/airflow/example_dags/example_latest_only.py
[2023-07-12T06:49:43.106+0000] {processor.py:826} INFO - Processing file /home/airflow/.local/lib/python3.7/site-packages/airflow/example_dags/example_latest_only.py for tasks to queue
[2023-07-12T06:49:43.108+0000] {logging_mixin.py:150} INFO - [2023-07-12T06:49:43.108+0000] {dagbag.py:541} INFO - Filling up the DagBag from /home/airflow/.local/lib/python3.7/site-packages/airflow/example_dags/example_latest_only.py
[2023-07-12T06:49:43.118+0000] {processor.py:836} INFO - DAG(s) dict_keys(['latest_only']) retrieved from /home/airflow/.local/lib/python3.7/site-packages/airflow/example_dags/example_latest_only.py
[2023-07-12T06:49:43.156+0000] {logging_mixin.py:150} INFO - [2023-07-12T06:49:43.155+0000] {dag.py:2742} INFO - Sync 1 DAGs
[2023-07-12T06:49:43.193+0000] {logging_mixin.py:150} INFO - [2023-07-12T06:49:43.192+0000] {dag.py:3508} INFO - Setting next_dagrun for latest_only to 2023-07-12T02:49:43.192360+00:00, run_after=2023-07-12T06:49:43.192360+00:00
[2023-07-12T06:49:43.224+0000] {processor.py:179} INFO - Processing /home/airflow/.local/lib/python3.7/site-packages/airflow/example_dags/example_latest_only.py took 0.127 seconds
[2023-07-12T06:50:13.675+0000] {processor.py:157} INFO - Started process (PID=10228) to work on /home/airflow/.local/lib/python3.7/site-packages/airflow/example_dags/example_latest_only.py
[2023-07-12T06:50:13.678+0000] {processor.py:826} INFO - Processing file /home/airflow/.local/lib/python3.7/site-packages/airflow/example_dags/example_latest_only.py for tasks to queue
[2023-07-12T06:50:13.681+0000] {logging_mixin.py:150} INFO - [2023-07-12T06:50:13.681+0000] {dagbag.py:541} INFO - Filling up the DagBag from /home/airflow/.local/lib/python3.7/site-packages/airflow/example_dags/example_latest_only.py
[2023-07-12T06:50:13.692+0000] {processor.py:836} INFO - DAG(s) dict_keys(['latest_only']) retrieved from /home/airflow/.local/lib/python3.7/site-packages/airflow/example_dags/example_latest_only.py
[2023-07-12T06:50:13.728+0000] {logging_mixin.py:150} INFO - [2023-07-12T06:50:13.728+0000] {dag.py:2742} INFO - Sync 1 DAGs
[2023-07-12T06:50:13.764+0000] {logging_mixin.py:150} INFO - [2023-07-12T06:50:13.764+0000] {dag.py:3508} INFO - Setting next_dagrun for latest_only to 2023-07-12T02:50:13.763759+00:00, run_after=2023-07-12T06:50:13.763759+00:00
[2023-07-12T06:50:13.801+0000] {processor.py:179} INFO - Processing /home/airflow/.local/lib/python3.7/site-packages/airflow/example_dags/example_latest_only.py took 0.131 seconds
[2023-07-12T06:50:44.070+0000] {processor.py:157} INFO - Started process (PID=10524) to work on /home/airflow/.local/lib/python3.7/site-packages/airflow/example_dags/example_latest_only.py
[2023-07-12T06:50:44.081+0000] {processor.py:826} INFO - Processing file /home/airflow/.local/lib/python3.7/site-packages/airflow/example_dags/example_latest_only.py for tasks to queue
[2023-07-12T06:50:44.085+0000] {logging_mixin.py:150} INFO - [2023-07-12T06:50:44.085+0000] {dagbag.py:541} INFO - Filling up the DagBag from /home/airflow/.local/lib/python3.7/site-packages/airflow/example_dags/example_latest_only.py
[2023-07-12T06:50:44.132+0000] {processor.py:836} INFO - DAG(s) dict_keys(['latest_only']) retrieved from /home/airflow/.local/lib/python3.7/site-packages/airflow/example_dags/example_latest_only.py
