[2023-07-12T06:29:22.372+0000] {processor.py:157} INFO - Started process (PID=349) to work on /home/airflow/.local/lib/python3.7/site-packages/airflow/example_dags/example_branch_datetime_operator.py
[2023-07-12T06:29:22.378+0000] {processor.py:826} INFO - Processing file /home/airflow/.local/lib/python3.7/site-packages/airflow/example_dags/example_branch_datetime_operator.py for tasks to queue
[2023-07-12T06:29:22.383+0000] {logging_mixin.py:150} INFO - [2023-07-12T06:29:22.382+0000] {dagbag.py:541} INFO - Filling up the DagBag from /home/airflow/.local/lib/python3.7/site-packages/airflow/example_dags/example_branch_datetime_operator.py
[2023-07-12T06:29:22.407+0000] {processor.py:836} INFO - DAG(s) dict_keys(['example_branch_datetime_operator_2', 'example_branch_datetime_operator_3', 'example_branch_datetime_operator']) retrieved from /home/airflow/.local/lib/python3.7/site-packages/airflow/example_dags/example_branch_datetime_operator.py
[2023-07-12T06:29:22.478+0000] {logging_mixin.py:150} INFO - [2023-07-12T06:29:22.478+0000] {dag.py:2742} INFO - Sync 3 DAGs
[2023-07-12T06:29:22.524+0000] {logging_mixin.py:150} INFO - [2023-07-12T06:29:22.523+0000] {dag.py:3508} INFO - Setting next_dagrun for example_branch_datetime_operator to 2023-07-11T00:00:00+00:00, run_after=2023-07-12T00:00:00+00:00
[2023-07-12T06:29:22.535+0000] {logging_mixin.py:150} INFO - [2023-07-12T06:29:22.534+0000] {dag.py:3508} INFO - Setting next_dagrun for example_branch_datetime_operator_2 to 2023-07-11T00:00:00+00:00, run_after=2023-07-12T00:00:00+00:00
[2023-07-12T06:29:22.542+0000] {logging_mixin.py:150} INFO - [2023-07-12T06:29:22.541+0000] {dag.py:3508} INFO - Setting next_dagrun for example_branch_datetime_operator_3 to 2023-07-11T00:00:00+00:00, run_after=2023-07-12T00:00:00+00:00
[2023-07-12T06:29:22.584+0000] {processor.py:179} INFO - Processing /home/airflow/.local/lib/python3.7/site-packages/airflow/example_dags/example_branch_datetime_operator.py took 0.221 seconds
[2023-07-12T06:29:53.721+0000] {processor.py:157} INFO - Started process (PID=589) to work on /home/airflow/.local/lib/python3.7/site-packages/airflow/example_dags/example_branch_datetime_operator.py
[2023-07-12T06:29:53.724+0000] {processor.py:826} INFO - Processing file /home/airflow/.local/lib/python3.7/site-packages/airflow/example_dags/example_branch_datetime_operator.py for tasks to queue
[2023-07-12T06:29:53.727+0000] {logging_mixin.py:150} INFO - [2023-07-12T06:29:53.727+0000] {dagbag.py:541} INFO - Filling up the DagBag from /home/airflow/.local/lib/python3.7/site-packages/airflow/example_dags/example_branch_datetime_operator.py
[2023-07-12T06:29:53.744+0000] {processor.py:836} INFO - DAG(s) dict_keys(['example_branch_datetime_operator_3', 'example_branch_datetime_operator_2', 'example_branch_datetime_operator']) retrieved from /home/airflow/.local/lib/python3.7/site-packages/airflow/example_dags/example_branch_datetime_operator.py
[2023-07-12T06:29:53.801+0000] {logging_mixin.py:150} INFO - [2023-07-12T06:29:53.801+0000] {dag.py:2742} INFO - Sync 3 DAGs
[2023-07-12T06:29:53.850+0000] {logging_mixin.py:150} INFO - [2023-07-12T06:29:53.850+0000] {dag.py:3508} INFO - Setting next_dagrun for example_branch_datetime_operator to 2023-07-11T00:00:00+00:00, run_after=2023-07-12T00:00:00+00:00
[2023-07-12T06:29:53.861+0000] {logging_mixin.py:150} INFO - [2023-07-12T06:29:53.860+0000] {dag.py:3508} INFO - Setting next_dagrun for example_branch_datetime_operator_2 to 2023-07-11T00:00:00+00:00, run_after=2023-07-12T00:00:00+00:00
[2023-07-12T06:29:53.866+0000] {logging_mixin.py:150} INFO - [2023-07-12T06:29:53.865+0000] {dag.py:3508} INFO - Setting next_dagrun for example_branch_datetime_operator_3 to 2023-07-11T00:00:00+00:00, run_after=2023-07-12T00:00:00+00:00
[2023-07-12T06:29:53.893+0000] {processor.py:179} INFO - Processing /home/airflow/.local/lib/python3.7/site-packages/airflow/example_dags/example_branch_datetime_operator.py took 0.181 seconds
[2023-07-12T06:30:24.034+0000] {processor.py:157} INFO - Started process (PID=830) to work on /home/airflow/.local/lib/python3.7/site-packages/airflow/example_dags/example_branch_datetime_operator.py
[2023-07-12T06:30:24.039+0000] {processor.py:826} INFO - Processing file /home/airflow/.local/lib/python3.7/site-packages/airflow/example_dags/example_branch_datetime_operator.py for tasks to queue
[2023-07-12T06:30:24.041+0000] {logging_mixin.py:150} INFO - [2023-07-12T06:30:24.041+0000] {dagbag.py:541} INFO - Filling up the DagBag from /home/airflow/.local/lib/python3.7/site-packages/airflow/example_dags/example_branch_datetime_operator.py
[2023-07-12T06:30:24.058+0000] {processor.py:836} INFO - DAG(s) dict_keys(['example_branch_datetime_operator_2', 'example_branch_datetime_operator_3', 'example_branch_datetime_operator']) retrieved from /home/airflow/.local/lib/python3.7/site-packages/airflow/example_dags/example_branch_datetime_operator.py
[2023-07-12T06:30:24.111+0000] {logging_mixin.py:150} INFO - [2023-07-12T06:30:24.111+0000] {dag.py:2742} INFO - Sync 3 DAGs
[2023-07-12T06:30:24.150+0000] {logging_mixin.py:150} INFO - [2023-07-12T06:30:24.149+0000] {dag.py:3508} INFO - Setting next_dagrun for example_branch_datetime_operator to 2023-07-11T00:00:00+00:00, run_after=2023-07-12T00:00:00+00:00
[2023-07-12T06:30:24.158+0000] {logging_mixin.py:150} INFO - [2023-07-12T06:30:24.158+0000] {dag.py:3508} INFO - Setting next_dagrun for example_branch_datetime_operator_2 to 2023-07-11T00:00:00+00:00, run_after=2023-07-12T00:00:00+00:00
[2023-07-12T06:30:24.163+0000] {logging_mixin.py:150} INFO - [2023-07-12T06:30:24.163+0000] {dag.py:3508} INFO - Setting next_dagrun for example_branch_datetime_operator_3 to 2023-07-11T00:00:00+00:00, run_after=2023-07-12T00:00:00+00:00
[2023-07-12T06:30:24.193+0000] {processor.py:179} INFO - Processing /home/airflow/.local/lib/python3.7/site-packages/airflow/example_dags/example_branch_datetime_operator.py took 0.166 seconds
[2023-07-12T06:30:54.446+0000] {processor.py:157} INFO - Started process (PID=1071) to work on /home/airflow/.local/lib/python3.7/site-packages/airflow/example_dags/example_branch_datetime_operator.py
[2023-07-12T06:30:54.450+0000] {processor.py:826} INFO - Processing file /home/airflow/.local/lib/python3.7/site-packages/airflow/example_dags/example_branch_datetime_operator.py for tasks to queue
[2023-07-12T06:30:54.454+0000] {logging_mixin.py:150} INFO - [2023-07-12T06:30:54.454+0000] {dagbag.py:541} INFO - Filling up the DagBag from /home/airflow/.local/lib/python3.7/site-packages/airflow/example_dags/example_branch_datetime_operator.py
[2023-07-12T06:30:54.475+0000] {processor.py:836} INFO - DAG(s) dict_keys(['example_branch_datetime_operator_3', 'example_branch_datetime_operator_2', 'example_branch_datetime_operator']) retrieved from /home/airflow/.local/lib/python3.7/site-packages/airflow/example_dags/example_branch_datetime_operator.py
[2023-07-12T06:30:54.533+0000] {logging_mixin.py:150} INFO - [2023-07-12T06:30:54.533+0000] {dag.py:2742} INFO - Sync 3 DAGs
[2023-07-12T06:30:54.577+0000] {logging_mixin.py:150} INFO - [2023-07-12T06:30:54.577+0000] {dag.py:3508} INFO - Setting next_dagrun for example_branch_datetime_operator to 2023-07-11T00:00:00+00:00, run_after=2023-07-12T00:00:00+00:00
[2023-07-12T06:30:54.584+0000] {logging_mixin.py:150} INFO - [2023-07-12T06:30:54.584+0000] {dag.py:3508} INFO - Setting next_dagrun for example_branch_datetime_operator_2 to 2023-07-11T00:00:00+00:00, run_after=2023-07-12T00:00:00+00:00
[2023-07-12T06:30:54.589+0000] {logging_mixin.py:150} INFO - [2023-07-12T06:30:54.588+0000] {dag.py:3508} INFO - Setting next_dagrun for example_branch_datetime_operator_3 to 2023-07-11T00:00:00+00:00, run_after=2023-07-12T00:00:00+00:00
[2023-07-12T06:30:54.616+0000] {processor.py:179} INFO - Processing /home/airflow/.local/lib/python3.7/site-packages/airflow/example_dags/example_branch_datetime_operator.py took 0.177 seconds
[2023-07-12T06:31:25.337+0000] {processor.py:157} INFO - Started process (PID=1354) to work on /home/airflow/.local/lib/python3.7/site-packages/airflow/example_dags/example_branch_datetime_operator.py
[2023-07-12T06:31:25.339+0000] {processor.py:826} INFO - Processing file /home/airflow/.local/lib/python3.7/site-packages/airflow/example_dags/example_branch_datetime_operator.py for tasks to queue
[2023-07-12T06:31:25.343+0000] {logging_mixin.py:150} INFO - [2023-07-12T06:31:25.343+0000] {dagbag.py:541} INFO - Filling up the DagBag from /home/airflow/.local/lib/python3.7/site-packages/airflow/example_dags/example_branch_datetime_operator.py
[2023-07-12T06:31:25.357+0000] {processor.py:836} INFO - DAG(s) dict_keys(['example_branch_datetime_operator', 'example_branch_datetime_operator_2', 'example_branch_datetime_operator_3']) retrieved from /home/airflow/.local/lib/python3.7/site-packages/airflow/example_dags/example_branch_datetime_operator.py
[2023-07-12T06:31:25.409+0000] {logging_mixin.py:150} INFO - [2023-07-12T06:31:25.408+0000] {dag.py:2742} INFO - Sync 3 DAGs
[2023-07-12T06:31:25.459+0000] {logging_mixin.py:150} INFO - [2023-07-12T06:31:25.459+0000] {dag.py:3508} INFO - Setting next_dagrun for example_branch_datetime_operator to 2023-07-11T00:00:00+00:00, run_after=2023-07-12T00:00:00+00:00
[2023-07-12T06:31:25.468+0000] {logging_mixin.py:150} INFO - [2023-07-12T06:31:25.468+0000] {dag.py:3508} INFO - Setting next_dagrun for example_branch_datetime_operator_2 to 2023-07-11T00:00:00+00:00, run_after=2023-07-12T00:00:00+00:00
[2023-07-12T06:31:25.474+0000] {logging_mixin.py:150} INFO - [2023-07-12T06:31:25.474+0000] {dag.py:3508} INFO - Setting next_dagrun for example_branch_datetime_operator_3 to 2023-07-11T00:00:00+00:00, run_after=2023-07-12T00:00:00+00:00
[2023-07-12T06:31:25.501+0000] {processor.py:179} INFO - Processing /home/airflow/.local/lib/python3.7/site-packages/airflow/example_dags/example_branch_datetime_operator.py took 0.169 seconds
[2023-07-12T06:31:55.836+0000] {processor.py:157} INFO - Started process (PID=1595) to work on /home/airflow/.local/lib/python3.7/site-packages/airflow/example_dags/example_branch_datetime_operator.py
[2023-07-12T06:31:55.839+0000] {processor.py:826} INFO - Processing file /home/airflow/.local/lib/python3.7/site-packages/airflow/example_dags/example_branch_datetime_operator.py for tasks to queue
[2023-07-12T06:31:55.842+0000] {logging_mixin.py:150} INFO - [2023-07-12T06:31:55.842+0000] {dagbag.py:541} INFO - Filling up the DagBag from /home/airflow/.local/lib/python3.7/site-packages/airflow/example_dags/example_branch_datetime_operator.py
[2023-07-12T06:31:55.859+0000] {processor.py:836} INFO - DAG(s) dict_keys(['example_branch_datetime_operator', 'example_branch_datetime_operator_2', 'example_branch_datetime_operator_3']) retrieved from /home/airflow/.local/lib/python3.7/site-packages/airflow/example_dags/example_branch_datetime_operator.py
[2023-07-12T06:31:55.916+0000] {logging_mixin.py:150} INFO - [2023-07-12T06:31:55.916+0000] {dag.py:2742} INFO - Sync 3 DAGs
[2023-07-12T06:31:55.972+0000] {logging_mixin.py:150} INFO - [2023-07-12T06:31:55.972+0000] {dag.py:3508} INFO - Setting next_dagrun for example_branch_datetime_operator to 2023-07-11T00:00:00+00:00, run_after=2023-07-12T00:00:00+00:00
[2023-07-12T06:31:55.982+0000] {logging_mixin.py:150} INFO - [2023-07-12T06:31:55.982+0000] {dag.py:3508} INFO - Setting next_dagrun for example_branch_datetime_operator_2 to 2023-07-11T00:00:00+00:00, run_after=2023-07-12T00:00:00+00:00
[2023-07-12T06:31:55.987+0000] {logging_mixin.py:150} INFO - [2023-07-12T06:31:55.987+0000] {dag.py:3508} INFO - Setting next_dagrun for example_branch_datetime_operator_3 to 2023-07-11T00:00:00+00:00, run_after=2023-07-12T00:00:00+00:00
[2023-07-12T06:31:56.016+0000] {processor.py:179} INFO - Processing /home/airflow/.local/lib/python3.7/site-packages/airflow/example_dags/example_branch_datetime_operator.py took 0.186 seconds
[2023-07-12T06:32:26.166+0000] {processor.py:157} INFO - Started process (PID=1836) to work on /home/airflow/.local/lib/python3.7/site-packages/airflow/example_dags/example_branch_datetime_operator.py
[2023-07-12T06:32:26.170+0000] {processor.py:826} INFO - Processing file /home/airflow/.local/lib/python3.7/site-packages/airflow/example_dags/example_branch_datetime_operator.py for tasks to queue
[2023-07-12T06:32:26.173+0000] {logging_mixin.py:150} INFO - [2023-07-12T06:32:26.173+0000] {dagbag.py:541} INFO - Filling up the DagBag from /home/airflow/.local/lib/python3.7/site-packages/airflow/example_dags/example_branch_datetime_operator.py
[2023-07-12T06:32:26.191+0000] {processor.py:836} INFO - DAG(s) dict_keys(['example_branch_datetime_operator', 'example_branch_datetime_operator_2', 'example_branch_datetime_operator_3']) retrieved from /home/airflow/.local/lib/python3.7/site-packages/airflow/example_dags/example_branch_datetime_operator.py
[2023-07-12T06:32:26.241+0000] {logging_mixin.py:150} INFO - [2023-07-12T06:32:26.241+0000] {dag.py:2742} INFO - Sync 3 DAGs
[2023-07-12T06:32:26.282+0000] {logging_mixin.py:150} INFO - [2023-07-12T06:32:26.282+0000] {dag.py:3508} INFO - Setting next_dagrun for example_branch_datetime_operator to 2023-07-11T00:00:00+00:00, run_after=2023-07-12T00:00:00+00:00
[2023-07-12T06:32:26.292+0000] {logging_mixin.py:150} INFO - [2023-07-12T06:32:26.292+0000] {dag.py:3508} INFO - Setting next_dagrun for example_branch_datetime_operator_2 to 2023-07-11T00:00:00+00:00, run_after=2023-07-12T00:00:00+00:00
[2023-07-12T06:32:26.296+0000] {logging_mixin.py:150} INFO - [2023-07-12T06:32:26.296+0000] {dag.py:3508} INFO - Setting next_dagrun for example_branch_datetime_operator_3 to 2023-07-11T00:00:00+00:00, run_after=2023-07-12T00:00:00+00:00
[2023-07-12T06:32:26.325+0000] {processor.py:179} INFO - Processing /home/airflow/.local/lib/python3.7/site-packages/airflow/example_dags/example_branch_datetime_operator.py took 0.166 seconds
[2023-07-12T06:32:56.795+0000] {processor.py:157} INFO - Started process (PID=2077) to work on /home/airflow/.local/lib/python3.7/site-packages/airflow/example_dags/example_branch_datetime_operator.py
[2023-07-12T06:32:56.800+0000] {processor.py:826} INFO - Processing file /home/airflow/.local/lib/python3.7/site-packages/airflow/example_dags/example_branch_datetime_operator.py for tasks to queue
[2023-07-12T06:32:56.803+0000] {logging_mixin.py:150} INFO - [2023-07-12T06:32:56.803+0000] {dagbag.py:541} INFO - Filling up the DagBag from /home/airflow/.local/lib/python3.7/site-packages/airflow/example_dags/example_branch_datetime_operator.py
[2023-07-12T06:32:56.822+0000] {processor.py:836} INFO - DAG(s) dict_keys(['example_branch_datetime_operator_2', 'example_branch_datetime_operator_3', 'example_branch_datetime_operator']) retrieved from /home/airflow/.local/lib/python3.7/site-packages/airflow/example_dags/example_branch_datetime_operator.py
[2023-07-12T06:32:56.889+0000] {logging_mixin.py:150} INFO - [2023-07-12T06:32:56.889+0000] {dag.py:2742} INFO - Sync 3 DAGs
[2023-07-12T06:32:56.932+0000] {logging_mixin.py:150} INFO - [2023-07-12T06:32:56.932+0000] {dag.py:3508} INFO - Setting next_dagrun for example_branch_datetime_operator to 2023-07-11T00:00:00+00:00, run_after=2023-07-12T00:00:00+00:00
[2023-07-12T06:32:56.940+0000] {logging_mixin.py:150} INFO - [2023-07-12T06:32:56.939+0000] {dag.py:3508} INFO - Setting next_dagrun for example_branch_datetime_operator_2 to 2023-07-11T00:00:00+00:00, run_after=2023-07-12T00:00:00+00:00
[2023-07-12T06:32:56.946+0000] {logging_mixin.py:150} INFO - [2023-07-12T06:32:56.945+0000] {dag.py:3508} INFO - Setting next_dagrun for example_branch_datetime_operator_3 to 2023-07-11T00:00:00+00:00, run_after=2023-07-12T00:00:00+00:00
[2023-07-12T06:32:56.978+0000] {processor.py:179} INFO - Processing /home/airflow/.local/lib/python3.7/site-packages/airflow/example_dags/example_branch_datetime_operator.py took 0.189 seconds
[2023-07-12T06:33:27.240+0000] {processor.py:157} INFO - Started process (PID=2320) to work on /home/airflow/.local/lib/python3.7/site-packages/airflow/example_dags/example_branch_datetime_operator.py
[2023-07-12T06:33:27.244+0000] {processor.py:826} INFO - Processing file /home/airflow/.local/lib/python3.7/site-packages/airflow/example_dags/example_branch_datetime_operator.py for tasks to queue
[2023-07-12T06:33:27.247+0000] {logging_mixin.py:150} INFO - [2023-07-12T06:33:27.246+0000] {dagbag.py:541} INFO - Filling up the DagBag from /home/airflow/.local/lib/python3.7/site-packages/airflow/example_dags/example_branch_datetime_operator.py
[2023-07-12T06:33:27.269+0000] {processor.py:836} INFO - DAG(s) dict_keys(['example_branch_datetime_operator', 'example_branch_datetime_operator_2', 'example_branch_datetime_operator_3']) retrieved from /home/airflow/.local/lib/python3.7/site-packages/airflow/example_dags/example_branch_datetime_operator.py
[2023-07-12T06:33:27.324+0000] {logging_mixin.py:150} INFO - [2023-07-12T06:33:27.324+0000] {dag.py:2742} INFO - Sync 3 DAGs
[2023-07-12T06:33:27.362+0000] {logging_mixin.py:150} INFO - [2023-07-12T06:33:27.362+0000] {dag.py:3508} INFO - Setting next_dagrun for example_branch_datetime_operator to 2023-07-11T00:00:00+00:00, run_after=2023-07-12T00:00:00+00:00
[2023-07-12T06:33:27.372+0000] {logging_mixin.py:150} INFO - [2023-07-12T06:33:27.371+0000] {dag.py:3508} INFO - Setting next_dagrun for example_branch_datetime_operator_2 to 2023-07-11T00:00:00+00:00, run_after=2023-07-12T00:00:00+00:00
[2023-07-12T06:33:27.378+0000] {logging_mixin.py:150} INFO - [2023-07-12T06:33:27.377+0000] {dag.py:3508} INFO - Setting next_dagrun for example_branch_datetime_operator_3 to 2023-07-11T00:00:00+00:00, run_after=2023-07-12T00:00:00+00:00
[2023-07-12T06:33:27.411+0000] {processor.py:179} INFO - Processing /home/airflow/.local/lib/python3.7/site-packages/airflow/example_dags/example_branch_datetime_operator.py took 0.178 seconds
[2023-07-12T06:33:57.586+0000] {processor.py:157} INFO - Started process (PID=2559) to work on /home/airflow/.local/lib/python3.7/site-packages/airflow/example_dags/example_branch_datetime_operator.py
[2023-07-12T06:33:57.589+0000] {processor.py:826} INFO - Processing file /home/airflow/.local/lib/python3.7/site-packages/airflow/example_dags/example_branch_datetime_operator.py for tasks to queue
[2023-07-12T06:33:57.592+0000] {logging_mixin.py:150} INFO - [2023-07-12T06:33:57.592+0000] {dagbag.py:541} INFO - Filling up the DagBag from /home/airflow/.local/lib/python3.7/site-packages/airflow/example_dags/example_branch_datetime_operator.py
[2023-07-12T06:33:57.606+0000] {processor.py:836} INFO - DAG(s) dict_keys(['example_branch_datetime_operator', 'example_branch_datetime_operator_2', 'example_branch_datetime_operator_3']) retrieved from /home/airflow/.local/lib/python3.7/site-packages/airflow/example_dags/example_branch_datetime_operator.py
[2023-07-12T06:33:57.656+0000] {logging_mixin.py:150} INFO - [2023-07-12T06:33:57.655+0000] {dag.py:2742} INFO - Sync 3 DAGs
[2023-07-12T06:33:57.702+0000] {logging_mixin.py:150} INFO - [2023-07-12T06:33:57.702+0000] {dag.py:3508} INFO - Setting next_dagrun for example_branch_datetime_operator to 2023-07-11T00:00:00+00:00, run_after=2023-07-12T00:00:00+00:00
[2023-07-12T06:33:57.709+0000] {logging_mixin.py:150} INFO - [2023-07-12T06:33:57.709+0000] {dag.py:3508} INFO - Setting next_dagrun for example_branch_datetime_operator_2 to 2023-07-11T00:00:00+00:00, run_after=2023-07-12T00:00:00+00:00
[2023-07-12T06:33:57.716+0000] {logging_mixin.py:150} INFO - [2023-07-12T06:33:57.715+0000] {dag.py:3508} INFO - Setting next_dagrun for example_branch_datetime_operator_3 to 2023-07-11T00:00:00+00:00, run_after=2023-07-12T00:00:00+00:00
[2023-07-12T06:33:57.758+0000] {processor.py:179} INFO - Processing /home/airflow/.local/lib/python3.7/site-packages/airflow/example_dags/example_branch_datetime_operator.py took 0.178 seconds
[2023-07-12T06:34:28.312+0000] {processor.py:157} INFO - Started process (PID=2802) to work on /home/airflow/.local/lib/python3.7/site-packages/airflow/example_dags/example_branch_datetime_operator.py
[2023-07-12T06:34:28.316+0000] {processor.py:826} INFO - Processing file /home/airflow/.local/lib/python3.7/site-packages/airflow/example_dags/example_branch_datetime_operator.py for tasks to queue
[2023-07-12T06:34:28.319+0000] {logging_mixin.py:150} INFO - [2023-07-12T06:34:28.319+0000] {dagbag.py:541} INFO - Filling up the DagBag from /home/airflow/.local/lib/python3.7/site-packages/airflow/example_dags/example_branch_datetime_operator.py
[2023-07-12T06:34:28.336+0000] {processor.py:836} INFO - DAG(s) dict_keys(['example_branch_datetime_operator_2', 'example_branch_datetime_operator_3', 'example_branch_datetime_operator']) retrieved from /home/airflow/.local/lib/python3.7/site-packages/airflow/example_dags/example_branch_datetime_operator.py
[2023-07-12T06:34:28.387+0000] {logging_mixin.py:150} INFO - [2023-07-12T06:34:28.387+0000] {dag.py:2742} INFO - Sync 3 DAGs
[2023-07-12T06:34:28.427+0000] {logging_mixin.py:150} INFO - [2023-07-12T06:34:28.427+0000] {dag.py:3508} INFO - Setting next_dagrun for example_branch_datetime_operator to 2023-07-11T00:00:00+00:00, run_after=2023-07-12T00:00:00+00:00
[2023-07-12T06:34:28.435+0000] {logging_mixin.py:150} INFO - [2023-07-12T06:34:28.435+0000] {dag.py:3508} INFO - Setting next_dagrun for example_branch_datetime_operator_2 to 2023-07-11T00:00:00+00:00, run_after=2023-07-12T00:00:00+00:00
[2023-07-12T06:34:28.440+0000] {logging_mixin.py:150} INFO - [2023-07-12T06:34:28.439+0000] {dag.py:3508} INFO - Setting next_dagrun for example_branch_datetime_operator_3 to 2023-07-11T00:00:00+00:00, run_after=2023-07-12T00:00:00+00:00
[2023-07-12T06:34:28.464+0000] {processor.py:179} INFO - Processing /home/airflow/.local/lib/python3.7/site-packages/airflow/example_dags/example_branch_datetime_operator.py took 0.157 seconds
[2023-07-12T06:34:59.376+0000] {processor.py:157} INFO - Started process (PID=3043) to work on /home/airflow/.local/lib/python3.7/site-packages/airflow/example_dags/example_branch_datetime_operator.py
[2023-07-12T06:34:59.379+0000] {processor.py:826} INFO - Processing file /home/airflow/.local/lib/python3.7/site-packages/airflow/example_dags/example_branch_datetime_operator.py for tasks to queue
[2023-07-12T06:34:59.382+0000] {logging_mixin.py:150} INFO - [2023-07-12T06:34:59.382+0000] {dagbag.py:541} INFO - Filling up the DagBag from /home/airflow/.local/lib/python3.7/site-packages/airflow/example_dags/example_branch_datetime_operator.py
[2023-07-12T06:34:59.399+0000] {processor.py:836} INFO - DAG(s) dict_keys(['example_branch_datetime_operator_3', 'example_branch_datetime_operator', 'example_branch_datetime_operator_2']) retrieved from /home/airflow/.local/lib/python3.7/site-packages/airflow/example_dags/example_branch_datetime_operator.py
[2023-07-12T06:34:59.456+0000] {logging_mixin.py:150} INFO - [2023-07-12T06:34:59.455+0000] {dag.py:2742} INFO - Sync 3 DAGs
[2023-07-12T06:34:59.496+0000] {logging_mixin.py:150} INFO - [2023-07-12T06:34:59.495+0000] {dag.py:3508} INFO - Setting next_dagrun for example_branch_datetime_operator to 2023-07-11T00:00:00+00:00, run_after=2023-07-12T00:00:00+00:00
[2023-07-12T06:34:59.503+0000] {logging_mixin.py:150} INFO - [2023-07-12T06:34:59.503+0000] {dag.py:3508} INFO - Setting next_dagrun for example_branch_datetime_operator_2 to 2023-07-11T00:00:00+00:00, run_after=2023-07-12T00:00:00+00:00
[2023-07-12T06:34:59.509+0000] {logging_mixin.py:150} INFO - [2023-07-12T06:34:59.508+0000] {dag.py:3508} INFO - Setting next_dagrun for example_branch_datetime_operator_3 to 2023-07-11T00:00:00+00:00, run_after=2023-07-12T00:00:00+00:00
[2023-07-12T06:34:59.542+0000] {processor.py:179} INFO - Processing /home/airflow/.local/lib/python3.7/site-packages/airflow/example_dags/example_branch_datetime_operator.py took 0.176 seconds
[2023-07-12T06:35:29.705+0000] {processor.py:157} INFO - Started process (PID=3282) to work on /home/airflow/.local/lib/python3.7/site-packages/airflow/example_dags/example_branch_datetime_operator.py
[2023-07-12T06:35:29.709+0000] {processor.py:826} INFO - Processing file /home/airflow/.local/lib/python3.7/site-packages/airflow/example_dags/example_branch_datetime_operator.py for tasks to queue
[2023-07-12T06:35:29.713+0000] {logging_mixin.py:150} INFO - [2023-07-12T06:35:29.712+0000] {dagbag.py:541} INFO - Filling up the DagBag from /home/airflow/.local/lib/python3.7/site-packages/airflow/example_dags/example_branch_datetime_operator.py
[2023-07-12T06:35:29.749+0000] {processor.py:836} INFO - DAG(s) dict_keys(['example_branch_datetime_operator', 'example_branch_datetime_operator_3', 'example_branch_datetime_operator_2']) retrieved from /home/airflow/.local/lib/python3.7/site-packages/airflow/example_dags/example_branch_datetime_operator.py
[2023-07-12T06:35:29.821+0000] {logging_mixin.py:150} INFO - [2023-07-12T06:35:29.821+0000] {dag.py:2742} INFO - Sync 3 DAGs
[2023-07-12T06:35:29.865+0000] {logging_mixin.py:150} INFO - [2023-07-12T06:35:29.864+0000] {dag.py:3508} INFO - Setting next_dagrun for example_branch_datetime_operator to 2023-07-11T00:00:00+00:00, run_after=2023-07-12T00:00:00+00:00
[2023-07-12T06:35:29.875+0000] {logging_mixin.py:150} INFO - [2023-07-12T06:35:29.875+0000] {dag.py:3508} INFO - Setting next_dagrun for example_branch_datetime_operator_2 to 2023-07-11T00:00:00+00:00, run_after=2023-07-12T00:00:00+00:00
[2023-07-12T06:35:29.880+0000] {logging_mixin.py:150} INFO - [2023-07-12T06:35:29.879+0000] {dag.py:3508} INFO - Setting next_dagrun for example_branch_datetime_operator_3 to 2023-07-11T00:00:00+00:00, run_after=2023-07-12T00:00:00+00:00
[2023-07-12T06:35:29.914+0000] {processor.py:179} INFO - Processing /home/airflow/.local/lib/python3.7/site-packages/airflow/example_dags/example_branch_datetime_operator.py took 0.220 seconds
[2023-07-12T06:36:00.718+0000] {processor.py:157} INFO - Started process (PID=3525) to work on /home/airflow/.local/lib/python3.7/site-packages/airflow/example_dags/example_branch_datetime_operator.py
[2023-07-12T06:36:00.721+0000] {processor.py:826} INFO - Processing file /home/airflow/.local/lib/python3.7/site-packages/airflow/example_dags/example_branch_datetime_operator.py for tasks to queue
[2023-07-12T06:36:00.725+0000] {logging_mixin.py:150} INFO - [2023-07-12T06:36:00.724+0000] {dagbag.py:541} INFO - Filling up the DagBag from /home/airflow/.local/lib/python3.7/site-packages/airflow/example_dags/example_branch_datetime_operator.py
[2023-07-12T06:36:00.746+0000] {processor.py:836} INFO - DAG(s) dict_keys(['example_branch_datetime_operator', 'example_branch_datetime_operator_3', 'example_branch_datetime_operator_2']) retrieved from /home/airflow/.local/lib/python3.7/site-packages/airflow/example_dags/example_branch_datetime_operator.py
[2023-07-12T06:36:00.798+0000] {logging_mixin.py:150} INFO - [2023-07-12T06:36:00.798+0000] {dag.py:2742} INFO - Sync 3 DAGs
[2023-07-12T06:36:00.838+0000] {logging_mixin.py:150} INFO - [2023-07-12T06:36:00.838+0000] {dag.py:3508} INFO - Setting next_dagrun for example_branch_datetime_operator to 2023-07-11T00:00:00+00:00, run_after=2023-07-12T00:00:00+00:00
[2023-07-12T06:36:00.847+0000] {logging_mixin.py:150} INFO - [2023-07-12T06:36:00.847+0000] {dag.py:3508} INFO - Setting next_dagrun for example_branch_datetime_operator_2 to 2023-07-11T00:00:00+00:00, run_after=2023-07-12T00:00:00+00:00
[2023-07-12T06:36:00.852+0000] {logging_mixin.py:150} INFO - [2023-07-12T06:36:00.852+0000] {dag.py:3508} INFO - Setting next_dagrun for example_branch_datetime_operator_3 to 2023-07-11T00:00:00+00:00, run_after=2023-07-12T00:00:00+00:00
[2023-07-12T06:36:00.884+0000] {processor.py:179} INFO - Processing /home/airflow/.local/lib/python3.7/site-packages/airflow/example_dags/example_branch_datetime_operator.py took 0.173 seconds
[2023-07-12T06:36:31.587+0000] {processor.py:157} INFO - Started process (PID=3766) to work on /home/airflow/.local/lib/python3.7/site-packages/airflow/example_dags/example_branch_datetime_operator.py
[2023-07-12T06:36:31.590+0000] {processor.py:826} INFO - Processing file /home/airflow/.local/lib/python3.7/site-packages/airflow/example_dags/example_branch_datetime_operator.py for tasks to queue
[2023-07-12T06:36:31.593+0000] {logging_mixin.py:150} INFO - [2023-07-12T06:36:31.593+0000] {dagbag.py:541} INFO - Filling up the DagBag from /home/airflow/.local/lib/python3.7/site-packages/airflow/example_dags/example_branch_datetime_operator.py
[2023-07-12T06:36:31.612+0000] {processor.py:836} INFO - DAG(s) dict_keys(['example_branch_datetime_operator_3', 'example_branch_datetime_operator_2', 'example_branch_datetime_operator']) retrieved from /home/airflow/.local/lib/python3.7/site-packages/airflow/example_dags/example_branch_datetime_operator.py
[2023-07-12T06:36:31.668+0000] {logging_mixin.py:150} INFO - [2023-07-12T06:36:31.668+0000] {dag.py:2742} INFO - Sync 3 DAGs
[2023-07-12T06:36:31.707+0000] {logging_mixin.py:150} INFO - [2023-07-12T06:36:31.706+0000] {dag.py:3508} INFO - Setting next_dagrun for example_branch_datetime_operator to 2023-07-11T00:00:00+00:00, run_after=2023-07-12T00:00:00+00:00
[2023-07-12T06:36:31.715+0000] {logging_mixin.py:150} INFO - [2023-07-12T06:36:31.714+0000] {dag.py:3508} INFO - Setting next_dagrun for example_branch_datetime_operator_2 to 2023-07-11T00:00:00+00:00, run_after=2023-07-12T00:00:00+00:00
[2023-07-12T06:36:31.720+0000] {logging_mixin.py:150} INFO - [2023-07-12T06:36:31.720+0000] {dag.py:3508} INFO - Setting next_dagrun for example_branch_datetime_operator_3 to 2023-07-11T00:00:00+00:00, run_after=2023-07-12T00:00:00+00:00
[2023-07-12T06:36:31.750+0000] {processor.py:179} INFO - Processing /home/airflow/.local/lib/python3.7/site-packages/airflow/example_dags/example_branch_datetime_operator.py took 0.171 seconds
[2023-07-12T06:37:02.040+0000] {processor.py:157} INFO - Started process (PID=4005) to work on /home/airflow/.local/lib/python3.7/site-packages/airflow/example_dags/example_branch_datetime_operator.py
[2023-07-12T06:37:02.043+0000] {processor.py:826} INFO - Processing file /home/airflow/.local/lib/python3.7/site-packages/airflow/example_dags/example_branch_datetime_operator.py for tasks to queue
[2023-07-12T06:37:02.046+0000] {logging_mixin.py:150} INFO - [2023-07-12T06:37:02.046+0000] {dagbag.py:541} INFO - Filling up the DagBag from /home/airflow/.local/lib/python3.7/site-packages/airflow/example_dags/example_branch_datetime_operator.py
[2023-07-12T06:37:02.063+0000] {processor.py:836} INFO - DAG(s) dict_keys(['example_branch_datetime_operator_3', 'example_branch_datetime_operator', 'example_branch_datetime_operator_2']) retrieved from /home/airflow/.local/lib/python3.7/site-packages/airflow/example_dags/example_branch_datetime_operator.py
[2023-07-12T06:37:02.113+0000] {logging_mixin.py:150} INFO - [2023-07-12T06:37:02.112+0000] {dag.py:2742} INFO - Sync 3 DAGs
[2023-07-12T06:37:02.150+0000] {logging_mixin.py:150} INFO - [2023-07-12T06:37:02.149+0000] {dag.py:3508} INFO - Setting next_dagrun for example_branch_datetime_operator to 2023-07-11T00:00:00+00:00, run_after=2023-07-12T00:00:00+00:00
[2023-07-12T06:37:02.159+0000] {logging_mixin.py:150} INFO - [2023-07-12T06:37:02.158+0000] {dag.py:3508} INFO - Setting next_dagrun for example_branch_datetime_operator_2 to 2023-07-11T00:00:00+00:00, run_after=2023-07-12T00:00:00+00:00
[2023-07-12T06:37:02.166+0000] {logging_mixin.py:150} INFO - [2023-07-12T06:37:02.166+0000] {dag.py:3508} INFO - Setting next_dagrun for example_branch_datetime_operator_3 to 2023-07-11T00:00:00+00:00, run_after=2023-07-12T00:00:00+00:00
[2023-07-12T06:37:02.208+0000] {processor.py:179} INFO - Processing /home/airflow/.local/lib/python3.7/site-packages/airflow/example_dags/example_branch_datetime_operator.py took 0.174 seconds
[2023-07-12T06:37:32.821+0000] {processor.py:157} INFO - Started process (PID=4248) to work on /home/airflow/.local/lib/python3.7/site-packages/airflow/example_dags/example_branch_datetime_operator.py
[2023-07-12T06:37:32.824+0000] {processor.py:826} INFO - Processing file /home/airflow/.local/lib/python3.7/site-packages/airflow/example_dags/example_branch_datetime_operator.py for tasks to queue
[2023-07-12T06:37:32.827+0000] {logging_mixin.py:150} INFO - [2023-07-12T06:37:32.826+0000] {dagbag.py:541} INFO - Filling up the DagBag from /home/airflow/.local/lib/python3.7/site-packages/airflow/example_dags/example_branch_datetime_operator.py
[2023-07-12T06:37:32.843+0000] {processor.py:836} INFO - DAG(s) dict_keys(['example_branch_datetime_operator', 'example_branch_datetime_operator_3', 'example_branch_datetime_operator_2']) retrieved from /home/airflow/.local/lib/python3.7/site-packages/airflow/example_dags/example_branch_datetime_operator.py
[2023-07-12T06:37:32.895+0000] {logging_mixin.py:150} INFO - [2023-07-12T06:37:32.895+0000] {dag.py:2742} INFO - Sync 3 DAGs
[2023-07-12T06:37:32.938+0000] {logging_mixin.py:150} INFO - [2023-07-12T06:37:32.937+0000] {dag.py:3508} INFO - Setting next_dagrun for example_branch_datetime_operator to 2023-07-11T00:00:00+00:00, run_after=2023-07-12T00:00:00+00:00
[2023-07-12T06:37:32.948+0000] {logging_mixin.py:150} INFO - [2023-07-12T06:37:32.948+0000] {dag.py:3508} INFO - Setting next_dagrun for example_branch_datetime_operator_2 to 2023-07-11T00:00:00+00:00, run_after=2023-07-12T00:00:00+00:00
[2023-07-12T06:37:32.952+0000] {logging_mixin.py:150} INFO - [2023-07-12T06:37:32.952+0000] {dag.py:3508} INFO - Setting next_dagrun for example_branch_datetime_operator_3 to 2023-07-11T00:00:00+00:00, run_after=2023-07-12T00:00:00+00:00
[2023-07-12T06:37:32.985+0000] {processor.py:179} INFO - Processing /home/airflow/.local/lib/python3.7/site-packages/airflow/example_dags/example_branch_datetime_operator.py took 0.169 seconds
[2023-07-12T06:38:03.250+0000] {processor.py:157} INFO - Started process (PID=4486) to work on /home/airflow/.local/lib/python3.7/site-packages/airflow/example_dags/example_branch_datetime_operator.py
[2023-07-12T06:38:03.253+0000] {processor.py:826} INFO - Processing file /home/airflow/.local/lib/python3.7/site-packages/airflow/example_dags/example_branch_datetime_operator.py for tasks to queue
[2023-07-12T06:38:03.257+0000] {logging_mixin.py:150} INFO - [2023-07-12T06:38:03.257+0000] {dagbag.py:541} INFO - Filling up the DagBag from /home/airflow/.local/lib/python3.7/site-packages/airflow/example_dags/example_branch_datetime_operator.py
[2023-07-12T06:38:03.275+0000] {processor.py:836} INFO - DAG(s) dict_keys(['example_branch_datetime_operator_2', 'example_branch_datetime_operator', 'example_branch_datetime_operator_3']) retrieved from /home/airflow/.local/lib/python3.7/site-packages/airflow/example_dags/example_branch_datetime_operator.py
[2023-07-12T06:38:03.334+0000] {logging_mixin.py:150} INFO - [2023-07-12T06:38:03.334+0000] {dag.py:2742} INFO - Sync 3 DAGs
[2023-07-12T06:38:03.373+0000] {logging_mixin.py:150} INFO - [2023-07-12T06:38:03.372+0000] {dag.py:3508} INFO - Setting next_dagrun for example_branch_datetime_operator to 2023-07-11T00:00:00+00:00, run_after=2023-07-12T00:00:00+00:00
[2023-07-12T06:38:03.381+0000] {logging_mixin.py:150} INFO - [2023-07-12T06:38:03.380+0000] {dag.py:3508} INFO - Setting next_dagrun for example_branch_datetime_operator_2 to 2023-07-11T00:00:00+00:00, run_after=2023-07-12T00:00:00+00:00
[2023-07-12T06:38:03.385+0000] {logging_mixin.py:150} INFO - [2023-07-12T06:38:03.385+0000] {dag.py:3508} INFO - Setting next_dagrun for example_branch_datetime_operator_3 to 2023-07-11T00:00:00+00:00, run_after=2023-07-12T00:00:00+00:00
[2023-07-12T06:38:03.417+0000] {processor.py:179} INFO - Processing /home/airflow/.local/lib/python3.7/site-packages/airflow/example_dags/example_branch_datetime_operator.py took 0.173 seconds
[2023-07-12T06:38:34.436+0000] {processor.py:157} INFO - Started process (PID=4734) to work on /home/airflow/.local/lib/python3.7/site-packages/airflow/example_dags/example_branch_datetime_operator.py
[2023-07-12T06:38:34.438+0000] {processor.py:826} INFO - Processing file /home/airflow/.local/lib/python3.7/site-packages/airflow/example_dags/example_branch_datetime_operator.py for tasks to queue
[2023-07-12T06:38:34.441+0000] {logging_mixin.py:150} INFO - [2023-07-12T06:38:34.441+0000] {dagbag.py:541} INFO - Filling up the DagBag from /home/airflow/.local/lib/python3.7/site-packages/airflow/example_dags/example_branch_datetime_operator.py
[2023-07-12T06:38:34.457+0000] {processor.py:836} INFO - DAG(s) dict_keys(['example_branch_datetime_operator_2', 'example_branch_datetime_operator', 'example_branch_datetime_operator_3']) retrieved from /home/airflow/.local/lib/python3.7/site-packages/airflow/example_dags/example_branch_datetime_operator.py
[2023-07-12T06:38:34.504+0000] {logging_mixin.py:150} INFO - [2023-07-12T06:38:34.504+0000] {dag.py:2742} INFO - Sync 3 DAGs
[2023-07-12T06:38:34.544+0000] {logging_mixin.py:150} INFO - [2023-07-12T06:38:34.544+0000] {dag.py:3508} INFO - Setting next_dagrun for example_branch_datetime_operator to 2023-07-11T00:00:00+00:00, run_after=2023-07-12T00:00:00+00:00
[2023-07-12T06:38:34.556+0000] {logging_mixin.py:150} INFO - [2023-07-12T06:38:34.556+0000] {dag.py:3508} INFO - Setting next_dagrun for example_branch_datetime_operator_2 to 2023-07-11T00:00:00+00:00, run_after=2023-07-12T00:00:00+00:00
[2023-07-12T06:38:34.563+0000] {logging_mixin.py:150} INFO - [2023-07-12T06:38:34.563+0000] {dag.py:3508} INFO - Setting next_dagrun for example_branch_datetime_operator_3 to 2023-07-11T00:00:00+00:00, run_after=2023-07-12T00:00:00+00:00
[2023-07-12T06:38:34.595+0000] {processor.py:179} INFO - Processing /home/airflow/.local/lib/python3.7/site-packages/airflow/example_dags/example_branch_datetime_operator.py took 0.164 seconds
[2023-07-12T06:39:04.886+0000] {processor.py:157} INFO - Started process (PID=4975) to work on /home/airflow/.local/lib/python3.7/site-packages/airflow/example_dags/example_branch_datetime_operator.py
[2023-07-12T06:39:04.890+0000] {processor.py:826} INFO - Processing file /home/airflow/.local/lib/python3.7/site-packages/airflow/example_dags/example_branch_datetime_operator.py for tasks to queue
[2023-07-12T06:39:04.893+0000] {logging_mixin.py:150} INFO - [2023-07-12T06:39:04.892+0000] {dagbag.py:541} INFO - Filling up the DagBag from /home/airflow/.local/lib/python3.7/site-packages/airflow/example_dags/example_branch_datetime_operator.py
[2023-07-12T06:39:04.908+0000] {processor.py:836} INFO - DAG(s) dict_keys(['example_branch_datetime_operator', 'example_branch_datetime_operator_3', 'example_branch_datetime_operator_2']) retrieved from /home/airflow/.local/lib/python3.7/site-packages/airflow/example_dags/example_branch_datetime_operator.py
[2023-07-12T06:39:04.961+0000] {logging_mixin.py:150} INFO - [2023-07-12T06:39:04.961+0000] {dag.py:2742} INFO - Sync 3 DAGs
[2023-07-12T06:39:04.999+0000] {logging_mixin.py:150} INFO - [2023-07-12T06:39:04.999+0000] {dag.py:3508} INFO - Setting next_dagrun for example_branch_datetime_operator to 2023-07-11T00:00:00+00:00, run_after=2023-07-12T00:00:00+00:00
[2023-07-12T06:39:05.010+0000] {logging_mixin.py:150} INFO - [2023-07-12T06:39:05.010+0000] {dag.py:3508} INFO - Setting next_dagrun for example_branch_datetime_operator_2 to 2023-07-11T00:00:00+00:00, run_after=2023-07-12T00:00:00+00:00
[2023-07-12T06:39:05.015+0000] {logging_mixin.py:150} INFO - [2023-07-12T06:39:05.015+0000] {dag.py:3508} INFO - Setting next_dagrun for example_branch_datetime_operator_3 to 2023-07-11T00:00:00+00:00, run_after=2023-07-12T00:00:00+00:00
[2023-07-12T06:39:05.050+0000] {processor.py:179} INFO - Processing /home/airflow/.local/lib/python3.7/site-packages/airflow/example_dags/example_branch_datetime_operator.py took 0.169 seconds
[2023-07-12T06:39:35.717+0000] {processor.py:157} INFO - Started process (PID=5216) to work on /home/airflow/.local/lib/python3.7/site-packages/airflow/example_dags/example_branch_datetime_operator.py
[2023-07-12T06:39:35.720+0000] {processor.py:826} INFO - Processing file /home/airflow/.local/lib/python3.7/site-packages/airflow/example_dags/example_branch_datetime_operator.py for tasks to queue
[2023-07-12T06:39:35.722+0000] {logging_mixin.py:150} INFO - [2023-07-12T06:39:35.722+0000] {dagbag.py:541} INFO - Filling up the DagBag from /home/airflow/.local/lib/python3.7/site-packages/airflow/example_dags/example_branch_datetime_operator.py
[2023-07-12T06:39:35.741+0000] {processor.py:836} INFO - DAG(s) dict_keys(['example_branch_datetime_operator_3', 'example_branch_datetime_operator_2', 'example_branch_datetime_operator']) retrieved from /home/airflow/.local/lib/python3.7/site-packages/airflow/example_dags/example_branch_datetime_operator.py
[2023-07-12T06:39:35.792+0000] {logging_mixin.py:150} INFO - [2023-07-12T06:39:35.791+0000] {dag.py:2742} INFO - Sync 3 DAGs
[2023-07-12T06:39:35.827+0000] {logging_mixin.py:150} INFO - [2023-07-12T06:39:35.827+0000] {dag.py:3508} INFO - Setting next_dagrun for example_branch_datetime_operator to 2023-07-11T00:00:00+00:00, run_after=2023-07-12T00:00:00+00:00
[2023-07-12T06:39:35.837+0000] {logging_mixin.py:150} INFO - [2023-07-12T06:39:35.837+0000] {dag.py:3508} INFO - Setting next_dagrun for example_branch_datetime_operator_2 to 2023-07-11T00:00:00+00:00, run_after=2023-07-12T00:00:00+00:00
[2023-07-12T06:39:35.842+0000] {logging_mixin.py:150} INFO - [2023-07-12T06:39:35.842+0000] {dag.py:3508} INFO - Setting next_dagrun for example_branch_datetime_operator_3 to 2023-07-11T00:00:00+00:00, run_after=2023-07-12T00:00:00+00:00
[2023-07-12T06:39:35.872+0000] {processor.py:179} INFO - Processing /home/airflow/.local/lib/python3.7/site-packages/airflow/example_dags/example_branch_datetime_operator.py took 0.161 seconds
[2023-07-12T06:40:06.406+0000] {processor.py:157} INFO - Started process (PID=5457) to work on /home/airflow/.local/lib/python3.7/site-packages/airflow/example_dags/example_branch_datetime_operator.py
[2023-07-12T06:40:06.409+0000] {processor.py:826} INFO - Processing file /home/airflow/.local/lib/python3.7/site-packages/airflow/example_dags/example_branch_datetime_operator.py for tasks to queue
[2023-07-12T06:40:06.412+0000] {logging_mixin.py:150} INFO - [2023-07-12T06:40:06.411+0000] {dagbag.py:541} INFO - Filling up the DagBag from /home/airflow/.local/lib/python3.7/site-packages/airflow/example_dags/example_branch_datetime_operator.py
[2023-07-12T06:40:06.428+0000] {processor.py:836} INFO - DAG(s) dict_keys(['example_branch_datetime_operator_2', 'example_branch_datetime_operator_3', 'example_branch_datetime_operator']) retrieved from /home/airflow/.local/lib/python3.7/site-packages/airflow/example_dags/example_branch_datetime_operator.py
[2023-07-12T06:40:06.476+0000] {logging_mixin.py:150} INFO - [2023-07-12T06:40:06.476+0000] {dag.py:2742} INFO - Sync 3 DAGs
[2023-07-12T06:40:06.510+0000] {logging_mixin.py:150} INFO - [2023-07-12T06:40:06.510+0000] {dag.py:3508} INFO - Setting next_dagrun for example_branch_datetime_operator to 2023-07-11T00:00:00+00:00, run_after=2023-07-12T00:00:00+00:00
[2023-07-12T06:40:06.518+0000] {logging_mixin.py:150} INFO - [2023-07-12T06:40:06.518+0000] {dag.py:3508} INFO - Setting next_dagrun for example_branch_datetime_operator_2 to 2023-07-11T00:00:00+00:00, run_after=2023-07-12T00:00:00+00:00
[2023-07-12T06:40:06.523+0000] {logging_mixin.py:150} INFO - [2023-07-12T06:40:06.523+0000] {dag.py:3508} INFO - Setting next_dagrun for example_branch_datetime_operator_3 to 2023-07-11T00:00:00+00:00, run_after=2023-07-12T00:00:00+00:00
[2023-07-12T06:40:06.553+0000] {processor.py:179} INFO - Processing /home/airflow/.local/lib/python3.7/site-packages/airflow/example_dags/example_branch_datetime_operator.py took 0.152 seconds
[2023-07-12T06:40:37.057+0000] {processor.py:157} INFO - Started process (PID=5698) to work on /home/airflow/.local/lib/python3.7/site-packages/airflow/example_dags/example_branch_datetime_operator.py
[2023-07-12T06:40:37.060+0000] {processor.py:826} INFO - Processing file /home/airflow/.local/lib/python3.7/site-packages/airflow/example_dags/example_branch_datetime_operator.py for tasks to queue
[2023-07-12T06:40:37.062+0000] {logging_mixin.py:150} INFO - [2023-07-12T06:40:37.062+0000] {dagbag.py:541} INFO - Filling up the DagBag from /home/airflow/.local/lib/python3.7/site-packages/airflow/example_dags/example_branch_datetime_operator.py
[2023-07-12T06:40:37.081+0000] {processor.py:836} INFO - DAG(s) dict_keys(['example_branch_datetime_operator_3', 'example_branch_datetime_operator', 'example_branch_datetime_operator_2']) retrieved from /home/airflow/.local/lib/python3.7/site-packages/airflow/example_dags/example_branch_datetime_operator.py
[2023-07-12T06:40:37.128+0000] {logging_mixin.py:150} INFO - [2023-07-12T06:40:37.128+0000] {dag.py:2742} INFO - Sync 3 DAGs
[2023-07-12T06:40:37.164+0000] {logging_mixin.py:150} INFO - [2023-07-12T06:40:37.164+0000] {dag.py:3508} INFO - Setting next_dagrun for example_branch_datetime_operator to 2023-07-11T00:00:00+00:00, run_after=2023-07-12T00:00:00+00:00
[2023-07-12T06:40:37.171+0000] {logging_mixin.py:150} INFO - [2023-07-12T06:40:37.171+0000] {dag.py:3508} INFO - Setting next_dagrun for example_branch_datetime_operator_2 to 2023-07-11T00:00:00+00:00, run_after=2023-07-12T00:00:00+00:00
[2023-07-12T06:40:37.177+0000] {logging_mixin.py:150} INFO - [2023-07-12T06:40:37.177+0000] {dag.py:3508} INFO - Setting next_dagrun for example_branch_datetime_operator_3 to 2023-07-11T00:00:00+00:00, run_after=2023-07-12T00:00:00+00:00
[2023-07-12T06:40:37.207+0000] {processor.py:179} INFO - Processing /home/airflow/.local/lib/python3.7/site-packages/airflow/example_dags/example_branch_datetime_operator.py took 0.156 seconds
[2023-07-12T06:41:07.495+0000] {processor.py:157} INFO - Started process (PID=5939) to work on /home/airflow/.local/lib/python3.7/site-packages/airflow/example_dags/example_branch_datetime_operator.py
[2023-07-12T06:41:07.498+0000] {processor.py:826} INFO - Processing file /home/airflow/.local/lib/python3.7/site-packages/airflow/example_dags/example_branch_datetime_operator.py for tasks to queue
[2023-07-12T06:41:07.501+0000] {logging_mixin.py:150} INFO - [2023-07-12T06:41:07.500+0000] {dagbag.py:541} INFO - Filling up the DagBag from /home/airflow/.local/lib/python3.7/site-packages/airflow/example_dags/example_branch_datetime_operator.py
[2023-07-12T06:41:07.519+0000] {processor.py:836} INFO - DAG(s) dict_keys(['example_branch_datetime_operator_2', 'example_branch_datetime_operator', 'example_branch_datetime_operator_3']) retrieved from /home/airflow/.local/lib/python3.7/site-packages/airflow/example_dags/example_branch_datetime_operator.py
[2023-07-12T06:41:07.590+0000] {logging_mixin.py:150} INFO - [2023-07-12T06:41:07.589+0000] {dag.py:2742} INFO - Sync 3 DAGs
[2023-07-12T06:41:07.624+0000] {logging_mixin.py:150} INFO - [2023-07-12T06:41:07.624+0000] {dag.py:3508} INFO - Setting next_dagrun for example_branch_datetime_operator to 2023-07-11T00:00:00+00:00, run_after=2023-07-12T00:00:00+00:00
[2023-07-12T06:41:07.632+0000] {logging_mixin.py:150} INFO - [2023-07-12T06:41:07.631+0000] {dag.py:3508} INFO - Setting next_dagrun for example_branch_datetime_operator_2 to 2023-07-11T00:00:00+00:00, run_after=2023-07-12T00:00:00+00:00
[2023-07-12T06:41:07.636+0000] {logging_mixin.py:150} INFO - [2023-07-12T06:41:07.636+0000] {dag.py:3508} INFO - Setting next_dagrun for example_branch_datetime_operator_3 to 2023-07-11T00:00:00+00:00, run_after=2023-07-12T00:00:00+00:00
[2023-07-12T06:41:07.665+0000] {processor.py:179} INFO - Processing /home/airflow/.local/lib/python3.7/site-packages/airflow/example_dags/example_branch_datetime_operator.py took 0.176 seconds
[2023-07-12T06:41:37.708+0000] {processor.py:157} INFO - Started process (PID=6180) to work on /home/airflow/.local/lib/python3.7/site-packages/airflow/example_dags/example_branch_datetime_operator.py
[2023-07-12T06:41:37.710+0000] {processor.py:826} INFO - Processing file /home/airflow/.local/lib/python3.7/site-packages/airflow/example_dags/example_branch_datetime_operator.py for tasks to queue
[2023-07-12T06:41:37.712+0000] {logging_mixin.py:150} INFO - [2023-07-12T06:41:37.711+0000] {dagbag.py:541} INFO - Filling up the DagBag from /home/airflow/.local/lib/python3.7/site-packages/airflow/example_dags/example_branch_datetime_operator.py
[2023-07-12T06:41:37.725+0000] {processor.py:836} INFO - DAG(s) dict_keys(['example_branch_datetime_operator_3', 'example_branch_datetime_operator', 'example_branch_datetime_operator_2']) retrieved from /home/airflow/.local/lib/python3.7/site-packages/airflow/example_dags/example_branch_datetime_operator.py
[2023-07-12T06:41:37.774+0000] {logging_mixin.py:150} INFO - [2023-07-12T06:41:37.774+0000] {dag.py:2742} INFO - Sync 3 DAGs
[2023-07-12T06:41:37.809+0000] {logging_mixin.py:150} INFO - [2023-07-12T06:41:37.809+0000] {dag.py:3508} INFO - Setting next_dagrun for example_branch_datetime_operator to 2023-07-11T00:00:00+00:00, run_after=2023-07-12T00:00:00+00:00
[2023-07-12T06:41:37.817+0000] {logging_mixin.py:150} INFO - [2023-07-12T06:41:37.817+0000] {dag.py:3508} INFO - Setting next_dagrun for example_branch_datetime_operator_2 to 2023-07-11T00:00:00+00:00, run_after=2023-07-12T00:00:00+00:00
[2023-07-12T06:41:37.823+0000] {logging_mixin.py:150} INFO - [2023-07-12T06:41:37.823+0000] {dag.py:3508} INFO - Setting next_dagrun for example_branch_datetime_operator_3 to 2023-07-11T00:00:00+00:00, run_after=2023-07-12T00:00:00+00:00
[2023-07-12T06:41:37.850+0000] {processor.py:179} INFO - Processing /home/airflow/.local/lib/python3.7/site-packages/airflow/example_dags/example_branch_datetime_operator.py took 0.147 seconds
[2023-07-12T06:42:08.201+0000] {processor.py:157} INFO - Started process (PID=6422) to work on /home/airflow/.local/lib/python3.7/site-packages/airflow/example_dags/example_branch_datetime_operator.py
[2023-07-12T06:42:08.204+0000] {processor.py:826} INFO - Processing file /home/airflow/.local/lib/python3.7/site-packages/airflow/example_dags/example_branch_datetime_operator.py for tasks to queue
[2023-07-12T06:42:08.206+0000] {logging_mixin.py:150} INFO - [2023-07-12T06:42:08.205+0000] {dagbag.py:541} INFO - Filling up the DagBag from /home/airflow/.local/lib/python3.7/site-packages/airflow/example_dags/example_branch_datetime_operator.py
[2023-07-12T06:42:08.219+0000] {processor.py:836} INFO - DAG(s) dict_keys(['example_branch_datetime_operator_2', 'example_branch_datetime_operator_3', 'example_branch_datetime_operator']) retrieved from /home/airflow/.local/lib/python3.7/site-packages/airflow/example_dags/example_branch_datetime_operator.py
[2023-07-12T06:42:08.266+0000] {logging_mixin.py:150} INFO - [2023-07-12T06:42:08.265+0000] {dag.py:2742} INFO - Sync 3 DAGs
[2023-07-12T06:42:08.301+0000] {logging_mixin.py:150} INFO - [2023-07-12T06:42:08.300+0000] {dag.py:3508} INFO - Setting next_dagrun for example_branch_datetime_operator to 2023-07-11T00:00:00+00:00, run_after=2023-07-12T00:00:00+00:00
[2023-07-12T06:42:08.309+0000] {logging_mixin.py:150} INFO - [2023-07-12T06:42:08.309+0000] {dag.py:3508} INFO - Setting next_dagrun for example_branch_datetime_operator_2 to 2023-07-11T00:00:00+00:00, run_after=2023-07-12T00:00:00+00:00
[2023-07-12T06:42:08.314+0000] {logging_mixin.py:150} INFO - [2023-07-12T06:42:08.313+0000] {dag.py:3508} INFO - Setting next_dagrun for example_branch_datetime_operator_3 to 2023-07-11T00:00:00+00:00, run_after=2023-07-12T00:00:00+00:00
[2023-07-12T06:42:08.340+0000] {processor.py:179} INFO - Processing /home/airflow/.local/lib/python3.7/site-packages/airflow/example_dags/example_branch_datetime_operator.py took 0.143 seconds
[2023-07-12T06:42:38.811+0000] {processor.py:157} INFO - Started process (PID=6658) to work on /home/airflow/.local/lib/python3.7/site-packages/airflow/example_dags/example_branch_datetime_operator.py
[2023-07-12T06:42:38.814+0000] {processor.py:826} INFO - Processing file /home/airflow/.local/lib/python3.7/site-packages/airflow/example_dags/example_branch_datetime_operator.py for tasks to queue
[2023-07-12T06:42:38.816+0000] {logging_mixin.py:150} INFO - [2023-07-12T06:42:38.815+0000] {dagbag.py:541} INFO - Filling up the DagBag from /home/airflow/.local/lib/python3.7/site-packages/airflow/example_dags/example_branch_datetime_operator.py
[2023-07-12T06:42:38.831+0000] {processor.py:836} INFO - DAG(s) dict_keys(['example_branch_datetime_operator_3', 'example_branch_datetime_operator_2', 'example_branch_datetime_operator']) retrieved from /home/airflow/.local/lib/python3.7/site-packages/airflow/example_dags/example_branch_datetime_operator.py
[2023-07-12T06:42:38.877+0000] {logging_mixin.py:150} INFO - [2023-07-12T06:42:38.877+0000] {dag.py:2742} INFO - Sync 3 DAGs
[2023-07-12T06:42:38.913+0000] {logging_mixin.py:150} INFO - [2023-07-12T06:42:38.912+0000] {dag.py:3508} INFO - Setting next_dagrun for example_branch_datetime_operator to 2023-07-11T00:00:00+00:00, run_after=2023-07-12T00:00:00+00:00
[2023-07-12T06:42:38.920+0000] {logging_mixin.py:150} INFO - [2023-07-12T06:42:38.920+0000] {dag.py:3508} INFO - Setting next_dagrun for example_branch_datetime_operator_2 to 2023-07-11T00:00:00+00:00, run_after=2023-07-12T00:00:00+00:00
[2023-07-12T06:42:38.925+0000] {logging_mixin.py:150} INFO - [2023-07-12T06:42:38.925+0000] {dag.py:3508} INFO - Setting next_dagrun for example_branch_datetime_operator_3 to 2023-07-11T00:00:00+00:00, run_after=2023-07-12T00:00:00+00:00
[2023-07-12T06:42:38.951+0000] {processor.py:179} INFO - Processing /home/airflow/.local/lib/python3.7/site-packages/airflow/example_dags/example_branch_datetime_operator.py took 0.145 seconds
[2023-07-12T06:43:09.045+0000] {processor.py:157} INFO - Started process (PID=6899) to work on /home/airflow/.local/lib/python3.7/site-packages/airflow/example_dags/example_branch_datetime_operator.py
[2023-07-12T06:43:09.047+0000] {processor.py:826} INFO - Processing file /home/airflow/.local/lib/python3.7/site-packages/airflow/example_dags/example_branch_datetime_operator.py for tasks to queue
[2023-07-12T06:43:09.049+0000] {logging_mixin.py:150} INFO - [2023-07-12T06:43:09.048+0000] {dagbag.py:541} INFO - Filling up the DagBag from /home/airflow/.local/lib/python3.7/site-packages/airflow/example_dags/example_branch_datetime_operator.py
[2023-07-12T06:43:09.062+0000] {processor.py:836} INFO - DAG(s) dict_keys(['example_branch_datetime_operator_2', 'example_branch_datetime_operator_3', 'example_branch_datetime_operator']) retrieved from /home/airflow/.local/lib/python3.7/site-packages/airflow/example_dags/example_branch_datetime_operator.py
[2023-07-12T06:43:09.108+0000] {logging_mixin.py:150} INFO - [2023-07-12T06:43:09.108+0000] {dag.py:2742} INFO - Sync 3 DAGs
[2023-07-12T06:43:09.144+0000] {logging_mixin.py:150} INFO - [2023-07-12T06:43:09.144+0000] {dag.py:3508} INFO - Setting next_dagrun for example_branch_datetime_operator to 2023-07-11T00:00:00+00:00, run_after=2023-07-12T00:00:00+00:00
[2023-07-12T06:43:09.155+0000] {logging_mixin.py:150} INFO - [2023-07-12T06:43:09.155+0000] {dag.py:3508} INFO - Setting next_dagrun for example_branch_datetime_operator_2 to 2023-07-11T00:00:00+00:00, run_after=2023-07-12T00:00:00+00:00
[2023-07-12T06:43:09.161+0000] {logging_mixin.py:150} INFO - [2023-07-12T06:43:09.160+0000] {dag.py:3508} INFO - Setting next_dagrun for example_branch_datetime_operator_3 to 2023-07-11T00:00:00+00:00, run_after=2023-07-12T00:00:00+00:00
[2023-07-12T06:43:09.195+0000] {processor.py:179} INFO - Processing /home/airflow/.local/lib/python3.7/site-packages/airflow/example_dags/example_branch_datetime_operator.py took 0.156 seconds
[2023-07-12T06:43:39.480+0000] {processor.py:157} INFO - Started process (PID=7140) to work on /home/airflow/.local/lib/python3.7/site-packages/airflow/example_dags/example_branch_datetime_operator.py
[2023-07-12T06:43:39.483+0000] {processor.py:826} INFO - Processing file /home/airflow/.local/lib/python3.7/site-packages/airflow/example_dags/example_branch_datetime_operator.py for tasks to queue
[2023-07-12T06:43:39.485+0000] {logging_mixin.py:150} INFO - [2023-07-12T06:43:39.484+0000] {dagbag.py:541} INFO - Filling up the DagBag from /home/airflow/.local/lib/python3.7/site-packages/airflow/example_dags/example_branch_datetime_operator.py
[2023-07-12T06:43:39.499+0000] {processor.py:836} INFO - DAG(s) dict_keys(['example_branch_datetime_operator', 'example_branch_datetime_operator_2', 'example_branch_datetime_operator_3']) retrieved from /home/airflow/.local/lib/python3.7/site-packages/airflow/example_dags/example_branch_datetime_operator.py
[2023-07-12T06:43:39.550+0000] {logging_mixin.py:150} INFO - [2023-07-12T06:43:39.550+0000] {dag.py:2742} INFO - Sync 3 DAGs
[2023-07-12T06:43:39.586+0000] {logging_mixin.py:150} INFO - [2023-07-12T06:43:39.586+0000] {dag.py:3508} INFO - Setting next_dagrun for example_branch_datetime_operator to 2023-07-11T00:00:00+00:00, run_after=2023-07-12T00:00:00+00:00
[2023-07-12T06:43:39.595+0000] {logging_mixin.py:150} INFO - [2023-07-12T06:43:39.595+0000] {dag.py:3508} INFO - Setting next_dagrun for example_branch_datetime_operator_2 to 2023-07-11T00:00:00+00:00, run_after=2023-07-12T00:00:00+00:00
[2023-07-12T06:43:39.600+0000] {logging_mixin.py:150} INFO - [2023-07-12T06:43:39.600+0000] {dag.py:3508} INFO - Setting next_dagrun for example_branch_datetime_operator_3 to 2023-07-11T00:00:00+00:00, run_after=2023-07-12T00:00:00+00:00
[2023-07-12T06:43:39.626+0000] {processor.py:179} INFO - Processing /home/airflow/.local/lib/python3.7/site-packages/airflow/example_dags/example_branch_datetime_operator.py took 0.150 seconds
[2023-07-12T06:44:09.829+0000] {processor.py:157} INFO - Started process (PID=7381) to work on /home/airflow/.local/lib/python3.7/site-packages/airflow/example_dags/example_branch_datetime_operator.py
[2023-07-12T06:44:09.832+0000] {processor.py:826} INFO - Processing file /home/airflow/.local/lib/python3.7/site-packages/airflow/example_dags/example_branch_datetime_operator.py for tasks to queue
[2023-07-12T06:44:09.834+0000] {logging_mixin.py:150} INFO - [2023-07-12T06:44:09.834+0000] {dagbag.py:541} INFO - Filling up the DagBag from /home/airflow/.local/lib/python3.7/site-packages/airflow/example_dags/example_branch_datetime_operator.py
[2023-07-12T06:44:09.849+0000] {processor.py:836} INFO - DAG(s) dict_keys(['example_branch_datetime_operator_2', 'example_branch_datetime_operator', 'example_branch_datetime_operator_3']) retrieved from /home/airflow/.local/lib/python3.7/site-packages/airflow/example_dags/example_branch_datetime_operator.py
[2023-07-12T06:44:09.897+0000] {logging_mixin.py:150} INFO - [2023-07-12T06:44:09.897+0000] {dag.py:2742} INFO - Sync 3 DAGs
[2023-07-12T06:44:09.932+0000] {logging_mixin.py:150} INFO - [2023-07-12T06:44:09.932+0000] {dag.py:3508} INFO - Setting next_dagrun for example_branch_datetime_operator to 2023-07-11T00:00:00+00:00, run_after=2023-07-12T00:00:00+00:00
[2023-07-12T06:44:09.940+0000] {logging_mixin.py:150} INFO - [2023-07-12T06:44:09.940+0000] {dag.py:3508} INFO - Setting next_dagrun for example_branch_datetime_operator_2 to 2023-07-11T00:00:00+00:00, run_after=2023-07-12T00:00:00+00:00
[2023-07-12T06:44:09.945+0000] {logging_mixin.py:150} INFO - [2023-07-12T06:44:09.944+0000] {dag.py:3508} INFO - Setting next_dagrun for example_branch_datetime_operator_3 to 2023-07-11T00:00:00+00:00, run_after=2023-07-12T00:00:00+00:00
[2023-07-12T06:44:09.969+0000] {processor.py:179} INFO - Processing /home/airflow/.local/lib/python3.7/site-packages/airflow/example_dags/example_branch_datetime_operator.py took 0.145 seconds
[2023-07-12T06:44:40.116+0000] {processor.py:157} INFO - Started process (PID=7622) to work on /home/airflow/.local/lib/python3.7/site-packages/airflow/example_dags/example_branch_datetime_operator.py
[2023-07-12T06:44:40.118+0000] {processor.py:826} INFO - Processing file /home/airflow/.local/lib/python3.7/site-packages/airflow/example_dags/example_branch_datetime_operator.py for tasks to queue
[2023-07-12T06:44:40.120+0000] {logging_mixin.py:150} INFO - [2023-07-12T06:44:40.120+0000] {dagbag.py:541} INFO - Filling up the DagBag from /home/airflow/.local/lib/python3.7/site-packages/airflow/example_dags/example_branch_datetime_operator.py
[2023-07-12T06:44:40.134+0000] {processor.py:836} INFO - DAG(s) dict_keys(['example_branch_datetime_operator_2', 'example_branch_datetime_operator', 'example_branch_datetime_operator_3']) retrieved from /home/airflow/.local/lib/python3.7/site-packages/airflow/example_dags/example_branch_datetime_operator.py
[2023-07-12T06:44:40.185+0000] {logging_mixin.py:150} INFO - [2023-07-12T06:44:40.185+0000] {dag.py:2742} INFO - Sync 3 DAGs
[2023-07-12T06:44:40.219+0000] {logging_mixin.py:150} INFO - [2023-07-12T06:44:40.219+0000] {dag.py:3508} INFO - Setting next_dagrun for example_branch_datetime_operator to 2023-07-11T00:00:00+00:00, run_after=2023-07-12T00:00:00+00:00
[2023-07-12T06:44:40.243+0000] {logging_mixin.py:150} INFO - [2023-07-12T06:44:40.227+0000] {dag.py:3508} INFO - Setting next_dagrun for example_branch_datetime_operator_2 to 2023-07-11T00:00:00+00:00, run_after=2023-07-12T00:00:00+00:00
[2023-07-12T06:44:40.264+0000] {logging_mixin.py:150} INFO - [2023-07-12T06:44:40.264+0000] {dag.py:3508} INFO - Setting next_dagrun for example_branch_datetime_operator_3 to 2023-07-11T00:00:00+00:00, run_after=2023-07-12T00:00:00+00:00
[2023-07-12T06:44:40.290+0000] {processor.py:179} INFO - Processing /home/airflow/.local/lib/python3.7/site-packages/airflow/example_dags/example_branch_datetime_operator.py took 0.180 seconds
[2023-07-12T06:45:10.734+0000] {processor.py:157} INFO - Started process (PID=7863) to work on /home/airflow/.local/lib/python3.7/site-packages/airflow/example_dags/example_branch_datetime_operator.py
[2023-07-12T06:45:10.737+0000] {processor.py:826} INFO - Processing file /home/airflow/.local/lib/python3.7/site-packages/airflow/example_dags/example_branch_datetime_operator.py for tasks to queue
[2023-07-12T06:45:10.739+0000] {logging_mixin.py:150} INFO - [2023-07-12T06:45:10.738+0000] {dagbag.py:541} INFO - Filling up the DagBag from /home/airflow/.local/lib/python3.7/site-packages/airflow/example_dags/example_branch_datetime_operator.py
[2023-07-12T06:45:10.753+0000] {processor.py:836} INFO - DAG(s) dict_keys(['example_branch_datetime_operator', 'example_branch_datetime_operator_3', 'example_branch_datetime_operator_2']) retrieved from /home/airflow/.local/lib/python3.7/site-packages/airflow/example_dags/example_branch_datetime_operator.py
[2023-07-12T06:45:10.802+0000] {logging_mixin.py:150} INFO - [2023-07-12T06:45:10.802+0000] {dag.py:2742} INFO - Sync 3 DAGs
[2023-07-12T06:45:10.836+0000] {logging_mixin.py:150} INFO - [2023-07-12T06:45:10.836+0000] {dag.py:3508} INFO - Setting next_dagrun for example_branch_datetime_operator to 2023-07-11T00:00:00+00:00, run_after=2023-07-12T00:00:00+00:00
[2023-07-12T06:45:10.844+0000] {logging_mixin.py:150} INFO - [2023-07-12T06:45:10.844+0000] {dag.py:3508} INFO - Setting next_dagrun for example_branch_datetime_operator_2 to 2023-07-11T00:00:00+00:00, run_after=2023-07-12T00:00:00+00:00
[2023-07-12T06:45:10.850+0000] {logging_mixin.py:150} INFO - [2023-07-12T06:45:10.850+0000] {dag.py:3508} INFO - Setting next_dagrun for example_branch_datetime_operator_3 to 2023-07-11T00:00:00+00:00, run_after=2023-07-12T00:00:00+00:00
[2023-07-12T06:45:10.875+0000] {processor.py:179} INFO - Processing /home/airflow/.local/lib/python3.7/site-packages/airflow/example_dags/example_branch_datetime_operator.py took 0.146 seconds
[2023-07-12T06:45:40.977+0000] {processor.py:157} INFO - Started process (PID=8104) to work on /home/airflow/.local/lib/python3.7/site-packages/airflow/example_dags/example_branch_datetime_operator.py
[2023-07-12T06:45:40.980+0000] {processor.py:826} INFO - Processing file /home/airflow/.local/lib/python3.7/site-packages/airflow/example_dags/example_branch_datetime_operator.py for tasks to queue
[2023-07-12T06:45:40.982+0000] {logging_mixin.py:150} INFO - [2023-07-12T06:45:40.981+0000] {dagbag.py:541} INFO - Filling up the DagBag from /home/airflow/.local/lib/python3.7/site-packages/airflow/example_dags/example_branch_datetime_operator.py
[2023-07-12T06:45:40.996+0000] {processor.py:836} INFO - DAG(s) dict_keys(['example_branch_datetime_operator_2', 'example_branch_datetime_operator', 'example_branch_datetime_operator_3']) retrieved from /home/airflow/.local/lib/python3.7/site-packages/airflow/example_dags/example_branch_datetime_operator.py
[2023-07-12T06:45:41.042+0000] {logging_mixin.py:150} INFO - [2023-07-12T06:45:41.042+0000] {dag.py:2742} INFO - Sync 3 DAGs
[2023-07-12T06:45:41.076+0000] {logging_mixin.py:150} INFO - [2023-07-12T06:45:41.076+0000] {dag.py:3508} INFO - Setting next_dagrun for example_branch_datetime_operator to 2023-07-11T00:00:00+00:00, run_after=2023-07-12T00:00:00+00:00
[2023-07-12T06:45:41.084+0000] {logging_mixin.py:150} INFO - [2023-07-12T06:45:41.084+0000] {dag.py:3508} INFO - Setting next_dagrun for example_branch_datetime_operator_2 to 2023-07-11T00:00:00+00:00, run_after=2023-07-12T00:00:00+00:00
[2023-07-12T06:45:41.088+0000] {logging_mixin.py:150} INFO - [2023-07-12T06:45:41.088+0000] {dag.py:3508} INFO - Setting next_dagrun for example_branch_datetime_operator_3 to 2023-07-11T00:00:00+00:00, run_after=2023-07-12T00:00:00+00:00
[2023-07-12T06:45:41.114+0000] {processor.py:179} INFO - Processing /home/airflow/.local/lib/python3.7/site-packages/airflow/example_dags/example_branch_datetime_operator.py took 0.142 seconds
[2023-07-12T06:46:11.256+0000] {processor.py:157} INFO - Started process (PID=8345) to work on /home/airflow/.local/lib/python3.7/site-packages/airflow/example_dags/example_branch_datetime_operator.py
[2023-07-12T06:46:11.260+0000] {processor.py:826} INFO - Processing file /home/airflow/.local/lib/python3.7/site-packages/airflow/example_dags/example_branch_datetime_operator.py for tasks to queue
[2023-07-12T06:46:11.262+0000] {logging_mixin.py:150} INFO - [2023-07-12T06:46:11.262+0000] {dagbag.py:541} INFO - Filling up the DagBag from /home/airflow/.local/lib/python3.7/site-packages/airflow/example_dags/example_branch_datetime_operator.py
[2023-07-12T06:46:11.276+0000] {processor.py:836} INFO - DAG(s) dict_keys(['example_branch_datetime_operator_3', 'example_branch_datetime_operator_2', 'example_branch_datetime_operator']) retrieved from /home/airflow/.local/lib/python3.7/site-packages/airflow/example_dags/example_branch_datetime_operator.py
[2023-07-12T06:46:11.322+0000] {logging_mixin.py:150} INFO - [2023-07-12T06:46:11.321+0000] {dag.py:2742} INFO - Sync 3 DAGs
[2023-07-12T06:46:11.357+0000] {logging_mixin.py:150} INFO - [2023-07-12T06:46:11.356+0000] {dag.py:3508} INFO - Setting next_dagrun for example_branch_datetime_operator to 2023-07-11T00:00:00+00:00, run_after=2023-07-12T00:00:00+00:00
[2023-07-12T06:46:11.364+0000] {logging_mixin.py:150} INFO - [2023-07-12T06:46:11.363+0000] {dag.py:3508} INFO - Setting next_dagrun for example_branch_datetime_operator_2 to 2023-07-11T00:00:00+00:00, run_after=2023-07-12T00:00:00+00:00
[2023-07-12T06:46:11.368+0000] {logging_mixin.py:150} INFO - [2023-07-12T06:46:11.368+0000] {dag.py:3508} INFO - Setting next_dagrun for example_branch_datetime_operator_3 to 2023-07-11T00:00:00+00:00, run_after=2023-07-12T00:00:00+00:00
[2023-07-12T06:46:11.393+0000] {processor.py:179} INFO - Processing /home/airflow/.local/lib/python3.7/site-packages/airflow/example_dags/example_branch_datetime_operator.py took 0.141 seconds
[2023-07-12T06:46:41.612+0000] {processor.py:157} INFO - Started process (PID=8586) to work on /home/airflow/.local/lib/python3.7/site-packages/airflow/example_dags/example_branch_datetime_operator.py
[2023-07-12T06:46:41.614+0000] {processor.py:826} INFO - Processing file /home/airflow/.local/lib/python3.7/site-packages/airflow/example_dags/example_branch_datetime_operator.py for tasks to queue
[2023-07-12T06:46:41.616+0000] {logging_mixin.py:150} INFO - [2023-07-12T06:46:41.616+0000] {dagbag.py:541} INFO - Filling up the DagBag from /home/airflow/.local/lib/python3.7/site-packages/airflow/example_dags/example_branch_datetime_operator.py
[2023-07-12T06:46:41.630+0000] {processor.py:836} INFO - DAG(s) dict_keys(['example_branch_datetime_operator_3', 'example_branch_datetime_operator_2', 'example_branch_datetime_operator']) retrieved from /home/airflow/.local/lib/python3.7/site-packages/airflow/example_dags/example_branch_datetime_operator.py
[2023-07-12T06:46:41.677+0000] {logging_mixin.py:150} INFO - [2023-07-12T06:46:41.677+0000] {dag.py:2742} INFO - Sync 3 DAGs
[2023-07-12T06:46:41.713+0000] {logging_mixin.py:150} INFO - [2023-07-12T06:46:41.713+0000] {dag.py:3508} INFO - Setting next_dagrun for example_branch_datetime_operator to 2023-07-11T00:00:00+00:00, run_after=2023-07-12T00:00:00+00:00
[2023-07-12T06:46:41.721+0000] {logging_mixin.py:150} INFO - [2023-07-12T06:46:41.721+0000] {dag.py:3508} INFO - Setting next_dagrun for example_branch_datetime_operator_2 to 2023-07-11T00:00:00+00:00, run_after=2023-07-12T00:00:00+00:00
[2023-07-12T06:46:41.726+0000] {logging_mixin.py:150} INFO - [2023-07-12T06:46:41.726+0000] {dag.py:3508} INFO - Setting next_dagrun for example_branch_datetime_operator_3 to 2023-07-11T00:00:00+00:00, run_after=2023-07-12T00:00:00+00:00
[2023-07-12T06:46:41.752+0000] {processor.py:179} INFO - Processing /home/airflow/.local/lib/python3.7/site-packages/airflow/example_dags/example_branch_datetime_operator.py took 0.145 seconds
[2023-07-12T06:47:12.158+0000] {processor.py:157} INFO - Started process (PID=8826) to work on /home/airflow/.local/lib/python3.7/site-packages/airflow/example_dags/example_branch_datetime_operator.py
[2023-07-12T06:47:12.161+0000] {processor.py:826} INFO - Processing file /home/airflow/.local/lib/python3.7/site-packages/airflow/example_dags/example_branch_datetime_operator.py for tasks to queue
[2023-07-12T06:47:12.163+0000] {logging_mixin.py:150} INFO - [2023-07-12T06:47:12.163+0000] {dagbag.py:541} INFO - Filling up the DagBag from /home/airflow/.local/lib/python3.7/site-packages/airflow/example_dags/example_branch_datetime_operator.py
[2023-07-12T06:47:12.178+0000] {processor.py:836} INFO - DAG(s) dict_keys(['example_branch_datetime_operator', 'example_branch_datetime_operator_3', 'example_branch_datetime_operator_2']) retrieved from /home/airflow/.local/lib/python3.7/site-packages/airflow/example_dags/example_branch_datetime_operator.py
[2023-07-12T06:47:12.224+0000] {logging_mixin.py:150} INFO - [2023-07-12T06:47:12.223+0000] {dag.py:2742} INFO - Sync 3 DAGs
[2023-07-12T06:47:12.258+0000] {logging_mixin.py:150} INFO - [2023-07-12T06:47:12.257+0000] {dag.py:3508} INFO - Setting next_dagrun for example_branch_datetime_operator to 2023-07-11T00:00:00+00:00, run_after=2023-07-12T00:00:00+00:00
[2023-07-12T06:47:12.266+0000] {logging_mixin.py:150} INFO - [2023-07-12T06:47:12.266+0000] {dag.py:3508} INFO - Setting next_dagrun for example_branch_datetime_operator_2 to 2023-07-11T00:00:00+00:00, run_after=2023-07-12T00:00:00+00:00
[2023-07-12T06:47:12.270+0000] {logging_mixin.py:150} INFO - [2023-07-12T06:47:12.270+0000] {dag.py:3508} INFO - Setting next_dagrun for example_branch_datetime_operator_3 to 2023-07-11T00:00:00+00:00, run_after=2023-07-12T00:00:00+00:00
[2023-07-12T06:47:12.296+0000] {processor.py:179} INFO - Processing /home/airflow/.local/lib/python3.7/site-packages/airflow/example_dags/example_branch_datetime_operator.py took 0.143 seconds
[2023-07-12T06:47:43.063+0000] {processor.py:157} INFO - Started process (PID=9066) to work on /home/airflow/.local/lib/python3.7/site-packages/airflow/example_dags/example_branch_datetime_operator.py
[2023-07-12T06:47:43.067+0000] {processor.py:826} INFO - Processing file /home/airflow/.local/lib/python3.7/site-packages/airflow/example_dags/example_branch_datetime_operator.py for tasks to queue
[2023-07-12T06:47:43.070+0000] {logging_mixin.py:150} INFO - [2023-07-12T06:47:43.069+0000] {dagbag.py:541} INFO - Filling up the DagBag from /home/airflow/.local/lib/python3.7/site-packages/airflow/example_dags/example_branch_datetime_operator.py
[2023-07-12T06:47:43.090+0000] {processor.py:836} INFO - DAG(s) dict_keys(['example_branch_datetime_operator_2', 'example_branch_datetime_operator', 'example_branch_datetime_operator_3']) retrieved from /home/airflow/.local/lib/python3.7/site-packages/airflow/example_dags/example_branch_datetime_operator.py
[2023-07-12T06:47:43.154+0000] {logging_mixin.py:150} INFO - [2023-07-12T06:47:43.154+0000] {dag.py:2742} INFO - Sync 3 DAGs
[2023-07-12T06:47:43.200+0000] {logging_mixin.py:150} INFO - [2023-07-12T06:47:43.199+0000] {dag.py:3508} INFO - Setting next_dagrun for example_branch_datetime_operator to 2023-07-11T00:00:00+00:00, run_after=2023-07-12T00:00:00+00:00
[2023-07-12T06:47:43.209+0000] {logging_mixin.py:150} INFO - [2023-07-12T06:47:43.209+0000] {dag.py:3508} INFO - Setting next_dagrun for example_branch_datetime_operator_2 to 2023-07-11T00:00:00+00:00, run_after=2023-07-12T00:00:00+00:00
[2023-07-12T06:47:43.215+0000] {logging_mixin.py:150} INFO - [2023-07-12T06:47:43.214+0000] {dag.py:3508} INFO - Setting next_dagrun for example_branch_datetime_operator_3 to 2023-07-11T00:00:00+00:00, run_after=2023-07-12T00:00:00+00:00
[2023-07-12T06:47:43.244+0000] {processor.py:179} INFO - Processing /home/airflow/.local/lib/python3.7/site-packages/airflow/example_dags/example_branch_datetime_operator.py took 0.188 seconds
[2023-07-12T06:48:13.825+0000] {processor.py:157} INFO - Started process (PID=9307) to work on /home/airflow/.local/lib/python3.7/site-packages/airflow/example_dags/example_branch_datetime_operator.py
[2023-07-12T06:48:13.828+0000] {processor.py:826} INFO - Processing file /home/airflow/.local/lib/python3.7/site-packages/airflow/example_dags/example_branch_datetime_operator.py for tasks to queue
[2023-07-12T06:48:13.831+0000] {logging_mixin.py:150} INFO - [2023-07-12T06:48:13.830+0000] {dagbag.py:541} INFO - Filling up the DagBag from /home/airflow/.local/lib/python3.7/site-packages/airflow/example_dags/example_branch_datetime_operator.py
[2023-07-12T06:48:13.846+0000] {processor.py:836} INFO - DAG(s) dict_keys(['example_branch_datetime_operator_2', 'example_branch_datetime_operator_3', 'example_branch_datetime_operator']) retrieved from /home/airflow/.local/lib/python3.7/site-packages/airflow/example_dags/example_branch_datetime_operator.py
[2023-07-12T06:48:13.899+0000] {logging_mixin.py:150} INFO - [2023-07-12T06:48:13.898+0000] {dag.py:2742} INFO - Sync 3 DAGs
[2023-07-12T06:48:13.936+0000] {logging_mixin.py:150} INFO - [2023-07-12T06:48:13.935+0000] {dag.py:3508} INFO - Setting next_dagrun for example_branch_datetime_operator to 2023-07-11T00:00:00+00:00, run_after=2023-07-12T00:00:00+00:00
[2023-07-12T06:48:13.944+0000] {logging_mixin.py:150} INFO - [2023-07-12T06:48:13.944+0000] {dag.py:3508} INFO - Setting next_dagrun for example_branch_datetime_operator_2 to 2023-07-11T00:00:00+00:00, run_after=2023-07-12T00:00:00+00:00
[2023-07-12T06:48:13.949+0000] {logging_mixin.py:150} INFO - [2023-07-12T06:48:13.949+0000] {dag.py:3508} INFO - Setting next_dagrun for example_branch_datetime_operator_3 to 2023-07-11T00:00:00+00:00, run_after=2023-07-12T00:00:00+00:00
[2023-07-12T06:48:13.976+0000] {processor.py:179} INFO - Processing /home/airflow/.local/lib/python3.7/site-packages/airflow/example_dags/example_branch_datetime_operator.py took 0.157 seconds
[2023-07-12T06:48:44.319+0000] {processor.py:157} INFO - Started process (PID=9548) to work on /home/airflow/.local/lib/python3.7/site-packages/airflow/example_dags/example_branch_datetime_operator.py
[2023-07-12T06:48:44.322+0000] {processor.py:826} INFO - Processing file /home/airflow/.local/lib/python3.7/site-packages/airflow/example_dags/example_branch_datetime_operator.py for tasks to queue
[2023-07-12T06:48:44.325+0000] {logging_mixin.py:150} INFO - [2023-07-12T06:48:44.325+0000] {dagbag.py:541} INFO - Filling up the DagBag from /home/airflow/.local/lib/python3.7/site-packages/airflow/example_dags/example_branch_datetime_operator.py
[2023-07-12T06:48:44.343+0000] {processor.py:836} INFO - DAG(s) dict_keys(['example_branch_datetime_operator_2', 'example_branch_datetime_operator_3', 'example_branch_datetime_operator']) retrieved from /home/airflow/.local/lib/python3.7/site-packages/airflow/example_dags/example_branch_datetime_operator.py
[2023-07-12T06:48:44.402+0000] {logging_mixin.py:150} INFO - [2023-07-12T06:48:44.401+0000] {dag.py:2742} INFO - Sync 3 DAGs
[2023-07-12T06:48:44.459+0000] {logging_mixin.py:150} INFO - [2023-07-12T06:48:44.459+0000] {dag.py:3508} INFO - Setting next_dagrun for example_branch_datetime_operator to 2023-07-11T00:00:00+00:00, run_after=2023-07-12T00:00:00+00:00
[2023-07-12T06:48:44.471+0000] {logging_mixin.py:150} INFO - [2023-07-12T06:48:44.471+0000] {dag.py:3508} INFO - Setting next_dagrun for example_branch_datetime_operator_2 to 2023-07-11T00:00:00+00:00, run_after=2023-07-12T00:00:00+00:00
[2023-07-12T06:48:44.479+0000] {logging_mixin.py:150} INFO - [2023-07-12T06:48:44.478+0000] {dag.py:3508} INFO - Setting next_dagrun for example_branch_datetime_operator_3 to 2023-07-11T00:00:00+00:00, run_after=2023-07-12T00:00:00+00:00
[2023-07-12T06:48:44.518+0000] {processor.py:179} INFO - Processing /home/airflow/.local/lib/python3.7/site-packages/airflow/example_dags/example_branch_datetime_operator.py took 0.207 seconds
[2023-07-12T06:49:14.756+0000] {processor.py:157} INFO - Started process (PID=9789) to work on /home/airflow/.local/lib/python3.7/site-packages/airflow/example_dags/example_branch_datetime_operator.py
[2023-07-12T06:49:14.760+0000] {processor.py:826} INFO - Processing file /home/airflow/.local/lib/python3.7/site-packages/airflow/example_dags/example_branch_datetime_operator.py for tasks to queue
[2023-07-12T06:49:14.767+0000] {logging_mixin.py:150} INFO - [2023-07-12T06:49:14.766+0000] {dagbag.py:541} INFO - Filling up the DagBag from /home/airflow/.local/lib/python3.7/site-packages/airflow/example_dags/example_branch_datetime_operator.py
[2023-07-12T06:49:14.785+0000] {processor.py:836} INFO - DAG(s) dict_keys(['example_branch_datetime_operator', 'example_branch_datetime_operator_3', 'example_branch_datetime_operator_2']) retrieved from /home/airflow/.local/lib/python3.7/site-packages/airflow/example_dags/example_branch_datetime_operator.py
[2023-07-12T06:49:14.845+0000] {logging_mixin.py:150} INFO - [2023-07-12T06:49:14.845+0000] {dag.py:2742} INFO - Sync 3 DAGs
[2023-07-12T06:49:14.899+0000] {logging_mixin.py:150} INFO - [2023-07-12T06:49:14.899+0000] {dag.py:3508} INFO - Setting next_dagrun for example_branch_datetime_operator to 2023-07-11T00:00:00+00:00, run_after=2023-07-12T00:00:00+00:00
[2023-07-12T06:49:14.910+0000] {logging_mixin.py:150} INFO - [2023-07-12T06:49:14.910+0000] {dag.py:3508} INFO - Setting next_dagrun for example_branch_datetime_operator_2 to 2023-07-11T00:00:00+00:00, run_after=2023-07-12T00:00:00+00:00
[2023-07-12T06:49:14.916+0000] {logging_mixin.py:150} INFO - [2023-07-12T06:49:14.916+0000] {dag.py:3508} INFO - Setting next_dagrun for example_branch_datetime_operator_3 to 2023-07-11T00:00:00+00:00, run_after=2023-07-12T00:00:00+00:00
[2023-07-12T06:49:14.953+0000] {processor.py:179} INFO - Processing /home/airflow/.local/lib/python3.7/site-packages/airflow/example_dags/example_branch_datetime_operator.py took 0.202 seconds
[2023-07-12T06:49:45.748+0000] {processor.py:157} INFO - Started process (PID=10030) to work on /home/airflow/.local/lib/python3.7/site-packages/airflow/example_dags/example_branch_datetime_operator.py
[2023-07-12T06:49:45.751+0000] {processor.py:826} INFO - Processing file /home/airflow/.local/lib/python3.7/site-packages/airflow/example_dags/example_branch_datetime_operator.py for tasks to queue
[2023-07-12T06:49:45.753+0000] {logging_mixin.py:150} INFO - [2023-07-12T06:49:45.753+0000] {dagbag.py:541} INFO - Filling up the DagBag from /home/airflow/.local/lib/python3.7/site-packages/airflow/example_dags/example_branch_datetime_operator.py
[2023-07-12T06:49:45.774+0000] {processor.py:836} INFO - DAG(s) dict_keys(['example_branch_datetime_operator', 'example_branch_datetime_operator_3', 'example_branch_datetime_operator_2']) retrieved from /home/airflow/.local/lib/python3.7/site-packages/airflow/example_dags/example_branch_datetime_operator.py
[2023-07-12T06:49:45.826+0000] {logging_mixin.py:150} INFO - [2023-07-12T06:49:45.825+0000] {dag.py:2742} INFO - Sync 3 DAGs
[2023-07-12T06:49:45.862+0000] {logging_mixin.py:150} INFO - [2023-07-12T06:49:45.862+0000] {dag.py:3508} INFO - Setting next_dagrun for example_branch_datetime_operator to 2023-07-11T00:00:00+00:00, run_after=2023-07-12T00:00:00+00:00
[2023-07-12T06:49:45.870+0000] {logging_mixin.py:150} INFO - [2023-07-12T06:49:45.870+0000] {dag.py:3508} INFO - Setting next_dagrun for example_branch_datetime_operator_2 to 2023-07-11T00:00:00+00:00, run_after=2023-07-12T00:00:00+00:00
[2023-07-12T06:49:45.875+0000] {logging_mixin.py:150} INFO - [2023-07-12T06:49:45.875+0000] {dag.py:3508} INFO - Setting next_dagrun for example_branch_datetime_operator_3 to 2023-07-11T00:00:00+00:00, run_after=2023-07-12T00:00:00+00:00
[2023-07-12T06:49:45.903+0000] {processor.py:179} INFO - Processing /home/airflow/.local/lib/python3.7/site-packages/airflow/example_dags/example_branch_datetime_operator.py took 0.161 seconds
[2023-07-12T06:50:16.382+0000] {processor.py:157} INFO - Started process (PID=10271) to work on /home/airflow/.local/lib/python3.7/site-packages/airflow/example_dags/example_branch_datetime_operator.py
[2023-07-12T06:50:16.385+0000] {processor.py:826} INFO - Processing file /home/airflow/.local/lib/python3.7/site-packages/airflow/example_dags/example_branch_datetime_operator.py for tasks to queue
[2023-07-12T06:50:16.388+0000] {logging_mixin.py:150} INFO - [2023-07-12T06:50:16.387+0000] {dagbag.py:541} INFO - Filling up the DagBag from /home/airflow/.local/lib/python3.7/site-packages/airflow/example_dags/example_branch_datetime_operator.py
[2023-07-12T06:50:16.403+0000] {processor.py:836} INFO - DAG(s) dict_keys(['example_branch_datetime_operator_3', 'example_branch_datetime_operator', 'example_branch_datetime_operator_2']) retrieved from /home/airflow/.local/lib/python3.7/site-packages/airflow/example_dags/example_branch_datetime_operator.py
[2023-07-12T06:50:16.455+0000] {logging_mixin.py:150} INFO - [2023-07-12T06:50:16.455+0000] {dag.py:2742} INFO - Sync 3 DAGs
[2023-07-12T06:50:16.494+0000] {logging_mixin.py:150} INFO - [2023-07-12T06:50:16.494+0000] {dag.py:3508} INFO - Setting next_dagrun for example_branch_datetime_operator to 2023-07-11T00:00:00+00:00, run_after=2023-07-12T00:00:00+00:00
[2023-07-12T06:50:16.511+0000] {logging_mixin.py:150} INFO - [2023-07-12T06:50:16.511+0000] {dag.py:3508} INFO - Setting next_dagrun for example_branch_datetime_operator_2 to 2023-07-11T00:00:00+00:00, run_after=2023-07-12T00:00:00+00:00
[2023-07-12T06:50:16.551+0000] {logging_mixin.py:150} INFO - [2023-07-12T06:50:16.550+0000] {dag.py:3508} INFO - Setting next_dagrun for example_branch_datetime_operator_3 to 2023-07-11T00:00:00+00:00, run_after=2023-07-12T00:00:00+00:00
[2023-07-12T06:50:16.591+0000] {processor.py:179} INFO - Processing /home/airflow/.local/lib/python3.7/site-packages/airflow/example_dags/example_branch_datetime_operator.py took 0.214 seconds
