[2023-07-12T06:29:17.316+0000] {processor.py:157} INFO - Started process (PID=239) to work on /home/airflow/.local/lib/python3.7/site-packages/airflow/example_dags/example_short_circuit_operator.py
[2023-07-12T06:29:17.325+0000] {processor.py:826} INFO - Processing file /home/airflow/.local/lib/python3.7/site-packages/airflow/example_dags/example_short_circuit_operator.py for tasks to queue
[2023-07-12T06:29:17.330+0000] {logging_mixin.py:150} INFO - [2023-07-12T06:29:17.329+0000] {dagbag.py:541} INFO - Filling up the DagBag from /home/airflow/.local/lib/python3.7/site-packages/airflow/example_dags/example_short_circuit_operator.py
[2023-07-12T06:29:17.383+0000] {processor.py:836} INFO - DAG(s) dict_keys(['example_short_circuit_operator']) retrieved from /home/airflow/.local/lib/python3.7/site-packages/airflow/example_dags/example_short_circuit_operator.py
[2023-07-12T06:29:17.448+0000] {logging_mixin.py:150} INFO - [2023-07-12T06:29:17.448+0000] {dag.py:2742} INFO - Sync 1 DAGs
[2023-07-12T06:29:17.520+0000] {logging_mixin.py:150} INFO - [2023-07-12T06:29:17.511+0000] {dag.py:3508} INFO - Setting next_dagrun for example_short_circuit_operator to 2023-07-11T06:29:17.511598+00:00, run_after=2023-07-12T06:29:17.511598+00:00
[2023-07-12T06:29:17.585+0000] {processor.py:179} INFO - Processing /home/airflow/.local/lib/python3.7/site-packages/airflow/example_dags/example_short_circuit_operator.py took 0.276 seconds
[2023-07-12T06:29:47.987+0000] {processor.py:157} INFO - Started process (PID=481) to work on /home/airflow/.local/lib/python3.7/site-packages/airflow/example_dags/example_short_circuit_operator.py
[2023-07-12T06:29:47.991+0000] {processor.py:826} INFO - Processing file /home/airflow/.local/lib/python3.7/site-packages/airflow/example_dags/example_short_circuit_operator.py for tasks to queue
[2023-07-12T06:29:47.993+0000] {logging_mixin.py:150} INFO - [2023-07-12T06:29:47.992+0000] {dagbag.py:541} INFO - Filling up the DagBag from /home/airflow/.local/lib/python3.7/site-packages/airflow/example_dags/example_short_circuit_operator.py
[2023-07-12T06:29:48.008+0000] {processor.py:836} INFO - DAG(s) dict_keys(['example_short_circuit_operator']) retrieved from /home/airflow/.local/lib/python3.7/site-packages/airflow/example_dags/example_short_circuit_operator.py
[2023-07-12T06:29:48.052+0000] {logging_mixin.py:150} INFO - [2023-07-12T06:29:48.052+0000] {dag.py:2742} INFO - Sync 1 DAGs
[2023-07-12T06:29:48.095+0000] {logging_mixin.py:150} INFO - [2023-07-12T06:29:48.095+0000] {dag.py:3508} INFO - Setting next_dagrun for example_short_circuit_operator to 2023-07-11T06:29:48.094714+00:00, run_after=2023-07-12T06:29:48.094714+00:00
[2023-07-12T06:29:48.129+0000] {processor.py:179} INFO - Processing /home/airflow/.local/lib/python3.7/site-packages/airflow/example_dags/example_short_circuit_operator.py took 0.149 seconds
[2023-07-12T06:30:18.391+0000] {processor.py:157} INFO - Started process (PID=722) to work on /home/airflow/.local/lib/python3.7/site-packages/airflow/example_dags/example_short_circuit_operator.py
[2023-07-12T06:30:18.393+0000] {processor.py:826} INFO - Processing file /home/airflow/.local/lib/python3.7/site-packages/airflow/example_dags/example_short_circuit_operator.py for tasks to queue
[2023-07-12T06:30:18.396+0000] {logging_mixin.py:150} INFO - [2023-07-12T06:30:18.395+0000] {dagbag.py:541} INFO - Filling up the DagBag from /home/airflow/.local/lib/python3.7/site-packages/airflow/example_dags/example_short_circuit_operator.py
[2023-07-12T06:30:18.411+0000] {processor.py:836} INFO - DAG(s) dict_keys(['example_short_circuit_operator']) retrieved from /home/airflow/.local/lib/python3.7/site-packages/airflow/example_dags/example_short_circuit_operator.py
[2023-07-12T06:30:18.454+0000] {logging_mixin.py:150} INFO - [2023-07-12T06:30:18.453+0000] {dag.py:2742} INFO - Sync 1 DAGs
[2023-07-12T06:30:18.493+0000] {logging_mixin.py:150} INFO - [2023-07-12T06:30:18.493+0000] {dag.py:3508} INFO - Setting next_dagrun for example_short_circuit_operator to 2023-07-11T06:30:18.493309+00:00, run_after=2023-07-12T06:30:18.493309+00:00
[2023-07-12T06:30:18.553+0000] {processor.py:179} INFO - Processing /home/airflow/.local/lib/python3.7/site-packages/airflow/example_dags/example_short_circuit_operator.py took 0.166 seconds
[2023-07-12T06:30:49.576+0000] {processor.py:157} INFO - Started process (PID=961) to work on /home/airflow/.local/lib/python3.7/site-packages/airflow/example_dags/example_short_circuit_operator.py
[2023-07-12T06:30:49.580+0000] {processor.py:826} INFO - Processing file /home/airflow/.local/lib/python3.7/site-packages/airflow/example_dags/example_short_circuit_operator.py for tasks to queue
[2023-07-12T06:30:49.583+0000] {logging_mixin.py:150} INFO - [2023-07-12T06:30:49.583+0000] {dagbag.py:541} INFO - Filling up the DagBag from /home/airflow/.local/lib/python3.7/site-packages/airflow/example_dags/example_short_circuit_operator.py
[2023-07-12T06:30:49.597+0000] {processor.py:836} INFO - DAG(s) dict_keys(['example_short_circuit_operator']) retrieved from /home/airflow/.local/lib/python3.7/site-packages/airflow/example_dags/example_short_circuit_operator.py
[2023-07-12T06:30:49.645+0000] {logging_mixin.py:150} INFO - [2023-07-12T06:30:49.645+0000] {dag.py:2742} INFO - Sync 1 DAGs
[2023-07-12T06:30:49.724+0000] {logging_mixin.py:150} INFO - [2023-07-12T06:30:49.723+0000] {dag.py:3508} INFO - Setting next_dagrun for example_short_circuit_operator to 2023-07-11T06:30:49.722048+00:00, run_after=2023-07-12T06:30:49.722048+00:00
[2023-07-12T06:30:49.775+0000] {processor.py:179} INFO - Processing /home/airflow/.local/lib/python3.7/site-packages/airflow/example_dags/example_short_circuit_operator.py took 0.205 seconds
[2023-07-12T06:31:20.687+0000] {processor.py:157} INFO - Started process (PID=1246) to work on /home/airflow/.local/lib/python3.7/site-packages/airflow/example_dags/example_short_circuit_operator.py
[2023-07-12T06:31:20.690+0000] {processor.py:826} INFO - Processing file /home/airflow/.local/lib/python3.7/site-packages/airflow/example_dags/example_short_circuit_operator.py for tasks to queue
[2023-07-12T06:31:20.692+0000] {logging_mixin.py:150} INFO - [2023-07-12T06:31:20.692+0000] {dagbag.py:541} INFO - Filling up the DagBag from /home/airflow/.local/lib/python3.7/site-packages/airflow/example_dags/example_short_circuit_operator.py
[2023-07-12T06:31:20.710+0000] {processor.py:836} INFO - DAG(s) dict_keys(['example_short_circuit_operator']) retrieved from /home/airflow/.local/lib/python3.7/site-packages/airflow/example_dags/example_short_circuit_operator.py
[2023-07-12T06:31:20.759+0000] {logging_mixin.py:150} INFO - [2023-07-12T06:31:20.758+0000] {dag.py:2742} INFO - Sync 1 DAGs
[2023-07-12T06:31:20.795+0000] {logging_mixin.py:150} INFO - [2023-07-12T06:31:20.795+0000] {dag.py:3508} INFO - Setting next_dagrun for example_short_circuit_operator to 2023-07-11T06:31:20.795210+00:00, run_after=2023-07-12T06:31:20.795210+00:00
[2023-07-12T06:31:20.827+0000] {processor.py:179} INFO - Processing /home/airflow/.local/lib/python3.7/site-packages/airflow/example_dags/example_short_circuit_operator.py took 0.150 seconds
[2023-07-12T06:31:51.089+0000] {processor.py:157} INFO - Started process (PID=1487) to work on /home/airflow/.local/lib/python3.7/site-packages/airflow/example_dags/example_short_circuit_operator.py
[2023-07-12T06:31:51.093+0000] {processor.py:826} INFO - Processing file /home/airflow/.local/lib/python3.7/site-packages/airflow/example_dags/example_short_circuit_operator.py for tasks to queue
[2023-07-12T06:31:51.097+0000] {logging_mixin.py:150} INFO - [2023-07-12T06:31:51.096+0000] {dagbag.py:541} INFO - Filling up the DagBag from /home/airflow/.local/lib/python3.7/site-packages/airflow/example_dags/example_short_circuit_operator.py
[2023-07-12T06:31:51.137+0000] {processor.py:836} INFO - DAG(s) dict_keys(['example_short_circuit_operator']) retrieved from /home/airflow/.local/lib/python3.7/site-packages/airflow/example_dags/example_short_circuit_operator.py
[2023-07-12T06:31:51.234+0000] {logging_mixin.py:150} INFO - [2023-07-12T06:31:51.234+0000] {dag.py:2742} INFO - Sync 1 DAGs
[2023-07-12T06:31:51.279+0000] {logging_mixin.py:150} INFO - [2023-07-12T06:31:51.278+0000] {dag.py:3508} INFO - Setting next_dagrun for example_short_circuit_operator to 2023-07-11T06:31:51.277786+00:00, run_after=2023-07-12T06:31:51.277786+00:00
[2023-07-12T06:31:51.321+0000] {processor.py:179} INFO - Processing /home/airflow/.local/lib/python3.7/site-packages/airflow/example_dags/example_short_circuit_operator.py took 0.241 seconds
[2023-07-12T06:32:21.520+0000] {processor.py:157} INFO - Started process (PID=1728) to work on /home/airflow/.local/lib/python3.7/site-packages/airflow/example_dags/example_short_circuit_operator.py
[2023-07-12T06:32:21.524+0000] {processor.py:826} INFO - Processing file /home/airflow/.local/lib/python3.7/site-packages/airflow/example_dags/example_short_circuit_operator.py for tasks to queue
[2023-07-12T06:32:21.528+0000] {logging_mixin.py:150} INFO - [2023-07-12T06:32:21.527+0000] {dagbag.py:541} INFO - Filling up the DagBag from /home/airflow/.local/lib/python3.7/site-packages/airflow/example_dags/example_short_circuit_operator.py
[2023-07-12T06:32:21.547+0000] {processor.py:836} INFO - DAG(s) dict_keys(['example_short_circuit_operator']) retrieved from /home/airflow/.local/lib/python3.7/site-packages/airflow/example_dags/example_short_circuit_operator.py
[2023-07-12T06:32:21.590+0000] {logging_mixin.py:150} INFO - [2023-07-12T06:32:21.589+0000] {dag.py:2742} INFO - Sync 1 DAGs
[2023-07-12T06:32:21.627+0000] {logging_mixin.py:150} INFO - [2023-07-12T06:32:21.627+0000] {dag.py:3508} INFO - Setting next_dagrun for example_short_circuit_operator to 2023-07-11T06:32:21.627285+00:00, run_after=2023-07-12T06:32:21.627285+00:00
[2023-07-12T06:32:21.661+0000] {processor.py:179} INFO - Processing /home/airflow/.local/lib/python3.7/site-packages/airflow/example_dags/example_short_circuit_operator.py took 0.148 seconds
[2023-07-12T06:32:52.273+0000] {processor.py:157} INFO - Started process (PID=1969) to work on /home/airflow/.local/lib/python3.7/site-packages/airflow/example_dags/example_short_circuit_operator.py
[2023-07-12T06:32:52.278+0000] {processor.py:826} INFO - Processing file /home/airflow/.local/lib/python3.7/site-packages/airflow/example_dags/example_short_circuit_operator.py for tasks to queue
[2023-07-12T06:32:52.282+0000] {logging_mixin.py:150} INFO - [2023-07-12T06:32:52.282+0000] {dagbag.py:541} INFO - Filling up the DagBag from /home/airflow/.local/lib/python3.7/site-packages/airflow/example_dags/example_short_circuit_operator.py
[2023-07-12T06:32:52.302+0000] {processor.py:836} INFO - DAG(s) dict_keys(['example_short_circuit_operator']) retrieved from /home/airflow/.local/lib/python3.7/site-packages/airflow/example_dags/example_short_circuit_operator.py
[2023-07-12T06:32:52.345+0000] {logging_mixin.py:150} INFO - [2023-07-12T06:32:52.344+0000] {dag.py:2742} INFO - Sync 1 DAGs
[2023-07-12T06:32:52.381+0000] {logging_mixin.py:150} INFO - [2023-07-12T06:32:52.381+0000] {dag.py:3508} INFO - Setting next_dagrun for example_short_circuit_operator to 2023-07-11T06:32:52.380621+00:00, run_after=2023-07-12T06:32:52.380621+00:00
[2023-07-12T06:32:52.415+0000] {processor.py:179} INFO - Processing /home/airflow/.local/lib/python3.7/site-packages/airflow/example_dags/example_short_circuit_operator.py took 0.151 seconds
[2023-07-12T06:33:22.895+0000] {processor.py:157} INFO - Started process (PID=2210) to work on /home/airflow/.local/lib/python3.7/site-packages/airflow/example_dags/example_short_circuit_operator.py
[2023-07-12T06:33:22.899+0000] {processor.py:826} INFO - Processing file /home/airflow/.local/lib/python3.7/site-packages/airflow/example_dags/example_short_circuit_operator.py for tasks to queue
[2023-07-12T06:33:22.902+0000] {logging_mixin.py:150} INFO - [2023-07-12T06:33:22.901+0000] {dagbag.py:541} INFO - Filling up the DagBag from /home/airflow/.local/lib/python3.7/site-packages/airflow/example_dags/example_short_circuit_operator.py
[2023-07-12T06:33:22.919+0000] {processor.py:836} INFO - DAG(s) dict_keys(['example_short_circuit_operator']) retrieved from /home/airflow/.local/lib/python3.7/site-packages/airflow/example_dags/example_short_circuit_operator.py
[2023-07-12T06:33:22.960+0000] {logging_mixin.py:150} INFO - [2023-07-12T06:33:22.959+0000] {dag.py:2742} INFO - Sync 1 DAGs
[2023-07-12T06:33:22.997+0000] {logging_mixin.py:150} INFO - [2023-07-12T06:33:22.997+0000] {dag.py:3508} INFO - Setting next_dagrun for example_short_circuit_operator to 2023-07-11T06:33:22.996980+00:00, run_after=2023-07-12T06:33:22.996980+00:00
[2023-07-12T06:33:23.027+0000] {processor.py:179} INFO - Processing /home/airflow/.local/lib/python3.7/site-packages/airflow/example_dags/example_short_circuit_operator.py took 0.140 seconds
[2023-07-12T06:33:53.172+0000] {processor.py:157} INFO - Started process (PID=2451) to work on /home/airflow/.local/lib/python3.7/site-packages/airflow/example_dags/example_short_circuit_operator.py
[2023-07-12T06:33:53.175+0000] {processor.py:826} INFO - Processing file /home/airflow/.local/lib/python3.7/site-packages/airflow/example_dags/example_short_circuit_operator.py for tasks to queue
[2023-07-12T06:33:53.179+0000] {logging_mixin.py:150} INFO - [2023-07-12T06:33:53.178+0000] {dagbag.py:541} INFO - Filling up the DagBag from /home/airflow/.local/lib/python3.7/site-packages/airflow/example_dags/example_short_circuit_operator.py
[2023-07-12T06:33:53.196+0000] {processor.py:836} INFO - DAG(s) dict_keys(['example_short_circuit_operator']) retrieved from /home/airflow/.local/lib/python3.7/site-packages/airflow/example_dags/example_short_circuit_operator.py
[2023-07-12T06:33:53.234+0000] {logging_mixin.py:150} INFO - [2023-07-12T06:33:53.234+0000] {dag.py:2742} INFO - Sync 1 DAGs
[2023-07-12T06:33:53.269+0000] {logging_mixin.py:150} INFO - [2023-07-12T06:33:53.269+0000] {dag.py:3508} INFO - Setting next_dagrun for example_short_circuit_operator to 2023-07-11T06:33:53.268902+00:00, run_after=2023-07-12T06:33:53.268902+00:00
[2023-07-12T06:33:53.302+0000] {processor.py:179} INFO - Processing /home/airflow/.local/lib/python3.7/site-packages/airflow/example_dags/example_short_circuit_operator.py took 0.136 seconds
[2023-07-12T06:34:23.604+0000] {processor.py:157} INFO - Started process (PID=2690) to work on /home/airflow/.local/lib/python3.7/site-packages/airflow/example_dags/example_short_circuit_operator.py
[2023-07-12T06:34:23.607+0000] {processor.py:826} INFO - Processing file /home/airflow/.local/lib/python3.7/site-packages/airflow/example_dags/example_short_circuit_operator.py for tasks to queue
[2023-07-12T06:34:23.609+0000] {logging_mixin.py:150} INFO - [2023-07-12T06:34:23.609+0000] {dagbag.py:541} INFO - Filling up the DagBag from /home/airflow/.local/lib/python3.7/site-packages/airflow/example_dags/example_short_circuit_operator.py
[2023-07-12T06:34:23.623+0000] {processor.py:836} INFO - DAG(s) dict_keys(['example_short_circuit_operator']) retrieved from /home/airflow/.local/lib/python3.7/site-packages/airflow/example_dags/example_short_circuit_operator.py
[2023-07-12T06:34:23.665+0000] {logging_mixin.py:150} INFO - [2023-07-12T06:34:23.665+0000] {dag.py:2742} INFO - Sync 1 DAGs
[2023-07-12T06:34:23.705+0000] {logging_mixin.py:150} INFO - [2023-07-12T06:34:23.704+0000] {dag.py:3508} INFO - Setting next_dagrun for example_short_circuit_operator to 2023-07-11T06:34:23.704137+00:00, run_after=2023-07-12T06:34:23.704137+00:00
[2023-07-12T06:34:23.736+0000] {processor.py:179} INFO - Processing /home/airflow/.local/lib/python3.7/site-packages/airflow/example_dags/example_short_circuit_operator.py took 0.138 seconds
[2023-07-12T06:34:54.428+0000] {processor.py:157} INFO - Started process (PID=2931) to work on /home/airflow/.local/lib/python3.7/site-packages/airflow/example_dags/example_short_circuit_operator.py
[2023-07-12T06:34:54.432+0000] {processor.py:826} INFO - Processing file /home/airflow/.local/lib/python3.7/site-packages/airflow/example_dags/example_short_circuit_operator.py for tasks to queue
[2023-07-12T06:34:54.434+0000] {logging_mixin.py:150} INFO - [2023-07-12T06:34:54.434+0000] {dagbag.py:541} INFO - Filling up the DagBag from /home/airflow/.local/lib/python3.7/site-packages/airflow/example_dags/example_short_circuit_operator.py
[2023-07-12T06:34:54.452+0000] {processor.py:836} INFO - DAG(s) dict_keys(['example_short_circuit_operator']) retrieved from /home/airflow/.local/lib/python3.7/site-packages/airflow/example_dags/example_short_circuit_operator.py
[2023-07-12T06:34:54.502+0000] {logging_mixin.py:150} INFO - [2023-07-12T06:34:54.502+0000] {dag.py:2742} INFO - Sync 1 DAGs
[2023-07-12T06:34:54.542+0000] {logging_mixin.py:150} INFO - [2023-07-12T06:34:54.542+0000] {dag.py:3508} INFO - Setting next_dagrun for example_short_circuit_operator to 2023-07-11T06:34:54.541836+00:00, run_after=2023-07-12T06:34:54.541836+00:00
[2023-07-12T06:34:54.574+0000] {processor.py:179} INFO - Processing /home/airflow/.local/lib/python3.7/site-packages/airflow/example_dags/example_short_circuit_operator.py took 0.153 seconds
[2023-07-12T06:35:24.741+0000] {processor.py:157} INFO - Started process (PID=3172) to work on /home/airflow/.local/lib/python3.7/site-packages/airflow/example_dags/example_short_circuit_operator.py
[2023-07-12T06:35:24.744+0000] {processor.py:826} INFO - Processing file /home/airflow/.local/lib/python3.7/site-packages/airflow/example_dags/example_short_circuit_operator.py for tasks to queue
[2023-07-12T06:35:24.746+0000] {logging_mixin.py:150} INFO - [2023-07-12T06:35:24.746+0000] {dagbag.py:541} INFO - Filling up the DagBag from /home/airflow/.local/lib/python3.7/site-packages/airflow/example_dags/example_short_circuit_operator.py
[2023-07-12T06:35:24.763+0000] {processor.py:836} INFO - DAG(s) dict_keys(['example_short_circuit_operator']) retrieved from /home/airflow/.local/lib/python3.7/site-packages/airflow/example_dags/example_short_circuit_operator.py
[2023-07-12T06:35:24.808+0000] {logging_mixin.py:150} INFO - [2023-07-12T06:35:24.807+0000] {dag.py:2742} INFO - Sync 1 DAGs
[2023-07-12T06:35:24.849+0000] {logging_mixin.py:150} INFO - [2023-07-12T06:35:24.848+0000] {dag.py:3508} INFO - Setting next_dagrun for example_short_circuit_operator to 2023-07-11T06:35:24.848133+00:00, run_after=2023-07-12T06:35:24.848133+00:00
[2023-07-12T06:35:24.885+0000] {processor.py:179} INFO - Processing /home/airflow/.local/lib/python3.7/site-packages/airflow/example_dags/example_short_circuit_operator.py took 0.150 seconds
[2023-07-12T06:35:55.013+0000] {processor.py:157} INFO - Started process (PID=3413) to work on /home/airflow/.local/lib/python3.7/site-packages/airflow/example_dags/example_short_circuit_operator.py
[2023-07-12T06:35:55.016+0000] {processor.py:826} INFO - Processing file /home/airflow/.local/lib/python3.7/site-packages/airflow/example_dags/example_short_circuit_operator.py for tasks to queue
[2023-07-12T06:35:55.019+0000] {logging_mixin.py:150} INFO - [2023-07-12T06:35:55.018+0000] {dagbag.py:541} INFO - Filling up the DagBag from /home/airflow/.local/lib/python3.7/site-packages/airflow/example_dags/example_short_circuit_operator.py
[2023-07-12T06:35:55.034+0000] {processor.py:836} INFO - DAG(s) dict_keys(['example_short_circuit_operator']) retrieved from /home/airflow/.local/lib/python3.7/site-packages/airflow/example_dags/example_short_circuit_operator.py
[2023-07-12T06:35:55.077+0000] {logging_mixin.py:150} INFO - [2023-07-12T06:35:55.077+0000] {dag.py:2742} INFO - Sync 1 DAGs
[2023-07-12T06:35:55.115+0000] {logging_mixin.py:150} INFO - [2023-07-12T06:35:55.114+0000] {dag.py:3508} INFO - Setting next_dagrun for example_short_circuit_operator to 2023-07-11T06:35:55.114409+00:00, run_after=2023-07-12T06:35:55.114409+00:00
[2023-07-12T06:35:55.147+0000] {processor.py:179} INFO - Processing /home/airflow/.local/lib/python3.7/site-packages/airflow/example_dags/example_short_circuit_operator.py took 0.140 seconds
[2023-07-12T06:36:25.220+0000] {processor.py:157} INFO - Started process (PID=3654) to work on /home/airflow/.local/lib/python3.7/site-packages/airflow/example_dags/example_short_circuit_operator.py
[2023-07-12T06:36:25.222+0000] {processor.py:826} INFO - Processing file /home/airflow/.local/lib/python3.7/site-packages/airflow/example_dags/example_short_circuit_operator.py for tasks to queue
[2023-07-12T06:36:25.225+0000] {logging_mixin.py:150} INFO - [2023-07-12T06:36:25.224+0000] {dagbag.py:541} INFO - Filling up the DagBag from /home/airflow/.local/lib/python3.7/site-packages/airflow/example_dags/example_short_circuit_operator.py
[2023-07-12T06:36:25.240+0000] {processor.py:836} INFO - DAG(s) dict_keys(['example_short_circuit_operator']) retrieved from /home/airflow/.local/lib/python3.7/site-packages/airflow/example_dags/example_short_circuit_operator.py
[2023-07-12T06:36:25.281+0000] {logging_mixin.py:150} INFO - [2023-07-12T06:36:25.281+0000] {dag.py:2742} INFO - Sync 1 DAGs
[2023-07-12T06:36:25.316+0000] {logging_mixin.py:150} INFO - [2023-07-12T06:36:25.316+0000] {dag.py:3508} INFO - Setting next_dagrun for example_short_circuit_operator to 2023-07-11T06:36:25.316056+00:00, run_after=2023-07-12T06:36:25.316056+00:00
[2023-07-12T06:36:25.349+0000] {processor.py:179} INFO - Processing /home/airflow/.local/lib/python3.7/site-packages/airflow/example_dags/example_short_circuit_operator.py took 0.134 seconds
[2023-07-12T06:36:55.884+0000] {processor.py:157} INFO - Started process (PID=3895) to work on /home/airflow/.local/lib/python3.7/site-packages/airflow/example_dags/example_short_circuit_operator.py
[2023-07-12T06:36:55.887+0000] {processor.py:826} INFO - Processing file /home/airflow/.local/lib/python3.7/site-packages/airflow/example_dags/example_short_circuit_operator.py for tasks to queue
[2023-07-12T06:36:55.890+0000] {logging_mixin.py:150} INFO - [2023-07-12T06:36:55.889+0000] {dagbag.py:541} INFO - Filling up the DagBag from /home/airflow/.local/lib/python3.7/site-packages/airflow/example_dags/example_short_circuit_operator.py
[2023-07-12T06:36:55.903+0000] {processor.py:836} INFO - DAG(s) dict_keys(['example_short_circuit_operator']) retrieved from /home/airflow/.local/lib/python3.7/site-packages/airflow/example_dags/example_short_circuit_operator.py
[2023-07-12T06:36:55.945+0000] {logging_mixin.py:150} INFO - [2023-07-12T06:36:55.945+0000] {dag.py:2742} INFO - Sync 1 DAGs
[2023-07-12T06:36:55.984+0000] {logging_mixin.py:150} INFO - [2023-07-12T06:36:55.984+0000] {dag.py:3508} INFO - Setting next_dagrun for example_short_circuit_operator to 2023-07-11T06:36:55.983977+00:00, run_after=2023-07-12T06:36:55.983977+00:00
[2023-07-12T06:36:56.018+0000] {processor.py:179} INFO - Processing /home/airflow/.local/lib/python3.7/site-packages/airflow/example_dags/example_short_circuit_operator.py took 0.139 seconds
[2023-07-12T06:37:26.440+0000] {processor.py:157} INFO - Started process (PID=4136) to work on /home/airflow/.local/lib/python3.7/site-packages/airflow/example_dags/example_short_circuit_operator.py
[2023-07-12T06:37:26.443+0000] {processor.py:826} INFO - Processing file /home/airflow/.local/lib/python3.7/site-packages/airflow/example_dags/example_short_circuit_operator.py for tasks to queue
[2023-07-12T06:37:26.445+0000] {logging_mixin.py:150} INFO - [2023-07-12T06:37:26.445+0000] {dagbag.py:541} INFO - Filling up the DagBag from /home/airflow/.local/lib/python3.7/site-packages/airflow/example_dags/example_short_circuit_operator.py
[2023-07-12T06:37:26.459+0000] {processor.py:836} INFO - DAG(s) dict_keys(['example_short_circuit_operator']) retrieved from /home/airflow/.local/lib/python3.7/site-packages/airflow/example_dags/example_short_circuit_operator.py
[2023-07-12T06:37:26.503+0000] {logging_mixin.py:150} INFO - [2023-07-12T06:37:26.503+0000] {dag.py:2742} INFO - Sync 1 DAGs
[2023-07-12T06:37:26.538+0000] {logging_mixin.py:150} INFO - [2023-07-12T06:37:26.537+0000] {dag.py:3508} INFO - Setting next_dagrun for example_short_circuit_operator to 2023-07-11T06:37:26.537482+00:00, run_after=2023-07-12T06:37:26.537482+00:00
[2023-07-12T06:37:26.570+0000] {processor.py:179} INFO - Processing /home/airflow/.local/lib/python3.7/site-packages/airflow/example_dags/example_short_circuit_operator.py took 0.136 seconds
[2023-07-12T06:37:56.861+0000] {processor.py:157} INFO - Started process (PID=4376) to work on /home/airflow/.local/lib/python3.7/site-packages/airflow/example_dags/example_short_circuit_operator.py
[2023-07-12T06:37:56.863+0000] {processor.py:826} INFO - Processing file /home/airflow/.local/lib/python3.7/site-packages/airflow/example_dags/example_short_circuit_operator.py for tasks to queue
[2023-07-12T06:37:56.866+0000] {logging_mixin.py:150} INFO - [2023-07-12T06:37:56.866+0000] {dagbag.py:541} INFO - Filling up the DagBag from /home/airflow/.local/lib/python3.7/site-packages/airflow/example_dags/example_short_circuit_operator.py
[2023-07-12T06:37:56.879+0000] {processor.py:836} INFO - DAG(s) dict_keys(['example_short_circuit_operator']) retrieved from /home/airflow/.local/lib/python3.7/site-packages/airflow/example_dags/example_short_circuit_operator.py
[2023-07-12T06:37:56.918+0000] {logging_mixin.py:150} INFO - [2023-07-12T06:37:56.918+0000] {dag.py:2742} INFO - Sync 1 DAGs
[2023-07-12T06:37:56.956+0000] {logging_mixin.py:150} INFO - [2023-07-12T06:37:56.955+0000] {dag.py:3508} INFO - Setting next_dagrun for example_short_circuit_operator to 2023-07-11T06:37:56.955494+00:00, run_after=2023-07-12T06:37:56.955494+00:00
[2023-07-12T06:37:56.987+0000] {processor.py:179} INFO - Processing /home/airflow/.local/lib/python3.7/site-packages/airflow/example_dags/example_short_circuit_operator.py took 0.131 seconds
[2023-07-12T06:38:27.260+0000] {processor.py:157} INFO - Started process (PID=4617) to work on /home/airflow/.local/lib/python3.7/site-packages/airflow/example_dags/example_short_circuit_operator.py
[2023-07-12T06:38:27.262+0000] {processor.py:826} INFO - Processing file /home/airflow/.local/lib/python3.7/site-packages/airflow/example_dags/example_short_circuit_operator.py for tasks to queue
[2023-07-12T06:38:27.264+0000] {logging_mixin.py:150} INFO - [2023-07-12T06:38:27.264+0000] {dagbag.py:541} INFO - Filling up the DagBag from /home/airflow/.local/lib/python3.7/site-packages/airflow/example_dags/example_short_circuit_operator.py
[2023-07-12T06:38:27.278+0000] {processor.py:836} INFO - DAG(s) dict_keys(['example_short_circuit_operator']) retrieved from /home/airflow/.local/lib/python3.7/site-packages/airflow/example_dags/example_short_circuit_operator.py
[2023-07-12T06:38:27.317+0000] {logging_mixin.py:150} INFO - [2023-07-12T06:38:27.316+0000] {dag.py:2742} INFO - Sync 1 DAGs
[2023-07-12T06:38:27.352+0000] {logging_mixin.py:150} INFO - [2023-07-12T06:38:27.352+0000] {dag.py:3508} INFO - Setting next_dagrun for example_short_circuit_operator to 2023-07-11T06:38:27.351783+00:00, run_after=2023-07-12T06:38:27.351783+00:00
[2023-07-12T06:38:27.385+0000] {processor.py:179} INFO - Processing /home/airflow/.local/lib/python3.7/site-packages/airflow/example_dags/example_short_circuit_operator.py took 0.131 seconds
[2023-07-12T06:38:57.795+0000] {processor.py:157} INFO - Started process (PID=4858) to work on /home/airflow/.local/lib/python3.7/site-packages/airflow/example_dags/example_short_circuit_operator.py
[2023-07-12T06:38:57.798+0000] {processor.py:826} INFO - Processing file /home/airflow/.local/lib/python3.7/site-packages/airflow/example_dags/example_short_circuit_operator.py for tasks to queue
[2023-07-12T06:38:57.800+0000] {logging_mixin.py:150} INFO - [2023-07-12T06:38:57.800+0000] {dagbag.py:541} INFO - Filling up the DagBag from /home/airflow/.local/lib/python3.7/site-packages/airflow/example_dags/example_short_circuit_operator.py
[2023-07-12T06:38:57.815+0000] {processor.py:836} INFO - DAG(s) dict_keys(['example_short_circuit_operator']) retrieved from /home/airflow/.local/lib/python3.7/site-packages/airflow/example_dags/example_short_circuit_operator.py
[2023-07-12T06:38:57.859+0000] {logging_mixin.py:150} INFO - [2023-07-12T06:38:57.859+0000] {dag.py:2742} INFO - Sync 1 DAGs
[2023-07-12T06:38:57.900+0000] {logging_mixin.py:150} INFO - [2023-07-12T06:38:57.900+0000] {dag.py:3508} INFO - Setting next_dagrun for example_short_circuit_operator to 2023-07-11T06:38:57.900399+00:00, run_after=2023-07-12T06:38:57.900399+00:00
[2023-07-12T06:38:57.935+0000] {processor.py:179} INFO - Processing /home/airflow/.local/lib/python3.7/site-packages/airflow/example_dags/example_short_circuit_operator.py took 0.146 seconds
[2023-07-12T06:39:28.535+0000] {processor.py:157} INFO - Started process (PID=5099) to work on /home/airflow/.local/lib/python3.7/site-packages/airflow/example_dags/example_short_circuit_operator.py
[2023-07-12T06:39:28.538+0000] {processor.py:826} INFO - Processing file /home/airflow/.local/lib/python3.7/site-packages/airflow/example_dags/example_short_circuit_operator.py for tasks to queue
[2023-07-12T06:39:28.541+0000] {logging_mixin.py:150} INFO - [2023-07-12T06:39:28.541+0000] {dagbag.py:541} INFO - Filling up the DagBag from /home/airflow/.local/lib/python3.7/site-packages/airflow/example_dags/example_short_circuit_operator.py
[2023-07-12T06:39:28.558+0000] {processor.py:836} INFO - DAG(s) dict_keys(['example_short_circuit_operator']) retrieved from /home/airflow/.local/lib/python3.7/site-packages/airflow/example_dags/example_short_circuit_operator.py
[2023-07-12T06:39:28.601+0000] {logging_mixin.py:150} INFO - [2023-07-12T06:39:28.601+0000] {dag.py:2742} INFO - Sync 1 DAGs
[2023-07-12T06:39:28.639+0000] {logging_mixin.py:150} INFO - [2023-07-12T06:39:28.639+0000] {dag.py:3508} INFO - Setting next_dagrun for example_short_circuit_operator to 2023-07-11T06:39:28.639256+00:00, run_after=2023-07-12T06:39:28.639256+00:00
[2023-07-12T06:39:28.676+0000] {processor.py:179} INFO - Processing /home/airflow/.local/lib/python3.7/site-packages/airflow/example_dags/example_short_circuit_operator.py took 0.146 seconds
[2023-07-12T06:39:59.526+0000] {processor.py:157} INFO - Started process (PID=5340) to work on /home/airflow/.local/lib/python3.7/site-packages/airflow/example_dags/example_short_circuit_operator.py
[2023-07-12T06:39:59.528+0000] {processor.py:826} INFO - Processing file /home/airflow/.local/lib/python3.7/site-packages/airflow/example_dags/example_short_circuit_operator.py for tasks to queue
[2023-07-12T06:39:59.530+0000] {logging_mixin.py:150} INFO - [2023-07-12T06:39:59.530+0000] {dagbag.py:541} INFO - Filling up the DagBag from /home/airflow/.local/lib/python3.7/site-packages/airflow/example_dags/example_short_circuit_operator.py
[2023-07-12T06:39:59.542+0000] {processor.py:836} INFO - DAG(s) dict_keys(['example_short_circuit_operator']) retrieved from /home/airflow/.local/lib/python3.7/site-packages/airflow/example_dags/example_short_circuit_operator.py
[2023-07-12T06:39:59.579+0000] {logging_mixin.py:150} INFO - [2023-07-12T06:39:59.578+0000] {dag.py:2742} INFO - Sync 1 DAGs
[2023-07-12T06:39:59.613+0000] {logging_mixin.py:150} INFO - [2023-07-12T06:39:59.612+0000] {dag.py:3508} INFO - Setting next_dagrun for example_short_circuit_operator to 2023-07-11T06:39:59.612546+00:00, run_after=2023-07-12T06:39:59.612546+00:00
[2023-07-12T06:39:59.647+0000] {processor.py:179} INFO - Processing /home/airflow/.local/lib/python3.7/site-packages/airflow/example_dags/example_short_circuit_operator.py took 0.127 seconds
[2023-07-12T06:40:30.075+0000] {processor.py:157} INFO - Started process (PID=5583) to work on /home/airflow/.local/lib/python3.7/site-packages/airflow/example_dags/example_short_circuit_operator.py
[2023-07-12T06:40:30.078+0000] {processor.py:826} INFO - Processing file /home/airflow/.local/lib/python3.7/site-packages/airflow/example_dags/example_short_circuit_operator.py for tasks to queue
[2023-07-12T06:40:30.080+0000] {logging_mixin.py:150} INFO - [2023-07-12T06:40:30.080+0000] {dagbag.py:541} INFO - Filling up the DagBag from /home/airflow/.local/lib/python3.7/site-packages/airflow/example_dags/example_short_circuit_operator.py
[2023-07-12T06:40:30.093+0000] {processor.py:836} INFO - DAG(s) dict_keys(['example_short_circuit_operator']) retrieved from /home/airflow/.local/lib/python3.7/site-packages/airflow/example_dags/example_short_circuit_operator.py
[2023-07-12T06:40:30.127+0000] {logging_mixin.py:150} INFO - [2023-07-12T06:40:30.127+0000] {dag.py:2742} INFO - Sync 1 DAGs
[2023-07-12T06:40:30.160+0000] {logging_mixin.py:150} INFO - [2023-07-12T06:40:30.160+0000] {dag.py:3508} INFO - Setting next_dagrun for example_short_circuit_operator to 2023-07-11T06:40:30.159667+00:00, run_after=2023-07-12T06:40:30.159667+00:00
[2023-07-12T06:40:30.191+0000] {processor.py:179} INFO - Processing /home/airflow/.local/lib/python3.7/site-packages/airflow/example_dags/example_short_circuit_operator.py took 0.120 seconds
[2023-07-12T06:41:00.454+0000] {processor.py:157} INFO - Started process (PID=5824) to work on /home/airflow/.local/lib/python3.7/site-packages/airflow/example_dags/example_short_circuit_operator.py
[2023-07-12T06:41:00.456+0000] {processor.py:826} INFO - Processing file /home/airflow/.local/lib/python3.7/site-packages/airflow/example_dags/example_short_circuit_operator.py for tasks to queue
[2023-07-12T06:41:00.458+0000] {logging_mixin.py:150} INFO - [2023-07-12T06:41:00.458+0000] {dagbag.py:541} INFO - Filling up the DagBag from /home/airflow/.local/lib/python3.7/site-packages/airflow/example_dags/example_short_circuit_operator.py
[2023-07-12T06:41:00.471+0000] {processor.py:836} INFO - DAG(s) dict_keys(['example_short_circuit_operator']) retrieved from /home/airflow/.local/lib/python3.7/site-packages/airflow/example_dags/example_short_circuit_operator.py
[2023-07-12T06:41:00.506+0000] {logging_mixin.py:150} INFO - [2023-07-12T06:41:00.506+0000] {dag.py:2742} INFO - Sync 1 DAGs
[2023-07-12T06:41:00.540+0000] {logging_mixin.py:150} INFO - [2023-07-12T06:41:00.539+0000] {dag.py:3508} INFO - Setting next_dagrun for example_short_circuit_operator to 2023-07-11T06:41:00.539578+00:00, run_after=2023-07-12T06:41:00.539578+00:00
[2023-07-12T06:41:00.567+0000] {processor.py:179} INFO - Processing /home/airflow/.local/lib/python3.7/site-packages/airflow/example_dags/example_short_circuit_operator.py took 0.119 seconds
[2023-07-12T06:41:30.936+0000] {processor.py:157} INFO - Started process (PID=6065) to work on /home/airflow/.local/lib/python3.7/site-packages/airflow/example_dags/example_short_circuit_operator.py
[2023-07-12T06:41:30.939+0000] {processor.py:826} INFO - Processing file /home/airflow/.local/lib/python3.7/site-packages/airflow/example_dags/example_short_circuit_operator.py for tasks to queue
[2023-07-12T06:41:30.943+0000] {logging_mixin.py:150} INFO - [2023-07-12T06:41:30.942+0000] {dagbag.py:541} INFO - Filling up the DagBag from /home/airflow/.local/lib/python3.7/site-packages/airflow/example_dags/example_short_circuit_operator.py
[2023-07-12T06:41:30.959+0000] {processor.py:836} INFO - DAG(s) dict_keys(['example_short_circuit_operator']) retrieved from /home/airflow/.local/lib/python3.7/site-packages/airflow/example_dags/example_short_circuit_operator.py
[2023-07-12T06:41:31.003+0000] {logging_mixin.py:150} INFO - [2023-07-12T06:41:31.002+0000] {dag.py:2742} INFO - Sync 1 DAGs
[2023-07-12T06:41:31.037+0000] {logging_mixin.py:150} INFO - [2023-07-12T06:41:31.037+0000] {dag.py:3508} INFO - Setting next_dagrun for example_short_circuit_operator to 2023-07-11T06:41:31.036668+00:00, run_after=2023-07-12T06:41:31.036668+00:00
[2023-07-12T06:41:31.066+0000] {processor.py:179} INFO - Processing /home/airflow/.local/lib/python3.7/site-packages/airflow/example_dags/example_short_circuit_operator.py took 0.136 seconds
[2023-07-12T06:42:01.552+0000] {processor.py:157} INFO - Started process (PID=6306) to work on /home/airflow/.local/lib/python3.7/site-packages/airflow/example_dags/example_short_circuit_operator.py
[2023-07-12T06:42:01.555+0000] {processor.py:826} INFO - Processing file /home/airflow/.local/lib/python3.7/site-packages/airflow/example_dags/example_short_circuit_operator.py for tasks to queue
[2023-07-12T06:42:01.558+0000] {logging_mixin.py:150} INFO - [2023-07-12T06:42:01.557+0000] {dagbag.py:541} INFO - Filling up the DagBag from /home/airflow/.local/lib/python3.7/site-packages/airflow/example_dags/example_short_circuit_operator.py
[2023-07-12T06:42:01.573+0000] {processor.py:836} INFO - DAG(s) dict_keys(['example_short_circuit_operator']) retrieved from /home/airflow/.local/lib/python3.7/site-packages/airflow/example_dags/example_short_circuit_operator.py
[2023-07-12T06:42:01.615+0000] {logging_mixin.py:150} INFO - [2023-07-12T06:42:01.615+0000] {dag.py:2742} INFO - Sync 1 DAGs
[2023-07-12T06:42:01.651+0000] {logging_mixin.py:150} INFO - [2023-07-12T06:42:01.650+0000] {dag.py:3508} INFO - Setting next_dagrun for example_short_circuit_operator to 2023-07-11T06:42:01.650464+00:00, run_after=2023-07-12T06:42:01.650464+00:00
[2023-07-12T06:42:01.681+0000] {processor.py:179} INFO - Processing /home/airflow/.local/lib/python3.7/site-packages/airflow/example_dags/example_short_circuit_operator.py took 0.135 seconds
[2023-07-12T06:42:32.058+0000] {processor.py:157} INFO - Started process (PID=6548) to work on /home/airflow/.local/lib/python3.7/site-packages/airflow/example_dags/example_short_circuit_operator.py
[2023-07-12T06:42:32.060+0000] {processor.py:826} INFO - Processing file /home/airflow/.local/lib/python3.7/site-packages/airflow/example_dags/example_short_circuit_operator.py for tasks to queue
[2023-07-12T06:42:32.062+0000] {logging_mixin.py:150} INFO - [2023-07-12T06:42:32.062+0000] {dagbag.py:541} INFO - Filling up the DagBag from /home/airflow/.local/lib/python3.7/site-packages/airflow/example_dags/example_short_circuit_operator.py
[2023-07-12T06:42:32.075+0000] {processor.py:836} INFO - DAG(s) dict_keys(['example_short_circuit_operator']) retrieved from /home/airflow/.local/lib/python3.7/site-packages/airflow/example_dags/example_short_circuit_operator.py
[2023-07-12T06:42:32.113+0000] {logging_mixin.py:150} INFO - [2023-07-12T06:42:32.113+0000] {dag.py:2742} INFO - Sync 1 DAGs
[2023-07-12T06:42:32.148+0000] {logging_mixin.py:150} INFO - [2023-07-12T06:42:32.147+0000] {dag.py:3508} INFO - Setting next_dagrun for example_short_circuit_operator to 2023-07-11T06:42:32.147352+00:00, run_after=2023-07-12T06:42:32.147352+00:00
[2023-07-12T06:42:32.178+0000] {processor.py:179} INFO - Processing /home/airflow/.local/lib/python3.7/site-packages/airflow/example_dags/example_short_circuit_operator.py took 0.124 seconds
[2023-07-12T06:43:02.239+0000] {processor.py:157} INFO - Started process (PID=6786) to work on /home/airflow/.local/lib/python3.7/site-packages/airflow/example_dags/example_short_circuit_operator.py
[2023-07-12T06:43:02.241+0000] {processor.py:826} INFO - Processing file /home/airflow/.local/lib/python3.7/site-packages/airflow/example_dags/example_short_circuit_operator.py for tasks to queue
[2023-07-12T06:43:02.243+0000] {logging_mixin.py:150} INFO - [2023-07-12T06:43:02.242+0000] {dagbag.py:541} INFO - Filling up the DagBag from /home/airflow/.local/lib/python3.7/site-packages/airflow/example_dags/example_short_circuit_operator.py
[2023-07-12T06:43:02.255+0000] {processor.py:836} INFO - DAG(s) dict_keys(['example_short_circuit_operator']) retrieved from /home/airflow/.local/lib/python3.7/site-packages/airflow/example_dags/example_short_circuit_operator.py
[2023-07-12T06:43:02.290+0000] {logging_mixin.py:150} INFO - [2023-07-12T06:43:02.290+0000] {dag.py:2742} INFO - Sync 1 DAGs
[2023-07-12T06:43:02.323+0000] {logging_mixin.py:150} INFO - [2023-07-12T06:43:02.323+0000] {dag.py:3508} INFO - Setting next_dagrun for example_short_circuit_operator to 2023-07-11T06:43:02.322762+00:00, run_after=2023-07-12T06:43:02.322762+00:00
[2023-07-12T06:43:02.352+0000] {processor.py:179} INFO - Processing /home/airflow/.local/lib/python3.7/site-packages/airflow/example_dags/example_short_circuit_operator.py took 0.118 seconds
[2023-07-12T06:43:32.686+0000] {processor.py:157} INFO - Started process (PID=7028) to work on /home/airflow/.local/lib/python3.7/site-packages/airflow/example_dags/example_short_circuit_operator.py
[2023-07-12T06:43:32.688+0000] {processor.py:826} INFO - Processing file /home/airflow/.local/lib/python3.7/site-packages/airflow/example_dags/example_short_circuit_operator.py for tasks to queue
[2023-07-12T06:43:32.690+0000] {logging_mixin.py:150} INFO - [2023-07-12T06:43:32.689+0000] {dagbag.py:541} INFO - Filling up the DagBag from /home/airflow/.local/lib/python3.7/site-packages/airflow/example_dags/example_short_circuit_operator.py
[2023-07-12T06:43:32.702+0000] {processor.py:836} INFO - DAG(s) dict_keys(['example_short_circuit_operator']) retrieved from /home/airflow/.local/lib/python3.7/site-packages/airflow/example_dags/example_short_circuit_operator.py
[2023-07-12T06:43:32.737+0000] {logging_mixin.py:150} INFO - [2023-07-12T06:43:32.737+0000] {dag.py:2742} INFO - Sync 1 DAGs
[2023-07-12T06:43:32.769+0000] {logging_mixin.py:150} INFO - [2023-07-12T06:43:32.769+0000] {dag.py:3508} INFO - Setting next_dagrun for example_short_circuit_operator to 2023-07-11T06:43:32.769075+00:00, run_after=2023-07-12T06:43:32.769075+00:00
[2023-07-12T06:43:32.797+0000] {processor.py:179} INFO - Processing /home/airflow/.local/lib/python3.7/site-packages/airflow/example_dags/example_short_circuit_operator.py took 0.116 seconds
[2023-07-12T06:44:02.888+0000] {processor.py:157} INFO - Started process (PID=7269) to work on /home/airflow/.local/lib/python3.7/site-packages/airflow/example_dags/example_short_circuit_operator.py
[2023-07-12T06:44:02.890+0000] {processor.py:826} INFO - Processing file /home/airflow/.local/lib/python3.7/site-packages/airflow/example_dags/example_short_circuit_operator.py for tasks to queue
[2023-07-12T06:44:02.892+0000] {logging_mixin.py:150} INFO - [2023-07-12T06:44:02.892+0000] {dagbag.py:541} INFO - Filling up the DagBag from /home/airflow/.local/lib/python3.7/site-packages/airflow/example_dags/example_short_circuit_operator.py
[2023-07-12T06:44:02.904+0000] {processor.py:836} INFO - DAG(s) dict_keys(['example_short_circuit_operator']) retrieved from /home/airflow/.local/lib/python3.7/site-packages/airflow/example_dags/example_short_circuit_operator.py
[2023-07-12T06:44:02.939+0000] {logging_mixin.py:150} INFO - [2023-07-12T06:44:02.939+0000] {dag.py:2742} INFO - Sync 1 DAGs
[2023-07-12T06:44:02.972+0000] {logging_mixin.py:150} INFO - [2023-07-12T06:44:02.972+0000] {dag.py:3508} INFO - Setting next_dagrun for example_short_circuit_operator to 2023-07-11T06:44:02.972029+00:00, run_after=2023-07-12T06:44:02.972029+00:00
[2023-07-12T06:44:03.001+0000] {processor.py:179} INFO - Processing /home/airflow/.local/lib/python3.7/site-packages/airflow/example_dags/example_short_circuit_operator.py took 0.118 seconds
[2023-07-12T06:44:33.290+0000] {processor.py:157} INFO - Started process (PID=7510) to work on /home/airflow/.local/lib/python3.7/site-packages/airflow/example_dags/example_short_circuit_operator.py
[2023-07-12T06:44:33.293+0000] {processor.py:826} INFO - Processing file /home/airflow/.local/lib/python3.7/site-packages/airflow/example_dags/example_short_circuit_operator.py for tasks to queue
[2023-07-12T06:44:33.295+0000] {logging_mixin.py:150} INFO - [2023-07-12T06:44:33.294+0000] {dagbag.py:541} INFO - Filling up the DagBag from /home/airflow/.local/lib/python3.7/site-packages/airflow/example_dags/example_short_circuit_operator.py
[2023-07-12T06:44:33.307+0000] {processor.py:836} INFO - DAG(s) dict_keys(['example_short_circuit_operator']) retrieved from /home/airflow/.local/lib/python3.7/site-packages/airflow/example_dags/example_short_circuit_operator.py
[2023-07-12T06:44:33.342+0000] {logging_mixin.py:150} INFO - [2023-07-12T06:44:33.342+0000] {dag.py:2742} INFO - Sync 1 DAGs
[2023-07-12T06:44:33.375+0000] {logging_mixin.py:150} INFO - [2023-07-12T06:44:33.375+0000] {dag.py:3508} INFO - Setting next_dagrun for example_short_circuit_operator to 2023-07-11T06:44:33.374595+00:00, run_after=2023-07-12T06:44:33.374595+00:00
[2023-07-12T06:44:33.405+0000] {processor.py:179} INFO - Processing /home/airflow/.local/lib/python3.7/site-packages/airflow/example_dags/example_short_circuit_operator.py took 0.120 seconds
[2023-07-12T06:45:03.998+0000] {processor.py:157} INFO - Started process (PID=7751) to work on /home/airflow/.local/lib/python3.7/site-packages/airflow/example_dags/example_short_circuit_operator.py
[2023-07-12T06:45:04.000+0000] {processor.py:826} INFO - Processing file /home/airflow/.local/lib/python3.7/site-packages/airflow/example_dags/example_short_circuit_operator.py for tasks to queue
[2023-07-12T06:45:04.003+0000] {logging_mixin.py:150} INFO - [2023-07-12T06:45:04.003+0000] {dagbag.py:541} INFO - Filling up the DagBag from /home/airflow/.local/lib/python3.7/site-packages/airflow/example_dags/example_short_circuit_operator.py
[2023-07-12T06:45:04.016+0000] {processor.py:836} INFO - DAG(s) dict_keys(['example_short_circuit_operator']) retrieved from /home/airflow/.local/lib/python3.7/site-packages/airflow/example_dags/example_short_circuit_operator.py
[2023-07-12T06:45:04.051+0000] {logging_mixin.py:150} INFO - [2023-07-12T06:45:04.051+0000] {dag.py:2742} INFO - Sync 1 DAGs
[2023-07-12T06:45:04.083+0000] {logging_mixin.py:150} INFO - [2023-07-12T06:45:04.083+0000] {dag.py:3508} INFO - Setting next_dagrun for example_short_circuit_operator to 2023-07-11T06:45:04.082799+00:00, run_after=2023-07-12T06:45:04.082799+00:00
[2023-07-12T06:45:04.114+0000] {processor.py:179} INFO - Processing /home/airflow/.local/lib/python3.7/site-packages/airflow/example_dags/example_short_circuit_operator.py took 0.121 seconds
[2023-07-12T06:45:34.183+0000] {processor.py:157} INFO - Started process (PID=7992) to work on /home/airflow/.local/lib/python3.7/site-packages/airflow/example_dags/example_short_circuit_operator.py
[2023-07-12T06:45:34.185+0000] {processor.py:826} INFO - Processing file /home/airflow/.local/lib/python3.7/site-packages/airflow/example_dags/example_short_circuit_operator.py for tasks to queue
[2023-07-12T06:45:34.188+0000] {logging_mixin.py:150} INFO - [2023-07-12T06:45:34.187+0000] {dagbag.py:541} INFO - Filling up the DagBag from /home/airflow/.local/lib/python3.7/site-packages/airflow/example_dags/example_short_circuit_operator.py
[2023-07-12T06:45:34.200+0000] {processor.py:836} INFO - DAG(s) dict_keys(['example_short_circuit_operator']) retrieved from /home/airflow/.local/lib/python3.7/site-packages/airflow/example_dags/example_short_circuit_operator.py
[2023-07-12T06:45:34.237+0000] {logging_mixin.py:150} INFO - [2023-07-12T06:45:34.237+0000] {dag.py:2742} INFO - Sync 1 DAGs
[2023-07-12T06:45:34.272+0000] {logging_mixin.py:150} INFO - [2023-07-12T06:45:34.272+0000] {dag.py:3508} INFO - Setting next_dagrun for example_short_circuit_operator to 2023-07-11T06:45:34.271778+00:00, run_after=2023-07-12T06:45:34.271778+00:00
[2023-07-12T06:45:34.301+0000] {processor.py:179} INFO - Processing /home/airflow/.local/lib/python3.7/site-packages/airflow/example_dags/example_short_circuit_operator.py took 0.123 seconds
[2023-07-12T06:46:04.454+0000] {processor.py:157} INFO - Started process (PID=8233) to work on /home/airflow/.local/lib/python3.7/site-packages/airflow/example_dags/example_short_circuit_operator.py
[2023-07-12T06:46:04.456+0000] {processor.py:826} INFO - Processing file /home/airflow/.local/lib/python3.7/site-packages/airflow/example_dags/example_short_circuit_operator.py for tasks to queue
[2023-07-12T06:46:04.458+0000] {logging_mixin.py:150} INFO - [2023-07-12T06:46:04.457+0000] {dagbag.py:541} INFO - Filling up the DagBag from /home/airflow/.local/lib/python3.7/site-packages/airflow/example_dags/example_short_circuit_operator.py
[2023-07-12T06:46:04.471+0000] {processor.py:836} INFO - DAG(s) dict_keys(['example_short_circuit_operator']) retrieved from /home/airflow/.local/lib/python3.7/site-packages/airflow/example_dags/example_short_circuit_operator.py
[2023-07-12T06:46:04.506+0000] {logging_mixin.py:150} INFO - [2023-07-12T06:46:04.506+0000] {dag.py:2742} INFO - Sync 1 DAGs
[2023-07-12T06:46:04.538+0000] {logging_mixin.py:150} INFO - [2023-07-12T06:46:04.538+0000] {dag.py:3508} INFO - Setting next_dagrun for example_short_circuit_operator to 2023-07-11T06:46:04.538225+00:00, run_after=2023-07-12T06:46:04.538225+00:00
[2023-07-12T06:46:04.566+0000] {processor.py:179} INFO - Processing /home/airflow/.local/lib/python3.7/site-packages/airflow/example_dags/example_short_circuit_operator.py took 0.118 seconds
[2023-07-12T06:46:34.886+0000] {processor.py:157} INFO - Started process (PID=8474) to work on /home/airflow/.local/lib/python3.7/site-packages/airflow/example_dags/example_short_circuit_operator.py
[2023-07-12T06:46:34.888+0000] {processor.py:826} INFO - Processing file /home/airflow/.local/lib/python3.7/site-packages/airflow/example_dags/example_short_circuit_operator.py for tasks to queue
[2023-07-12T06:46:34.890+0000] {logging_mixin.py:150} INFO - [2023-07-12T06:46:34.890+0000] {dagbag.py:541} INFO - Filling up the DagBag from /home/airflow/.local/lib/python3.7/site-packages/airflow/example_dags/example_short_circuit_operator.py
[2023-07-12T06:46:34.903+0000] {processor.py:836} INFO - DAG(s) dict_keys(['example_short_circuit_operator']) retrieved from /home/airflow/.local/lib/python3.7/site-packages/airflow/example_dags/example_short_circuit_operator.py
[2023-07-12T06:46:34.938+0000] {logging_mixin.py:150} INFO - [2023-07-12T06:46:34.938+0000] {dag.py:2742} INFO - Sync 1 DAGs
[2023-07-12T06:46:34.970+0000] {logging_mixin.py:150} INFO - [2023-07-12T06:46:34.970+0000] {dag.py:3508} INFO - Setting next_dagrun for example_short_circuit_operator to 2023-07-11T06:46:34.970311+00:00, run_after=2023-07-12T06:46:34.970311+00:00
[2023-07-12T06:46:35.000+0000] {processor.py:179} INFO - Processing /home/airflow/.local/lib/python3.7/site-packages/airflow/example_dags/example_short_circuit_operator.py took 0.120 seconds
[2023-07-12T06:47:05.495+0000] {processor.py:157} INFO - Started process (PID=8721) to work on /home/airflow/.local/lib/python3.7/site-packages/airflow/example_dags/example_short_circuit_operator.py
[2023-07-12T06:47:05.497+0000] {processor.py:826} INFO - Processing file /home/airflow/.local/lib/python3.7/site-packages/airflow/example_dags/example_short_circuit_operator.py for tasks to queue
[2023-07-12T06:47:05.499+0000] {logging_mixin.py:150} INFO - [2023-07-12T06:47:05.499+0000] {dagbag.py:541} INFO - Filling up the DagBag from /home/airflow/.local/lib/python3.7/site-packages/airflow/example_dags/example_short_circuit_operator.py
[2023-07-12T06:47:05.512+0000] {processor.py:836} INFO - DAG(s) dict_keys(['example_short_circuit_operator']) retrieved from /home/airflow/.local/lib/python3.7/site-packages/airflow/example_dags/example_short_circuit_operator.py
[2023-07-12T06:47:05.548+0000] {logging_mixin.py:150} INFO - [2023-07-12T06:47:05.547+0000] {dag.py:2742} INFO - Sync 1 DAGs
[2023-07-12T06:47:05.581+0000] {logging_mixin.py:150} INFO - [2023-07-12T06:47:05.580+0000] {dag.py:3508} INFO - Setting next_dagrun for example_short_circuit_operator to 2023-07-11T06:47:05.580642+00:00, run_after=2023-07-12T06:47:05.580642+00:00
[2023-07-12T06:47:05.610+0000] {processor.py:179} INFO - Processing /home/airflow/.local/lib/python3.7/site-packages/airflow/example_dags/example_short_circuit_operator.py took 0.120 seconds
[2023-07-12T06:47:35.971+0000] {processor.py:157} INFO - Started process (PID=8963) to work on /home/airflow/.local/lib/python3.7/site-packages/airflow/example_dags/example_short_circuit_operator.py
[2023-07-12T06:47:35.974+0000] {processor.py:826} INFO - Processing file /home/airflow/.local/lib/python3.7/site-packages/airflow/example_dags/example_short_circuit_operator.py for tasks to queue
[2023-07-12T06:47:35.978+0000] {logging_mixin.py:150} INFO - [2023-07-12T06:47:35.977+0000] {dagbag.py:541} INFO - Filling up the DagBag from /home/airflow/.local/lib/python3.7/site-packages/airflow/example_dags/example_short_circuit_operator.py
[2023-07-12T06:47:35.995+0000] {processor.py:836} INFO - DAG(s) dict_keys(['example_short_circuit_operator']) retrieved from /home/airflow/.local/lib/python3.7/site-packages/airflow/example_dags/example_short_circuit_operator.py
[2023-07-12T06:47:36.037+0000] {logging_mixin.py:150} INFO - [2023-07-12T06:47:36.037+0000] {dag.py:2742} INFO - Sync 1 DAGs
[2023-07-12T06:47:36.076+0000] {logging_mixin.py:150} INFO - [2023-07-12T06:47:36.076+0000] {dag.py:3508} INFO - Setting next_dagrun for example_short_circuit_operator to 2023-07-11T06:47:36.076409+00:00, run_after=2023-07-12T06:47:36.076409+00:00
[2023-07-12T06:47:36.110+0000] {processor.py:179} INFO - Processing /home/airflow/.local/lib/python3.7/site-packages/airflow/example_dags/example_short_circuit_operator.py took 0.146 seconds
[2023-07-12T06:48:06.436+0000] {processor.py:157} INFO - Started process (PID=9202) to work on /home/airflow/.local/lib/python3.7/site-packages/airflow/example_dags/example_short_circuit_operator.py
[2023-07-12T06:48:06.442+0000] {processor.py:826} INFO - Processing file /home/airflow/.local/lib/python3.7/site-packages/airflow/example_dags/example_short_circuit_operator.py for tasks to queue
[2023-07-12T06:48:06.445+0000] {logging_mixin.py:150} INFO - [2023-07-12T06:48:06.444+0000] {dagbag.py:541} INFO - Filling up the DagBag from /home/airflow/.local/lib/python3.7/site-packages/airflow/example_dags/example_short_circuit_operator.py
[2023-07-12T06:48:06.462+0000] {processor.py:836} INFO - DAG(s) dict_keys(['example_short_circuit_operator']) retrieved from /home/airflow/.local/lib/python3.7/site-packages/airflow/example_dags/example_short_circuit_operator.py
[2023-07-12T06:48:06.512+0000] {logging_mixin.py:150} INFO - [2023-07-12T06:48:06.512+0000] {dag.py:2742} INFO - Sync 1 DAGs
[2023-07-12T06:48:06.569+0000] {logging_mixin.py:150} INFO - [2023-07-12T06:48:06.569+0000] {dag.py:3508} INFO - Setting next_dagrun for example_short_circuit_operator to 2023-07-11T06:48:06.568342+00:00, run_after=2023-07-12T06:48:06.568342+00:00
[2023-07-12T06:48:06.618+0000] {processor.py:179} INFO - Processing /home/airflow/.local/lib/python3.7/site-packages/airflow/example_dags/example_short_circuit_operator.py took 0.188 seconds
[2023-07-12T06:48:36.776+0000] {processor.py:157} INFO - Started process (PID=9443) to work on /home/airflow/.local/lib/python3.7/site-packages/airflow/example_dags/example_short_circuit_operator.py
[2023-07-12T06:48:36.780+0000] {processor.py:826} INFO - Processing file /home/airflow/.local/lib/python3.7/site-packages/airflow/example_dags/example_short_circuit_operator.py for tasks to queue
[2023-07-12T06:48:36.783+0000] {logging_mixin.py:150} INFO - [2023-07-12T06:48:36.783+0000] {dagbag.py:541} INFO - Filling up the DagBag from /home/airflow/.local/lib/python3.7/site-packages/airflow/example_dags/example_short_circuit_operator.py
[2023-07-12T06:48:36.800+0000] {processor.py:836} INFO - DAG(s) dict_keys(['example_short_circuit_operator']) retrieved from /home/airflow/.local/lib/python3.7/site-packages/airflow/example_dags/example_short_circuit_operator.py
[2023-07-12T06:48:36.847+0000] {logging_mixin.py:150} INFO - [2023-07-12T06:48:36.847+0000] {dag.py:2742} INFO - Sync 1 DAGs
[2023-07-12T06:48:36.891+0000] {logging_mixin.py:150} INFO - [2023-07-12T06:48:36.891+0000] {dag.py:3508} INFO - Setting next_dagrun for example_short_circuit_operator to 2023-07-11T06:48:36.891053+00:00, run_after=2023-07-12T06:48:36.891053+00:00
[2023-07-12T06:48:36.922+0000] {processor.py:179} INFO - Processing /home/airflow/.local/lib/python3.7/site-packages/airflow/example_dags/example_short_circuit_operator.py took 0.154 seconds
[2023-07-12T06:49:07.301+0000] {processor.py:157} INFO - Started process (PID=9684) to work on /home/airflow/.local/lib/python3.7/site-packages/airflow/example_dags/example_short_circuit_operator.py
[2023-07-12T06:49:07.304+0000] {processor.py:826} INFO - Processing file /home/airflow/.local/lib/python3.7/site-packages/airflow/example_dags/example_short_circuit_operator.py for tasks to queue
[2023-07-12T06:49:07.306+0000] {logging_mixin.py:150} INFO - [2023-07-12T06:49:07.306+0000] {dagbag.py:541} INFO - Filling up the DagBag from /home/airflow/.local/lib/python3.7/site-packages/airflow/example_dags/example_short_circuit_operator.py
[2023-07-12T06:49:07.320+0000] {processor.py:836} INFO - DAG(s) dict_keys(['example_short_circuit_operator']) retrieved from /home/airflow/.local/lib/python3.7/site-packages/airflow/example_dags/example_short_circuit_operator.py
[2023-07-12T06:49:07.363+0000] {logging_mixin.py:150} INFO - [2023-07-12T06:49:07.363+0000] {dag.py:2742} INFO - Sync 1 DAGs
[2023-07-12T06:49:07.402+0000] {logging_mixin.py:150} INFO - [2023-07-12T06:49:07.401+0000] {dag.py:3508} INFO - Setting next_dagrun for example_short_circuit_operator to 2023-07-11T06:49:07.401559+00:00, run_after=2023-07-12T06:49:07.401559+00:00
[2023-07-12T06:49:07.433+0000] {processor.py:179} INFO - Processing /home/airflow/.local/lib/python3.7/site-packages/airflow/example_dags/example_short_circuit_operator.py took 0.138 seconds
[2023-07-12T06:49:37.908+0000] {processor.py:157} INFO - Started process (PID=9925) to work on /home/airflow/.local/lib/python3.7/site-packages/airflow/example_dags/example_short_circuit_operator.py
[2023-07-12T06:49:37.911+0000] {processor.py:826} INFO - Processing file /home/airflow/.local/lib/python3.7/site-packages/airflow/example_dags/example_short_circuit_operator.py for tasks to queue
[2023-07-12T06:49:37.913+0000] {logging_mixin.py:150} INFO - [2023-07-12T06:49:37.913+0000] {dagbag.py:541} INFO - Filling up the DagBag from /home/airflow/.local/lib/python3.7/site-packages/airflow/example_dags/example_short_circuit_operator.py
[2023-07-12T06:49:37.926+0000] {processor.py:836} INFO - DAG(s) dict_keys(['example_short_circuit_operator']) retrieved from /home/airflow/.local/lib/python3.7/site-packages/airflow/example_dags/example_short_circuit_operator.py
[2023-07-12T06:49:37.967+0000] {logging_mixin.py:150} INFO - [2023-07-12T06:49:37.967+0000] {dag.py:2742} INFO - Sync 1 DAGs
[2023-07-12T06:49:38.005+0000] {logging_mixin.py:150} INFO - [2023-07-12T06:49:38.005+0000] {dag.py:3508} INFO - Setting next_dagrun for example_short_circuit_operator to 2023-07-11T06:49:38.004915+00:00, run_after=2023-07-12T06:49:38.004915+00:00
[2023-07-12T06:49:38.036+0000] {processor.py:179} INFO - Processing /home/airflow/.local/lib/python3.7/site-packages/airflow/example_dags/example_short_circuit_operator.py took 0.133 seconds
[2023-07-12T06:50:08.364+0000] {processor.py:157} INFO - Started process (PID=10166) to work on /home/airflow/.local/lib/python3.7/site-packages/airflow/example_dags/example_short_circuit_operator.py
[2023-07-12T06:50:08.367+0000] {processor.py:826} INFO - Processing file /home/airflow/.local/lib/python3.7/site-packages/airflow/example_dags/example_short_circuit_operator.py for tasks to queue
[2023-07-12T06:50:08.369+0000] {logging_mixin.py:150} INFO - [2023-07-12T06:50:08.369+0000] {dagbag.py:541} INFO - Filling up the DagBag from /home/airflow/.local/lib/python3.7/site-packages/airflow/example_dags/example_short_circuit_operator.py
[2023-07-12T06:50:08.384+0000] {processor.py:836} INFO - DAG(s) dict_keys(['example_short_circuit_operator']) retrieved from /home/airflow/.local/lib/python3.7/site-packages/airflow/example_dags/example_short_circuit_operator.py
[2023-07-12T06:50:08.429+0000] {logging_mixin.py:150} INFO - [2023-07-12T06:50:08.429+0000] {dag.py:2742} INFO - Sync 1 DAGs
[2023-07-12T06:50:08.465+0000] {logging_mixin.py:150} INFO - [2023-07-12T06:50:08.465+0000] {dag.py:3508} INFO - Setting next_dagrun for example_short_circuit_operator to 2023-07-11T06:50:08.464735+00:00, run_after=2023-07-12T06:50:08.464735+00:00
[2023-07-12T06:50:08.497+0000] {processor.py:179} INFO - Processing /home/airflow/.local/lib/python3.7/site-packages/airflow/example_dags/example_short_circuit_operator.py took 0.138 seconds
[2023-07-12T06:50:38.832+0000] {processor.py:157} INFO - Started process (PID=10407) to work on /home/airflow/.local/lib/python3.7/site-packages/airflow/example_dags/example_short_circuit_operator.py
[2023-07-12T06:50:38.835+0000] {processor.py:826} INFO - Processing file /home/airflow/.local/lib/python3.7/site-packages/airflow/example_dags/example_short_circuit_operator.py for tasks to queue
[2023-07-12T06:50:38.837+0000] {logging_mixin.py:150} INFO - [2023-07-12T06:50:38.836+0000] {dagbag.py:541} INFO - Filling up the DagBag from /home/airflow/.local/lib/python3.7/site-packages/airflow/example_dags/example_short_circuit_operator.py
[2023-07-12T06:50:38.853+0000] {processor.py:836} INFO - DAG(s) dict_keys(['example_short_circuit_operator']) retrieved from /home/airflow/.local/lib/python3.7/site-packages/airflow/example_dags/example_short_circuit_operator.py
[2023-07-12T06:50:38.896+0000] {logging_mixin.py:150} INFO - [2023-07-12T06:50:38.896+0000] {dag.py:2742} INFO - Sync 1 DAGs
[2023-07-12T06:50:38.932+0000] {logging_mixin.py:150} INFO - [2023-07-12T06:50:38.932+0000] {dag.py:3508} INFO - Setting next_dagrun for example_short_circuit_operator to 2023-07-11T06:50:38.931793+00:00, run_after=2023-07-12T06:50:38.931793+00:00
[2023-07-12T06:50:38.969+0000] {processor.py:179} INFO - Processing /home/airflow/.local/lib/python3.7/site-packages/airflow/example_dags/example_short_circuit_operator.py took 0.143 seconds
