[2023-07-12T06:29:22.701+0000] {processor.py:157} INFO - Started process (PID=359) to work on /home/airflow/.local/lib/python3.7/site-packages/airflow/example_dags/example_python_operator.py
[2023-07-12T06:29:22.703+0000] {processor.py:826} INFO - Processing file /home/airflow/.local/lib/python3.7/site-packages/airflow/example_dags/example_python_operator.py for tasks to queue
[2023-07-12T06:29:22.706+0000] {logging_mixin.py:150} INFO - [2023-07-12T06:29:22.706+0000] {dagbag.py:541} INFO - Filling up the DagBag from /home/airflow/.local/lib/python3.7/site-packages/airflow/example_dags/example_python_operator.py
[2023-07-12T06:29:22.731+0000] {processor.py:836} INFO - DAG(s) dict_keys(['example_python_operator']) retrieved from /home/airflow/.local/lib/python3.7/site-packages/airflow/example_dags/example_python_operator.py
[2023-07-12T06:29:23.068+0000] {logging_mixin.py:150} INFO - [2023-07-12T06:29:23.067+0000] {dag.py:2742} INFO - Sync 1 DAGs
[2023-07-12T06:29:23.129+0000] {logging_mixin.py:150} INFO - [2023-07-12T06:29:23.128+0000] {dag.py:3508} INFO - Setting next_dagrun for example_python_operator to None, run_after=None
[2023-07-12T06:29:23.169+0000] {processor.py:179} INFO - Processing /home/airflow/.local/lib/python3.7/site-packages/airflow/example_dags/example_python_operator.py took 0.483 seconds
[2023-07-12T06:29:53.946+0000] {processor.py:157} INFO - Started process (PID=599) to work on /home/airflow/.local/lib/python3.7/site-packages/airflow/example_dags/example_python_operator.py
[2023-07-12T06:29:53.949+0000] {processor.py:826} INFO - Processing file /home/airflow/.local/lib/python3.7/site-packages/airflow/example_dags/example_python_operator.py for tasks to queue
[2023-07-12T06:29:53.951+0000] {logging_mixin.py:150} INFO - [2023-07-12T06:29:53.951+0000] {dagbag.py:541} INFO - Filling up the DagBag from /home/airflow/.local/lib/python3.7/site-packages/airflow/example_dags/example_python_operator.py
[2023-07-12T06:29:53.969+0000] {processor.py:836} INFO - DAG(s) dict_keys(['example_python_operator']) retrieved from /home/airflow/.local/lib/python3.7/site-packages/airflow/example_dags/example_python_operator.py
[2023-07-12T06:29:54.025+0000] {logging_mixin.py:150} INFO - [2023-07-12T06:29:54.024+0000] {dag.py:2742} INFO - Sync 1 DAGs
[2023-07-12T06:29:54.070+0000] {logging_mixin.py:150} INFO - [2023-07-12T06:29:54.070+0000] {dag.py:3508} INFO - Setting next_dagrun for example_python_operator to None, run_after=None
[2023-07-12T06:29:54.106+0000] {processor.py:179} INFO - Processing /home/airflow/.local/lib/python3.7/site-packages/airflow/example_dags/example_python_operator.py took 0.165 seconds
[2023-07-12T06:30:24.242+0000] {processor.py:157} INFO - Started process (PID=840) to work on /home/airflow/.local/lib/python3.7/site-packages/airflow/example_dags/example_python_operator.py
[2023-07-12T06:30:24.245+0000] {processor.py:826} INFO - Processing file /home/airflow/.local/lib/python3.7/site-packages/airflow/example_dags/example_python_operator.py for tasks to queue
[2023-07-12T06:30:24.247+0000] {logging_mixin.py:150} INFO - [2023-07-12T06:30:24.247+0000] {dagbag.py:541} INFO - Filling up the DagBag from /home/airflow/.local/lib/python3.7/site-packages/airflow/example_dags/example_python_operator.py
[2023-07-12T06:30:24.268+0000] {processor.py:836} INFO - DAG(s) dict_keys(['example_python_operator']) retrieved from /home/airflow/.local/lib/python3.7/site-packages/airflow/example_dags/example_python_operator.py
[2023-07-12T06:30:24.311+0000] {logging_mixin.py:150} INFO - [2023-07-12T06:30:24.310+0000] {dag.py:2742} INFO - Sync 1 DAGs
[2023-07-12T06:30:24.345+0000] {logging_mixin.py:150} INFO - [2023-07-12T06:30:24.345+0000] {dag.py:3508} INFO - Setting next_dagrun for example_python_operator to None, run_after=None
[2023-07-12T06:30:24.375+0000] {processor.py:179} INFO - Processing /home/airflow/.local/lib/python3.7/site-packages/airflow/example_dags/example_python_operator.py took 0.138 seconds
[2023-07-12T06:30:54.669+0000] {processor.py:157} INFO - Started process (PID=1081) to work on /home/airflow/.local/lib/python3.7/site-packages/airflow/example_dags/example_python_operator.py
[2023-07-12T06:30:54.674+0000] {processor.py:826} INFO - Processing file /home/airflow/.local/lib/python3.7/site-packages/airflow/example_dags/example_python_operator.py for tasks to queue
[2023-07-12T06:30:54.678+0000] {logging_mixin.py:150} INFO - [2023-07-12T06:30:54.677+0000] {dagbag.py:541} INFO - Filling up the DagBag from /home/airflow/.local/lib/python3.7/site-packages/airflow/example_dags/example_python_operator.py
[2023-07-12T06:30:54.696+0000] {processor.py:836} INFO - DAG(s) dict_keys(['example_python_operator']) retrieved from /home/airflow/.local/lib/python3.7/site-packages/airflow/example_dags/example_python_operator.py
[2023-07-12T06:30:54.747+0000] {logging_mixin.py:150} INFO - [2023-07-12T06:30:54.747+0000] {dag.py:2742} INFO - Sync 1 DAGs
[2023-07-12T06:30:54.792+0000] {logging_mixin.py:150} INFO - [2023-07-12T06:30:54.791+0000] {dag.py:3508} INFO - Setting next_dagrun for example_python_operator to None, run_after=None
[2023-07-12T06:30:54.825+0000] {processor.py:179} INFO - Processing /home/airflow/.local/lib/python3.7/site-packages/airflow/example_dags/example_python_operator.py took 0.162 seconds
[2023-07-12T06:31:25.549+0000] {processor.py:157} INFO - Started process (PID=1364) to work on /home/airflow/.local/lib/python3.7/site-packages/airflow/example_dags/example_python_operator.py
[2023-07-12T06:31:25.551+0000] {processor.py:826} INFO - Processing file /home/airflow/.local/lib/python3.7/site-packages/airflow/example_dags/example_python_operator.py for tasks to queue
[2023-07-12T06:31:25.553+0000] {logging_mixin.py:150} INFO - [2023-07-12T06:31:25.553+0000] {dagbag.py:541} INFO - Filling up the DagBag from /home/airflow/.local/lib/python3.7/site-packages/airflow/example_dags/example_python_operator.py
[2023-07-12T06:31:25.569+0000] {processor.py:836} INFO - DAG(s) dict_keys(['example_python_operator']) retrieved from /home/airflow/.local/lib/python3.7/site-packages/airflow/example_dags/example_python_operator.py
[2023-07-12T06:31:25.616+0000] {logging_mixin.py:150} INFO - [2023-07-12T06:31:25.616+0000] {dag.py:2742} INFO - Sync 1 DAGs
[2023-07-12T06:31:25.659+0000] {logging_mixin.py:150} INFO - [2023-07-12T06:31:25.659+0000] {dag.py:3508} INFO - Setting next_dagrun for example_python_operator to None, run_after=None
[2023-07-12T06:31:25.692+0000] {processor.py:179} INFO - Processing /home/airflow/.local/lib/python3.7/site-packages/airflow/example_dags/example_python_operator.py took 0.148 seconds
[2023-07-12T06:31:56.071+0000] {processor.py:157} INFO - Started process (PID=1605) to work on /home/airflow/.local/lib/python3.7/site-packages/airflow/example_dags/example_python_operator.py
[2023-07-12T06:31:56.074+0000] {processor.py:826} INFO - Processing file /home/airflow/.local/lib/python3.7/site-packages/airflow/example_dags/example_python_operator.py for tasks to queue
[2023-07-12T06:31:56.079+0000] {logging_mixin.py:150} INFO - [2023-07-12T06:31:56.078+0000] {dagbag.py:541} INFO - Filling up the DagBag from /home/airflow/.local/lib/python3.7/site-packages/airflow/example_dags/example_python_operator.py
[2023-07-12T06:31:56.099+0000] {processor.py:836} INFO - DAG(s) dict_keys(['example_python_operator']) retrieved from /home/airflow/.local/lib/python3.7/site-packages/airflow/example_dags/example_python_operator.py
[2023-07-12T06:31:56.142+0000] {logging_mixin.py:150} INFO - [2023-07-12T06:31:56.142+0000] {dag.py:2742} INFO - Sync 1 DAGs
[2023-07-12T06:31:56.191+0000] {logging_mixin.py:150} INFO - [2023-07-12T06:31:56.191+0000] {dag.py:3508} INFO - Setting next_dagrun for example_python_operator to None, run_after=None
[2023-07-12T06:31:56.255+0000] {processor.py:179} INFO - Processing /home/airflow/.local/lib/python3.7/site-packages/airflow/example_dags/example_python_operator.py took 0.191 seconds
[2023-07-12T06:32:26.375+0000] {processor.py:157} INFO - Started process (PID=1846) to work on /home/airflow/.local/lib/python3.7/site-packages/airflow/example_dags/example_python_operator.py
[2023-07-12T06:32:26.378+0000] {processor.py:826} INFO - Processing file /home/airflow/.local/lib/python3.7/site-packages/airflow/example_dags/example_python_operator.py for tasks to queue
[2023-07-12T06:32:26.383+0000] {logging_mixin.py:150} INFO - [2023-07-12T06:32:26.383+0000] {dagbag.py:541} INFO - Filling up the DagBag from /home/airflow/.local/lib/python3.7/site-packages/airflow/example_dags/example_python_operator.py
[2023-07-12T06:32:26.403+0000] {processor.py:836} INFO - DAG(s) dict_keys(['example_python_operator']) retrieved from /home/airflow/.local/lib/python3.7/site-packages/airflow/example_dags/example_python_operator.py
[2023-07-12T06:32:26.445+0000] {logging_mixin.py:150} INFO - [2023-07-12T06:32:26.445+0000] {dag.py:2742} INFO - Sync 1 DAGs
[2023-07-12T06:32:26.481+0000] {logging_mixin.py:150} INFO - [2023-07-12T06:32:26.480+0000] {dag.py:3508} INFO - Setting next_dagrun for example_python_operator to None, run_after=None
[2023-07-12T06:32:26.511+0000] {processor.py:179} INFO - Processing /home/airflow/.local/lib/python3.7/site-packages/airflow/example_dags/example_python_operator.py took 0.141 seconds
[2023-07-12T06:32:57.040+0000] {processor.py:157} INFO - Started process (PID=2087) to work on /home/airflow/.local/lib/python3.7/site-packages/airflow/example_dags/example_python_operator.py
[2023-07-12T06:32:57.044+0000] {processor.py:826} INFO - Processing file /home/airflow/.local/lib/python3.7/site-packages/airflow/example_dags/example_python_operator.py for tasks to queue
[2023-07-12T06:32:57.049+0000] {logging_mixin.py:150} INFO - [2023-07-12T06:32:57.048+0000] {dagbag.py:541} INFO - Filling up the DagBag from /home/airflow/.local/lib/python3.7/site-packages/airflow/example_dags/example_python_operator.py
[2023-07-12T06:32:57.072+0000] {processor.py:836} INFO - DAG(s) dict_keys(['example_python_operator']) retrieved from /home/airflow/.local/lib/python3.7/site-packages/airflow/example_dags/example_python_operator.py
[2023-07-12T06:32:57.121+0000] {logging_mixin.py:150} INFO - [2023-07-12T06:32:57.121+0000] {dag.py:2742} INFO - Sync 1 DAGs
[2023-07-12T06:32:57.160+0000] {logging_mixin.py:150} INFO - [2023-07-12T06:32:57.160+0000] {dag.py:3508} INFO - Setting next_dagrun for example_python_operator to None, run_after=None
[2023-07-12T06:32:57.204+0000] {processor.py:179} INFO - Processing /home/airflow/.local/lib/python3.7/site-packages/airflow/example_dags/example_python_operator.py took 0.172 seconds
[2023-07-12T06:33:27.449+0000] {processor.py:157} INFO - Started process (PID=2330) to work on /home/airflow/.local/lib/python3.7/site-packages/airflow/example_dags/example_python_operator.py
[2023-07-12T06:33:27.452+0000] {processor.py:826} INFO - Processing file /home/airflow/.local/lib/python3.7/site-packages/airflow/example_dags/example_python_operator.py for tasks to queue
[2023-07-12T06:33:27.456+0000] {logging_mixin.py:150} INFO - [2023-07-12T06:33:27.456+0000] {dagbag.py:541} INFO - Filling up the DagBag from /home/airflow/.local/lib/python3.7/site-packages/airflow/example_dags/example_python_operator.py
[2023-07-12T06:33:27.477+0000] {processor.py:836} INFO - DAG(s) dict_keys(['example_python_operator']) retrieved from /home/airflow/.local/lib/python3.7/site-packages/airflow/example_dags/example_python_operator.py
[2023-07-12T06:33:27.521+0000] {logging_mixin.py:150} INFO - [2023-07-12T06:33:27.521+0000] {dag.py:2742} INFO - Sync 1 DAGs
[2023-07-12T06:33:27.558+0000] {logging_mixin.py:150} INFO - [2023-07-12T06:33:27.558+0000] {dag.py:3508} INFO - Setting next_dagrun for example_python_operator to None, run_after=None
[2023-07-12T06:33:27.592+0000] {processor.py:179} INFO - Processing /home/airflow/.local/lib/python3.7/site-packages/airflow/example_dags/example_python_operator.py took 0.147 seconds
[2023-07-12T06:33:57.809+0000] {processor.py:157} INFO - Started process (PID=2569) to work on /home/airflow/.local/lib/python3.7/site-packages/airflow/example_dags/example_python_operator.py
[2023-07-12T06:33:57.812+0000] {processor.py:826} INFO - Processing file /home/airflow/.local/lib/python3.7/site-packages/airflow/example_dags/example_python_operator.py for tasks to queue
[2023-07-12T06:33:57.816+0000] {logging_mixin.py:150} INFO - [2023-07-12T06:33:57.815+0000] {dagbag.py:541} INFO - Filling up the DagBag from /home/airflow/.local/lib/python3.7/site-packages/airflow/example_dags/example_python_operator.py
[2023-07-12T06:33:57.834+0000] {processor.py:836} INFO - DAG(s) dict_keys(['example_python_operator']) retrieved from /home/airflow/.local/lib/python3.7/site-packages/airflow/example_dags/example_python_operator.py
[2023-07-12T06:33:57.875+0000] {logging_mixin.py:150} INFO - [2023-07-12T06:33:57.875+0000] {dag.py:2742} INFO - Sync 1 DAGs
[2023-07-12T06:33:57.916+0000] {logging_mixin.py:150} INFO - [2023-07-12T06:33:57.915+0000] {dag.py:3508} INFO - Setting next_dagrun for example_python_operator to None, run_after=None
[2023-07-12T06:33:57.957+0000] {processor.py:179} INFO - Processing /home/airflow/.local/lib/python3.7/site-packages/airflow/example_dags/example_python_operator.py took 0.153 seconds
[2023-07-12T06:34:28.523+0000] {processor.py:157} INFO - Started process (PID=2810) to work on /home/airflow/.local/lib/python3.7/site-packages/airflow/example_dags/example_python_operator.py
[2023-07-12T06:34:28.526+0000] {processor.py:826} INFO - Processing file /home/airflow/.local/lib/python3.7/site-packages/airflow/example_dags/example_python_operator.py for tasks to queue
[2023-07-12T06:34:28.529+0000] {logging_mixin.py:150} INFO - [2023-07-12T06:34:28.529+0000] {dagbag.py:541} INFO - Filling up the DagBag from /home/airflow/.local/lib/python3.7/site-packages/airflow/example_dags/example_python_operator.py
[2023-07-12T06:34:28.549+0000] {processor.py:836} INFO - DAG(s) dict_keys(['example_python_operator']) retrieved from /home/airflow/.local/lib/python3.7/site-packages/airflow/example_dags/example_python_operator.py
[2023-07-12T06:34:28.597+0000] {logging_mixin.py:150} INFO - [2023-07-12T06:34:28.597+0000] {dag.py:2742} INFO - Sync 1 DAGs
[2023-07-12T06:34:28.632+0000] {logging_mixin.py:150} INFO - [2023-07-12T06:34:28.631+0000] {dag.py:3508} INFO - Setting next_dagrun for example_python_operator to None, run_after=None
[2023-07-12T06:34:28.665+0000] {processor.py:179} INFO - Processing /home/airflow/.local/lib/python3.7/site-packages/airflow/example_dags/example_python_operator.py took 0.149 seconds
[2023-07-12T06:34:59.581+0000] {processor.py:157} INFO - Started process (PID=3053) to work on /home/airflow/.local/lib/python3.7/site-packages/airflow/example_dags/example_python_operator.py
[2023-07-12T06:34:59.584+0000] {processor.py:826} INFO - Processing file /home/airflow/.local/lib/python3.7/site-packages/airflow/example_dags/example_python_operator.py for tasks to queue
[2023-07-12T06:34:59.589+0000] {logging_mixin.py:150} INFO - [2023-07-12T06:34:59.588+0000] {dagbag.py:541} INFO - Filling up the DagBag from /home/airflow/.local/lib/python3.7/site-packages/airflow/example_dags/example_python_operator.py
[2023-07-12T06:34:59.612+0000] {processor.py:836} INFO - DAG(s) dict_keys(['example_python_operator']) retrieved from /home/airflow/.local/lib/python3.7/site-packages/airflow/example_dags/example_python_operator.py
[2023-07-12T06:34:59.663+0000] {logging_mixin.py:150} INFO - [2023-07-12T06:34:59.663+0000] {dag.py:2742} INFO - Sync 1 DAGs
[2023-07-12T06:34:59.711+0000] {logging_mixin.py:150} INFO - [2023-07-12T06:34:59.711+0000] {dag.py:3508} INFO - Setting next_dagrun for example_python_operator to None, run_after=None
[2023-07-12T06:34:59.749+0000] {processor.py:179} INFO - Processing /home/airflow/.local/lib/python3.7/site-packages/airflow/example_dags/example_python_operator.py took 0.174 seconds
[2023-07-12T06:35:30.020+0000] {processor.py:157} INFO - Started process (PID=3294) to work on /home/airflow/.local/lib/python3.7/site-packages/airflow/example_dags/example_python_operator.py
[2023-07-12T06:35:30.025+0000] {processor.py:826} INFO - Processing file /home/airflow/.local/lib/python3.7/site-packages/airflow/example_dags/example_python_operator.py for tasks to queue
[2023-07-12T06:35:30.029+0000] {logging_mixin.py:150} INFO - [2023-07-12T06:35:30.028+0000] {dagbag.py:541} INFO - Filling up the DagBag from /home/airflow/.local/lib/python3.7/site-packages/airflow/example_dags/example_python_operator.py
[2023-07-12T06:35:30.078+0000] {processor.py:836} INFO - DAG(s) dict_keys(['example_python_operator']) retrieved from /home/airflow/.local/lib/python3.7/site-packages/airflow/example_dags/example_python_operator.py
[2023-07-12T06:35:30.164+0000] {logging_mixin.py:150} INFO - [2023-07-12T06:35:30.163+0000] {dag.py:2742} INFO - Sync 1 DAGs
[2023-07-12T06:35:30.208+0000] {logging_mixin.py:150} INFO - [2023-07-12T06:35:30.208+0000] {dag.py:3508} INFO - Setting next_dagrun for example_python_operator to None, run_after=None
[2023-07-12T06:35:30.252+0000] {processor.py:179} INFO - Processing /home/airflow/.local/lib/python3.7/site-packages/airflow/example_dags/example_python_operator.py took 0.240 seconds
[2023-07-12T06:36:00.917+0000] {processor.py:157} INFO - Started process (PID=3534) to work on /home/airflow/.local/lib/python3.7/site-packages/airflow/example_dags/example_python_operator.py
[2023-07-12T06:36:00.920+0000] {processor.py:826} INFO - Processing file /home/airflow/.local/lib/python3.7/site-packages/airflow/example_dags/example_python_operator.py for tasks to queue
[2023-07-12T06:36:00.923+0000] {logging_mixin.py:150} INFO - [2023-07-12T06:36:00.922+0000] {dagbag.py:541} INFO - Filling up the DagBag from /home/airflow/.local/lib/python3.7/site-packages/airflow/example_dags/example_python_operator.py
[2023-07-12T06:36:00.945+0000] {processor.py:836} INFO - DAG(s) dict_keys(['example_python_operator']) retrieved from /home/airflow/.local/lib/python3.7/site-packages/airflow/example_dags/example_python_operator.py
[2023-07-12T06:36:00.999+0000] {logging_mixin.py:150} INFO - [2023-07-12T06:36:00.999+0000] {dag.py:2742} INFO - Sync 1 DAGs
[2023-07-12T06:36:01.036+0000] {logging_mixin.py:150} INFO - [2023-07-12T06:36:01.035+0000] {dag.py:3508} INFO - Setting next_dagrun for example_python_operator to None, run_after=None
[2023-07-12T06:36:01.068+0000] {processor.py:179} INFO - Processing /home/airflow/.local/lib/python3.7/site-packages/airflow/example_dags/example_python_operator.py took 0.157 seconds
[2023-07-12T06:36:31.782+0000] {processor.py:157} INFO - Started process (PID=3776) to work on /home/airflow/.local/lib/python3.7/site-packages/airflow/example_dags/example_python_operator.py
[2023-07-12T06:36:31.785+0000] {processor.py:826} INFO - Processing file /home/airflow/.local/lib/python3.7/site-packages/airflow/example_dags/example_python_operator.py for tasks to queue
[2023-07-12T06:36:31.789+0000] {logging_mixin.py:150} INFO - [2023-07-12T06:36:31.788+0000] {dagbag.py:541} INFO - Filling up the DagBag from /home/airflow/.local/lib/python3.7/site-packages/airflow/example_dags/example_python_operator.py
[2023-07-12T06:36:31.810+0000] {processor.py:836} INFO - DAG(s) dict_keys(['example_python_operator']) retrieved from /home/airflow/.local/lib/python3.7/site-packages/airflow/example_dags/example_python_operator.py
[2023-07-12T06:36:31.854+0000] {logging_mixin.py:150} INFO - [2023-07-12T06:36:31.854+0000] {dag.py:2742} INFO - Sync 1 DAGs
[2023-07-12T06:36:31.887+0000] {logging_mixin.py:150} INFO - [2023-07-12T06:36:31.887+0000] {dag.py:3508} INFO - Setting next_dagrun for example_python_operator to None, run_after=None
[2023-07-12T06:36:31.919+0000] {processor.py:179} INFO - Processing /home/airflow/.local/lib/python3.7/site-packages/airflow/example_dags/example_python_operator.py took 0.141 seconds
[2023-07-12T06:37:02.259+0000] {processor.py:157} INFO - Started process (PID=4015) to work on /home/airflow/.local/lib/python3.7/site-packages/airflow/example_dags/example_python_operator.py
[2023-07-12T06:37:02.261+0000] {processor.py:826} INFO - Processing file /home/airflow/.local/lib/python3.7/site-packages/airflow/example_dags/example_python_operator.py for tasks to queue
[2023-07-12T06:37:02.263+0000] {logging_mixin.py:150} INFO - [2023-07-12T06:37:02.263+0000] {dagbag.py:541} INFO - Filling up the DagBag from /home/airflow/.local/lib/python3.7/site-packages/airflow/example_dags/example_python_operator.py
[2023-07-12T06:37:02.280+0000] {processor.py:836} INFO - DAG(s) dict_keys(['example_python_operator']) retrieved from /home/airflow/.local/lib/python3.7/site-packages/airflow/example_dags/example_python_operator.py
[2023-07-12T06:37:02.322+0000] {logging_mixin.py:150} INFO - [2023-07-12T06:37:02.321+0000] {dag.py:2742} INFO - Sync 1 DAGs
[2023-07-12T06:37:02.361+0000] {logging_mixin.py:150} INFO - [2023-07-12T06:37:02.361+0000] {dag.py:3508} INFO - Setting next_dagrun for example_python_operator to None, run_after=None
[2023-07-12T06:37:02.407+0000] {processor.py:179} INFO - Processing /home/airflow/.local/lib/python3.7/site-packages/airflow/example_dags/example_python_operator.py took 0.154 seconds
[2023-07-12T06:37:33.019+0000] {processor.py:157} INFO - Started process (PID=4258) to work on /home/airflow/.local/lib/python3.7/site-packages/airflow/example_dags/example_python_operator.py
[2023-07-12T06:37:33.022+0000] {processor.py:826} INFO - Processing file /home/airflow/.local/lib/python3.7/site-packages/airflow/example_dags/example_python_operator.py for tasks to queue
[2023-07-12T06:37:33.025+0000] {logging_mixin.py:150} INFO - [2023-07-12T06:37:33.025+0000] {dagbag.py:541} INFO - Filling up the DagBag from /home/airflow/.local/lib/python3.7/site-packages/airflow/example_dags/example_python_operator.py
[2023-07-12T06:37:33.049+0000] {processor.py:836} INFO - DAG(s) dict_keys(['example_python_operator']) retrieved from /home/airflow/.local/lib/python3.7/site-packages/airflow/example_dags/example_python_operator.py
[2023-07-12T06:37:33.103+0000] {logging_mixin.py:150} INFO - [2023-07-12T06:37:33.103+0000] {dag.py:2742} INFO - Sync 1 DAGs
[2023-07-12T06:37:33.142+0000] {logging_mixin.py:150} INFO - [2023-07-12T06:37:33.142+0000] {dag.py:3508} INFO - Setting next_dagrun for example_python_operator to None, run_after=None
[2023-07-12T06:37:33.177+0000] {processor.py:179} INFO - Processing /home/airflow/.local/lib/python3.7/site-packages/airflow/example_dags/example_python_operator.py took 0.163 seconds
[2023-07-12T06:38:03.474+0000] {processor.py:157} INFO - Started process (PID=4496) to work on /home/airflow/.local/lib/python3.7/site-packages/airflow/example_dags/example_python_operator.py
[2023-07-12T06:38:03.478+0000] {processor.py:826} INFO - Processing file /home/airflow/.local/lib/python3.7/site-packages/airflow/example_dags/example_python_operator.py for tasks to queue
[2023-07-12T06:38:03.482+0000] {logging_mixin.py:150} INFO - [2023-07-12T06:38:03.481+0000] {dagbag.py:541} INFO - Filling up the DagBag from /home/airflow/.local/lib/python3.7/site-packages/airflow/example_dags/example_python_operator.py
[2023-07-12T06:38:03.506+0000] {processor.py:836} INFO - DAG(s) dict_keys(['example_python_operator']) retrieved from /home/airflow/.local/lib/python3.7/site-packages/airflow/example_dags/example_python_operator.py
[2023-07-12T06:38:03.558+0000] {logging_mixin.py:150} INFO - [2023-07-12T06:38:03.558+0000] {dag.py:2742} INFO - Sync 1 DAGs
[2023-07-12T06:38:03.634+0000] {logging_mixin.py:150} INFO - [2023-07-12T06:38:03.633+0000] {dag.py:3508} INFO - Setting next_dagrun for example_python_operator to None, run_after=None
[2023-07-12T06:38:03.721+0000] {processor.py:179} INFO - Processing /home/airflow/.local/lib/python3.7/site-packages/airflow/example_dags/example_python_operator.py took 0.254 seconds
[2023-07-12T06:38:34.647+0000] {processor.py:157} INFO - Started process (PID=4746) to work on /home/airflow/.local/lib/python3.7/site-packages/airflow/example_dags/example_python_operator.py
[2023-07-12T06:38:34.650+0000] {processor.py:826} INFO - Processing file /home/airflow/.local/lib/python3.7/site-packages/airflow/example_dags/example_python_operator.py for tasks to queue
[2023-07-12T06:38:34.653+0000] {logging_mixin.py:150} INFO - [2023-07-12T06:38:34.652+0000] {dagbag.py:541} INFO - Filling up the DagBag from /home/airflow/.local/lib/python3.7/site-packages/airflow/example_dags/example_python_operator.py
[2023-07-12T06:38:34.674+0000] {processor.py:836} INFO - DAG(s) dict_keys(['example_python_operator']) retrieved from /home/airflow/.local/lib/python3.7/site-packages/airflow/example_dags/example_python_operator.py
[2023-07-12T06:38:34.718+0000] {logging_mixin.py:150} INFO - [2023-07-12T06:38:34.718+0000] {dag.py:2742} INFO - Sync 1 DAGs
[2023-07-12T06:38:34.756+0000] {logging_mixin.py:150} INFO - [2023-07-12T06:38:34.756+0000] {dag.py:3508} INFO - Setting next_dagrun for example_python_operator to None, run_after=None
[2023-07-12T06:38:34.785+0000] {processor.py:179} INFO - Processing /home/airflow/.local/lib/python3.7/site-packages/airflow/example_dags/example_python_operator.py took 0.142 seconds
[2023-07-12T06:39:05.100+0000] {processor.py:157} INFO - Started process (PID=4985) to work on /home/airflow/.local/lib/python3.7/site-packages/airflow/example_dags/example_python_operator.py
[2023-07-12T06:39:05.103+0000] {processor.py:826} INFO - Processing file /home/airflow/.local/lib/python3.7/site-packages/airflow/example_dags/example_python_operator.py for tasks to queue
[2023-07-12T06:39:05.106+0000] {logging_mixin.py:150} INFO - [2023-07-12T06:39:05.105+0000] {dagbag.py:541} INFO - Filling up the DagBag from /home/airflow/.local/lib/python3.7/site-packages/airflow/example_dags/example_python_operator.py
[2023-07-12T06:39:05.122+0000] {processor.py:836} INFO - DAG(s) dict_keys(['example_python_operator']) retrieved from /home/airflow/.local/lib/python3.7/site-packages/airflow/example_dags/example_python_operator.py
[2023-07-12T06:39:05.164+0000] {logging_mixin.py:150} INFO - [2023-07-12T06:39:05.164+0000] {dag.py:2742} INFO - Sync 1 DAGs
[2023-07-12T06:39:05.207+0000] {logging_mixin.py:150} INFO - [2023-07-12T06:39:05.206+0000] {dag.py:3508} INFO - Setting next_dagrun for example_python_operator to None, run_after=None
[2023-07-12T06:39:05.245+0000] {processor.py:179} INFO - Processing /home/airflow/.local/lib/python3.7/site-packages/airflow/example_dags/example_python_operator.py took 0.150 seconds
[2023-07-12T06:39:35.933+0000] {processor.py:157} INFO - Started process (PID=5226) to work on /home/airflow/.local/lib/python3.7/site-packages/airflow/example_dags/example_python_operator.py
[2023-07-12T06:39:35.936+0000] {processor.py:826} INFO - Processing file /home/airflow/.local/lib/python3.7/site-packages/airflow/example_dags/example_python_operator.py for tasks to queue
[2023-07-12T06:39:35.938+0000] {logging_mixin.py:150} INFO - [2023-07-12T06:39:35.938+0000] {dagbag.py:541} INFO - Filling up the DagBag from /home/airflow/.local/lib/python3.7/site-packages/airflow/example_dags/example_python_operator.py
[2023-07-12T06:39:35.955+0000] {processor.py:836} INFO - DAG(s) dict_keys(['example_python_operator']) retrieved from /home/airflow/.local/lib/python3.7/site-packages/airflow/example_dags/example_python_operator.py
[2023-07-12T06:39:35.996+0000] {logging_mixin.py:150} INFO - [2023-07-12T06:39:35.995+0000] {dag.py:2742} INFO - Sync 1 DAGs
[2023-07-12T06:39:36.031+0000] {logging_mixin.py:150} INFO - [2023-07-12T06:39:36.030+0000] {dag.py:3508} INFO - Setting next_dagrun for example_python_operator to None, run_after=None
[2023-07-12T06:39:36.069+0000] {processor.py:179} INFO - Processing /home/airflow/.local/lib/python3.7/site-packages/airflow/example_dags/example_python_operator.py took 0.141 seconds
[2023-07-12T06:40:06.612+0000] {processor.py:157} INFO - Started process (PID=5467) to work on /home/airflow/.local/lib/python3.7/site-packages/airflow/example_dags/example_python_operator.py
[2023-07-12T06:40:06.614+0000] {processor.py:826} INFO - Processing file /home/airflow/.local/lib/python3.7/site-packages/airflow/example_dags/example_python_operator.py for tasks to queue
[2023-07-12T06:40:06.617+0000] {logging_mixin.py:150} INFO - [2023-07-12T06:40:06.616+0000] {dagbag.py:541} INFO - Filling up the DagBag from /home/airflow/.local/lib/python3.7/site-packages/airflow/example_dags/example_python_operator.py
[2023-07-12T06:40:06.632+0000] {processor.py:836} INFO - DAG(s) dict_keys(['example_python_operator']) retrieved from /home/airflow/.local/lib/python3.7/site-packages/airflow/example_dags/example_python_operator.py
[2023-07-12T06:40:06.670+0000] {logging_mixin.py:150} INFO - [2023-07-12T06:40:06.670+0000] {dag.py:2742} INFO - Sync 1 DAGs
[2023-07-12T06:40:06.702+0000] {logging_mixin.py:150} INFO - [2023-07-12T06:40:06.702+0000] {dag.py:3508} INFO - Setting next_dagrun for example_python_operator to None, run_after=None
[2023-07-12T06:40:06.735+0000] {processor.py:179} INFO - Processing /home/airflow/.local/lib/python3.7/site-packages/airflow/example_dags/example_python_operator.py took 0.128 seconds
[2023-07-12T06:40:37.265+0000] {processor.py:157} INFO - Started process (PID=5708) to work on /home/airflow/.local/lib/python3.7/site-packages/airflow/example_dags/example_python_operator.py
[2023-07-12T06:40:37.268+0000] {processor.py:826} INFO - Processing file /home/airflow/.local/lib/python3.7/site-packages/airflow/example_dags/example_python_operator.py for tasks to queue
[2023-07-12T06:40:37.271+0000] {logging_mixin.py:150} INFO - [2023-07-12T06:40:37.270+0000] {dagbag.py:541} INFO - Filling up the DagBag from /home/airflow/.local/lib/python3.7/site-packages/airflow/example_dags/example_python_operator.py
[2023-07-12T06:40:37.286+0000] {processor.py:836} INFO - DAG(s) dict_keys(['example_python_operator']) retrieved from /home/airflow/.local/lib/python3.7/site-packages/airflow/example_dags/example_python_operator.py
[2023-07-12T06:40:37.325+0000] {logging_mixin.py:150} INFO - [2023-07-12T06:40:37.324+0000] {dag.py:2742} INFO - Sync 1 DAGs
[2023-07-12T06:40:37.360+0000] {logging_mixin.py:150} INFO - [2023-07-12T06:40:37.360+0000] {dag.py:3508} INFO - Setting next_dagrun for example_python_operator to None, run_after=None
[2023-07-12T06:40:37.390+0000] {processor.py:179} INFO - Processing /home/airflow/.local/lib/python3.7/site-packages/airflow/example_dags/example_python_operator.py took 0.130 seconds
[2023-07-12T06:41:07.723+0000] {processor.py:157} INFO - Started process (PID=5949) to work on /home/airflow/.local/lib/python3.7/site-packages/airflow/example_dags/example_python_operator.py
[2023-07-12T06:41:07.726+0000] {processor.py:826} INFO - Processing file /home/airflow/.local/lib/python3.7/site-packages/airflow/example_dags/example_python_operator.py for tasks to queue
[2023-07-12T06:41:07.729+0000] {logging_mixin.py:150} INFO - [2023-07-12T06:41:07.728+0000] {dagbag.py:541} INFO - Filling up the DagBag from /home/airflow/.local/lib/python3.7/site-packages/airflow/example_dags/example_python_operator.py
[2023-07-12T06:41:07.747+0000] {processor.py:836} INFO - DAG(s) dict_keys(['example_python_operator']) retrieved from /home/airflow/.local/lib/python3.7/site-packages/airflow/example_dags/example_python_operator.py
[2023-07-12T06:41:07.784+0000] {logging_mixin.py:150} INFO - [2023-07-12T06:41:07.784+0000] {dag.py:2742} INFO - Sync 1 DAGs
[2023-07-12T06:41:07.817+0000] {logging_mixin.py:150} INFO - [2023-07-12T06:41:07.817+0000] {dag.py:3508} INFO - Setting next_dagrun for example_python_operator to None, run_after=None
[2023-07-12T06:41:07.849+0000] {processor.py:179} INFO - Processing /home/airflow/.local/lib/python3.7/site-packages/airflow/example_dags/example_python_operator.py took 0.133 seconds
[2023-07-12T06:41:38.056+0000] {processor.py:157} INFO - Started process (PID=6190) to work on /home/airflow/.local/lib/python3.7/site-packages/airflow/example_dags/example_python_operator.py
[2023-07-12T06:41:38.059+0000] {processor.py:826} INFO - Processing file /home/airflow/.local/lib/python3.7/site-packages/airflow/example_dags/example_python_operator.py for tasks to queue
[2023-07-12T06:41:38.061+0000] {logging_mixin.py:150} INFO - [2023-07-12T06:41:38.061+0000] {dagbag.py:541} INFO - Filling up the DagBag from /home/airflow/.local/lib/python3.7/site-packages/airflow/example_dags/example_python_operator.py
[2023-07-12T06:41:38.079+0000] {processor.py:836} INFO - DAG(s) dict_keys(['example_python_operator']) retrieved from /home/airflow/.local/lib/python3.7/site-packages/airflow/example_dags/example_python_operator.py
[2023-07-12T06:41:38.119+0000] {logging_mixin.py:150} INFO - [2023-07-12T06:41:38.118+0000] {dag.py:2742} INFO - Sync 1 DAGs
[2023-07-12T06:41:38.152+0000] {logging_mixin.py:150} INFO - [2023-07-12T06:41:38.152+0000] {dag.py:3508} INFO - Setting next_dagrun for example_python_operator to None, run_after=None
[2023-07-12T06:41:38.181+0000] {processor.py:179} INFO - Processing /home/airflow/.local/lib/python3.7/site-packages/airflow/example_dags/example_python_operator.py took 0.132 seconds
[2023-07-12T06:42:08.532+0000] {processor.py:157} INFO - Started process (PID=6432) to work on /home/airflow/.local/lib/python3.7/site-packages/airflow/example_dags/example_python_operator.py
[2023-07-12T06:42:08.535+0000] {processor.py:826} INFO - Processing file /home/airflow/.local/lib/python3.7/site-packages/airflow/example_dags/example_python_operator.py for tasks to queue
[2023-07-12T06:42:08.538+0000] {logging_mixin.py:150} INFO - [2023-07-12T06:42:08.538+0000] {dagbag.py:541} INFO - Filling up the DagBag from /home/airflow/.local/lib/python3.7/site-packages/airflow/example_dags/example_python_operator.py
[2023-07-12T06:42:08.557+0000] {processor.py:836} INFO - DAG(s) dict_keys(['example_python_operator']) retrieved from /home/airflow/.local/lib/python3.7/site-packages/airflow/example_dags/example_python_operator.py
[2023-07-12T06:42:08.595+0000] {logging_mixin.py:150} INFO - [2023-07-12T06:42:08.595+0000] {dag.py:2742} INFO - Sync 1 DAGs
[2023-07-12T06:42:08.626+0000] {logging_mixin.py:150} INFO - [2023-07-12T06:42:08.626+0000] {dag.py:3508} INFO - Setting next_dagrun for example_python_operator to None, run_after=None
[2023-07-12T06:42:08.658+0000] {processor.py:179} INFO - Processing /home/airflow/.local/lib/python3.7/site-packages/airflow/example_dags/example_python_operator.py took 0.133 seconds
[2023-07-12T06:42:39.169+0000] {processor.py:157} INFO - Started process (PID=6673) to work on /home/airflow/.local/lib/python3.7/site-packages/airflow/example_dags/example_python_operator.py
[2023-07-12T06:42:39.172+0000] {processor.py:826} INFO - Processing file /home/airflow/.local/lib/python3.7/site-packages/airflow/example_dags/example_python_operator.py for tasks to queue
[2023-07-12T06:42:39.175+0000] {logging_mixin.py:150} INFO - [2023-07-12T06:42:39.174+0000] {dagbag.py:541} INFO - Filling up the DagBag from /home/airflow/.local/lib/python3.7/site-packages/airflow/example_dags/example_python_operator.py
[2023-07-12T06:42:39.191+0000] {processor.py:836} INFO - DAG(s) dict_keys(['example_python_operator']) retrieved from /home/airflow/.local/lib/python3.7/site-packages/airflow/example_dags/example_python_operator.py
[2023-07-12T06:42:39.240+0000] {logging_mixin.py:150} INFO - [2023-07-12T06:42:39.240+0000] {dag.py:2742} INFO - Sync 1 DAGs
[2023-07-12T06:42:39.276+0000] {logging_mixin.py:150} INFO - [2023-07-12T06:42:39.275+0000] {dag.py:3508} INFO - Setting next_dagrun for example_python_operator to None, run_after=None
[2023-07-12T06:42:39.308+0000] {processor.py:179} INFO - Processing /home/airflow/.local/lib/python3.7/site-packages/airflow/example_dags/example_python_operator.py took 0.144 seconds
[2023-07-12T06:43:09.736+0000] {processor.py:157} INFO - Started process (PID=6916) to work on /home/airflow/.local/lib/python3.7/site-packages/airflow/example_dags/example_python_operator.py
[2023-07-12T06:43:09.739+0000] {processor.py:826} INFO - Processing file /home/airflow/.local/lib/python3.7/site-packages/airflow/example_dags/example_python_operator.py for tasks to queue
[2023-07-12T06:43:09.743+0000] {logging_mixin.py:150} INFO - [2023-07-12T06:43:09.742+0000] {dagbag.py:541} INFO - Filling up the DagBag from /home/airflow/.local/lib/python3.7/site-packages/airflow/example_dags/example_python_operator.py
[2023-07-12T06:43:09.764+0000] {processor.py:836} INFO - DAG(s) dict_keys(['example_python_operator']) retrieved from /home/airflow/.local/lib/python3.7/site-packages/airflow/example_dags/example_python_operator.py
[2023-07-12T06:43:09.802+0000] {logging_mixin.py:150} INFO - [2023-07-12T06:43:09.802+0000] {dag.py:2742} INFO - Sync 1 DAGs
[2023-07-12T06:43:09.835+0000] {logging_mixin.py:150} INFO - [2023-07-12T06:43:09.835+0000] {dag.py:3508} INFO - Setting next_dagrun for example_python_operator to None, run_after=None
[2023-07-12T06:43:09.866+0000] {processor.py:179} INFO - Processing /home/airflow/.local/lib/python3.7/site-packages/airflow/example_dags/example_python_operator.py took 0.137 seconds
[2023-07-12T06:43:40.699+0000] {processor.py:157} INFO - Started process (PID=7155) to work on /home/airflow/.local/lib/python3.7/site-packages/airflow/example_dags/example_python_operator.py
[2023-07-12T06:43:40.701+0000] {processor.py:826} INFO - Processing file /home/airflow/.local/lib/python3.7/site-packages/airflow/example_dags/example_python_operator.py for tasks to queue
[2023-07-12T06:43:40.703+0000] {logging_mixin.py:150} INFO - [2023-07-12T06:43:40.703+0000] {dagbag.py:541} INFO - Filling up the DagBag from /home/airflow/.local/lib/python3.7/site-packages/airflow/example_dags/example_python_operator.py
[2023-07-12T06:43:40.717+0000] {processor.py:836} INFO - DAG(s) dict_keys(['example_python_operator']) retrieved from /home/airflow/.local/lib/python3.7/site-packages/airflow/example_dags/example_python_operator.py
[2023-07-12T06:43:40.754+0000] {logging_mixin.py:150} INFO - [2023-07-12T06:43:40.754+0000] {dag.py:2742} INFO - Sync 1 DAGs
[2023-07-12T06:43:40.789+0000] {logging_mixin.py:150} INFO - [2023-07-12T06:43:40.788+0000] {dag.py:3508} INFO - Setting next_dagrun for example_python_operator to None, run_after=None
[2023-07-12T06:43:40.827+0000] {processor.py:179} INFO - Processing /home/airflow/.local/lib/python3.7/site-packages/airflow/example_dags/example_python_operator.py took 0.132 seconds
[2023-07-12T06:44:11.036+0000] {processor.py:157} INFO - Started process (PID=7393) to work on /home/airflow/.local/lib/python3.7/site-packages/airflow/example_dags/example_python_operator.py
[2023-07-12T06:44:11.038+0000] {processor.py:826} INFO - Processing file /home/airflow/.local/lib/python3.7/site-packages/airflow/example_dags/example_python_operator.py for tasks to queue
[2023-07-12T06:44:11.040+0000] {logging_mixin.py:150} INFO - [2023-07-12T06:44:11.040+0000] {dagbag.py:541} INFO - Filling up the DagBag from /home/airflow/.local/lib/python3.7/site-packages/airflow/example_dags/example_python_operator.py
[2023-07-12T06:44:11.055+0000] {processor.py:836} INFO - DAG(s) dict_keys(['example_python_operator']) retrieved from /home/airflow/.local/lib/python3.7/site-packages/airflow/example_dags/example_python_operator.py
[2023-07-12T06:44:11.093+0000] {logging_mixin.py:150} INFO - [2023-07-12T06:44:11.093+0000] {dag.py:2742} INFO - Sync 1 DAGs
[2023-07-12T06:44:11.125+0000] {logging_mixin.py:150} INFO - [2023-07-12T06:44:11.125+0000] {dag.py:3508} INFO - Setting next_dagrun for example_python_operator to None, run_after=None
[2023-07-12T06:44:11.189+0000] {processor.py:179} INFO - Processing /home/airflow/.local/lib/python3.7/site-packages/airflow/example_dags/example_python_operator.py took 0.159 seconds
[2023-07-12T06:44:41.358+0000] {processor.py:157} INFO - Started process (PID=7634) to work on /home/airflow/.local/lib/python3.7/site-packages/airflow/example_dags/example_python_operator.py
[2023-07-12T06:44:41.360+0000] {processor.py:826} INFO - Processing file /home/airflow/.local/lib/python3.7/site-packages/airflow/example_dags/example_python_operator.py for tasks to queue
[2023-07-12T06:44:41.363+0000] {logging_mixin.py:150} INFO - [2023-07-12T06:44:41.362+0000] {dagbag.py:541} INFO - Filling up the DagBag from /home/airflow/.local/lib/python3.7/site-packages/airflow/example_dags/example_python_operator.py
[2023-07-12T06:44:41.377+0000] {processor.py:836} INFO - DAG(s) dict_keys(['example_python_operator']) retrieved from /home/airflow/.local/lib/python3.7/site-packages/airflow/example_dags/example_python_operator.py
[2023-07-12T06:44:41.414+0000] {logging_mixin.py:150} INFO - [2023-07-12T06:44:41.414+0000] {dag.py:2742} INFO - Sync 1 DAGs
[2023-07-12T06:44:41.447+0000] {logging_mixin.py:150} INFO - [2023-07-12T06:44:41.447+0000] {dag.py:3508} INFO - Setting next_dagrun for example_python_operator to None, run_after=None
[2023-07-12T06:44:41.477+0000] {processor.py:179} INFO - Processing /home/airflow/.local/lib/python3.7/site-packages/airflow/example_dags/example_python_operator.py took 0.124 seconds
[2023-07-12T06:45:11.929+0000] {processor.py:157} INFO - Started process (PID=7875) to work on /home/airflow/.local/lib/python3.7/site-packages/airflow/example_dags/example_python_operator.py
[2023-07-12T06:45:11.932+0000] {processor.py:826} INFO - Processing file /home/airflow/.local/lib/python3.7/site-packages/airflow/example_dags/example_python_operator.py for tasks to queue
[2023-07-12T06:45:11.934+0000] {logging_mixin.py:150} INFO - [2023-07-12T06:45:11.934+0000] {dagbag.py:541} INFO - Filling up the DagBag from /home/airflow/.local/lib/python3.7/site-packages/airflow/example_dags/example_python_operator.py
[2023-07-12T06:45:11.950+0000] {processor.py:836} INFO - DAG(s) dict_keys(['example_python_operator']) retrieved from /home/airflow/.local/lib/python3.7/site-packages/airflow/example_dags/example_python_operator.py
[2023-07-12T06:45:11.989+0000] {logging_mixin.py:150} INFO - [2023-07-12T06:45:11.988+0000] {dag.py:2742} INFO - Sync 1 DAGs
[2023-07-12T06:45:12.026+0000] {logging_mixin.py:150} INFO - [2023-07-12T06:45:12.025+0000] {dag.py:3508} INFO - Setting next_dagrun for example_python_operator to None, run_after=None
[2023-07-12T06:45:12.058+0000] {processor.py:179} INFO - Processing /home/airflow/.local/lib/python3.7/site-packages/airflow/example_dags/example_python_operator.py took 0.134 seconds
[2023-07-12T06:45:42.167+0000] {processor.py:157} INFO - Started process (PID=8116) to work on /home/airflow/.local/lib/python3.7/site-packages/airflow/example_dags/example_python_operator.py
[2023-07-12T06:45:42.169+0000] {processor.py:826} INFO - Processing file /home/airflow/.local/lib/python3.7/site-packages/airflow/example_dags/example_python_operator.py for tasks to queue
[2023-07-12T06:45:42.172+0000] {logging_mixin.py:150} INFO - [2023-07-12T06:45:42.171+0000] {dagbag.py:541} INFO - Filling up the DagBag from /home/airflow/.local/lib/python3.7/site-packages/airflow/example_dags/example_python_operator.py
[2023-07-12T06:45:42.186+0000] {processor.py:836} INFO - DAG(s) dict_keys(['example_python_operator']) retrieved from /home/airflow/.local/lib/python3.7/site-packages/airflow/example_dags/example_python_operator.py
[2023-07-12T06:45:42.222+0000] {logging_mixin.py:150} INFO - [2023-07-12T06:45:42.222+0000] {dag.py:2742} INFO - Sync 1 DAGs
[2023-07-12T06:45:42.254+0000] {logging_mixin.py:150} INFO - [2023-07-12T06:45:42.254+0000] {dag.py:3508} INFO - Setting next_dagrun for example_python_operator to None, run_after=None
[2023-07-12T06:45:42.285+0000] {processor.py:179} INFO - Processing /home/airflow/.local/lib/python3.7/site-packages/airflow/example_dags/example_python_operator.py took 0.123 seconds
[2023-07-12T06:46:12.458+0000] {processor.py:157} INFO - Started process (PID=8357) to work on /home/airflow/.local/lib/python3.7/site-packages/airflow/example_dags/example_python_operator.py
[2023-07-12T06:46:12.461+0000] {processor.py:826} INFO - Processing file /home/airflow/.local/lib/python3.7/site-packages/airflow/example_dags/example_python_operator.py for tasks to queue
[2023-07-12T06:46:12.463+0000] {logging_mixin.py:150} INFO - [2023-07-12T06:46:12.463+0000] {dagbag.py:541} INFO - Filling up the DagBag from /home/airflow/.local/lib/python3.7/site-packages/airflow/example_dags/example_python_operator.py
[2023-07-12T06:46:12.478+0000] {processor.py:836} INFO - DAG(s) dict_keys(['example_python_operator']) retrieved from /home/airflow/.local/lib/python3.7/site-packages/airflow/example_dags/example_python_operator.py
[2023-07-12T06:46:12.516+0000] {logging_mixin.py:150} INFO - [2023-07-12T06:46:12.516+0000] {dag.py:2742} INFO - Sync 1 DAGs
[2023-07-12T06:46:12.548+0000] {logging_mixin.py:150} INFO - [2023-07-12T06:46:12.548+0000] {dag.py:3508} INFO - Setting next_dagrun for example_python_operator to None, run_after=None
[2023-07-12T06:46:12.576+0000] {processor.py:179} INFO - Processing /home/airflow/.local/lib/python3.7/site-packages/airflow/example_dags/example_python_operator.py took 0.123 seconds
[2023-07-12T06:46:42.819+0000] {processor.py:157} INFO - Started process (PID=8598) to work on /home/airflow/.local/lib/python3.7/site-packages/airflow/example_dags/example_python_operator.py
[2023-07-12T06:46:42.821+0000] {processor.py:826} INFO - Processing file /home/airflow/.local/lib/python3.7/site-packages/airflow/example_dags/example_python_operator.py for tasks to queue
[2023-07-12T06:46:42.823+0000] {logging_mixin.py:150} INFO - [2023-07-12T06:46:42.823+0000] {dagbag.py:541} INFO - Filling up the DagBag from /home/airflow/.local/lib/python3.7/site-packages/airflow/example_dags/example_python_operator.py
[2023-07-12T06:46:42.839+0000] {processor.py:836} INFO - DAG(s) dict_keys(['example_python_operator']) retrieved from /home/airflow/.local/lib/python3.7/site-packages/airflow/example_dags/example_python_operator.py
[2023-07-12T06:46:42.876+0000] {logging_mixin.py:150} INFO - [2023-07-12T06:46:42.876+0000] {dag.py:2742} INFO - Sync 1 DAGs
[2023-07-12T06:46:42.909+0000] {logging_mixin.py:150} INFO - [2023-07-12T06:46:42.908+0000] {dag.py:3508} INFO - Setting next_dagrun for example_python_operator to None, run_after=None
[2023-07-12T06:46:42.938+0000] {processor.py:179} INFO - Processing /home/airflow/.local/lib/python3.7/site-packages/airflow/example_dags/example_python_operator.py took 0.124 seconds
[2023-07-12T06:47:13.364+0000] {processor.py:157} INFO - Started process (PID=8838) to work on /home/airflow/.local/lib/python3.7/site-packages/airflow/example_dags/example_python_operator.py
[2023-07-12T06:47:13.367+0000] {processor.py:826} INFO - Processing file /home/airflow/.local/lib/python3.7/site-packages/airflow/example_dags/example_python_operator.py for tasks to queue
[2023-07-12T06:47:13.369+0000] {logging_mixin.py:150} INFO - [2023-07-12T06:47:13.369+0000] {dagbag.py:541} INFO - Filling up the DagBag from /home/airflow/.local/lib/python3.7/site-packages/airflow/example_dags/example_python_operator.py
[2023-07-12T06:47:13.384+0000] {processor.py:836} INFO - DAG(s) dict_keys(['example_python_operator']) retrieved from /home/airflow/.local/lib/python3.7/site-packages/airflow/example_dags/example_python_operator.py
[2023-07-12T06:47:13.425+0000] {logging_mixin.py:150} INFO - [2023-07-12T06:47:13.425+0000] {dag.py:2742} INFO - Sync 1 DAGs
[2023-07-12T06:47:13.458+0000] {logging_mixin.py:150} INFO - [2023-07-12T06:47:13.458+0000] {dag.py:3508} INFO - Setting next_dagrun for example_python_operator to None, run_after=None
[2023-07-12T06:47:13.487+0000] {processor.py:179} INFO - Processing /home/airflow/.local/lib/python3.7/site-packages/airflow/example_dags/example_python_operator.py took 0.129 seconds
[2023-07-12T06:47:44.306+0000] {processor.py:157} INFO - Started process (PID=9078) to work on /home/airflow/.local/lib/python3.7/site-packages/airflow/example_dags/example_python_operator.py
[2023-07-12T06:47:44.310+0000] {processor.py:826} INFO - Processing file /home/airflow/.local/lib/python3.7/site-packages/airflow/example_dags/example_python_operator.py for tasks to queue
[2023-07-12T06:47:44.313+0000] {logging_mixin.py:150} INFO - [2023-07-12T06:47:44.313+0000] {dagbag.py:541} INFO - Filling up the DagBag from /home/airflow/.local/lib/python3.7/site-packages/airflow/example_dags/example_python_operator.py
[2023-07-12T06:47:44.335+0000] {processor.py:836} INFO - DAG(s) dict_keys(['example_python_operator']) retrieved from /home/airflow/.local/lib/python3.7/site-packages/airflow/example_dags/example_python_operator.py
[2023-07-12T06:47:44.386+0000] {logging_mixin.py:150} INFO - [2023-07-12T06:47:44.385+0000] {dag.py:2742} INFO - Sync 1 DAGs
[2023-07-12T06:47:44.432+0000] {logging_mixin.py:150} INFO - [2023-07-12T06:47:44.431+0000] {dag.py:3508} INFO - Setting next_dagrun for example_python_operator to None, run_after=None
[2023-07-12T06:47:44.471+0000] {processor.py:179} INFO - Processing /home/airflow/.local/lib/python3.7/site-packages/airflow/example_dags/example_python_operator.py took 0.173 seconds
[2023-07-12T06:48:15.043+0000] {processor.py:157} INFO - Started process (PID=9319) to work on /home/airflow/.local/lib/python3.7/site-packages/airflow/example_dags/example_python_operator.py
[2023-07-12T06:48:15.047+0000] {processor.py:826} INFO - Processing file /home/airflow/.local/lib/python3.7/site-packages/airflow/example_dags/example_python_operator.py for tasks to queue
[2023-07-12T06:48:15.049+0000] {logging_mixin.py:150} INFO - [2023-07-12T06:48:15.049+0000] {dagbag.py:541} INFO - Filling up the DagBag from /home/airflow/.local/lib/python3.7/site-packages/airflow/example_dags/example_python_operator.py
[2023-07-12T06:48:15.084+0000] {processor.py:836} INFO - DAG(s) dict_keys(['example_python_operator']) retrieved from /home/airflow/.local/lib/python3.7/site-packages/airflow/example_dags/example_python_operator.py
[2023-07-12T06:48:15.158+0000] {logging_mixin.py:150} INFO - [2023-07-12T06:48:15.157+0000] {dag.py:2742} INFO - Sync 1 DAGs
[2023-07-12T06:48:15.195+0000] {logging_mixin.py:150} INFO - [2023-07-12T06:48:15.195+0000] {dag.py:3508} INFO - Setting next_dagrun for example_python_operator to None, run_after=None
[2023-07-12T06:48:15.227+0000] {processor.py:179} INFO - Processing /home/airflow/.local/lib/python3.7/site-packages/airflow/example_dags/example_python_operator.py took 0.192 seconds
[2023-07-12T06:48:45.602+0000] {processor.py:157} INFO - Started process (PID=9560) to work on /home/airflow/.local/lib/python3.7/site-packages/airflow/example_dags/example_python_operator.py
[2023-07-12T06:48:45.604+0000] {processor.py:826} INFO - Processing file /home/airflow/.local/lib/python3.7/site-packages/airflow/example_dags/example_python_operator.py for tasks to queue
[2023-07-12T06:48:45.606+0000] {logging_mixin.py:150} INFO - [2023-07-12T06:48:45.606+0000] {dagbag.py:541} INFO - Filling up the DagBag from /home/airflow/.local/lib/python3.7/site-packages/airflow/example_dags/example_python_operator.py
[2023-07-12T06:48:45.622+0000] {processor.py:836} INFO - DAG(s) dict_keys(['example_python_operator']) retrieved from /home/airflow/.local/lib/python3.7/site-packages/airflow/example_dags/example_python_operator.py
[2023-07-12T06:48:45.665+0000] {logging_mixin.py:150} INFO - [2023-07-12T06:48:45.664+0000] {dag.py:2742} INFO - Sync 1 DAGs
[2023-07-12T06:48:45.718+0000] {logging_mixin.py:150} INFO - [2023-07-12T06:48:45.718+0000] {dag.py:3508} INFO - Setting next_dagrun for example_python_operator to None, run_after=None
[2023-07-12T06:48:45.763+0000] {processor.py:179} INFO - Processing /home/airflow/.local/lib/python3.7/site-packages/airflow/example_dags/example_python_operator.py took 0.168 seconds
[2023-07-12T06:49:16.035+0000] {processor.py:157} INFO - Started process (PID=9801) to work on /home/airflow/.local/lib/python3.7/site-packages/airflow/example_dags/example_python_operator.py
[2023-07-12T06:49:16.038+0000] {processor.py:826} INFO - Processing file /home/airflow/.local/lib/python3.7/site-packages/airflow/example_dags/example_python_operator.py for tasks to queue
[2023-07-12T06:49:16.041+0000] {logging_mixin.py:150} INFO - [2023-07-12T06:49:16.040+0000] {dagbag.py:541} INFO - Filling up the DagBag from /home/airflow/.local/lib/python3.7/site-packages/airflow/example_dags/example_python_operator.py
[2023-07-12T06:49:16.063+0000] {processor.py:836} INFO - DAG(s) dict_keys(['example_python_operator']) retrieved from /home/airflow/.local/lib/python3.7/site-packages/airflow/example_dags/example_python_operator.py
[2023-07-12T06:49:16.157+0000] {logging_mixin.py:150} INFO - [2023-07-12T06:49:16.157+0000] {dag.py:2742} INFO - Sync 1 DAGs
[2023-07-12T06:49:16.233+0000] {logging_mixin.py:150} INFO - [2023-07-12T06:49:16.233+0000] {dag.py:3508} INFO - Setting next_dagrun for example_python_operator to None, run_after=None
[2023-07-12T06:49:16.305+0000] {processor.py:179} INFO - Processing /home/airflow/.local/lib/python3.7/site-packages/airflow/example_dags/example_python_operator.py took 0.277 seconds
[2023-07-12T06:49:46.965+0000] {processor.py:157} INFO - Started process (PID=10042) to work on /home/airflow/.local/lib/python3.7/site-packages/airflow/example_dags/example_python_operator.py
[2023-07-12T06:49:46.969+0000] {processor.py:826} INFO - Processing file /home/airflow/.local/lib/python3.7/site-packages/airflow/example_dags/example_python_operator.py for tasks to queue
[2023-07-12T06:49:46.972+0000] {logging_mixin.py:150} INFO - [2023-07-12T06:49:46.971+0000] {dagbag.py:541} INFO - Filling up the DagBag from /home/airflow/.local/lib/python3.7/site-packages/airflow/example_dags/example_python_operator.py
[2023-07-12T06:49:46.989+0000] {processor.py:836} INFO - DAG(s) dict_keys(['example_python_operator']) retrieved from /home/airflow/.local/lib/python3.7/site-packages/airflow/example_dags/example_python_operator.py
[2023-07-12T06:49:47.048+0000] {logging_mixin.py:150} INFO - [2023-07-12T06:49:47.048+0000] {dag.py:2742} INFO - Sync 1 DAGs
[2023-07-12T06:49:47.091+0000] {logging_mixin.py:150} INFO - [2023-07-12T06:49:47.091+0000] {dag.py:3508} INFO - Setting next_dagrun for example_python_operator to None, run_after=None
[2023-07-12T06:49:47.128+0000] {processor.py:179} INFO - Processing /home/airflow/.local/lib/python3.7/site-packages/airflow/example_dags/example_python_operator.py took 0.168 seconds
[2023-07-12T06:50:17.665+0000] {processor.py:157} INFO - Started process (PID=10283) to work on /home/airflow/.local/lib/python3.7/site-packages/airflow/example_dags/example_python_operator.py
[2023-07-12T06:50:17.669+0000] {processor.py:826} INFO - Processing file /home/airflow/.local/lib/python3.7/site-packages/airflow/example_dags/example_python_operator.py for tasks to queue
[2023-07-12T06:50:17.673+0000] {logging_mixin.py:150} INFO - [2023-07-12T06:50:17.672+0000] {dagbag.py:541} INFO - Filling up the DagBag from /home/airflow/.local/lib/python3.7/site-packages/airflow/example_dags/example_python_operator.py
[2023-07-12T06:50:17.711+0000] {processor.py:836} INFO - DAG(s) dict_keys(['example_python_operator']) retrieved from /home/airflow/.local/lib/python3.7/site-packages/airflow/example_dags/example_python_operator.py
[2023-07-12T06:50:17.782+0000] {logging_mixin.py:150} INFO - [2023-07-12T06:50:17.782+0000] {dag.py:2742} INFO - Sync 1 DAGs
[2023-07-12T06:50:17.835+0000] {logging_mixin.py:150} INFO - [2023-07-12T06:50:17.834+0000] {dag.py:3508} INFO - Setting next_dagrun for example_python_operator to None, run_after=None
[2023-07-12T06:50:17.878+0000] {processor.py:179} INFO - Processing /home/airflow/.local/lib/python3.7/site-packages/airflow/example_dags/example_python_operator.py took 0.224 seconds
