[2023-07-12T06:29:16.965+0000] {processor.py:157} INFO - Started process (PID=226) to work on /home/airflow/.local/lib/python3.7/site-packages/airflow/example_dags/example_dynamic_task_mapping_with_no_taskflow_operators.py
[2023-07-12T06:29:16.968+0000] {processor.py:826} INFO - Processing file /home/airflow/.local/lib/python3.7/site-packages/airflow/example_dags/example_dynamic_task_mapping_with_no_taskflow_operators.py for tasks to queue
[2023-07-12T06:29:16.976+0000] {logging_mixin.py:150} INFO - [2023-07-12T06:29:16.976+0000] {dagbag.py:541} INFO - Filling up the DagBag from /home/airflow/.local/lib/python3.7/site-packages/airflow/example_dags/example_dynamic_task_mapping_with_no_taskflow_operators.py
[2023-07-12T06:29:16.995+0000] {processor.py:836} INFO - DAG(s) dict_keys(['example_dynamic_task_mapping_with_no_taskflow_operators']) retrieved from /home/airflow/.local/lib/python3.7/site-packages/airflow/example_dags/example_dynamic_task_mapping_with_no_taskflow_operators.py
[2023-07-12T06:29:17.059+0000] {logging_mixin.py:150} INFO - [2023-07-12T06:29:17.059+0000] {dag.py:2742} INFO - Sync 1 DAGs
[2023-07-12T06:29:17.110+0000] {logging_mixin.py:150} INFO - [2023-07-12T06:29:17.110+0000] {dag.py:3508} INFO - Setting next_dagrun for example_dynamic_task_mapping_with_no_taskflow_operators to 2023-07-11T06:29:17.110338+00:00, run_after=2023-07-12T06:29:17.110338+00:00
[2023-07-12T06:29:17.152+0000] {processor.py:179} INFO - Processing /home/airflow/.local/lib/python3.7/site-packages/airflow/example_dags/example_dynamic_task_mapping_with_no_taskflow_operators.py took 0.197 seconds
[2023-07-12T06:29:47.610+0000] {processor.py:157} INFO - Started process (PID=466) to work on /home/airflow/.local/lib/python3.7/site-packages/airflow/example_dags/example_dynamic_task_mapping_with_no_taskflow_operators.py
[2023-07-12T06:29:47.614+0000] {processor.py:826} INFO - Processing file /home/airflow/.local/lib/python3.7/site-packages/airflow/example_dags/example_dynamic_task_mapping_with_no_taskflow_operators.py for tasks to queue
[2023-07-12T06:29:47.617+0000] {logging_mixin.py:150} INFO - [2023-07-12T06:29:47.617+0000] {dagbag.py:541} INFO - Filling up the DagBag from /home/airflow/.local/lib/python3.7/site-packages/airflow/example_dags/example_dynamic_task_mapping_with_no_taskflow_operators.py
[2023-07-12T06:29:47.629+0000] {processor.py:836} INFO - DAG(s) dict_keys(['example_dynamic_task_mapping_with_no_taskflow_operators']) retrieved from /home/airflow/.local/lib/python3.7/site-packages/airflow/example_dags/example_dynamic_task_mapping_with_no_taskflow_operators.py
[2023-07-12T06:29:47.664+0000] {logging_mixin.py:150} INFO - [2023-07-12T06:29:47.664+0000] {dag.py:2742} INFO - Sync 1 DAGs
[2023-07-12T06:29:47.704+0000] {logging_mixin.py:150} INFO - [2023-07-12T06:29:47.703+0000] {dag.py:3508} INFO - Setting next_dagrun for example_dynamic_task_mapping_with_no_taskflow_operators to 2023-07-11T06:29:47.702954+00:00, run_after=2023-07-12T06:29:47.702954+00:00
[2023-07-12T06:29:47.731+0000] {processor.py:179} INFO - Processing /home/airflow/.local/lib/python3.7/site-packages/airflow/example_dags/example_dynamic_task_mapping_with_no_taskflow_operators.py took 0.126 seconds
[2023-07-12T06:30:18.044+0000] {processor.py:157} INFO - Started process (PID=705) to work on /home/airflow/.local/lib/python3.7/site-packages/airflow/example_dags/example_dynamic_task_mapping_with_no_taskflow_operators.py
[2023-07-12T06:30:18.047+0000] {processor.py:826} INFO - Processing file /home/airflow/.local/lib/python3.7/site-packages/airflow/example_dags/example_dynamic_task_mapping_with_no_taskflow_operators.py for tasks to queue
[2023-07-12T06:30:18.049+0000] {logging_mixin.py:150} INFO - [2023-07-12T06:30:18.049+0000] {dagbag.py:541} INFO - Filling up the DagBag from /home/airflow/.local/lib/python3.7/site-packages/airflow/example_dags/example_dynamic_task_mapping_with_no_taskflow_operators.py
[2023-07-12T06:30:18.061+0000] {processor.py:836} INFO - DAG(s) dict_keys(['example_dynamic_task_mapping_with_no_taskflow_operators']) retrieved from /home/airflow/.local/lib/python3.7/site-packages/airflow/example_dags/example_dynamic_task_mapping_with_no_taskflow_operators.py
[2023-07-12T06:30:18.099+0000] {logging_mixin.py:150} INFO - [2023-07-12T06:30:18.099+0000] {dag.py:2742} INFO - Sync 1 DAGs
[2023-07-12T06:30:18.141+0000] {logging_mixin.py:150} INFO - [2023-07-12T06:30:18.140+0000] {dag.py:3508} INFO - Setting next_dagrun for example_dynamic_task_mapping_with_no_taskflow_operators to 2023-07-11T06:30:18.140336+00:00, run_after=2023-07-12T06:30:18.140336+00:00
[2023-07-12T06:30:18.179+0000] {processor.py:179} INFO - Processing /home/airflow/.local/lib/python3.7/site-packages/airflow/example_dags/example_dynamic_task_mapping_with_no_taskflow_operators.py took 0.139 seconds
[2023-07-12T06:30:49.255+0000] {processor.py:157} INFO - Started process (PID=948) to work on /home/airflow/.local/lib/python3.7/site-packages/airflow/example_dags/example_dynamic_task_mapping_with_no_taskflow_operators.py
[2023-07-12T06:30:49.260+0000] {processor.py:826} INFO - Processing file /home/airflow/.local/lib/python3.7/site-packages/airflow/example_dags/example_dynamic_task_mapping_with_no_taskflow_operators.py for tasks to queue
[2023-07-12T06:30:49.265+0000] {logging_mixin.py:150} INFO - [2023-07-12T06:30:49.264+0000] {dagbag.py:541} INFO - Filling up the DagBag from /home/airflow/.local/lib/python3.7/site-packages/airflow/example_dags/example_dynamic_task_mapping_with_no_taskflow_operators.py
[2023-07-12T06:30:49.283+0000] {processor.py:836} INFO - DAG(s) dict_keys(['example_dynamic_task_mapping_with_no_taskflow_operators']) retrieved from /home/airflow/.local/lib/python3.7/site-packages/airflow/example_dags/example_dynamic_task_mapping_with_no_taskflow_operators.py
[2023-07-12T06:30:49.345+0000] {logging_mixin.py:150} INFO - [2023-07-12T06:30:49.344+0000] {dag.py:2742} INFO - Sync 1 DAGs
[2023-07-12T06:30:49.413+0000] {logging_mixin.py:150} INFO - [2023-07-12T06:30:49.412+0000] {dag.py:3508} INFO - Setting next_dagrun for example_dynamic_task_mapping_with_no_taskflow_operators to 2023-07-11T06:30:49.411771+00:00, run_after=2023-07-12T06:30:49.411771+00:00
[2023-07-12T06:30:49.467+0000] {processor.py:179} INFO - Processing /home/airflow/.local/lib/python3.7/site-packages/airflow/example_dags/example_dynamic_task_mapping_with_no_taskflow_operators.py took 0.223 seconds
[2023-07-12T06:31:20.240+0000] {processor.py:157} INFO - Started process (PID=1229) to work on /home/airflow/.local/lib/python3.7/site-packages/airflow/example_dags/example_dynamic_task_mapping_with_no_taskflow_operators.py
[2023-07-12T06:31:20.244+0000] {processor.py:826} INFO - Processing file /home/airflow/.local/lib/python3.7/site-packages/airflow/example_dags/example_dynamic_task_mapping_with_no_taskflow_operators.py for tasks to queue
[2023-07-12T06:31:20.248+0000] {logging_mixin.py:150} INFO - [2023-07-12T06:31:20.247+0000] {dagbag.py:541} INFO - Filling up the DagBag from /home/airflow/.local/lib/python3.7/site-packages/airflow/example_dags/example_dynamic_task_mapping_with_no_taskflow_operators.py
[2023-07-12T06:31:20.262+0000] {processor.py:836} INFO - DAG(s) dict_keys(['example_dynamic_task_mapping_with_no_taskflow_operators']) retrieved from /home/airflow/.local/lib/python3.7/site-packages/airflow/example_dags/example_dynamic_task_mapping_with_no_taskflow_operators.py
[2023-07-12T06:31:20.312+0000] {logging_mixin.py:150} INFO - [2023-07-12T06:31:20.311+0000] {dag.py:2742} INFO - Sync 1 DAGs
[2023-07-12T06:31:20.361+0000] {logging_mixin.py:150} INFO - [2023-07-12T06:31:20.361+0000] {dag.py:3508} INFO - Setting next_dagrun for example_dynamic_task_mapping_with_no_taskflow_operators to 2023-07-11T06:31:20.360325+00:00, run_after=2023-07-12T06:31:20.360325+00:00
[2023-07-12T06:31:20.390+0000] {processor.py:179} INFO - Processing /home/airflow/.local/lib/python3.7/site-packages/airflow/example_dags/example_dynamic_task_mapping_with_no_taskflow_operators.py took 0.153 seconds
[2023-07-12T06:31:50.487+0000] {processor.py:157} INFO - Started process (PID=1470) to work on /home/airflow/.local/lib/python3.7/site-packages/airflow/example_dags/example_dynamic_task_mapping_with_no_taskflow_operators.py
[2023-07-12T06:31:50.491+0000] {processor.py:826} INFO - Processing file /home/airflow/.local/lib/python3.7/site-packages/airflow/example_dags/example_dynamic_task_mapping_with_no_taskflow_operators.py for tasks to queue
[2023-07-12T06:31:50.494+0000] {logging_mixin.py:150} INFO - [2023-07-12T06:31:50.493+0000] {dagbag.py:541} INFO - Filling up the DagBag from /home/airflow/.local/lib/python3.7/site-packages/airflow/example_dags/example_dynamic_task_mapping_with_no_taskflow_operators.py
[2023-07-12T06:31:50.506+0000] {processor.py:836} INFO - DAG(s) dict_keys(['example_dynamic_task_mapping_with_no_taskflow_operators']) retrieved from /home/airflow/.local/lib/python3.7/site-packages/airflow/example_dags/example_dynamic_task_mapping_with_no_taskflow_operators.py
[2023-07-12T06:31:50.545+0000] {logging_mixin.py:150} INFO - [2023-07-12T06:31:50.545+0000] {dag.py:2742} INFO - Sync 1 DAGs
[2023-07-12T06:31:50.586+0000] {logging_mixin.py:150} INFO - [2023-07-12T06:31:50.586+0000] {dag.py:3508} INFO - Setting next_dagrun for example_dynamic_task_mapping_with_no_taskflow_operators to 2023-07-11T06:31:50.585952+00:00, run_after=2023-07-12T06:31:50.585952+00:00
[2023-07-12T06:31:50.625+0000] {processor.py:179} INFO - Processing /home/airflow/.local/lib/python3.7/site-packages/airflow/example_dags/example_dynamic_task_mapping_with_no_taskflow_operators.py took 0.144 seconds
[2023-07-12T06:32:20.991+0000] {processor.py:157} INFO - Started process (PID=1711) to work on /home/airflow/.local/lib/python3.7/site-packages/airflow/example_dags/example_dynamic_task_mapping_with_no_taskflow_operators.py
[2023-07-12T06:32:20.994+0000] {processor.py:826} INFO - Processing file /home/airflow/.local/lib/python3.7/site-packages/airflow/example_dags/example_dynamic_task_mapping_with_no_taskflow_operators.py for tasks to queue
[2023-07-12T06:32:20.996+0000] {logging_mixin.py:150} INFO - [2023-07-12T06:32:20.995+0000] {dagbag.py:541} INFO - Filling up the DagBag from /home/airflow/.local/lib/python3.7/site-packages/airflow/example_dags/example_dynamic_task_mapping_with_no_taskflow_operators.py
[2023-07-12T06:32:21.008+0000] {processor.py:836} INFO - DAG(s) dict_keys(['example_dynamic_task_mapping_with_no_taskflow_operators']) retrieved from /home/airflow/.local/lib/python3.7/site-packages/airflow/example_dags/example_dynamic_task_mapping_with_no_taskflow_operators.py
[2023-07-12T06:32:21.041+0000] {logging_mixin.py:150} INFO - [2023-07-12T06:32:21.040+0000] {dag.py:2742} INFO - Sync 1 DAGs
[2023-07-12T06:32:21.080+0000] {logging_mixin.py:150} INFO - [2023-07-12T06:32:21.079+0000] {dag.py:3508} INFO - Setting next_dagrun for example_dynamic_task_mapping_with_no_taskflow_operators to 2023-07-11T06:32:21.079482+00:00, run_after=2023-07-12T06:32:21.079482+00:00
[2023-07-12T06:32:21.110+0000] {processor.py:179} INFO - Processing /home/airflow/.local/lib/python3.7/site-packages/airflow/example_dags/example_dynamic_task_mapping_with_no_taskflow_operators.py took 0.124 seconds
[2023-07-12T06:32:51.726+0000] {processor.py:157} INFO - Started process (PID=1952) to work on /home/airflow/.local/lib/python3.7/site-packages/airflow/example_dags/example_dynamic_task_mapping_with_no_taskflow_operators.py
[2023-07-12T06:32:51.729+0000] {processor.py:826} INFO - Processing file /home/airflow/.local/lib/python3.7/site-packages/airflow/example_dags/example_dynamic_task_mapping_with_no_taskflow_operators.py for tasks to queue
[2023-07-12T06:32:51.733+0000] {logging_mixin.py:150} INFO - [2023-07-12T06:32:51.732+0000] {dagbag.py:541} INFO - Filling up the DagBag from /home/airflow/.local/lib/python3.7/site-packages/airflow/example_dags/example_dynamic_task_mapping_with_no_taskflow_operators.py
[2023-07-12T06:32:51.748+0000] {processor.py:836} INFO - DAG(s) dict_keys(['example_dynamic_task_mapping_with_no_taskflow_operators']) retrieved from /home/airflow/.local/lib/python3.7/site-packages/airflow/example_dags/example_dynamic_task_mapping_with_no_taskflow_operators.py
[2023-07-12T06:32:51.798+0000] {logging_mixin.py:150} INFO - [2023-07-12T06:32:51.798+0000] {dag.py:2742} INFO - Sync 1 DAGs
[2023-07-12T06:32:51.846+0000] {logging_mixin.py:150} INFO - [2023-07-12T06:32:51.845+0000] {dag.py:3508} INFO - Setting next_dagrun for example_dynamic_task_mapping_with_no_taskflow_operators to 2023-07-11T06:32:51.845561+00:00, run_after=2023-07-12T06:32:51.845561+00:00
[2023-07-12T06:32:51.879+0000] {processor.py:179} INFO - Processing /home/airflow/.local/lib/python3.7/site-packages/airflow/example_dags/example_dynamic_task_mapping_with_no_taskflow_operators.py took 0.161 seconds
[2023-07-12T06:33:22.381+0000] {processor.py:157} INFO - Started process (PID=2193) to work on /home/airflow/.local/lib/python3.7/site-packages/airflow/example_dags/example_dynamic_task_mapping_with_no_taskflow_operators.py
[2023-07-12T06:33:22.383+0000] {processor.py:826} INFO - Processing file /home/airflow/.local/lib/python3.7/site-packages/airflow/example_dags/example_dynamic_task_mapping_with_no_taskflow_operators.py for tasks to queue
[2023-07-12T06:33:22.385+0000] {logging_mixin.py:150} INFO - [2023-07-12T06:33:22.385+0000] {dagbag.py:541} INFO - Filling up the DagBag from /home/airflow/.local/lib/python3.7/site-packages/airflow/example_dags/example_dynamic_task_mapping_with_no_taskflow_operators.py
[2023-07-12T06:33:22.397+0000] {processor.py:836} INFO - DAG(s) dict_keys(['example_dynamic_task_mapping_with_no_taskflow_operators']) retrieved from /home/airflow/.local/lib/python3.7/site-packages/airflow/example_dags/example_dynamic_task_mapping_with_no_taskflow_operators.py
[2023-07-12T06:33:22.430+0000] {logging_mixin.py:150} INFO - [2023-07-12T06:33:22.430+0000] {dag.py:2742} INFO - Sync 1 DAGs
[2023-07-12T06:33:22.468+0000] {logging_mixin.py:150} INFO - [2023-07-12T06:33:22.468+0000] {dag.py:3508} INFO - Setting next_dagrun for example_dynamic_task_mapping_with_no_taskflow_operators to 2023-07-11T06:33:22.467858+00:00, run_after=2023-07-12T06:33:22.467858+00:00
[2023-07-12T06:33:22.502+0000] {processor.py:179} INFO - Processing /home/airflow/.local/lib/python3.7/site-packages/airflow/example_dags/example_dynamic_task_mapping_with_no_taskflow_operators.py took 0.126 seconds
[2023-07-12T06:33:52.649+0000] {processor.py:157} INFO - Started process (PID=2434) to work on /home/airflow/.local/lib/python3.7/site-packages/airflow/example_dags/example_dynamic_task_mapping_with_no_taskflow_operators.py
[2023-07-12T06:33:52.652+0000] {processor.py:826} INFO - Processing file /home/airflow/.local/lib/python3.7/site-packages/airflow/example_dags/example_dynamic_task_mapping_with_no_taskflow_operators.py for tasks to queue
[2023-07-12T06:33:52.655+0000] {logging_mixin.py:150} INFO - [2023-07-12T06:33:52.654+0000] {dagbag.py:541} INFO - Filling up the DagBag from /home/airflow/.local/lib/python3.7/site-packages/airflow/example_dags/example_dynamic_task_mapping_with_no_taskflow_operators.py
[2023-07-12T06:33:52.668+0000] {processor.py:836} INFO - DAG(s) dict_keys(['example_dynamic_task_mapping_with_no_taskflow_operators']) retrieved from /home/airflow/.local/lib/python3.7/site-packages/airflow/example_dags/example_dynamic_task_mapping_with_no_taskflow_operators.py
[2023-07-12T06:33:52.703+0000] {logging_mixin.py:150} INFO - [2023-07-12T06:33:52.703+0000] {dag.py:2742} INFO - Sync 1 DAGs
[2023-07-12T06:33:52.739+0000] {logging_mixin.py:150} INFO - [2023-07-12T06:33:52.738+0000] {dag.py:3508} INFO - Setting next_dagrun for example_dynamic_task_mapping_with_no_taskflow_operators to 2023-07-11T06:33:52.738582+00:00, run_after=2023-07-12T06:33:52.738582+00:00
[2023-07-12T06:33:52.771+0000] {processor.py:179} INFO - Processing /home/airflow/.local/lib/python3.7/site-packages/airflow/example_dags/example_dynamic_task_mapping_with_no_taskflow_operators.py took 0.129 seconds
[2023-07-12T06:34:23.168+0000] {processor.py:157} INFO - Started process (PID=2675) to work on /home/airflow/.local/lib/python3.7/site-packages/airflow/example_dags/example_dynamic_task_mapping_with_no_taskflow_operators.py
[2023-07-12T06:34:23.171+0000] {processor.py:826} INFO - Processing file /home/airflow/.local/lib/python3.7/site-packages/airflow/example_dags/example_dynamic_task_mapping_with_no_taskflow_operators.py for tasks to queue
[2023-07-12T06:34:23.175+0000] {logging_mixin.py:150} INFO - [2023-07-12T06:34:23.174+0000] {dagbag.py:541} INFO - Filling up the DagBag from /home/airflow/.local/lib/python3.7/site-packages/airflow/example_dags/example_dynamic_task_mapping_with_no_taskflow_operators.py
[2023-07-12T06:34:23.188+0000] {processor.py:836} INFO - DAG(s) dict_keys(['example_dynamic_task_mapping_with_no_taskflow_operators']) retrieved from /home/airflow/.local/lib/python3.7/site-packages/airflow/example_dags/example_dynamic_task_mapping_with_no_taskflow_operators.py
[2023-07-12T06:34:23.224+0000] {logging_mixin.py:150} INFO - [2023-07-12T06:34:23.224+0000] {dag.py:2742} INFO - Sync 1 DAGs
[2023-07-12T06:34:23.262+0000] {logging_mixin.py:150} INFO - [2023-07-12T06:34:23.262+0000] {dag.py:3508} INFO - Setting next_dagrun for example_dynamic_task_mapping_with_no_taskflow_operators to 2023-07-11T06:34:23.261959+00:00, run_after=2023-07-12T06:34:23.261959+00:00
[2023-07-12T06:34:23.296+0000] {processor.py:179} INFO - Processing /home/airflow/.local/lib/python3.7/site-packages/airflow/example_dags/example_dynamic_task_mapping_with_no_taskflow_operators.py took 0.133 seconds
[2023-07-12T06:34:53.991+0000] {processor.py:157} INFO - Started process (PID=2916) to work on /home/airflow/.local/lib/python3.7/site-packages/airflow/example_dags/example_dynamic_task_mapping_with_no_taskflow_operators.py
[2023-07-12T06:34:53.994+0000] {processor.py:826} INFO - Processing file /home/airflow/.local/lib/python3.7/site-packages/airflow/example_dags/example_dynamic_task_mapping_with_no_taskflow_operators.py for tasks to queue
[2023-07-12T06:34:53.997+0000] {logging_mixin.py:150} INFO - [2023-07-12T06:34:53.997+0000] {dagbag.py:541} INFO - Filling up the DagBag from /home/airflow/.local/lib/python3.7/site-packages/airflow/example_dags/example_dynamic_task_mapping_with_no_taskflow_operators.py
[2023-07-12T06:34:54.011+0000] {processor.py:836} INFO - DAG(s) dict_keys(['example_dynamic_task_mapping_with_no_taskflow_operators']) retrieved from /home/airflow/.local/lib/python3.7/site-packages/airflow/example_dags/example_dynamic_task_mapping_with_no_taskflow_operators.py
[2023-07-12T06:34:54.052+0000] {logging_mixin.py:150} INFO - [2023-07-12T06:34:54.052+0000] {dag.py:2742} INFO - Sync 1 DAGs
[2023-07-12T06:34:54.096+0000] {logging_mixin.py:150} INFO - [2023-07-12T06:34:54.096+0000] {dag.py:3508} INFO - Setting next_dagrun for example_dynamic_task_mapping_with_no_taskflow_operators to 2023-07-11T06:34:54.095823+00:00, run_after=2023-07-12T06:34:54.095823+00:00
[2023-07-12T06:34:54.134+0000] {processor.py:179} INFO - Processing /home/airflow/.local/lib/python3.7/site-packages/airflow/example_dags/example_dynamic_task_mapping_with_no_taskflow_operators.py took 0.148 seconds
[2023-07-12T06:35:24.344+0000] {processor.py:157} INFO - Started process (PID=3157) to work on /home/airflow/.local/lib/python3.7/site-packages/airflow/example_dags/example_dynamic_task_mapping_with_no_taskflow_operators.py
[2023-07-12T06:35:24.347+0000] {processor.py:826} INFO - Processing file /home/airflow/.local/lib/python3.7/site-packages/airflow/example_dags/example_dynamic_task_mapping_with_no_taskflow_operators.py for tasks to queue
[2023-07-12T06:35:24.350+0000] {logging_mixin.py:150} INFO - [2023-07-12T06:35:24.349+0000] {dagbag.py:541} INFO - Filling up the DagBag from /home/airflow/.local/lib/python3.7/site-packages/airflow/example_dags/example_dynamic_task_mapping_with_no_taskflow_operators.py
[2023-07-12T06:35:24.364+0000] {processor.py:836} INFO - DAG(s) dict_keys(['example_dynamic_task_mapping_with_no_taskflow_operators']) retrieved from /home/airflow/.local/lib/python3.7/site-packages/airflow/example_dags/example_dynamic_task_mapping_with_no_taskflow_operators.py
[2023-07-12T06:35:24.403+0000] {logging_mixin.py:150} INFO - [2023-07-12T06:35:24.402+0000] {dag.py:2742} INFO - Sync 1 DAGs
[2023-07-12T06:35:24.442+0000] {logging_mixin.py:150} INFO - [2023-07-12T06:35:24.441+0000] {dag.py:3508} INFO - Setting next_dagrun for example_dynamic_task_mapping_with_no_taskflow_operators to 2023-07-11T06:35:24.441246+00:00, run_after=2023-07-12T06:35:24.441246+00:00
[2023-07-12T06:35:24.483+0000] {processor.py:179} INFO - Processing /home/airflow/.local/lib/python3.7/site-packages/airflow/example_dags/example_dynamic_task_mapping_with_no_taskflow_operators.py took 0.146 seconds
[2023-07-12T06:35:54.654+0000] {processor.py:157} INFO - Started process (PID=3398) to work on /home/airflow/.local/lib/python3.7/site-packages/airflow/example_dags/example_dynamic_task_mapping_with_no_taskflow_operators.py
[2023-07-12T06:35:54.657+0000] {processor.py:826} INFO - Processing file /home/airflow/.local/lib/python3.7/site-packages/airflow/example_dags/example_dynamic_task_mapping_with_no_taskflow_operators.py for tasks to queue
[2023-07-12T06:35:54.659+0000] {logging_mixin.py:150} INFO - [2023-07-12T06:35:54.659+0000] {dagbag.py:541} INFO - Filling up the DagBag from /home/airflow/.local/lib/python3.7/site-packages/airflow/example_dags/example_dynamic_task_mapping_with_no_taskflow_operators.py
[2023-07-12T06:35:54.672+0000] {processor.py:836} INFO - DAG(s) dict_keys(['example_dynamic_task_mapping_with_no_taskflow_operators']) retrieved from /home/airflow/.local/lib/python3.7/site-packages/airflow/example_dags/example_dynamic_task_mapping_with_no_taskflow_operators.py
[2023-07-12T06:35:54.706+0000] {logging_mixin.py:150} INFO - [2023-07-12T06:35:54.706+0000] {dag.py:2742} INFO - Sync 1 DAGs
[2023-07-12T06:35:54.747+0000] {logging_mixin.py:150} INFO - [2023-07-12T06:35:54.747+0000] {dag.py:3508} INFO - Setting next_dagrun for example_dynamic_task_mapping_with_no_taskflow_operators to 2023-07-11T06:35:54.746854+00:00, run_after=2023-07-12T06:35:54.746854+00:00
[2023-07-12T06:35:54.775+0000] {processor.py:179} INFO - Processing /home/airflow/.local/lib/python3.7/site-packages/airflow/example_dags/example_dynamic_task_mapping_with_no_taskflow_operators.py took 0.126 seconds
[2023-07-12T06:36:24.856+0000] {processor.py:157} INFO - Started process (PID=3639) to work on /home/airflow/.local/lib/python3.7/site-packages/airflow/example_dags/example_dynamic_task_mapping_with_no_taskflow_operators.py
[2023-07-12T06:36:24.859+0000] {processor.py:826} INFO - Processing file /home/airflow/.local/lib/python3.7/site-packages/airflow/example_dags/example_dynamic_task_mapping_with_no_taskflow_operators.py for tasks to queue
[2023-07-12T06:36:24.861+0000] {logging_mixin.py:150} INFO - [2023-07-12T06:36:24.861+0000] {dagbag.py:541} INFO - Filling up the DagBag from /home/airflow/.local/lib/python3.7/site-packages/airflow/example_dags/example_dynamic_task_mapping_with_no_taskflow_operators.py
[2023-07-12T06:36:24.872+0000] {processor.py:836} INFO - DAG(s) dict_keys(['example_dynamic_task_mapping_with_no_taskflow_operators']) retrieved from /home/airflow/.local/lib/python3.7/site-packages/airflow/example_dags/example_dynamic_task_mapping_with_no_taskflow_operators.py
[2023-07-12T06:36:24.907+0000] {logging_mixin.py:150} INFO - [2023-07-12T06:36:24.907+0000] {dag.py:2742} INFO - Sync 1 DAGs
[2023-07-12T06:36:24.948+0000] {logging_mixin.py:150} INFO - [2023-07-12T06:36:24.947+0000] {dag.py:3508} INFO - Setting next_dagrun for example_dynamic_task_mapping_with_no_taskflow_operators to 2023-07-11T06:36:24.947643+00:00, run_after=2023-07-12T06:36:24.947643+00:00
[2023-07-12T06:36:24.982+0000] {processor.py:179} INFO - Processing /home/airflow/.local/lib/python3.7/site-packages/airflow/example_dags/example_dynamic_task_mapping_with_no_taskflow_operators.py took 0.131 seconds
[2023-07-12T06:36:55.529+0000] {processor.py:157} INFO - Started process (PID=3880) to work on /home/airflow/.local/lib/python3.7/site-packages/airflow/example_dags/example_dynamic_task_mapping_with_no_taskflow_operators.py
[2023-07-12T06:36:55.531+0000] {processor.py:826} INFO - Processing file /home/airflow/.local/lib/python3.7/site-packages/airflow/example_dags/example_dynamic_task_mapping_with_no_taskflow_operators.py for tasks to queue
[2023-07-12T06:36:55.534+0000] {logging_mixin.py:150} INFO - [2023-07-12T06:36:55.533+0000] {dagbag.py:541} INFO - Filling up the DagBag from /home/airflow/.local/lib/python3.7/site-packages/airflow/example_dags/example_dynamic_task_mapping_with_no_taskflow_operators.py
[2023-07-12T06:36:55.552+0000] {processor.py:836} INFO - DAG(s) dict_keys(['example_dynamic_task_mapping_with_no_taskflow_operators']) retrieved from /home/airflow/.local/lib/python3.7/site-packages/airflow/example_dags/example_dynamic_task_mapping_with_no_taskflow_operators.py
[2023-07-12T06:36:55.585+0000] {logging_mixin.py:150} INFO - [2023-07-12T06:36:55.585+0000] {dag.py:2742} INFO - Sync 1 DAGs
[2023-07-12T06:36:55.623+0000] {logging_mixin.py:150} INFO - [2023-07-12T06:36:55.622+0000] {dag.py:3508} INFO - Setting next_dagrun for example_dynamic_task_mapping_with_no_taskflow_operators to 2023-07-11T06:36:55.622404+00:00, run_after=2023-07-12T06:36:55.622404+00:00
[2023-07-12T06:36:55.655+0000] {processor.py:179} INFO - Processing /home/airflow/.local/lib/python3.7/site-packages/airflow/example_dags/example_dynamic_task_mapping_with_no_taskflow_operators.py took 0.131 seconds
[2023-07-12T06:37:26.091+0000] {processor.py:157} INFO - Started process (PID=4121) to work on /home/airflow/.local/lib/python3.7/site-packages/airflow/example_dags/example_dynamic_task_mapping_with_no_taskflow_operators.py
[2023-07-12T06:37:26.093+0000] {processor.py:826} INFO - Processing file /home/airflow/.local/lib/python3.7/site-packages/airflow/example_dags/example_dynamic_task_mapping_with_no_taskflow_operators.py for tasks to queue
[2023-07-12T06:37:26.095+0000] {logging_mixin.py:150} INFO - [2023-07-12T06:37:26.095+0000] {dagbag.py:541} INFO - Filling up the DagBag from /home/airflow/.local/lib/python3.7/site-packages/airflow/example_dags/example_dynamic_task_mapping_with_no_taskflow_operators.py
[2023-07-12T06:37:26.107+0000] {processor.py:836} INFO - DAG(s) dict_keys(['example_dynamic_task_mapping_with_no_taskflow_operators']) retrieved from /home/airflow/.local/lib/python3.7/site-packages/airflow/example_dags/example_dynamic_task_mapping_with_no_taskflow_operators.py
[2023-07-12T06:37:26.140+0000] {logging_mixin.py:150} INFO - [2023-07-12T06:37:26.140+0000] {dag.py:2742} INFO - Sync 1 DAGs
[2023-07-12T06:37:26.174+0000] {logging_mixin.py:150} INFO - [2023-07-12T06:37:26.174+0000] {dag.py:3508} INFO - Setting next_dagrun for example_dynamic_task_mapping_with_no_taskflow_operators to 2023-07-11T06:37:26.174403+00:00, run_after=2023-07-12T06:37:26.174403+00:00
[2023-07-12T06:37:26.206+0000] {processor.py:179} INFO - Processing /home/airflow/.local/lib/python3.7/site-packages/airflow/example_dags/example_dynamic_task_mapping_with_no_taskflow_operators.py took 0.121 seconds
[2023-07-12T06:37:56.502+0000] {processor.py:157} INFO - Started process (PID=4361) to work on /home/airflow/.local/lib/python3.7/site-packages/airflow/example_dags/example_dynamic_task_mapping_with_no_taskflow_operators.py
[2023-07-12T06:37:56.505+0000] {processor.py:826} INFO - Processing file /home/airflow/.local/lib/python3.7/site-packages/airflow/example_dags/example_dynamic_task_mapping_with_no_taskflow_operators.py for tasks to queue
[2023-07-12T06:37:56.507+0000] {logging_mixin.py:150} INFO - [2023-07-12T06:37:56.507+0000] {dagbag.py:541} INFO - Filling up the DagBag from /home/airflow/.local/lib/python3.7/site-packages/airflow/example_dags/example_dynamic_task_mapping_with_no_taskflow_operators.py
[2023-07-12T06:37:56.519+0000] {processor.py:836} INFO - DAG(s) dict_keys(['example_dynamic_task_mapping_with_no_taskflow_operators']) retrieved from /home/airflow/.local/lib/python3.7/site-packages/airflow/example_dags/example_dynamic_task_mapping_with_no_taskflow_operators.py
[2023-07-12T06:37:56.554+0000] {logging_mixin.py:150} INFO - [2023-07-12T06:37:56.553+0000] {dag.py:2742} INFO - Sync 1 DAGs
[2023-07-12T06:37:56.591+0000] {logging_mixin.py:150} INFO - [2023-07-12T06:37:56.591+0000] {dag.py:3508} INFO - Setting next_dagrun for example_dynamic_task_mapping_with_no_taskflow_operators to 2023-07-11T06:37:56.591133+00:00, run_after=2023-07-12T06:37:56.591133+00:00
[2023-07-12T06:37:56.624+0000] {processor.py:179} INFO - Processing /home/airflow/.local/lib/python3.7/site-packages/airflow/example_dags/example_dynamic_task_mapping_with_no_taskflow_operators.py took 0.127 seconds
[2023-07-12T06:38:26.901+0000] {processor.py:157} INFO - Started process (PID=4602) to work on /home/airflow/.local/lib/python3.7/site-packages/airflow/example_dags/example_dynamic_task_mapping_with_no_taskflow_operators.py
[2023-07-12T06:38:26.903+0000] {processor.py:826} INFO - Processing file /home/airflow/.local/lib/python3.7/site-packages/airflow/example_dags/example_dynamic_task_mapping_with_no_taskflow_operators.py for tasks to queue
[2023-07-12T06:38:26.905+0000] {logging_mixin.py:150} INFO - [2023-07-12T06:38:26.905+0000] {dagbag.py:541} INFO - Filling up the DagBag from /home/airflow/.local/lib/python3.7/site-packages/airflow/example_dags/example_dynamic_task_mapping_with_no_taskflow_operators.py
[2023-07-12T06:38:26.918+0000] {processor.py:836} INFO - DAG(s) dict_keys(['example_dynamic_task_mapping_with_no_taskflow_operators']) retrieved from /home/airflow/.local/lib/python3.7/site-packages/airflow/example_dags/example_dynamic_task_mapping_with_no_taskflow_operators.py
[2023-07-12T06:38:26.951+0000] {logging_mixin.py:150} INFO - [2023-07-12T06:38:26.951+0000] {dag.py:2742} INFO - Sync 1 DAGs
[2023-07-12T06:38:26.988+0000] {logging_mixin.py:150} INFO - [2023-07-12T06:38:26.987+0000] {dag.py:3508} INFO - Setting next_dagrun for example_dynamic_task_mapping_with_no_taskflow_operators to 2023-07-11T06:38:26.987510+00:00, run_after=2023-07-12T06:38:26.987510+00:00
[2023-07-12T06:38:27.018+0000] {processor.py:179} INFO - Processing /home/airflow/.local/lib/python3.7/site-packages/airflow/example_dags/example_dynamic_task_mapping_with_no_taskflow_operators.py took 0.121 seconds
[2023-07-12T06:38:57.413+0000] {processor.py:157} INFO - Started process (PID=4843) to work on /home/airflow/.local/lib/python3.7/site-packages/airflow/example_dags/example_dynamic_task_mapping_with_no_taskflow_operators.py
[2023-07-12T06:38:57.416+0000] {processor.py:826} INFO - Processing file /home/airflow/.local/lib/python3.7/site-packages/airflow/example_dags/example_dynamic_task_mapping_with_no_taskflow_operators.py for tasks to queue
[2023-07-12T06:38:57.418+0000] {logging_mixin.py:150} INFO - [2023-07-12T06:38:57.418+0000] {dagbag.py:541} INFO - Filling up the DagBag from /home/airflow/.local/lib/python3.7/site-packages/airflow/example_dags/example_dynamic_task_mapping_with_no_taskflow_operators.py
[2023-07-12T06:38:57.432+0000] {processor.py:836} INFO - DAG(s) dict_keys(['example_dynamic_task_mapping_with_no_taskflow_operators']) retrieved from /home/airflow/.local/lib/python3.7/site-packages/airflow/example_dags/example_dynamic_task_mapping_with_no_taskflow_operators.py
[2023-07-12T06:38:57.470+0000] {logging_mixin.py:150} INFO - [2023-07-12T06:38:57.470+0000] {dag.py:2742} INFO - Sync 1 DAGs
[2023-07-12T06:38:57.508+0000] {logging_mixin.py:150} INFO - [2023-07-12T06:38:57.507+0000] {dag.py:3508} INFO - Setting next_dagrun for example_dynamic_task_mapping_with_no_taskflow_operators to 2023-07-11T06:38:57.507088+00:00, run_after=2023-07-12T06:38:57.507088+00:00
[2023-07-12T06:38:57.539+0000] {processor.py:179} INFO - Processing /home/airflow/.local/lib/python3.7/site-packages/airflow/example_dags/example_dynamic_task_mapping_with_no_taskflow_operators.py took 0.130 seconds
[2023-07-12T06:39:28.146+0000] {processor.py:157} INFO - Started process (PID=5084) to work on /home/airflow/.local/lib/python3.7/site-packages/airflow/example_dags/example_dynamic_task_mapping_with_no_taskflow_operators.py
[2023-07-12T06:39:28.148+0000] {processor.py:826} INFO - Processing file /home/airflow/.local/lib/python3.7/site-packages/airflow/example_dags/example_dynamic_task_mapping_with_no_taskflow_operators.py for tasks to queue
[2023-07-12T06:39:28.151+0000] {logging_mixin.py:150} INFO - [2023-07-12T06:39:28.151+0000] {dagbag.py:541} INFO - Filling up the DagBag from /home/airflow/.local/lib/python3.7/site-packages/airflow/example_dags/example_dynamic_task_mapping_with_no_taskflow_operators.py
[2023-07-12T06:39:28.165+0000] {processor.py:836} INFO - DAG(s) dict_keys(['example_dynamic_task_mapping_with_no_taskflow_operators']) retrieved from /home/airflow/.local/lib/python3.7/site-packages/airflow/example_dags/example_dynamic_task_mapping_with_no_taskflow_operators.py
[2023-07-12T06:39:28.215+0000] {logging_mixin.py:150} INFO - [2023-07-12T06:39:28.214+0000] {dag.py:2742} INFO - Sync 1 DAGs
[2023-07-12T06:39:28.261+0000] {logging_mixin.py:150} INFO - [2023-07-12T06:39:28.261+0000] {dag.py:3508} INFO - Setting next_dagrun for example_dynamic_task_mapping_with_no_taskflow_operators to 2023-07-11T06:39:28.260845+00:00, run_after=2023-07-12T06:39:28.260845+00:00
[2023-07-12T06:39:28.296+0000] {processor.py:179} INFO - Processing /home/airflow/.local/lib/python3.7/site-packages/airflow/example_dags/example_dynamic_task_mapping_with_no_taskflow_operators.py took 0.154 seconds
[2023-07-12T06:39:59.195+0000] {processor.py:157} INFO - Started process (PID=5325) to work on /home/airflow/.local/lib/python3.7/site-packages/airflow/example_dags/example_dynamic_task_mapping_with_no_taskflow_operators.py
[2023-07-12T06:39:59.198+0000] {processor.py:826} INFO - Processing file /home/airflow/.local/lib/python3.7/site-packages/airflow/example_dags/example_dynamic_task_mapping_with_no_taskflow_operators.py for tasks to queue
[2023-07-12T06:39:59.201+0000] {logging_mixin.py:150} INFO - [2023-07-12T06:39:59.201+0000] {dagbag.py:541} INFO - Filling up the DagBag from /home/airflow/.local/lib/python3.7/site-packages/airflow/example_dags/example_dynamic_task_mapping_with_no_taskflow_operators.py
[2023-07-12T06:39:59.216+0000] {processor.py:836} INFO - DAG(s) dict_keys(['example_dynamic_task_mapping_with_no_taskflow_operators']) retrieved from /home/airflow/.local/lib/python3.7/site-packages/airflow/example_dags/example_dynamic_task_mapping_with_no_taskflow_operators.py
[2023-07-12T06:39:59.253+0000] {logging_mixin.py:150} INFO - [2023-07-12T06:39:59.253+0000] {dag.py:2742} INFO - Sync 1 DAGs
[2023-07-12T06:39:59.287+0000] {logging_mixin.py:150} INFO - [2023-07-12T06:39:59.287+0000] {dag.py:3508} INFO - Setting next_dagrun for example_dynamic_task_mapping_with_no_taskflow_operators to 2023-07-11T06:39:59.287157+00:00, run_after=2023-07-12T06:39:59.287157+00:00
[2023-07-12T06:39:59.319+0000] {processor.py:179} INFO - Processing /home/airflow/.local/lib/python3.7/site-packages/airflow/example_dags/example_dynamic_task_mapping_with_no_taskflow_operators.py took 0.130 seconds
[2023-07-12T06:40:29.762+0000] {processor.py:157} INFO - Started process (PID=5566) to work on /home/airflow/.local/lib/python3.7/site-packages/airflow/example_dags/example_dynamic_task_mapping_with_no_taskflow_operators.py
[2023-07-12T06:40:29.764+0000] {processor.py:826} INFO - Processing file /home/airflow/.local/lib/python3.7/site-packages/airflow/example_dags/example_dynamic_task_mapping_with_no_taskflow_operators.py for tasks to queue
[2023-07-12T06:40:29.766+0000] {logging_mixin.py:150} INFO - [2023-07-12T06:40:29.766+0000] {dagbag.py:541} INFO - Filling up the DagBag from /home/airflow/.local/lib/python3.7/site-packages/airflow/example_dags/example_dynamic_task_mapping_with_no_taskflow_operators.py
[2023-07-12T06:40:29.777+0000] {processor.py:836} INFO - DAG(s) dict_keys(['example_dynamic_task_mapping_with_no_taskflow_operators']) retrieved from /home/airflow/.local/lib/python3.7/site-packages/airflow/example_dags/example_dynamic_task_mapping_with_no_taskflow_operators.py
[2023-07-12T06:40:29.808+0000] {logging_mixin.py:150} INFO - [2023-07-12T06:40:29.807+0000] {dag.py:2742} INFO - Sync 1 DAGs
[2023-07-12T06:40:29.840+0000] {logging_mixin.py:150} INFO - [2023-07-12T06:40:29.840+0000] {dag.py:3508} INFO - Setting next_dagrun for example_dynamic_task_mapping_with_no_taskflow_operators to 2023-07-11T06:40:29.840016+00:00, run_after=2023-07-12T06:40:29.840016+00:00
[2023-07-12T06:40:29.869+0000] {processor.py:179} INFO - Processing /home/airflow/.local/lib/python3.7/site-packages/airflow/example_dags/example_dynamic_task_mapping_with_no_taskflow_operators.py took 0.112 seconds
[2023-07-12T06:41:00.004+0000] {processor.py:157} INFO - Started process (PID=5807) to work on /home/airflow/.local/lib/python3.7/site-packages/airflow/example_dags/example_dynamic_task_mapping_with_no_taskflow_operators.py
[2023-07-12T06:41:00.006+0000] {processor.py:826} INFO - Processing file /home/airflow/.local/lib/python3.7/site-packages/airflow/example_dags/example_dynamic_task_mapping_with_no_taskflow_operators.py for tasks to queue
[2023-07-12T06:41:00.008+0000] {logging_mixin.py:150} INFO - [2023-07-12T06:41:00.007+0000] {dagbag.py:541} INFO - Filling up the DagBag from /home/airflow/.local/lib/python3.7/site-packages/airflow/example_dags/example_dynamic_task_mapping_with_no_taskflow_operators.py
[2023-07-12T06:41:00.018+0000] {processor.py:836} INFO - DAG(s) dict_keys(['example_dynamic_task_mapping_with_no_taskflow_operators']) retrieved from /home/airflow/.local/lib/python3.7/site-packages/airflow/example_dags/example_dynamic_task_mapping_with_no_taskflow_operators.py
[2023-07-12T06:41:00.050+0000] {logging_mixin.py:150} INFO - [2023-07-12T06:41:00.050+0000] {dag.py:2742} INFO - Sync 1 DAGs
[2023-07-12T06:41:00.084+0000] {logging_mixin.py:150} INFO - [2023-07-12T06:41:00.084+0000] {dag.py:3508} INFO - Setting next_dagrun for example_dynamic_task_mapping_with_no_taskflow_operators to 2023-07-11T06:41:00.084041+00:00, run_after=2023-07-12T06:41:00.084041+00:00
[2023-07-12T06:41:00.112+0000] {processor.py:179} INFO - Processing /home/airflow/.local/lib/python3.7/site-packages/airflow/example_dags/example_dynamic_task_mapping_with_no_taskflow_operators.py took 0.114 seconds
[2023-07-12T06:41:30.477+0000] {processor.py:157} INFO - Started process (PID=6048) to work on /home/airflow/.local/lib/python3.7/site-packages/airflow/example_dags/example_dynamic_task_mapping_with_no_taskflow_operators.py
[2023-07-12T06:41:30.479+0000] {processor.py:826} INFO - Processing file /home/airflow/.local/lib/python3.7/site-packages/airflow/example_dags/example_dynamic_task_mapping_with_no_taskflow_operators.py for tasks to queue
[2023-07-12T06:41:30.480+0000] {logging_mixin.py:150} INFO - [2023-07-12T06:41:30.480+0000] {dagbag.py:541} INFO - Filling up the DagBag from /home/airflow/.local/lib/python3.7/site-packages/airflow/example_dags/example_dynamic_task_mapping_with_no_taskflow_operators.py
[2023-07-12T06:41:30.491+0000] {processor.py:836} INFO - DAG(s) dict_keys(['example_dynamic_task_mapping_with_no_taskflow_operators']) retrieved from /home/airflow/.local/lib/python3.7/site-packages/airflow/example_dags/example_dynamic_task_mapping_with_no_taskflow_operators.py
[2023-07-12T06:41:30.522+0000] {logging_mixin.py:150} INFO - [2023-07-12T06:41:30.522+0000] {dag.py:2742} INFO - Sync 1 DAGs
[2023-07-12T06:41:30.556+0000] {logging_mixin.py:150} INFO - [2023-07-12T06:41:30.556+0000] {dag.py:3508} INFO - Setting next_dagrun for example_dynamic_task_mapping_with_no_taskflow_operators to 2023-07-11T06:41:30.555664+00:00, run_after=2023-07-12T06:41:30.555664+00:00
[2023-07-12T06:41:30.586+0000] {processor.py:179} INFO - Processing /home/airflow/.local/lib/python3.7/site-packages/airflow/example_dags/example_dynamic_task_mapping_with_no_taskflow_operators.py took 0.114 seconds
[2023-07-12T06:42:01.092+0000] {processor.py:157} INFO - Started process (PID=6289) to work on /home/airflow/.local/lib/python3.7/site-packages/airflow/example_dags/example_dynamic_task_mapping_with_no_taskflow_operators.py
[2023-07-12T06:42:01.095+0000] {processor.py:826} INFO - Processing file /home/airflow/.local/lib/python3.7/site-packages/airflow/example_dags/example_dynamic_task_mapping_with_no_taskflow_operators.py for tasks to queue
[2023-07-12T06:42:01.097+0000] {logging_mixin.py:150} INFO - [2023-07-12T06:42:01.096+0000] {dagbag.py:541} INFO - Filling up the DagBag from /home/airflow/.local/lib/python3.7/site-packages/airflow/example_dags/example_dynamic_task_mapping_with_no_taskflow_operators.py
[2023-07-12T06:42:01.108+0000] {processor.py:836} INFO - DAG(s) dict_keys(['example_dynamic_task_mapping_with_no_taskflow_operators']) retrieved from /home/airflow/.local/lib/python3.7/site-packages/airflow/example_dags/example_dynamic_task_mapping_with_no_taskflow_operators.py
[2023-07-12T06:42:01.141+0000] {logging_mixin.py:150} INFO - [2023-07-12T06:42:01.141+0000] {dag.py:2742} INFO - Sync 1 DAGs
[2023-07-12T06:42:01.173+0000] {logging_mixin.py:150} INFO - [2023-07-12T06:42:01.173+0000] {dag.py:3508} INFO - Setting next_dagrun for example_dynamic_task_mapping_with_no_taskflow_operators to 2023-07-11T06:42:01.173242+00:00, run_after=2023-07-12T06:42:01.173242+00:00
[2023-07-12T06:42:01.202+0000] {processor.py:179} INFO - Processing /home/airflow/.local/lib/python3.7/site-packages/airflow/example_dags/example_dynamic_task_mapping_with_no_taskflow_operators.py took 0.115 seconds
[2023-07-12T06:42:31.610+0000] {processor.py:157} INFO - Started process (PID=6531) to work on /home/airflow/.local/lib/python3.7/site-packages/airflow/example_dags/example_dynamic_task_mapping_with_no_taskflow_operators.py
[2023-07-12T06:42:31.612+0000] {processor.py:826} INFO - Processing file /home/airflow/.local/lib/python3.7/site-packages/airflow/example_dags/example_dynamic_task_mapping_with_no_taskflow_operators.py for tasks to queue
[2023-07-12T06:42:31.614+0000] {logging_mixin.py:150} INFO - [2023-07-12T06:42:31.614+0000] {dagbag.py:541} INFO - Filling up the DagBag from /home/airflow/.local/lib/python3.7/site-packages/airflow/example_dags/example_dynamic_task_mapping_with_no_taskflow_operators.py
[2023-07-12T06:42:31.626+0000] {processor.py:836} INFO - DAG(s) dict_keys(['example_dynamic_task_mapping_with_no_taskflow_operators']) retrieved from /home/airflow/.local/lib/python3.7/site-packages/airflow/example_dags/example_dynamic_task_mapping_with_no_taskflow_operators.py
[2023-07-12T06:42:31.657+0000] {logging_mixin.py:150} INFO - [2023-07-12T06:42:31.657+0000] {dag.py:2742} INFO - Sync 1 DAGs
[2023-07-12T06:42:31.690+0000] {logging_mixin.py:150} INFO - [2023-07-12T06:42:31.690+0000] {dag.py:3508} INFO - Setting next_dagrun for example_dynamic_task_mapping_with_no_taskflow_operators to 2023-07-11T06:42:31.689918+00:00, run_after=2023-07-12T06:42:31.689918+00:00
[2023-07-12T06:42:31.719+0000] {processor.py:179} INFO - Processing /home/airflow/.local/lib/python3.7/site-packages/airflow/example_dags/example_dynamic_task_mapping_with_no_taskflow_operators.py took 0.114 seconds
[2023-07-12T06:43:01.911+0000] {processor.py:157} INFO - Started process (PID=6772) to work on /home/airflow/.local/lib/python3.7/site-packages/airflow/example_dags/example_dynamic_task_mapping_with_no_taskflow_operators.py
[2023-07-12T06:43:01.913+0000] {processor.py:826} INFO - Processing file /home/airflow/.local/lib/python3.7/site-packages/airflow/example_dags/example_dynamic_task_mapping_with_no_taskflow_operators.py for tasks to queue
[2023-07-12T06:43:01.915+0000] {logging_mixin.py:150} INFO - [2023-07-12T06:43:01.915+0000] {dagbag.py:541} INFO - Filling up the DagBag from /home/airflow/.local/lib/python3.7/site-packages/airflow/example_dags/example_dynamic_task_mapping_with_no_taskflow_operators.py
[2023-07-12T06:43:01.926+0000] {processor.py:836} INFO - DAG(s) dict_keys(['example_dynamic_task_mapping_with_no_taskflow_operators']) retrieved from /home/airflow/.local/lib/python3.7/site-packages/airflow/example_dags/example_dynamic_task_mapping_with_no_taskflow_operators.py
[2023-07-12T06:43:01.958+0000] {logging_mixin.py:150} INFO - [2023-07-12T06:43:01.957+0000] {dag.py:2742} INFO - Sync 1 DAGs
[2023-07-12T06:43:01.993+0000] {logging_mixin.py:150} INFO - [2023-07-12T06:43:01.993+0000] {dag.py:3508} INFO - Setting next_dagrun for example_dynamic_task_mapping_with_no_taskflow_operators to 2023-07-11T06:43:01.993275+00:00, run_after=2023-07-12T06:43:01.993275+00:00
[2023-07-12T06:43:02.025+0000] {processor.py:179} INFO - Processing /home/airflow/.local/lib/python3.7/site-packages/airflow/example_dags/example_dynamic_task_mapping_with_no_taskflow_operators.py took 0.119 seconds
[2023-07-12T06:43:32.372+0000] {processor.py:157} INFO - Started process (PID=7013) to work on /home/airflow/.local/lib/python3.7/site-packages/airflow/example_dags/example_dynamic_task_mapping_with_no_taskflow_operators.py
[2023-07-12T06:43:32.375+0000] {processor.py:826} INFO - Processing file /home/airflow/.local/lib/python3.7/site-packages/airflow/example_dags/example_dynamic_task_mapping_with_no_taskflow_operators.py for tasks to queue
[2023-07-12T06:43:32.378+0000] {logging_mixin.py:150} INFO - [2023-07-12T06:43:32.378+0000] {dagbag.py:541} INFO - Filling up the DagBag from /home/airflow/.local/lib/python3.7/site-packages/airflow/example_dags/example_dynamic_task_mapping_with_no_taskflow_operators.py
[2023-07-12T06:43:32.389+0000] {processor.py:836} INFO - DAG(s) dict_keys(['example_dynamic_task_mapping_with_no_taskflow_operators']) retrieved from /home/airflow/.local/lib/python3.7/site-packages/airflow/example_dags/example_dynamic_task_mapping_with_no_taskflow_operators.py
[2023-07-12T06:43:32.421+0000] {logging_mixin.py:150} INFO - [2023-07-12T06:43:32.421+0000] {dag.py:2742} INFO - Sync 1 DAGs
[2023-07-12T06:43:32.454+0000] {logging_mixin.py:150} INFO - [2023-07-12T06:43:32.453+0000] {dag.py:3508} INFO - Setting next_dagrun for example_dynamic_task_mapping_with_no_taskflow_operators to 2023-07-11T06:43:32.453396+00:00, run_after=2023-07-12T06:43:32.453396+00:00
[2023-07-12T06:43:32.480+0000] {processor.py:179} INFO - Processing /home/airflow/.local/lib/python3.7/site-packages/airflow/example_dags/example_dynamic_task_mapping_with_no_taskflow_operators.py took 0.113 seconds
[2023-07-12T06:44:02.562+0000] {processor.py:157} INFO - Started process (PID=7254) to work on /home/airflow/.local/lib/python3.7/site-packages/airflow/example_dags/example_dynamic_task_mapping_with_no_taskflow_operators.py
[2023-07-12T06:44:02.564+0000] {processor.py:826} INFO - Processing file /home/airflow/.local/lib/python3.7/site-packages/airflow/example_dags/example_dynamic_task_mapping_with_no_taskflow_operators.py for tasks to queue
[2023-07-12T06:44:02.566+0000] {logging_mixin.py:150} INFO - [2023-07-12T06:44:02.566+0000] {dagbag.py:541} INFO - Filling up the DagBag from /home/airflow/.local/lib/python3.7/site-packages/airflow/example_dags/example_dynamic_task_mapping_with_no_taskflow_operators.py
[2023-07-12T06:44:02.578+0000] {processor.py:836} INFO - DAG(s) dict_keys(['example_dynamic_task_mapping_with_no_taskflow_operators']) retrieved from /home/airflow/.local/lib/python3.7/site-packages/airflow/example_dags/example_dynamic_task_mapping_with_no_taskflow_operators.py
[2023-07-12T06:44:02.610+0000] {logging_mixin.py:150} INFO - [2023-07-12T06:44:02.610+0000] {dag.py:2742} INFO - Sync 1 DAGs
[2023-07-12T06:44:02.645+0000] {logging_mixin.py:150} INFO - [2023-07-12T06:44:02.645+0000] {dag.py:3508} INFO - Setting next_dagrun for example_dynamic_task_mapping_with_no_taskflow_operators to 2023-07-11T06:44:02.645124+00:00, run_after=2023-07-12T06:44:02.645124+00:00
[2023-07-12T06:44:02.678+0000] {processor.py:179} INFO - Processing /home/airflow/.local/lib/python3.7/site-packages/airflow/example_dags/example_dynamic_task_mapping_with_no_taskflow_operators.py took 0.121 seconds
[2023-07-12T06:44:32.969+0000] {processor.py:157} INFO - Started process (PID=7495) to work on /home/airflow/.local/lib/python3.7/site-packages/airflow/example_dags/example_dynamic_task_mapping_with_no_taskflow_operators.py
[2023-07-12T06:44:32.972+0000] {processor.py:826} INFO - Processing file /home/airflow/.local/lib/python3.7/site-packages/airflow/example_dags/example_dynamic_task_mapping_with_no_taskflow_operators.py for tasks to queue
[2023-07-12T06:44:32.974+0000] {logging_mixin.py:150} INFO - [2023-07-12T06:44:32.974+0000] {dagbag.py:541} INFO - Filling up the DagBag from /home/airflow/.local/lib/python3.7/site-packages/airflow/example_dags/example_dynamic_task_mapping_with_no_taskflow_operators.py
[2023-07-12T06:44:32.986+0000] {processor.py:836} INFO - DAG(s) dict_keys(['example_dynamic_task_mapping_with_no_taskflow_operators']) retrieved from /home/airflow/.local/lib/python3.7/site-packages/airflow/example_dags/example_dynamic_task_mapping_with_no_taskflow_operators.py
[2023-07-12T06:44:33.021+0000] {logging_mixin.py:150} INFO - [2023-07-12T06:44:33.021+0000] {dag.py:2742} INFO - Sync 1 DAGs
[2023-07-12T06:44:33.054+0000] {logging_mixin.py:150} INFO - [2023-07-12T06:44:33.053+0000] {dag.py:3508} INFO - Setting next_dagrun for example_dynamic_task_mapping_with_no_taskflow_operators to 2023-07-11T06:44:33.053526+00:00, run_after=2023-07-12T06:44:33.053526+00:00
[2023-07-12T06:44:33.085+0000] {processor.py:179} INFO - Processing /home/airflow/.local/lib/python3.7/site-packages/airflow/example_dags/example_dynamic_task_mapping_with_no_taskflow_operators.py took 0.121 seconds
[2023-07-12T06:45:03.687+0000] {processor.py:157} INFO - Started process (PID=7736) to work on /home/airflow/.local/lib/python3.7/site-packages/airflow/example_dags/example_dynamic_task_mapping_with_no_taskflow_operators.py
[2023-07-12T06:45:03.690+0000] {processor.py:826} INFO - Processing file /home/airflow/.local/lib/python3.7/site-packages/airflow/example_dags/example_dynamic_task_mapping_with_no_taskflow_operators.py for tasks to queue
[2023-07-12T06:45:03.692+0000] {logging_mixin.py:150} INFO - [2023-07-12T06:45:03.692+0000] {dagbag.py:541} INFO - Filling up the DagBag from /home/airflow/.local/lib/python3.7/site-packages/airflow/example_dags/example_dynamic_task_mapping_with_no_taskflow_operators.py
[2023-07-12T06:45:03.704+0000] {processor.py:836} INFO - DAG(s) dict_keys(['example_dynamic_task_mapping_with_no_taskflow_operators']) retrieved from /home/airflow/.local/lib/python3.7/site-packages/airflow/example_dags/example_dynamic_task_mapping_with_no_taskflow_operators.py
[2023-07-12T06:45:03.736+0000] {logging_mixin.py:150} INFO - [2023-07-12T06:45:03.735+0000] {dag.py:2742} INFO - Sync 1 DAGs
[2023-07-12T06:45:03.767+0000] {logging_mixin.py:150} INFO - [2023-07-12T06:45:03.767+0000] {dag.py:3508} INFO - Setting next_dagrun for example_dynamic_task_mapping_with_no_taskflow_operators to 2023-07-11T06:45:03.767400+00:00, run_after=2023-07-12T06:45:03.767400+00:00
[2023-07-12T06:45:03.795+0000] {processor.py:179} INFO - Processing /home/airflow/.local/lib/python3.7/site-packages/airflow/example_dags/example_dynamic_task_mapping_with_no_taskflow_operators.py took 0.113 seconds
[2023-07-12T06:45:33.867+0000] {processor.py:157} INFO - Started process (PID=7977) to work on /home/airflow/.local/lib/python3.7/site-packages/airflow/example_dags/example_dynamic_task_mapping_with_no_taskflow_operators.py
[2023-07-12T06:45:33.870+0000] {processor.py:826} INFO - Processing file /home/airflow/.local/lib/python3.7/site-packages/airflow/example_dags/example_dynamic_task_mapping_with_no_taskflow_operators.py for tasks to queue
[2023-07-12T06:45:33.873+0000] {logging_mixin.py:150} INFO - [2023-07-12T06:45:33.872+0000] {dagbag.py:541} INFO - Filling up the DagBag from /home/airflow/.local/lib/python3.7/site-packages/airflow/example_dags/example_dynamic_task_mapping_with_no_taskflow_operators.py
[2023-07-12T06:45:33.884+0000] {processor.py:836} INFO - DAG(s) dict_keys(['example_dynamic_task_mapping_with_no_taskflow_operators']) retrieved from /home/airflow/.local/lib/python3.7/site-packages/airflow/example_dags/example_dynamic_task_mapping_with_no_taskflow_operators.py
[2023-07-12T06:45:33.915+0000] {logging_mixin.py:150} INFO - [2023-07-12T06:45:33.915+0000] {dag.py:2742} INFO - Sync 1 DAGs
[2023-07-12T06:45:33.949+0000] {logging_mixin.py:150} INFO - [2023-07-12T06:45:33.949+0000] {dag.py:3508} INFO - Setting next_dagrun for example_dynamic_task_mapping_with_no_taskflow_operators to 2023-07-11T06:45:33.949240+00:00, run_after=2023-07-12T06:45:33.949240+00:00
[2023-07-12T06:45:33.977+0000] {processor.py:179} INFO - Processing /home/airflow/.local/lib/python3.7/site-packages/airflow/example_dags/example_dynamic_task_mapping_with_no_taskflow_operators.py took 0.116 seconds
[2023-07-12T06:46:04.141+0000] {processor.py:157} INFO - Started process (PID=8218) to work on /home/airflow/.local/lib/python3.7/site-packages/airflow/example_dags/example_dynamic_task_mapping_with_no_taskflow_operators.py
[2023-07-12T06:46:04.144+0000] {processor.py:826} INFO - Processing file /home/airflow/.local/lib/python3.7/site-packages/airflow/example_dags/example_dynamic_task_mapping_with_no_taskflow_operators.py for tasks to queue
[2023-07-12T06:46:04.146+0000] {logging_mixin.py:150} INFO - [2023-07-12T06:46:04.146+0000] {dagbag.py:541} INFO - Filling up the DagBag from /home/airflow/.local/lib/python3.7/site-packages/airflow/example_dags/example_dynamic_task_mapping_with_no_taskflow_operators.py
[2023-07-12T06:46:04.157+0000] {processor.py:836} INFO - DAG(s) dict_keys(['example_dynamic_task_mapping_with_no_taskflow_operators']) retrieved from /home/airflow/.local/lib/python3.7/site-packages/airflow/example_dags/example_dynamic_task_mapping_with_no_taskflow_operators.py
[2023-07-12T06:46:04.189+0000] {logging_mixin.py:150} INFO - [2023-07-12T06:46:04.188+0000] {dag.py:2742} INFO - Sync 1 DAGs
[2023-07-12T06:46:04.222+0000] {logging_mixin.py:150} INFO - [2023-07-12T06:46:04.222+0000] {dag.py:3508} INFO - Setting next_dagrun for example_dynamic_task_mapping_with_no_taskflow_operators to 2023-07-11T06:46:04.222005+00:00, run_after=2023-07-12T06:46:04.222005+00:00
[2023-07-12T06:46:04.251+0000] {processor.py:179} INFO - Processing /home/airflow/.local/lib/python3.7/site-packages/airflow/example_dags/example_dynamic_task_mapping_with_no_taskflow_operators.py took 0.115 seconds
[2023-07-12T06:46:34.575+0000] {processor.py:157} INFO - Started process (PID=8459) to work on /home/airflow/.local/lib/python3.7/site-packages/airflow/example_dags/example_dynamic_task_mapping_with_no_taskflow_operators.py
[2023-07-12T06:46:34.577+0000] {processor.py:826} INFO - Processing file /home/airflow/.local/lib/python3.7/site-packages/airflow/example_dags/example_dynamic_task_mapping_with_no_taskflow_operators.py for tasks to queue
[2023-07-12T06:46:34.579+0000] {logging_mixin.py:150} INFO - [2023-07-12T06:46:34.579+0000] {dagbag.py:541} INFO - Filling up the DagBag from /home/airflow/.local/lib/python3.7/site-packages/airflow/example_dags/example_dynamic_task_mapping_with_no_taskflow_operators.py
[2023-07-12T06:46:34.590+0000] {processor.py:836} INFO - DAG(s) dict_keys(['example_dynamic_task_mapping_with_no_taskflow_operators']) retrieved from /home/airflow/.local/lib/python3.7/site-packages/airflow/example_dags/example_dynamic_task_mapping_with_no_taskflow_operators.py
[2023-07-12T06:46:34.621+0000] {logging_mixin.py:150} INFO - [2023-07-12T06:46:34.621+0000] {dag.py:2742} INFO - Sync 1 DAGs
[2023-07-12T06:46:34.653+0000] {logging_mixin.py:150} INFO - [2023-07-12T06:46:34.653+0000] {dag.py:3508} INFO - Setting next_dagrun for example_dynamic_task_mapping_with_no_taskflow_operators to 2023-07-11T06:46:34.653089+00:00, run_after=2023-07-12T06:46:34.653089+00:00
[2023-07-12T06:46:34.682+0000] {processor.py:179} INFO - Processing /home/airflow/.local/lib/python3.7/site-packages/airflow/example_dags/example_dynamic_task_mapping_with_no_taskflow_operators.py took 0.112 seconds
[2023-07-12T06:47:05.118+0000] {processor.py:157} INFO - Started process (PID=8700) to work on /home/airflow/.local/lib/python3.7/site-packages/airflow/example_dags/example_dynamic_task_mapping_with_no_taskflow_operators.py
[2023-07-12T06:47:05.121+0000] {processor.py:826} INFO - Processing file /home/airflow/.local/lib/python3.7/site-packages/airflow/example_dags/example_dynamic_task_mapping_with_no_taskflow_operators.py for tasks to queue
[2023-07-12T06:47:05.123+0000] {logging_mixin.py:150} INFO - [2023-07-12T06:47:05.123+0000] {dagbag.py:541} INFO - Filling up the DagBag from /home/airflow/.local/lib/python3.7/site-packages/airflow/example_dags/example_dynamic_task_mapping_with_no_taskflow_operators.py
[2023-07-12T06:47:05.134+0000] {processor.py:836} INFO - DAG(s) dict_keys(['example_dynamic_task_mapping_with_no_taskflow_operators']) retrieved from /home/airflow/.local/lib/python3.7/site-packages/airflow/example_dags/example_dynamic_task_mapping_with_no_taskflow_operators.py
[2023-07-12T06:47:05.171+0000] {logging_mixin.py:150} INFO - [2023-07-12T06:47:05.171+0000] {dag.py:2742} INFO - Sync 1 DAGs
[2023-07-12T06:47:05.208+0000] {logging_mixin.py:150} INFO - [2023-07-12T06:47:05.208+0000] {dag.py:3508} INFO - Setting next_dagrun for example_dynamic_task_mapping_with_no_taskflow_operators to 2023-07-11T06:47:05.208434+00:00, run_after=2023-07-12T06:47:05.208434+00:00
[2023-07-12T06:47:05.243+0000] {processor.py:179} INFO - Processing /home/airflow/.local/lib/python3.7/site-packages/airflow/example_dags/example_dynamic_task_mapping_with_no_taskflow_operators.py took 0.130 seconds
[2023-07-12T06:47:35.331+0000] {processor.py:157} INFO - Started process (PID=8939) to work on /home/airflow/.local/lib/python3.7/site-packages/airflow/example_dags/example_dynamic_task_mapping_with_no_taskflow_operators.py
[2023-07-12T06:47:35.334+0000] {processor.py:826} INFO - Processing file /home/airflow/.local/lib/python3.7/site-packages/airflow/example_dags/example_dynamic_task_mapping_with_no_taskflow_operators.py for tasks to queue
[2023-07-12T06:47:35.343+0000] {logging_mixin.py:150} INFO - [2023-07-12T06:47:35.340+0000] {dagbag.py:541} INFO - Filling up the DagBag from /home/airflow/.local/lib/python3.7/site-packages/airflow/example_dags/example_dynamic_task_mapping_with_no_taskflow_operators.py
[2023-07-12T06:47:35.372+0000] {processor.py:836} INFO - DAG(s) dict_keys(['example_dynamic_task_mapping_with_no_taskflow_operators']) retrieved from /home/airflow/.local/lib/python3.7/site-packages/airflow/example_dags/example_dynamic_task_mapping_with_no_taskflow_operators.py
[2023-07-12T06:47:35.428+0000] {logging_mixin.py:150} INFO - [2023-07-12T06:47:35.427+0000] {dag.py:2742} INFO - Sync 1 DAGs
[2023-07-12T06:47:35.527+0000] {logging_mixin.py:150} INFO - [2023-07-12T06:47:35.526+0000] {dag.py:3508} INFO - Setting next_dagrun for example_dynamic_task_mapping_with_no_taskflow_operators to 2023-07-11T06:47:35.526441+00:00, run_after=2023-07-12T06:47:35.526441+00:00
[2023-07-12T06:47:35.571+0000] {processor.py:179} INFO - Processing /home/airflow/.local/lib/python3.7/site-packages/airflow/example_dags/example_dynamic_task_mapping_with_no_taskflow_operators.py took 0.245 seconds
[2023-07-12T06:48:06.005+0000] {processor.py:157} INFO - Started process (PID=9187) to work on /home/airflow/.local/lib/python3.7/site-packages/airflow/example_dags/example_dynamic_task_mapping_with_no_taskflow_operators.py
[2023-07-12T06:48:06.013+0000] {processor.py:826} INFO - Processing file /home/airflow/.local/lib/python3.7/site-packages/airflow/example_dags/example_dynamic_task_mapping_with_no_taskflow_operators.py for tasks to queue
[2023-07-12T06:48:06.017+0000] {logging_mixin.py:150} INFO - [2023-07-12T06:48:06.017+0000] {dagbag.py:541} INFO - Filling up the DagBag from /home/airflow/.local/lib/python3.7/site-packages/airflow/example_dags/example_dynamic_task_mapping_with_no_taskflow_operators.py
[2023-07-12T06:48:06.037+0000] {processor.py:836} INFO - DAG(s) dict_keys(['example_dynamic_task_mapping_with_no_taskflow_operators']) retrieved from /home/airflow/.local/lib/python3.7/site-packages/airflow/example_dags/example_dynamic_task_mapping_with_no_taskflow_operators.py
[2023-07-12T06:48:06.086+0000] {logging_mixin.py:150} INFO - [2023-07-12T06:48:06.086+0000] {dag.py:2742} INFO - Sync 1 DAGs
[2023-07-12T06:48:06.135+0000] {logging_mixin.py:150} INFO - [2023-07-12T06:48:06.135+0000] {dag.py:3508} INFO - Setting next_dagrun for example_dynamic_task_mapping_with_no_taskflow_operators to 2023-07-11T06:48:06.134639+00:00, run_after=2023-07-12T06:48:06.134639+00:00
[2023-07-12T06:48:06.184+0000] {processor.py:179} INFO - Processing /home/airflow/.local/lib/python3.7/site-packages/airflow/example_dags/example_dynamic_task_mapping_with_no_taskflow_operators.py took 0.185 seconds
[2023-07-12T06:48:36.322+0000] {processor.py:157} INFO - Started process (PID=9428) to work on /home/airflow/.local/lib/python3.7/site-packages/airflow/example_dags/example_dynamic_task_mapping_with_no_taskflow_operators.py
[2023-07-12T06:48:36.325+0000] {processor.py:826} INFO - Processing file /home/airflow/.local/lib/python3.7/site-packages/airflow/example_dags/example_dynamic_task_mapping_with_no_taskflow_operators.py for tasks to queue
[2023-07-12T06:48:36.331+0000] {logging_mixin.py:150} INFO - [2023-07-12T06:48:36.331+0000] {dagbag.py:541} INFO - Filling up the DagBag from /home/airflow/.local/lib/python3.7/site-packages/airflow/example_dags/example_dynamic_task_mapping_with_no_taskflow_operators.py
[2023-07-12T06:48:36.350+0000] {processor.py:836} INFO - DAG(s) dict_keys(['example_dynamic_task_mapping_with_no_taskflow_operators']) retrieved from /home/airflow/.local/lib/python3.7/site-packages/airflow/example_dags/example_dynamic_task_mapping_with_no_taskflow_operators.py
[2023-07-12T06:48:36.406+0000] {logging_mixin.py:150} INFO - [2023-07-12T06:48:36.405+0000] {dag.py:2742} INFO - Sync 1 DAGs
[2023-07-12T06:48:36.458+0000] {logging_mixin.py:150} INFO - [2023-07-12T06:48:36.457+0000] {dag.py:3508} INFO - Setting next_dagrun for example_dynamic_task_mapping_with_no_taskflow_operators to 2023-07-11T06:48:36.457532+00:00, run_after=2023-07-12T06:48:36.457532+00:00
[2023-07-12T06:48:36.491+0000] {processor.py:179} INFO - Processing /home/airflow/.local/lib/python3.7/site-packages/airflow/example_dags/example_dynamic_task_mapping_with_no_taskflow_operators.py took 0.177 seconds
[2023-07-12T06:49:06.953+0000] {processor.py:157} INFO - Started process (PID=9669) to work on /home/airflow/.local/lib/python3.7/site-packages/airflow/example_dags/example_dynamic_task_mapping_with_no_taskflow_operators.py
[2023-07-12T06:49:06.955+0000] {processor.py:826} INFO - Processing file /home/airflow/.local/lib/python3.7/site-packages/airflow/example_dags/example_dynamic_task_mapping_with_no_taskflow_operators.py for tasks to queue
[2023-07-12T06:49:06.957+0000] {logging_mixin.py:150} INFO - [2023-07-12T06:49:06.957+0000] {dagbag.py:541} INFO - Filling up the DagBag from /home/airflow/.local/lib/python3.7/site-packages/airflow/example_dags/example_dynamic_task_mapping_with_no_taskflow_operators.py
[2023-07-12T06:49:06.969+0000] {processor.py:836} INFO - DAG(s) dict_keys(['example_dynamic_task_mapping_with_no_taskflow_operators']) retrieved from /home/airflow/.local/lib/python3.7/site-packages/airflow/example_dags/example_dynamic_task_mapping_with_no_taskflow_operators.py
[2023-07-12T06:49:07.003+0000] {logging_mixin.py:150} INFO - [2023-07-12T06:49:07.003+0000] {dag.py:2742} INFO - Sync 1 DAGs
[2023-07-12T06:49:07.043+0000] {logging_mixin.py:150} INFO - [2023-07-12T06:49:07.042+0000] {dag.py:3508} INFO - Setting next_dagrun for example_dynamic_task_mapping_with_no_taskflow_operators to 2023-07-11T06:49:07.042645+00:00, run_after=2023-07-12T06:49:07.042645+00:00
[2023-07-12T06:49:07.074+0000] {processor.py:179} INFO - Processing /home/airflow/.local/lib/python3.7/site-packages/airflow/example_dags/example_dynamic_task_mapping_with_no_taskflow_operators.py took 0.126 seconds
[2023-07-12T06:49:37.542+0000] {processor.py:157} INFO - Started process (PID=9910) to work on /home/airflow/.local/lib/python3.7/site-packages/airflow/example_dags/example_dynamic_task_mapping_with_no_taskflow_operators.py
[2023-07-12T06:49:37.545+0000] {processor.py:826} INFO - Processing file /home/airflow/.local/lib/python3.7/site-packages/airflow/example_dags/example_dynamic_task_mapping_with_no_taskflow_operators.py for tasks to queue
[2023-07-12T06:49:37.547+0000] {logging_mixin.py:150} INFO - [2023-07-12T06:49:37.547+0000] {dagbag.py:541} INFO - Filling up the DagBag from /home/airflow/.local/lib/python3.7/site-packages/airflow/example_dags/example_dynamic_task_mapping_with_no_taskflow_operators.py
[2023-07-12T06:49:37.560+0000] {processor.py:836} INFO - DAG(s) dict_keys(['example_dynamic_task_mapping_with_no_taskflow_operators']) retrieved from /home/airflow/.local/lib/python3.7/site-packages/airflow/example_dags/example_dynamic_task_mapping_with_no_taskflow_operators.py
[2023-07-12T06:49:37.597+0000] {logging_mixin.py:150} INFO - [2023-07-12T06:49:37.597+0000] {dag.py:2742} INFO - Sync 1 DAGs
[2023-07-12T06:49:37.633+0000] {logging_mixin.py:150} INFO - [2023-07-12T06:49:37.633+0000] {dag.py:3508} INFO - Setting next_dagrun for example_dynamic_task_mapping_with_no_taskflow_operators to 2023-07-11T06:49:37.632721+00:00, run_after=2023-07-12T06:49:37.632721+00:00
[2023-07-12T06:49:37.665+0000] {processor.py:179} INFO - Processing /home/airflow/.local/lib/python3.7/site-packages/airflow/example_dags/example_dynamic_task_mapping_with_no_taskflow_operators.py took 0.129 seconds
[2023-07-12T06:50:07.997+0000] {processor.py:157} INFO - Started process (PID=10151) to work on /home/airflow/.local/lib/python3.7/site-packages/airflow/example_dags/example_dynamic_task_mapping_with_no_taskflow_operators.py
[2023-07-12T06:50:07.999+0000] {processor.py:826} INFO - Processing file /home/airflow/.local/lib/python3.7/site-packages/airflow/example_dags/example_dynamic_task_mapping_with_no_taskflow_operators.py for tasks to queue
[2023-07-12T06:50:08.001+0000] {logging_mixin.py:150} INFO - [2023-07-12T06:50:08.001+0000] {dagbag.py:541} INFO - Filling up the DagBag from /home/airflow/.local/lib/python3.7/site-packages/airflow/example_dags/example_dynamic_task_mapping_with_no_taskflow_operators.py
[2023-07-12T06:50:08.014+0000] {processor.py:836} INFO - DAG(s) dict_keys(['example_dynamic_task_mapping_with_no_taskflow_operators']) retrieved from /home/airflow/.local/lib/python3.7/site-packages/airflow/example_dags/example_dynamic_task_mapping_with_no_taskflow_operators.py
[2023-07-12T06:50:08.048+0000] {logging_mixin.py:150} INFO - [2023-07-12T06:50:08.047+0000] {dag.py:2742} INFO - Sync 1 DAGs
[2023-07-12T06:50:08.089+0000] {logging_mixin.py:150} INFO - [2023-07-12T06:50:08.089+0000] {dag.py:3508} INFO - Setting next_dagrun for example_dynamic_task_mapping_with_no_taskflow_operators to 2023-07-11T06:50:08.088680+00:00, run_after=2023-07-12T06:50:08.088680+00:00
[2023-07-12T06:50:08.126+0000] {processor.py:179} INFO - Processing /home/airflow/.local/lib/python3.7/site-packages/airflow/example_dags/example_dynamic_task_mapping_with_no_taskflow_operators.py took 0.135 seconds
[2023-07-12T06:50:38.422+0000] {processor.py:157} INFO - Started process (PID=10392) to work on /home/airflow/.local/lib/python3.7/site-packages/airflow/example_dags/example_dynamic_task_mapping_with_no_taskflow_operators.py
[2023-07-12T06:50:38.425+0000] {processor.py:826} INFO - Processing file /home/airflow/.local/lib/python3.7/site-packages/airflow/example_dags/example_dynamic_task_mapping_with_no_taskflow_operators.py for tasks to queue
[2023-07-12T06:50:38.429+0000] {logging_mixin.py:150} INFO - [2023-07-12T06:50:38.428+0000] {dagbag.py:541} INFO - Filling up the DagBag from /home/airflow/.local/lib/python3.7/site-packages/airflow/example_dags/example_dynamic_task_mapping_with_no_taskflow_operators.py
[2023-07-12T06:50:38.441+0000] {processor.py:836} INFO - DAG(s) dict_keys(['example_dynamic_task_mapping_with_no_taskflow_operators']) retrieved from /home/airflow/.local/lib/python3.7/site-packages/airflow/example_dags/example_dynamic_task_mapping_with_no_taskflow_operators.py
[2023-07-12T06:50:38.480+0000] {logging_mixin.py:150} INFO - [2023-07-12T06:50:38.480+0000] {dag.py:2742} INFO - Sync 1 DAGs
[2023-07-12T06:50:38.526+0000] {logging_mixin.py:150} INFO - [2023-07-12T06:50:38.526+0000] {dag.py:3508} INFO - Setting next_dagrun for example_dynamic_task_mapping_with_no_taskflow_operators to 2023-07-11T06:50:38.525406+00:00, run_after=2023-07-12T06:50:38.525406+00:00
[2023-07-12T06:50:38.558+0000] {processor.py:179} INFO - Processing /home/airflow/.local/lib/python3.7/site-packages/airflow/example_dags/example_dynamic_task_mapping_with_no_taskflow_operators.py took 0.142 seconds
