[2023-07-12T06:29:23.658+0000] {processor.py:157} INFO - Started process (PID=389) to work on /home/airflow/.local/lib/python3.7/site-packages/airflow/example_dags/example_complex.py
[2023-07-12T06:29:23.662+0000] {processor.py:826} INFO - Processing file /home/airflow/.local/lib/python3.7/site-packages/airflow/example_dags/example_complex.py for tasks to queue
[2023-07-12T06:29:23.666+0000] {logging_mixin.py:150} INFO - [2023-07-12T06:29:23.665+0000] {dagbag.py:541} INFO - Filling up the DagBag from /home/airflow/.local/lib/python3.7/site-packages/airflow/example_dags/example_complex.py
[2023-07-12T06:29:23.695+0000] {processor.py:836} INFO - DAG(s) dict_keys(['example_complex']) retrieved from /home/airflow/.local/lib/python3.7/site-packages/airflow/example_dags/example_complex.py
[2023-07-12T06:29:23.766+0000] {logging_mixin.py:150} INFO - [2023-07-12T06:29:23.766+0000] {dag.py:2742} INFO - Sync 1 DAGs
[2023-07-12T06:29:23.838+0000] {logging_mixin.py:150} INFO - [2023-07-12T06:29:23.837+0000] {dag.py:3508} INFO - Setting next_dagrun for example_complex to None, run_after=None
[2023-07-12T06:29:23.885+0000] {processor.py:179} INFO - Processing /home/airflow/.local/lib/python3.7/site-packages/airflow/example_dags/example_complex.py took 0.234 seconds
[2023-07-12T06:29:54.527+0000] {processor.py:157} INFO - Started process (PID=629) to work on /home/airflow/.local/lib/python3.7/site-packages/airflow/example_dags/example_complex.py
[2023-07-12T06:29:54.530+0000] {processor.py:826} INFO - Processing file /home/airflow/.local/lib/python3.7/site-packages/airflow/example_dags/example_complex.py for tasks to queue
[2023-07-12T06:29:54.533+0000] {logging_mixin.py:150} INFO - [2023-07-12T06:29:54.533+0000] {dagbag.py:541} INFO - Filling up the DagBag from /home/airflow/.local/lib/python3.7/site-packages/airflow/example_dags/example_complex.py
[2023-07-12T06:29:54.551+0000] {processor.py:836} INFO - DAG(s) dict_keys(['example_complex']) retrieved from /home/airflow/.local/lib/python3.7/site-packages/airflow/example_dags/example_complex.py
[2023-07-12T06:29:54.611+0000] {logging_mixin.py:150} INFO - [2023-07-12T06:29:54.611+0000] {dag.py:2742} INFO - Sync 1 DAGs
[2023-07-12T06:29:54.651+0000] {logging_mixin.py:150} INFO - [2023-07-12T06:29:54.651+0000] {dag.py:3508} INFO - Setting next_dagrun for example_complex to None, run_after=None
[2023-07-12T06:29:54.680+0000] {processor.py:179} INFO - Processing /home/airflow/.local/lib/python3.7/site-packages/airflow/example_dags/example_complex.py took 0.159 seconds
[2023-07-12T06:30:24.796+0000] {processor.py:157} INFO - Started process (PID=870) to work on /home/airflow/.local/lib/python3.7/site-packages/airflow/example_dags/example_complex.py
[2023-07-12T06:30:24.800+0000] {processor.py:826} INFO - Processing file /home/airflow/.local/lib/python3.7/site-packages/airflow/example_dags/example_complex.py for tasks to queue
[2023-07-12T06:30:24.803+0000] {logging_mixin.py:150} INFO - [2023-07-12T06:30:24.802+0000] {dagbag.py:541} INFO - Filling up the DagBag from /home/airflow/.local/lib/python3.7/site-packages/airflow/example_dags/example_complex.py
[2023-07-12T06:30:24.825+0000] {processor.py:836} INFO - DAG(s) dict_keys(['example_complex']) retrieved from /home/airflow/.local/lib/python3.7/site-packages/airflow/example_dags/example_complex.py
[2023-07-12T06:30:24.898+0000] {logging_mixin.py:150} INFO - [2023-07-12T06:30:24.898+0000] {dag.py:2742} INFO - Sync 1 DAGs
[2023-07-12T06:30:24.948+0000] {logging_mixin.py:150} INFO - [2023-07-12T06:30:24.948+0000] {dag.py:3508} INFO - Setting next_dagrun for example_complex to None, run_after=None
[2023-07-12T06:30:24.990+0000] {processor.py:179} INFO - Processing /home/airflow/.local/lib/python3.7/site-packages/airflow/example_dags/example_complex.py took 0.201 seconds
[2023-07-12T06:30:55.305+0000] {processor.py:157} INFO - Started process (PID=1111) to work on /home/airflow/.local/lib/python3.7/site-packages/airflow/example_dags/example_complex.py
[2023-07-12T06:30:55.309+0000] {processor.py:826} INFO - Processing file /home/airflow/.local/lib/python3.7/site-packages/airflow/example_dags/example_complex.py for tasks to queue
[2023-07-12T06:30:55.314+0000] {logging_mixin.py:150} INFO - [2023-07-12T06:30:55.314+0000] {dagbag.py:541} INFO - Filling up the DagBag from /home/airflow/.local/lib/python3.7/site-packages/airflow/example_dags/example_complex.py
[2023-07-12T06:30:55.336+0000] {processor.py:836} INFO - DAG(s) dict_keys(['example_complex']) retrieved from /home/airflow/.local/lib/python3.7/site-packages/airflow/example_dags/example_complex.py
[2023-07-12T06:30:55.404+0000] {logging_mixin.py:150} INFO - [2023-07-12T06:30:55.404+0000] {dag.py:2742} INFO - Sync 1 DAGs
[2023-07-12T06:30:55.459+0000] {logging_mixin.py:150} INFO - [2023-07-12T06:30:55.458+0000] {dag.py:3508} INFO - Setting next_dagrun for example_complex to None, run_after=None
[2023-07-12T06:30:55.507+0000] {processor.py:179} INFO - Processing /home/airflow/.local/lib/python3.7/site-packages/airflow/example_dags/example_complex.py took 0.209 seconds
[2023-07-12T06:31:26.126+0000] {processor.py:157} INFO - Started process (PID=1394) to work on /home/airflow/.local/lib/python3.7/site-packages/airflow/example_dags/example_complex.py
[2023-07-12T06:31:26.130+0000] {processor.py:826} INFO - Processing file /home/airflow/.local/lib/python3.7/site-packages/airflow/example_dags/example_complex.py for tasks to queue
[2023-07-12T06:31:26.134+0000] {logging_mixin.py:150} INFO - [2023-07-12T06:31:26.133+0000] {dagbag.py:541} INFO - Filling up the DagBag from /home/airflow/.local/lib/python3.7/site-packages/airflow/example_dags/example_complex.py
[2023-07-12T06:31:26.162+0000] {processor.py:836} INFO - DAG(s) dict_keys(['example_complex']) retrieved from /home/airflow/.local/lib/python3.7/site-packages/airflow/example_dags/example_complex.py
[2023-07-12T06:31:26.228+0000] {logging_mixin.py:150} INFO - [2023-07-12T06:31:26.228+0000] {dag.py:2742} INFO - Sync 1 DAGs
[2023-07-12T06:31:26.282+0000] {logging_mixin.py:150} INFO - [2023-07-12T06:31:26.282+0000] {dag.py:3508} INFO - Setting next_dagrun for example_complex to None, run_after=None
[2023-07-12T06:31:26.320+0000] {processor.py:179} INFO - Processing /home/airflow/.local/lib/python3.7/site-packages/airflow/example_dags/example_complex.py took 0.201 seconds
[2023-07-12T06:31:56.679+0000] {processor.py:157} INFO - Started process (PID=1635) to work on /home/airflow/.local/lib/python3.7/site-packages/airflow/example_dags/example_complex.py
[2023-07-12T06:31:56.682+0000] {processor.py:826} INFO - Processing file /home/airflow/.local/lib/python3.7/site-packages/airflow/example_dags/example_complex.py for tasks to queue
[2023-07-12T06:31:56.685+0000] {logging_mixin.py:150} INFO - [2023-07-12T06:31:56.685+0000] {dagbag.py:541} INFO - Filling up the DagBag from /home/airflow/.local/lib/python3.7/site-packages/airflow/example_dags/example_complex.py
[2023-07-12T06:31:56.707+0000] {processor.py:836} INFO - DAG(s) dict_keys(['example_complex']) retrieved from /home/airflow/.local/lib/python3.7/site-packages/airflow/example_dags/example_complex.py
[2023-07-12T06:31:56.758+0000] {logging_mixin.py:150} INFO - [2023-07-12T06:31:56.758+0000] {dag.py:2742} INFO - Sync 1 DAGs
[2023-07-12T06:31:56.803+0000] {logging_mixin.py:150} INFO - [2023-07-12T06:31:56.803+0000] {dag.py:3508} INFO - Setting next_dagrun for example_complex to None, run_after=None
[2023-07-12T06:31:56.834+0000] {processor.py:179} INFO - Processing /home/airflow/.local/lib/python3.7/site-packages/airflow/example_dags/example_complex.py took 0.161 seconds
[2023-07-12T06:32:26.929+0000] {processor.py:157} INFO - Started process (PID=1876) to work on /home/airflow/.local/lib/python3.7/site-packages/airflow/example_dags/example_complex.py
[2023-07-12T06:32:26.932+0000] {processor.py:826} INFO - Processing file /home/airflow/.local/lib/python3.7/site-packages/airflow/example_dags/example_complex.py for tasks to queue
[2023-07-12T06:32:26.935+0000] {logging_mixin.py:150} INFO - [2023-07-12T06:32:26.935+0000] {dagbag.py:541} INFO - Filling up the DagBag from /home/airflow/.local/lib/python3.7/site-packages/airflow/example_dags/example_complex.py
[2023-07-12T06:32:26.958+0000] {processor.py:836} INFO - DAG(s) dict_keys(['example_complex']) retrieved from /home/airflow/.local/lib/python3.7/site-packages/airflow/example_dags/example_complex.py
[2023-07-12T06:32:27.023+0000] {logging_mixin.py:150} INFO - [2023-07-12T06:32:27.022+0000] {dag.py:2742} INFO - Sync 1 DAGs
[2023-07-12T06:32:27.066+0000] {logging_mixin.py:150} INFO - [2023-07-12T06:32:27.066+0000] {dag.py:3508} INFO - Setting next_dagrun for example_complex to None, run_after=None
[2023-07-12T06:32:27.099+0000] {processor.py:179} INFO - Processing /home/airflow/.local/lib/python3.7/site-packages/airflow/example_dags/example_complex.py took 0.176 seconds
[2023-07-12T06:32:57.627+0000] {processor.py:157} INFO - Started process (PID=2117) to work on /home/airflow/.local/lib/python3.7/site-packages/airflow/example_dags/example_complex.py
[2023-07-12T06:32:57.632+0000] {processor.py:826} INFO - Processing file /home/airflow/.local/lib/python3.7/site-packages/airflow/example_dags/example_complex.py for tasks to queue
[2023-07-12T06:32:57.635+0000] {logging_mixin.py:150} INFO - [2023-07-12T06:32:57.634+0000] {dagbag.py:541} INFO - Filling up the DagBag from /home/airflow/.local/lib/python3.7/site-packages/airflow/example_dags/example_complex.py
[2023-07-12T06:32:57.656+0000] {processor.py:836} INFO - DAG(s) dict_keys(['example_complex']) retrieved from /home/airflow/.local/lib/python3.7/site-packages/airflow/example_dags/example_complex.py
[2023-07-12T06:32:57.709+0000] {logging_mixin.py:150} INFO - [2023-07-12T06:32:57.709+0000] {dag.py:2742} INFO - Sync 1 DAGs
[2023-07-12T06:32:57.745+0000] {logging_mixin.py:150} INFO - [2023-07-12T06:32:57.745+0000] {dag.py:3508} INFO - Setting next_dagrun for example_complex to None, run_after=None
[2023-07-12T06:32:57.778+0000] {processor.py:179} INFO - Processing /home/airflow/.local/lib/python3.7/site-packages/airflow/example_dags/example_complex.py took 0.157 seconds
[2023-07-12T06:33:28.064+0000] {processor.py:157} INFO - Started process (PID=2358) to work on /home/airflow/.local/lib/python3.7/site-packages/airflow/example_dags/example_complex.py
[2023-07-12T06:33:28.067+0000] {processor.py:826} INFO - Processing file /home/airflow/.local/lib/python3.7/site-packages/airflow/example_dags/example_complex.py for tasks to queue
[2023-07-12T06:33:28.070+0000] {logging_mixin.py:150} INFO - [2023-07-12T06:33:28.070+0000] {dagbag.py:541} INFO - Filling up the DagBag from /home/airflow/.local/lib/python3.7/site-packages/airflow/example_dags/example_complex.py
[2023-07-12T06:33:28.089+0000] {processor.py:836} INFO - DAG(s) dict_keys(['example_complex']) retrieved from /home/airflow/.local/lib/python3.7/site-packages/airflow/example_dags/example_complex.py
[2023-07-12T06:33:28.149+0000] {logging_mixin.py:150} INFO - [2023-07-12T06:33:28.149+0000] {dag.py:2742} INFO - Sync 1 DAGs
[2023-07-12T06:33:28.189+0000] {logging_mixin.py:150} INFO - [2023-07-12T06:33:28.189+0000] {dag.py:3508} INFO - Setting next_dagrun for example_complex to None, run_after=None
[2023-07-12T06:33:28.223+0000] {processor.py:179} INFO - Processing /home/airflow/.local/lib/python3.7/site-packages/airflow/example_dags/example_complex.py took 0.166 seconds
[2023-07-12T06:33:58.402+0000] {processor.py:157} INFO - Started process (PID=2599) to work on /home/airflow/.local/lib/python3.7/site-packages/airflow/example_dags/example_complex.py
[2023-07-12T06:33:58.405+0000] {processor.py:826} INFO - Processing file /home/airflow/.local/lib/python3.7/site-packages/airflow/example_dags/example_complex.py for tasks to queue
[2023-07-12T06:33:58.407+0000] {logging_mixin.py:150} INFO - [2023-07-12T06:33:58.407+0000] {dagbag.py:541} INFO - Filling up the DagBag from /home/airflow/.local/lib/python3.7/site-packages/airflow/example_dags/example_complex.py
[2023-07-12T06:33:58.423+0000] {processor.py:836} INFO - DAG(s) dict_keys(['example_complex']) retrieved from /home/airflow/.local/lib/python3.7/site-packages/airflow/example_dags/example_complex.py
[2023-07-12T06:33:58.475+0000] {logging_mixin.py:150} INFO - [2023-07-12T06:33:58.475+0000] {dag.py:2742} INFO - Sync 1 DAGs
[2023-07-12T06:33:58.514+0000] {logging_mixin.py:150} INFO - [2023-07-12T06:33:58.514+0000] {dag.py:3508} INFO - Setting next_dagrun for example_complex to None, run_after=None
[2023-07-12T06:33:58.558+0000] {processor.py:179} INFO - Processing /home/airflow/.local/lib/python3.7/site-packages/airflow/example_dags/example_complex.py took 0.161 seconds
[2023-07-12T06:34:29.235+0000] {processor.py:157} INFO - Started process (PID=2840) to work on /home/airflow/.local/lib/python3.7/site-packages/airflow/example_dags/example_complex.py
[2023-07-12T06:34:29.238+0000] {processor.py:826} INFO - Processing file /home/airflow/.local/lib/python3.7/site-packages/airflow/example_dags/example_complex.py for tasks to queue
[2023-07-12T06:34:29.241+0000] {logging_mixin.py:150} INFO - [2023-07-12T06:34:29.240+0000] {dagbag.py:541} INFO - Filling up the DagBag from /home/airflow/.local/lib/python3.7/site-packages/airflow/example_dags/example_complex.py
[2023-07-12T06:34:29.259+0000] {processor.py:836} INFO - DAG(s) dict_keys(['example_complex']) retrieved from /home/airflow/.local/lib/python3.7/site-packages/airflow/example_dags/example_complex.py
[2023-07-12T06:34:29.306+0000] {logging_mixin.py:150} INFO - [2023-07-12T06:34:29.306+0000] {dag.py:2742} INFO - Sync 1 DAGs
[2023-07-12T06:34:29.341+0000] {logging_mixin.py:150} INFO - [2023-07-12T06:34:29.340+0000] {dag.py:3508} INFO - Setting next_dagrun for example_complex to None, run_after=None
[2023-07-12T06:34:29.372+0000] {processor.py:179} INFO - Processing /home/airflow/.local/lib/python3.7/site-packages/airflow/example_dags/example_complex.py took 0.142 seconds
[2023-07-12T06:35:00.176+0000] {processor.py:157} INFO - Started process (PID=3081) to work on /home/airflow/.local/lib/python3.7/site-packages/airflow/example_dags/example_complex.py
[2023-07-12T06:35:00.179+0000] {processor.py:826} INFO - Processing file /home/airflow/.local/lib/python3.7/site-packages/airflow/example_dags/example_complex.py for tasks to queue
[2023-07-12T06:35:00.183+0000] {logging_mixin.py:150} INFO - [2023-07-12T06:35:00.183+0000] {dagbag.py:541} INFO - Filling up the DagBag from /home/airflow/.local/lib/python3.7/site-packages/airflow/example_dags/example_complex.py
[2023-07-12T06:35:00.211+0000] {processor.py:836} INFO - DAG(s) dict_keys(['example_complex']) retrieved from /home/airflow/.local/lib/python3.7/site-packages/airflow/example_dags/example_complex.py
[2023-07-12T06:35:00.267+0000] {logging_mixin.py:150} INFO - [2023-07-12T06:35:00.267+0000] {dag.py:2742} INFO - Sync 1 DAGs
[2023-07-12T06:35:00.307+0000] {logging_mixin.py:150} INFO - [2023-07-12T06:35:00.307+0000] {dag.py:3508} INFO - Setting next_dagrun for example_complex to None, run_after=None
[2023-07-12T06:35:00.337+0000] {processor.py:179} INFO - Processing /home/airflow/.local/lib/python3.7/site-packages/airflow/example_dags/example_complex.py took 0.168 seconds
[2023-07-12T06:35:30.858+0000] {processor.py:157} INFO - Started process (PID=3322) to work on /home/airflow/.local/lib/python3.7/site-packages/airflow/example_dags/example_complex.py
[2023-07-12T06:35:30.862+0000] {processor.py:826} INFO - Processing file /home/airflow/.local/lib/python3.7/site-packages/airflow/example_dags/example_complex.py for tasks to queue
[2023-07-12T06:35:30.866+0000] {logging_mixin.py:150} INFO - [2023-07-12T06:35:30.866+0000] {dagbag.py:541} INFO - Filling up the DagBag from /home/airflow/.local/lib/python3.7/site-packages/airflow/example_dags/example_complex.py
[2023-07-12T06:35:30.892+0000] {processor.py:836} INFO - DAG(s) dict_keys(['example_complex']) retrieved from /home/airflow/.local/lib/python3.7/site-packages/airflow/example_dags/example_complex.py
[2023-07-12T06:35:30.961+0000] {logging_mixin.py:150} INFO - [2023-07-12T06:35:30.961+0000] {dag.py:2742} INFO - Sync 1 DAGs
[2023-07-12T06:35:31.009+0000] {logging_mixin.py:150} INFO - [2023-07-12T06:35:31.008+0000] {dag.py:3508} INFO - Setting next_dagrun for example_complex to None, run_after=None
[2023-07-12T06:35:31.052+0000] {processor.py:179} INFO - Processing /home/airflow/.local/lib/python3.7/site-packages/airflow/example_dags/example_complex.py took 0.202 seconds
[2023-07-12T06:36:01.486+0000] {processor.py:157} INFO - Started process (PID=3563) to work on /home/airflow/.local/lib/python3.7/site-packages/airflow/example_dags/example_complex.py
[2023-07-12T06:36:01.489+0000] {processor.py:826} INFO - Processing file /home/airflow/.local/lib/python3.7/site-packages/airflow/example_dags/example_complex.py for tasks to queue
[2023-07-12T06:36:01.494+0000] {logging_mixin.py:150} INFO - [2023-07-12T06:36:01.494+0000] {dagbag.py:541} INFO - Filling up the DagBag from /home/airflow/.local/lib/python3.7/site-packages/airflow/example_dags/example_complex.py
[2023-07-12T06:36:01.517+0000] {processor.py:836} INFO - DAG(s) dict_keys(['example_complex']) retrieved from /home/airflow/.local/lib/python3.7/site-packages/airflow/example_dags/example_complex.py
[2023-07-12T06:36:01.572+0000] {logging_mixin.py:150} INFO - [2023-07-12T06:36:01.572+0000] {dag.py:2742} INFO - Sync 1 DAGs
[2023-07-12T06:36:01.611+0000] {logging_mixin.py:150} INFO - [2023-07-12T06:36:01.610+0000] {dag.py:3508} INFO - Setting next_dagrun for example_complex to None, run_after=None
[2023-07-12T06:36:01.639+0000] {processor.py:179} INFO - Processing /home/airflow/.local/lib/python3.7/site-packages/airflow/example_dags/example_complex.py took 0.159 seconds
[2023-07-12T06:36:32.358+0000] {processor.py:157} INFO - Started process (PID=3804) to work on /home/airflow/.local/lib/python3.7/site-packages/airflow/example_dags/example_complex.py
[2023-07-12T06:36:32.362+0000] {processor.py:826} INFO - Processing file /home/airflow/.local/lib/python3.7/site-packages/airflow/example_dags/example_complex.py for tasks to queue
[2023-07-12T06:36:32.364+0000] {logging_mixin.py:150} INFO - [2023-07-12T06:36:32.364+0000] {dagbag.py:541} INFO - Filling up the DagBag from /home/airflow/.local/lib/python3.7/site-packages/airflow/example_dags/example_complex.py
[2023-07-12T06:36:32.390+0000] {processor.py:836} INFO - DAG(s) dict_keys(['example_complex']) retrieved from /home/airflow/.local/lib/python3.7/site-packages/airflow/example_dags/example_complex.py
[2023-07-12T06:36:32.448+0000] {logging_mixin.py:150} INFO - [2023-07-12T06:36:32.448+0000] {dag.py:2742} INFO - Sync 1 DAGs
[2023-07-12T06:36:32.490+0000] {logging_mixin.py:150} INFO - [2023-07-12T06:36:32.490+0000] {dag.py:3508} INFO - Setting next_dagrun for example_complex to None, run_after=None
[2023-07-12T06:36:32.536+0000] {processor.py:179} INFO - Processing /home/airflow/.local/lib/python3.7/site-packages/airflow/example_dags/example_complex.py took 0.185 seconds
[2023-07-12T06:37:02.848+0000] {processor.py:157} INFO - Started process (PID=4045) to work on /home/airflow/.local/lib/python3.7/site-packages/airflow/example_dags/example_complex.py
[2023-07-12T06:37:02.850+0000] {processor.py:826} INFO - Processing file /home/airflow/.local/lib/python3.7/site-packages/airflow/example_dags/example_complex.py for tasks to queue
[2023-07-12T06:37:02.854+0000] {logging_mixin.py:150} INFO - [2023-07-12T06:37:02.853+0000] {dagbag.py:541} INFO - Filling up the DagBag from /home/airflow/.local/lib/python3.7/site-packages/airflow/example_dags/example_complex.py
[2023-07-12T06:37:02.881+0000] {processor.py:836} INFO - DAG(s) dict_keys(['example_complex']) retrieved from /home/airflow/.local/lib/python3.7/site-packages/airflow/example_dags/example_complex.py
[2023-07-12T06:37:02.945+0000] {logging_mixin.py:150} INFO - [2023-07-12T06:37:02.944+0000] {dag.py:2742} INFO - Sync 1 DAGs
[2023-07-12T06:37:02.993+0000] {logging_mixin.py:150} INFO - [2023-07-12T06:37:02.992+0000] {dag.py:3508} INFO - Setting next_dagrun for example_complex to None, run_after=None
[2023-07-12T06:37:03.033+0000] {processor.py:179} INFO - Processing /home/airflow/.local/lib/python3.7/site-packages/airflow/example_dags/example_complex.py took 0.191 seconds
[2023-07-12T06:37:33.875+0000] {processor.py:157} INFO - Started process (PID=4292) to work on /home/airflow/.local/lib/python3.7/site-packages/airflow/example_dags/example_complex.py
[2023-07-12T06:37:33.880+0000] {processor.py:826} INFO - Processing file /home/airflow/.local/lib/python3.7/site-packages/airflow/example_dags/example_complex.py for tasks to queue
[2023-07-12T06:37:33.883+0000] {logging_mixin.py:150} INFO - [2023-07-12T06:37:33.883+0000] {dagbag.py:541} INFO - Filling up the DagBag from /home/airflow/.local/lib/python3.7/site-packages/airflow/example_dags/example_complex.py
[2023-07-12T06:37:33.908+0000] {processor.py:836} INFO - DAG(s) dict_keys(['example_complex']) retrieved from /home/airflow/.local/lib/python3.7/site-packages/airflow/example_dags/example_complex.py
[2023-07-12T06:37:33.964+0000] {logging_mixin.py:150} INFO - [2023-07-12T06:37:33.964+0000] {dag.py:2742} INFO - Sync 1 DAGs
[2023-07-12T06:37:34.007+0000] {logging_mixin.py:150} INFO - [2023-07-12T06:37:34.007+0000] {dag.py:3508} INFO - Setting next_dagrun for example_complex to None, run_after=None
[2023-07-12T06:37:34.047+0000] {processor.py:179} INFO - Processing /home/airflow/.local/lib/python3.7/site-packages/airflow/example_dags/example_complex.py took 0.181 seconds
[2023-07-12T06:38:04.235+0000] {processor.py:157} INFO - Started process (PID=4533) to work on /home/airflow/.local/lib/python3.7/site-packages/airflow/example_dags/example_complex.py
[2023-07-12T06:38:04.238+0000] {processor.py:826} INFO - Processing file /home/airflow/.local/lib/python3.7/site-packages/airflow/example_dags/example_complex.py for tasks to queue
[2023-07-12T06:38:04.241+0000] {logging_mixin.py:150} INFO - [2023-07-12T06:38:04.241+0000] {dagbag.py:541} INFO - Filling up the DagBag from /home/airflow/.local/lib/python3.7/site-packages/airflow/example_dags/example_complex.py
[2023-07-12T06:38:04.265+0000] {processor.py:836} INFO - DAG(s) dict_keys(['example_complex']) retrieved from /home/airflow/.local/lib/python3.7/site-packages/airflow/example_dags/example_complex.py
[2023-07-12T06:38:04.317+0000] {logging_mixin.py:150} INFO - [2023-07-12T06:38:04.317+0000] {dag.py:2742} INFO - Sync 1 DAGs
[2023-07-12T06:38:04.352+0000] {logging_mixin.py:150} INFO - [2023-07-12T06:38:04.352+0000] {dag.py:3508} INFO - Setting next_dagrun for example_complex to None, run_after=None
[2023-07-12T06:38:04.383+0000] {processor.py:179} INFO - Processing /home/airflow/.local/lib/python3.7/site-packages/airflow/example_dags/example_complex.py took 0.155 seconds
[2023-07-12T06:38:35.208+0000] {processor.py:157} INFO - Started process (PID=4774) to work on /home/airflow/.local/lib/python3.7/site-packages/airflow/example_dags/example_complex.py
[2023-07-12T06:38:35.211+0000] {processor.py:826} INFO - Processing file /home/airflow/.local/lib/python3.7/site-packages/airflow/example_dags/example_complex.py for tasks to queue
[2023-07-12T06:38:35.214+0000] {logging_mixin.py:150} INFO - [2023-07-12T06:38:35.214+0000] {dagbag.py:541} INFO - Filling up the DagBag from /home/airflow/.local/lib/python3.7/site-packages/airflow/example_dags/example_complex.py
[2023-07-12T06:38:35.234+0000] {processor.py:836} INFO - DAG(s) dict_keys(['example_complex']) retrieved from /home/airflow/.local/lib/python3.7/site-packages/airflow/example_dags/example_complex.py
[2023-07-12T06:38:35.282+0000] {logging_mixin.py:150} INFO - [2023-07-12T06:38:35.282+0000] {dag.py:2742} INFO - Sync 1 DAGs
[2023-07-12T06:38:35.319+0000] {logging_mixin.py:150} INFO - [2023-07-12T06:38:35.319+0000] {dag.py:3508} INFO - Setting next_dagrun for example_complex to None, run_after=None
[2023-07-12T06:38:35.356+0000] {processor.py:179} INFO - Processing /home/airflow/.local/lib/python3.7/site-packages/airflow/example_dags/example_complex.py took 0.155 seconds
[2023-07-12T06:39:05.713+0000] {processor.py:157} INFO - Started process (PID=5015) to work on /home/airflow/.local/lib/python3.7/site-packages/airflow/example_dags/example_complex.py
[2023-07-12T06:39:05.715+0000] {processor.py:826} INFO - Processing file /home/airflow/.local/lib/python3.7/site-packages/airflow/example_dags/example_complex.py for tasks to queue
[2023-07-12T06:39:05.717+0000] {logging_mixin.py:150} INFO - [2023-07-12T06:39:05.717+0000] {dagbag.py:541} INFO - Filling up the DagBag from /home/airflow/.local/lib/python3.7/site-packages/airflow/example_dags/example_complex.py
[2023-07-12T06:39:05.735+0000] {processor.py:836} INFO - DAG(s) dict_keys(['example_complex']) retrieved from /home/airflow/.local/lib/python3.7/site-packages/airflow/example_dags/example_complex.py
[2023-07-12T06:39:05.784+0000] {logging_mixin.py:150} INFO - [2023-07-12T06:39:05.784+0000] {dag.py:2742} INFO - Sync 1 DAGs
[2023-07-12T06:39:05.827+0000] {logging_mixin.py:150} INFO - [2023-07-12T06:39:05.827+0000] {dag.py:3508} INFO - Setting next_dagrun for example_complex to None, run_after=None
[2023-07-12T06:39:05.869+0000] {processor.py:179} INFO - Processing /home/airflow/.local/lib/python3.7/site-packages/airflow/example_dags/example_complex.py took 0.161 seconds
[2023-07-12T06:39:36.502+0000] {processor.py:157} INFO - Started process (PID=5256) to work on /home/airflow/.local/lib/python3.7/site-packages/airflow/example_dags/example_complex.py
[2023-07-12T06:39:36.504+0000] {processor.py:826} INFO - Processing file /home/airflow/.local/lib/python3.7/site-packages/airflow/example_dags/example_complex.py for tasks to queue
[2023-07-12T06:39:36.507+0000] {logging_mixin.py:150} INFO - [2023-07-12T06:39:36.506+0000] {dagbag.py:541} INFO - Filling up the DagBag from /home/airflow/.local/lib/python3.7/site-packages/airflow/example_dags/example_complex.py
[2023-07-12T06:39:36.523+0000] {processor.py:836} INFO - DAG(s) dict_keys(['example_complex']) retrieved from /home/airflow/.local/lib/python3.7/site-packages/airflow/example_dags/example_complex.py
[2023-07-12T06:39:36.572+0000] {logging_mixin.py:150} INFO - [2023-07-12T06:39:36.572+0000] {dag.py:2742} INFO - Sync 1 DAGs
[2023-07-12T06:39:36.608+0000] {logging_mixin.py:150} INFO - [2023-07-12T06:39:36.608+0000] {dag.py:3508} INFO - Setting next_dagrun for example_complex to None, run_after=None
[2023-07-12T06:39:36.646+0000] {processor.py:179} INFO - Processing /home/airflow/.local/lib/python3.7/site-packages/airflow/example_dags/example_complex.py took 0.150 seconds
[2023-07-12T06:40:07.145+0000] {processor.py:157} INFO - Started process (PID=5497) to work on /home/airflow/.local/lib/python3.7/site-packages/airflow/example_dags/example_complex.py
[2023-07-12T06:40:07.147+0000] {processor.py:826} INFO - Processing file /home/airflow/.local/lib/python3.7/site-packages/airflow/example_dags/example_complex.py for tasks to queue
[2023-07-12T06:40:07.149+0000] {logging_mixin.py:150} INFO - [2023-07-12T06:40:07.149+0000] {dagbag.py:541} INFO - Filling up the DagBag from /home/airflow/.local/lib/python3.7/site-packages/airflow/example_dags/example_complex.py
[2023-07-12T06:40:07.165+0000] {processor.py:836} INFO - DAG(s) dict_keys(['example_complex']) retrieved from /home/airflow/.local/lib/python3.7/site-packages/airflow/example_dags/example_complex.py
[2023-07-12T06:40:07.210+0000] {logging_mixin.py:150} INFO - [2023-07-12T06:40:07.209+0000] {dag.py:2742} INFO - Sync 1 DAGs
[2023-07-12T06:40:07.244+0000] {logging_mixin.py:150} INFO - [2023-07-12T06:40:07.243+0000] {dag.py:3508} INFO - Setting next_dagrun for example_complex to None, run_after=None
[2023-07-12T06:40:07.282+0000] {processor.py:179} INFO - Processing /home/airflow/.local/lib/python3.7/site-packages/airflow/example_dags/example_complex.py took 0.142 seconds
[2023-07-12T06:40:37.790+0000] {processor.py:157} INFO - Started process (PID=5738) to work on /home/airflow/.local/lib/python3.7/site-packages/airflow/example_dags/example_complex.py
[2023-07-12T06:40:37.792+0000] {processor.py:826} INFO - Processing file /home/airflow/.local/lib/python3.7/site-packages/airflow/example_dags/example_complex.py for tasks to queue
[2023-07-12T06:40:37.794+0000] {logging_mixin.py:150} INFO - [2023-07-12T06:40:37.794+0000] {dagbag.py:541} INFO - Filling up the DagBag from /home/airflow/.local/lib/python3.7/site-packages/airflow/example_dags/example_complex.py
[2023-07-12T06:40:37.810+0000] {processor.py:836} INFO - DAG(s) dict_keys(['example_complex']) retrieved from /home/airflow/.local/lib/python3.7/site-packages/airflow/example_dags/example_complex.py
[2023-07-12T06:40:37.854+0000] {logging_mixin.py:150} INFO - [2023-07-12T06:40:37.854+0000] {dag.py:2742} INFO - Sync 1 DAGs
[2023-07-12T06:40:37.890+0000] {logging_mixin.py:150} INFO - [2023-07-12T06:40:37.889+0000] {dag.py:3508} INFO - Setting next_dagrun for example_complex to None, run_after=None
[2023-07-12T06:40:37.927+0000] {processor.py:179} INFO - Processing /home/airflow/.local/lib/python3.7/site-packages/airflow/example_dags/example_complex.py took 0.142 seconds
[2023-07-12T06:41:08.264+0000] {processor.py:157} INFO - Started process (PID=5979) to work on /home/airflow/.local/lib/python3.7/site-packages/airflow/example_dags/example_complex.py
[2023-07-12T06:41:08.267+0000] {processor.py:826} INFO - Processing file /home/airflow/.local/lib/python3.7/site-packages/airflow/example_dags/example_complex.py for tasks to queue
[2023-07-12T06:41:08.270+0000] {logging_mixin.py:150} INFO - [2023-07-12T06:41:08.270+0000] {dagbag.py:541} INFO - Filling up the DagBag from /home/airflow/.local/lib/python3.7/site-packages/airflow/example_dags/example_complex.py
[2023-07-12T06:41:08.290+0000] {processor.py:836} INFO - DAG(s) dict_keys(['example_complex']) retrieved from /home/airflow/.local/lib/python3.7/site-packages/airflow/example_dags/example_complex.py
[2023-07-12T06:41:08.340+0000] {logging_mixin.py:150} INFO - [2023-07-12T06:41:08.339+0000] {dag.py:2742} INFO - Sync 1 DAGs
[2023-07-12T06:41:08.376+0000] {logging_mixin.py:150} INFO - [2023-07-12T06:41:08.376+0000] {dag.py:3508} INFO - Setting next_dagrun for example_complex to None, run_after=None
[2023-07-12T06:41:08.409+0000] {processor.py:179} INFO - Processing /home/airflow/.local/lib/python3.7/site-packages/airflow/example_dags/example_complex.py took 0.150 seconds
[2023-07-12T06:41:38.567+0000] {processor.py:157} INFO - Started process (PID=6220) to work on /home/airflow/.local/lib/python3.7/site-packages/airflow/example_dags/example_complex.py
[2023-07-12T06:41:38.570+0000] {processor.py:826} INFO - Processing file /home/airflow/.local/lib/python3.7/site-packages/airflow/example_dags/example_complex.py for tasks to queue
[2023-07-12T06:41:38.572+0000] {logging_mixin.py:150} INFO - [2023-07-12T06:41:38.572+0000] {dagbag.py:541} INFO - Filling up the DagBag from /home/airflow/.local/lib/python3.7/site-packages/airflow/example_dags/example_complex.py
[2023-07-12T06:41:38.589+0000] {processor.py:836} INFO - DAG(s) dict_keys(['example_complex']) retrieved from /home/airflow/.local/lib/python3.7/site-packages/airflow/example_dags/example_complex.py
[2023-07-12T06:41:38.644+0000] {logging_mixin.py:150} INFO - [2023-07-12T06:41:38.643+0000] {dag.py:2742} INFO - Sync 1 DAGs
[2023-07-12T06:41:38.690+0000] {logging_mixin.py:150} INFO - [2023-07-12T06:41:38.690+0000] {dag.py:3508} INFO - Setting next_dagrun for example_complex to None, run_after=None
[2023-07-12T06:41:38.721+0000] {processor.py:179} INFO - Processing /home/airflow/.local/lib/python3.7/site-packages/airflow/example_dags/example_complex.py took 0.160 seconds
[2023-07-12T06:42:09.053+0000] {processor.py:157} INFO - Started process (PID=6462) to work on /home/airflow/.local/lib/python3.7/site-packages/airflow/example_dags/example_complex.py
[2023-07-12T06:42:09.056+0000] {processor.py:826} INFO - Processing file /home/airflow/.local/lib/python3.7/site-packages/airflow/example_dags/example_complex.py for tasks to queue
[2023-07-12T06:42:09.058+0000] {logging_mixin.py:150} INFO - [2023-07-12T06:42:09.058+0000] {dagbag.py:541} INFO - Filling up the DagBag from /home/airflow/.local/lib/python3.7/site-packages/airflow/example_dags/example_complex.py
[2023-07-12T06:42:09.078+0000] {processor.py:836} INFO - DAG(s) dict_keys(['example_complex']) retrieved from /home/airflow/.local/lib/python3.7/site-packages/airflow/example_dags/example_complex.py
[2023-07-12T06:42:09.132+0000] {logging_mixin.py:150} INFO - [2023-07-12T06:42:09.132+0000] {dag.py:2742} INFO - Sync 1 DAGs
[2023-07-12T06:42:09.169+0000] {logging_mixin.py:150} INFO - [2023-07-12T06:42:09.169+0000] {dag.py:3508} INFO - Setting next_dagrun for example_complex to None, run_after=None
[2023-07-12T06:42:09.199+0000] {processor.py:179} INFO - Processing /home/airflow/.local/lib/python3.7/site-packages/airflow/example_dags/example_complex.py took 0.152 seconds
[2023-07-12T06:42:39.699+0000] {processor.py:157} INFO - Started process (PID=6703) to work on /home/airflow/.local/lib/python3.7/site-packages/airflow/example_dags/example_complex.py
[2023-07-12T06:42:39.702+0000] {processor.py:826} INFO - Processing file /home/airflow/.local/lib/python3.7/site-packages/airflow/example_dags/example_complex.py for tasks to queue
[2023-07-12T06:42:39.704+0000] {logging_mixin.py:150} INFO - [2023-07-12T06:42:39.704+0000] {dagbag.py:541} INFO - Filling up the DagBag from /home/airflow/.local/lib/python3.7/site-packages/airflow/example_dags/example_complex.py
[2023-07-12T06:42:39.721+0000] {processor.py:836} INFO - DAG(s) dict_keys(['example_complex']) retrieved from /home/airflow/.local/lib/python3.7/site-packages/airflow/example_dags/example_complex.py
[2023-07-12T06:42:39.771+0000] {logging_mixin.py:150} INFO - [2023-07-12T06:42:39.771+0000] {dag.py:2742} INFO - Sync 1 DAGs
[2023-07-12T06:42:39.805+0000] {logging_mixin.py:150} INFO - [2023-07-12T06:42:39.805+0000] {dag.py:3508} INFO - Setting next_dagrun for example_complex to None, run_after=None
[2023-07-12T06:42:39.851+0000] {processor.py:179} INFO - Processing /home/airflow/.local/lib/python3.7/site-packages/airflow/example_dags/example_complex.py took 0.157 seconds
[2023-07-12T06:43:10.233+0000] {processor.py:157} INFO - Started process (PID=6944) to work on /home/airflow/.local/lib/python3.7/site-packages/airflow/example_dags/example_complex.py
[2023-07-12T06:43:10.237+0000] {processor.py:826} INFO - Processing file /home/airflow/.local/lib/python3.7/site-packages/airflow/example_dags/example_complex.py for tasks to queue
[2023-07-12T06:43:10.240+0000] {logging_mixin.py:150} INFO - [2023-07-12T06:43:10.239+0000] {dagbag.py:541} INFO - Filling up the DagBag from /home/airflow/.local/lib/python3.7/site-packages/airflow/example_dags/example_complex.py
[2023-07-12T06:43:10.259+0000] {processor.py:836} INFO - DAG(s) dict_keys(['example_complex']) retrieved from /home/airflow/.local/lib/python3.7/site-packages/airflow/example_dags/example_complex.py
[2023-07-12T06:43:10.306+0000] {logging_mixin.py:150} INFO - [2023-07-12T06:43:10.306+0000] {dag.py:2742} INFO - Sync 1 DAGs
[2023-07-12T06:43:10.339+0000] {logging_mixin.py:150} INFO - [2023-07-12T06:43:10.338+0000] {dag.py:3508} INFO - Setting next_dagrun for example_complex to None, run_after=None
[2023-07-12T06:43:10.368+0000] {processor.py:179} INFO - Processing /home/airflow/.local/lib/python3.7/site-packages/airflow/example_dags/example_complex.py took 0.140 seconds
[2023-07-12T06:43:41.366+0000] {processor.py:157} INFO - Started process (PID=7185) to work on /home/airflow/.local/lib/python3.7/site-packages/airflow/example_dags/example_complex.py
[2023-07-12T06:43:41.369+0000] {processor.py:826} INFO - Processing file /home/airflow/.local/lib/python3.7/site-packages/airflow/example_dags/example_complex.py for tasks to queue
[2023-07-12T06:43:41.372+0000] {logging_mixin.py:150} INFO - [2023-07-12T06:43:41.372+0000] {dagbag.py:541} INFO - Filling up the DagBag from /home/airflow/.local/lib/python3.7/site-packages/airflow/example_dags/example_complex.py
[2023-07-12T06:43:41.394+0000] {processor.py:836} INFO - DAG(s) dict_keys(['example_complex']) retrieved from /home/airflow/.local/lib/python3.7/site-packages/airflow/example_dags/example_complex.py
[2023-07-12T06:43:41.446+0000] {logging_mixin.py:150} INFO - [2023-07-12T06:43:41.446+0000] {dag.py:2742} INFO - Sync 1 DAGs
[2023-07-12T06:43:41.484+0000] {logging_mixin.py:150} INFO - [2023-07-12T06:43:41.483+0000] {dag.py:3508} INFO - Setting next_dagrun for example_complex to None, run_after=None
[2023-07-12T06:43:41.514+0000] {processor.py:179} INFO - Processing /home/airflow/.local/lib/python3.7/site-packages/airflow/example_dags/example_complex.py took 0.152 seconds
[2023-07-12T06:44:11.802+0000] {processor.py:157} INFO - Started process (PID=7426) to work on /home/airflow/.local/lib/python3.7/site-packages/airflow/example_dags/example_complex.py
[2023-07-12T06:44:11.805+0000] {processor.py:826} INFO - Processing file /home/airflow/.local/lib/python3.7/site-packages/airflow/example_dags/example_complex.py for tasks to queue
[2023-07-12T06:44:11.807+0000] {logging_mixin.py:150} INFO - [2023-07-12T06:44:11.807+0000] {dagbag.py:541} INFO - Filling up the DagBag from /home/airflow/.local/lib/python3.7/site-packages/airflow/example_dags/example_complex.py
[2023-07-12T06:44:11.824+0000] {processor.py:836} INFO - DAG(s) dict_keys(['example_complex']) retrieved from /home/airflow/.local/lib/python3.7/site-packages/airflow/example_dags/example_complex.py
[2023-07-12T06:44:11.873+0000] {logging_mixin.py:150} INFO - [2023-07-12T06:44:11.873+0000] {dag.py:2742} INFO - Sync 1 DAGs
[2023-07-12T06:44:11.905+0000] {logging_mixin.py:150} INFO - [2023-07-12T06:44:11.905+0000] {dag.py:3508} INFO - Setting next_dagrun for example_complex to None, run_after=None
[2023-07-12T06:44:11.935+0000] {processor.py:179} INFO - Processing /home/airflow/.local/lib/python3.7/site-packages/airflow/example_dags/example_complex.py took 0.139 seconds
[2023-07-12T06:44:42.106+0000] {processor.py:157} INFO - Started process (PID=7667) to work on /home/airflow/.local/lib/python3.7/site-packages/airflow/example_dags/example_complex.py
[2023-07-12T06:44:42.108+0000] {processor.py:826} INFO - Processing file /home/airflow/.local/lib/python3.7/site-packages/airflow/example_dags/example_complex.py for tasks to queue
[2023-07-12T06:44:42.110+0000] {logging_mixin.py:150} INFO - [2023-07-12T06:44:42.110+0000] {dagbag.py:541} INFO - Filling up the DagBag from /home/airflow/.local/lib/python3.7/site-packages/airflow/example_dags/example_complex.py
[2023-07-12T06:44:42.126+0000] {processor.py:836} INFO - DAG(s) dict_keys(['example_complex']) retrieved from /home/airflow/.local/lib/python3.7/site-packages/airflow/example_dags/example_complex.py
[2023-07-12T06:44:42.172+0000] {logging_mixin.py:150} INFO - [2023-07-12T06:44:42.172+0000] {dag.py:2742} INFO - Sync 1 DAGs
[2023-07-12T06:44:42.210+0000] {logging_mixin.py:150} INFO - [2023-07-12T06:44:42.210+0000] {dag.py:3508} INFO - Setting next_dagrun for example_complex to None, run_after=None
[2023-07-12T06:44:42.243+0000] {processor.py:179} INFO - Processing /home/airflow/.local/lib/python3.7/site-packages/airflow/example_dags/example_complex.py took 0.141 seconds
[2023-07-12T06:45:12.658+0000] {processor.py:157} INFO - Started process (PID=7908) to work on /home/airflow/.local/lib/python3.7/site-packages/airflow/example_dags/example_complex.py
[2023-07-12T06:45:12.661+0000] {processor.py:826} INFO - Processing file /home/airflow/.local/lib/python3.7/site-packages/airflow/example_dags/example_complex.py for tasks to queue
[2023-07-12T06:45:12.664+0000] {logging_mixin.py:150} INFO - [2023-07-12T06:45:12.664+0000] {dagbag.py:541} INFO - Filling up the DagBag from /home/airflow/.local/lib/python3.7/site-packages/airflow/example_dags/example_complex.py
[2023-07-12T06:45:12.684+0000] {processor.py:836} INFO - DAG(s) dict_keys(['example_complex']) retrieved from /home/airflow/.local/lib/python3.7/site-packages/airflow/example_dags/example_complex.py
[2023-07-12T06:45:12.733+0000] {logging_mixin.py:150} INFO - [2023-07-12T06:45:12.732+0000] {dag.py:2742} INFO - Sync 1 DAGs
[2023-07-12T06:45:12.764+0000] {logging_mixin.py:150} INFO - [2023-07-12T06:45:12.764+0000] {dag.py:3508} INFO - Setting next_dagrun for example_complex to None, run_after=None
[2023-07-12T06:45:12.792+0000] {processor.py:179} INFO - Processing /home/airflow/.local/lib/python3.7/site-packages/airflow/example_dags/example_complex.py took 0.139 seconds
[2023-07-12T06:45:43.719+0000] {processor.py:157} INFO - Started process (PID=8149) to work on /home/airflow/.local/lib/python3.7/site-packages/airflow/example_dags/example_complex.py
[2023-07-12T06:45:43.723+0000] {processor.py:826} INFO - Processing file /home/airflow/.local/lib/python3.7/site-packages/airflow/example_dags/example_complex.py for tasks to queue
[2023-07-12T06:45:43.728+0000] {logging_mixin.py:150} INFO - [2023-07-12T06:45:43.728+0000] {dagbag.py:541} INFO - Filling up the DagBag from /home/airflow/.local/lib/python3.7/site-packages/airflow/example_dags/example_complex.py
[2023-07-12T06:45:43.747+0000] {processor.py:836} INFO - DAG(s) dict_keys(['example_complex']) retrieved from /home/airflow/.local/lib/python3.7/site-packages/airflow/example_dags/example_complex.py
[2023-07-12T06:45:43.796+0000] {logging_mixin.py:150} INFO - [2023-07-12T06:45:43.796+0000] {dag.py:2742} INFO - Sync 1 DAGs
[2023-07-12T06:45:43.830+0000] {logging_mixin.py:150} INFO - [2023-07-12T06:45:43.830+0000] {dag.py:3508} INFO - Setting next_dagrun for example_complex to None, run_after=None
[2023-07-12T06:45:43.859+0000] {processor.py:179} INFO - Processing /home/airflow/.local/lib/python3.7/site-packages/airflow/example_dags/example_complex.py took 0.146 seconds
[2023-07-12T06:46:13.959+0000] {processor.py:157} INFO - Started process (PID=8385) to work on /home/airflow/.local/lib/python3.7/site-packages/airflow/example_dags/example_complex.py
[2023-07-12T06:46:13.962+0000] {processor.py:826} INFO - Processing file /home/airflow/.local/lib/python3.7/site-packages/airflow/example_dags/example_complex.py for tasks to queue
[2023-07-12T06:46:13.964+0000] {logging_mixin.py:150} INFO - [2023-07-12T06:46:13.964+0000] {dagbag.py:541} INFO - Filling up the DagBag from /home/airflow/.local/lib/python3.7/site-packages/airflow/example_dags/example_complex.py
[2023-07-12T06:46:13.982+0000] {processor.py:836} INFO - DAG(s) dict_keys(['example_complex']) retrieved from /home/airflow/.local/lib/python3.7/site-packages/airflow/example_dags/example_complex.py
[2023-07-12T06:46:14.039+0000] {logging_mixin.py:150} INFO - [2023-07-12T06:46:14.038+0000] {dag.py:2742} INFO - Sync 1 DAGs
[2023-07-12T06:46:14.078+0000] {logging_mixin.py:150} INFO - [2023-07-12T06:46:14.078+0000] {dag.py:3508} INFO - Setting next_dagrun for example_complex to None, run_after=None
[2023-07-12T06:46:14.111+0000] {processor.py:179} INFO - Processing /home/airflow/.local/lib/python3.7/site-packages/airflow/example_dags/example_complex.py took 0.158 seconds
[2023-07-12T06:46:44.210+0000] {processor.py:157} INFO - Started process (PID=8626) to work on /home/airflow/.local/lib/python3.7/site-packages/airflow/example_dags/example_complex.py
[2023-07-12T06:46:44.212+0000] {processor.py:826} INFO - Processing file /home/airflow/.local/lib/python3.7/site-packages/airflow/example_dags/example_complex.py for tasks to queue
[2023-07-12T06:46:44.215+0000] {logging_mixin.py:150} INFO - [2023-07-12T06:46:44.214+0000] {dagbag.py:541} INFO - Filling up the DagBag from /home/airflow/.local/lib/python3.7/site-packages/airflow/example_dags/example_complex.py
[2023-07-12T06:46:44.232+0000] {processor.py:836} INFO - DAG(s) dict_keys(['example_complex']) retrieved from /home/airflow/.local/lib/python3.7/site-packages/airflow/example_dags/example_complex.py
[2023-07-12T06:46:44.276+0000] {logging_mixin.py:150} INFO - [2023-07-12T06:46:44.276+0000] {dag.py:2742} INFO - Sync 1 DAGs
[2023-07-12T06:46:44.309+0000] {logging_mixin.py:150} INFO - [2023-07-12T06:46:44.308+0000] {dag.py:3508} INFO - Setting next_dagrun for example_complex to None, run_after=None
[2023-07-12T06:46:44.337+0000] {processor.py:179} INFO - Processing /home/airflow/.local/lib/python3.7/site-packages/airflow/example_dags/example_complex.py took 0.132 seconds
[2023-07-12T06:47:14.790+0000] {processor.py:157} INFO - Started process (PID=8866) to work on /home/airflow/.local/lib/python3.7/site-packages/airflow/example_dags/example_complex.py
[2023-07-12T06:47:14.793+0000] {processor.py:826} INFO - Processing file /home/airflow/.local/lib/python3.7/site-packages/airflow/example_dags/example_complex.py for tasks to queue
[2023-07-12T06:47:14.797+0000] {logging_mixin.py:150} INFO - [2023-07-12T06:47:14.796+0000] {dagbag.py:541} INFO - Filling up the DagBag from /home/airflow/.local/lib/python3.7/site-packages/airflow/example_dags/example_complex.py
[2023-07-12T06:47:14.819+0000] {processor.py:836} INFO - DAG(s) dict_keys(['example_complex']) retrieved from /home/airflow/.local/lib/python3.7/site-packages/airflow/example_dags/example_complex.py
[2023-07-12T06:47:14.874+0000] {logging_mixin.py:150} INFO - [2023-07-12T06:47:14.874+0000] {dag.py:2742} INFO - Sync 1 DAGs
[2023-07-12T06:47:14.919+0000] {logging_mixin.py:150} INFO - [2023-07-12T06:47:14.919+0000] {dag.py:3508} INFO - Setting next_dagrun for example_complex to None, run_after=None
[2023-07-12T06:47:14.953+0000] {processor.py:179} INFO - Processing /home/airflow/.local/lib/python3.7/site-packages/airflow/example_dags/example_complex.py took 0.172 seconds
[2023-07-12T06:47:46.068+0000] {processor.py:157} INFO - Started process (PID=9111) to work on /home/airflow/.local/lib/python3.7/site-packages/airflow/example_dags/example_complex.py
[2023-07-12T06:47:46.072+0000] {processor.py:826} INFO - Processing file /home/airflow/.local/lib/python3.7/site-packages/airflow/example_dags/example_complex.py for tasks to queue
[2023-07-12T06:47:46.076+0000] {logging_mixin.py:150} INFO - [2023-07-12T06:47:46.075+0000] {dagbag.py:541} INFO - Filling up the DagBag from /home/airflow/.local/lib/python3.7/site-packages/airflow/example_dags/example_complex.py
[2023-07-12T06:47:46.100+0000] {processor.py:836} INFO - DAG(s) dict_keys(['example_complex']) retrieved from /home/airflow/.local/lib/python3.7/site-packages/airflow/example_dags/example_complex.py
[2023-07-12T06:47:46.160+0000] {logging_mixin.py:150} INFO - [2023-07-12T06:47:46.160+0000] {dag.py:2742} INFO - Sync 1 DAGs
[2023-07-12T06:47:46.208+0000] {logging_mixin.py:150} INFO - [2023-07-12T06:47:46.208+0000] {dag.py:3508} INFO - Setting next_dagrun for example_complex to None, run_after=None
[2023-07-12T06:47:46.250+0000] {processor.py:179} INFO - Processing /home/airflow/.local/lib/python3.7/site-packages/airflow/example_dags/example_complex.py took 0.189 seconds
[2023-07-12T06:48:16.756+0000] {processor.py:157} INFO - Started process (PID=9352) to work on /home/airflow/.local/lib/python3.7/site-packages/airflow/example_dags/example_complex.py
[2023-07-12T06:48:16.759+0000] {processor.py:826} INFO - Processing file /home/airflow/.local/lib/python3.7/site-packages/airflow/example_dags/example_complex.py for tasks to queue
[2023-07-12T06:48:16.762+0000] {logging_mixin.py:150} INFO - [2023-07-12T06:48:16.762+0000] {dagbag.py:541} INFO - Filling up the DagBag from /home/airflow/.local/lib/python3.7/site-packages/airflow/example_dags/example_complex.py
[2023-07-12T06:48:16.782+0000] {processor.py:836} INFO - DAG(s) dict_keys(['example_complex']) retrieved from /home/airflow/.local/lib/python3.7/site-packages/airflow/example_dags/example_complex.py
[2023-07-12T06:48:16.836+0000] {logging_mixin.py:150} INFO - [2023-07-12T06:48:16.836+0000] {dag.py:2742} INFO - Sync 1 DAGs
[2023-07-12T06:48:16.875+0000] {logging_mixin.py:150} INFO - [2023-07-12T06:48:16.874+0000] {dag.py:3508} INFO - Setting next_dagrun for example_complex to None, run_after=None
[2023-07-12T06:48:16.904+0000] {processor.py:179} INFO - Processing /home/airflow/.local/lib/python3.7/site-packages/airflow/example_dags/example_complex.py took 0.155 seconds
[2023-07-12T06:48:47.241+0000] {processor.py:157} INFO - Started process (PID=9593) to work on /home/airflow/.local/lib/python3.7/site-packages/airflow/example_dags/example_complex.py
[2023-07-12T06:48:47.245+0000] {processor.py:826} INFO - Processing file /home/airflow/.local/lib/python3.7/site-packages/airflow/example_dags/example_complex.py for tasks to queue
[2023-07-12T06:48:47.249+0000] {logging_mixin.py:150} INFO - [2023-07-12T06:48:47.248+0000] {dagbag.py:541} INFO - Filling up the DagBag from /home/airflow/.local/lib/python3.7/site-packages/airflow/example_dags/example_complex.py
[2023-07-12T06:48:47.273+0000] {processor.py:836} INFO - DAG(s) dict_keys(['example_complex']) retrieved from /home/airflow/.local/lib/python3.7/site-packages/airflow/example_dags/example_complex.py
[2023-07-12T06:48:47.340+0000] {logging_mixin.py:150} INFO - [2023-07-12T06:48:47.339+0000] {dag.py:2742} INFO - Sync 1 DAGs
[2023-07-12T06:48:47.385+0000] {logging_mixin.py:150} INFO - [2023-07-12T06:48:47.385+0000] {dag.py:3508} INFO - Setting next_dagrun for example_complex to None, run_after=None
[2023-07-12T06:48:47.424+0000] {processor.py:179} INFO - Processing /home/airflow/.local/lib/python3.7/site-packages/airflow/example_dags/example_complex.py took 0.187 seconds
[2023-07-12T06:49:18.147+0000] {processor.py:157} INFO - Started process (PID=9834) to work on /home/airflow/.local/lib/python3.7/site-packages/airflow/example_dags/example_complex.py
[2023-07-12T06:49:18.151+0000] {processor.py:826} INFO - Processing file /home/airflow/.local/lib/python3.7/site-packages/airflow/example_dags/example_complex.py for tasks to queue
[2023-07-12T06:49:18.154+0000] {logging_mixin.py:150} INFO - [2023-07-12T06:49:18.154+0000] {dagbag.py:541} INFO - Filling up the DagBag from /home/airflow/.local/lib/python3.7/site-packages/airflow/example_dags/example_complex.py
[2023-07-12T06:49:18.175+0000] {processor.py:836} INFO - DAG(s) dict_keys(['example_complex']) retrieved from /home/airflow/.local/lib/python3.7/site-packages/airflow/example_dags/example_complex.py
[2023-07-12T06:49:18.235+0000] {logging_mixin.py:150} INFO - [2023-07-12T06:49:18.235+0000] {dag.py:2742} INFO - Sync 1 DAGs
[2023-07-12T06:49:18.280+0000] {logging_mixin.py:150} INFO - [2023-07-12T06:49:18.280+0000] {dag.py:3508} INFO - Setting next_dagrun for example_complex to None, run_after=None
[2023-07-12T06:49:18.318+0000] {processor.py:179} INFO - Processing /home/airflow/.local/lib/python3.7/site-packages/airflow/example_dags/example_complex.py took 0.177 seconds
[2023-07-12T06:49:48.410+0000] {processor.py:157} INFO - Started process (PID=10070) to work on /home/airflow/.local/lib/python3.7/site-packages/airflow/example_dags/example_complex.py
[2023-07-12T06:49:48.413+0000] {processor.py:826} INFO - Processing file /home/airflow/.local/lib/python3.7/site-packages/airflow/example_dags/example_complex.py for tasks to queue
[2023-07-12T06:49:48.415+0000] {logging_mixin.py:150} INFO - [2023-07-12T06:49:48.414+0000] {dagbag.py:541} INFO - Filling up the DagBag from /home/airflow/.local/lib/python3.7/site-packages/airflow/example_dags/example_complex.py
[2023-07-12T06:49:48.432+0000] {processor.py:836} INFO - DAG(s) dict_keys(['example_complex']) retrieved from /home/airflow/.local/lib/python3.7/site-packages/airflow/example_dags/example_complex.py
[2023-07-12T06:49:48.483+0000] {logging_mixin.py:150} INFO - [2023-07-12T06:49:48.483+0000] {dag.py:2742} INFO - Sync 1 DAGs
[2023-07-12T06:49:48.520+0000] {logging_mixin.py:150} INFO - [2023-07-12T06:49:48.520+0000] {dag.py:3508} INFO - Setting next_dagrun for example_complex to None, run_after=None
[2023-07-12T06:49:48.553+0000] {processor.py:179} INFO - Processing /home/airflow/.local/lib/python3.7/site-packages/airflow/example_dags/example_complex.py took 0.148 seconds
[2023-07-12T06:50:19.498+0000] {processor.py:157} INFO - Started process (PID=10316) to work on /home/airflow/.local/lib/python3.7/site-packages/airflow/example_dags/example_complex.py
[2023-07-12T06:50:19.501+0000] {processor.py:826} INFO - Processing file /home/airflow/.local/lib/python3.7/site-packages/airflow/example_dags/example_complex.py for tasks to queue
[2023-07-12T06:50:19.503+0000] {logging_mixin.py:150} INFO - [2023-07-12T06:50:19.503+0000] {dagbag.py:541} INFO - Filling up the DagBag from /home/airflow/.local/lib/python3.7/site-packages/airflow/example_dags/example_complex.py
[2023-07-12T06:50:19.519+0000] {processor.py:836} INFO - DAG(s) dict_keys(['example_complex']) retrieved from /home/airflow/.local/lib/python3.7/site-packages/airflow/example_dags/example_complex.py
[2023-07-12T06:50:19.569+0000] {logging_mixin.py:150} INFO - [2023-07-12T06:50:19.568+0000] {dag.py:2742} INFO - Sync 1 DAGs
[2023-07-12T06:50:19.604+0000] {logging_mixin.py:150} INFO - [2023-07-12T06:50:19.603+0000] {dag.py:3508} INFO - Setting next_dagrun for example_complex to None, run_after=None
[2023-07-12T06:50:19.643+0000] {processor.py:179} INFO - Processing /home/airflow/.local/lib/python3.7/site-packages/airflow/example_dags/example_complex.py took 0.151 seconds
