[2023-07-12T06:29:16.717+0000] {processor.py:157} INFO - Started process (PID=221) to work on /home/airflow/.local/lib/python3.7/site-packages/airflow/example_dags/example_nested_branch_dag.py
[2023-07-12T06:29:16.721+0000] {processor.py:826} INFO - Processing file /home/airflow/.local/lib/python3.7/site-packages/airflow/example_dags/example_nested_branch_dag.py for tasks to queue
[2023-07-12T06:29:16.724+0000] {logging_mixin.py:150} INFO - [2023-07-12T06:29:16.724+0000] {dagbag.py:541} INFO - Filling up the DagBag from /home/airflow/.local/lib/python3.7/site-packages/airflow/example_dags/example_nested_branch_dag.py
[2023-07-12T06:29:16.749+0000] {processor.py:836} INFO - DAG(s) dict_keys(['example_nested_branch_dag']) retrieved from /home/airflow/.local/lib/python3.7/site-packages/airflow/example_dags/example_nested_branch_dag.py
[2023-07-12T06:29:16.810+0000] {logging_mixin.py:150} INFO - [2023-07-12T06:29:16.810+0000] {dag.py:2742} INFO - Sync 1 DAGs
[2023-07-12T06:29:16.869+0000] {logging_mixin.py:150} INFO - [2023-07-12T06:29:16.869+0000] {dag.py:3508} INFO - Setting next_dagrun for example_nested_branch_dag to 2023-07-11T00:00:00+00:00, run_after=2023-07-12T00:00:00+00:00
[2023-07-12T06:29:16.903+0000] {processor.py:179} INFO - Processing /home/airflow/.local/lib/python3.7/site-packages/airflow/example_dags/example_nested_branch_dag.py took 0.192 seconds
[2023-07-12T06:29:47.428+0000] {processor.py:157} INFO - Started process (PID=461) to work on /home/airflow/.local/lib/python3.7/site-packages/airflow/example_dags/example_nested_branch_dag.py
[2023-07-12T06:29:47.431+0000] {processor.py:826} INFO - Processing file /home/airflow/.local/lib/python3.7/site-packages/airflow/example_dags/example_nested_branch_dag.py for tasks to queue
[2023-07-12T06:29:47.433+0000] {logging_mixin.py:150} INFO - [2023-07-12T06:29:47.432+0000] {dagbag.py:541} INFO - Filling up the DagBag from /home/airflow/.local/lib/python3.7/site-packages/airflow/example_dags/example_nested_branch_dag.py
[2023-07-12T06:29:47.449+0000] {processor.py:836} INFO - DAG(s) dict_keys(['example_nested_branch_dag']) retrieved from /home/airflow/.local/lib/python3.7/site-packages/airflow/example_dags/example_nested_branch_dag.py
[2023-07-12T06:29:47.491+0000] {logging_mixin.py:150} INFO - [2023-07-12T06:29:47.491+0000] {dag.py:2742} INFO - Sync 1 DAGs
[2023-07-12T06:29:47.534+0000] {logging_mixin.py:150} INFO - [2023-07-12T06:29:47.533+0000] {dag.py:3508} INFO - Setting next_dagrun for example_nested_branch_dag to 2023-07-11T00:00:00+00:00, run_after=2023-07-12T00:00:00+00:00
[2023-07-12T06:29:47.569+0000] {processor.py:179} INFO - Processing /home/airflow/.local/lib/python3.7/site-packages/airflow/example_dags/example_nested_branch_dag.py took 0.147 seconds
[2023-07-12T06:30:18.008+0000] {processor.py:157} INFO - Started process (PID=700) to work on /home/airflow/.local/lib/python3.7/site-packages/airflow/example_dags/example_nested_branch_dag.py
[2023-07-12T06:30:18.011+0000] {processor.py:826} INFO - Processing file /home/airflow/.local/lib/python3.7/site-packages/airflow/example_dags/example_nested_branch_dag.py for tasks to queue
[2023-07-12T06:30:18.014+0000] {logging_mixin.py:150} INFO - [2023-07-12T06:30:18.014+0000] {dagbag.py:541} INFO - Filling up the DagBag from /home/airflow/.local/lib/python3.7/site-packages/airflow/example_dags/example_nested_branch_dag.py
[2023-07-12T06:30:18.032+0000] {processor.py:836} INFO - DAG(s) dict_keys(['example_nested_branch_dag']) retrieved from /home/airflow/.local/lib/python3.7/site-packages/airflow/example_dags/example_nested_branch_dag.py
[2023-07-12T06:30:18.073+0000] {logging_mixin.py:150} INFO - [2023-07-12T06:30:18.072+0000] {dag.py:2742} INFO - Sync 1 DAGs
[2023-07-12T06:30:18.111+0000] {logging_mixin.py:150} INFO - [2023-07-12T06:30:18.111+0000] {dag.py:3508} INFO - Setting next_dagrun for example_nested_branch_dag to 2023-07-11T00:00:00+00:00, run_after=2023-07-12T00:00:00+00:00
[2023-07-12T06:30:18.148+0000] {processor.py:179} INFO - Processing /home/airflow/.local/lib/python3.7/site-packages/airflow/example_dags/example_nested_branch_dag.py took 0.146 seconds
[2023-07-12T06:30:48.927+0000] {processor.py:157} INFO - Started process (PID=943) to work on /home/airflow/.local/lib/python3.7/site-packages/airflow/example_dags/example_nested_branch_dag.py
[2023-07-12T06:30:48.931+0000] {processor.py:826} INFO - Processing file /home/airflow/.local/lib/python3.7/site-packages/airflow/example_dags/example_nested_branch_dag.py for tasks to queue
[2023-07-12T06:30:48.936+0000] {logging_mixin.py:150} INFO - [2023-07-12T06:30:48.935+0000] {dagbag.py:541} INFO - Filling up the DagBag from /home/airflow/.local/lib/python3.7/site-packages/airflow/example_dags/example_nested_branch_dag.py
[2023-07-12T06:30:48.958+0000] {processor.py:836} INFO - DAG(s) dict_keys(['example_nested_branch_dag']) retrieved from /home/airflow/.local/lib/python3.7/site-packages/airflow/example_dags/example_nested_branch_dag.py
[2023-07-12T06:30:49.030+0000] {logging_mixin.py:150} INFO - [2023-07-12T06:30:49.030+0000] {dag.py:2742} INFO - Sync 1 DAGs
[2023-07-12T06:30:49.105+0000] {logging_mixin.py:150} INFO - [2023-07-12T06:30:49.105+0000] {dag.py:3508} INFO - Setting next_dagrun for example_nested_branch_dag to 2023-07-11T00:00:00+00:00, run_after=2023-07-12T00:00:00+00:00
[2023-07-12T06:30:49.161+0000] {processor.py:179} INFO - Processing /home/airflow/.local/lib/python3.7/site-packages/airflow/example_dags/example_nested_branch_dag.py took 0.243 seconds
[2023-07-12T06:31:20.236+0000] {processor.py:157} INFO - Started process (PID=1226) to work on /home/airflow/.local/lib/python3.7/site-packages/airflow/example_dags/example_nested_branch_dag.py
[2023-07-12T06:31:20.239+0000] {processor.py:826} INFO - Processing file /home/airflow/.local/lib/python3.7/site-packages/airflow/example_dags/example_nested_branch_dag.py for tasks to queue
[2023-07-12T06:31:20.241+0000] {logging_mixin.py:150} INFO - [2023-07-12T06:31:20.241+0000] {dagbag.py:541} INFO - Filling up the DagBag from /home/airflow/.local/lib/python3.7/site-packages/airflow/example_dags/example_nested_branch_dag.py
[2023-07-12T06:31:20.262+0000] {processor.py:836} INFO - DAG(s) dict_keys(['example_nested_branch_dag']) retrieved from /home/airflow/.local/lib/python3.7/site-packages/airflow/example_dags/example_nested_branch_dag.py
[2023-07-12T06:31:20.319+0000] {logging_mixin.py:150} INFO - [2023-07-12T06:31:20.318+0000] {dag.py:2742} INFO - Sync 1 DAGs
[2023-07-12T06:31:20.365+0000] {logging_mixin.py:150} INFO - [2023-07-12T06:31:20.365+0000] {dag.py:3508} INFO - Setting next_dagrun for example_nested_branch_dag to 2023-07-11T00:00:00+00:00, run_after=2023-07-12T00:00:00+00:00
[2023-07-12T06:31:20.394+0000] {processor.py:179} INFO - Processing /home/airflow/.local/lib/python3.7/site-packages/airflow/example_dags/example_nested_branch_dag.py took 0.168 seconds
[2023-07-12T06:31:50.477+0000] {processor.py:157} INFO - Started process (PID=1467) to work on /home/airflow/.local/lib/python3.7/site-packages/airflow/example_dags/example_nested_branch_dag.py
[2023-07-12T06:31:50.479+0000] {processor.py:826} INFO - Processing file /home/airflow/.local/lib/python3.7/site-packages/airflow/example_dags/example_nested_branch_dag.py for tasks to queue
[2023-07-12T06:31:50.482+0000] {logging_mixin.py:150} INFO - [2023-07-12T06:31:50.482+0000] {dagbag.py:541} INFO - Filling up the DagBag from /home/airflow/.local/lib/python3.7/site-packages/airflow/example_dags/example_nested_branch_dag.py
[2023-07-12T06:31:50.499+0000] {processor.py:836} INFO - DAG(s) dict_keys(['example_nested_branch_dag']) retrieved from /home/airflow/.local/lib/python3.7/site-packages/airflow/example_dags/example_nested_branch_dag.py
[2023-07-12T06:31:50.538+0000] {logging_mixin.py:150} INFO - [2023-07-12T06:31:50.537+0000] {dag.py:2742} INFO - Sync 1 DAGs
[2023-07-12T06:31:50.579+0000] {logging_mixin.py:150} INFO - [2023-07-12T06:31:50.579+0000] {dag.py:3508} INFO - Setting next_dagrun for example_nested_branch_dag to 2023-07-11T00:00:00+00:00, run_after=2023-07-12T00:00:00+00:00
[2023-07-12T06:31:50.616+0000] {processor.py:179} INFO - Processing /home/airflow/.local/lib/python3.7/site-packages/airflow/example_dags/example_nested_branch_dag.py took 0.144 seconds
[2023-07-12T06:32:20.984+0000] {processor.py:157} INFO - Started process (PID=1708) to work on /home/airflow/.local/lib/python3.7/site-packages/airflow/example_dags/example_nested_branch_dag.py
[2023-07-12T06:32:20.987+0000] {processor.py:826} INFO - Processing file /home/airflow/.local/lib/python3.7/site-packages/airflow/example_dags/example_nested_branch_dag.py for tasks to queue
[2023-07-12T06:32:20.990+0000] {logging_mixin.py:150} INFO - [2023-07-12T06:32:20.989+0000] {dagbag.py:541} INFO - Filling up the DagBag from /home/airflow/.local/lib/python3.7/site-packages/airflow/example_dags/example_nested_branch_dag.py
[2023-07-12T06:32:21.004+0000] {processor.py:836} INFO - DAG(s) dict_keys(['example_nested_branch_dag']) retrieved from /home/airflow/.local/lib/python3.7/site-packages/airflow/example_dags/example_nested_branch_dag.py
[2023-07-12T06:32:21.043+0000] {logging_mixin.py:150} INFO - [2023-07-12T06:32:21.042+0000] {dag.py:2742} INFO - Sync 1 DAGs
[2023-07-12T06:32:21.082+0000] {logging_mixin.py:150} INFO - [2023-07-12T06:32:21.082+0000] {dag.py:3508} INFO - Setting next_dagrun for example_nested_branch_dag to 2023-07-11T00:00:00+00:00, run_after=2023-07-12T00:00:00+00:00
[2023-07-12T06:32:21.110+0000] {processor.py:179} INFO - Processing /home/airflow/.local/lib/python3.7/site-packages/airflow/example_dags/example_nested_branch_dag.py took 0.133 seconds
[2023-07-12T06:32:51.717+0000] {processor.py:157} INFO - Started process (PID=1949) to work on /home/airflow/.local/lib/python3.7/site-packages/airflow/example_dags/example_nested_branch_dag.py
[2023-07-12T06:32:51.721+0000] {processor.py:826} INFO - Processing file /home/airflow/.local/lib/python3.7/site-packages/airflow/example_dags/example_nested_branch_dag.py for tasks to queue
[2023-07-12T06:32:51.725+0000] {logging_mixin.py:150} INFO - [2023-07-12T06:32:51.724+0000] {dagbag.py:541} INFO - Filling up the DagBag from /home/airflow/.local/lib/python3.7/site-packages/airflow/example_dags/example_nested_branch_dag.py
[2023-07-12T06:32:51.748+0000] {processor.py:836} INFO - DAG(s) dict_keys(['example_nested_branch_dag']) retrieved from /home/airflow/.local/lib/python3.7/site-packages/airflow/example_dags/example_nested_branch_dag.py
[2023-07-12T06:32:51.804+0000] {logging_mixin.py:150} INFO - [2023-07-12T06:32:51.804+0000] {dag.py:2742} INFO - Sync 1 DAGs
[2023-07-12T06:32:51.853+0000] {logging_mixin.py:150} INFO - [2023-07-12T06:32:51.853+0000] {dag.py:3508} INFO - Setting next_dagrun for example_nested_branch_dag to 2023-07-11T00:00:00+00:00, run_after=2023-07-12T00:00:00+00:00
[2023-07-12T06:32:51.886+0000] {processor.py:179} INFO - Processing /home/airflow/.local/lib/python3.7/site-packages/airflow/example_dags/example_nested_branch_dag.py took 0.183 seconds
[2023-07-12T06:33:22.376+0000] {processor.py:157} INFO - Started process (PID=2190) to work on /home/airflow/.local/lib/python3.7/site-packages/airflow/example_dags/example_nested_branch_dag.py
[2023-07-12T06:33:22.378+0000] {processor.py:826} INFO - Processing file /home/airflow/.local/lib/python3.7/site-packages/airflow/example_dags/example_nested_branch_dag.py for tasks to queue
[2023-07-12T06:33:22.381+0000] {logging_mixin.py:150} INFO - [2023-07-12T06:33:22.381+0000] {dagbag.py:541} INFO - Filling up the DagBag from /home/airflow/.local/lib/python3.7/site-packages/airflow/example_dags/example_nested_branch_dag.py
[2023-07-12T06:33:22.397+0000] {processor.py:836} INFO - DAG(s) dict_keys(['example_nested_branch_dag']) retrieved from /home/airflow/.local/lib/python3.7/site-packages/airflow/example_dags/example_nested_branch_dag.py
[2023-07-12T06:33:22.434+0000] {logging_mixin.py:150} INFO - [2023-07-12T06:33:22.433+0000] {dag.py:2742} INFO - Sync 1 DAGs
[2023-07-12T06:33:22.473+0000] {logging_mixin.py:150} INFO - [2023-07-12T06:33:22.472+0000] {dag.py:3508} INFO - Setting next_dagrun for example_nested_branch_dag to 2023-07-11T00:00:00+00:00, run_after=2023-07-12T00:00:00+00:00
[2023-07-12T06:33:22.509+0000] {processor.py:179} INFO - Processing /home/airflow/.local/lib/python3.7/site-packages/airflow/example_dags/example_nested_branch_dag.py took 0.137 seconds
[2023-07-12T06:33:52.639+0000] {processor.py:157} INFO - Started process (PID=2431) to work on /home/airflow/.local/lib/python3.7/site-packages/airflow/example_dags/example_nested_branch_dag.py
[2023-07-12T06:33:52.643+0000] {processor.py:826} INFO - Processing file /home/airflow/.local/lib/python3.7/site-packages/airflow/example_dags/example_nested_branch_dag.py for tasks to queue
[2023-07-12T06:33:52.646+0000] {logging_mixin.py:150} INFO - [2023-07-12T06:33:52.645+0000] {dagbag.py:541} INFO - Filling up the DagBag from /home/airflow/.local/lib/python3.7/site-packages/airflow/example_dags/example_nested_branch_dag.py
[2023-07-12T06:33:52.661+0000] {processor.py:836} INFO - DAG(s) dict_keys(['example_nested_branch_dag']) retrieved from /home/airflow/.local/lib/python3.7/site-packages/airflow/example_dags/example_nested_branch_dag.py
[2023-07-12T06:33:52.702+0000] {logging_mixin.py:150} INFO - [2023-07-12T06:33:52.702+0000] {dag.py:2742} INFO - Sync 1 DAGs
[2023-07-12T06:33:52.739+0000] {logging_mixin.py:150} INFO - [2023-07-12T06:33:52.739+0000] {dag.py:3508} INFO - Setting next_dagrun for example_nested_branch_dag to 2023-07-11T00:00:00+00:00, run_after=2023-07-12T00:00:00+00:00
[2023-07-12T06:33:52.771+0000] {processor.py:179} INFO - Processing /home/airflow/.local/lib/python3.7/site-packages/airflow/example_dags/example_nested_branch_dag.py took 0.137 seconds
[2023-07-12T06:34:23.161+0000] {processor.py:157} INFO - Started process (PID=2672) to work on /home/airflow/.local/lib/python3.7/site-packages/airflow/example_dags/example_nested_branch_dag.py
[2023-07-12T06:34:23.164+0000] {processor.py:826} INFO - Processing file /home/airflow/.local/lib/python3.7/site-packages/airflow/example_dags/example_nested_branch_dag.py for tasks to queue
[2023-07-12T06:34:23.167+0000] {logging_mixin.py:150} INFO - [2023-07-12T06:34:23.166+0000] {dagbag.py:541} INFO - Filling up the DagBag from /home/airflow/.local/lib/python3.7/site-packages/airflow/example_dags/example_nested_branch_dag.py
[2023-07-12T06:34:23.184+0000] {processor.py:836} INFO - DAG(s) dict_keys(['example_nested_branch_dag']) retrieved from /home/airflow/.local/lib/python3.7/site-packages/airflow/example_dags/example_nested_branch_dag.py
[2023-07-12T06:34:23.225+0000] {logging_mixin.py:150} INFO - [2023-07-12T06:34:23.224+0000] {dag.py:2742} INFO - Sync 1 DAGs
[2023-07-12T06:34:23.264+0000] {logging_mixin.py:150} INFO - [2023-07-12T06:34:23.263+0000] {dag.py:3508} INFO - Setting next_dagrun for example_nested_branch_dag to 2023-07-11T00:00:00+00:00, run_after=2023-07-12T00:00:00+00:00
[2023-07-12T06:34:23.300+0000] {processor.py:179} INFO - Processing /home/airflow/.local/lib/python3.7/site-packages/airflow/example_dags/example_nested_branch_dag.py took 0.145 seconds
[2023-07-12T06:34:53.984+0000] {processor.py:157} INFO - Started process (PID=2913) to work on /home/airflow/.local/lib/python3.7/site-packages/airflow/example_dags/example_nested_branch_dag.py
[2023-07-12T06:34:53.987+0000] {processor.py:826} INFO - Processing file /home/airflow/.local/lib/python3.7/site-packages/airflow/example_dags/example_nested_branch_dag.py for tasks to queue
[2023-07-12T06:34:53.990+0000] {logging_mixin.py:150} INFO - [2023-07-12T06:34:53.989+0000] {dagbag.py:541} INFO - Filling up the DagBag from /home/airflow/.local/lib/python3.7/site-packages/airflow/example_dags/example_nested_branch_dag.py
[2023-07-12T06:34:54.008+0000] {processor.py:836} INFO - DAG(s) dict_keys(['example_nested_branch_dag']) retrieved from /home/airflow/.local/lib/python3.7/site-packages/airflow/example_dags/example_nested_branch_dag.py
[2023-07-12T06:34:54.056+0000] {logging_mixin.py:150} INFO - [2023-07-12T06:34:54.056+0000] {dag.py:2742} INFO - Sync 1 DAGs
[2023-07-12T06:34:54.101+0000] {logging_mixin.py:150} INFO - [2023-07-12T06:34:54.101+0000] {dag.py:3508} INFO - Setting next_dagrun for example_nested_branch_dag to 2023-07-11T00:00:00+00:00, run_after=2023-07-12T00:00:00+00:00
[2023-07-12T06:34:54.140+0000] {processor.py:179} INFO - Processing /home/airflow/.local/lib/python3.7/site-packages/airflow/example_dags/example_nested_branch_dag.py took 0.161 seconds
[2023-07-12T06:35:24.330+0000] {processor.py:157} INFO - Started process (PID=3154) to work on /home/airflow/.local/lib/python3.7/site-packages/airflow/example_dags/example_nested_branch_dag.py
[2023-07-12T06:35:24.333+0000] {processor.py:826} INFO - Processing file /home/airflow/.local/lib/python3.7/site-packages/airflow/example_dags/example_nested_branch_dag.py for tasks to queue
[2023-07-12T06:35:24.336+0000] {logging_mixin.py:150} INFO - [2023-07-12T06:35:24.336+0000] {dagbag.py:541} INFO - Filling up the DagBag from /home/airflow/.local/lib/python3.7/site-packages/airflow/example_dags/example_nested_branch_dag.py
[2023-07-12T06:35:24.355+0000] {processor.py:836} INFO - DAG(s) dict_keys(['example_nested_branch_dag']) retrieved from /home/airflow/.local/lib/python3.7/site-packages/airflow/example_dags/example_nested_branch_dag.py
[2023-07-12T06:35:24.399+0000] {logging_mixin.py:150} INFO - [2023-07-12T06:35:24.398+0000] {dag.py:2742} INFO - Sync 1 DAGs
[2023-07-12T06:35:24.438+0000] {logging_mixin.py:150} INFO - [2023-07-12T06:35:24.438+0000] {dag.py:3508} INFO - Setting next_dagrun for example_nested_branch_dag to 2023-07-11T00:00:00+00:00, run_after=2023-07-12T00:00:00+00:00
[2023-07-12T06:35:24.476+0000] {processor.py:179} INFO - Processing /home/airflow/.local/lib/python3.7/site-packages/airflow/example_dags/example_nested_branch_dag.py took 0.152 seconds
[2023-07-12T06:35:54.646+0000] {processor.py:157} INFO - Started process (PID=3395) to work on /home/airflow/.local/lib/python3.7/site-packages/airflow/example_dags/example_nested_branch_dag.py
[2023-07-12T06:35:54.648+0000] {processor.py:826} INFO - Processing file /home/airflow/.local/lib/python3.7/site-packages/airflow/example_dags/example_nested_branch_dag.py for tasks to queue
[2023-07-12T06:35:54.650+0000] {logging_mixin.py:150} INFO - [2023-07-12T06:35:54.650+0000] {dagbag.py:541} INFO - Filling up the DagBag from /home/airflow/.local/lib/python3.7/site-packages/airflow/example_dags/example_nested_branch_dag.py
[2023-07-12T06:35:54.665+0000] {processor.py:836} INFO - DAG(s) dict_keys(['example_nested_branch_dag']) retrieved from /home/airflow/.local/lib/python3.7/site-packages/airflow/example_dags/example_nested_branch_dag.py
[2023-07-12T06:35:54.703+0000] {logging_mixin.py:150} INFO - [2023-07-12T06:35:54.702+0000] {dag.py:2742} INFO - Sync 1 DAGs
[2023-07-12T06:35:54.745+0000] {logging_mixin.py:150} INFO - [2023-07-12T06:35:54.745+0000] {dag.py:3508} INFO - Setting next_dagrun for example_nested_branch_dag to 2023-07-11T00:00:00+00:00, run_after=2023-07-12T00:00:00+00:00
[2023-07-12T06:35:54.775+0000] {processor.py:179} INFO - Processing /home/airflow/.local/lib/python3.7/site-packages/airflow/example_dags/example_nested_branch_dag.py took 0.134 seconds
[2023-07-12T06:36:24.849+0000] {processor.py:157} INFO - Started process (PID=3636) to work on /home/airflow/.local/lib/python3.7/site-packages/airflow/example_dags/example_nested_branch_dag.py
[2023-07-12T06:36:24.851+0000] {processor.py:826} INFO - Processing file /home/airflow/.local/lib/python3.7/site-packages/airflow/example_dags/example_nested_branch_dag.py for tasks to queue
[2023-07-12T06:36:24.853+0000] {logging_mixin.py:150} INFO - [2023-07-12T06:36:24.853+0000] {dagbag.py:541} INFO - Filling up the DagBag from /home/airflow/.local/lib/python3.7/site-packages/airflow/example_dags/example_nested_branch_dag.py
[2023-07-12T06:36:24.868+0000] {processor.py:836} INFO - DAG(s) dict_keys(['example_nested_branch_dag']) retrieved from /home/airflow/.local/lib/python3.7/site-packages/airflow/example_dags/example_nested_branch_dag.py
[2023-07-12T06:36:24.908+0000] {logging_mixin.py:150} INFO - [2023-07-12T06:36:24.907+0000] {dag.py:2742} INFO - Sync 1 DAGs
[2023-07-12T06:36:24.950+0000] {logging_mixin.py:150} INFO - [2023-07-12T06:36:24.949+0000] {dag.py:3508} INFO - Setting next_dagrun for example_nested_branch_dag to 2023-07-11T00:00:00+00:00, run_after=2023-07-12T00:00:00+00:00
[2023-07-12T06:36:24.986+0000] {processor.py:179} INFO - Processing /home/airflow/.local/lib/python3.7/site-packages/airflow/example_dags/example_nested_branch_dag.py took 0.145 seconds
[2023-07-12T06:36:55.523+0000] {processor.py:157} INFO - Started process (PID=3877) to work on /home/airflow/.local/lib/python3.7/site-packages/airflow/example_dags/example_nested_branch_dag.py
[2023-07-12T06:36:55.525+0000] {processor.py:826} INFO - Processing file /home/airflow/.local/lib/python3.7/site-packages/airflow/example_dags/example_nested_branch_dag.py for tasks to queue
[2023-07-12T06:36:55.528+0000] {logging_mixin.py:150} INFO - [2023-07-12T06:36:55.527+0000] {dagbag.py:541} INFO - Filling up the DagBag from /home/airflow/.local/lib/python3.7/site-packages/airflow/example_dags/example_nested_branch_dag.py
[2023-07-12T06:36:55.543+0000] {processor.py:836} INFO - DAG(s) dict_keys(['example_nested_branch_dag']) retrieved from /home/airflow/.local/lib/python3.7/site-packages/airflow/example_dags/example_nested_branch_dag.py
[2023-07-12T06:36:55.581+0000] {logging_mixin.py:150} INFO - [2023-07-12T06:36:55.581+0000] {dag.py:2742} INFO - Sync 1 DAGs
[2023-07-12T06:36:55.618+0000] {logging_mixin.py:150} INFO - [2023-07-12T06:36:55.618+0000] {dag.py:3508} INFO - Setting next_dagrun for example_nested_branch_dag to 2023-07-11T00:00:00+00:00, run_after=2023-07-12T00:00:00+00:00
[2023-07-12T06:36:55.651+0000] {processor.py:179} INFO - Processing /home/airflow/.local/lib/python3.7/site-packages/airflow/example_dags/example_nested_branch_dag.py took 0.134 seconds
[2023-07-12T06:37:26.084+0000] {processor.py:157} INFO - Started process (PID=4118) to work on /home/airflow/.local/lib/python3.7/site-packages/airflow/example_dags/example_nested_branch_dag.py
[2023-07-12T06:37:26.086+0000] {processor.py:826} INFO - Processing file /home/airflow/.local/lib/python3.7/site-packages/airflow/example_dags/example_nested_branch_dag.py for tasks to queue
[2023-07-12T06:37:26.089+0000] {logging_mixin.py:150} INFO - [2023-07-12T06:37:26.088+0000] {dagbag.py:541} INFO - Filling up the DagBag from /home/airflow/.local/lib/python3.7/site-packages/airflow/example_dags/example_nested_branch_dag.py
[2023-07-12T06:37:26.104+0000] {processor.py:836} INFO - DAG(s) dict_keys(['example_nested_branch_dag']) retrieved from /home/airflow/.local/lib/python3.7/site-packages/airflow/example_dags/example_nested_branch_dag.py
[2023-07-12T06:37:26.140+0000] {logging_mixin.py:150} INFO - [2023-07-12T06:37:26.140+0000] {dag.py:2742} INFO - Sync 1 DAGs
[2023-07-12T06:37:26.176+0000] {logging_mixin.py:150} INFO - [2023-07-12T06:37:26.176+0000] {dag.py:3508} INFO - Setting next_dagrun for example_nested_branch_dag to 2023-07-11T00:00:00+00:00, run_after=2023-07-12T00:00:00+00:00
[2023-07-12T06:37:26.206+0000] {processor.py:179} INFO - Processing /home/airflow/.local/lib/python3.7/site-packages/airflow/example_dags/example_nested_branch_dag.py took 0.127 seconds
[2023-07-12T06:37:56.494+0000] {processor.py:157} INFO - Started process (PID=4358) to work on /home/airflow/.local/lib/python3.7/site-packages/airflow/example_dags/example_nested_branch_dag.py
[2023-07-12T06:37:56.497+0000] {processor.py:826} INFO - Processing file /home/airflow/.local/lib/python3.7/site-packages/airflow/example_dags/example_nested_branch_dag.py for tasks to queue
[2023-07-12T06:37:56.499+0000] {logging_mixin.py:150} INFO - [2023-07-12T06:37:56.499+0000] {dagbag.py:541} INFO - Filling up the DagBag from /home/airflow/.local/lib/python3.7/site-packages/airflow/example_dags/example_nested_branch_dag.py
[2023-07-12T06:37:56.514+0000] {processor.py:836} INFO - DAG(s) dict_keys(['example_nested_branch_dag']) retrieved from /home/airflow/.local/lib/python3.7/site-packages/airflow/example_dags/example_nested_branch_dag.py
[2023-07-12T06:37:56.553+0000] {logging_mixin.py:150} INFO - [2023-07-12T06:37:56.553+0000] {dag.py:2742} INFO - Sync 1 DAGs
[2023-07-12T06:37:56.593+0000] {logging_mixin.py:150} INFO - [2023-07-12T06:37:56.593+0000] {dag.py:3508} INFO - Setting next_dagrun for example_nested_branch_dag to 2023-07-11T00:00:00+00:00, run_after=2023-07-12T00:00:00+00:00
[2023-07-12T06:37:56.624+0000] {processor.py:179} INFO - Processing /home/airflow/.local/lib/python3.7/site-packages/airflow/example_dags/example_nested_branch_dag.py took 0.137 seconds
[2023-07-12T06:38:26.893+0000] {processor.py:157} INFO - Started process (PID=4599) to work on /home/airflow/.local/lib/python3.7/site-packages/airflow/example_dags/example_nested_branch_dag.py
[2023-07-12T06:38:26.895+0000] {processor.py:826} INFO - Processing file /home/airflow/.local/lib/python3.7/site-packages/airflow/example_dags/example_nested_branch_dag.py for tasks to queue
[2023-07-12T06:38:26.897+0000] {logging_mixin.py:150} INFO - [2023-07-12T06:38:26.897+0000] {dagbag.py:541} INFO - Filling up the DagBag from /home/airflow/.local/lib/python3.7/site-packages/airflow/example_dags/example_nested_branch_dag.py
[2023-07-12T06:38:26.915+0000] {processor.py:836} INFO - DAG(s) dict_keys(['example_nested_branch_dag']) retrieved from /home/airflow/.local/lib/python3.7/site-packages/airflow/example_dags/example_nested_branch_dag.py
[2023-07-12T06:38:26.953+0000] {logging_mixin.py:150} INFO - [2023-07-12T06:38:26.952+0000] {dag.py:2742} INFO - Sync 1 DAGs
[2023-07-12T06:38:26.990+0000] {logging_mixin.py:150} INFO - [2023-07-12T06:38:26.990+0000] {dag.py:3508} INFO - Setting next_dagrun for example_nested_branch_dag to 2023-07-11T00:00:00+00:00, run_after=2023-07-12T00:00:00+00:00
[2023-07-12T06:38:27.018+0000] {processor.py:179} INFO - Processing /home/airflow/.local/lib/python3.7/site-packages/airflow/example_dags/example_nested_branch_dag.py took 0.130 seconds
[2023-07-12T06:38:57.406+0000] {processor.py:157} INFO - Started process (PID=4840) to work on /home/airflow/.local/lib/python3.7/site-packages/airflow/example_dags/example_nested_branch_dag.py
[2023-07-12T06:38:57.408+0000] {processor.py:826} INFO - Processing file /home/airflow/.local/lib/python3.7/site-packages/airflow/example_dags/example_nested_branch_dag.py for tasks to queue
[2023-07-12T06:38:57.411+0000] {logging_mixin.py:150} INFO - [2023-07-12T06:38:57.410+0000] {dagbag.py:541} INFO - Filling up the DagBag from /home/airflow/.local/lib/python3.7/site-packages/airflow/example_dags/example_nested_branch_dag.py
[2023-07-12T06:38:57.428+0000] {processor.py:836} INFO - DAG(s) dict_keys(['example_nested_branch_dag']) retrieved from /home/airflow/.local/lib/python3.7/site-packages/airflow/example_dags/example_nested_branch_dag.py
[2023-07-12T06:38:57.468+0000] {logging_mixin.py:150} INFO - [2023-07-12T06:38:57.467+0000] {dag.py:2742} INFO - Sync 1 DAGs
[2023-07-12T06:38:57.507+0000] {logging_mixin.py:150} INFO - [2023-07-12T06:38:57.507+0000] {dag.py:3508} INFO - Setting next_dagrun for example_nested_branch_dag to 2023-07-11T00:00:00+00:00, run_after=2023-07-12T00:00:00+00:00
[2023-07-12T06:38:57.540+0000] {processor.py:179} INFO - Processing /home/airflow/.local/lib/python3.7/site-packages/airflow/example_dags/example_nested_branch_dag.py took 0.141 seconds
[2023-07-12T06:39:28.140+0000] {processor.py:157} INFO - Started process (PID=5081) to work on /home/airflow/.local/lib/python3.7/site-packages/airflow/example_dags/example_nested_branch_dag.py
[2023-07-12T06:39:28.142+0000] {processor.py:826} INFO - Processing file /home/airflow/.local/lib/python3.7/site-packages/airflow/example_dags/example_nested_branch_dag.py for tasks to queue
[2023-07-12T06:39:28.144+0000] {logging_mixin.py:150} INFO - [2023-07-12T06:39:28.144+0000] {dagbag.py:541} INFO - Filling up the DagBag from /home/airflow/.local/lib/python3.7/site-packages/airflow/example_dags/example_nested_branch_dag.py
[2023-07-12T06:39:28.161+0000] {processor.py:836} INFO - DAG(s) dict_keys(['example_nested_branch_dag']) retrieved from /home/airflow/.local/lib/python3.7/site-packages/airflow/example_dags/example_nested_branch_dag.py
[2023-07-12T06:39:28.211+0000] {logging_mixin.py:150} INFO - [2023-07-12T06:39:28.210+0000] {dag.py:2742} INFO - Sync 1 DAGs
[2023-07-12T06:39:28.256+0000] {logging_mixin.py:150} INFO - [2023-07-12T06:39:28.256+0000] {dag.py:3508} INFO - Setting next_dagrun for example_nested_branch_dag to 2023-07-11T00:00:00+00:00, run_after=2023-07-12T00:00:00+00:00
[2023-07-12T06:39:28.296+0000] {processor.py:179} INFO - Processing /home/airflow/.local/lib/python3.7/site-packages/airflow/example_dags/example_nested_branch_dag.py took 0.165 seconds
[2023-07-12T06:39:59.185+0000] {processor.py:157} INFO - Started process (PID=5322) to work on /home/airflow/.local/lib/python3.7/site-packages/airflow/example_dags/example_nested_branch_dag.py
[2023-07-12T06:39:59.189+0000] {processor.py:826} INFO - Processing file /home/airflow/.local/lib/python3.7/site-packages/airflow/example_dags/example_nested_branch_dag.py for tasks to queue
[2023-07-12T06:39:59.192+0000] {logging_mixin.py:150} INFO - [2023-07-12T06:39:59.192+0000] {dagbag.py:541} INFO - Filling up the DagBag from /home/airflow/.local/lib/python3.7/site-packages/airflow/example_dags/example_nested_branch_dag.py
[2023-07-12T06:39:59.210+0000] {processor.py:836} INFO - DAG(s) dict_keys(['example_nested_branch_dag']) retrieved from /home/airflow/.local/lib/python3.7/site-packages/airflow/example_dags/example_nested_branch_dag.py
[2023-07-12T06:39:59.251+0000] {logging_mixin.py:150} INFO - [2023-07-12T06:39:59.251+0000] {dag.py:2742} INFO - Sync 1 DAGs
[2023-07-12T06:39:59.289+0000] {logging_mixin.py:150} INFO - [2023-07-12T06:39:59.288+0000] {dag.py:3508} INFO - Setting next_dagrun for example_nested_branch_dag to 2023-07-11T00:00:00+00:00, run_after=2023-07-12T00:00:00+00:00
[2023-07-12T06:39:59.319+0000] {processor.py:179} INFO - Processing /home/airflow/.local/lib/python3.7/site-packages/airflow/example_dags/example_nested_branch_dag.py took 0.140 seconds
[2023-07-12T06:40:29.756+0000] {processor.py:157} INFO - Started process (PID=5563) to work on /home/airflow/.local/lib/python3.7/site-packages/airflow/example_dags/example_nested_branch_dag.py
[2023-07-12T06:40:29.758+0000] {processor.py:826} INFO - Processing file /home/airflow/.local/lib/python3.7/site-packages/airflow/example_dags/example_nested_branch_dag.py for tasks to queue
[2023-07-12T06:40:29.760+0000] {logging_mixin.py:150} INFO - [2023-07-12T06:40:29.759+0000] {dagbag.py:541} INFO - Filling up the DagBag from /home/airflow/.local/lib/python3.7/site-packages/airflow/example_dags/example_nested_branch_dag.py
[2023-07-12T06:40:29.774+0000] {processor.py:836} INFO - DAG(s) dict_keys(['example_nested_branch_dag']) retrieved from /home/airflow/.local/lib/python3.7/site-packages/airflow/example_dags/example_nested_branch_dag.py
[2023-07-12T06:40:29.809+0000] {logging_mixin.py:150} INFO - [2023-07-12T06:40:29.808+0000] {dag.py:2742} INFO - Sync 1 DAGs
[2023-07-12T06:40:29.848+0000] {logging_mixin.py:150} INFO - [2023-07-12T06:40:29.848+0000] {dag.py:3508} INFO - Setting next_dagrun for example_nested_branch_dag to 2023-07-11T00:00:00+00:00, run_after=2023-07-12T00:00:00+00:00
[2023-07-12T06:40:29.880+0000] {processor.py:179} INFO - Processing /home/airflow/.local/lib/python3.7/site-packages/airflow/example_dags/example_nested_branch_dag.py took 0.129 seconds
[2023-07-12T06:40:59.999+0000] {processor.py:157} INFO - Started process (PID=5804) to work on /home/airflow/.local/lib/python3.7/site-packages/airflow/example_dags/example_nested_branch_dag.py
[2023-07-12T06:41:00.002+0000] {processor.py:826} INFO - Processing file /home/airflow/.local/lib/python3.7/site-packages/airflow/example_dags/example_nested_branch_dag.py for tasks to queue
[2023-07-12T06:41:00.004+0000] {logging_mixin.py:150} INFO - [2023-07-12T06:41:00.004+0000] {dagbag.py:541} INFO - Filling up the DagBag from /home/airflow/.local/lib/python3.7/site-packages/airflow/example_dags/example_nested_branch_dag.py
[2023-07-12T06:41:00.018+0000] {processor.py:836} INFO - DAG(s) dict_keys(['example_nested_branch_dag']) retrieved from /home/airflow/.local/lib/python3.7/site-packages/airflow/example_dags/example_nested_branch_dag.py
[2023-07-12T06:41:00.053+0000] {logging_mixin.py:150} INFO - [2023-07-12T06:41:00.053+0000] {dag.py:2742} INFO - Sync 1 DAGs
[2023-07-12T06:41:00.088+0000] {logging_mixin.py:150} INFO - [2023-07-12T06:41:00.088+0000] {dag.py:3508} INFO - Setting next_dagrun for example_nested_branch_dag to 2023-07-11T00:00:00+00:00, run_after=2023-07-12T00:00:00+00:00
[2023-07-12T06:41:00.116+0000] {processor.py:179} INFO - Processing /home/airflow/.local/lib/python3.7/site-packages/airflow/example_dags/example_nested_branch_dag.py took 0.123 seconds
[2023-07-12T06:41:30.470+0000] {processor.py:157} INFO - Started process (PID=6045) to work on /home/airflow/.local/lib/python3.7/site-packages/airflow/example_dags/example_nested_branch_dag.py
[2023-07-12T06:41:30.473+0000] {processor.py:826} INFO - Processing file /home/airflow/.local/lib/python3.7/site-packages/airflow/example_dags/example_nested_branch_dag.py for tasks to queue
[2023-07-12T06:41:30.475+0000] {logging_mixin.py:150} INFO - [2023-07-12T06:41:30.475+0000] {dagbag.py:541} INFO - Filling up the DagBag from /home/airflow/.local/lib/python3.7/site-packages/airflow/example_dags/example_nested_branch_dag.py
[2023-07-12T06:41:30.489+0000] {processor.py:836} INFO - DAG(s) dict_keys(['example_nested_branch_dag']) retrieved from /home/airflow/.local/lib/python3.7/site-packages/airflow/example_dags/example_nested_branch_dag.py
[2023-07-12T06:41:30.525+0000] {logging_mixin.py:150} INFO - [2023-07-12T06:41:30.525+0000] {dag.py:2742} INFO - Sync 1 DAGs
[2023-07-12T06:41:30.559+0000] {logging_mixin.py:150} INFO - [2023-07-12T06:41:30.559+0000] {dag.py:3508} INFO - Setting next_dagrun for example_nested_branch_dag to 2023-07-11T00:00:00+00:00, run_after=2023-07-12T00:00:00+00:00
[2023-07-12T06:41:30.592+0000] {processor.py:179} INFO - Processing /home/airflow/.local/lib/python3.7/site-packages/airflow/example_dags/example_nested_branch_dag.py took 0.128 seconds
[2023-07-12T06:42:01.086+0000] {processor.py:157} INFO - Started process (PID=6286) to work on /home/airflow/.local/lib/python3.7/site-packages/airflow/example_dags/example_nested_branch_dag.py
[2023-07-12T06:42:01.089+0000] {processor.py:826} INFO - Processing file /home/airflow/.local/lib/python3.7/site-packages/airflow/example_dags/example_nested_branch_dag.py for tasks to queue
[2023-07-12T06:42:01.091+0000] {logging_mixin.py:150} INFO - [2023-07-12T06:42:01.091+0000] {dagbag.py:541} INFO - Filling up the DagBag from /home/airflow/.local/lib/python3.7/site-packages/airflow/example_dags/example_nested_branch_dag.py
[2023-07-12T06:42:01.105+0000] {processor.py:836} INFO - DAG(s) dict_keys(['example_nested_branch_dag']) retrieved from /home/airflow/.local/lib/python3.7/site-packages/airflow/example_dags/example_nested_branch_dag.py
[2023-07-12T06:42:01.140+0000] {logging_mixin.py:150} INFO - [2023-07-12T06:42:01.139+0000] {dag.py:2742} INFO - Sync 1 DAGs
[2023-07-12T06:42:01.175+0000] {logging_mixin.py:150} INFO - [2023-07-12T06:42:01.175+0000] {dag.py:3508} INFO - Setting next_dagrun for example_nested_branch_dag to 2023-07-11T00:00:00+00:00, run_after=2023-07-12T00:00:00+00:00
[2023-07-12T06:42:01.206+0000] {processor.py:179} INFO - Processing /home/airflow/.local/lib/python3.7/site-packages/airflow/example_dags/example_nested_branch_dag.py took 0.126 seconds
[2023-07-12T06:42:31.603+0000] {processor.py:157} INFO - Started process (PID=6528) to work on /home/airflow/.local/lib/python3.7/site-packages/airflow/example_dags/example_nested_branch_dag.py
[2023-07-12T06:42:31.606+0000] {processor.py:826} INFO - Processing file /home/airflow/.local/lib/python3.7/site-packages/airflow/example_dags/example_nested_branch_dag.py for tasks to queue
[2023-07-12T06:42:31.609+0000] {logging_mixin.py:150} INFO - [2023-07-12T06:42:31.608+0000] {dagbag.py:541} INFO - Filling up the DagBag from /home/airflow/.local/lib/python3.7/site-packages/airflow/example_dags/example_nested_branch_dag.py
[2023-07-12T06:42:31.625+0000] {processor.py:836} INFO - DAG(s) dict_keys(['example_nested_branch_dag']) retrieved from /home/airflow/.local/lib/python3.7/site-packages/airflow/example_dags/example_nested_branch_dag.py
[2023-07-12T06:42:31.661+0000] {logging_mixin.py:150} INFO - [2023-07-12T06:42:31.661+0000] {dag.py:2742} INFO - Sync 1 DAGs
[2023-07-12T06:42:31.697+0000] {logging_mixin.py:150} INFO - [2023-07-12T06:42:31.696+0000] {dag.py:3508} INFO - Setting next_dagrun for example_nested_branch_dag to 2023-07-11T00:00:00+00:00, run_after=2023-07-12T00:00:00+00:00
[2023-07-12T06:42:31.725+0000] {processor.py:179} INFO - Processing /home/airflow/.local/lib/python3.7/site-packages/airflow/example_dags/example_nested_branch_dag.py took 0.127 seconds
[2023-07-12T06:43:01.906+0000] {processor.py:157} INFO - Started process (PID=6769) to work on /home/airflow/.local/lib/python3.7/site-packages/airflow/example_dags/example_nested_branch_dag.py
[2023-07-12T06:43:01.908+0000] {processor.py:826} INFO - Processing file /home/airflow/.local/lib/python3.7/site-packages/airflow/example_dags/example_nested_branch_dag.py for tasks to queue
[2023-07-12T06:43:01.910+0000] {logging_mixin.py:150} INFO - [2023-07-12T06:43:01.910+0000] {dagbag.py:541} INFO - Filling up the DagBag from /home/airflow/.local/lib/python3.7/site-packages/airflow/example_dags/example_nested_branch_dag.py
[2023-07-12T06:43:01.924+0000] {processor.py:836} INFO - DAG(s) dict_keys(['example_nested_branch_dag']) retrieved from /home/airflow/.local/lib/python3.7/site-packages/airflow/example_dags/example_nested_branch_dag.py
[2023-07-12T06:43:01.959+0000] {logging_mixin.py:150} INFO - [2023-07-12T06:43:01.958+0000] {dag.py:2742} INFO - Sync 1 DAGs
[2023-07-12T06:43:01.994+0000] {logging_mixin.py:150} INFO - [2023-07-12T06:43:01.994+0000] {dag.py:3508} INFO - Setting next_dagrun for example_nested_branch_dag to 2023-07-11T00:00:00+00:00, run_after=2023-07-12T00:00:00+00:00
[2023-07-12T06:43:02.025+0000] {processor.py:179} INFO - Processing /home/airflow/.local/lib/python3.7/site-packages/airflow/example_dags/example_nested_branch_dag.py took 0.125 seconds
[2023-07-12T06:43:32.364+0000] {processor.py:157} INFO - Started process (PID=7010) to work on /home/airflow/.local/lib/python3.7/site-packages/airflow/example_dags/example_nested_branch_dag.py
[2023-07-12T06:43:32.366+0000] {processor.py:826} INFO - Processing file /home/airflow/.local/lib/python3.7/site-packages/airflow/example_dags/example_nested_branch_dag.py for tasks to queue
[2023-07-12T06:43:32.367+0000] {logging_mixin.py:150} INFO - [2023-07-12T06:43:32.367+0000] {dagbag.py:541} INFO - Filling up the DagBag from /home/airflow/.local/lib/python3.7/site-packages/airflow/example_dags/example_nested_branch_dag.py
[2023-07-12T06:43:32.383+0000] {processor.py:836} INFO - DAG(s) dict_keys(['example_nested_branch_dag']) retrieved from /home/airflow/.local/lib/python3.7/site-packages/airflow/example_dags/example_nested_branch_dag.py
[2023-07-12T06:43:32.417+0000] {logging_mixin.py:150} INFO - [2023-07-12T06:43:32.417+0000] {dag.py:2742} INFO - Sync 1 DAGs
[2023-07-12T06:43:32.452+0000] {logging_mixin.py:150} INFO - [2023-07-12T06:43:32.452+0000] {dag.py:3508} INFO - Setting next_dagrun for example_nested_branch_dag to 2023-07-11T00:00:00+00:00, run_after=2023-07-12T00:00:00+00:00
[2023-07-12T06:43:32.480+0000] {processor.py:179} INFO - Processing /home/airflow/.local/lib/python3.7/site-packages/airflow/example_dags/example_nested_branch_dag.py took 0.122 seconds
[2023-07-12T06:44:02.552+0000] {processor.py:157} INFO - Started process (PID=7251) to work on /home/airflow/.local/lib/python3.7/site-packages/airflow/example_dags/example_nested_branch_dag.py
[2023-07-12T06:44:02.555+0000] {processor.py:826} INFO - Processing file /home/airflow/.local/lib/python3.7/site-packages/airflow/example_dags/example_nested_branch_dag.py for tasks to queue
[2023-07-12T06:44:02.558+0000] {logging_mixin.py:150} INFO - [2023-07-12T06:44:02.557+0000] {dagbag.py:541} INFO - Filling up the DagBag from /home/airflow/.local/lib/python3.7/site-packages/airflow/example_dags/example_nested_branch_dag.py
[2023-07-12T06:44:02.573+0000] {processor.py:836} INFO - DAG(s) dict_keys(['example_nested_branch_dag']) retrieved from /home/airflow/.local/lib/python3.7/site-packages/airflow/example_dags/example_nested_branch_dag.py
[2023-07-12T06:44:02.610+0000] {logging_mixin.py:150} INFO - [2023-07-12T06:44:02.610+0000] {dag.py:2742} INFO - Sync 1 DAGs
[2023-07-12T06:44:02.646+0000] {logging_mixin.py:150} INFO - [2023-07-12T06:44:02.645+0000] {dag.py:3508} INFO - Setting next_dagrun for example_nested_branch_dag to 2023-07-11T00:00:00+00:00, run_after=2023-07-12T00:00:00+00:00
[2023-07-12T06:44:02.678+0000] {processor.py:179} INFO - Processing /home/airflow/.local/lib/python3.7/site-packages/airflow/example_dags/example_nested_branch_dag.py took 0.131 seconds
[2023-07-12T06:44:32.960+0000] {processor.py:157} INFO - Started process (PID=7492) to work on /home/airflow/.local/lib/python3.7/site-packages/airflow/example_dags/example_nested_branch_dag.py
[2023-07-12T06:44:32.963+0000] {processor.py:826} INFO - Processing file /home/airflow/.local/lib/python3.7/site-packages/airflow/example_dags/example_nested_branch_dag.py for tasks to queue
[2023-07-12T06:44:32.965+0000] {logging_mixin.py:150} INFO - [2023-07-12T06:44:32.965+0000] {dagbag.py:541} INFO - Filling up the DagBag from /home/airflow/.local/lib/python3.7/site-packages/airflow/example_dags/example_nested_branch_dag.py
[2023-07-12T06:44:32.979+0000] {processor.py:836} INFO - DAG(s) dict_keys(['example_nested_branch_dag']) retrieved from /home/airflow/.local/lib/python3.7/site-packages/airflow/example_dags/example_nested_branch_dag.py
[2023-07-12T06:44:33.017+0000] {logging_mixin.py:150} INFO - [2023-07-12T06:44:33.017+0000] {dag.py:2742} INFO - Sync 1 DAGs
[2023-07-12T06:44:33.053+0000] {logging_mixin.py:150} INFO - [2023-07-12T06:44:33.052+0000] {dag.py:3508} INFO - Setting next_dagrun for example_nested_branch_dag to 2023-07-11T00:00:00+00:00, run_after=2023-07-12T00:00:00+00:00
[2023-07-12T06:44:33.082+0000] {processor.py:179} INFO - Processing /home/airflow/.local/lib/python3.7/site-packages/airflow/example_dags/example_nested_branch_dag.py took 0.127 seconds
[2023-07-12T06:45:03.681+0000] {processor.py:157} INFO - Started process (PID=7733) to work on /home/airflow/.local/lib/python3.7/site-packages/airflow/example_dags/example_nested_branch_dag.py
[2023-07-12T06:45:03.683+0000] {processor.py:826} INFO - Processing file /home/airflow/.local/lib/python3.7/site-packages/airflow/example_dags/example_nested_branch_dag.py for tasks to queue
[2023-07-12T06:45:03.686+0000] {logging_mixin.py:150} INFO - [2023-07-12T06:45:03.685+0000] {dagbag.py:541} INFO - Filling up the DagBag from /home/airflow/.local/lib/python3.7/site-packages/airflow/example_dags/example_nested_branch_dag.py
[2023-07-12T06:45:03.700+0000] {processor.py:836} INFO - DAG(s) dict_keys(['example_nested_branch_dag']) retrieved from /home/airflow/.local/lib/python3.7/site-packages/airflow/example_dags/example_nested_branch_dag.py
[2023-07-12T06:45:03.736+0000] {logging_mixin.py:150} INFO - [2023-07-12T06:45:03.735+0000] {dag.py:2742} INFO - Sync 1 DAGs
[2023-07-12T06:45:03.769+0000] {logging_mixin.py:150} INFO - [2023-07-12T06:45:03.769+0000] {dag.py:3508} INFO - Setting next_dagrun for example_nested_branch_dag to 2023-07-11T00:00:00+00:00, run_after=2023-07-12T00:00:00+00:00
[2023-07-12T06:45:03.795+0000] {processor.py:179} INFO - Processing /home/airflow/.local/lib/python3.7/site-packages/airflow/example_dags/example_nested_branch_dag.py took 0.119 seconds
[2023-07-12T06:45:33.861+0000] {processor.py:157} INFO - Started process (PID=7974) to work on /home/airflow/.local/lib/python3.7/site-packages/airflow/example_dags/example_nested_branch_dag.py
[2023-07-12T06:45:33.864+0000] {processor.py:826} INFO - Processing file /home/airflow/.local/lib/python3.7/site-packages/airflow/example_dags/example_nested_branch_dag.py for tasks to queue
[2023-07-12T06:45:33.867+0000] {logging_mixin.py:150} INFO - [2023-07-12T06:45:33.866+0000] {dagbag.py:541} INFO - Filling up the DagBag from /home/airflow/.local/lib/python3.7/site-packages/airflow/example_dags/example_nested_branch_dag.py
[2023-07-12T06:45:33.883+0000] {processor.py:836} INFO - DAG(s) dict_keys(['example_nested_branch_dag']) retrieved from /home/airflow/.local/lib/python3.7/site-packages/airflow/example_dags/example_nested_branch_dag.py
[2023-07-12T06:45:33.919+0000] {logging_mixin.py:150} INFO - [2023-07-12T06:45:33.919+0000] {dag.py:2742} INFO - Sync 1 DAGs
[2023-07-12T06:45:33.953+0000] {logging_mixin.py:150} INFO - [2023-07-12T06:45:33.953+0000] {dag.py:3508} INFO - Setting next_dagrun for example_nested_branch_dag to 2023-07-11T00:00:00+00:00, run_after=2023-07-12T00:00:00+00:00
[2023-07-12T06:45:33.980+0000] {processor.py:179} INFO - Processing /home/airflow/.local/lib/python3.7/site-packages/airflow/example_dags/example_nested_branch_dag.py took 0.125 seconds
[2023-07-12T06:46:04.134+0000] {processor.py:157} INFO - Started process (PID=8215) to work on /home/airflow/.local/lib/python3.7/site-packages/airflow/example_dags/example_nested_branch_dag.py
[2023-07-12T06:46:04.136+0000] {processor.py:826} INFO - Processing file /home/airflow/.local/lib/python3.7/site-packages/airflow/example_dags/example_nested_branch_dag.py for tasks to queue
[2023-07-12T06:46:04.138+0000] {logging_mixin.py:150} INFO - [2023-07-12T06:46:04.138+0000] {dagbag.py:541} INFO - Filling up the DagBag from /home/airflow/.local/lib/python3.7/site-packages/airflow/example_dags/example_nested_branch_dag.py
[2023-07-12T06:46:04.152+0000] {processor.py:836} INFO - DAG(s) dict_keys(['example_nested_branch_dag']) retrieved from /home/airflow/.local/lib/python3.7/site-packages/airflow/example_dags/example_nested_branch_dag.py
[2023-07-12T06:46:04.188+0000] {logging_mixin.py:150} INFO - [2023-07-12T06:46:04.188+0000] {dag.py:2742} INFO - Sync 1 DAGs
[2023-07-12T06:46:04.224+0000] {logging_mixin.py:150} INFO - [2023-07-12T06:46:04.223+0000] {dag.py:3508} INFO - Setting next_dagrun for example_nested_branch_dag to 2023-07-11T00:00:00+00:00, run_after=2023-07-12T00:00:00+00:00
[2023-07-12T06:46:04.251+0000] {processor.py:179} INFO - Processing /home/airflow/.local/lib/python3.7/site-packages/airflow/example_dags/example_nested_branch_dag.py took 0.122 seconds
[2023-07-12T06:46:34.567+0000] {processor.py:157} INFO - Started process (PID=8456) to work on /home/airflow/.local/lib/python3.7/site-packages/airflow/example_dags/example_nested_branch_dag.py
[2023-07-12T06:46:34.570+0000] {processor.py:826} INFO - Processing file /home/airflow/.local/lib/python3.7/site-packages/airflow/example_dags/example_nested_branch_dag.py for tasks to queue
[2023-07-12T06:46:34.572+0000] {logging_mixin.py:150} INFO - [2023-07-12T06:46:34.571+0000] {dagbag.py:541} INFO - Filling up the DagBag from /home/airflow/.local/lib/python3.7/site-packages/airflow/example_dags/example_nested_branch_dag.py
[2023-07-12T06:46:34.586+0000] {processor.py:836} INFO - DAG(s) dict_keys(['example_nested_branch_dag']) retrieved from /home/airflow/.local/lib/python3.7/site-packages/airflow/example_dags/example_nested_branch_dag.py
[2023-07-12T06:46:34.620+0000] {logging_mixin.py:150} INFO - [2023-07-12T06:46:34.620+0000] {dag.py:2742} INFO - Sync 1 DAGs
[2023-07-12T06:46:34.655+0000] {logging_mixin.py:150} INFO - [2023-07-12T06:46:34.654+0000] {dag.py:3508} INFO - Setting next_dagrun for example_nested_branch_dag to 2023-07-11T00:00:00+00:00, run_after=2023-07-12T00:00:00+00:00
[2023-07-12T06:46:34.682+0000] {processor.py:179} INFO - Processing /home/airflow/.local/lib/python3.7/site-packages/airflow/example_dags/example_nested_branch_dag.py took 0.120 seconds
[2023-07-12T06:47:05.112+0000] {processor.py:157} INFO - Started process (PID=8697) to work on /home/airflow/.local/lib/python3.7/site-packages/airflow/example_dags/example_nested_branch_dag.py
[2023-07-12T06:47:05.114+0000] {processor.py:826} INFO - Processing file /home/airflow/.local/lib/python3.7/site-packages/airflow/example_dags/example_nested_branch_dag.py for tasks to queue
[2023-07-12T06:47:05.117+0000] {logging_mixin.py:150} INFO - [2023-07-12T06:47:05.116+0000] {dagbag.py:541} INFO - Filling up the DagBag from /home/airflow/.local/lib/python3.7/site-packages/airflow/example_dags/example_nested_branch_dag.py
[2023-07-12T06:47:05.133+0000] {processor.py:836} INFO - DAG(s) dict_keys(['example_nested_branch_dag']) retrieved from /home/airflow/.local/lib/python3.7/site-packages/airflow/example_dags/example_nested_branch_dag.py
[2023-07-12T06:47:05.173+0000] {logging_mixin.py:150} INFO - [2023-07-12T06:47:05.173+0000] {dag.py:2742} INFO - Sync 1 DAGs
[2023-07-12T06:47:05.211+0000] {logging_mixin.py:150} INFO - [2023-07-12T06:47:05.210+0000] {dag.py:3508} INFO - Setting next_dagrun for example_nested_branch_dag to 2023-07-11T00:00:00+00:00, run_after=2023-07-12T00:00:00+00:00
[2023-07-12T06:47:05.251+0000] {processor.py:179} INFO - Processing /home/airflow/.local/lib/python3.7/site-packages/airflow/example_dags/example_nested_branch_dag.py took 0.146 seconds
[2023-07-12T06:47:35.331+0000] {processor.py:157} INFO - Started process (PID=8937) to work on /home/airflow/.local/lib/python3.7/site-packages/airflow/example_dags/example_nested_branch_dag.py
[2023-07-12T06:47:35.334+0000] {processor.py:826} INFO - Processing file /home/airflow/.local/lib/python3.7/site-packages/airflow/example_dags/example_nested_branch_dag.py for tasks to queue
[2023-07-12T06:47:35.341+0000] {logging_mixin.py:150} INFO - [2023-07-12T06:47:35.341+0000] {dagbag.py:541} INFO - Filling up the DagBag from /home/airflow/.local/lib/python3.7/site-packages/airflow/example_dags/example_nested_branch_dag.py
[2023-07-12T06:47:35.378+0000] {processor.py:836} INFO - DAG(s) dict_keys(['example_nested_branch_dag']) retrieved from /home/airflow/.local/lib/python3.7/site-packages/airflow/example_dags/example_nested_branch_dag.py
[2023-07-12T06:47:35.454+0000] {logging_mixin.py:150} INFO - [2023-07-12T06:47:35.443+0000] {dag.py:2742} INFO - Sync 1 DAGs
[2023-07-12T06:47:35.545+0000] {logging_mixin.py:150} INFO - [2023-07-12T06:47:35.545+0000] {dag.py:3508} INFO - Setting next_dagrun for example_nested_branch_dag to 2023-07-11T00:00:00+00:00, run_after=2023-07-12T00:00:00+00:00
[2023-07-12T06:47:35.590+0000] {processor.py:179} INFO - Processing /home/airflow/.local/lib/python3.7/site-packages/airflow/example_dags/example_nested_branch_dag.py took 0.264 seconds
[2023-07-12T06:48:05.997+0000] {processor.py:157} INFO - Started process (PID=9184) to work on /home/airflow/.local/lib/python3.7/site-packages/airflow/example_dags/example_nested_branch_dag.py
[2023-07-12T06:48:06.001+0000] {processor.py:826} INFO - Processing file /home/airflow/.local/lib/python3.7/site-packages/airflow/example_dags/example_nested_branch_dag.py for tasks to queue
[2023-07-12T06:48:06.004+0000] {logging_mixin.py:150} INFO - [2023-07-12T06:48:06.004+0000] {dagbag.py:541} INFO - Filling up the DagBag from /home/airflow/.local/lib/python3.7/site-packages/airflow/example_dags/example_nested_branch_dag.py
[2023-07-12T06:48:06.030+0000] {processor.py:836} INFO - DAG(s) dict_keys(['example_nested_branch_dag']) retrieved from /home/airflow/.local/lib/python3.7/site-packages/airflow/example_dags/example_nested_branch_dag.py
[2023-07-12T06:48:06.088+0000] {logging_mixin.py:150} INFO - [2023-07-12T06:48:06.088+0000] {dag.py:2742} INFO - Sync 1 DAGs
[2023-07-12T06:48:06.142+0000] {logging_mixin.py:150} INFO - [2023-07-12T06:48:06.141+0000] {dag.py:3508} INFO - Setting next_dagrun for example_nested_branch_dag to 2023-07-11T00:00:00+00:00, run_after=2023-07-12T00:00:00+00:00
[2023-07-12T06:48:06.185+0000] {processor.py:179} INFO - Processing /home/airflow/.local/lib/python3.7/site-packages/airflow/example_dags/example_nested_branch_dag.py took 0.199 seconds
[2023-07-12T06:48:36.311+0000] {processor.py:157} INFO - Started process (PID=9425) to work on /home/airflow/.local/lib/python3.7/site-packages/airflow/example_dags/example_nested_branch_dag.py
[2023-07-12T06:48:36.313+0000] {processor.py:826} INFO - Processing file /home/airflow/.local/lib/python3.7/site-packages/airflow/example_dags/example_nested_branch_dag.py for tasks to queue
[2023-07-12T06:48:36.317+0000] {logging_mixin.py:150} INFO - [2023-07-12T06:48:36.316+0000] {dagbag.py:541} INFO - Filling up the DagBag from /home/airflow/.local/lib/python3.7/site-packages/airflow/example_dags/example_nested_branch_dag.py
[2023-07-12T06:48:36.342+0000] {processor.py:836} INFO - DAG(s) dict_keys(['example_nested_branch_dag']) retrieved from /home/airflow/.local/lib/python3.7/site-packages/airflow/example_dags/example_nested_branch_dag.py
[2023-07-12T06:48:36.409+0000] {logging_mixin.py:150} INFO - [2023-07-12T06:48:36.408+0000] {dag.py:2742} INFO - Sync 1 DAGs
[2023-07-12T06:48:36.463+0000] {logging_mixin.py:150} INFO - [2023-07-12T06:48:36.462+0000] {dag.py:3508} INFO - Setting next_dagrun for example_nested_branch_dag to 2023-07-11T00:00:00+00:00, run_after=2023-07-12T00:00:00+00:00
[2023-07-12T06:48:36.493+0000] {processor.py:179} INFO - Processing /home/airflow/.local/lib/python3.7/site-packages/airflow/example_dags/example_nested_branch_dag.py took 0.188 seconds
[2023-07-12T06:49:06.945+0000] {processor.py:157} INFO - Started process (PID=9666) to work on /home/airflow/.local/lib/python3.7/site-packages/airflow/example_dags/example_nested_branch_dag.py
[2023-07-12T06:49:06.948+0000] {processor.py:826} INFO - Processing file /home/airflow/.local/lib/python3.7/site-packages/airflow/example_dags/example_nested_branch_dag.py for tasks to queue
[2023-07-12T06:49:06.950+0000] {logging_mixin.py:150} INFO - [2023-07-12T06:49:06.950+0000] {dagbag.py:541} INFO - Filling up the DagBag from /home/airflow/.local/lib/python3.7/site-packages/airflow/example_dags/example_nested_branch_dag.py
[2023-07-12T06:49:06.966+0000] {processor.py:836} INFO - DAG(s) dict_keys(['example_nested_branch_dag']) retrieved from /home/airflow/.local/lib/python3.7/site-packages/airflow/example_dags/example_nested_branch_dag.py
[2023-07-12T06:49:07.003+0000] {logging_mixin.py:150} INFO - [2023-07-12T06:49:07.003+0000] {dag.py:2742} INFO - Sync 1 DAGs
[2023-07-12T06:49:07.044+0000] {logging_mixin.py:150} INFO - [2023-07-12T06:49:07.044+0000] {dag.py:3508} INFO - Setting next_dagrun for example_nested_branch_dag to 2023-07-11T00:00:00+00:00, run_after=2023-07-12T00:00:00+00:00
[2023-07-12T06:49:07.074+0000] {processor.py:179} INFO - Processing /home/airflow/.local/lib/python3.7/site-packages/airflow/example_dags/example_nested_branch_dag.py took 0.134 seconds
[2023-07-12T06:49:37.532+0000] {processor.py:157} INFO - Started process (PID=9907) to work on /home/airflow/.local/lib/python3.7/site-packages/airflow/example_dags/example_nested_branch_dag.py
[2023-07-12T06:49:37.536+0000] {processor.py:826} INFO - Processing file /home/airflow/.local/lib/python3.7/site-packages/airflow/example_dags/example_nested_branch_dag.py for tasks to queue
[2023-07-12T06:49:37.538+0000] {logging_mixin.py:150} INFO - [2023-07-12T06:49:37.538+0000] {dagbag.py:541} INFO - Filling up the DagBag from /home/airflow/.local/lib/python3.7/site-packages/airflow/example_dags/example_nested_branch_dag.py
[2023-07-12T06:49:37.554+0000] {processor.py:836} INFO - DAG(s) dict_keys(['example_nested_branch_dag']) retrieved from /home/airflow/.local/lib/python3.7/site-packages/airflow/example_dags/example_nested_branch_dag.py
[2023-07-12T06:49:37.593+0000] {logging_mixin.py:150} INFO - [2023-07-12T06:49:37.593+0000] {dag.py:2742} INFO - Sync 1 DAGs
[2023-07-12T06:49:37.631+0000] {logging_mixin.py:150} INFO - [2023-07-12T06:49:37.631+0000] {dag.py:3508} INFO - Setting next_dagrun for example_nested_branch_dag to 2023-07-11T00:00:00+00:00, run_after=2023-07-12T00:00:00+00:00
[2023-07-12T06:49:37.664+0000] {processor.py:179} INFO - Processing /home/airflow/.local/lib/python3.7/site-packages/airflow/example_dags/example_nested_branch_dag.py took 0.136 seconds
[2023-07-12T06:50:07.990+0000] {processor.py:157} INFO - Started process (PID=10148) to work on /home/airflow/.local/lib/python3.7/site-packages/airflow/example_dags/example_nested_branch_dag.py
[2023-07-12T06:50:07.992+0000] {processor.py:826} INFO - Processing file /home/airflow/.local/lib/python3.7/site-packages/airflow/example_dags/example_nested_branch_dag.py for tasks to queue
[2023-07-12T06:50:07.994+0000] {logging_mixin.py:150} INFO - [2023-07-12T06:50:07.994+0000] {dagbag.py:541} INFO - Filling up the DagBag from /home/airflow/.local/lib/python3.7/site-packages/airflow/example_dags/example_nested_branch_dag.py
[2023-07-12T06:50:08.011+0000] {processor.py:836} INFO - DAG(s) dict_keys(['example_nested_branch_dag']) retrieved from /home/airflow/.local/lib/python3.7/site-packages/airflow/example_dags/example_nested_branch_dag.py
[2023-07-12T06:50:08.052+0000] {logging_mixin.py:150} INFO - [2023-07-12T06:50:08.051+0000] {dag.py:2742} INFO - Sync 1 DAGs
[2023-07-12T06:50:08.092+0000] {logging_mixin.py:150} INFO - [2023-07-12T06:50:08.092+0000] {dag.py:3508} INFO - Setting next_dagrun for example_nested_branch_dag to 2023-07-11T00:00:00+00:00, run_after=2023-07-12T00:00:00+00:00
[2023-07-12T06:50:08.128+0000] {processor.py:179} INFO - Processing /home/airflow/.local/lib/python3.7/site-packages/airflow/example_dags/example_nested_branch_dag.py took 0.144 seconds
[2023-07-12T06:50:38.413+0000] {processor.py:157} INFO - Started process (PID=10389) to work on /home/airflow/.local/lib/python3.7/site-packages/airflow/example_dags/example_nested_branch_dag.py
[2023-07-12T06:50:38.416+0000] {processor.py:826} INFO - Processing file /home/airflow/.local/lib/python3.7/site-packages/airflow/example_dags/example_nested_branch_dag.py for tasks to queue
[2023-07-12T06:50:38.418+0000] {logging_mixin.py:150} INFO - [2023-07-12T06:50:38.418+0000] {dagbag.py:541} INFO - Filling up the DagBag from /home/airflow/.local/lib/python3.7/site-packages/airflow/example_dags/example_nested_branch_dag.py
[2023-07-12T06:50:38.435+0000] {processor.py:836} INFO - DAG(s) dict_keys(['example_nested_branch_dag']) retrieved from /home/airflow/.local/lib/python3.7/site-packages/airflow/example_dags/example_nested_branch_dag.py
[2023-07-12T06:50:38.474+0000] {logging_mixin.py:150} INFO - [2023-07-12T06:50:38.474+0000] {dag.py:2742} INFO - Sync 1 DAGs
[2023-07-12T06:50:38.523+0000] {logging_mixin.py:150} INFO - [2023-07-12T06:50:38.523+0000] {dag.py:3508} INFO - Setting next_dagrun for example_nested_branch_dag to 2023-07-11T00:00:00+00:00, run_after=2023-07-12T00:00:00+00:00
[2023-07-12T06:50:38.557+0000] {processor.py:179} INFO - Processing /home/airflow/.local/lib/python3.7/site-packages/airflow/example_dags/example_nested_branch_dag.py took 0.150 seconds
