[2023-07-12T06:29:16.979+0000] {processor.py:157} INFO - Started process (PID=229) to work on /home/airflow/.local/lib/python3.7/site-packages/airflow/example_dags/example_xcomargs.py
[2023-07-12T06:29:16.982+0000] {processor.py:826} INFO - Processing file /home/airflow/.local/lib/python3.7/site-packages/airflow/example_dags/example_xcomargs.py for tasks to queue
[2023-07-12T06:29:16.985+0000] {logging_mixin.py:150} INFO - [2023-07-12T06:29:16.985+0000] {dagbag.py:541} INFO - Filling up the DagBag from /home/airflow/.local/lib/python3.7/site-packages/airflow/example_dags/example_xcomargs.py
[2023-07-12T06:29:17.009+0000] {processor.py:836} INFO - DAG(s) dict_keys(['example_xcom_args_with_operators', 'example_xcom_args']) retrieved from /home/airflow/.local/lib/python3.7/site-packages/airflow/example_dags/example_xcomargs.py
[2023-07-12T06:29:17.081+0000] {logging_mixin.py:150} INFO - [2023-07-12T06:29:17.081+0000] {dag.py:2742} INFO - Sync 2 DAGs
[2023-07-12T06:29:17.133+0000] {logging_mixin.py:150} INFO - [2023-07-12T06:29:17.133+0000] {dag.py:3508} INFO - Setting next_dagrun for example_xcom_args to None, run_after=None
[2023-07-12T06:29:17.143+0000] {logging_mixin.py:150} INFO - [2023-07-12T06:29:17.143+0000] {dag.py:3508} INFO - Setting next_dagrun for example_xcom_args_with_operators to None, run_after=None
[2023-07-12T06:29:17.185+0000] {processor.py:179} INFO - Processing /home/airflow/.local/lib/python3.7/site-packages/airflow/example_dags/example_xcomargs.py took 0.212 seconds
[2023-07-12T06:29:47.783+0000] {processor.py:157} INFO - Started process (PID=471) to work on /home/airflow/.local/lib/python3.7/site-packages/airflow/example_dags/example_xcomargs.py
[2023-07-12T06:29:47.788+0000] {processor.py:826} INFO - Processing file /home/airflow/.local/lib/python3.7/site-packages/airflow/example_dags/example_xcomargs.py for tasks to queue
[2023-07-12T06:29:47.790+0000] {logging_mixin.py:150} INFO - [2023-07-12T06:29:47.790+0000] {dagbag.py:541} INFO - Filling up the DagBag from /home/airflow/.local/lib/python3.7/site-packages/airflow/example_dags/example_xcomargs.py
[2023-07-12T06:29:47.807+0000] {processor.py:836} INFO - DAG(s) dict_keys(['example_xcom_args', 'example_xcom_args_with_operators']) retrieved from /home/airflow/.local/lib/python3.7/site-packages/airflow/example_dags/example_xcomargs.py
[2023-07-12T06:29:47.855+0000] {logging_mixin.py:150} INFO - [2023-07-12T06:29:47.855+0000] {dag.py:2742} INFO - Sync 2 DAGs
[2023-07-12T06:29:47.893+0000] {logging_mixin.py:150} INFO - [2023-07-12T06:29:47.893+0000] {dag.py:3508} INFO - Setting next_dagrun for example_xcom_args to None, run_after=None
[2023-07-12T06:29:47.900+0000] {logging_mixin.py:150} INFO - [2023-07-12T06:29:47.900+0000] {dag.py:3508} INFO - Setting next_dagrun for example_xcom_args_with_operators to None, run_after=None
[2023-07-12T06:29:47.933+0000] {processor.py:179} INFO - Processing /home/airflow/.local/lib/python3.7/site-packages/airflow/example_dags/example_xcomargs.py took 0.157 seconds
[2023-07-12T06:30:18.204+0000] {processor.py:157} INFO - Started process (PID=710) to work on /home/airflow/.local/lib/python3.7/site-packages/airflow/example_dags/example_xcomargs.py
[2023-07-12T06:30:18.207+0000] {processor.py:826} INFO - Processing file /home/airflow/.local/lib/python3.7/site-packages/airflow/example_dags/example_xcomargs.py for tasks to queue
[2023-07-12T06:30:18.210+0000] {logging_mixin.py:150} INFO - [2023-07-12T06:30:18.209+0000] {dagbag.py:541} INFO - Filling up the DagBag from /home/airflow/.local/lib/python3.7/site-packages/airflow/example_dags/example_xcomargs.py
[2023-07-12T06:30:18.226+0000] {processor.py:836} INFO - DAG(s) dict_keys(['example_xcom_args_with_operators', 'example_xcom_args']) retrieved from /home/airflow/.local/lib/python3.7/site-packages/airflow/example_dags/example_xcomargs.py
[2023-07-12T06:30:18.268+0000] {logging_mixin.py:150} INFO - [2023-07-12T06:30:18.268+0000] {dag.py:2742} INFO - Sync 2 DAGs
[2023-07-12T06:30:18.305+0000] {logging_mixin.py:150} INFO - [2023-07-12T06:30:18.305+0000] {dag.py:3508} INFO - Setting next_dagrun for example_xcom_args to None, run_after=None
[2023-07-12T06:30:18.315+0000] {logging_mixin.py:150} INFO - [2023-07-12T06:30:18.314+0000] {dag.py:3508} INFO - Setting next_dagrun for example_xcom_args_with_operators to None, run_after=None
[2023-07-12T06:30:18.345+0000] {processor.py:179} INFO - Processing /home/airflow/.local/lib/python3.7/site-packages/airflow/example_dags/example_xcomargs.py took 0.145 seconds
[2023-07-12T06:30:49.280+0000] {processor.py:157} INFO - Started process (PID=951) to work on /home/airflow/.local/lib/python3.7/site-packages/airflow/example_dags/example_xcomargs.py
[2023-07-12T06:30:49.284+0000] {processor.py:826} INFO - Processing file /home/airflow/.local/lib/python3.7/site-packages/airflow/example_dags/example_xcomargs.py for tasks to queue
[2023-07-12T06:30:49.287+0000] {logging_mixin.py:150} INFO - [2023-07-12T06:30:49.287+0000] {dagbag.py:541} INFO - Filling up the DagBag from /home/airflow/.local/lib/python3.7/site-packages/airflow/example_dags/example_xcomargs.py
[2023-07-12T06:30:49.309+0000] {processor.py:836} INFO - DAG(s) dict_keys(['example_xcom_args', 'example_xcom_args_with_operators']) retrieved from /home/airflow/.local/lib/python3.7/site-packages/airflow/example_dags/example_xcomargs.py
[2023-07-12T06:30:49.380+0000] {logging_mixin.py:150} INFO - [2023-07-12T06:30:49.379+0000] {dag.py:2742} INFO - Sync 2 DAGs
[2023-07-12T06:30:49.446+0000] {logging_mixin.py:150} INFO - [2023-07-12T06:30:49.446+0000] {dag.py:3508} INFO - Setting next_dagrun for example_xcom_args to None, run_after=None
[2023-07-12T06:30:49.456+0000] {logging_mixin.py:150} INFO - [2023-07-12T06:30:49.456+0000] {dag.py:3508} INFO - Setting next_dagrun for example_xcom_args_with_operators to None, run_after=None
[2023-07-12T06:30:49.500+0000] {processor.py:179} INFO - Processing /home/airflow/.local/lib/python3.7/site-packages/airflow/example_dags/example_xcomargs.py took 0.228 seconds
[2023-07-12T06:31:20.444+0000] {processor.py:157} INFO - Started process (PID=1236) to work on /home/airflow/.local/lib/python3.7/site-packages/airflow/example_dags/example_xcomargs.py
[2023-07-12T06:31:20.447+0000] {processor.py:826} INFO - Processing file /home/airflow/.local/lib/python3.7/site-packages/airflow/example_dags/example_xcomargs.py for tasks to queue
[2023-07-12T06:31:20.450+0000] {logging_mixin.py:150} INFO - [2023-07-12T06:31:20.449+0000] {dagbag.py:541} INFO - Filling up the DagBag from /home/airflow/.local/lib/python3.7/site-packages/airflow/example_dags/example_xcomargs.py
[2023-07-12T06:31:20.464+0000] {processor.py:836} INFO - DAG(s) dict_keys(['example_xcom_args_with_operators', 'example_xcom_args']) retrieved from /home/airflow/.local/lib/python3.7/site-packages/airflow/example_dags/example_xcomargs.py
[2023-07-12T06:31:20.516+0000] {logging_mixin.py:150} INFO - [2023-07-12T06:31:20.515+0000] {dag.py:2742} INFO - Sync 2 DAGs
[2023-07-12T06:31:20.571+0000] {logging_mixin.py:150} INFO - [2023-07-12T06:31:20.570+0000] {dag.py:3508} INFO - Setting next_dagrun for example_xcom_args to None, run_after=None
[2023-07-12T06:31:20.583+0000] {logging_mixin.py:150} INFO - [2023-07-12T06:31:20.583+0000] {dag.py:3508} INFO - Setting next_dagrun for example_xcom_args_with_operators to None, run_after=None
[2023-07-12T06:31:20.623+0000] {processor.py:179} INFO - Processing /home/airflow/.local/lib/python3.7/site-packages/airflow/example_dags/example_xcomargs.py took 0.185 seconds
[2023-07-12T06:31:50.683+0000] {processor.py:157} INFO - Started process (PID=1477) to work on /home/airflow/.local/lib/python3.7/site-packages/airflow/example_dags/example_xcomargs.py
[2023-07-12T06:31:50.686+0000] {processor.py:826} INFO - Processing file /home/airflow/.local/lib/python3.7/site-packages/airflow/example_dags/example_xcomargs.py for tasks to queue
[2023-07-12T06:31:50.689+0000] {logging_mixin.py:150} INFO - [2023-07-12T06:31:50.688+0000] {dagbag.py:541} INFO - Filling up the DagBag from /home/airflow/.local/lib/python3.7/site-packages/airflow/example_dags/example_xcomargs.py
[2023-07-12T06:31:50.709+0000] {processor.py:836} INFO - DAG(s) dict_keys(['example_xcom_args', 'example_xcom_args_with_operators']) retrieved from /home/airflow/.local/lib/python3.7/site-packages/airflow/example_dags/example_xcomargs.py
[2023-07-12T06:31:50.754+0000] {logging_mixin.py:150} INFO - [2023-07-12T06:31:50.754+0000] {dag.py:2742} INFO - Sync 2 DAGs
[2023-07-12T06:31:50.794+0000] {logging_mixin.py:150} INFO - [2023-07-12T06:31:50.794+0000] {dag.py:3508} INFO - Setting next_dagrun for example_xcom_args to None, run_after=None
[2023-07-12T06:31:50.801+0000] {logging_mixin.py:150} INFO - [2023-07-12T06:31:50.801+0000] {dag.py:3508} INFO - Setting next_dagrun for example_xcom_args_with_operators to None, run_after=None
[2023-07-12T06:31:50.827+0000] {processor.py:179} INFO - Processing /home/airflow/.local/lib/python3.7/site-packages/airflow/example_dags/example_xcomargs.py took 0.149 seconds
[2023-07-12T06:32:21.156+0000] {processor.py:157} INFO - Started process (PID=1718) to work on /home/airflow/.local/lib/python3.7/site-packages/airflow/example_dags/example_xcomargs.py
[2023-07-12T06:32:21.159+0000] {processor.py:826} INFO - Processing file /home/airflow/.local/lib/python3.7/site-packages/airflow/example_dags/example_xcomargs.py for tasks to queue
[2023-07-12T06:32:21.162+0000] {logging_mixin.py:150} INFO - [2023-07-12T06:32:21.162+0000] {dagbag.py:541} INFO - Filling up the DagBag from /home/airflow/.local/lib/python3.7/site-packages/airflow/example_dags/example_xcomargs.py
[2023-07-12T06:32:21.177+0000] {processor.py:836} INFO - DAG(s) dict_keys(['example_xcom_args', 'example_xcom_args_with_operators']) retrieved from /home/airflow/.local/lib/python3.7/site-packages/airflow/example_dags/example_xcomargs.py
[2023-07-12T06:32:21.228+0000] {logging_mixin.py:150} INFO - [2023-07-12T06:32:21.227+0000] {dag.py:2742} INFO - Sync 2 DAGs
[2023-07-12T06:32:21.261+0000] {logging_mixin.py:150} INFO - [2023-07-12T06:32:21.261+0000] {dag.py:3508} INFO - Setting next_dagrun for example_xcom_args to None, run_after=None
[2023-07-12T06:32:21.268+0000] {logging_mixin.py:150} INFO - [2023-07-12T06:32:21.268+0000] {dag.py:3508} INFO - Setting next_dagrun for example_xcom_args_with_operators to None, run_after=None
[2023-07-12T06:32:21.293+0000] {processor.py:179} INFO - Processing /home/airflow/.local/lib/python3.7/site-packages/airflow/example_dags/example_xcomargs.py took 0.143 seconds
[2023-07-12T06:32:51.924+0000] {processor.py:157} INFO - Started process (PID=1959) to work on /home/airflow/.local/lib/python3.7/site-packages/airflow/example_dags/example_xcomargs.py
[2023-07-12T06:32:51.927+0000] {processor.py:826} INFO - Processing file /home/airflow/.local/lib/python3.7/site-packages/airflow/example_dags/example_xcomargs.py for tasks to queue
[2023-07-12T06:32:51.930+0000] {logging_mixin.py:150} INFO - [2023-07-12T06:32:51.930+0000] {dagbag.py:541} INFO - Filling up the DagBag from /home/airflow/.local/lib/python3.7/site-packages/airflow/example_dags/example_xcomargs.py
[2023-07-12T06:32:51.945+0000] {processor.py:836} INFO - DAG(s) dict_keys(['example_xcom_args', 'example_xcom_args_with_operators']) retrieved from /home/airflow/.local/lib/python3.7/site-packages/airflow/example_dags/example_xcomargs.py
[2023-07-12T06:32:51.987+0000] {logging_mixin.py:150} INFO - [2023-07-12T06:32:51.987+0000] {dag.py:2742} INFO - Sync 2 DAGs
[2023-07-12T06:32:52.022+0000] {logging_mixin.py:150} INFO - [2023-07-12T06:32:52.021+0000] {dag.py:3508} INFO - Setting next_dagrun for example_xcom_args to None, run_after=None
[2023-07-12T06:32:52.029+0000] {logging_mixin.py:150} INFO - [2023-07-12T06:32:52.028+0000] {dag.py:3508} INFO - Setting next_dagrun for example_xcom_args_with_operators to None, run_after=None
[2023-07-12T06:32:52.055+0000] {processor.py:179} INFO - Processing /home/airflow/.local/lib/python3.7/site-packages/airflow/example_dags/example_xcomargs.py took 0.135 seconds
[2023-07-12T06:33:22.558+0000] {processor.py:157} INFO - Started process (PID=2200) to work on /home/airflow/.local/lib/python3.7/site-packages/airflow/example_dags/example_xcomargs.py
[2023-07-12T06:33:22.560+0000] {processor.py:826} INFO - Processing file /home/airflow/.local/lib/python3.7/site-packages/airflow/example_dags/example_xcomargs.py for tasks to queue
[2023-07-12T06:33:22.564+0000] {logging_mixin.py:150} INFO - [2023-07-12T06:33:22.564+0000] {dagbag.py:541} INFO - Filling up the DagBag from /home/airflow/.local/lib/python3.7/site-packages/airflow/example_dags/example_xcomargs.py
[2023-07-12T06:33:22.577+0000] {processor.py:836} INFO - DAG(s) dict_keys(['example_xcom_args', 'example_xcom_args_with_operators']) retrieved from /home/airflow/.local/lib/python3.7/site-packages/airflow/example_dags/example_xcomargs.py
[2023-07-12T06:33:22.618+0000] {logging_mixin.py:150} INFO - [2023-07-12T06:33:22.617+0000] {dag.py:2742} INFO - Sync 2 DAGs
[2023-07-12T06:33:22.653+0000] {logging_mixin.py:150} INFO - [2023-07-12T06:33:22.652+0000] {dag.py:3508} INFO - Setting next_dagrun for example_xcom_args to None, run_after=None
[2023-07-12T06:33:22.659+0000] {logging_mixin.py:150} INFO - [2023-07-12T06:33:22.659+0000] {dag.py:3508} INFO - Setting next_dagrun for example_xcom_args_with_operators to None, run_after=None
[2023-07-12T06:33:22.686+0000] {processor.py:179} INFO - Processing /home/airflow/.local/lib/python3.7/site-packages/airflow/example_dags/example_xcomargs.py took 0.133 seconds
[2023-07-12T06:33:52.820+0000] {processor.py:157} INFO - Started process (PID=2441) to work on /home/airflow/.local/lib/python3.7/site-packages/airflow/example_dags/example_xcomargs.py
[2023-07-12T06:33:52.823+0000] {processor.py:826} INFO - Processing file /home/airflow/.local/lib/python3.7/site-packages/airflow/example_dags/example_xcomargs.py for tasks to queue
[2023-07-12T06:33:52.827+0000] {logging_mixin.py:150} INFO - [2023-07-12T06:33:52.826+0000] {dagbag.py:541} INFO - Filling up the DagBag from /home/airflow/.local/lib/python3.7/site-packages/airflow/example_dags/example_xcomargs.py
[2023-07-12T06:33:52.842+0000] {processor.py:836} INFO - DAG(s) dict_keys(['example_xcom_args_with_operators', 'example_xcom_args']) retrieved from /home/airflow/.local/lib/python3.7/site-packages/airflow/example_dags/example_xcomargs.py
[2023-07-12T06:33:52.890+0000] {logging_mixin.py:150} INFO - [2023-07-12T06:33:52.889+0000] {dag.py:2742} INFO - Sync 2 DAGs
[2023-07-12T06:33:52.924+0000] {logging_mixin.py:150} INFO - [2023-07-12T06:33:52.924+0000] {dag.py:3508} INFO - Setting next_dagrun for example_xcom_args to None, run_after=None
[2023-07-12T06:33:52.932+0000] {logging_mixin.py:150} INFO - [2023-07-12T06:33:52.932+0000] {dag.py:3508} INFO - Setting next_dagrun for example_xcom_args_with_operators to None, run_after=None
[2023-07-12T06:33:52.959+0000] {processor.py:179} INFO - Processing /home/airflow/.local/lib/python3.7/site-packages/airflow/example_dags/example_xcomargs.py took 0.144 seconds
[2023-07-12T06:34:23.359+0000] {processor.py:157} INFO - Started process (PID=2682) to work on /home/airflow/.local/lib/python3.7/site-packages/airflow/example_dags/example_xcomargs.py
[2023-07-12T06:34:23.362+0000] {processor.py:826} INFO - Processing file /home/airflow/.local/lib/python3.7/site-packages/airflow/example_dags/example_xcomargs.py for tasks to queue
[2023-07-12T06:34:23.365+0000] {logging_mixin.py:150} INFO - [2023-07-12T06:34:23.364+0000] {dagbag.py:541} INFO - Filling up the DagBag from /home/airflow/.local/lib/python3.7/site-packages/airflow/example_dags/example_xcomargs.py
[2023-07-12T06:34:23.385+0000] {processor.py:836} INFO - DAG(s) dict_keys(['example_xcom_args_with_operators', 'example_xcom_args']) retrieved from /home/airflow/.local/lib/python3.7/site-packages/airflow/example_dags/example_xcomargs.py
[2023-07-12T06:34:23.436+0000] {logging_mixin.py:150} INFO - [2023-07-12T06:34:23.436+0000] {dag.py:2742} INFO - Sync 2 DAGs
[2023-07-12T06:34:23.489+0000] {logging_mixin.py:150} INFO - [2023-07-12T06:34:23.489+0000] {dag.py:3508} INFO - Setting next_dagrun for example_xcom_args to None, run_after=None
[2023-07-12T06:34:23.498+0000] {logging_mixin.py:150} INFO - [2023-07-12T06:34:23.497+0000] {dag.py:3508} INFO - Setting next_dagrun for example_xcom_args_with_operators to None, run_after=None
[2023-07-12T06:34:23.541+0000] {processor.py:179} INFO - Processing /home/airflow/.local/lib/python3.7/site-packages/airflow/example_dags/example_xcomargs.py took 0.189 seconds
[2023-07-12T06:34:54.199+0000] {processor.py:157} INFO - Started process (PID=2923) to work on /home/airflow/.local/lib/python3.7/site-packages/airflow/example_dags/example_xcomargs.py
[2023-07-12T06:34:54.203+0000] {processor.py:826} INFO - Processing file /home/airflow/.local/lib/python3.7/site-packages/airflow/example_dags/example_xcomargs.py for tasks to queue
[2023-07-12T06:34:54.206+0000] {logging_mixin.py:150} INFO - [2023-07-12T06:34:54.206+0000] {dagbag.py:541} INFO - Filling up the DagBag from /home/airflow/.local/lib/python3.7/site-packages/airflow/example_dags/example_xcomargs.py
[2023-07-12T06:34:54.227+0000] {processor.py:836} INFO - DAG(s) dict_keys(['example_xcom_args_with_operators', 'example_xcom_args']) retrieved from /home/airflow/.local/lib/python3.7/site-packages/airflow/example_dags/example_xcomargs.py
[2023-07-12T06:34:54.279+0000] {logging_mixin.py:150} INFO - [2023-07-12T06:34:54.279+0000] {dag.py:2742} INFO - Sync 2 DAGs
[2023-07-12T06:34:54.324+0000] {logging_mixin.py:150} INFO - [2023-07-12T06:34:54.324+0000] {dag.py:3508} INFO - Setting next_dagrun for example_xcom_args to None, run_after=None
[2023-07-12T06:34:54.332+0000] {logging_mixin.py:150} INFO - [2023-07-12T06:34:54.331+0000] {dag.py:3508} INFO - Setting next_dagrun for example_xcom_args_with_operators to None, run_after=None
[2023-07-12T06:34:54.365+0000] {processor.py:179} INFO - Processing /home/airflow/.local/lib/python3.7/site-packages/airflow/example_dags/example_xcomargs.py took 0.173 seconds
[2023-07-12T06:35:24.532+0000] {processor.py:157} INFO - Started process (PID=3164) to work on /home/airflow/.local/lib/python3.7/site-packages/airflow/example_dags/example_xcomargs.py
[2023-07-12T06:35:24.536+0000] {processor.py:826} INFO - Processing file /home/airflow/.local/lib/python3.7/site-packages/airflow/example_dags/example_xcomargs.py for tasks to queue
[2023-07-12T06:35:24.539+0000] {logging_mixin.py:150} INFO - [2023-07-12T06:35:24.538+0000] {dagbag.py:541} INFO - Filling up the DagBag from /home/airflow/.local/lib/python3.7/site-packages/airflow/example_dags/example_xcomargs.py
[2023-07-12T06:35:24.556+0000] {processor.py:836} INFO - DAG(s) dict_keys(['example_xcom_args_with_operators', 'example_xcom_args']) retrieved from /home/airflow/.local/lib/python3.7/site-packages/airflow/example_dags/example_xcomargs.py
[2023-07-12T06:35:24.608+0000] {logging_mixin.py:150} INFO - [2023-07-12T06:35:24.608+0000] {dag.py:2742} INFO - Sync 2 DAGs
[2023-07-12T06:35:24.646+0000] {logging_mixin.py:150} INFO - [2023-07-12T06:35:24.646+0000] {dag.py:3508} INFO - Setting next_dagrun for example_xcom_args to None, run_after=None
[2023-07-12T06:35:24.653+0000] {logging_mixin.py:150} INFO - [2023-07-12T06:35:24.653+0000] {dag.py:3508} INFO - Setting next_dagrun for example_xcom_args_with_operators to None, run_after=None
[2023-07-12T06:35:24.682+0000] {processor.py:179} INFO - Processing /home/airflow/.local/lib/python3.7/site-packages/airflow/example_dags/example_xcomargs.py took 0.156 seconds
[2023-07-12T06:35:54.819+0000] {processor.py:157} INFO - Started process (PID=3405) to work on /home/airflow/.local/lib/python3.7/site-packages/airflow/example_dags/example_xcomargs.py
[2023-07-12T06:35:54.823+0000] {processor.py:826} INFO - Processing file /home/airflow/.local/lib/python3.7/site-packages/airflow/example_dags/example_xcomargs.py for tasks to queue
[2023-07-12T06:35:54.826+0000] {logging_mixin.py:150} INFO - [2023-07-12T06:35:54.825+0000] {dagbag.py:541} INFO - Filling up the DagBag from /home/airflow/.local/lib/python3.7/site-packages/airflow/example_dags/example_xcomargs.py
[2023-07-12T06:35:54.841+0000] {processor.py:836} INFO - DAG(s) dict_keys(['example_xcom_args', 'example_xcom_args_with_operators']) retrieved from /home/airflow/.local/lib/python3.7/site-packages/airflow/example_dags/example_xcomargs.py
[2023-07-12T06:35:54.889+0000] {logging_mixin.py:150} INFO - [2023-07-12T06:35:54.889+0000] {dag.py:2742} INFO - Sync 2 DAGs
[2023-07-12T06:35:54.924+0000] {logging_mixin.py:150} INFO - [2023-07-12T06:35:54.923+0000] {dag.py:3508} INFO - Setting next_dagrun for example_xcom_args to None, run_after=None
[2023-07-12T06:35:54.930+0000] {logging_mixin.py:150} INFO - [2023-07-12T06:35:54.930+0000] {dag.py:3508} INFO - Setting next_dagrun for example_xcom_args_with_operators to None, run_after=None
[2023-07-12T06:35:54.954+0000] {processor.py:179} INFO - Processing /home/airflow/.local/lib/python3.7/site-packages/airflow/example_dags/example_xcomargs.py took 0.140 seconds
[2023-07-12T06:36:25.037+0000] {processor.py:157} INFO - Started process (PID=3646) to work on /home/airflow/.local/lib/python3.7/site-packages/airflow/example_dags/example_xcomargs.py
[2023-07-12T06:36:25.039+0000] {processor.py:826} INFO - Processing file /home/airflow/.local/lib/python3.7/site-packages/airflow/example_dags/example_xcomargs.py for tasks to queue
[2023-07-12T06:36:25.041+0000] {logging_mixin.py:150} INFO - [2023-07-12T06:36:25.041+0000] {dagbag.py:541} INFO - Filling up the DagBag from /home/airflow/.local/lib/python3.7/site-packages/airflow/example_dags/example_xcomargs.py
[2023-07-12T06:36:25.054+0000] {processor.py:836} INFO - DAG(s) dict_keys(['example_xcom_args_with_operators', 'example_xcom_args']) retrieved from /home/airflow/.local/lib/python3.7/site-packages/airflow/example_dags/example_xcomargs.py
[2023-07-12T06:36:25.102+0000] {logging_mixin.py:150} INFO - [2023-07-12T06:36:25.102+0000] {dag.py:2742} INFO - Sync 2 DAGs
[2023-07-12T06:36:25.137+0000] {logging_mixin.py:150} INFO - [2023-07-12T06:36:25.137+0000] {dag.py:3508} INFO - Setting next_dagrun for example_xcom_args to None, run_after=None
[2023-07-12T06:36:25.145+0000] {logging_mixin.py:150} INFO - [2023-07-12T06:36:25.145+0000] {dag.py:3508} INFO - Setting next_dagrun for example_xcom_args_with_operators to None, run_after=None
[2023-07-12T06:36:25.169+0000] {processor.py:179} INFO - Processing /home/airflow/.local/lib/python3.7/site-packages/airflow/example_dags/example_xcomargs.py took 0.137 seconds
[2023-07-12T06:36:55.697+0000] {processor.py:157} INFO - Started process (PID=3887) to work on /home/airflow/.local/lib/python3.7/site-packages/airflow/example_dags/example_xcomargs.py
[2023-07-12T06:36:55.700+0000] {processor.py:826} INFO - Processing file /home/airflow/.local/lib/python3.7/site-packages/airflow/example_dags/example_xcomargs.py for tasks to queue
[2023-07-12T06:36:55.703+0000] {logging_mixin.py:150} INFO - [2023-07-12T06:36:55.702+0000] {dagbag.py:541} INFO - Filling up the DagBag from /home/airflow/.local/lib/python3.7/site-packages/airflow/example_dags/example_xcomargs.py
[2023-07-12T06:36:55.718+0000] {processor.py:836} INFO - DAG(s) dict_keys(['example_xcom_args_with_operators', 'example_xcom_args']) retrieved from /home/airflow/.local/lib/python3.7/site-packages/airflow/example_dags/example_xcomargs.py
[2023-07-12T06:36:55.764+0000] {logging_mixin.py:150} INFO - [2023-07-12T06:36:55.764+0000] {dag.py:2742} INFO - Sync 2 DAGs
[2023-07-12T06:36:55.801+0000] {logging_mixin.py:150} INFO - [2023-07-12T06:36:55.801+0000] {dag.py:3508} INFO - Setting next_dagrun for example_xcom_args to None, run_after=None
[2023-07-12T06:36:55.809+0000] {logging_mixin.py:150} INFO - [2023-07-12T06:36:55.809+0000] {dag.py:3508} INFO - Setting next_dagrun for example_xcom_args_with_operators to None, run_after=None
[2023-07-12T06:36:55.834+0000] {processor.py:179} INFO - Processing /home/airflow/.local/lib/python3.7/site-packages/airflow/example_dags/example_xcomargs.py took 0.142 seconds
[2023-07-12T06:37:26.251+0000] {processor.py:157} INFO - Started process (PID=4128) to work on /home/airflow/.local/lib/python3.7/site-packages/airflow/example_dags/example_xcomargs.py
[2023-07-12T06:37:26.254+0000] {processor.py:826} INFO - Processing file /home/airflow/.local/lib/python3.7/site-packages/airflow/example_dags/example_xcomargs.py for tasks to queue
[2023-07-12T06:37:26.257+0000] {logging_mixin.py:150} INFO - [2023-07-12T06:37:26.257+0000] {dagbag.py:541} INFO - Filling up the DagBag from /home/airflow/.local/lib/python3.7/site-packages/airflow/example_dags/example_xcomargs.py
[2023-07-12T06:37:26.274+0000] {processor.py:836} INFO - DAG(s) dict_keys(['example_xcom_args', 'example_xcom_args_with_operators']) retrieved from /home/airflow/.local/lib/python3.7/site-packages/airflow/example_dags/example_xcomargs.py
[2023-07-12T06:37:26.321+0000] {logging_mixin.py:150} INFO - [2023-07-12T06:37:26.321+0000] {dag.py:2742} INFO - Sync 2 DAGs
[2023-07-12T06:37:26.357+0000] {logging_mixin.py:150} INFO - [2023-07-12T06:37:26.357+0000] {dag.py:3508} INFO - Setting next_dagrun for example_xcom_args to None, run_after=None
[2023-07-12T06:37:26.363+0000] {logging_mixin.py:150} INFO - [2023-07-12T06:37:26.363+0000] {dag.py:3508} INFO - Setting next_dagrun for example_xcom_args_with_operators to None, run_after=None
[2023-07-12T06:37:26.389+0000] {processor.py:179} INFO - Processing /home/airflow/.local/lib/python3.7/site-packages/airflow/example_dags/example_xcomargs.py took 0.143 seconds
[2023-07-12T06:37:56.675+0000] {processor.py:157} INFO - Started process (PID=4368) to work on /home/airflow/.local/lib/python3.7/site-packages/airflow/example_dags/example_xcomargs.py
[2023-07-12T06:37:56.678+0000] {processor.py:826} INFO - Processing file /home/airflow/.local/lib/python3.7/site-packages/airflow/example_dags/example_xcomargs.py for tasks to queue
[2023-07-12T06:37:56.681+0000] {logging_mixin.py:150} INFO - [2023-07-12T06:37:56.681+0000] {dagbag.py:541} INFO - Filling up the DagBag from /home/airflow/.local/lib/python3.7/site-packages/airflow/example_dags/example_xcomargs.py
[2023-07-12T06:37:56.696+0000] {processor.py:836} INFO - DAG(s) dict_keys(['example_xcom_args_with_operators', 'example_xcom_args']) retrieved from /home/airflow/.local/lib/python3.7/site-packages/airflow/example_dags/example_xcomargs.py
[2023-07-12T06:37:56.744+0000] {logging_mixin.py:150} INFO - [2023-07-12T06:37:56.744+0000] {dag.py:2742} INFO - Sync 2 DAGs
[2023-07-12T06:37:56.779+0000] {logging_mixin.py:150} INFO - [2023-07-12T06:37:56.779+0000] {dag.py:3508} INFO - Setting next_dagrun for example_xcom_args to None, run_after=None
[2023-07-12T06:37:56.787+0000] {logging_mixin.py:150} INFO - [2023-07-12T06:37:56.786+0000] {dag.py:3508} INFO - Setting next_dagrun for example_xcom_args_with_operators to None, run_after=None
[2023-07-12T06:37:56.811+0000] {processor.py:179} INFO - Processing /home/airflow/.local/lib/python3.7/site-packages/airflow/example_dags/example_xcomargs.py took 0.143 seconds
[2023-07-12T06:38:27.072+0000] {processor.py:157} INFO - Started process (PID=4609) to work on /home/airflow/.local/lib/python3.7/site-packages/airflow/example_dags/example_xcomargs.py
[2023-07-12T06:38:27.075+0000] {processor.py:826} INFO - Processing file /home/airflow/.local/lib/python3.7/site-packages/airflow/example_dags/example_xcomargs.py for tasks to queue
[2023-07-12T06:38:27.078+0000] {logging_mixin.py:150} INFO - [2023-07-12T06:38:27.078+0000] {dagbag.py:541} INFO - Filling up the DagBag from /home/airflow/.local/lib/python3.7/site-packages/airflow/example_dags/example_xcomargs.py
[2023-07-12T06:38:27.095+0000] {processor.py:836} INFO - DAG(s) dict_keys(['example_xcom_args', 'example_xcom_args_with_operators']) retrieved from /home/airflow/.local/lib/python3.7/site-packages/airflow/example_dags/example_xcomargs.py
[2023-07-12T06:38:27.139+0000] {logging_mixin.py:150} INFO - [2023-07-12T06:38:27.139+0000] {dag.py:2742} INFO - Sync 2 DAGs
[2023-07-12T06:38:27.172+0000] {logging_mixin.py:150} INFO - [2023-07-12T06:38:27.172+0000] {dag.py:3508} INFO - Setting next_dagrun for example_xcom_args to None, run_after=None
[2023-07-12T06:38:27.179+0000] {logging_mixin.py:150} INFO - [2023-07-12T06:38:27.179+0000] {dag.py:3508} INFO - Setting next_dagrun for example_xcom_args_with_operators to None, run_after=None
[2023-07-12T06:38:27.204+0000] {processor.py:179} INFO - Processing /home/airflow/.local/lib/python3.7/site-packages/airflow/example_dags/example_xcomargs.py took 0.139 seconds
[2023-07-12T06:38:57.595+0000] {processor.py:157} INFO - Started process (PID=4850) to work on /home/airflow/.local/lib/python3.7/site-packages/airflow/example_dags/example_xcomargs.py
[2023-07-12T06:38:57.598+0000] {processor.py:826} INFO - Processing file /home/airflow/.local/lib/python3.7/site-packages/airflow/example_dags/example_xcomargs.py for tasks to queue
[2023-07-12T06:38:57.600+0000] {logging_mixin.py:150} INFO - [2023-07-12T06:38:57.600+0000] {dagbag.py:541} INFO - Filling up the DagBag from /home/airflow/.local/lib/python3.7/site-packages/airflow/example_dags/example_xcomargs.py
[2023-07-12T06:38:57.617+0000] {processor.py:836} INFO - DAG(s) dict_keys(['example_xcom_args', 'example_xcom_args_with_operators']) retrieved from /home/airflow/.local/lib/python3.7/site-packages/airflow/example_dags/example_xcomargs.py
[2023-07-12T06:38:57.662+0000] {logging_mixin.py:150} INFO - [2023-07-12T06:38:57.662+0000] {dag.py:2742} INFO - Sync 2 DAGs
[2023-07-12T06:38:57.698+0000] {logging_mixin.py:150} INFO - [2023-07-12T06:38:57.698+0000] {dag.py:3508} INFO - Setting next_dagrun for example_xcom_args to None, run_after=None
[2023-07-12T06:38:57.705+0000] {logging_mixin.py:150} INFO - [2023-07-12T06:38:57.705+0000] {dag.py:3508} INFO - Setting next_dagrun for example_xcom_args_with_operators to None, run_after=None
[2023-07-12T06:38:57.735+0000] {processor.py:179} INFO - Processing /home/airflow/.local/lib/python3.7/site-packages/airflow/example_dags/example_xcomargs.py took 0.146 seconds
[2023-07-12T06:39:28.343+0000] {processor.py:157} INFO - Started process (PID=5091) to work on /home/airflow/.local/lib/python3.7/site-packages/airflow/example_dags/example_xcomargs.py
[2023-07-12T06:39:28.345+0000] {processor.py:826} INFO - Processing file /home/airflow/.local/lib/python3.7/site-packages/airflow/example_dags/example_xcomargs.py for tasks to queue
[2023-07-12T06:39:28.347+0000] {logging_mixin.py:150} INFO - [2023-07-12T06:39:28.346+0000] {dagbag.py:541} INFO - Filling up the DagBag from /home/airflow/.local/lib/python3.7/site-packages/airflow/example_dags/example_xcomargs.py
[2023-07-12T06:39:28.360+0000] {processor.py:836} INFO - DAG(s) dict_keys(['example_xcom_args_with_operators', 'example_xcom_args']) retrieved from /home/airflow/.local/lib/python3.7/site-packages/airflow/example_dags/example_xcomargs.py
[2023-07-12T06:39:28.407+0000] {logging_mixin.py:150} INFO - [2023-07-12T06:39:28.406+0000] {dag.py:2742} INFO - Sync 2 DAGs
[2023-07-12T06:39:28.445+0000] {logging_mixin.py:150} INFO - [2023-07-12T06:39:28.444+0000] {dag.py:3508} INFO - Setting next_dagrun for example_xcom_args to None, run_after=None
[2023-07-12T06:39:28.451+0000] {logging_mixin.py:150} INFO - [2023-07-12T06:39:28.451+0000] {dag.py:3508} INFO - Setting next_dagrun for example_xcom_args_with_operators to None, run_after=None
[2023-07-12T06:39:28.480+0000] {processor.py:179} INFO - Processing /home/airflow/.local/lib/python3.7/site-packages/airflow/example_dags/example_xcomargs.py took 0.143 seconds
[2023-07-12T06:39:59.364+0000] {processor.py:157} INFO - Started process (PID=5332) to work on /home/airflow/.local/lib/python3.7/site-packages/airflow/example_dags/example_xcomargs.py
[2023-07-12T06:39:59.366+0000] {processor.py:826} INFO - Processing file /home/airflow/.local/lib/python3.7/site-packages/airflow/example_dags/example_xcomargs.py for tasks to queue
[2023-07-12T06:39:59.368+0000] {logging_mixin.py:150} INFO - [2023-07-12T06:39:59.368+0000] {dagbag.py:541} INFO - Filling up the DagBag from /home/airflow/.local/lib/python3.7/site-packages/airflow/example_dags/example_xcomargs.py
[2023-07-12T06:39:59.380+0000] {processor.py:836} INFO - DAG(s) dict_keys(['example_xcom_args_with_operators', 'example_xcom_args']) retrieved from /home/airflow/.local/lib/python3.7/site-packages/airflow/example_dags/example_xcomargs.py
[2023-07-12T06:39:59.417+0000] {logging_mixin.py:150} INFO - [2023-07-12T06:39:59.417+0000] {dag.py:2742} INFO - Sync 2 DAGs
[2023-07-12T06:39:59.448+0000] {logging_mixin.py:150} INFO - [2023-07-12T06:39:59.448+0000] {dag.py:3508} INFO - Setting next_dagrun for example_xcom_args to None, run_after=None
[2023-07-12T06:39:59.456+0000] {logging_mixin.py:150} INFO - [2023-07-12T06:39:59.456+0000] {dag.py:3508} INFO - Setting next_dagrun for example_xcom_args_with_operators to None, run_after=None
[2023-07-12T06:39:59.479+0000] {processor.py:179} INFO - Processing /home/airflow/.local/lib/python3.7/site-packages/airflow/example_dags/example_xcomargs.py took 0.120 seconds
[2023-07-12T06:40:29.911+0000] {processor.py:157} INFO - Started process (PID=5573) to work on /home/airflow/.local/lib/python3.7/site-packages/airflow/example_dags/example_xcomargs.py
[2023-07-12T06:40:29.913+0000] {processor.py:826} INFO - Processing file /home/airflow/.local/lib/python3.7/site-packages/airflow/example_dags/example_xcomargs.py for tasks to queue
[2023-07-12T06:40:29.915+0000] {logging_mixin.py:150} INFO - [2023-07-12T06:40:29.915+0000] {dagbag.py:541} INFO - Filling up the DagBag from /home/airflow/.local/lib/python3.7/site-packages/airflow/example_dags/example_xcomargs.py
[2023-07-12T06:40:29.927+0000] {processor.py:836} INFO - DAG(s) dict_keys(['example_xcom_args', 'example_xcom_args_with_operators']) retrieved from /home/airflow/.local/lib/python3.7/site-packages/airflow/example_dags/example_xcomargs.py
[2023-07-12T06:40:29.965+0000] {logging_mixin.py:150} INFO - [2023-07-12T06:40:29.965+0000] {dag.py:2742} INFO - Sync 2 DAGs
[2023-07-12T06:40:29.997+0000] {logging_mixin.py:150} INFO - [2023-07-12T06:40:29.996+0000] {dag.py:3508} INFO - Setting next_dagrun for example_xcom_args to None, run_after=None
[2023-07-12T06:40:30.003+0000] {logging_mixin.py:150} INFO - [2023-07-12T06:40:30.003+0000] {dag.py:3508} INFO - Setting next_dagrun for example_xcom_args_with_operators to None, run_after=None
[2023-07-12T06:40:30.031+0000] {processor.py:179} INFO - Processing /home/airflow/.local/lib/python3.7/site-packages/airflow/example_dags/example_xcomargs.py took 0.124 seconds
[2023-07-12T06:41:00.152+0000] {processor.py:157} INFO - Started process (PID=5814) to work on /home/airflow/.local/lib/python3.7/site-packages/airflow/example_dags/example_xcomargs.py
[2023-07-12T06:41:00.154+0000] {processor.py:826} INFO - Processing file /home/airflow/.local/lib/python3.7/site-packages/airflow/example_dags/example_xcomargs.py for tasks to queue
[2023-07-12T06:41:00.156+0000] {logging_mixin.py:150} INFO - [2023-07-12T06:41:00.155+0000] {dagbag.py:541} INFO - Filling up the DagBag from /home/airflow/.local/lib/python3.7/site-packages/airflow/example_dags/example_xcomargs.py
[2023-07-12T06:41:00.167+0000] {processor.py:836} INFO - DAG(s) dict_keys(['example_xcom_args', 'example_xcom_args_with_operators']) retrieved from /home/airflow/.local/lib/python3.7/site-packages/airflow/example_dags/example_xcomargs.py
[2023-07-12T06:41:00.204+0000] {logging_mixin.py:150} INFO - [2023-07-12T06:41:00.204+0000] {dag.py:2742} INFO - Sync 2 DAGs
[2023-07-12T06:41:00.237+0000] {logging_mixin.py:150} INFO - [2023-07-12T06:41:00.236+0000] {dag.py:3508} INFO - Setting next_dagrun for example_xcom_args to None, run_after=None
[2023-07-12T06:41:00.243+0000] {logging_mixin.py:150} INFO - [2023-07-12T06:41:00.243+0000] {dag.py:3508} INFO - Setting next_dagrun for example_xcom_args_with_operators to None, run_after=None
[2023-07-12T06:41:00.266+0000] {processor.py:179} INFO - Processing /home/airflow/.local/lib/python3.7/site-packages/airflow/example_dags/example_xcomargs.py took 0.119 seconds
[2023-07-12T06:41:30.627+0000] {processor.py:157} INFO - Started process (PID=6055) to work on /home/airflow/.local/lib/python3.7/site-packages/airflow/example_dags/example_xcomargs.py
[2023-07-12T06:41:30.629+0000] {processor.py:826} INFO - Processing file /home/airflow/.local/lib/python3.7/site-packages/airflow/example_dags/example_xcomargs.py for tasks to queue
[2023-07-12T06:41:30.631+0000] {logging_mixin.py:150} INFO - [2023-07-12T06:41:30.631+0000] {dagbag.py:541} INFO - Filling up the DagBag from /home/airflow/.local/lib/python3.7/site-packages/airflow/example_dags/example_xcomargs.py
[2023-07-12T06:41:30.644+0000] {processor.py:836} INFO - DAG(s) dict_keys(['example_xcom_args_with_operators', 'example_xcom_args']) retrieved from /home/airflow/.local/lib/python3.7/site-packages/airflow/example_dags/example_xcomargs.py
[2023-07-12T06:41:30.684+0000] {logging_mixin.py:150} INFO - [2023-07-12T06:41:30.684+0000] {dag.py:2742} INFO - Sync 2 DAGs
[2023-07-12T06:41:30.716+0000] {logging_mixin.py:150} INFO - [2023-07-12T06:41:30.716+0000] {dag.py:3508} INFO - Setting next_dagrun for example_xcom_args to None, run_after=None
[2023-07-12T06:41:30.722+0000] {logging_mixin.py:150} INFO - [2023-07-12T06:41:30.722+0000] {dag.py:3508} INFO - Setting next_dagrun for example_xcom_args_with_operators to None, run_after=None
[2023-07-12T06:41:30.746+0000] {processor.py:179} INFO - Processing /home/airflow/.local/lib/python3.7/site-packages/airflow/example_dags/example_xcomargs.py took 0.123 seconds
[2023-07-12T06:42:01.246+0000] {processor.py:157} INFO - Started process (PID=6296) to work on /home/airflow/.local/lib/python3.7/site-packages/airflow/example_dags/example_xcomargs.py
[2023-07-12T06:42:01.248+0000] {processor.py:826} INFO - Processing file /home/airflow/.local/lib/python3.7/site-packages/airflow/example_dags/example_xcomargs.py for tasks to queue
[2023-07-12T06:42:01.250+0000] {logging_mixin.py:150} INFO - [2023-07-12T06:42:01.250+0000] {dagbag.py:541} INFO - Filling up the DagBag from /home/airflow/.local/lib/python3.7/site-packages/airflow/example_dags/example_xcomargs.py
[2023-07-12T06:42:01.262+0000] {processor.py:836} INFO - DAG(s) dict_keys(['example_xcom_args_with_operators', 'example_xcom_args']) retrieved from /home/airflow/.local/lib/python3.7/site-packages/airflow/example_dags/example_xcomargs.py
[2023-07-12T06:42:01.299+0000] {logging_mixin.py:150} INFO - [2023-07-12T06:42:01.299+0000] {dag.py:2742} INFO - Sync 2 DAGs
[2023-07-12T06:42:01.332+0000] {logging_mixin.py:150} INFO - [2023-07-12T06:42:01.332+0000] {dag.py:3508} INFO - Setting next_dagrun for example_xcom_args to None, run_after=None
[2023-07-12T06:42:01.339+0000] {logging_mixin.py:150} INFO - [2023-07-12T06:42:01.338+0000] {dag.py:3508} INFO - Setting next_dagrun for example_xcom_args_with_operators to None, run_after=None
[2023-07-12T06:42:01.363+0000] {processor.py:179} INFO - Processing /home/airflow/.local/lib/python3.7/site-packages/airflow/example_dags/example_xcomargs.py took 0.121 seconds
[2023-07-12T06:42:31.760+0000] {processor.py:157} INFO - Started process (PID=6538) to work on /home/airflow/.local/lib/python3.7/site-packages/airflow/example_dags/example_xcomargs.py
[2023-07-12T06:42:31.761+0000] {processor.py:826} INFO - Processing file /home/airflow/.local/lib/python3.7/site-packages/airflow/example_dags/example_xcomargs.py for tasks to queue
[2023-07-12T06:42:31.763+0000] {logging_mixin.py:150} INFO - [2023-07-12T06:42:31.763+0000] {dagbag.py:541} INFO - Filling up the DagBag from /home/airflow/.local/lib/python3.7/site-packages/airflow/example_dags/example_xcomargs.py
[2023-07-12T06:42:31.775+0000] {processor.py:836} INFO - DAG(s) dict_keys(['example_xcom_args', 'example_xcom_args_with_operators']) retrieved from /home/airflow/.local/lib/python3.7/site-packages/airflow/example_dags/example_xcomargs.py
[2023-07-12T06:42:31.812+0000] {logging_mixin.py:150} INFO - [2023-07-12T06:42:31.812+0000] {dag.py:2742} INFO - Sync 2 DAGs
[2023-07-12T06:42:31.843+0000] {logging_mixin.py:150} INFO - [2023-07-12T06:42:31.843+0000] {dag.py:3508} INFO - Setting next_dagrun for example_xcom_args to None, run_after=None
[2023-07-12T06:42:31.849+0000] {logging_mixin.py:150} INFO - [2023-07-12T06:42:31.849+0000] {dag.py:3508} INFO - Setting next_dagrun for example_xcom_args_with_operators to None, run_after=None
[2023-07-12T06:42:31.873+0000] {processor.py:179} INFO - Processing /home/airflow/.local/lib/python3.7/site-packages/airflow/example_dags/example_xcomargs.py took 0.118 seconds
[2023-07-12T06:43:02.069+0000] {processor.py:157} INFO - Started process (PID=6779) to work on /home/airflow/.local/lib/python3.7/site-packages/airflow/example_dags/example_xcomargs.py
[2023-07-12T06:43:02.072+0000] {processor.py:826} INFO - Processing file /home/airflow/.local/lib/python3.7/site-packages/airflow/example_dags/example_xcomargs.py for tasks to queue
[2023-07-12T06:43:02.075+0000] {logging_mixin.py:150} INFO - [2023-07-12T06:43:02.074+0000] {dagbag.py:541} INFO - Filling up the DagBag from /home/airflow/.local/lib/python3.7/site-packages/airflow/example_dags/example_xcomargs.py
[2023-07-12T06:43:02.087+0000] {processor.py:836} INFO - DAG(s) dict_keys(['example_xcom_args', 'example_xcom_args_with_operators']) retrieved from /home/airflow/.local/lib/python3.7/site-packages/airflow/example_dags/example_xcomargs.py
[2023-07-12T06:43:02.127+0000] {logging_mixin.py:150} INFO - [2023-07-12T06:43:02.127+0000] {dag.py:2742} INFO - Sync 2 DAGs
[2023-07-12T06:43:02.159+0000] {logging_mixin.py:150} INFO - [2023-07-12T06:43:02.159+0000] {dag.py:3508} INFO - Setting next_dagrun for example_xcom_args to None, run_after=None
[2023-07-12T06:43:02.166+0000] {logging_mixin.py:150} INFO - [2023-07-12T06:43:02.165+0000] {dag.py:3508} INFO - Setting next_dagrun for example_xcom_args_with_operators to None, run_after=None
[2023-07-12T06:43:02.189+0000] {processor.py:179} INFO - Processing /home/airflow/.local/lib/python3.7/site-packages/airflow/example_dags/example_xcomargs.py took 0.125 seconds
[2023-07-12T06:43:32.522+0000] {processor.py:157} INFO - Started process (PID=7020) to work on /home/airflow/.local/lib/python3.7/site-packages/airflow/example_dags/example_xcomargs.py
[2023-07-12T06:43:32.524+0000] {processor.py:826} INFO - Processing file /home/airflow/.local/lib/python3.7/site-packages/airflow/example_dags/example_xcomargs.py for tasks to queue
[2023-07-12T06:43:32.527+0000] {logging_mixin.py:150} INFO - [2023-07-12T06:43:32.526+0000] {dagbag.py:541} INFO - Filling up the DagBag from /home/airflow/.local/lib/python3.7/site-packages/airflow/example_dags/example_xcomargs.py
[2023-07-12T06:43:32.538+0000] {processor.py:836} INFO - DAG(s) dict_keys(['example_xcom_args_with_operators', 'example_xcom_args']) retrieved from /home/airflow/.local/lib/python3.7/site-packages/airflow/example_dags/example_xcomargs.py
[2023-07-12T06:43:32.577+0000] {logging_mixin.py:150} INFO - [2023-07-12T06:43:32.577+0000] {dag.py:2742} INFO - Sync 2 DAGs
[2023-07-12T06:43:32.609+0000] {logging_mixin.py:150} INFO - [2023-07-12T06:43:32.608+0000] {dag.py:3508} INFO - Setting next_dagrun for example_xcom_args to None, run_after=None
[2023-07-12T06:43:32.615+0000] {logging_mixin.py:150} INFO - [2023-07-12T06:43:32.615+0000] {dag.py:3508} INFO - Setting next_dagrun for example_xcom_args_with_operators to None, run_after=None
[2023-07-12T06:43:32.638+0000] {processor.py:179} INFO - Processing /home/airflow/.local/lib/python3.7/site-packages/airflow/example_dags/example_xcomargs.py took 0.120 seconds
[2023-07-12T06:44:02.725+0000] {processor.py:157} INFO - Started process (PID=7261) to work on /home/airflow/.local/lib/python3.7/site-packages/airflow/example_dags/example_xcomargs.py
[2023-07-12T06:44:02.728+0000] {processor.py:826} INFO - Processing file /home/airflow/.local/lib/python3.7/site-packages/airflow/example_dags/example_xcomargs.py for tasks to queue
[2023-07-12T06:44:02.730+0000] {logging_mixin.py:150} INFO - [2023-07-12T06:44:02.729+0000] {dagbag.py:541} INFO - Filling up the DagBag from /home/airflow/.local/lib/python3.7/site-packages/airflow/example_dags/example_xcomargs.py
[2023-07-12T06:44:02.742+0000] {processor.py:836} INFO - DAG(s) dict_keys(['example_xcom_args', 'example_xcom_args_with_operators']) retrieved from /home/airflow/.local/lib/python3.7/site-packages/airflow/example_dags/example_xcomargs.py
[2023-07-12T06:44:02.779+0000] {logging_mixin.py:150} INFO - [2023-07-12T06:44:02.779+0000] {dag.py:2742} INFO - Sync 2 DAGs
[2023-07-12T06:44:02.811+0000] {logging_mixin.py:150} INFO - [2023-07-12T06:44:02.811+0000] {dag.py:3508} INFO - Setting next_dagrun for example_xcom_args to None, run_after=None
[2023-07-12T06:44:02.817+0000] {logging_mixin.py:150} INFO - [2023-07-12T06:44:02.817+0000] {dag.py:3508} INFO - Setting next_dagrun for example_xcom_args_with_operators to None, run_after=None
[2023-07-12T06:44:02.841+0000] {processor.py:179} INFO - Processing /home/airflow/.local/lib/python3.7/site-packages/airflow/example_dags/example_xcomargs.py took 0.123 seconds
[2023-07-12T06:44:33.126+0000] {processor.py:157} INFO - Started process (PID=7502) to work on /home/airflow/.local/lib/python3.7/site-packages/airflow/example_dags/example_xcomargs.py
[2023-07-12T06:44:33.129+0000] {processor.py:826} INFO - Processing file /home/airflow/.local/lib/python3.7/site-packages/airflow/example_dags/example_xcomargs.py for tasks to queue
[2023-07-12T06:44:33.131+0000] {logging_mixin.py:150} INFO - [2023-07-12T06:44:33.130+0000] {dagbag.py:541} INFO - Filling up the DagBag from /home/airflow/.local/lib/python3.7/site-packages/airflow/example_dags/example_xcomargs.py
[2023-07-12T06:44:33.142+0000] {processor.py:836} INFO - DAG(s) dict_keys(['example_xcom_args_with_operators', 'example_xcom_args']) retrieved from /home/airflow/.local/lib/python3.7/site-packages/airflow/example_dags/example_xcomargs.py
[2023-07-12T06:44:33.179+0000] {logging_mixin.py:150} INFO - [2023-07-12T06:44:33.179+0000] {dag.py:2742} INFO - Sync 2 DAGs
[2023-07-12T06:44:33.211+0000] {logging_mixin.py:150} INFO - [2023-07-12T06:44:33.211+0000] {dag.py:3508} INFO - Setting next_dagrun for example_xcom_args to None, run_after=None
[2023-07-12T06:44:33.218+0000] {logging_mixin.py:150} INFO - [2023-07-12T06:44:33.218+0000] {dag.py:3508} INFO - Setting next_dagrun for example_xcom_args_with_operators to None, run_after=None
[2023-07-12T06:44:33.241+0000] {processor.py:179} INFO - Processing /home/airflow/.local/lib/python3.7/site-packages/airflow/example_dags/example_xcomargs.py took 0.120 seconds
[2023-07-12T06:45:03.837+0000] {processor.py:157} INFO - Started process (PID=7743) to work on /home/airflow/.local/lib/python3.7/site-packages/airflow/example_dags/example_xcomargs.py
[2023-07-12T06:45:03.839+0000] {processor.py:826} INFO - Processing file /home/airflow/.local/lib/python3.7/site-packages/airflow/example_dags/example_xcomargs.py for tasks to queue
[2023-07-12T06:45:03.841+0000] {logging_mixin.py:150} INFO - [2023-07-12T06:45:03.841+0000] {dagbag.py:541} INFO - Filling up the DagBag from /home/airflow/.local/lib/python3.7/site-packages/airflow/example_dags/example_xcomargs.py
[2023-07-12T06:45:03.853+0000] {processor.py:836} INFO - DAG(s) dict_keys(['example_xcom_args_with_operators', 'example_xcom_args']) retrieved from /home/airflow/.local/lib/python3.7/site-packages/airflow/example_dags/example_xcomargs.py
[2023-07-12T06:45:03.890+0000] {logging_mixin.py:150} INFO - [2023-07-12T06:45:03.889+0000] {dag.py:2742} INFO - Sync 2 DAGs
[2023-07-12T06:45:03.922+0000] {logging_mixin.py:150} INFO - [2023-07-12T06:45:03.921+0000] {dag.py:3508} INFO - Setting next_dagrun for example_xcom_args to None, run_after=None
[2023-07-12T06:45:03.927+0000] {logging_mixin.py:150} INFO - [2023-07-12T06:45:03.927+0000] {dag.py:3508} INFO - Setting next_dagrun for example_xcom_args_with_operators to None, run_after=None
[2023-07-12T06:45:03.950+0000] {processor.py:179} INFO - Processing /home/airflow/.local/lib/python3.7/site-packages/airflow/example_dags/example_xcomargs.py took 0.117 seconds
[2023-07-12T06:45:34.018+0000] {processor.py:157} INFO - Started process (PID=7984) to work on /home/airflow/.local/lib/python3.7/site-packages/airflow/example_dags/example_xcomargs.py
[2023-07-12T06:45:34.021+0000] {processor.py:826} INFO - Processing file /home/airflow/.local/lib/python3.7/site-packages/airflow/example_dags/example_xcomargs.py for tasks to queue
[2023-07-12T06:45:34.023+0000] {logging_mixin.py:150} INFO - [2023-07-12T06:45:34.022+0000] {dagbag.py:541} INFO - Filling up the DagBag from /home/airflow/.local/lib/python3.7/site-packages/airflow/example_dags/example_xcomargs.py
[2023-07-12T06:45:34.034+0000] {processor.py:836} INFO - DAG(s) dict_keys(['example_xcom_args', 'example_xcom_args_with_operators']) retrieved from /home/airflow/.local/lib/python3.7/site-packages/airflow/example_dags/example_xcomargs.py
[2023-07-12T06:45:34.072+0000] {logging_mixin.py:150} INFO - [2023-07-12T06:45:34.071+0000] {dag.py:2742} INFO - Sync 2 DAGs
[2023-07-12T06:45:34.104+0000] {logging_mixin.py:150} INFO - [2023-07-12T06:45:34.104+0000] {dag.py:3508} INFO - Setting next_dagrun for example_xcom_args to None, run_after=None
[2023-07-12T06:45:34.111+0000] {logging_mixin.py:150} INFO - [2023-07-12T06:45:34.111+0000] {dag.py:3508} INFO - Setting next_dagrun for example_xcom_args_with_operators to None, run_after=None
[2023-07-12T06:45:34.134+0000] {processor.py:179} INFO - Processing /home/airflow/.local/lib/python3.7/site-packages/airflow/example_dags/example_xcomargs.py took 0.120 seconds
[2023-07-12T06:46:04.293+0000] {processor.py:157} INFO - Started process (PID=8225) to work on /home/airflow/.local/lib/python3.7/site-packages/airflow/example_dags/example_xcomargs.py
[2023-07-12T06:46:04.295+0000] {processor.py:826} INFO - Processing file /home/airflow/.local/lib/python3.7/site-packages/airflow/example_dags/example_xcomargs.py for tasks to queue
[2023-07-12T06:46:04.297+0000] {logging_mixin.py:150} INFO - [2023-07-12T06:46:04.297+0000] {dagbag.py:541} INFO - Filling up the DagBag from /home/airflow/.local/lib/python3.7/site-packages/airflow/example_dags/example_xcomargs.py
[2023-07-12T06:46:04.309+0000] {processor.py:836} INFO - DAG(s) dict_keys(['example_xcom_args', 'example_xcom_args_with_operators']) retrieved from /home/airflow/.local/lib/python3.7/site-packages/airflow/example_dags/example_xcomargs.py
[2023-07-12T06:46:04.346+0000] {logging_mixin.py:150} INFO - [2023-07-12T06:46:04.345+0000] {dag.py:2742} INFO - Sync 2 DAGs
[2023-07-12T06:46:04.378+0000] {logging_mixin.py:150} INFO - [2023-07-12T06:46:04.378+0000] {dag.py:3508} INFO - Setting next_dagrun for example_xcom_args to None, run_after=None
[2023-07-12T06:46:04.384+0000] {logging_mixin.py:150} INFO - [2023-07-12T06:46:04.384+0000] {dag.py:3508} INFO - Setting next_dagrun for example_xcom_args_with_operators to None, run_after=None
[2023-07-12T06:46:04.406+0000] {processor.py:179} INFO - Processing /home/airflow/.local/lib/python3.7/site-packages/airflow/example_dags/example_xcomargs.py took 0.118 seconds
[2023-07-12T06:46:34.723+0000] {processor.py:157} INFO - Started process (PID=8466) to work on /home/airflow/.local/lib/python3.7/site-packages/airflow/example_dags/example_xcomargs.py
[2023-07-12T06:46:34.726+0000] {processor.py:826} INFO - Processing file /home/airflow/.local/lib/python3.7/site-packages/airflow/example_dags/example_xcomargs.py for tasks to queue
[2023-07-12T06:46:34.728+0000] {logging_mixin.py:150} INFO - [2023-07-12T06:46:34.727+0000] {dagbag.py:541} INFO - Filling up the DagBag from /home/airflow/.local/lib/python3.7/site-packages/airflow/example_dags/example_xcomargs.py
[2023-07-12T06:46:34.739+0000] {processor.py:836} INFO - DAG(s) dict_keys(['example_xcom_args', 'example_xcom_args_with_operators']) retrieved from /home/airflow/.local/lib/python3.7/site-packages/airflow/example_dags/example_xcomargs.py
[2023-07-12T06:46:34.775+0000] {logging_mixin.py:150} INFO - [2023-07-12T06:46:34.775+0000] {dag.py:2742} INFO - Sync 2 DAGs
[2023-07-12T06:46:34.807+0000] {logging_mixin.py:150} INFO - [2023-07-12T06:46:34.807+0000] {dag.py:3508} INFO - Setting next_dagrun for example_xcom_args to None, run_after=None
[2023-07-12T06:46:34.814+0000] {logging_mixin.py:150} INFO - [2023-07-12T06:46:34.814+0000] {dag.py:3508} INFO - Setting next_dagrun for example_xcom_args_with_operators to None, run_after=None
[2023-07-12T06:46:34.837+0000] {processor.py:179} INFO - Processing /home/airflow/.local/lib/python3.7/site-packages/airflow/example_dags/example_xcomargs.py took 0.118 seconds
[2023-07-12T06:47:05.303+0000] {processor.py:157} INFO - Started process (PID=8712) to work on /home/airflow/.local/lib/python3.7/site-packages/airflow/example_dags/example_xcomargs.py
[2023-07-12T06:47:05.305+0000] {processor.py:826} INFO - Processing file /home/airflow/.local/lib/python3.7/site-packages/airflow/example_dags/example_xcomargs.py for tasks to queue
[2023-07-12T06:47:05.309+0000] {logging_mixin.py:150} INFO - [2023-07-12T06:47:05.309+0000] {dagbag.py:541} INFO - Filling up the DagBag from /home/airflow/.local/lib/python3.7/site-packages/airflow/example_dags/example_xcomargs.py
[2023-07-12T06:47:05.345+0000] {processor.py:836} INFO - DAG(s) dict_keys(['example_xcom_args', 'example_xcom_args_with_operators']) retrieved from /home/airflow/.local/lib/python3.7/site-packages/airflow/example_dags/example_xcomargs.py
[2023-07-12T06:47:05.382+0000] {logging_mixin.py:150} INFO - [2023-07-12T06:47:05.382+0000] {dag.py:2742} INFO - Sync 2 DAGs
[2023-07-12T06:47:05.413+0000] {logging_mixin.py:150} INFO - [2023-07-12T06:47:05.413+0000] {dag.py:3508} INFO - Setting next_dagrun for example_xcom_args to None, run_after=None
[2023-07-12T06:47:05.420+0000] {logging_mixin.py:150} INFO - [2023-07-12T06:47:05.420+0000] {dag.py:3508} INFO - Setting next_dagrun for example_xcom_args_with_operators to None, run_after=None
[2023-07-12T06:47:05.443+0000] {processor.py:179} INFO - Processing /home/airflow/.local/lib/python3.7/site-packages/airflow/example_dags/example_xcomargs.py took 0.145 seconds
[2023-07-12T06:47:35.661+0000] {processor.py:157} INFO - Started process (PID=8953) to work on /home/airflow/.local/lib/python3.7/site-packages/airflow/example_dags/example_xcomargs.py
[2023-07-12T06:47:35.665+0000] {processor.py:826} INFO - Processing file /home/airflow/.local/lib/python3.7/site-packages/airflow/example_dags/example_xcomargs.py for tasks to queue
[2023-07-12T06:47:35.669+0000] {logging_mixin.py:150} INFO - [2023-07-12T06:47:35.668+0000] {dagbag.py:541} INFO - Filling up the DagBag from /home/airflow/.local/lib/python3.7/site-packages/airflow/example_dags/example_xcomargs.py
[2023-07-12T06:47:35.691+0000] {processor.py:836} INFO - DAG(s) dict_keys(['example_xcom_args', 'example_xcom_args_with_operators']) retrieved from /home/airflow/.local/lib/python3.7/site-packages/airflow/example_dags/example_xcomargs.py
[2023-07-12T06:47:35.751+0000] {logging_mixin.py:150} INFO - [2023-07-12T06:47:35.751+0000] {dag.py:2742} INFO - Sync 2 DAGs
[2023-07-12T06:47:35.805+0000] {logging_mixin.py:150} INFO - [2023-07-12T06:47:35.805+0000] {dag.py:3508} INFO - Setting next_dagrun for example_xcom_args to None, run_after=None
[2023-07-12T06:47:35.820+0000] {logging_mixin.py:150} INFO - [2023-07-12T06:47:35.819+0000] {dag.py:3508} INFO - Setting next_dagrun for example_xcom_args_with_operators to None, run_after=None
[2023-07-12T06:47:35.900+0000] {processor.py:179} INFO - Processing /home/airflow/.local/lib/python3.7/site-packages/airflow/example_dags/example_xcomargs.py took 0.246 seconds
[2023-07-12T06:48:06.426+0000] {processor.py:157} INFO - Started process (PID=9199) to work on /home/airflow/.local/lib/python3.7/site-packages/airflow/example_dags/example_xcomargs.py
[2023-07-12T06:48:06.429+0000] {processor.py:826} INFO - Processing file /home/airflow/.local/lib/python3.7/site-packages/airflow/example_dags/example_xcomargs.py for tasks to queue
[2023-07-12T06:48:06.432+0000] {logging_mixin.py:150} INFO - [2023-07-12T06:48:06.432+0000] {dagbag.py:541} INFO - Filling up the DagBag from /home/airflow/.local/lib/python3.7/site-packages/airflow/example_dags/example_xcomargs.py
[2023-07-12T06:48:06.448+0000] {processor.py:836} INFO - DAG(s) dict_keys(['example_xcom_args', 'example_xcom_args_with_operators']) retrieved from /home/airflow/.local/lib/python3.7/site-packages/airflow/example_dags/example_xcomargs.py
[2023-07-12T06:48:06.501+0000] {logging_mixin.py:150} INFO - [2023-07-12T06:48:06.500+0000] {dag.py:2742} INFO - Sync 2 DAGs
[2023-07-12T06:48:06.557+0000] {logging_mixin.py:150} INFO - [2023-07-12T06:48:06.557+0000] {dag.py:3508} INFO - Setting next_dagrun for example_xcom_args to None, run_after=None
[2023-07-12T06:48:06.567+0000] {logging_mixin.py:150} INFO - [2023-07-12T06:48:06.567+0000] {dag.py:3508} INFO - Setting next_dagrun for example_xcom_args_with_operators to None, run_after=None
[2023-07-12T06:48:06.611+0000] {processor.py:179} INFO - Processing /home/airflow/.local/lib/python3.7/site-packages/airflow/example_dags/example_xcomargs.py took 0.191 seconds
[2023-07-12T06:48:36.763+0000] {processor.py:157} INFO - Started process (PID=9440) to work on /home/airflow/.local/lib/python3.7/site-packages/airflow/example_dags/example_xcomargs.py
[2023-07-12T06:48:36.767+0000] {processor.py:826} INFO - Processing file /home/airflow/.local/lib/python3.7/site-packages/airflow/example_dags/example_xcomargs.py for tasks to queue
[2023-07-12T06:48:36.770+0000] {logging_mixin.py:150} INFO - [2023-07-12T06:48:36.770+0000] {dagbag.py:541} INFO - Filling up the DagBag from /home/airflow/.local/lib/python3.7/site-packages/airflow/example_dags/example_xcomargs.py
[2023-07-12T06:48:36.789+0000] {processor.py:836} INFO - DAG(s) dict_keys(['example_xcom_args', 'example_xcom_args_with_operators']) retrieved from /home/airflow/.local/lib/python3.7/site-packages/airflow/example_dags/example_xcomargs.py
[2023-07-12T06:48:36.839+0000] {logging_mixin.py:150} INFO - [2023-07-12T06:48:36.839+0000] {dag.py:2742} INFO - Sync 2 DAGs
[2023-07-12T06:48:36.885+0000] {logging_mixin.py:150} INFO - [2023-07-12T06:48:36.884+0000] {dag.py:3508} INFO - Setting next_dagrun for example_xcom_args to None, run_after=None
[2023-07-12T06:48:36.893+0000] {logging_mixin.py:150} INFO - [2023-07-12T06:48:36.893+0000] {dag.py:3508} INFO - Setting next_dagrun for example_xcom_args_with_operators to None, run_after=None
[2023-07-12T06:48:36.920+0000] {processor.py:179} INFO - Processing /home/airflow/.local/lib/python3.7/site-packages/airflow/example_dags/example_xcomargs.py took 0.168 seconds
[2023-07-12T06:49:07.292+0000] {processor.py:157} INFO - Started process (PID=9681) to work on /home/airflow/.local/lib/python3.7/site-packages/airflow/example_dags/example_xcomargs.py
[2023-07-12T06:49:07.294+0000] {processor.py:826} INFO - Processing file /home/airflow/.local/lib/python3.7/site-packages/airflow/example_dags/example_xcomargs.py for tasks to queue
[2023-07-12T06:49:07.297+0000] {logging_mixin.py:150} INFO - [2023-07-12T06:49:07.296+0000] {dagbag.py:541} INFO - Filling up the DagBag from /home/airflow/.local/lib/python3.7/site-packages/airflow/example_dags/example_xcomargs.py
[2023-07-12T06:49:07.310+0000] {processor.py:836} INFO - DAG(s) dict_keys(['example_xcom_args_with_operators', 'example_xcom_args']) retrieved from /home/airflow/.local/lib/python3.7/site-packages/airflow/example_dags/example_xcomargs.py
[2023-07-12T06:49:07.353+0000] {logging_mixin.py:150} INFO - [2023-07-12T06:49:07.353+0000] {dag.py:2742} INFO - Sync 2 DAGs
[2023-07-12T06:49:07.388+0000] {logging_mixin.py:150} INFO - [2023-07-12T06:49:07.388+0000] {dag.py:3508} INFO - Setting next_dagrun for example_xcom_args to None, run_after=None
[2023-07-12T06:49:07.396+0000] {logging_mixin.py:150} INFO - [2023-07-12T06:49:07.396+0000] {dag.py:3508} INFO - Setting next_dagrun for example_xcom_args_with_operators to None, run_after=None
[2023-07-12T06:49:07.424+0000] {processor.py:179} INFO - Processing /home/airflow/.local/lib/python3.7/site-packages/airflow/example_dags/example_xcomargs.py took 0.137 seconds
[2023-07-12T06:49:37.712+0000] {processor.py:157} INFO - Started process (PID=9917) to work on /home/airflow/.local/lib/python3.7/site-packages/airflow/example_dags/example_xcomargs.py
[2023-07-12T06:49:37.716+0000] {processor.py:826} INFO - Processing file /home/airflow/.local/lib/python3.7/site-packages/airflow/example_dags/example_xcomargs.py for tasks to queue
[2023-07-12T06:49:37.720+0000] {logging_mixin.py:150} INFO - [2023-07-12T06:49:37.719+0000] {dagbag.py:541} INFO - Filling up the DagBag from /home/airflow/.local/lib/python3.7/site-packages/airflow/example_dags/example_xcomargs.py
[2023-07-12T06:49:37.734+0000] {processor.py:836} INFO - DAG(s) dict_keys(['example_xcom_args', 'example_xcom_args_with_operators']) retrieved from /home/airflow/.local/lib/python3.7/site-packages/airflow/example_dags/example_xcomargs.py
[2023-07-12T06:49:37.783+0000] {logging_mixin.py:150} INFO - [2023-07-12T06:49:37.783+0000] {dag.py:2742} INFO - Sync 2 DAGs
[2023-07-12T06:49:37.822+0000] {logging_mixin.py:150} INFO - [2023-07-12T06:49:37.822+0000] {dag.py:3508} INFO - Setting next_dagrun for example_xcom_args to None, run_after=None
[2023-07-12T06:49:37.829+0000] {logging_mixin.py:150} INFO - [2023-07-12T06:49:37.829+0000] {dag.py:3508} INFO - Setting next_dagrun for example_xcom_args_with_operators to None, run_after=None
[2023-07-12T06:49:37.853+0000] {processor.py:179} INFO - Processing /home/airflow/.local/lib/python3.7/site-packages/airflow/example_dags/example_xcomargs.py took 0.146 seconds
[2023-07-12T06:50:08.176+0000] {processor.py:157} INFO - Started process (PID=10158) to work on /home/airflow/.local/lib/python3.7/site-packages/airflow/example_dags/example_xcomargs.py
[2023-07-12T06:50:08.179+0000] {processor.py:826} INFO - Processing file /home/airflow/.local/lib/python3.7/site-packages/airflow/example_dags/example_xcomargs.py for tasks to queue
[2023-07-12T06:50:08.182+0000] {logging_mixin.py:150} INFO - [2023-07-12T06:50:08.182+0000] {dagbag.py:541} INFO - Filling up the DagBag from /home/airflow/.local/lib/python3.7/site-packages/airflow/example_dags/example_xcomargs.py
[2023-07-12T06:50:08.195+0000] {processor.py:836} INFO - DAG(s) dict_keys(['example_xcom_args', 'example_xcom_args_with_operators']) retrieved from /home/airflow/.local/lib/python3.7/site-packages/airflow/example_dags/example_xcomargs.py
[2023-07-12T06:50:08.242+0000] {logging_mixin.py:150} INFO - [2023-07-12T06:50:08.242+0000] {dag.py:2742} INFO - Sync 2 DAGs
[2023-07-12T06:50:08.279+0000] {logging_mixin.py:150} INFO - [2023-07-12T06:50:08.279+0000] {dag.py:3508} INFO - Setting next_dagrun for example_xcom_args to None, run_after=None
[2023-07-12T06:50:08.286+0000] {logging_mixin.py:150} INFO - [2023-07-12T06:50:08.285+0000] {dag.py:3508} INFO - Setting next_dagrun for example_xcom_args_with_operators to None, run_after=None
[2023-07-12T06:50:08.313+0000] {processor.py:179} INFO - Processing /home/airflow/.local/lib/python3.7/site-packages/airflow/example_dags/example_xcomargs.py took 0.143 seconds
[2023-07-12T06:50:38.622+0000] {processor.py:157} INFO - Started process (PID=10399) to work on /home/airflow/.local/lib/python3.7/site-packages/airflow/example_dags/example_xcomargs.py
[2023-07-12T06:50:38.626+0000] {processor.py:826} INFO - Processing file /home/airflow/.local/lib/python3.7/site-packages/airflow/example_dags/example_xcomargs.py for tasks to queue
[2023-07-12T06:50:38.630+0000] {logging_mixin.py:150} INFO - [2023-07-12T06:50:38.630+0000] {dagbag.py:541} INFO - Filling up the DagBag from /home/airflow/.local/lib/python3.7/site-packages/airflow/example_dags/example_xcomargs.py
[2023-07-12T06:50:38.647+0000] {processor.py:836} INFO - DAG(s) dict_keys(['example_xcom_args_with_operators', 'example_xcom_args']) retrieved from /home/airflow/.local/lib/python3.7/site-packages/airflow/example_dags/example_xcomargs.py
[2023-07-12T06:50:38.696+0000] {logging_mixin.py:150} INFO - [2023-07-12T06:50:38.696+0000] {dag.py:2742} INFO - Sync 2 DAGs
[2023-07-12T06:50:38.734+0000] {logging_mixin.py:150} INFO - [2023-07-12T06:50:38.734+0000] {dag.py:3508} INFO - Setting next_dagrun for example_xcom_args to None, run_after=None
[2023-07-12T06:50:38.740+0000] {logging_mixin.py:150} INFO - [2023-07-12T06:50:38.740+0000] {dag.py:3508} INFO - Setting next_dagrun for example_xcom_args_with_operators to None, run_after=None
[2023-07-12T06:50:38.769+0000] {processor.py:179} INFO - Processing /home/airflow/.local/lib/python3.7/site-packages/airflow/example_dags/example_xcomargs.py took 0.153 seconds
