[2023-07-12T06:29:22.821+0000] {processor.py:157} INFO - Started process (PID=364) to work on /home/airflow/.local/lib/python3.7/site-packages/airflow/example_dags/example_task_group_decorator.py
[2023-07-12T06:29:22.829+0000] {processor.py:826} INFO - Processing file /home/airflow/.local/lib/python3.7/site-packages/airflow/example_dags/example_task_group_decorator.py for tasks to queue
[2023-07-12T06:29:22.833+0000] {logging_mixin.py:150} INFO - [2023-07-12T06:29:22.833+0000] {dagbag.py:541} INFO - Filling up the DagBag from /home/airflow/.local/lib/python3.7/site-packages/airflow/example_dags/example_task_group_decorator.py
[2023-07-12T06:29:22.870+0000] {processor.py:836} INFO - DAG(s) dict_keys(['example_task_group_decorator']) retrieved from /home/airflow/.local/lib/python3.7/site-packages/airflow/example_dags/example_task_group_decorator.py
[2023-07-12T06:29:22.923+0000] {logging_mixin.py:150} INFO - [2023-07-12T06:29:22.923+0000] {dag.py:2742} INFO - Sync 1 DAGs
[2023-07-12T06:29:22.968+0000] {logging_mixin.py:150} INFO - [2023-07-12T06:29:22.968+0000] {dag.py:3508} INFO - Setting next_dagrun for example_task_group_decorator to 2023-07-11T06:29:22.967627+00:00, run_after=2023-07-12T06:29:22.967627+00:00
[2023-07-12T06:29:23.010+0000] {processor.py:179} INFO - Processing /home/airflow/.local/lib/python3.7/site-packages/airflow/example_dags/example_task_group_decorator.py took 0.199 seconds
[2023-07-12T06:29:54.018+0000] {processor.py:157} INFO - Started process (PID=604) to work on /home/airflow/.local/lib/python3.7/site-packages/airflow/example_dags/example_task_group_decorator.py
[2023-07-12T06:29:54.021+0000] {processor.py:826} INFO - Processing file /home/airflow/.local/lib/python3.7/site-packages/airflow/example_dags/example_task_group_decorator.py for tasks to queue
[2023-07-12T06:29:54.025+0000] {logging_mixin.py:150} INFO - [2023-07-12T06:29:54.025+0000] {dagbag.py:541} INFO - Filling up the DagBag from /home/airflow/.local/lib/python3.7/site-packages/airflow/example_dags/example_task_group_decorator.py
[2023-07-12T06:29:54.055+0000] {processor.py:836} INFO - DAG(s) dict_keys(['example_task_group_decorator']) retrieved from /home/airflow/.local/lib/python3.7/site-packages/airflow/example_dags/example_task_group_decorator.py
[2023-07-12T06:29:54.111+0000] {logging_mixin.py:150} INFO - [2023-07-12T06:29:54.110+0000] {dag.py:2742} INFO - Sync 1 DAGs
[2023-07-12T06:29:54.159+0000] {logging_mixin.py:150} INFO - [2023-07-12T06:29:54.158+0000] {dag.py:3508} INFO - Setting next_dagrun for example_task_group_decorator to 2023-07-11T06:29:54.158530+00:00, run_after=2023-07-12T06:29:54.158530+00:00
[2023-07-12T06:29:54.199+0000] {processor.py:179} INFO - Processing /home/airflow/.local/lib/python3.7/site-packages/airflow/example_dags/example_task_group_decorator.py took 0.187 seconds
[2023-07-12T06:30:24.301+0000] {processor.py:157} INFO - Started process (PID=845) to work on /home/airflow/.local/lib/python3.7/site-packages/airflow/example_dags/example_task_group_decorator.py
[2023-07-12T06:30:24.305+0000] {processor.py:826} INFO - Processing file /home/airflow/.local/lib/python3.7/site-packages/airflow/example_dags/example_task_group_decorator.py for tasks to queue
[2023-07-12T06:30:24.307+0000] {logging_mixin.py:150} INFO - [2023-07-12T06:30:24.306+0000] {dagbag.py:541} INFO - Filling up the DagBag from /home/airflow/.local/lib/python3.7/site-packages/airflow/example_dags/example_task_group_decorator.py
[2023-07-12T06:30:24.329+0000] {processor.py:836} INFO - DAG(s) dict_keys(['example_task_group_decorator']) retrieved from /home/airflow/.local/lib/python3.7/site-packages/airflow/example_dags/example_task_group_decorator.py
[2023-07-12T06:30:24.367+0000] {logging_mixin.py:150} INFO - [2023-07-12T06:30:24.367+0000] {dag.py:2742} INFO - Sync 1 DAGs
[2023-07-12T06:30:24.404+0000] {logging_mixin.py:150} INFO - [2023-07-12T06:30:24.403+0000] {dag.py:3508} INFO - Setting next_dagrun for example_task_group_decorator to 2023-07-11T06:30:24.403090+00:00, run_after=2023-07-12T06:30:24.403090+00:00
[2023-07-12T06:30:24.445+0000] {processor.py:179} INFO - Processing /home/airflow/.local/lib/python3.7/site-packages/airflow/example_dags/example_task_group_decorator.py took 0.148 seconds
[2023-07-12T06:30:54.751+0000] {processor.py:157} INFO - Started process (PID=1086) to work on /home/airflow/.local/lib/python3.7/site-packages/airflow/example_dags/example_task_group_decorator.py
[2023-07-12T06:30:54.754+0000] {processor.py:826} INFO - Processing file /home/airflow/.local/lib/python3.7/site-packages/airflow/example_dags/example_task_group_decorator.py for tasks to queue
[2023-07-12T06:30:54.757+0000] {logging_mixin.py:150} INFO - [2023-07-12T06:30:54.757+0000] {dagbag.py:541} INFO - Filling up the DagBag from /home/airflow/.local/lib/python3.7/site-packages/airflow/example_dags/example_task_group_decorator.py
[2023-07-12T06:30:54.785+0000] {processor.py:836} INFO - DAG(s) dict_keys(['example_task_group_decorator']) retrieved from /home/airflow/.local/lib/python3.7/site-packages/airflow/example_dags/example_task_group_decorator.py
[2023-07-12T06:30:54.832+0000] {logging_mixin.py:150} INFO - [2023-07-12T06:30:54.832+0000] {dag.py:2742} INFO - Sync 1 DAGs
[2023-07-12T06:30:54.877+0000] {logging_mixin.py:150} INFO - [2023-07-12T06:30:54.877+0000] {dag.py:3508} INFO - Setting next_dagrun for example_task_group_decorator to 2023-07-11T06:30:54.876863+00:00, run_after=2023-07-12T06:30:54.876863+00:00
[2023-07-12T06:30:54.916+0000] {processor.py:179} INFO - Processing /home/airflow/.local/lib/python3.7/site-packages/airflow/example_dags/example_task_group_decorator.py took 0.171 seconds
[2023-07-12T06:31:25.631+0000] {processor.py:157} INFO - Started process (PID=1369) to work on /home/airflow/.local/lib/python3.7/site-packages/airflow/example_dags/example_task_group_decorator.py
[2023-07-12T06:31:25.634+0000] {processor.py:826} INFO - Processing file /home/airflow/.local/lib/python3.7/site-packages/airflow/example_dags/example_task_group_decorator.py for tasks to queue
[2023-07-12T06:31:25.637+0000] {logging_mixin.py:150} INFO - [2023-07-12T06:31:25.636+0000] {dagbag.py:541} INFO - Filling up the DagBag from /home/airflow/.local/lib/python3.7/site-packages/airflow/example_dags/example_task_group_decorator.py
[2023-07-12T06:31:25.664+0000] {processor.py:836} INFO - DAG(s) dict_keys(['example_task_group_decorator']) retrieved from /home/airflow/.local/lib/python3.7/site-packages/airflow/example_dags/example_task_group_decorator.py
[2023-07-12T06:31:25.705+0000] {logging_mixin.py:150} INFO - [2023-07-12T06:31:25.705+0000] {dag.py:2742} INFO - Sync 1 DAGs
[2023-07-12T06:31:25.752+0000] {logging_mixin.py:150} INFO - [2023-07-12T06:31:25.752+0000] {dag.py:3508} INFO - Setting next_dagrun for example_task_group_decorator to 2023-07-11T06:31:25.752037+00:00, run_after=2023-07-12T06:31:25.752037+00:00
[2023-07-12T06:31:25.791+0000] {processor.py:179} INFO - Processing /home/airflow/.local/lib/python3.7/site-packages/airflow/example_dags/example_task_group_decorator.py took 0.165 seconds
[2023-07-12T06:31:56.165+0000] {processor.py:157} INFO - Started process (PID=1610) to work on /home/airflow/.local/lib/python3.7/site-packages/airflow/example_dags/example_task_group_decorator.py
[2023-07-12T06:31:56.168+0000] {processor.py:826} INFO - Processing file /home/airflow/.local/lib/python3.7/site-packages/airflow/example_dags/example_task_group_decorator.py for tasks to queue
[2023-07-12T06:31:56.172+0000] {logging_mixin.py:150} INFO - [2023-07-12T06:31:56.171+0000] {dagbag.py:541} INFO - Filling up the DagBag from /home/airflow/.local/lib/python3.7/site-packages/airflow/example_dags/example_task_group_decorator.py
[2023-07-12T06:31:56.227+0000] {processor.py:836} INFO - DAG(s) dict_keys(['example_task_group_decorator']) retrieved from /home/airflow/.local/lib/python3.7/site-packages/airflow/example_dags/example_task_group_decorator.py
[2023-07-12T06:31:56.271+0000] {logging_mixin.py:150} INFO - [2023-07-12T06:31:56.270+0000] {dag.py:2742} INFO - Sync 1 DAGs
[2023-07-12T06:31:56.315+0000] {logging_mixin.py:150} INFO - [2023-07-12T06:31:56.315+0000] {dag.py:3508} INFO - Setting next_dagrun for example_task_group_decorator to 2023-07-11T06:31:56.315002+00:00, run_after=2023-07-12T06:31:56.315002+00:00
[2023-07-12T06:31:56.350+0000] {processor.py:179} INFO - Processing /home/airflow/.local/lib/python3.7/site-packages/airflow/example_dags/example_task_group_decorator.py took 0.191 seconds
[2023-07-12T06:32:26.436+0000] {processor.py:157} INFO - Started process (PID=1851) to work on /home/airflow/.local/lib/python3.7/site-packages/airflow/example_dags/example_task_group_decorator.py
[2023-07-12T06:32:26.439+0000] {processor.py:826} INFO - Processing file /home/airflow/.local/lib/python3.7/site-packages/airflow/example_dags/example_task_group_decorator.py for tasks to queue
[2023-07-12T06:32:26.442+0000] {logging_mixin.py:150} INFO - [2023-07-12T06:32:26.442+0000] {dagbag.py:541} INFO - Filling up the DagBag from /home/airflow/.local/lib/python3.7/site-packages/airflow/example_dags/example_task_group_decorator.py
[2023-07-12T06:32:26.464+0000] {processor.py:836} INFO - DAG(s) dict_keys(['example_task_group_decorator']) retrieved from /home/airflow/.local/lib/python3.7/site-packages/airflow/example_dags/example_task_group_decorator.py
[2023-07-12T06:32:26.505+0000] {logging_mixin.py:150} INFO - [2023-07-12T06:32:26.505+0000] {dag.py:2742} INFO - Sync 1 DAGs
[2023-07-12T06:32:26.543+0000] {logging_mixin.py:150} INFO - [2023-07-12T06:32:26.543+0000] {dag.py:3508} INFO - Setting next_dagrun for example_task_group_decorator to 2023-07-11T06:32:26.542726+00:00, run_after=2023-07-12T06:32:26.542726+00:00
[2023-07-12T06:32:26.585+0000] {processor.py:179} INFO - Processing /home/airflow/.local/lib/python3.7/site-packages/airflow/example_dags/example_task_group_decorator.py took 0.154 seconds
[2023-07-12T06:32:57.096+0000] {processor.py:157} INFO - Started process (PID=2092) to work on /home/airflow/.local/lib/python3.7/site-packages/airflow/example_dags/example_task_group_decorator.py
[2023-07-12T06:32:57.100+0000] {processor.py:826} INFO - Processing file /home/airflow/.local/lib/python3.7/site-packages/airflow/example_dags/example_task_group_decorator.py for tasks to queue
[2023-07-12T06:32:57.103+0000] {logging_mixin.py:150} INFO - [2023-07-12T06:32:57.102+0000] {dagbag.py:541} INFO - Filling up the DagBag from /home/airflow/.local/lib/python3.7/site-packages/airflow/example_dags/example_task_group_decorator.py
[2023-07-12T06:32:57.128+0000] {processor.py:836} INFO - DAG(s) dict_keys(['example_task_group_decorator']) retrieved from /home/airflow/.local/lib/python3.7/site-packages/airflow/example_dags/example_task_group_decorator.py
[2023-07-12T06:32:57.185+0000] {logging_mixin.py:150} INFO - [2023-07-12T06:32:57.185+0000] {dag.py:2742} INFO - Sync 1 DAGs
[2023-07-12T06:32:57.223+0000] {logging_mixin.py:150} INFO - [2023-07-12T06:32:57.223+0000] {dag.py:3508} INFO - Setting next_dagrun for example_task_group_decorator to 2023-07-11T06:32:57.222576+00:00, run_after=2023-07-12T06:32:57.222576+00:00
[2023-07-12T06:32:57.265+0000] {processor.py:179} INFO - Processing /home/airflow/.local/lib/python3.7/site-packages/airflow/example_dags/example_task_group_decorator.py took 0.174 seconds
[2023-07-12T06:33:27.483+0000] {processor.py:157} INFO - Started process (PID=2333) to work on /home/airflow/.local/lib/python3.7/site-packages/airflow/example_dags/example_task_group_decorator.py
[2023-07-12T06:33:27.485+0000] {processor.py:826} INFO - Processing file /home/airflow/.local/lib/python3.7/site-packages/airflow/example_dags/example_task_group_decorator.py for tasks to queue
[2023-07-12T06:33:27.489+0000] {logging_mixin.py:150} INFO - [2023-07-12T06:33:27.489+0000] {dagbag.py:541} INFO - Filling up the DagBag from /home/airflow/.local/lib/python3.7/site-packages/airflow/example_dags/example_task_group_decorator.py
[2023-07-12T06:33:27.512+0000] {processor.py:836} INFO - DAG(s) dict_keys(['example_task_group_decorator']) retrieved from /home/airflow/.local/lib/python3.7/site-packages/airflow/example_dags/example_task_group_decorator.py
[2023-07-12T06:33:27.556+0000] {logging_mixin.py:150} INFO - [2023-07-12T06:33:27.556+0000] {dag.py:2742} INFO - Sync 1 DAGs
[2023-07-12T06:33:27.597+0000] {logging_mixin.py:150} INFO - [2023-07-12T06:33:27.597+0000] {dag.py:3508} INFO - Setting next_dagrun for example_task_group_decorator to 2023-07-11T06:33:27.596842+00:00, run_after=2023-07-12T06:33:27.596842+00:00
[2023-07-12T06:33:27.634+0000] {processor.py:179} INFO - Processing /home/airflow/.local/lib/python3.7/site-packages/airflow/example_dags/example_task_group_decorator.py took 0.158 seconds
[2023-07-12T06:33:57.940+0000] {processor.py:157} INFO - Started process (PID=2574) to work on /home/airflow/.local/lib/python3.7/site-packages/airflow/example_dags/example_task_group_decorator.py
[2023-07-12T06:33:57.943+0000] {processor.py:826} INFO - Processing file /home/airflow/.local/lib/python3.7/site-packages/airflow/example_dags/example_task_group_decorator.py for tasks to queue
[2023-07-12T06:33:57.947+0000] {logging_mixin.py:150} INFO - [2023-07-12T06:33:57.947+0000] {dagbag.py:541} INFO - Filling up the DagBag from /home/airflow/.local/lib/python3.7/site-packages/airflow/example_dags/example_task_group_decorator.py
[2023-07-12T06:33:57.974+0000] {processor.py:836} INFO - DAG(s) dict_keys(['example_task_group_decorator']) retrieved from /home/airflow/.local/lib/python3.7/site-packages/airflow/example_dags/example_task_group_decorator.py
[2023-07-12T06:33:58.015+0000] {logging_mixin.py:150} INFO - [2023-07-12T06:33:58.015+0000] {dag.py:2742} INFO - Sync 1 DAGs
[2023-07-12T06:33:58.052+0000] {logging_mixin.py:150} INFO - [2023-07-12T06:33:58.051+0000] {dag.py:3508} INFO - Setting next_dagrun for example_task_group_decorator to 2023-07-11T06:33:58.051554+00:00, run_after=2023-07-12T06:33:58.051554+00:00
[2023-07-12T06:33:58.081+0000] {processor.py:179} INFO - Processing /home/airflow/.local/lib/python3.7/site-packages/airflow/example_dags/example_task_group_decorator.py took 0.148 seconds
[2023-07-12T06:34:28.702+0000] {processor.py:157} INFO - Started process (PID=2817) to work on /home/airflow/.local/lib/python3.7/site-packages/airflow/example_dags/example_task_group_decorator.py
[2023-07-12T06:34:28.706+0000] {processor.py:826} INFO - Processing file /home/airflow/.local/lib/python3.7/site-packages/airflow/example_dags/example_task_group_decorator.py for tasks to queue
[2023-07-12T06:34:28.709+0000] {logging_mixin.py:150} INFO - [2023-07-12T06:34:28.708+0000] {dagbag.py:541} INFO - Filling up the DagBag from /home/airflow/.local/lib/python3.7/site-packages/airflow/example_dags/example_task_group_decorator.py
[2023-07-12T06:34:28.732+0000] {processor.py:836} INFO - DAG(s) dict_keys(['example_task_group_decorator']) retrieved from /home/airflow/.local/lib/python3.7/site-packages/airflow/example_dags/example_task_group_decorator.py
[2023-07-12T06:34:28.776+0000] {logging_mixin.py:150} INFO - [2023-07-12T06:34:28.776+0000] {dag.py:2742} INFO - Sync 1 DAGs
[2023-07-12T06:34:28.810+0000] {logging_mixin.py:150} INFO - [2023-07-12T06:34:28.810+0000] {dag.py:3508} INFO - Setting next_dagrun for example_task_group_decorator to 2023-07-11T06:34:28.810284+00:00, run_after=2023-07-12T06:34:28.810284+00:00
[2023-07-12T06:34:28.838+0000] {processor.py:179} INFO - Processing /home/airflow/.local/lib/python3.7/site-packages/airflow/example_dags/example_task_group_decorator.py took 0.141 seconds
[2023-07-12T06:34:59.612+0000] {processor.py:157} INFO - Started process (PID=3056) to work on /home/airflow/.local/lib/python3.7/site-packages/airflow/example_dags/example_task_group_decorator.py
[2023-07-12T06:34:59.615+0000] {processor.py:826} INFO - Processing file /home/airflow/.local/lib/python3.7/site-packages/airflow/example_dags/example_task_group_decorator.py for tasks to queue
[2023-07-12T06:34:59.618+0000] {logging_mixin.py:150} INFO - [2023-07-12T06:34:59.617+0000] {dagbag.py:541} INFO - Filling up the DagBag from /home/airflow/.local/lib/python3.7/site-packages/airflow/example_dags/example_task_group_decorator.py
[2023-07-12T06:34:59.649+0000] {processor.py:836} INFO - DAG(s) dict_keys(['example_task_group_decorator']) retrieved from /home/airflow/.local/lib/python3.7/site-packages/airflow/example_dags/example_task_group_decorator.py
[2023-07-12T06:34:59.707+0000] {logging_mixin.py:150} INFO - [2023-07-12T06:34:59.707+0000] {dag.py:2742} INFO - Sync 1 DAGs
[2023-07-12T06:34:59.751+0000] {logging_mixin.py:150} INFO - [2023-07-12T06:34:59.751+0000] {dag.py:3508} INFO - Setting next_dagrun for example_task_group_decorator to 2023-07-11T06:34:59.750168+00:00, run_after=2023-07-12T06:34:59.750168+00:00
[2023-07-12T06:34:59.791+0000] {processor.py:179} INFO - Processing /home/airflow/.local/lib/python3.7/site-packages/airflow/example_dags/example_task_group_decorator.py took 0.185 seconds
[2023-07-12T06:35:30.327+0000] {processor.py:157} INFO - Started process (PID=3299) to work on /home/airflow/.local/lib/python3.7/site-packages/airflow/example_dags/example_task_group_decorator.py
[2023-07-12T06:35:30.332+0000] {processor.py:826} INFO - Processing file /home/airflow/.local/lib/python3.7/site-packages/airflow/example_dags/example_task_group_decorator.py for tasks to queue
[2023-07-12T06:35:30.336+0000] {logging_mixin.py:150} INFO - [2023-07-12T06:35:30.335+0000] {dagbag.py:541} INFO - Filling up the DagBag from /home/airflow/.local/lib/python3.7/site-packages/airflow/example_dags/example_task_group_decorator.py
[2023-07-12T06:35:30.376+0000] {processor.py:836} INFO - DAG(s) dict_keys(['example_task_group_decorator']) retrieved from /home/airflow/.local/lib/python3.7/site-packages/airflow/example_dags/example_task_group_decorator.py
[2023-07-12T06:35:30.431+0000] {logging_mixin.py:150} INFO - [2023-07-12T06:35:30.431+0000] {dag.py:2742} INFO - Sync 1 DAGs
[2023-07-12T06:35:30.475+0000] {logging_mixin.py:150} INFO - [2023-07-12T06:35:30.475+0000] {dag.py:3508} INFO - Setting next_dagrun for example_task_group_decorator to 2023-07-11T06:35:30.475202+00:00, run_after=2023-07-12T06:35:30.475202+00:00
[2023-07-12T06:35:30.524+0000] {processor.py:179} INFO - Processing /home/airflow/.local/lib/python3.7/site-packages/airflow/example_dags/example_task_group_decorator.py took 0.206 seconds
[2023-07-12T06:36:00.949+0000] {processor.py:157} INFO - Started process (PID=3538) to work on /home/airflow/.local/lib/python3.7/site-packages/airflow/example_dags/example_task_group_decorator.py
[2023-07-12T06:36:00.952+0000] {processor.py:826} INFO - Processing file /home/airflow/.local/lib/python3.7/site-packages/airflow/example_dags/example_task_group_decorator.py for tasks to queue
[2023-07-12T06:36:00.955+0000] {logging_mixin.py:150} INFO - [2023-07-12T06:36:00.955+0000] {dagbag.py:541} INFO - Filling up the DagBag from /home/airflow/.local/lib/python3.7/site-packages/airflow/example_dags/example_task_group_decorator.py
[2023-07-12T06:36:00.985+0000] {processor.py:836} INFO - DAG(s) dict_keys(['example_task_group_decorator']) retrieved from /home/airflow/.local/lib/python3.7/site-packages/airflow/example_dags/example_task_group_decorator.py
[2023-07-12T06:36:01.031+0000] {logging_mixin.py:150} INFO - [2023-07-12T06:36:01.031+0000] {dag.py:2742} INFO - Sync 1 DAGs
[2023-07-12T06:36:01.069+0000] {logging_mixin.py:150} INFO - [2023-07-12T06:36:01.069+0000] {dag.py:3508} INFO - Setting next_dagrun for example_task_group_decorator to 2023-07-11T06:36:01.068686+00:00, run_after=2023-07-12T06:36:01.068686+00:00
[2023-07-12T06:36:01.101+0000] {processor.py:179} INFO - Processing /home/airflow/.local/lib/python3.7/site-packages/airflow/example_dags/example_task_group_decorator.py took 0.157 seconds
[2023-07-12T06:36:31.816+0000] {processor.py:157} INFO - Started process (PID=3779) to work on /home/airflow/.local/lib/python3.7/site-packages/airflow/example_dags/example_task_group_decorator.py
[2023-07-12T06:36:31.819+0000] {processor.py:826} INFO - Processing file /home/airflow/.local/lib/python3.7/site-packages/airflow/example_dags/example_task_group_decorator.py for tasks to queue
[2023-07-12T06:36:31.822+0000] {logging_mixin.py:150} INFO - [2023-07-12T06:36:31.822+0000] {dagbag.py:541} INFO - Filling up the DagBag from /home/airflow/.local/lib/python3.7/site-packages/airflow/example_dags/example_task_group_decorator.py
[2023-07-12T06:36:31.846+0000] {processor.py:836} INFO - DAG(s) dict_keys(['example_task_group_decorator']) retrieved from /home/airflow/.local/lib/python3.7/site-packages/airflow/example_dags/example_task_group_decorator.py
[2023-07-12T06:36:31.891+0000] {logging_mixin.py:150} INFO - [2023-07-12T06:36:31.891+0000] {dag.py:2742} INFO - Sync 1 DAGs
[2023-07-12T06:36:31.929+0000] {logging_mixin.py:150} INFO - [2023-07-12T06:36:31.929+0000] {dag.py:3508} INFO - Setting next_dagrun for example_task_group_decorator to 2023-07-11T06:36:31.928967+00:00, run_after=2023-07-12T06:36:31.928967+00:00
[2023-07-12T06:36:31.966+0000] {processor.py:179} INFO - Processing /home/airflow/.local/lib/python3.7/site-packages/airflow/example_dags/example_task_group_decorator.py took 0.157 seconds
[2023-07-12T06:37:02.383+0000] {processor.py:157} INFO - Started process (PID=4020) to work on /home/airflow/.local/lib/python3.7/site-packages/airflow/example_dags/example_task_group_decorator.py
[2023-07-12T06:37:02.386+0000] {processor.py:826} INFO - Processing file /home/airflow/.local/lib/python3.7/site-packages/airflow/example_dags/example_task_group_decorator.py for tasks to queue
[2023-07-12T06:37:02.390+0000] {logging_mixin.py:150} INFO - [2023-07-12T06:37:02.389+0000] {dagbag.py:541} INFO - Filling up the DagBag from /home/airflow/.local/lib/python3.7/site-packages/airflow/example_dags/example_task_group_decorator.py
[2023-07-12T06:37:02.420+0000] {processor.py:836} INFO - DAG(s) dict_keys(['example_task_group_decorator']) retrieved from /home/airflow/.local/lib/python3.7/site-packages/airflow/example_dags/example_task_group_decorator.py
[2023-07-12T06:37:02.461+0000] {logging_mixin.py:150} INFO - [2023-07-12T06:37:02.461+0000] {dag.py:2742} INFO - Sync 1 DAGs
[2023-07-12T06:37:02.496+0000] {logging_mixin.py:150} INFO - [2023-07-12T06:37:02.496+0000] {dag.py:3508} INFO - Setting next_dagrun for example_task_group_decorator to 2023-07-11T06:37:02.496233+00:00, run_after=2023-07-12T06:37:02.496233+00:00
[2023-07-12T06:37:02.529+0000] {processor.py:179} INFO - Processing /home/airflow/.local/lib/python3.7/site-packages/airflow/example_dags/example_task_group_decorator.py took 0.151 seconds
[2023-07-12T06:37:33.050+0000] {processor.py:157} INFO - Started process (PID=4261) to work on /home/airflow/.local/lib/python3.7/site-packages/airflow/example_dags/example_task_group_decorator.py
[2023-07-12T06:37:33.053+0000] {processor.py:826} INFO - Processing file /home/airflow/.local/lib/python3.7/site-packages/airflow/example_dags/example_task_group_decorator.py for tasks to queue
[2023-07-12T06:37:33.057+0000] {logging_mixin.py:150} INFO - [2023-07-12T06:37:33.056+0000] {dagbag.py:541} INFO - Filling up the DagBag from /home/airflow/.local/lib/python3.7/site-packages/airflow/example_dags/example_task_group_decorator.py
[2023-07-12T06:37:33.087+0000] {processor.py:836} INFO - DAG(s) dict_keys(['example_task_group_decorator']) retrieved from /home/airflow/.local/lib/python3.7/site-packages/airflow/example_dags/example_task_group_decorator.py
[2023-07-12T06:37:33.139+0000] {logging_mixin.py:150} INFO - [2023-07-12T06:37:33.139+0000] {dag.py:2742} INFO - Sync 1 DAGs
[2023-07-12T06:37:33.181+0000] {logging_mixin.py:150} INFO - [2023-07-12T06:37:33.181+0000] {dag.py:3508} INFO - Setting next_dagrun for example_task_group_decorator to 2023-07-11T06:37:33.180818+00:00, run_after=2023-07-12T06:37:33.180818+00:00
[2023-07-12T06:37:33.232+0000] {processor.py:179} INFO - Processing /home/airflow/.local/lib/python3.7/site-packages/airflow/example_dags/example_task_group_decorator.py took 0.190 seconds
[2023-07-12T06:38:03.533+0000] {processor.py:157} INFO - Started process (PID=4501) to work on /home/airflow/.local/lib/python3.7/site-packages/airflow/example_dags/example_task_group_decorator.py
[2023-07-12T06:38:03.554+0000] {processor.py:826} INFO - Processing file /home/airflow/.local/lib/python3.7/site-packages/airflow/example_dags/example_task_group_decorator.py for tasks to queue
[2023-07-12T06:38:03.557+0000] {logging_mixin.py:150} INFO - [2023-07-12T06:38:03.556+0000] {dagbag.py:541} INFO - Filling up the DagBag from /home/airflow/.local/lib/python3.7/site-packages/airflow/example_dags/example_task_group_decorator.py
[2023-07-12T06:38:03.602+0000] {processor.py:836} INFO - DAG(s) dict_keys(['example_task_group_decorator']) retrieved from /home/airflow/.local/lib/python3.7/site-packages/airflow/example_dags/example_task_group_decorator.py
[2023-07-12T06:38:03.715+0000] {logging_mixin.py:150} INFO - [2023-07-12T06:38:03.713+0000] {dag.py:2742} INFO - Sync 1 DAGs
[2023-07-12T06:38:03.781+0000] {logging_mixin.py:150} INFO - [2023-07-12T06:38:03.781+0000] {dag.py:3508} INFO - Setting next_dagrun for example_task_group_decorator to 2023-07-11T06:38:03.780719+00:00, run_after=2023-07-12T06:38:03.780719+00:00
[2023-07-12T06:38:03.844+0000] {processor.py:179} INFO - Processing /home/airflow/.local/lib/python3.7/site-packages/airflow/example_dags/example_task_group_decorator.py took 0.316 seconds
[2023-07-12T06:38:34.675+0000] {processor.py:157} INFO - Started process (PID=4749) to work on /home/airflow/.local/lib/python3.7/site-packages/airflow/example_dags/example_task_group_decorator.py
[2023-07-12T06:38:34.678+0000] {processor.py:826} INFO - Processing file /home/airflow/.local/lib/python3.7/site-packages/airflow/example_dags/example_task_group_decorator.py for tasks to queue
[2023-07-12T06:38:34.681+0000] {logging_mixin.py:150} INFO - [2023-07-12T06:38:34.680+0000] {dagbag.py:541} INFO - Filling up the DagBag from /home/airflow/.local/lib/python3.7/site-packages/airflow/example_dags/example_task_group_decorator.py
[2023-07-12T06:38:34.707+0000] {processor.py:836} INFO - DAG(s) dict_keys(['example_task_group_decorator']) retrieved from /home/airflow/.local/lib/python3.7/site-packages/airflow/example_dags/example_task_group_decorator.py
[2023-07-12T06:38:34.750+0000] {logging_mixin.py:150} INFO - [2023-07-12T06:38:34.750+0000] {dag.py:2742} INFO - Sync 1 DAGs
[2023-07-12T06:38:34.788+0000] {logging_mixin.py:150} INFO - [2023-07-12T06:38:34.788+0000] {dag.py:3508} INFO - Setting next_dagrun for example_task_group_decorator to 2023-07-11T06:38:34.787655+00:00, run_after=2023-07-12T06:38:34.787655+00:00
[2023-07-12T06:38:34.822+0000] {processor.py:179} INFO - Processing /home/airflow/.local/lib/python3.7/site-packages/airflow/example_dags/example_task_group_decorator.py took 0.153 seconds
[2023-07-12T06:39:05.213+0000] {processor.py:157} INFO - Started process (PID=4990) to work on /home/airflow/.local/lib/python3.7/site-packages/airflow/example_dags/example_task_group_decorator.py
[2023-07-12T06:39:05.216+0000] {processor.py:826} INFO - Processing file /home/airflow/.local/lib/python3.7/site-packages/airflow/example_dags/example_task_group_decorator.py for tasks to queue
[2023-07-12T06:39:05.219+0000] {logging_mixin.py:150} INFO - [2023-07-12T06:39:05.219+0000] {dagbag.py:541} INFO - Filling up the DagBag from /home/airflow/.local/lib/python3.7/site-packages/airflow/example_dags/example_task_group_decorator.py
[2023-07-12T06:39:05.248+0000] {processor.py:836} INFO - DAG(s) dict_keys(['example_task_group_decorator']) retrieved from /home/airflow/.local/lib/python3.7/site-packages/airflow/example_dags/example_task_group_decorator.py
[2023-07-12T06:39:05.291+0000] {logging_mixin.py:150} INFO - [2023-07-12T06:39:05.291+0000] {dag.py:2742} INFO - Sync 1 DAGs
[2023-07-12T06:39:05.361+0000] {logging_mixin.py:150} INFO - [2023-07-12T06:39:05.360+0000] {dag.py:3508} INFO - Setting next_dagrun for example_task_group_decorator to 2023-07-11T06:39:05.360564+00:00, run_after=2023-07-12T06:39:05.360564+00:00
[2023-07-12T06:39:05.394+0000] {processor.py:179} INFO - Processing /home/airflow/.local/lib/python3.7/site-packages/airflow/example_dags/example_task_group_decorator.py took 0.188 seconds
[2023-07-12T06:39:36.075+0000] {processor.py:157} INFO - Started process (PID=5231) to work on /home/airflow/.local/lib/python3.7/site-packages/airflow/example_dags/example_task_group_decorator.py
[2023-07-12T06:39:36.078+0000] {processor.py:826} INFO - Processing file /home/airflow/.local/lib/python3.7/site-packages/airflow/example_dags/example_task_group_decorator.py for tasks to queue
[2023-07-12T06:39:36.083+0000] {logging_mixin.py:150} INFO - [2023-07-12T06:39:36.082+0000] {dagbag.py:541} INFO - Filling up the DagBag from /home/airflow/.local/lib/python3.7/site-packages/airflow/example_dags/example_task_group_decorator.py
[2023-07-12T06:39:36.110+0000] {processor.py:836} INFO - DAG(s) dict_keys(['example_task_group_decorator']) retrieved from /home/airflow/.local/lib/python3.7/site-packages/airflow/example_dags/example_task_group_decorator.py
[2023-07-12T06:39:36.150+0000] {logging_mixin.py:150} INFO - [2023-07-12T06:39:36.149+0000] {dag.py:2742} INFO - Sync 1 DAGs
[2023-07-12T06:39:36.185+0000] {logging_mixin.py:150} INFO - [2023-07-12T06:39:36.185+0000] {dag.py:3508} INFO - Setting next_dagrun for example_task_group_decorator to 2023-07-11T06:39:36.184694+00:00, run_after=2023-07-12T06:39:36.184694+00:00
[2023-07-12T06:39:36.217+0000] {processor.py:179} INFO - Processing /home/airflow/.local/lib/python3.7/site-packages/airflow/example_dags/example_task_group_decorator.py took 0.148 seconds
[2023-07-12T06:40:06.736+0000] {processor.py:157} INFO - Started process (PID=5472) to work on /home/airflow/.local/lib/python3.7/site-packages/airflow/example_dags/example_task_group_decorator.py
[2023-07-12T06:40:06.739+0000] {processor.py:826} INFO - Processing file /home/airflow/.local/lib/python3.7/site-packages/airflow/example_dags/example_task_group_decorator.py for tasks to queue
[2023-07-12T06:40:06.741+0000] {logging_mixin.py:150} INFO - [2023-07-12T06:40:06.741+0000] {dagbag.py:541} INFO - Filling up the DagBag from /home/airflow/.local/lib/python3.7/site-packages/airflow/example_dags/example_task_group_decorator.py
[2023-07-12T06:40:06.764+0000] {processor.py:836} INFO - DAG(s) dict_keys(['example_task_group_decorator']) retrieved from /home/airflow/.local/lib/python3.7/site-packages/airflow/example_dags/example_task_group_decorator.py
[2023-07-12T06:40:06.806+0000] {logging_mixin.py:150} INFO - [2023-07-12T06:40:06.806+0000] {dag.py:2742} INFO - Sync 1 DAGs
[2023-07-12T06:40:06.841+0000] {logging_mixin.py:150} INFO - [2023-07-12T06:40:06.841+0000] {dag.py:3508} INFO - Setting next_dagrun for example_task_group_decorator to 2023-07-11T06:40:06.840740+00:00, run_after=2023-07-12T06:40:06.840740+00:00
[2023-07-12T06:40:06.868+0000] {processor.py:179} INFO - Processing /home/airflow/.local/lib/python3.7/site-packages/airflow/example_dags/example_task_group_decorator.py took 0.137 seconds
[2023-07-12T06:40:37.403+0000] {processor.py:157} INFO - Started process (PID=5713) to work on /home/airflow/.local/lib/python3.7/site-packages/airflow/example_dags/example_task_group_decorator.py
[2023-07-12T06:40:37.405+0000] {processor.py:826} INFO - Processing file /home/airflow/.local/lib/python3.7/site-packages/airflow/example_dags/example_task_group_decorator.py for tasks to queue
[2023-07-12T06:40:37.408+0000] {logging_mixin.py:150} INFO - [2023-07-12T06:40:37.408+0000] {dagbag.py:541} INFO - Filling up the DagBag from /home/airflow/.local/lib/python3.7/site-packages/airflow/example_dags/example_task_group_decorator.py
[2023-07-12T06:40:37.432+0000] {processor.py:836} INFO - DAG(s) dict_keys(['example_task_group_decorator']) retrieved from /home/airflow/.local/lib/python3.7/site-packages/airflow/example_dags/example_task_group_decorator.py
[2023-07-12T06:40:37.470+0000] {logging_mixin.py:150} INFO - [2023-07-12T06:40:37.470+0000] {dag.py:2742} INFO - Sync 1 DAGs
[2023-07-12T06:40:37.503+0000] {logging_mixin.py:150} INFO - [2023-07-12T06:40:37.503+0000] {dag.py:3508} INFO - Setting next_dagrun for example_task_group_decorator to 2023-07-11T06:40:37.503122+00:00, run_after=2023-07-12T06:40:37.503122+00:00
[2023-07-12T06:40:37.531+0000] {processor.py:179} INFO - Processing /home/airflow/.local/lib/python3.7/site-packages/airflow/example_dags/example_task_group_decorator.py took 0.134 seconds
[2023-07-12T06:41:07.756+0000] {processor.py:157} INFO - Started process (PID=5954) to work on /home/airflow/.local/lib/python3.7/site-packages/airflow/example_dags/example_task_group_decorator.py
[2023-07-12T06:41:07.759+0000] {processor.py:826} INFO - Processing file /home/airflow/.local/lib/python3.7/site-packages/airflow/example_dags/example_task_group_decorator.py for tasks to queue
[2023-07-12T06:41:07.762+0000] {logging_mixin.py:150} INFO - [2023-07-12T06:41:07.761+0000] {dagbag.py:541} INFO - Filling up the DagBag from /home/airflow/.local/lib/python3.7/site-packages/airflow/example_dags/example_task_group_decorator.py
[2023-07-12T06:41:07.783+0000] {processor.py:836} INFO - DAG(s) dict_keys(['example_task_group_decorator']) retrieved from /home/airflow/.local/lib/python3.7/site-packages/airflow/example_dags/example_task_group_decorator.py
[2023-07-12T06:41:07.824+0000] {logging_mixin.py:150} INFO - [2023-07-12T06:41:07.823+0000] {dag.py:2742} INFO - Sync 1 DAGs
[2023-07-12T06:41:07.859+0000] {logging_mixin.py:150} INFO - [2023-07-12T06:41:07.859+0000] {dag.py:3508} INFO - Setting next_dagrun for example_task_group_decorator to 2023-07-11T06:41:07.858920+00:00, run_after=2023-07-12T06:41:07.858920+00:00
[2023-07-12T06:41:07.892+0000] {processor.py:179} INFO - Processing /home/airflow/.local/lib/python3.7/site-packages/airflow/example_dags/example_task_group_decorator.py took 0.142 seconds
[2023-07-12T06:41:38.093+0000] {processor.py:157} INFO - Started process (PID=6195) to work on /home/airflow/.local/lib/python3.7/site-packages/airflow/example_dags/example_task_group_decorator.py
[2023-07-12T06:41:38.096+0000] {processor.py:826} INFO - Processing file /home/airflow/.local/lib/python3.7/site-packages/airflow/example_dags/example_task_group_decorator.py for tasks to queue
[2023-07-12T06:41:38.100+0000] {logging_mixin.py:150} INFO - [2023-07-12T06:41:38.100+0000] {dagbag.py:541} INFO - Filling up the DagBag from /home/airflow/.local/lib/python3.7/site-packages/airflow/example_dags/example_task_group_decorator.py
[2023-07-12T06:41:38.122+0000] {processor.py:836} INFO - DAG(s) dict_keys(['example_task_group_decorator']) retrieved from /home/airflow/.local/lib/python3.7/site-packages/airflow/example_dags/example_task_group_decorator.py
[2023-07-12T06:41:38.160+0000] {logging_mixin.py:150} INFO - [2023-07-12T06:41:38.160+0000] {dag.py:2742} INFO - Sync 1 DAGs
[2023-07-12T06:41:38.194+0000] {logging_mixin.py:150} INFO - [2023-07-12T06:41:38.194+0000] {dag.py:3508} INFO - Setting next_dagrun for example_task_group_decorator to 2023-07-11T06:41:38.194204+00:00, run_after=2023-07-12T06:41:38.194204+00:00
[2023-07-12T06:41:38.230+0000] {processor.py:179} INFO - Processing /home/airflow/.local/lib/python3.7/site-packages/airflow/example_dags/example_task_group_decorator.py took 0.142 seconds
[2023-07-12T06:42:08.579+0000] {processor.py:157} INFO - Started process (PID=6437) to work on /home/airflow/.local/lib/python3.7/site-packages/airflow/example_dags/example_task_group_decorator.py
[2023-07-12T06:42:08.581+0000] {processor.py:826} INFO - Processing file /home/airflow/.local/lib/python3.7/site-packages/airflow/example_dags/example_task_group_decorator.py for tasks to queue
[2023-07-12T06:42:08.584+0000] {logging_mixin.py:150} INFO - [2023-07-12T06:42:08.583+0000] {dagbag.py:541} INFO - Filling up the DagBag from /home/airflow/.local/lib/python3.7/site-packages/airflow/example_dags/example_task_group_decorator.py
[2023-07-12T06:42:08.604+0000] {processor.py:836} INFO - DAG(s) dict_keys(['example_task_group_decorator']) retrieved from /home/airflow/.local/lib/python3.7/site-packages/airflow/example_dags/example_task_group_decorator.py
[2023-07-12T06:42:08.644+0000] {logging_mixin.py:150} INFO - [2023-07-12T06:42:08.643+0000] {dag.py:2742} INFO - Sync 1 DAGs
[2023-07-12T06:42:08.679+0000] {logging_mixin.py:150} INFO - [2023-07-12T06:42:08.679+0000] {dag.py:3508} INFO - Setting next_dagrun for example_task_group_decorator to 2023-07-11T06:42:08.679185+00:00, run_after=2023-07-12T06:42:08.679185+00:00
[2023-07-12T06:42:08.714+0000] {processor.py:179} INFO - Processing /home/airflow/.local/lib/python3.7/site-packages/airflow/example_dags/example_task_group_decorator.py took 0.140 seconds
[2023-07-12T06:42:39.288+0000] {processor.py:157} INFO - Started process (PID=6678) to work on /home/airflow/.local/lib/python3.7/site-packages/airflow/example_dags/example_task_group_decorator.py
[2023-07-12T06:42:39.290+0000] {processor.py:826} INFO - Processing file /home/airflow/.local/lib/python3.7/site-packages/airflow/example_dags/example_task_group_decorator.py for tasks to queue
[2023-07-12T06:42:39.294+0000] {logging_mixin.py:150} INFO - [2023-07-12T06:42:39.293+0000] {dagbag.py:541} INFO - Filling up the DagBag from /home/airflow/.local/lib/python3.7/site-packages/airflow/example_dags/example_task_group_decorator.py
[2023-07-12T06:42:39.319+0000] {processor.py:836} INFO - DAG(s) dict_keys(['example_task_group_decorator']) retrieved from /home/airflow/.local/lib/python3.7/site-packages/airflow/example_dags/example_task_group_decorator.py
[2023-07-12T06:42:39.362+0000] {logging_mixin.py:150} INFO - [2023-07-12T06:42:39.362+0000] {dag.py:2742} INFO - Sync 1 DAGs
[2023-07-12T06:42:39.399+0000] {logging_mixin.py:150} INFO - [2023-07-12T06:42:39.399+0000] {dag.py:3508} INFO - Setting next_dagrun for example_task_group_decorator to 2023-07-11T06:42:39.398827+00:00, run_after=2023-07-12T06:42:39.398827+00:00
[2023-07-12T06:42:39.426+0000] {processor.py:179} INFO - Processing /home/airflow/.local/lib/python3.7/site-packages/airflow/example_dags/example_task_group_decorator.py took 0.144 seconds
[2023-07-12T06:43:09.748+0000] {processor.py:157} INFO - Started process (PID=6919) to work on /home/airflow/.local/lib/python3.7/site-packages/airflow/example_dags/example_task_group_decorator.py
[2023-07-12T06:43:09.751+0000] {processor.py:826} INFO - Processing file /home/airflow/.local/lib/python3.7/site-packages/airflow/example_dags/example_task_group_decorator.py for tasks to queue
[2023-07-12T06:43:09.754+0000] {logging_mixin.py:150} INFO - [2023-07-12T06:43:09.753+0000] {dagbag.py:541} INFO - Filling up the DagBag from /home/airflow/.local/lib/python3.7/site-packages/airflow/example_dags/example_task_group_decorator.py
[2023-07-12T06:43:09.778+0000] {processor.py:836} INFO - DAG(s) dict_keys(['example_task_group_decorator']) retrieved from /home/airflow/.local/lib/python3.7/site-packages/airflow/example_dags/example_task_group_decorator.py
[2023-07-12T06:43:09.816+0000] {logging_mixin.py:150} INFO - [2023-07-12T06:43:09.816+0000] {dag.py:2742} INFO - Sync 1 DAGs
[2023-07-12T06:43:09.851+0000] {logging_mixin.py:150} INFO - [2023-07-12T06:43:09.851+0000] {dag.py:3508} INFO - Setting next_dagrun for example_task_group_decorator to 2023-07-11T06:43:09.851115+00:00, run_after=2023-07-12T06:43:09.851115+00:00
[2023-07-12T06:43:09.882+0000] {processor.py:179} INFO - Processing /home/airflow/.local/lib/python3.7/site-packages/airflow/example_dags/example_task_group_decorator.py took 0.141 seconds
[2023-07-12T06:43:40.873+0000] {processor.py:157} INFO - Started process (PID=7160) to work on /home/airflow/.local/lib/python3.7/site-packages/airflow/example_dags/example_task_group_decorator.py
[2023-07-12T06:43:40.875+0000] {processor.py:826} INFO - Processing file /home/airflow/.local/lib/python3.7/site-packages/airflow/example_dags/example_task_group_decorator.py for tasks to queue
[2023-07-12T06:43:40.877+0000] {logging_mixin.py:150} INFO - [2023-07-12T06:43:40.877+0000] {dagbag.py:541} INFO - Filling up the DagBag from /home/airflow/.local/lib/python3.7/site-packages/airflow/example_dags/example_task_group_decorator.py
[2023-07-12T06:43:40.897+0000] {processor.py:836} INFO - DAG(s) dict_keys(['example_task_group_decorator']) retrieved from /home/airflow/.local/lib/python3.7/site-packages/airflow/example_dags/example_task_group_decorator.py
[2023-07-12T06:43:40.935+0000] {logging_mixin.py:150} INFO - [2023-07-12T06:43:40.935+0000] {dag.py:2742} INFO - Sync 1 DAGs
[2023-07-12T06:43:40.970+0000] {logging_mixin.py:150} INFO - [2023-07-12T06:43:40.970+0000] {dag.py:3508} INFO - Setting next_dagrun for example_task_group_decorator to 2023-07-11T06:43:40.970127+00:00, run_after=2023-07-12T06:43:40.970127+00:00
[2023-07-12T06:43:40.998+0000] {processor.py:179} INFO - Processing /home/airflow/.local/lib/python3.7/site-packages/airflow/example_dags/example_task_group_decorator.py took 0.130 seconds
[2023-07-12T06:44:11.074+0000] {processor.py:157} INFO - Started process (PID=7396) to work on /home/airflow/.local/lib/python3.7/site-packages/airflow/example_dags/example_task_group_decorator.py
[2023-07-12T06:44:11.076+0000] {processor.py:826} INFO - Processing file /home/airflow/.local/lib/python3.7/site-packages/airflow/example_dags/example_task_group_decorator.py for tasks to queue
[2023-07-12T06:44:11.078+0000] {logging_mixin.py:150} INFO - [2023-07-12T06:44:11.078+0000] {dagbag.py:541} INFO - Filling up the DagBag from /home/airflow/.local/lib/python3.7/site-packages/airflow/example_dags/example_task_group_decorator.py
[2023-07-12T06:44:11.098+0000] {processor.py:836} INFO - DAG(s) dict_keys(['example_task_group_decorator']) retrieved from /home/airflow/.local/lib/python3.7/site-packages/airflow/example_dags/example_task_group_decorator.py
[2023-07-12T06:44:11.136+0000] {logging_mixin.py:150} INFO - [2023-07-12T06:44:11.135+0000] {dag.py:2742} INFO - Sync 1 DAGs
[2023-07-12T06:44:11.217+0000] {logging_mixin.py:150} INFO - [2023-07-12T06:44:11.217+0000] {dag.py:3508} INFO - Setting next_dagrun for example_task_group_decorator to 2023-07-11T06:44:11.216829+00:00, run_after=2023-07-12T06:44:11.216829+00:00
[2023-07-12T06:44:11.263+0000] {processor.py:179} INFO - Processing /home/airflow/.local/lib/python3.7/site-packages/airflow/example_dags/example_task_group_decorator.py took 0.194 seconds
[2023-07-12T06:44:41.365+0000] {processor.py:157} INFO - Started process (PID=7637) to work on /home/airflow/.local/lib/python3.7/site-packages/airflow/example_dags/example_task_group_decorator.py
[2023-07-12T06:44:41.367+0000] {processor.py:826} INFO - Processing file /home/airflow/.local/lib/python3.7/site-packages/airflow/example_dags/example_task_group_decorator.py for tasks to queue
[2023-07-12T06:44:41.369+0000] {logging_mixin.py:150} INFO - [2023-07-12T06:44:41.369+0000] {dagbag.py:541} INFO - Filling up the DagBag from /home/airflow/.local/lib/python3.7/site-packages/airflow/example_dags/example_task_group_decorator.py
[2023-07-12T06:44:41.390+0000] {processor.py:836} INFO - DAG(s) dict_keys(['example_task_group_decorator']) retrieved from /home/airflow/.local/lib/python3.7/site-packages/airflow/example_dags/example_task_group_decorator.py
[2023-07-12T06:44:41.427+0000] {logging_mixin.py:150} INFO - [2023-07-12T06:44:41.427+0000] {dag.py:2742} INFO - Sync 1 DAGs
[2023-07-12T06:44:41.462+0000] {logging_mixin.py:150} INFO - [2023-07-12T06:44:41.462+0000] {dag.py:3508} INFO - Setting next_dagrun for example_task_group_decorator to 2023-07-11T06:44:41.461719+00:00, run_after=2023-07-12T06:44:41.461719+00:00
[2023-07-12T06:44:41.495+0000] {processor.py:179} INFO - Processing /home/airflow/.local/lib/python3.7/site-packages/airflow/example_dags/example_task_group_decorator.py took 0.134 seconds
[2023-07-12T06:45:11.938+0000] {processor.py:157} INFO - Started process (PID=7878) to work on /home/airflow/.local/lib/python3.7/site-packages/airflow/example_dags/example_task_group_decorator.py
[2023-07-12T06:45:11.940+0000] {processor.py:826} INFO - Processing file /home/airflow/.local/lib/python3.7/site-packages/airflow/example_dags/example_task_group_decorator.py for tasks to queue
[2023-07-12T06:45:11.942+0000] {logging_mixin.py:150} INFO - [2023-07-12T06:45:11.942+0000] {dagbag.py:541} INFO - Filling up the DagBag from /home/airflow/.local/lib/python3.7/site-packages/airflow/example_dags/example_task_group_decorator.py
[2023-07-12T06:45:11.964+0000] {processor.py:836} INFO - DAG(s) dict_keys(['example_task_group_decorator']) retrieved from /home/airflow/.local/lib/python3.7/site-packages/airflow/example_dags/example_task_group_decorator.py
[2023-07-12T06:45:12.001+0000] {logging_mixin.py:150} INFO - [2023-07-12T06:45:12.001+0000] {dag.py:2742} INFO - Sync 1 DAGs
[2023-07-12T06:45:12.037+0000] {logging_mixin.py:150} INFO - [2023-07-12T06:45:12.037+0000] {dag.py:3508} INFO - Setting next_dagrun for example_task_group_decorator to 2023-07-11T06:45:12.036829+00:00, run_after=2023-07-12T06:45:12.036829+00:00
[2023-07-12T06:45:12.071+0000] {processor.py:179} INFO - Processing /home/airflow/.local/lib/python3.7/site-packages/airflow/example_dags/example_task_group_decorator.py took 0.138 seconds
[2023-07-12T06:45:42.175+0000] {processor.py:157} INFO - Started process (PID=8119) to work on /home/airflow/.local/lib/python3.7/site-packages/airflow/example_dags/example_task_group_decorator.py
[2023-07-12T06:45:42.177+0000] {processor.py:826} INFO - Processing file /home/airflow/.local/lib/python3.7/site-packages/airflow/example_dags/example_task_group_decorator.py for tasks to queue
[2023-07-12T06:45:42.179+0000] {logging_mixin.py:150} INFO - [2023-07-12T06:45:42.179+0000] {dagbag.py:541} INFO - Filling up the DagBag from /home/airflow/.local/lib/python3.7/site-packages/airflow/example_dags/example_task_group_decorator.py
[2023-07-12T06:45:42.200+0000] {processor.py:836} INFO - DAG(s) dict_keys(['example_task_group_decorator']) retrieved from /home/airflow/.local/lib/python3.7/site-packages/airflow/example_dags/example_task_group_decorator.py
[2023-07-12T06:45:42.235+0000] {logging_mixin.py:150} INFO - [2023-07-12T06:45:42.235+0000] {dag.py:2742} INFO - Sync 1 DAGs
[2023-07-12T06:45:42.268+0000] {logging_mixin.py:150} INFO - [2023-07-12T06:45:42.268+0000] {dag.py:3508} INFO - Setting next_dagrun for example_task_group_decorator to 2023-07-11T06:45:42.267970+00:00, run_after=2023-07-12T06:45:42.267970+00:00
[2023-07-12T06:45:42.296+0000] {processor.py:179} INFO - Processing /home/airflow/.local/lib/python3.7/site-packages/airflow/example_dags/example_task_group_decorator.py took 0.127 seconds
[2023-07-12T06:46:12.468+0000] {processor.py:157} INFO - Started process (PID=8360) to work on /home/airflow/.local/lib/python3.7/site-packages/airflow/example_dags/example_task_group_decorator.py
[2023-07-12T06:46:12.471+0000] {processor.py:826} INFO - Processing file /home/airflow/.local/lib/python3.7/site-packages/airflow/example_dags/example_task_group_decorator.py for tasks to queue
[2023-07-12T06:46:12.473+0000] {logging_mixin.py:150} INFO - [2023-07-12T06:46:12.473+0000] {dagbag.py:541} INFO - Filling up the DagBag from /home/airflow/.local/lib/python3.7/site-packages/airflow/example_dags/example_task_group_decorator.py
[2023-07-12T06:46:12.495+0000] {processor.py:836} INFO - DAG(s) dict_keys(['example_task_group_decorator']) retrieved from /home/airflow/.local/lib/python3.7/site-packages/airflow/example_dags/example_task_group_decorator.py
[2023-07-12T06:46:12.531+0000] {logging_mixin.py:150} INFO - [2023-07-12T06:46:12.531+0000] {dag.py:2742} INFO - Sync 1 DAGs
[2023-07-12T06:46:12.563+0000] {logging_mixin.py:150} INFO - [2023-07-12T06:46:12.563+0000] {dag.py:3508} INFO - Setting next_dagrun for example_task_group_decorator to 2023-07-11T06:46:12.562787+00:00, run_after=2023-07-12T06:46:12.562787+00:00
[2023-07-12T06:46:12.592+0000] {processor.py:179} INFO - Processing /home/airflow/.local/lib/python3.7/site-packages/airflow/example_dags/example_task_group_decorator.py took 0.130 seconds
[2023-07-12T06:46:42.827+0000] {processor.py:157} INFO - Started process (PID=8601) to work on /home/airflow/.local/lib/python3.7/site-packages/airflow/example_dags/example_task_group_decorator.py
[2023-07-12T06:46:42.829+0000] {processor.py:826} INFO - Processing file /home/airflow/.local/lib/python3.7/site-packages/airflow/example_dags/example_task_group_decorator.py for tasks to queue
[2023-07-12T06:46:42.832+0000] {logging_mixin.py:150} INFO - [2023-07-12T06:46:42.831+0000] {dagbag.py:541} INFO - Filling up the DagBag from /home/airflow/.local/lib/python3.7/site-packages/airflow/example_dags/example_task_group_decorator.py
[2023-07-12T06:46:42.853+0000] {processor.py:836} INFO - DAG(s) dict_keys(['example_task_group_decorator']) retrieved from /home/airflow/.local/lib/python3.7/site-packages/airflow/example_dags/example_task_group_decorator.py
[2023-07-12T06:46:42.888+0000] {logging_mixin.py:150} INFO - [2023-07-12T06:46:42.888+0000] {dag.py:2742} INFO - Sync 1 DAGs
[2023-07-12T06:46:42.922+0000] {logging_mixin.py:150} INFO - [2023-07-12T06:46:42.922+0000] {dag.py:3508} INFO - Setting next_dagrun for example_task_group_decorator to 2023-07-11T06:46:42.921792+00:00, run_after=2023-07-12T06:46:42.921792+00:00
[2023-07-12T06:46:42.950+0000] {processor.py:179} INFO - Processing /home/airflow/.local/lib/python3.7/site-packages/airflow/example_dags/example_task_group_decorator.py took 0.128 seconds
[2023-07-12T06:47:13.369+0000] {processor.py:157} INFO - Started process (PID=8841) to work on /home/airflow/.local/lib/python3.7/site-packages/airflow/example_dags/example_task_group_decorator.py
[2023-07-12T06:47:13.371+0000] {processor.py:826} INFO - Processing file /home/airflow/.local/lib/python3.7/site-packages/airflow/example_dags/example_task_group_decorator.py for tasks to queue
[2023-07-12T06:47:13.373+0000] {logging_mixin.py:150} INFO - [2023-07-12T06:47:13.372+0000] {dagbag.py:541} INFO - Filling up the DagBag from /home/airflow/.local/lib/python3.7/site-packages/airflow/example_dags/example_task_group_decorator.py
[2023-07-12T06:47:13.399+0000] {processor.py:836} INFO - DAG(s) dict_keys(['example_task_group_decorator']) retrieved from /home/airflow/.local/lib/python3.7/site-packages/airflow/example_dags/example_task_group_decorator.py
[2023-07-12T06:47:13.435+0000] {logging_mixin.py:150} INFO - [2023-07-12T06:47:13.435+0000] {dag.py:2742} INFO - Sync 1 DAGs
[2023-07-12T06:47:13.469+0000] {logging_mixin.py:150} INFO - [2023-07-12T06:47:13.468+0000] {dag.py:3508} INFO - Setting next_dagrun for example_task_group_decorator to 2023-07-11T06:47:13.468620+00:00, run_after=2023-07-12T06:47:13.468620+00:00
[2023-07-12T06:47:13.496+0000] {processor.py:179} INFO - Processing /home/airflow/.local/lib/python3.7/site-packages/airflow/example_dags/example_task_group_decorator.py took 0.132 seconds
[2023-07-12T06:47:44.317+0000] {processor.py:157} INFO - Started process (PID=9081) to work on /home/airflow/.local/lib/python3.7/site-packages/airflow/example_dags/example_task_group_decorator.py
[2023-07-12T06:47:44.320+0000] {processor.py:826} INFO - Processing file /home/airflow/.local/lib/python3.7/site-packages/airflow/example_dags/example_task_group_decorator.py for tasks to queue
[2023-07-12T06:47:44.324+0000] {logging_mixin.py:150} INFO - [2023-07-12T06:47:44.323+0000] {dagbag.py:541} INFO - Filling up the DagBag from /home/airflow/.local/lib/python3.7/site-packages/airflow/example_dags/example_task_group_decorator.py
[2023-07-12T06:47:44.354+0000] {processor.py:836} INFO - DAG(s) dict_keys(['example_task_group_decorator']) retrieved from /home/airflow/.local/lib/python3.7/site-packages/airflow/example_dags/example_task_group_decorator.py
[2023-07-12T06:47:44.404+0000] {logging_mixin.py:150} INFO - [2023-07-12T06:47:44.404+0000] {dag.py:2742} INFO - Sync 1 DAGs
[2023-07-12T06:47:44.451+0000] {logging_mixin.py:150} INFO - [2023-07-12T06:47:44.450+0000] {dag.py:3508} INFO - Setting next_dagrun for example_task_group_decorator to 2023-07-11T06:47:44.450489+00:00, run_after=2023-07-12T06:47:44.450489+00:00
[2023-07-12T06:47:44.496+0000] {processor.py:179} INFO - Processing /home/airflow/.local/lib/python3.7/site-packages/airflow/example_dags/example_task_group_decorator.py took 0.187 seconds
[2023-07-12T06:48:15.052+0000] {processor.py:157} INFO - Started process (PID=9322) to work on /home/airflow/.local/lib/python3.7/site-packages/airflow/example_dags/example_task_group_decorator.py
[2023-07-12T06:48:15.057+0000] {processor.py:826} INFO - Processing file /home/airflow/.local/lib/python3.7/site-packages/airflow/example_dags/example_task_group_decorator.py for tasks to queue
[2023-07-12T06:48:15.061+0000] {logging_mixin.py:150} INFO - [2023-07-12T06:48:15.060+0000] {dagbag.py:541} INFO - Filling up the DagBag from /home/airflow/.local/lib/python3.7/site-packages/airflow/example_dags/example_task_group_decorator.py
[2023-07-12T06:48:15.117+0000] {processor.py:836} INFO - DAG(s) dict_keys(['example_task_group_decorator']) retrieved from /home/airflow/.local/lib/python3.7/site-packages/airflow/example_dags/example_task_group_decorator.py
[2023-07-12T06:48:15.175+0000] {logging_mixin.py:150} INFO - [2023-07-12T06:48:15.175+0000] {dag.py:2742} INFO - Sync 1 DAGs
[2023-07-12T06:48:15.213+0000] {logging_mixin.py:150} INFO - [2023-07-12T06:48:15.213+0000] {dag.py:3508} INFO - Setting next_dagrun for example_task_group_decorator to 2023-07-11T06:48:15.213342+00:00, run_after=2023-07-12T06:48:15.213342+00:00
[2023-07-12T06:48:15.245+0000] {processor.py:179} INFO - Processing /home/airflow/.local/lib/python3.7/site-packages/airflow/example_dags/example_task_group_decorator.py took 0.201 seconds
[2023-07-12T06:48:45.608+0000] {processor.py:157} INFO - Started process (PID=9563) to work on /home/airflow/.local/lib/python3.7/site-packages/airflow/example_dags/example_task_group_decorator.py
[2023-07-12T06:48:45.610+0000] {processor.py:826} INFO - Processing file /home/airflow/.local/lib/python3.7/site-packages/airflow/example_dags/example_task_group_decorator.py for tasks to queue
[2023-07-12T06:48:45.612+0000] {logging_mixin.py:150} INFO - [2023-07-12T06:48:45.612+0000] {dagbag.py:541} INFO - Filling up the DagBag from /home/airflow/.local/lib/python3.7/site-packages/airflow/example_dags/example_task_group_decorator.py
[2023-07-12T06:48:45.635+0000] {processor.py:836} INFO - DAG(s) dict_keys(['example_task_group_decorator']) retrieved from /home/airflow/.local/lib/python3.7/site-packages/airflow/example_dags/example_task_group_decorator.py
[2023-07-12T06:48:45.685+0000] {logging_mixin.py:150} INFO - [2023-07-12T06:48:45.684+0000] {dag.py:2742} INFO - Sync 1 DAGs
[2023-07-12T06:48:45.739+0000] {logging_mixin.py:150} INFO - [2023-07-12T06:48:45.739+0000] {dag.py:3508} INFO - Setting next_dagrun for example_task_group_decorator to 2023-07-11T06:48:45.739061+00:00, run_after=2023-07-12T06:48:45.739061+00:00
[2023-07-12T06:48:45.779+0000] {processor.py:179} INFO - Processing /home/airflow/.local/lib/python3.7/site-packages/airflow/example_dags/example_task_group_decorator.py took 0.176 seconds
[2023-07-12T06:49:16.044+0000] {processor.py:157} INFO - Started process (PID=9804) to work on /home/airflow/.local/lib/python3.7/site-packages/airflow/example_dags/example_task_group_decorator.py
[2023-07-12T06:49:16.049+0000] {processor.py:826} INFO - Processing file /home/airflow/.local/lib/python3.7/site-packages/airflow/example_dags/example_task_group_decorator.py for tasks to queue
[2023-07-12T06:49:16.053+0000] {logging_mixin.py:150} INFO - [2023-07-12T06:49:16.052+0000] {dagbag.py:541} INFO - Filling up the DagBag from /home/airflow/.local/lib/python3.7/site-packages/airflow/example_dags/example_task_group_decorator.py
[2023-07-12T06:49:16.098+0000] {processor.py:836} INFO - DAG(s) dict_keys(['example_task_group_decorator']) retrieved from /home/airflow/.local/lib/python3.7/site-packages/airflow/example_dags/example_task_group_decorator.py
[2023-07-12T06:49:16.188+0000] {logging_mixin.py:150} INFO - [2023-07-12T06:49:16.187+0000] {dag.py:2742} INFO - Sync 1 DAGs
[2023-07-12T06:49:16.270+0000] {logging_mixin.py:150} INFO - [2023-07-12T06:49:16.269+0000] {dag.py:3508} INFO - Setting next_dagrun for example_task_group_decorator to 2023-07-11T06:49:16.268705+00:00, run_after=2023-07-12T06:49:16.268705+00:00
[2023-07-12T06:49:16.335+0000] {processor.py:179} INFO - Processing /home/airflow/.local/lib/python3.7/site-packages/airflow/example_dags/example_task_group_decorator.py took 0.298 seconds
[2023-07-12T06:49:46.975+0000] {processor.py:157} INFO - Started process (PID=10045) to work on /home/airflow/.local/lib/python3.7/site-packages/airflow/example_dags/example_task_group_decorator.py
[2023-07-12T06:49:46.978+0000] {processor.py:826} INFO - Processing file /home/airflow/.local/lib/python3.7/site-packages/airflow/example_dags/example_task_group_decorator.py for tasks to queue
[2023-07-12T06:49:46.981+0000] {logging_mixin.py:150} INFO - [2023-07-12T06:49:46.981+0000] {dagbag.py:541} INFO - Filling up the DagBag from /home/airflow/.local/lib/python3.7/site-packages/airflow/example_dags/example_task_group_decorator.py
[2023-07-12T06:49:47.021+0000] {processor.py:836} INFO - DAG(s) dict_keys(['example_task_group_decorator']) retrieved from /home/airflow/.local/lib/python3.7/site-packages/airflow/example_dags/example_task_group_decorator.py
[2023-07-12T06:49:47.074+0000] {logging_mixin.py:150} INFO - [2023-07-12T06:49:47.074+0000] {dag.py:2742} INFO - Sync 1 DAGs
[2023-07-12T06:49:47.114+0000] {logging_mixin.py:150} INFO - [2023-07-12T06:49:47.114+0000] {dag.py:3508} INFO - Setting next_dagrun for example_task_group_decorator to 2023-07-11T06:49:47.114053+00:00, run_after=2023-07-12T06:49:47.114053+00:00
[2023-07-12T06:49:47.148+0000] {processor.py:179} INFO - Processing /home/airflow/.local/lib/python3.7/site-packages/airflow/example_dags/example_task_group_decorator.py took 0.179 seconds
[2023-07-12T06:50:17.679+0000] {processor.py:157} INFO - Started process (PID=10286) to work on /home/airflow/.local/lib/python3.7/site-packages/airflow/example_dags/example_task_group_decorator.py
[2023-07-12T06:50:17.683+0000] {processor.py:826} INFO - Processing file /home/airflow/.local/lib/python3.7/site-packages/airflow/example_dags/example_task_group_decorator.py for tasks to queue
[2023-07-12T06:50:17.687+0000] {logging_mixin.py:150} INFO - [2023-07-12T06:50:17.686+0000] {dagbag.py:541} INFO - Filling up the DagBag from /home/airflow/.local/lib/python3.7/site-packages/airflow/example_dags/example_task_group_decorator.py
[2023-07-12T06:50:17.739+0000] {processor.py:836} INFO - DAG(s) dict_keys(['example_task_group_decorator']) retrieved from /home/airflow/.local/lib/python3.7/site-packages/airflow/example_dags/example_task_group_decorator.py
[2023-07-12T06:50:17.804+0000] {logging_mixin.py:150} INFO - [2023-07-12T06:50:17.804+0000] {dag.py:2742} INFO - Sync 1 DAGs
[2023-07-12T06:50:17.852+0000] {logging_mixin.py:150} INFO - [2023-07-12T06:50:17.851+0000] {dag.py:3508} INFO - Setting next_dagrun for example_task_group_decorator to 2023-07-11T06:50:17.851459+00:00, run_after=2023-07-12T06:50:17.851459+00:00
[2023-07-12T06:50:17.897+0000] {processor.py:179} INFO - Processing /home/airflow/.local/lib/python3.7/site-packages/airflow/example_dags/example_task_group_decorator.py took 0.227 seconds
