[2023-07-12T06:29:24.678+0000] {processor.py:157} INFO - Started process (PID=416) to work on /home/airflow/.local/lib/python3.7/site-packages/airflow/example_dags/example_dag_decorator.py
[2023-07-12T06:29:24.681+0000] {processor.py:826} INFO - Processing file /home/airflow/.local/lib/python3.7/site-packages/airflow/example_dags/example_dag_decorator.py for tasks to queue
[2023-07-12T06:29:24.684+0000] {logging_mixin.py:150} INFO - [2023-07-12T06:29:24.683+0000] {dagbag.py:541} INFO - Filling up the DagBag from /home/airflow/.local/lib/python3.7/site-packages/airflow/example_dags/example_dag_decorator.py
[2023-07-12T06:29:24.717+0000] {processor.py:836} INFO - DAG(s) dict_keys(['example_dag_decorator']) retrieved from /home/airflow/.local/lib/python3.7/site-packages/airflow/example_dags/example_dag_decorator.py
[2023-07-12T06:29:25.021+0000] {logging_mixin.py:150} INFO - [2023-07-12T06:29:25.021+0000] {dag.py:2742} INFO - Sync 1 DAGs
[2023-07-12T06:29:25.065+0000] {logging_mixin.py:150} INFO - [2023-07-12T06:29:25.064+0000] {dag.py:3508} INFO - Setting next_dagrun for example_dag_decorator to None, run_after=None
[2023-07-12T06:29:28.513+0000] {processor.py:179} INFO - Processing /home/airflow/.local/lib/python3.7/site-packages/airflow/example_dags/example_dag_decorator.py took 3.839 seconds
[2023-07-12T06:29:58.626+0000] {processor.py:157} INFO - Started process (PID=680) to work on /home/airflow/.local/lib/python3.7/site-packages/airflow/example_dags/example_dag_decorator.py
[2023-07-12T06:29:58.629+0000] {processor.py:826} INFO - Processing file /home/airflow/.local/lib/python3.7/site-packages/airflow/example_dags/example_dag_decorator.py for tasks to queue
[2023-07-12T06:29:58.633+0000] {logging_mixin.py:150} INFO - [2023-07-12T06:29:58.632+0000] {dagbag.py:541} INFO - Filling up the DagBag from /home/airflow/.local/lib/python3.7/site-packages/airflow/example_dags/example_dag_decorator.py
[2023-07-12T06:29:58.659+0000] {processor.py:836} INFO - DAG(s) dict_keys(['example_dag_decorator']) retrieved from /home/airflow/.local/lib/python3.7/site-packages/airflow/example_dags/example_dag_decorator.py
[2023-07-12T06:29:58.893+0000] {logging_mixin.py:150} INFO - [2023-07-12T06:29:58.892+0000] {dag.py:2742} INFO - Sync 1 DAGs
[2023-07-12T06:29:58.925+0000] {logging_mixin.py:150} INFO - [2023-07-12T06:29:58.925+0000] {dag.py:3508} INFO - Setting next_dagrun for example_dag_decorator to None, run_after=None
[2023-07-12T06:29:58.956+0000] {processor.py:179} INFO - Processing /home/airflow/.local/lib/python3.7/site-packages/airflow/example_dags/example_dag_decorator.py took 0.338 seconds
[2023-07-12T06:30:29.067+0000] {processor.py:157} INFO - Started process (PID=915) to work on /home/airflow/.local/lib/python3.7/site-packages/airflow/example_dags/example_dag_decorator.py
[2023-07-12T06:30:29.077+0000] {processor.py:826} INFO - Processing file /home/airflow/.local/lib/python3.7/site-packages/airflow/example_dags/example_dag_decorator.py for tasks to queue
[2023-07-12T06:30:29.083+0000] {logging_mixin.py:150} INFO - [2023-07-12T06:30:29.081+0000] {dagbag.py:541} INFO - Filling up the DagBag from /home/airflow/.local/lib/python3.7/site-packages/airflow/example_dags/example_dag_decorator.py
[2023-07-12T06:30:29.145+0000] {processor.py:836} INFO - DAG(s) dict_keys(['example_dag_decorator']) retrieved from /home/airflow/.local/lib/python3.7/site-packages/airflow/example_dags/example_dag_decorator.py
[2023-07-12T06:30:29.369+0000] {logging_mixin.py:150} INFO - [2023-07-12T06:30:29.369+0000] {dag.py:2742} INFO - Sync 1 DAGs
[2023-07-12T06:30:29.416+0000] {logging_mixin.py:150} INFO - [2023-07-12T06:30:29.416+0000] {dag.py:3508} INFO - Setting next_dagrun for example_dag_decorator to None, run_after=None
[2023-07-12T06:30:29.457+0000] {processor.py:179} INFO - Processing /home/airflow/.local/lib/python3.7/site-packages/airflow/example_dags/example_dag_decorator.py took 0.406 seconds
[2023-07-12T06:31:00.182+0000] {processor.py:157} INFO - Started process (PID=1153) to work on /home/airflow/.local/lib/python3.7/site-packages/airflow/example_dags/example_dag_decorator.py
[2023-07-12T06:31:00.186+0000] {processor.py:826} INFO - Processing file /home/airflow/.local/lib/python3.7/site-packages/airflow/example_dags/example_dag_decorator.py for tasks to queue
[2023-07-12T06:31:00.189+0000] {logging_mixin.py:150} INFO - [2023-07-12T06:31:00.189+0000] {dagbag.py:541} INFO - Filling up the DagBag from /home/airflow/.local/lib/python3.7/site-packages/airflow/example_dags/example_dag_decorator.py
[2023-07-12T06:31:00.210+0000] {processor.py:836} INFO - DAG(s) dict_keys(['example_dag_decorator']) retrieved from /home/airflow/.local/lib/python3.7/site-packages/airflow/example_dags/example_dag_decorator.py
[2023-07-12T06:31:00.394+0000] {logging_mixin.py:150} INFO - [2023-07-12T06:31:00.394+0000] {dag.py:2742} INFO - Sync 1 DAGs
[2023-07-12T06:31:00.429+0000] {logging_mixin.py:150} INFO - [2023-07-12T06:31:00.429+0000] {dag.py:3508} INFO - Setting next_dagrun for example_dag_decorator to None, run_after=None
[2023-07-12T06:31:00.461+0000] {processor.py:179} INFO - Processing /home/airflow/.local/lib/python3.7/site-packages/airflow/example_dags/example_dag_decorator.py took 0.284 seconds
[2023-07-12T06:31:30.920+0000] {processor.py:157} INFO - Started process (PID=1436) to work on /home/airflow/.local/lib/python3.7/site-packages/airflow/example_dags/example_dag_decorator.py
[2023-07-12T06:31:30.923+0000] {processor.py:826} INFO - Processing file /home/airflow/.local/lib/python3.7/site-packages/airflow/example_dags/example_dag_decorator.py for tasks to queue
[2023-07-12T06:31:30.926+0000] {logging_mixin.py:150} INFO - [2023-07-12T06:31:30.925+0000] {dagbag.py:541} INFO - Filling up the DagBag from /home/airflow/.local/lib/python3.7/site-packages/airflow/example_dags/example_dag_decorator.py
[2023-07-12T06:31:30.947+0000] {processor.py:836} INFO - DAG(s) dict_keys(['example_dag_decorator']) retrieved from /home/airflow/.local/lib/python3.7/site-packages/airflow/example_dags/example_dag_decorator.py
[2023-07-12T06:31:31.127+0000] {logging_mixin.py:150} INFO - [2023-07-12T06:31:31.127+0000] {dag.py:2742} INFO - Sync 1 DAGs
[2023-07-12T06:31:31.162+0000] {logging_mixin.py:150} INFO - [2023-07-12T06:31:31.161+0000] {dag.py:3508} INFO - Setting next_dagrun for example_dag_decorator to None, run_after=None
[2023-07-12T06:31:31.202+0000] {processor.py:179} INFO - Processing /home/airflow/.local/lib/python3.7/site-packages/airflow/example_dags/example_dag_decorator.py took 0.288 seconds
[2023-07-12T06:32:01.327+0000] {processor.py:157} INFO - Started process (PID=1677) to work on /home/airflow/.local/lib/python3.7/site-packages/airflow/example_dags/example_dag_decorator.py
[2023-07-12T06:32:01.330+0000] {processor.py:826} INFO - Processing file /home/airflow/.local/lib/python3.7/site-packages/airflow/example_dags/example_dag_decorator.py for tasks to queue
[2023-07-12T06:32:01.333+0000] {logging_mixin.py:150} INFO - [2023-07-12T06:32:01.332+0000] {dagbag.py:541} INFO - Filling up the DagBag from /home/airflow/.local/lib/python3.7/site-packages/airflow/example_dags/example_dag_decorator.py
[2023-07-12T06:32:01.354+0000] {processor.py:836} INFO - DAG(s) dict_keys(['example_dag_decorator']) retrieved from /home/airflow/.local/lib/python3.7/site-packages/airflow/example_dags/example_dag_decorator.py
[2023-07-12T06:32:01.521+0000] {logging_mixin.py:150} INFO - [2023-07-12T06:32:01.521+0000] {dag.py:2742} INFO - Sync 1 DAGs
[2023-07-12T06:32:01.551+0000] {logging_mixin.py:150} INFO - [2023-07-12T06:32:01.551+0000] {dag.py:3508} INFO - Setting next_dagrun for example_dag_decorator to None, run_after=None
[2023-07-12T06:32:01.579+0000] {processor.py:179} INFO - Processing /home/airflow/.local/lib/python3.7/site-packages/airflow/example_dags/example_dag_decorator.py took 0.256 seconds
[2023-07-12T06:32:31.978+0000] {processor.py:157} INFO - Started process (PID=1918) to work on /home/airflow/.local/lib/python3.7/site-packages/airflow/example_dags/example_dag_decorator.py
[2023-07-12T06:32:31.982+0000] {processor.py:826} INFO - Processing file /home/airflow/.local/lib/python3.7/site-packages/airflow/example_dags/example_dag_decorator.py for tasks to queue
[2023-07-12T06:32:31.985+0000] {logging_mixin.py:150} INFO - [2023-07-12T06:32:31.985+0000] {dagbag.py:541} INFO - Filling up the DagBag from /home/airflow/.local/lib/python3.7/site-packages/airflow/example_dags/example_dag_decorator.py
[2023-07-12T06:32:32.008+0000] {processor.py:836} INFO - DAG(s) dict_keys(['example_dag_decorator']) retrieved from /home/airflow/.local/lib/python3.7/site-packages/airflow/example_dags/example_dag_decorator.py
[2023-07-12T06:32:32.196+0000] {logging_mixin.py:150} INFO - [2023-07-12T06:32:32.196+0000] {dag.py:2742} INFO - Sync 1 DAGs
[2023-07-12T06:32:32.232+0000] {logging_mixin.py:150} INFO - [2023-07-12T06:32:32.232+0000] {dag.py:3508} INFO - Setting next_dagrun for example_dag_decorator to None, run_after=None
[2023-07-12T06:32:32.267+0000] {processor.py:179} INFO - Processing /home/airflow/.local/lib/python3.7/site-packages/airflow/example_dags/example_dag_decorator.py took 0.293 seconds
[2023-07-12T06:33:02.647+0000] {processor.py:157} INFO - Started process (PID=2166) to work on /home/airflow/.local/lib/python3.7/site-packages/airflow/example_dags/example_dag_decorator.py
[2023-07-12T06:33:02.650+0000] {processor.py:826} INFO - Processing file /home/airflow/.local/lib/python3.7/site-packages/airflow/example_dags/example_dag_decorator.py for tasks to queue
[2023-07-12T06:33:02.653+0000] {logging_mixin.py:150} INFO - [2023-07-12T06:33:02.652+0000] {dagbag.py:541} INFO - Filling up the DagBag from /home/airflow/.local/lib/python3.7/site-packages/airflow/example_dags/example_dag_decorator.py
[2023-07-12T06:33:02.673+0000] {processor.py:836} INFO - DAG(s) dict_keys(['example_dag_decorator']) retrieved from /home/airflow/.local/lib/python3.7/site-packages/airflow/example_dags/example_dag_decorator.py
[2023-07-12T06:33:02.857+0000] {logging_mixin.py:150} INFO - [2023-07-12T06:33:02.857+0000] {dag.py:2742} INFO - Sync 1 DAGs
[2023-07-12T06:33:02.888+0000] {logging_mixin.py:150} INFO - [2023-07-12T06:33:02.888+0000] {dag.py:3508} INFO - Setting next_dagrun for example_dag_decorator to None, run_after=None
[2023-07-12T06:33:02.921+0000] {processor.py:179} INFO - Processing /home/airflow/.local/lib/python3.7/site-packages/airflow/example_dags/example_dag_decorator.py took 0.280 seconds
[2023-07-12T06:33:33.097+0000] {processor.py:157} INFO - Started process (PID=2407) to work on /home/airflow/.local/lib/python3.7/site-packages/airflow/example_dags/example_dag_decorator.py
[2023-07-12T06:33:33.099+0000] {processor.py:826} INFO - Processing file /home/airflow/.local/lib/python3.7/site-packages/airflow/example_dags/example_dag_decorator.py for tasks to queue
[2023-07-12T06:33:33.102+0000] {logging_mixin.py:150} INFO - [2023-07-12T06:33:33.101+0000] {dagbag.py:541} INFO - Filling up the DagBag from /home/airflow/.local/lib/python3.7/site-packages/airflow/example_dags/example_dag_decorator.py
[2023-07-12T06:33:33.122+0000] {processor.py:836} INFO - DAG(s) dict_keys(['example_dag_decorator']) retrieved from /home/airflow/.local/lib/python3.7/site-packages/airflow/example_dags/example_dag_decorator.py
[2023-07-12T06:33:33.288+0000] {logging_mixin.py:150} INFO - [2023-07-12T06:33:33.287+0000] {dag.py:2742} INFO - Sync 1 DAGs
[2023-07-12T06:33:33.320+0000] {logging_mixin.py:150} INFO - [2023-07-12T06:33:33.319+0000] {dag.py:3508} INFO - Setting next_dagrun for example_dag_decorator to None, run_after=None
[2023-07-12T06:33:33.351+0000] {processor.py:179} INFO - Processing /home/airflow/.local/lib/python3.7/site-packages/airflow/example_dags/example_dag_decorator.py took 0.260 seconds
[2023-07-12T06:34:03.549+0000] {processor.py:157} INFO - Started process (PID=2648) to work on /home/airflow/.local/lib/python3.7/site-packages/airflow/example_dags/example_dag_decorator.py
[2023-07-12T06:34:03.553+0000] {processor.py:826} INFO - Processing file /home/airflow/.local/lib/python3.7/site-packages/airflow/example_dags/example_dag_decorator.py for tasks to queue
[2023-07-12T06:34:03.557+0000] {logging_mixin.py:150} INFO - [2023-07-12T06:34:03.556+0000] {dagbag.py:541} INFO - Filling up the DagBag from /home/airflow/.local/lib/python3.7/site-packages/airflow/example_dags/example_dag_decorator.py
[2023-07-12T06:34:03.649+0000] {processor.py:836} INFO - DAG(s) dict_keys(['example_dag_decorator']) retrieved from /home/airflow/.local/lib/python3.7/site-packages/airflow/example_dags/example_dag_decorator.py
[2023-07-12T06:34:03.821+0000] {logging_mixin.py:150} INFO - [2023-07-12T06:34:03.821+0000] {dag.py:2742} INFO - Sync 1 DAGs
[2023-07-12T06:34:03.852+0000] {logging_mixin.py:150} INFO - [2023-07-12T06:34:03.852+0000] {dag.py:3508} INFO - Setting next_dagrun for example_dag_decorator to None, run_after=None
[2023-07-12T06:34:03.881+0000] {processor.py:179} INFO - Processing /home/airflow/.local/lib/python3.7/site-packages/airflow/example_dags/example_dag_decorator.py took 0.342 seconds
[2023-07-12T06:34:34.275+0000] {processor.py:157} INFO - Started process (PID=2889) to work on /home/airflow/.local/lib/python3.7/site-packages/airflow/example_dags/example_dag_decorator.py
[2023-07-12T06:34:34.278+0000] {processor.py:826} INFO - Processing file /home/airflow/.local/lib/python3.7/site-packages/airflow/example_dags/example_dag_decorator.py for tasks to queue
[2023-07-12T06:34:34.280+0000] {logging_mixin.py:150} INFO - [2023-07-12T06:34:34.279+0000] {dagbag.py:541} INFO - Filling up the DagBag from /home/airflow/.local/lib/python3.7/site-packages/airflow/example_dags/example_dag_decorator.py
[2023-07-12T06:34:34.306+0000] {processor.py:836} INFO - DAG(s) dict_keys(['example_dag_decorator']) retrieved from /home/airflow/.local/lib/python3.7/site-packages/airflow/example_dags/example_dag_decorator.py
[2023-07-12T06:34:34.489+0000] {logging_mixin.py:150} INFO - [2023-07-12T06:34:34.489+0000] {dag.py:2742} INFO - Sync 1 DAGs
[2023-07-12T06:34:34.529+0000] {logging_mixin.py:150} INFO - [2023-07-12T06:34:34.529+0000] {dag.py:3508} INFO - Setting next_dagrun for example_dag_decorator to None, run_after=None
[2023-07-12T06:34:34.579+0000] {processor.py:179} INFO - Processing /home/airflow/.local/lib/python3.7/site-packages/airflow/example_dags/example_dag_decorator.py took 0.309 seconds
[2023-07-12T06:35:04.807+0000] {processor.py:157} INFO - Started process (PID=3130) to work on /home/airflow/.local/lib/python3.7/site-packages/airflow/example_dags/example_dag_decorator.py
[2023-07-12T06:35:04.810+0000] {processor.py:826} INFO - Processing file /home/airflow/.local/lib/python3.7/site-packages/airflow/example_dags/example_dag_decorator.py for tasks to queue
[2023-07-12T06:35:04.814+0000] {logging_mixin.py:150} INFO - [2023-07-12T06:35:04.813+0000] {dagbag.py:541} INFO - Filling up the DagBag from /home/airflow/.local/lib/python3.7/site-packages/airflow/example_dags/example_dag_decorator.py
[2023-07-12T06:35:04.835+0000] {processor.py:836} INFO - DAG(s) dict_keys(['example_dag_decorator']) retrieved from /home/airflow/.local/lib/python3.7/site-packages/airflow/example_dags/example_dag_decorator.py
[2023-07-12T06:35:05.013+0000] {logging_mixin.py:150} INFO - [2023-07-12T06:35:05.012+0000] {dag.py:2742} INFO - Sync 1 DAGs
[2023-07-12T06:35:05.046+0000] {logging_mixin.py:150} INFO - [2023-07-12T06:35:05.045+0000] {dag.py:3508} INFO - Setting next_dagrun for example_dag_decorator to None, run_after=None
[2023-07-12T06:35:05.079+0000] {processor.py:179} INFO - Processing /home/airflow/.local/lib/python3.7/site-packages/airflow/example_dags/example_dag_decorator.py took 0.277 seconds
[2023-07-12T06:35:35.626+0000] {processor.py:157} INFO - Started process (PID=3371) to work on /home/airflow/.local/lib/python3.7/site-packages/airflow/example_dags/example_dag_decorator.py
[2023-07-12T06:35:35.629+0000] {processor.py:826} INFO - Processing file /home/airflow/.local/lib/python3.7/site-packages/airflow/example_dags/example_dag_decorator.py for tasks to queue
[2023-07-12T06:35:35.632+0000] {logging_mixin.py:150} INFO - [2023-07-12T06:35:35.631+0000] {dagbag.py:541} INFO - Filling up the DagBag from /home/airflow/.local/lib/python3.7/site-packages/airflow/example_dags/example_dag_decorator.py
[2023-07-12T06:35:35.657+0000] {processor.py:836} INFO - DAG(s) dict_keys(['example_dag_decorator']) retrieved from /home/airflow/.local/lib/python3.7/site-packages/airflow/example_dags/example_dag_decorator.py
[2023-07-12T06:35:35.831+0000] {logging_mixin.py:150} INFO - [2023-07-12T06:35:35.830+0000] {dag.py:2742} INFO - Sync 1 DAGs
[2023-07-12T06:35:35.862+0000] {logging_mixin.py:150} INFO - [2023-07-12T06:35:35.862+0000] {dag.py:3508} INFO - Setting next_dagrun for example_dag_decorator to None, run_after=None
[2023-07-12T06:35:35.894+0000] {processor.py:179} INFO - Processing /home/airflow/.local/lib/python3.7/site-packages/airflow/example_dags/example_dag_decorator.py took 0.275 seconds
[2023-07-12T06:36:06.102+0000] {processor.py:157} INFO - Started process (PID=3612) to work on /home/airflow/.local/lib/python3.7/site-packages/airflow/example_dags/example_dag_decorator.py
[2023-07-12T06:36:06.105+0000] {processor.py:826} INFO - Processing file /home/airflow/.local/lib/python3.7/site-packages/airflow/example_dags/example_dag_decorator.py for tasks to queue
[2023-07-12T06:36:06.108+0000] {logging_mixin.py:150} INFO - [2023-07-12T06:36:06.107+0000] {dagbag.py:541} INFO - Filling up the DagBag from /home/airflow/.local/lib/python3.7/site-packages/airflow/example_dags/example_dag_decorator.py
[2023-07-12T06:36:06.129+0000] {processor.py:836} INFO - DAG(s) dict_keys(['example_dag_decorator']) retrieved from /home/airflow/.local/lib/python3.7/site-packages/airflow/example_dags/example_dag_decorator.py
[2023-07-12T06:36:06.296+0000] {logging_mixin.py:150} INFO - [2023-07-12T06:36:06.296+0000] {dag.py:2742} INFO - Sync 1 DAGs
[2023-07-12T06:36:06.326+0000] {logging_mixin.py:150} INFO - [2023-07-12T06:36:06.326+0000] {dag.py:3508} INFO - Setting next_dagrun for example_dag_decorator to None, run_after=None
[2023-07-12T06:36:06.355+0000] {processor.py:179} INFO - Processing /home/airflow/.local/lib/python3.7/site-packages/airflow/example_dags/example_dag_decorator.py took 0.257 seconds
[2023-07-12T06:36:37.004+0000] {processor.py:157} INFO - Started process (PID=3853) to work on /home/airflow/.local/lib/python3.7/site-packages/airflow/example_dags/example_dag_decorator.py
[2023-07-12T06:36:37.007+0000] {processor.py:826} INFO - Processing file /home/airflow/.local/lib/python3.7/site-packages/airflow/example_dags/example_dag_decorator.py for tasks to queue
[2023-07-12T06:36:37.009+0000] {logging_mixin.py:150} INFO - [2023-07-12T06:36:37.009+0000] {dagbag.py:541} INFO - Filling up the DagBag from /home/airflow/.local/lib/python3.7/site-packages/airflow/example_dags/example_dag_decorator.py
[2023-07-12T06:36:37.031+0000] {processor.py:836} INFO - DAG(s) dict_keys(['example_dag_decorator']) retrieved from /home/airflow/.local/lib/python3.7/site-packages/airflow/example_dags/example_dag_decorator.py
[2023-07-12T06:36:37.201+0000] {logging_mixin.py:150} INFO - [2023-07-12T06:36:37.200+0000] {dag.py:2742} INFO - Sync 1 DAGs
[2023-07-12T06:36:37.232+0000] {logging_mixin.py:150} INFO - [2023-07-12T06:36:37.231+0000] {dag.py:3508} INFO - Setting next_dagrun for example_dag_decorator to None, run_after=None
[2023-07-12T06:36:37.264+0000] {processor.py:179} INFO - Processing /home/airflow/.local/lib/python3.7/site-packages/airflow/example_dags/example_dag_decorator.py took 0.265 seconds
[2023-07-12T06:37:07.549+0000] {processor.py:157} INFO - Started process (PID=4094) to work on /home/airflow/.local/lib/python3.7/site-packages/airflow/example_dags/example_dag_decorator.py
[2023-07-12T06:37:07.551+0000] {processor.py:826} INFO - Processing file /home/airflow/.local/lib/python3.7/site-packages/airflow/example_dags/example_dag_decorator.py for tasks to queue
[2023-07-12T06:37:07.553+0000] {logging_mixin.py:150} INFO - [2023-07-12T06:37:07.553+0000] {dagbag.py:541} INFO - Filling up the DagBag from /home/airflow/.local/lib/python3.7/site-packages/airflow/example_dags/example_dag_decorator.py
[2023-07-12T06:37:07.576+0000] {processor.py:836} INFO - DAG(s) dict_keys(['example_dag_decorator']) retrieved from /home/airflow/.local/lib/python3.7/site-packages/airflow/example_dags/example_dag_decorator.py
[2023-07-12T06:37:07.749+0000] {logging_mixin.py:150} INFO - [2023-07-12T06:37:07.748+0000] {dag.py:2742} INFO - Sync 1 DAGs
[2023-07-12T06:37:07.782+0000] {logging_mixin.py:150} INFO - [2023-07-12T06:37:07.782+0000] {dag.py:3508} INFO - Setting next_dagrun for example_dag_decorator to None, run_after=None
[2023-07-12T06:37:07.812+0000] {processor.py:179} INFO - Processing /home/airflow/.local/lib/python3.7/site-packages/airflow/example_dags/example_dag_decorator.py took 0.268 seconds
[2023-07-12T06:37:37.971+0000] {processor.py:157} INFO - Started process (PID=4334) to work on /home/airflow/.local/lib/python3.7/site-packages/airflow/example_dags/example_dag_decorator.py
[2023-07-12T06:37:37.974+0000] {processor.py:826} INFO - Processing file /home/airflow/.local/lib/python3.7/site-packages/airflow/example_dags/example_dag_decorator.py for tasks to queue
[2023-07-12T06:37:37.976+0000] {logging_mixin.py:150} INFO - [2023-07-12T06:37:37.976+0000] {dagbag.py:541} INFO - Filling up the DagBag from /home/airflow/.local/lib/python3.7/site-packages/airflow/example_dags/example_dag_decorator.py
[2023-07-12T06:37:37.998+0000] {processor.py:836} INFO - DAG(s) dict_keys(['example_dag_decorator']) retrieved from /home/airflow/.local/lib/python3.7/site-packages/airflow/example_dags/example_dag_decorator.py
[2023-07-12T06:37:38.185+0000] {logging_mixin.py:150} INFO - [2023-07-12T06:37:38.184+0000] {dag.py:2742} INFO - Sync 1 DAGs
[2023-07-12T06:37:38.229+0000] {logging_mixin.py:150} INFO - [2023-07-12T06:37:38.229+0000] {dag.py:3508} INFO - Setting next_dagrun for example_dag_decorator to None, run_after=None
[2023-07-12T06:37:38.271+0000] {processor.py:179} INFO - Processing /home/airflow/.local/lib/python3.7/site-packages/airflow/example_dags/example_dag_decorator.py took 0.304 seconds
[2023-07-12T06:38:08.848+0000] {processor.py:157} INFO - Started process (PID=4573) to work on /home/airflow/.local/lib/python3.7/site-packages/airflow/example_dags/example_dag_decorator.py
[2023-07-12T06:38:08.850+0000] {processor.py:826} INFO - Processing file /home/airflow/.local/lib/python3.7/site-packages/airflow/example_dags/example_dag_decorator.py for tasks to queue
[2023-07-12T06:38:08.852+0000] {logging_mixin.py:150} INFO - [2023-07-12T06:38:08.852+0000] {dagbag.py:541} INFO - Filling up the DagBag from /home/airflow/.local/lib/python3.7/site-packages/airflow/example_dags/example_dag_decorator.py
[2023-07-12T06:38:08.874+0000] {processor.py:836} INFO - DAG(s) dict_keys(['example_dag_decorator']) retrieved from /home/airflow/.local/lib/python3.7/site-packages/airflow/example_dags/example_dag_decorator.py
[2023-07-12T06:38:09.052+0000] {logging_mixin.py:150} INFO - [2023-07-12T06:38:09.052+0000] {dag.py:2742} INFO - Sync 1 DAGs
[2023-07-12T06:38:09.086+0000] {logging_mixin.py:150} INFO - [2023-07-12T06:38:09.086+0000] {dag.py:3508} INFO - Setting next_dagrun for example_dag_decorator to None, run_after=None
[2023-07-12T06:38:09.122+0000] {processor.py:179} INFO - Processing /home/airflow/.local/lib/python3.7/site-packages/airflow/example_dags/example_dag_decorator.py took 0.279 seconds
[2023-07-12T06:38:39.787+0000] {processor.py:157} INFO - Started process (PID=4814) to work on /home/airflow/.local/lib/python3.7/site-packages/airflow/example_dags/example_dag_decorator.py
[2023-07-12T06:38:39.789+0000] {processor.py:826} INFO - Processing file /home/airflow/.local/lib/python3.7/site-packages/airflow/example_dags/example_dag_decorator.py for tasks to queue
[2023-07-12T06:38:39.792+0000] {logging_mixin.py:150} INFO - [2023-07-12T06:38:39.792+0000] {dagbag.py:541} INFO - Filling up the DagBag from /home/airflow/.local/lib/python3.7/site-packages/airflow/example_dags/example_dag_decorator.py
[2023-07-12T06:38:39.818+0000] {processor.py:836} INFO - DAG(s) dict_keys(['example_dag_decorator']) retrieved from /home/airflow/.local/lib/python3.7/site-packages/airflow/example_dags/example_dag_decorator.py
[2023-07-12T06:38:39.994+0000] {logging_mixin.py:150} INFO - [2023-07-12T06:38:39.994+0000] {dag.py:2742} INFO - Sync 1 DAGs
[2023-07-12T06:38:40.030+0000] {logging_mixin.py:150} INFO - [2023-07-12T06:38:40.029+0000] {dag.py:3508} INFO - Setting next_dagrun for example_dag_decorator to None, run_after=None
[2023-07-12T06:38:40.064+0000] {processor.py:179} INFO - Processing /home/airflow/.local/lib/python3.7/site-packages/airflow/example_dags/example_dag_decorator.py took 0.281 seconds
[2023-07-12T06:39:10.342+0000] {processor.py:157} INFO - Started process (PID=5055) to work on /home/airflow/.local/lib/python3.7/site-packages/airflow/example_dags/example_dag_decorator.py
[2023-07-12T06:39:10.344+0000] {processor.py:826} INFO - Processing file /home/airflow/.local/lib/python3.7/site-packages/airflow/example_dags/example_dag_decorator.py for tasks to queue
[2023-07-12T06:39:10.346+0000] {logging_mixin.py:150} INFO - [2023-07-12T06:39:10.346+0000] {dagbag.py:541} INFO - Filling up the DagBag from /home/airflow/.local/lib/python3.7/site-packages/airflow/example_dags/example_dag_decorator.py
[2023-07-12T06:39:10.368+0000] {processor.py:836} INFO - DAG(s) dict_keys(['example_dag_decorator']) retrieved from /home/airflow/.local/lib/python3.7/site-packages/airflow/example_dags/example_dag_decorator.py
[2023-07-12T06:39:10.544+0000] {logging_mixin.py:150} INFO - [2023-07-12T06:39:10.543+0000] {dag.py:2742} INFO - Sync 1 DAGs
[2023-07-12T06:39:10.578+0000] {logging_mixin.py:150} INFO - [2023-07-12T06:39:10.577+0000] {dag.py:3508} INFO - Setting next_dagrun for example_dag_decorator to None, run_after=None
[2023-07-12T06:39:10.610+0000] {processor.py:179} INFO - Processing /home/airflow/.local/lib/python3.7/site-packages/airflow/example_dags/example_dag_decorator.py took 0.274 seconds
[2023-07-12T06:39:41.122+0000] {processor.py:157} INFO - Started process (PID=5296) to work on /home/airflow/.local/lib/python3.7/site-packages/airflow/example_dags/example_dag_decorator.py
[2023-07-12T06:39:41.124+0000] {processor.py:826} INFO - Processing file /home/airflow/.local/lib/python3.7/site-packages/airflow/example_dags/example_dag_decorator.py for tasks to queue
[2023-07-12T06:39:41.127+0000] {logging_mixin.py:150} INFO - [2023-07-12T06:39:41.126+0000] {dagbag.py:541} INFO - Filling up the DagBag from /home/airflow/.local/lib/python3.7/site-packages/airflow/example_dags/example_dag_decorator.py
[2023-07-12T06:39:41.148+0000] {processor.py:836} INFO - DAG(s) dict_keys(['example_dag_decorator']) retrieved from /home/airflow/.local/lib/python3.7/site-packages/airflow/example_dags/example_dag_decorator.py
[2023-07-12T06:39:41.324+0000] {logging_mixin.py:150} INFO - [2023-07-12T06:39:41.324+0000] {dag.py:2742} INFO - Sync 1 DAGs
[2023-07-12T06:39:41.360+0000] {logging_mixin.py:150} INFO - [2023-07-12T06:39:41.359+0000] {dag.py:3508} INFO - Setting next_dagrun for example_dag_decorator to None, run_after=None
[2023-07-12T06:39:41.392+0000] {processor.py:179} INFO - Processing /home/airflow/.local/lib/python3.7/site-packages/airflow/example_dags/example_dag_decorator.py took 0.275 seconds
[2023-07-12T06:40:11.724+0000] {processor.py:157} INFO - Started process (PID=5537) to work on /home/airflow/.local/lib/python3.7/site-packages/airflow/example_dags/example_dag_decorator.py
[2023-07-12T06:40:11.726+0000] {processor.py:826} INFO - Processing file /home/airflow/.local/lib/python3.7/site-packages/airflow/example_dags/example_dag_decorator.py for tasks to queue
[2023-07-12T06:40:11.728+0000] {logging_mixin.py:150} INFO - [2023-07-12T06:40:11.728+0000] {dagbag.py:541} INFO - Filling up the DagBag from /home/airflow/.local/lib/python3.7/site-packages/airflow/example_dags/example_dag_decorator.py
[2023-07-12T06:40:11.748+0000] {processor.py:836} INFO - DAG(s) dict_keys(['example_dag_decorator']) retrieved from /home/airflow/.local/lib/python3.7/site-packages/airflow/example_dags/example_dag_decorator.py
[2023-07-12T06:40:11.905+0000] {logging_mixin.py:150} INFO - [2023-07-12T06:40:11.905+0000] {dag.py:2742} INFO - Sync 1 DAGs
[2023-07-12T06:40:11.935+0000] {logging_mixin.py:150} INFO - [2023-07-12T06:40:11.935+0000] {dag.py:3508} INFO - Setting next_dagrun for example_dag_decorator to None, run_after=None
[2023-07-12T06:40:11.968+0000] {processor.py:179} INFO - Processing /home/airflow/.local/lib/python3.7/site-packages/airflow/example_dags/example_dag_decorator.py took 0.248 seconds
[2023-07-12T06:40:42.385+0000] {processor.py:157} INFO - Started process (PID=5778) to work on /home/airflow/.local/lib/python3.7/site-packages/airflow/example_dags/example_dag_decorator.py
[2023-07-12T06:40:42.388+0000] {processor.py:826} INFO - Processing file /home/airflow/.local/lib/python3.7/site-packages/airflow/example_dags/example_dag_decorator.py for tasks to queue
[2023-07-12T06:40:42.390+0000] {logging_mixin.py:150} INFO - [2023-07-12T06:40:42.390+0000] {dagbag.py:541} INFO - Filling up the DagBag from /home/airflow/.local/lib/python3.7/site-packages/airflow/example_dags/example_dag_decorator.py
[2023-07-12T06:40:42.411+0000] {processor.py:836} INFO - DAG(s) dict_keys(['example_dag_decorator']) retrieved from /home/airflow/.local/lib/python3.7/site-packages/airflow/example_dags/example_dag_decorator.py
[2023-07-12T06:40:42.577+0000] {logging_mixin.py:150} INFO - [2023-07-12T06:40:42.577+0000] {dag.py:2742} INFO - Sync 1 DAGs
[2023-07-12T06:40:42.606+0000] {logging_mixin.py:150} INFO - [2023-07-12T06:40:42.606+0000] {dag.py:3508} INFO - Setting next_dagrun for example_dag_decorator to None, run_after=None
[2023-07-12T06:40:42.638+0000] {processor.py:179} INFO - Processing /home/airflow/.local/lib/python3.7/site-packages/airflow/example_dags/example_dag_decorator.py took 0.257 seconds
[2023-07-12T06:41:12.832+0000] {processor.py:157} INFO - Started process (PID=6019) to work on /home/airflow/.local/lib/python3.7/site-packages/airflow/example_dags/example_dag_decorator.py
[2023-07-12T06:41:12.834+0000] {processor.py:826} INFO - Processing file /home/airflow/.local/lib/python3.7/site-packages/airflow/example_dags/example_dag_decorator.py for tasks to queue
[2023-07-12T06:41:12.836+0000] {logging_mixin.py:150} INFO - [2023-07-12T06:41:12.836+0000] {dagbag.py:541} INFO - Filling up the DagBag from /home/airflow/.local/lib/python3.7/site-packages/airflow/example_dags/example_dag_decorator.py
[2023-07-12T06:41:12.856+0000] {processor.py:836} INFO - DAG(s) dict_keys(['example_dag_decorator']) retrieved from /home/airflow/.local/lib/python3.7/site-packages/airflow/example_dags/example_dag_decorator.py
[2023-07-12T06:41:13.016+0000] {logging_mixin.py:150} INFO - [2023-07-12T06:41:13.016+0000] {dag.py:2742} INFO - Sync 1 DAGs
[2023-07-12T06:41:13.046+0000] {logging_mixin.py:150} INFO - [2023-07-12T06:41:13.046+0000] {dag.py:3508} INFO - Setting next_dagrun for example_dag_decorator to None, run_after=None
[2023-07-12T06:41:13.077+0000] {processor.py:179} INFO - Processing /home/airflow/.local/lib/python3.7/site-packages/airflow/example_dags/example_dag_decorator.py took 0.250 seconds
[2023-07-12T06:41:43.180+0000] {processor.py:157} INFO - Started process (PID=6257) to work on /home/airflow/.local/lib/python3.7/site-packages/airflow/example_dags/example_dag_decorator.py
[2023-07-12T06:41:43.182+0000] {processor.py:826} INFO - Processing file /home/airflow/.local/lib/python3.7/site-packages/airflow/example_dags/example_dag_decorator.py for tasks to queue
[2023-07-12T06:41:43.185+0000] {logging_mixin.py:150} INFO - [2023-07-12T06:41:43.184+0000] {dagbag.py:541} INFO - Filling up the DagBag from /home/airflow/.local/lib/python3.7/site-packages/airflow/example_dags/example_dag_decorator.py
[2023-07-12T06:41:43.204+0000] {processor.py:836} INFO - DAG(s) dict_keys(['example_dag_decorator']) retrieved from /home/airflow/.local/lib/python3.7/site-packages/airflow/example_dags/example_dag_decorator.py
[2023-07-12T06:41:43.349+0000] {logging_mixin.py:150} INFO - [2023-07-12T06:41:43.349+0000] {dag.py:2742} INFO - Sync 1 DAGs
[2023-07-12T06:41:43.379+0000] {logging_mixin.py:150} INFO - [2023-07-12T06:41:43.379+0000] {dag.py:3508} INFO - Setting next_dagrun for example_dag_decorator to None, run_after=None
[2023-07-12T06:41:43.406+0000] {processor.py:179} INFO - Processing /home/airflow/.local/lib/python3.7/site-packages/airflow/example_dags/example_dag_decorator.py took 0.231 seconds
[2023-07-12T06:42:13.589+0000] {processor.py:157} INFO - Started process (PID=6499) to work on /home/airflow/.local/lib/python3.7/site-packages/airflow/example_dags/example_dag_decorator.py
[2023-07-12T06:42:13.591+0000] {processor.py:826} INFO - Processing file /home/airflow/.local/lib/python3.7/site-packages/airflow/example_dags/example_dag_decorator.py for tasks to queue
[2023-07-12T06:42:13.594+0000] {logging_mixin.py:150} INFO - [2023-07-12T06:42:13.593+0000] {dagbag.py:541} INFO - Filling up the DagBag from /home/airflow/.local/lib/python3.7/site-packages/airflow/example_dags/example_dag_decorator.py
[2023-07-12T06:42:13.613+0000] {processor.py:836} INFO - DAG(s) dict_keys(['example_dag_decorator']) retrieved from /home/airflow/.local/lib/python3.7/site-packages/airflow/example_dags/example_dag_decorator.py
[2023-07-12T06:42:13.758+0000] {logging_mixin.py:150} INFO - [2023-07-12T06:42:13.757+0000] {dag.py:2742} INFO - Sync 1 DAGs
[2023-07-12T06:42:13.786+0000] {logging_mixin.py:150} INFO - [2023-07-12T06:42:13.786+0000] {dag.py:3508} INFO - Setting next_dagrun for example_dag_decorator to None, run_after=None
[2023-07-12T06:42:13.815+0000] {processor.py:179} INFO - Processing /home/airflow/.local/lib/python3.7/site-packages/airflow/example_dags/example_dag_decorator.py took 0.230 seconds
[2023-07-12T06:42:44.205+0000] {processor.py:157} INFO - Started process (PID=6740) to work on /home/airflow/.local/lib/python3.7/site-packages/airflow/example_dags/example_dag_decorator.py
[2023-07-12T06:42:44.208+0000] {processor.py:826} INFO - Processing file /home/airflow/.local/lib/python3.7/site-packages/airflow/example_dags/example_dag_decorator.py for tasks to queue
[2023-07-12T06:42:44.210+0000] {logging_mixin.py:150} INFO - [2023-07-12T06:42:44.209+0000] {dagbag.py:541} INFO - Filling up the DagBag from /home/airflow/.local/lib/python3.7/site-packages/airflow/example_dags/example_dag_decorator.py
[2023-07-12T06:42:44.230+0000] {processor.py:836} INFO - DAG(s) dict_keys(['example_dag_decorator']) retrieved from /home/airflow/.local/lib/python3.7/site-packages/airflow/example_dags/example_dag_decorator.py
[2023-07-12T06:42:44.388+0000] {logging_mixin.py:150} INFO - [2023-07-12T06:42:44.388+0000] {dag.py:2742} INFO - Sync 1 DAGs
[2023-07-12T06:42:44.419+0000] {logging_mixin.py:150} INFO - [2023-07-12T06:42:44.419+0000] {dag.py:3508} INFO - Setting next_dagrun for example_dag_decorator to None, run_after=None
[2023-07-12T06:42:44.451+0000] {processor.py:179} INFO - Processing /home/airflow/.local/lib/python3.7/site-packages/airflow/example_dags/example_dag_decorator.py took 0.251 seconds
[2023-07-12T06:43:14.789+0000] {processor.py:157} INFO - Started process (PID=6984) to work on /home/airflow/.local/lib/python3.7/site-packages/airflow/example_dags/example_dag_decorator.py
[2023-07-12T06:43:14.791+0000] {processor.py:826} INFO - Processing file /home/airflow/.local/lib/python3.7/site-packages/airflow/example_dags/example_dag_decorator.py for tasks to queue
[2023-07-12T06:43:14.793+0000] {logging_mixin.py:150} INFO - [2023-07-12T06:43:14.792+0000] {dagbag.py:541} INFO - Filling up the DagBag from /home/airflow/.local/lib/python3.7/site-packages/airflow/example_dags/example_dag_decorator.py
[2023-07-12T06:43:14.812+0000] {processor.py:836} INFO - DAG(s) dict_keys(['example_dag_decorator']) retrieved from /home/airflow/.local/lib/python3.7/site-packages/airflow/example_dags/example_dag_decorator.py
[2023-07-12T06:43:14.970+0000] {logging_mixin.py:150} INFO - [2023-07-12T06:43:14.970+0000] {dag.py:2742} INFO - Sync 1 DAGs
[2023-07-12T06:43:14.999+0000] {logging_mixin.py:150} INFO - [2023-07-12T06:43:14.999+0000] {dag.py:3508} INFO - Setting next_dagrun for example_dag_decorator to None, run_after=None
[2023-07-12T06:43:15.030+0000] {processor.py:179} INFO - Processing /home/airflow/.local/lib/python3.7/site-packages/airflow/example_dags/example_dag_decorator.py took 0.245 seconds
[2023-07-12T06:43:45.949+0000] {processor.py:157} INFO - Started process (PID=7225) to work on /home/airflow/.local/lib/python3.7/site-packages/airflow/example_dags/example_dag_decorator.py
[2023-07-12T06:43:45.952+0000] {processor.py:826} INFO - Processing file /home/airflow/.local/lib/python3.7/site-packages/airflow/example_dags/example_dag_decorator.py for tasks to queue
[2023-07-12T06:43:45.954+0000] {logging_mixin.py:150} INFO - [2023-07-12T06:43:45.954+0000] {dagbag.py:541} INFO - Filling up the DagBag from /home/airflow/.local/lib/python3.7/site-packages/airflow/example_dags/example_dag_decorator.py
[2023-07-12T06:43:45.974+0000] {processor.py:836} INFO - DAG(s) dict_keys(['example_dag_decorator']) retrieved from /home/airflow/.local/lib/python3.7/site-packages/airflow/example_dags/example_dag_decorator.py
[2023-07-12T06:43:46.134+0000] {logging_mixin.py:150} INFO - [2023-07-12T06:43:46.134+0000] {dag.py:2742} INFO - Sync 1 DAGs
[2023-07-12T06:43:46.165+0000] {logging_mixin.py:150} INFO - [2023-07-12T06:43:46.165+0000] {dag.py:3508} INFO - Setting next_dagrun for example_dag_decorator to None, run_after=None
[2023-07-12T06:43:46.195+0000] {processor.py:179} INFO - Processing /home/airflow/.local/lib/python3.7/site-packages/airflow/example_dags/example_dag_decorator.py took 0.251 seconds
[2023-07-12T06:44:16.383+0000] {processor.py:157} INFO - Started process (PID=7466) to work on /home/airflow/.local/lib/python3.7/site-packages/airflow/example_dags/example_dag_decorator.py
[2023-07-12T06:44:16.385+0000] {processor.py:826} INFO - Processing file /home/airflow/.local/lib/python3.7/site-packages/airflow/example_dags/example_dag_decorator.py for tasks to queue
[2023-07-12T06:44:16.387+0000] {logging_mixin.py:150} INFO - [2023-07-12T06:44:16.387+0000] {dagbag.py:541} INFO - Filling up the DagBag from /home/airflow/.local/lib/python3.7/site-packages/airflow/example_dags/example_dag_decorator.py
[2023-07-12T06:44:16.408+0000] {processor.py:836} INFO - DAG(s) dict_keys(['example_dag_decorator']) retrieved from /home/airflow/.local/lib/python3.7/site-packages/airflow/example_dags/example_dag_decorator.py
[2023-07-12T06:44:16.564+0000] {logging_mixin.py:150} INFO - [2023-07-12T06:44:16.564+0000] {dag.py:2742} INFO - Sync 1 DAGs
[2023-07-12T06:44:16.595+0000] {logging_mixin.py:150} INFO - [2023-07-12T06:44:16.595+0000] {dag.py:3508} INFO - Setting next_dagrun for example_dag_decorator to None, run_after=None
[2023-07-12T06:44:16.626+0000] {processor.py:179} INFO - Processing /home/airflow/.local/lib/python3.7/site-packages/airflow/example_dags/example_dag_decorator.py took 0.249 seconds
[2023-07-12T06:44:46.742+0000] {processor.py:157} INFO - Started process (PID=7704) to work on /home/airflow/.local/lib/python3.7/site-packages/airflow/example_dags/example_dag_decorator.py
[2023-07-12T06:44:46.744+0000] {processor.py:826} INFO - Processing file /home/airflow/.local/lib/python3.7/site-packages/airflow/example_dags/example_dag_decorator.py for tasks to queue
[2023-07-12T06:44:46.746+0000] {logging_mixin.py:150} INFO - [2023-07-12T06:44:46.746+0000] {dagbag.py:541} INFO - Filling up the DagBag from /home/airflow/.local/lib/python3.7/site-packages/airflow/example_dags/example_dag_decorator.py
[2023-07-12T06:44:46.765+0000] {processor.py:836} INFO - DAG(s) dict_keys(['example_dag_decorator']) retrieved from /home/airflow/.local/lib/python3.7/site-packages/airflow/example_dags/example_dag_decorator.py
[2023-07-12T06:44:46.905+0000] {logging_mixin.py:150} INFO - [2023-07-12T06:44:46.905+0000] {dag.py:2742} INFO - Sync 1 DAGs
[2023-07-12T06:44:46.934+0000] {logging_mixin.py:150} INFO - [2023-07-12T06:44:46.934+0000] {dag.py:3508} INFO - Setting next_dagrun for example_dag_decorator to None, run_after=None
[2023-07-12T06:44:46.961+0000] {processor.py:179} INFO - Processing /home/airflow/.local/lib/python3.7/site-packages/airflow/example_dags/example_dag_decorator.py took 0.223 seconds
[2023-07-12T06:45:17.245+0000] {processor.py:157} INFO - Started process (PID=7945) to work on /home/airflow/.local/lib/python3.7/site-packages/airflow/example_dags/example_dag_decorator.py
[2023-07-12T06:45:17.248+0000] {processor.py:826} INFO - Processing file /home/airflow/.local/lib/python3.7/site-packages/airflow/example_dags/example_dag_decorator.py for tasks to queue
[2023-07-12T06:45:17.250+0000] {logging_mixin.py:150} INFO - [2023-07-12T06:45:17.250+0000] {dagbag.py:541} INFO - Filling up the DagBag from /home/airflow/.local/lib/python3.7/site-packages/airflow/example_dags/example_dag_decorator.py
[2023-07-12T06:45:17.270+0000] {processor.py:836} INFO - DAG(s) dict_keys(['example_dag_decorator']) retrieved from /home/airflow/.local/lib/python3.7/site-packages/airflow/example_dags/example_dag_decorator.py
[2023-07-12T06:45:17.411+0000] {logging_mixin.py:150} INFO - [2023-07-12T06:45:17.411+0000] {dag.py:2742} INFO - Sync 1 DAGs
[2023-07-12T06:45:17.439+0000] {logging_mixin.py:150} INFO - [2023-07-12T06:45:17.439+0000] {dag.py:3508} INFO - Setting next_dagrun for example_dag_decorator to None, run_after=None
[2023-07-12T06:45:17.466+0000] {processor.py:179} INFO - Processing /home/airflow/.local/lib/python3.7/site-packages/airflow/example_dags/example_dag_decorator.py took 0.227 seconds
[2023-07-12T06:45:48.359+0000] {processor.py:157} INFO - Started process (PID=8189) to work on /home/airflow/.local/lib/python3.7/site-packages/airflow/example_dags/example_dag_decorator.py
[2023-07-12T06:45:48.363+0000] {processor.py:826} INFO - Processing file /home/airflow/.local/lib/python3.7/site-packages/airflow/example_dags/example_dag_decorator.py for tasks to queue
[2023-07-12T06:45:48.370+0000] {logging_mixin.py:150} INFO - [2023-07-12T06:45:48.370+0000] {dagbag.py:541} INFO - Filling up the DagBag from /home/airflow/.local/lib/python3.7/site-packages/airflow/example_dags/example_dag_decorator.py
[2023-07-12T06:45:48.394+0000] {processor.py:836} INFO - DAG(s) dict_keys(['example_dag_decorator']) retrieved from /home/airflow/.local/lib/python3.7/site-packages/airflow/example_dags/example_dag_decorator.py
[2023-07-12T06:45:48.577+0000] {logging_mixin.py:150} INFO - [2023-07-12T06:45:48.576+0000] {dag.py:2742} INFO - Sync 1 DAGs
[2023-07-12T06:45:48.609+0000] {logging_mixin.py:150} INFO - [2023-07-12T06:45:48.608+0000] {dag.py:3508} INFO - Setting next_dagrun for example_dag_decorator to None, run_after=None
[2023-07-12T06:45:48.638+0000] {processor.py:179} INFO - Processing /home/airflow/.local/lib/python3.7/site-packages/airflow/example_dags/example_dag_decorator.py took 0.284 seconds
[2023-07-12T06:46:18.728+0000] {processor.py:157} INFO - Started process (PID=8427) to work on /home/airflow/.local/lib/python3.7/site-packages/airflow/example_dags/example_dag_decorator.py
[2023-07-12T06:46:18.731+0000] {processor.py:826} INFO - Processing file /home/airflow/.local/lib/python3.7/site-packages/airflow/example_dags/example_dag_decorator.py for tasks to queue
[2023-07-12T06:46:18.734+0000] {logging_mixin.py:150} INFO - [2023-07-12T06:46:18.733+0000] {dagbag.py:541} INFO - Filling up the DagBag from /home/airflow/.local/lib/python3.7/site-packages/airflow/example_dags/example_dag_decorator.py
[2023-07-12T06:46:18.753+0000] {processor.py:836} INFO - DAG(s) dict_keys(['example_dag_decorator']) retrieved from /home/airflow/.local/lib/python3.7/site-packages/airflow/example_dags/example_dag_decorator.py
[2023-07-12T06:46:18.899+0000] {logging_mixin.py:150} INFO - [2023-07-12T06:46:18.899+0000] {dag.py:2742} INFO - Sync 1 DAGs
[2023-07-12T06:46:18.927+0000] {logging_mixin.py:150} INFO - [2023-07-12T06:46:18.927+0000] {dag.py:3508} INFO - Setting next_dagrun for example_dag_decorator to None, run_after=None
[2023-07-12T06:46:18.956+0000] {processor.py:179} INFO - Processing /home/airflow/.local/lib/python3.7/site-packages/airflow/example_dags/example_dag_decorator.py took 0.233 seconds
[2023-07-12T06:46:49.066+0000] {processor.py:157} INFO - Started process (PID=8668) to work on /home/airflow/.local/lib/python3.7/site-packages/airflow/example_dags/example_dag_decorator.py
[2023-07-12T06:46:49.069+0000] {processor.py:826} INFO - Processing file /home/airflow/.local/lib/python3.7/site-packages/airflow/example_dags/example_dag_decorator.py for tasks to queue
[2023-07-12T06:46:49.071+0000] {logging_mixin.py:150} INFO - [2023-07-12T06:46:49.071+0000] {dagbag.py:541} INFO - Filling up the DagBag from /home/airflow/.local/lib/python3.7/site-packages/airflow/example_dags/example_dag_decorator.py
[2023-07-12T06:46:49.091+0000] {processor.py:836} INFO - DAG(s) dict_keys(['example_dag_decorator']) retrieved from /home/airflow/.local/lib/python3.7/site-packages/airflow/example_dags/example_dag_decorator.py
[2023-07-12T06:46:49.232+0000] {logging_mixin.py:150} INFO - [2023-07-12T06:46:49.232+0000] {dag.py:2742} INFO - Sync 1 DAGs
[2023-07-12T06:46:49.259+0000] {logging_mixin.py:150} INFO - [2023-07-12T06:46:49.259+0000] {dag.py:3508} INFO - Setting next_dagrun for example_dag_decorator to None, run_after=None
[2023-07-12T06:46:49.286+0000] {processor.py:179} INFO - Processing /home/airflow/.local/lib/python3.7/site-packages/airflow/example_dags/example_dag_decorator.py took 0.224 seconds
[2023-07-12T06:47:19.538+0000] {processor.py:157} INFO - Started process (PID=8908) to work on /home/airflow/.local/lib/python3.7/site-packages/airflow/example_dags/example_dag_decorator.py
[2023-07-12T06:47:19.542+0000] {processor.py:826} INFO - Processing file /home/airflow/.local/lib/python3.7/site-packages/airflow/example_dags/example_dag_decorator.py for tasks to queue
[2023-07-12T06:47:19.545+0000] {logging_mixin.py:150} INFO - [2023-07-12T06:47:19.545+0000] {dagbag.py:541} INFO - Filling up the DagBag from /home/airflow/.local/lib/python3.7/site-packages/airflow/example_dags/example_dag_decorator.py
[2023-07-12T06:47:19.567+0000] {processor.py:836} INFO - DAG(s) dict_keys(['example_dag_decorator']) retrieved from /home/airflow/.local/lib/python3.7/site-packages/airflow/example_dags/example_dag_decorator.py
[2023-07-12T06:47:19.743+0000] {logging_mixin.py:150} INFO - [2023-07-12T06:47:19.743+0000] {dag.py:2742} INFO - Sync 1 DAGs
[2023-07-12T06:47:19.776+0000] {logging_mixin.py:150} INFO - [2023-07-12T06:47:19.776+0000] {dag.py:3508} INFO - Setting next_dagrun for example_dag_decorator to None, run_after=None
[2023-07-12T06:47:19.805+0000] {processor.py:179} INFO - Processing /home/airflow/.local/lib/python3.7/site-packages/airflow/example_dags/example_dag_decorator.py took 0.274 seconds
[2023-07-12T06:47:49.866+0000] {processor.py:157} INFO - Started process (PID=9148) to work on /home/airflow/.local/lib/python3.7/site-packages/airflow/example_dags/example_dag_decorator.py
[2023-07-12T06:47:49.869+0000] {processor.py:826} INFO - Processing file /home/airflow/.local/lib/python3.7/site-packages/airflow/example_dags/example_dag_decorator.py for tasks to queue
[2023-07-12T06:47:49.871+0000] {logging_mixin.py:150} INFO - [2023-07-12T06:47:49.870+0000] {dagbag.py:541} INFO - Filling up the DagBag from /home/airflow/.local/lib/python3.7/site-packages/airflow/example_dags/example_dag_decorator.py
[2023-07-12T06:47:49.893+0000] {processor.py:836} INFO - DAG(s) dict_keys(['example_dag_decorator']) retrieved from /home/airflow/.local/lib/python3.7/site-packages/airflow/example_dags/example_dag_decorator.py
[2023-07-12T06:47:50.052+0000] {logging_mixin.py:150} INFO - [2023-07-12T06:47:50.052+0000] {dag.py:2742} INFO - Sync 1 DAGs
[2023-07-12T06:47:50.086+0000] {logging_mixin.py:150} INFO - [2023-07-12T06:47:50.086+0000] {dag.py:3508} INFO - Setting next_dagrun for example_dag_decorator to None, run_after=None
[2023-07-12T06:47:50.116+0000] {processor.py:179} INFO - Processing /home/airflow/.local/lib/python3.7/site-packages/airflow/example_dags/example_dag_decorator.py took 0.254 seconds
[2023-07-12T06:48:20.467+0000] {processor.py:157} INFO - Started process (PID=9389) to work on /home/airflow/.local/lib/python3.7/site-packages/airflow/example_dags/example_dag_decorator.py
[2023-07-12T06:48:20.470+0000] {processor.py:826} INFO - Processing file /home/airflow/.local/lib/python3.7/site-packages/airflow/example_dags/example_dag_decorator.py for tasks to queue
[2023-07-12T06:48:20.473+0000] {logging_mixin.py:150} INFO - [2023-07-12T06:48:20.472+0000] {dagbag.py:541} INFO - Filling up the DagBag from /home/airflow/.local/lib/python3.7/site-packages/airflow/example_dags/example_dag_decorator.py
[2023-07-12T06:48:20.497+0000] {processor.py:836} INFO - DAG(s) dict_keys(['example_dag_decorator']) retrieved from /home/airflow/.local/lib/python3.7/site-packages/airflow/example_dags/example_dag_decorator.py
[2023-07-12T06:48:20.679+0000] {logging_mixin.py:150} INFO - [2023-07-12T06:48:20.678+0000] {dag.py:2742} INFO - Sync 1 DAGs
[2023-07-12T06:48:20.711+0000] {logging_mixin.py:150} INFO - [2023-07-12T06:48:20.710+0000] {dag.py:3508} INFO - Setting next_dagrun for example_dag_decorator to None, run_after=None
[2023-07-12T06:48:20.741+0000] {processor.py:179} INFO - Processing /home/airflow/.local/lib/python3.7/site-packages/airflow/example_dags/example_dag_decorator.py took 0.279 seconds
[2023-07-12T06:48:50.987+0000] {processor.py:157} INFO - Started process (PID=9630) to work on /home/airflow/.local/lib/python3.7/site-packages/airflow/example_dags/example_dag_decorator.py
[2023-07-12T06:48:50.991+0000] {processor.py:826} INFO - Processing file /home/airflow/.local/lib/python3.7/site-packages/airflow/example_dags/example_dag_decorator.py for tasks to queue
[2023-07-12T06:48:50.996+0000] {logging_mixin.py:150} INFO - [2023-07-12T06:48:50.995+0000] {dagbag.py:541} INFO - Filling up the DagBag from /home/airflow/.local/lib/python3.7/site-packages/airflow/example_dags/example_dag_decorator.py
[2023-07-12T06:48:51.022+0000] {processor.py:836} INFO - DAG(s) dict_keys(['example_dag_decorator']) retrieved from /home/airflow/.local/lib/python3.7/site-packages/airflow/example_dags/example_dag_decorator.py
[2023-07-12T06:48:51.206+0000] {logging_mixin.py:150} INFO - [2023-07-12T06:48:51.206+0000] {dag.py:2742} INFO - Sync 1 DAGs
[2023-07-12T06:48:51.236+0000] {logging_mixin.py:150} INFO - [2023-07-12T06:48:51.236+0000] {dag.py:3508} INFO - Setting next_dagrun for example_dag_decorator to None, run_after=None
[2023-07-12T06:48:51.266+0000] {processor.py:179} INFO - Processing /home/airflow/.local/lib/python3.7/site-packages/airflow/example_dags/example_dag_decorator.py took 0.285 seconds
[2023-07-12T06:49:21.852+0000] {processor.py:157} INFO - Started process (PID=9871) to work on /home/airflow/.local/lib/python3.7/site-packages/airflow/example_dags/example_dag_decorator.py
[2023-07-12T06:49:21.855+0000] {processor.py:826} INFO - Processing file /home/airflow/.local/lib/python3.7/site-packages/airflow/example_dags/example_dag_decorator.py for tasks to queue
[2023-07-12T06:49:21.858+0000] {logging_mixin.py:150} INFO - [2023-07-12T06:49:21.857+0000] {dagbag.py:541} INFO - Filling up the DagBag from /home/airflow/.local/lib/python3.7/site-packages/airflow/example_dags/example_dag_decorator.py
[2023-07-12T06:49:21.882+0000] {processor.py:836} INFO - DAG(s) dict_keys(['example_dag_decorator']) retrieved from /home/airflow/.local/lib/python3.7/site-packages/airflow/example_dags/example_dag_decorator.py
[2023-07-12T06:49:22.089+0000] {logging_mixin.py:150} INFO - [2023-07-12T06:49:22.089+0000] {dag.py:2742} INFO - Sync 1 DAGs
[2023-07-12T06:49:22.118+0000] {logging_mixin.py:150} INFO - [2023-07-12T06:49:22.118+0000] {dag.py:3508} INFO - Setting next_dagrun for example_dag_decorator to None, run_after=None
[2023-07-12T06:49:22.146+0000] {processor.py:179} INFO - Processing /home/airflow/.local/lib/python3.7/site-packages/airflow/example_dags/example_dag_decorator.py took 0.299 seconds
[2023-07-12T06:49:52.299+0000] {processor.py:157} INFO - Started process (PID=10112) to work on /home/airflow/.local/lib/python3.7/site-packages/airflow/example_dags/example_dag_decorator.py
[2023-07-12T06:49:52.302+0000] {processor.py:826} INFO - Processing file /home/airflow/.local/lib/python3.7/site-packages/airflow/example_dags/example_dag_decorator.py for tasks to queue
[2023-07-12T06:49:52.305+0000] {logging_mixin.py:150} INFO - [2023-07-12T06:49:52.304+0000] {dagbag.py:541} INFO - Filling up the DagBag from /home/airflow/.local/lib/python3.7/site-packages/airflow/example_dags/example_dag_decorator.py
[2023-07-12T06:49:52.331+0000] {processor.py:836} INFO - DAG(s) dict_keys(['example_dag_decorator']) retrieved from /home/airflow/.local/lib/python3.7/site-packages/airflow/example_dags/example_dag_decorator.py
[2023-07-12T06:49:52.494+0000] {logging_mixin.py:150} INFO - [2023-07-12T06:49:52.493+0000] {dag.py:2742} INFO - Sync 1 DAGs
[2023-07-12T06:49:52.525+0000] {logging_mixin.py:150} INFO - [2023-07-12T06:49:52.524+0000] {dag.py:3508} INFO - Setting next_dagrun for example_dag_decorator to None, run_after=None
[2023-07-12T06:49:52.552+0000] {processor.py:179} INFO - Processing /home/airflow/.local/lib/python3.7/site-packages/airflow/example_dags/example_dag_decorator.py took 0.258 seconds
[2023-07-12T06:50:23.079+0000] {processor.py:157} INFO - Started process (PID=10353) to work on /home/airflow/.local/lib/python3.7/site-packages/airflow/example_dags/example_dag_decorator.py
[2023-07-12T06:50:23.083+0000] {processor.py:826} INFO - Processing file /home/airflow/.local/lib/python3.7/site-packages/airflow/example_dags/example_dag_decorator.py for tasks to queue
[2023-07-12T06:50:23.085+0000] {logging_mixin.py:150} INFO - [2023-07-12T06:50:23.085+0000] {dagbag.py:541} INFO - Filling up the DagBag from /home/airflow/.local/lib/python3.7/site-packages/airflow/example_dags/example_dag_decorator.py
[2023-07-12T06:50:23.109+0000] {processor.py:836} INFO - DAG(s) dict_keys(['example_dag_decorator']) retrieved from /home/airflow/.local/lib/python3.7/site-packages/airflow/example_dags/example_dag_decorator.py
[2023-07-12T06:50:23.309+0000] {logging_mixin.py:150} INFO - [2023-07-12T06:50:23.309+0000] {dag.py:2742} INFO - Sync 1 DAGs
[2023-07-12T06:50:23.347+0000] {logging_mixin.py:150} INFO - [2023-07-12T06:50:23.347+0000] {dag.py:3508} INFO - Setting next_dagrun for example_dag_decorator to None, run_after=None
[2023-07-12T06:50:23.383+0000] {processor.py:179} INFO - Processing /home/airflow/.local/lib/python3.7/site-packages/airflow/example_dags/example_dag_decorator.py took 0.309 seconds
