[2023-07-12T06:29:23.546+0000] {processor.py:157} INFO - Started process (PID=384) to work on /home/airflow/.local/lib/python3.7/site-packages/airflow/example_dags/example_external_task_marker_dag.py
[2023-07-12T06:29:23.550+0000] {processor.py:826} INFO - Processing file /home/airflow/.local/lib/python3.7/site-packages/airflow/example_dags/example_external_task_marker_dag.py for tasks to queue
[2023-07-12T06:29:23.554+0000] {logging_mixin.py:150} INFO - [2023-07-12T06:29:23.553+0000] {dagbag.py:541} INFO - Filling up the DagBag from /home/airflow/.local/lib/python3.7/site-packages/airflow/example_dags/example_external_task_marker_dag.py
[2023-07-12T06:29:23.573+0000] {processor.py:836} INFO - DAG(s) dict_keys(['example_external_task_marker_child', 'example_external_task_marker_parent']) retrieved from /home/airflow/.local/lib/python3.7/site-packages/airflow/example_dags/example_external_task_marker_dag.py
[2023-07-12T06:29:23.633+0000] {logging_mixin.py:150} INFO - [2023-07-12T06:29:23.633+0000] {dag.py:2742} INFO - Sync 2 DAGs
[2023-07-12T06:29:23.687+0000] {logging_mixin.py:150} INFO - [2023-07-12T06:29:23.687+0000] {dag.py:3508} INFO - Setting next_dagrun for example_external_task_marker_child to None, run_after=None
[2023-07-12T06:29:23.697+0000] {logging_mixin.py:150} INFO - [2023-07-12T06:29:23.697+0000] {dag.py:3508} INFO - Setting next_dagrun for example_external_task_marker_parent to None, run_after=None
[2023-07-12T06:29:23.742+0000] {processor.py:179} INFO - Processing /home/airflow/.local/lib/python3.7/site-packages/airflow/example_dags/example_external_task_marker_dag.py took 0.202 seconds
[2023-07-12T06:29:54.428+0000] {processor.py:157} INFO - Started process (PID=624) to work on /home/airflow/.local/lib/python3.7/site-packages/airflow/example_dags/example_external_task_marker_dag.py
[2023-07-12T06:29:54.430+0000] {processor.py:826} INFO - Processing file /home/airflow/.local/lib/python3.7/site-packages/airflow/example_dags/example_external_task_marker_dag.py for tasks to queue
[2023-07-12T06:29:54.433+0000] {logging_mixin.py:150} INFO - [2023-07-12T06:29:54.432+0000] {dagbag.py:541} INFO - Filling up the DagBag from /home/airflow/.local/lib/python3.7/site-packages/airflow/example_dags/example_external_task_marker_dag.py
[2023-07-12T06:29:54.442+0000] {processor.py:836} INFO - DAG(s) dict_keys(['example_external_task_marker_child', 'example_external_task_marker_parent']) retrieved from /home/airflow/.local/lib/python3.7/site-packages/airflow/example_dags/example_external_task_marker_dag.py
[2023-07-12T06:29:54.487+0000] {logging_mixin.py:150} INFO - [2023-07-12T06:29:54.486+0000] {dag.py:2742} INFO - Sync 2 DAGs
[2023-07-12T06:29:54.529+0000] {logging_mixin.py:150} INFO - [2023-07-12T06:29:54.529+0000] {dag.py:3508} INFO - Setting next_dagrun for example_external_task_marker_child to None, run_after=None
[2023-07-12T06:29:54.538+0000] {logging_mixin.py:150} INFO - [2023-07-12T06:29:54.537+0000] {dag.py:3508} INFO - Setting next_dagrun for example_external_task_marker_parent to None, run_after=None
[2023-07-12T06:29:54.575+0000] {processor.py:179} INFO - Processing /home/airflow/.local/lib/python3.7/site-packages/airflow/example_dags/example_external_task_marker_dag.py took 0.152 seconds
[2023-07-12T06:30:24.679+0000] {processor.py:157} INFO - Started process (PID=865) to work on /home/airflow/.local/lib/python3.7/site-packages/airflow/example_dags/example_external_task_marker_dag.py
[2023-07-12T06:30:24.681+0000] {processor.py:826} INFO - Processing file /home/airflow/.local/lib/python3.7/site-packages/airflow/example_dags/example_external_task_marker_dag.py for tasks to queue
[2023-07-12T06:30:24.683+0000] {logging_mixin.py:150} INFO - [2023-07-12T06:30:24.683+0000] {dagbag.py:541} INFO - Filling up the DagBag from /home/airflow/.local/lib/python3.7/site-packages/airflow/example_dags/example_external_task_marker_dag.py
[2023-07-12T06:30:24.694+0000] {processor.py:836} INFO - DAG(s) dict_keys(['example_external_task_marker_parent', 'example_external_task_marker_child']) retrieved from /home/airflow/.local/lib/python3.7/site-packages/airflow/example_dags/example_external_task_marker_dag.py
[2023-07-12T06:30:24.747+0000] {logging_mixin.py:150} INFO - [2023-07-12T06:30:24.747+0000] {dag.py:2742} INFO - Sync 2 DAGs
[2023-07-12T06:30:24.795+0000] {logging_mixin.py:150} INFO - [2023-07-12T06:30:24.795+0000] {dag.py:3508} INFO - Setting next_dagrun for example_external_task_marker_child to None, run_after=None
[2023-07-12T06:30:24.804+0000] {logging_mixin.py:150} INFO - [2023-07-12T06:30:24.803+0000] {dag.py:3508} INFO - Setting next_dagrun for example_external_task_marker_parent to None, run_after=None
[2023-07-12T06:30:24.839+0000] {processor.py:179} INFO - Processing /home/airflow/.local/lib/python3.7/site-packages/airflow/example_dags/example_external_task_marker_dag.py took 0.165 seconds
[2023-07-12T06:30:55.177+0000] {processor.py:157} INFO - Started process (PID=1106) to work on /home/airflow/.local/lib/python3.7/site-packages/airflow/example_dags/example_external_task_marker_dag.py
[2023-07-12T06:30:55.180+0000] {processor.py:826} INFO - Processing file /home/airflow/.local/lib/python3.7/site-packages/airflow/example_dags/example_external_task_marker_dag.py for tasks to queue
[2023-07-12T06:30:55.183+0000] {logging_mixin.py:150} INFO - [2023-07-12T06:30:55.182+0000] {dagbag.py:541} INFO - Filling up the DagBag from /home/airflow/.local/lib/python3.7/site-packages/airflow/example_dags/example_external_task_marker_dag.py
[2023-07-12T06:30:55.201+0000] {processor.py:836} INFO - DAG(s) dict_keys(['example_external_task_marker_child', 'example_external_task_marker_parent']) retrieved from /home/airflow/.local/lib/python3.7/site-packages/airflow/example_dags/example_external_task_marker_dag.py
[2023-07-12T06:30:55.253+0000] {logging_mixin.py:150} INFO - [2023-07-12T06:30:55.252+0000] {dag.py:2742} INFO - Sync 2 DAGs
[2023-07-12T06:30:55.300+0000] {logging_mixin.py:150} INFO - [2023-07-12T06:30:55.300+0000] {dag.py:3508} INFO - Setting next_dagrun for example_external_task_marker_child to None, run_after=None
[2023-07-12T06:30:55.308+0000] {logging_mixin.py:150} INFO - [2023-07-12T06:30:55.308+0000] {dag.py:3508} INFO - Setting next_dagrun for example_external_task_marker_parent to None, run_after=None
[2023-07-12T06:30:55.346+0000] {processor.py:179} INFO - Processing /home/airflow/.local/lib/python3.7/site-packages/airflow/example_dags/example_external_task_marker_dag.py took 0.177 seconds
[2023-07-12T06:31:26.019+0000] {processor.py:157} INFO - Started process (PID=1389) to work on /home/airflow/.local/lib/python3.7/site-packages/airflow/example_dags/example_external_task_marker_dag.py
[2023-07-12T06:31:26.023+0000] {processor.py:826} INFO - Processing file /home/airflow/.local/lib/python3.7/site-packages/airflow/example_dags/example_external_task_marker_dag.py for tasks to queue
[2023-07-12T06:31:26.026+0000] {logging_mixin.py:150} INFO - [2023-07-12T06:31:26.026+0000] {dagbag.py:541} INFO - Filling up the DagBag from /home/airflow/.local/lib/python3.7/site-packages/airflow/example_dags/example_external_task_marker_dag.py
[2023-07-12T06:31:26.042+0000] {processor.py:836} INFO - DAG(s) dict_keys(['example_external_task_marker_parent', 'example_external_task_marker_child']) retrieved from /home/airflow/.local/lib/python3.7/site-packages/airflow/example_dags/example_external_task_marker_dag.py
[2023-07-12T06:31:26.093+0000] {logging_mixin.py:150} INFO - [2023-07-12T06:31:26.092+0000] {dag.py:2742} INFO - Sync 2 DAGs
[2023-07-12T06:31:26.147+0000] {logging_mixin.py:150} INFO - [2023-07-12T06:31:26.147+0000] {dag.py:3508} INFO - Setting next_dagrun for example_external_task_marker_child to None, run_after=None
[2023-07-12T06:31:26.158+0000] {logging_mixin.py:150} INFO - [2023-07-12T06:31:26.157+0000] {dag.py:3508} INFO - Setting next_dagrun for example_external_task_marker_parent to None, run_after=None
[2023-07-12T06:31:26.200+0000] {processor.py:179} INFO - Processing /home/airflow/.local/lib/python3.7/site-packages/airflow/example_dags/example_external_task_marker_dag.py took 0.188 seconds
[2023-07-12T06:31:56.594+0000] {processor.py:157} INFO - Started process (PID=1630) to work on /home/airflow/.local/lib/python3.7/site-packages/airflow/example_dags/example_external_task_marker_dag.py
[2023-07-12T06:31:56.598+0000] {processor.py:826} INFO - Processing file /home/airflow/.local/lib/python3.7/site-packages/airflow/example_dags/example_external_task_marker_dag.py for tasks to queue
[2023-07-12T06:31:56.601+0000] {logging_mixin.py:150} INFO - [2023-07-12T06:31:56.600+0000] {dagbag.py:541} INFO - Filling up the DagBag from /home/airflow/.local/lib/python3.7/site-packages/airflow/example_dags/example_external_task_marker_dag.py
[2023-07-12T06:31:56.610+0000] {processor.py:836} INFO - DAG(s) dict_keys(['example_external_task_marker_parent', 'example_external_task_marker_child']) retrieved from /home/airflow/.local/lib/python3.7/site-packages/airflow/example_dags/example_external_task_marker_dag.py
[2023-07-12T06:31:56.656+0000] {logging_mixin.py:150} INFO - [2023-07-12T06:31:56.656+0000] {dag.py:2742} INFO - Sync 2 DAGs
[2023-07-12T06:31:56.699+0000] {logging_mixin.py:150} INFO - [2023-07-12T06:31:56.699+0000] {dag.py:3508} INFO - Setting next_dagrun for example_external_task_marker_child to None, run_after=None
[2023-07-12T06:31:56.707+0000] {logging_mixin.py:150} INFO - [2023-07-12T06:31:56.707+0000] {dag.py:3508} INFO - Setting next_dagrun for example_external_task_marker_parent to None, run_after=None
[2023-07-12T06:31:56.737+0000] {processor.py:179} INFO - Processing /home/airflow/.local/lib/python3.7/site-packages/airflow/example_dags/example_external_task_marker_dag.py took 0.148 seconds
[2023-07-12T06:32:26.823+0000] {processor.py:157} INFO - Started process (PID=1871) to work on /home/airflow/.local/lib/python3.7/site-packages/airflow/example_dags/example_external_task_marker_dag.py
[2023-07-12T06:32:26.826+0000] {processor.py:826} INFO - Processing file /home/airflow/.local/lib/python3.7/site-packages/airflow/example_dags/example_external_task_marker_dag.py for tasks to queue
[2023-07-12T06:32:26.828+0000] {logging_mixin.py:150} INFO - [2023-07-12T06:32:26.828+0000] {dagbag.py:541} INFO - Filling up the DagBag from /home/airflow/.local/lib/python3.7/site-packages/airflow/example_dags/example_external_task_marker_dag.py
[2023-07-12T06:32:26.839+0000] {processor.py:836} INFO - DAG(s) dict_keys(['example_external_task_marker_parent', 'example_external_task_marker_child']) retrieved from /home/airflow/.local/lib/python3.7/site-packages/airflow/example_dags/example_external_task_marker_dag.py
[2023-07-12T06:32:26.881+0000] {logging_mixin.py:150} INFO - [2023-07-12T06:32:26.881+0000] {dag.py:2742} INFO - Sync 2 DAGs
[2023-07-12T06:32:26.923+0000] {logging_mixin.py:150} INFO - [2023-07-12T06:32:26.923+0000] {dag.py:3508} INFO - Setting next_dagrun for example_external_task_marker_child to None, run_after=None
[2023-07-12T06:32:26.929+0000] {logging_mixin.py:150} INFO - [2023-07-12T06:32:26.929+0000] {dag.py:3508} INFO - Setting next_dagrun for example_external_task_marker_parent to None, run_after=None
[2023-07-12T06:32:26.965+0000] {processor.py:179} INFO - Processing /home/airflow/.local/lib/python3.7/site-packages/airflow/example_dags/example_external_task_marker_dag.py took 0.147 seconds
[2023-07-12T06:32:57.510+0000] {processor.py:157} INFO - Started process (PID=2112) to work on /home/airflow/.local/lib/python3.7/site-packages/airflow/example_dags/example_external_task_marker_dag.py
[2023-07-12T06:32:57.514+0000] {processor.py:826} INFO - Processing file /home/airflow/.local/lib/python3.7/site-packages/airflow/example_dags/example_external_task_marker_dag.py for tasks to queue
[2023-07-12T06:32:57.516+0000] {logging_mixin.py:150} INFO - [2023-07-12T06:32:57.515+0000] {dagbag.py:541} INFO - Filling up the DagBag from /home/airflow/.local/lib/python3.7/site-packages/airflow/example_dags/example_external_task_marker_dag.py
[2023-07-12T06:32:57.525+0000] {processor.py:836} INFO - DAG(s) dict_keys(['example_external_task_marker_child', 'example_external_task_marker_parent']) retrieved from /home/airflow/.local/lib/python3.7/site-packages/airflow/example_dags/example_external_task_marker_dag.py
[2023-07-12T06:32:57.573+0000] {logging_mixin.py:150} INFO - [2023-07-12T06:32:57.572+0000] {dag.py:2742} INFO - Sync 2 DAGs
[2023-07-12T06:32:57.610+0000] {logging_mixin.py:150} INFO - [2023-07-12T06:32:57.609+0000] {dag.py:3508} INFO - Setting next_dagrun for example_external_task_marker_child to None, run_after=None
[2023-07-12T06:32:57.620+0000] {logging_mixin.py:150} INFO - [2023-07-12T06:32:57.619+0000] {dag.py:3508} INFO - Setting next_dagrun for example_external_task_marker_parent to None, run_after=None
[2023-07-12T06:32:57.657+0000] {processor.py:179} INFO - Processing /home/airflow/.local/lib/python3.7/site-packages/airflow/example_dags/example_external_task_marker_dag.py took 0.152 seconds
[2023-07-12T06:33:27.914+0000] {processor.py:157} INFO - Started process (PID=2353) to work on /home/airflow/.local/lib/python3.7/site-packages/airflow/example_dags/example_external_task_marker_dag.py
[2023-07-12T06:33:27.917+0000] {processor.py:826} INFO - Processing file /home/airflow/.local/lib/python3.7/site-packages/airflow/example_dags/example_external_task_marker_dag.py for tasks to queue
[2023-07-12T06:33:27.920+0000] {logging_mixin.py:150} INFO - [2023-07-12T06:33:27.919+0000] {dagbag.py:541} INFO - Filling up the DagBag from /home/airflow/.local/lib/python3.7/site-packages/airflow/example_dags/example_external_task_marker_dag.py
[2023-07-12T06:33:27.931+0000] {processor.py:836} INFO - DAG(s) dict_keys(['example_external_task_marker_parent', 'example_external_task_marker_child']) retrieved from /home/airflow/.local/lib/python3.7/site-packages/airflow/example_dags/example_external_task_marker_dag.py
[2023-07-12T06:33:27.986+0000] {logging_mixin.py:150} INFO - [2023-07-12T06:33:27.986+0000] {dag.py:2742} INFO - Sync 2 DAGs
[2023-07-12T06:33:28.028+0000] {logging_mixin.py:150} INFO - [2023-07-12T06:33:28.028+0000] {dag.py:3508} INFO - Setting next_dagrun for example_external_task_marker_child to None, run_after=None
[2023-07-12T06:33:28.037+0000] {logging_mixin.py:150} INFO - [2023-07-12T06:33:28.037+0000] {dag.py:3508} INFO - Setting next_dagrun for example_external_task_marker_parent to None, run_after=None
[2023-07-12T06:33:28.078+0000] {processor.py:179} INFO - Processing /home/airflow/.local/lib/python3.7/site-packages/airflow/example_dags/example_external_task_marker_dag.py took 0.170 seconds
[2023-07-12T06:33:58.342+0000] {processor.py:157} INFO - Started process (PID=2594) to work on /home/airflow/.local/lib/python3.7/site-packages/airflow/example_dags/example_external_task_marker_dag.py
[2023-07-12T06:33:58.346+0000] {processor.py:826} INFO - Processing file /home/airflow/.local/lib/python3.7/site-packages/airflow/example_dags/example_external_task_marker_dag.py for tasks to queue
[2023-07-12T06:33:58.350+0000] {logging_mixin.py:150} INFO - [2023-07-12T06:33:58.350+0000] {dagbag.py:541} INFO - Filling up the DagBag from /home/airflow/.local/lib/python3.7/site-packages/airflow/example_dags/example_external_task_marker_dag.py
[2023-07-12T06:33:58.364+0000] {processor.py:836} INFO - DAG(s) dict_keys(['example_external_task_marker_child', 'example_external_task_marker_parent']) retrieved from /home/airflow/.local/lib/python3.7/site-packages/airflow/example_dags/example_external_task_marker_dag.py
[2023-07-12T06:33:58.407+0000] {logging_mixin.py:150} INFO - [2023-07-12T06:33:58.407+0000] {dag.py:2742} INFO - Sync 2 DAGs
[2023-07-12T06:33:58.445+0000] {logging_mixin.py:150} INFO - [2023-07-12T06:33:58.445+0000] {dag.py:3508} INFO - Setting next_dagrun for example_external_task_marker_child to None, run_after=None
[2023-07-12T06:33:58.452+0000] {logging_mixin.py:150} INFO - [2023-07-12T06:33:58.452+0000] {dag.py:3508} INFO - Setting next_dagrun for example_external_task_marker_parent to None, run_after=None
[2023-07-12T06:33:58.480+0000] {processor.py:179} INFO - Processing /home/airflow/.local/lib/python3.7/site-packages/airflow/example_dags/example_external_task_marker_dag.py took 0.145 seconds
[2023-07-12T06:34:29.083+0000] {processor.py:157} INFO - Started process (PID=2835) to work on /home/airflow/.local/lib/python3.7/site-packages/airflow/example_dags/example_external_task_marker_dag.py
[2023-07-12T06:34:29.087+0000] {processor.py:826} INFO - Processing file /home/airflow/.local/lib/python3.7/site-packages/airflow/example_dags/example_external_task_marker_dag.py for tasks to queue
[2023-07-12T06:34:29.090+0000] {logging_mixin.py:150} INFO - [2023-07-12T06:34:29.089+0000] {dagbag.py:541} INFO - Filling up the DagBag from /home/airflow/.local/lib/python3.7/site-packages/airflow/example_dags/example_external_task_marker_dag.py
[2023-07-12T06:34:29.099+0000] {processor.py:836} INFO - DAG(s) dict_keys(['example_external_task_marker_child', 'example_external_task_marker_parent']) retrieved from /home/airflow/.local/lib/python3.7/site-packages/airflow/example_dags/example_external_task_marker_dag.py
[2023-07-12T06:34:29.142+0000] {logging_mixin.py:150} INFO - [2023-07-12T06:34:29.142+0000] {dag.py:2742} INFO - Sync 2 DAGs
[2023-07-12T06:34:29.180+0000] {logging_mixin.py:150} INFO - [2023-07-12T06:34:29.180+0000] {dag.py:3508} INFO - Setting next_dagrun for example_external_task_marker_child to None, run_after=None
[2023-07-12T06:34:29.188+0000] {logging_mixin.py:150} INFO - [2023-07-12T06:34:29.188+0000] {dag.py:3508} INFO - Setting next_dagrun for example_external_task_marker_parent to None, run_after=None
[2023-07-12T06:34:29.218+0000] {processor.py:179} INFO - Processing /home/airflow/.local/lib/python3.7/site-packages/airflow/example_dags/example_external_task_marker_dag.py took 0.141 seconds
[2023-07-12T06:35:00.044+0000] {processor.py:157} INFO - Started process (PID=3076) to work on /home/airflow/.local/lib/python3.7/site-packages/airflow/example_dags/example_external_task_marker_dag.py
[2023-07-12T06:35:00.047+0000] {processor.py:826} INFO - Processing file /home/airflow/.local/lib/python3.7/site-packages/airflow/example_dags/example_external_task_marker_dag.py for tasks to queue
[2023-07-12T06:35:00.049+0000] {logging_mixin.py:150} INFO - [2023-07-12T06:35:00.049+0000] {dagbag.py:541} INFO - Filling up the DagBag from /home/airflow/.local/lib/python3.7/site-packages/airflow/example_dags/example_external_task_marker_dag.py
[2023-07-12T06:35:00.059+0000] {processor.py:836} INFO - DAG(s) dict_keys(['example_external_task_marker_parent', 'example_external_task_marker_child']) retrieved from /home/airflow/.local/lib/python3.7/site-packages/airflow/example_dags/example_external_task_marker_dag.py
[2023-07-12T06:35:00.103+0000] {logging_mixin.py:150} INFO - [2023-07-12T06:35:00.103+0000] {dag.py:2742} INFO - Sync 2 DAGs
[2023-07-12T06:35:00.138+0000] {logging_mixin.py:150} INFO - [2023-07-12T06:35:00.138+0000] {dag.py:3508} INFO - Setting next_dagrun for example_external_task_marker_child to None, run_after=None
[2023-07-12T06:35:00.145+0000] {logging_mixin.py:150} INFO - [2023-07-12T06:35:00.144+0000] {dag.py:3508} INFO - Setting next_dagrun for example_external_task_marker_parent to None, run_after=None
[2023-07-12T06:35:00.184+0000] {processor.py:179} INFO - Processing /home/airflow/.local/lib/python3.7/site-packages/airflow/example_dags/example_external_task_marker_dag.py took 0.144 seconds
[2023-07-12T06:35:30.827+0000] {processor.py:157} INFO - Started process (PID=3319) to work on /home/airflow/.local/lib/python3.7/site-packages/airflow/example_dags/example_external_task_marker_dag.py
[2023-07-12T06:35:30.831+0000] {processor.py:826} INFO - Processing file /home/airflow/.local/lib/python3.7/site-packages/airflow/example_dags/example_external_task_marker_dag.py for tasks to queue
[2023-07-12T06:35:30.835+0000] {logging_mixin.py:150} INFO - [2023-07-12T06:35:30.834+0000] {dagbag.py:541} INFO - Filling up the DagBag from /home/airflow/.local/lib/python3.7/site-packages/airflow/example_dags/example_external_task_marker_dag.py
[2023-07-12T06:35:30.848+0000] {processor.py:836} INFO - DAG(s) dict_keys(['example_external_task_marker_child', 'example_external_task_marker_parent']) retrieved from /home/airflow/.local/lib/python3.7/site-packages/airflow/example_dags/example_external_task_marker_dag.py
[2023-07-12T06:35:30.910+0000] {logging_mixin.py:150} INFO - [2023-07-12T06:35:30.910+0000] {dag.py:2742} INFO - Sync 2 DAGs
[2023-07-12T06:35:30.958+0000] {logging_mixin.py:150} INFO - [2023-07-12T06:35:30.958+0000] {dag.py:3508} INFO - Setting next_dagrun for example_external_task_marker_child to None, run_after=None
[2023-07-12T06:35:30.967+0000] {logging_mixin.py:150} INFO - [2023-07-12T06:35:30.967+0000] {dag.py:3508} INFO - Setting next_dagrun for example_external_task_marker_parent to None, run_after=None
[2023-07-12T06:35:31.001+0000] {processor.py:179} INFO - Processing /home/airflow/.local/lib/python3.7/site-packages/airflow/example_dags/example_external_task_marker_dag.py took 0.180 seconds
[2023-07-12T06:36:01.357+0000] {processor.py:157} INFO - Started process (PID=3558) to work on /home/airflow/.local/lib/python3.7/site-packages/airflow/example_dags/example_external_task_marker_dag.py
[2023-07-12T06:36:01.360+0000] {processor.py:826} INFO - Processing file /home/airflow/.local/lib/python3.7/site-packages/airflow/example_dags/example_external_task_marker_dag.py for tasks to queue
[2023-07-12T06:36:01.362+0000] {logging_mixin.py:150} INFO - [2023-07-12T06:36:01.361+0000] {dagbag.py:541} INFO - Filling up the DagBag from /home/airflow/.local/lib/python3.7/site-packages/airflow/example_dags/example_external_task_marker_dag.py
[2023-07-12T06:36:01.371+0000] {processor.py:836} INFO - DAG(s) dict_keys(['example_external_task_marker_child', 'example_external_task_marker_parent']) retrieved from /home/airflow/.local/lib/python3.7/site-packages/airflow/example_dags/example_external_task_marker_dag.py
[2023-07-12T06:36:01.415+0000] {logging_mixin.py:150} INFO - [2023-07-12T06:36:01.415+0000] {dag.py:2742} INFO - Sync 2 DAGs
[2023-07-12T06:36:01.455+0000] {logging_mixin.py:150} INFO - [2023-07-12T06:36:01.455+0000] {dag.py:3508} INFO - Setting next_dagrun for example_external_task_marker_child to None, run_after=None
[2023-07-12T06:36:01.463+0000] {logging_mixin.py:150} INFO - [2023-07-12T06:36:01.463+0000] {dag.py:3508} INFO - Setting next_dagrun for example_external_task_marker_parent to None, run_after=None
[2023-07-12T06:36:01.503+0000] {processor.py:179} INFO - Processing /home/airflow/.local/lib/python3.7/site-packages/airflow/example_dags/example_external_task_marker_dag.py took 0.151 seconds
[2023-07-12T06:36:32.229+0000] {processor.py:157} INFO - Started process (PID=3799) to work on /home/airflow/.local/lib/python3.7/site-packages/airflow/example_dags/example_external_task_marker_dag.py
[2023-07-12T06:36:32.231+0000] {processor.py:826} INFO - Processing file /home/airflow/.local/lib/python3.7/site-packages/airflow/example_dags/example_external_task_marker_dag.py for tasks to queue
[2023-07-12T06:36:32.234+0000] {logging_mixin.py:150} INFO - [2023-07-12T06:36:32.233+0000] {dagbag.py:541} INFO - Filling up the DagBag from /home/airflow/.local/lib/python3.7/site-packages/airflow/example_dags/example_external_task_marker_dag.py
[2023-07-12T06:36:32.244+0000] {processor.py:836} INFO - DAG(s) dict_keys(['example_external_task_marker_child', 'example_external_task_marker_parent']) retrieved from /home/airflow/.local/lib/python3.7/site-packages/airflow/example_dags/example_external_task_marker_dag.py
[2023-07-12T06:36:32.289+0000] {logging_mixin.py:150} INFO - [2023-07-12T06:36:32.288+0000] {dag.py:2742} INFO - Sync 2 DAGs
[2023-07-12T06:36:32.326+0000] {logging_mixin.py:150} INFO - [2023-07-12T06:36:32.325+0000] {dag.py:3508} INFO - Setting next_dagrun for example_external_task_marker_child to None, run_after=None
[2023-07-12T06:36:32.332+0000] {logging_mixin.py:150} INFO - [2023-07-12T06:36:32.332+0000] {dag.py:3508} INFO - Setting next_dagrun for example_external_task_marker_parent to None, run_after=None
[2023-07-12T06:36:32.375+0000] {processor.py:179} INFO - Processing /home/airflow/.local/lib/python3.7/site-packages/airflow/example_dags/example_external_task_marker_dag.py took 0.152 seconds
[2023-07-12T06:37:02.766+0000] {processor.py:157} INFO - Started process (PID=4040) to work on /home/airflow/.local/lib/python3.7/site-packages/airflow/example_dags/example_external_task_marker_dag.py
[2023-07-12T06:37:02.771+0000] {processor.py:826} INFO - Processing file /home/airflow/.local/lib/python3.7/site-packages/airflow/example_dags/example_external_task_marker_dag.py for tasks to queue
[2023-07-12T06:37:02.775+0000] {logging_mixin.py:150} INFO - [2023-07-12T06:37:02.774+0000] {dagbag.py:541} INFO - Filling up the DagBag from /home/airflow/.local/lib/python3.7/site-packages/airflow/example_dags/example_external_task_marker_dag.py
[2023-07-12T06:37:02.791+0000] {processor.py:836} INFO - DAG(s) dict_keys(['example_external_task_marker_parent', 'example_external_task_marker_child']) retrieved from /home/airflow/.local/lib/python3.7/site-packages/airflow/example_dags/example_external_task_marker_dag.py
[2023-07-12T06:37:02.841+0000] {logging_mixin.py:150} INFO - [2023-07-12T06:37:02.841+0000] {dag.py:2742} INFO - Sync 2 DAGs
[2023-07-12T06:37:02.897+0000] {logging_mixin.py:150} INFO - [2023-07-12T06:37:02.897+0000] {dag.py:3508} INFO - Setting next_dagrun for example_external_task_marker_child to None, run_after=None
[2023-07-12T06:37:02.912+0000] {logging_mixin.py:150} INFO - [2023-07-12T06:37:02.910+0000] {dag.py:3508} INFO - Setting next_dagrun for example_external_task_marker_parent to None, run_after=None
[2023-07-12T06:37:02.942+0000] {processor.py:179} INFO - Processing /home/airflow/.local/lib/python3.7/site-packages/airflow/example_dags/example_external_task_marker_dag.py took 0.183 seconds
[2023-07-12T06:37:33.595+0000] {processor.py:157} INFO - Started process (PID=4287) to work on /home/airflow/.local/lib/python3.7/site-packages/airflow/example_dags/example_external_task_marker_dag.py
[2023-07-12T06:37:33.598+0000] {processor.py:826} INFO - Processing file /home/airflow/.local/lib/python3.7/site-packages/airflow/example_dags/example_external_task_marker_dag.py for tasks to queue
[2023-07-12T06:37:33.602+0000] {logging_mixin.py:150} INFO - [2023-07-12T06:37:33.601+0000] {dagbag.py:541} INFO - Filling up the DagBag from /home/airflow/.local/lib/python3.7/site-packages/airflow/example_dags/example_external_task_marker_dag.py
[2023-07-12T06:37:33.617+0000] {processor.py:836} INFO - DAG(s) dict_keys(['example_external_task_marker_child', 'example_external_task_marker_parent']) retrieved from /home/airflow/.local/lib/python3.7/site-packages/airflow/example_dags/example_external_task_marker_dag.py
[2023-07-12T06:37:33.684+0000] {logging_mixin.py:150} INFO - [2023-07-12T06:37:33.684+0000] {dag.py:2742} INFO - Sync 2 DAGs
[2023-07-12T06:37:33.757+0000] {logging_mixin.py:150} INFO - [2023-07-12T06:37:33.756+0000] {dag.py:3508} INFO - Setting next_dagrun for example_external_task_marker_child to None, run_after=None
[2023-07-12T06:37:33.767+0000] {logging_mixin.py:150} INFO - [2023-07-12T06:37:33.767+0000] {dag.py:3508} INFO - Setting next_dagrun for example_external_task_marker_parent to None, run_after=None
[2023-07-12T06:37:33.839+0000] {processor.py:179} INFO - Processing /home/airflow/.local/lib/python3.7/site-packages/airflow/example_dags/example_external_task_marker_dag.py took 0.252 seconds
[2023-07-12T06:38:04.120+0000] {processor.py:157} INFO - Started process (PID=4528) to work on /home/airflow/.local/lib/python3.7/site-packages/airflow/example_dags/example_external_task_marker_dag.py
[2023-07-12T06:38:04.123+0000] {processor.py:826} INFO - Processing file /home/airflow/.local/lib/python3.7/site-packages/airflow/example_dags/example_external_task_marker_dag.py for tasks to queue
[2023-07-12T06:38:04.126+0000] {logging_mixin.py:150} INFO - [2023-07-12T06:38:04.126+0000] {dagbag.py:541} INFO - Filling up the DagBag from /home/airflow/.local/lib/python3.7/site-packages/airflow/example_dags/example_external_task_marker_dag.py
[2023-07-12T06:38:04.137+0000] {processor.py:836} INFO - DAG(s) dict_keys(['example_external_task_marker_parent', 'example_external_task_marker_child']) retrieved from /home/airflow/.local/lib/python3.7/site-packages/airflow/example_dags/example_external_task_marker_dag.py
[2023-07-12T06:38:04.184+0000] {logging_mixin.py:150} INFO - [2023-07-12T06:38:04.184+0000] {dag.py:2742} INFO - Sync 2 DAGs
[2023-07-12T06:38:04.224+0000] {logging_mixin.py:150} INFO - [2023-07-12T06:38:04.224+0000] {dag.py:3508} INFO - Setting next_dagrun for example_external_task_marker_child to None, run_after=None
[2023-07-12T06:38:04.232+0000] {logging_mixin.py:150} INFO - [2023-07-12T06:38:04.231+0000] {dag.py:3508} INFO - Setting next_dagrun for example_external_task_marker_parent to None, run_after=None
[2023-07-12T06:38:04.268+0000] {processor.py:179} INFO - Processing /home/airflow/.local/lib/python3.7/site-packages/airflow/example_dags/example_external_task_marker_dag.py took 0.154 seconds
[2023-07-12T06:38:35.072+0000] {processor.py:157} INFO - Started process (PID=4769) to work on /home/airflow/.local/lib/python3.7/site-packages/airflow/example_dags/example_external_task_marker_dag.py
[2023-07-12T06:38:35.075+0000] {processor.py:826} INFO - Processing file /home/airflow/.local/lib/python3.7/site-packages/airflow/example_dags/example_external_task_marker_dag.py for tasks to queue
[2023-07-12T06:38:35.077+0000] {logging_mixin.py:150} INFO - [2023-07-12T06:38:35.076+0000] {dagbag.py:541} INFO - Filling up the DagBag from /home/airflow/.local/lib/python3.7/site-packages/airflow/example_dags/example_external_task_marker_dag.py
[2023-07-12T06:38:35.086+0000] {processor.py:836} INFO - DAG(s) dict_keys(['example_external_task_marker_parent', 'example_external_task_marker_child']) retrieved from /home/airflow/.local/lib/python3.7/site-packages/airflow/example_dags/example_external_task_marker_dag.py
[2023-07-12T06:38:35.129+0000] {logging_mixin.py:150} INFO - [2023-07-12T06:38:35.129+0000] {dag.py:2742} INFO - Sync 2 DAGs
[2023-07-12T06:38:35.165+0000] {logging_mixin.py:150} INFO - [2023-07-12T06:38:35.165+0000] {dag.py:3508} INFO - Setting next_dagrun for example_external_task_marker_child to None, run_after=None
[2023-07-12T06:38:35.174+0000] {logging_mixin.py:150} INFO - [2023-07-12T06:38:35.174+0000] {dag.py:3508} INFO - Setting next_dagrun for example_external_task_marker_parent to None, run_after=None
[2023-07-12T06:38:35.213+0000] {processor.py:179} INFO - Processing /home/airflow/.local/lib/python3.7/site-packages/airflow/example_dags/example_external_task_marker_dag.py took 0.146 seconds
[2023-07-12T06:39:05.640+0000] {processor.py:157} INFO - Started process (PID=5010) to work on /home/airflow/.local/lib/python3.7/site-packages/airflow/example_dags/example_external_task_marker_dag.py
[2023-07-12T06:39:05.644+0000] {processor.py:826} INFO - Processing file /home/airflow/.local/lib/python3.7/site-packages/airflow/example_dags/example_external_task_marker_dag.py for tasks to queue
[2023-07-12T06:39:05.646+0000] {logging_mixin.py:150} INFO - [2023-07-12T06:39:05.646+0000] {dagbag.py:541} INFO - Filling up the DagBag from /home/airflow/.local/lib/python3.7/site-packages/airflow/example_dags/example_external_task_marker_dag.py
[2023-07-12T06:39:05.659+0000] {processor.py:836} INFO - DAG(s) dict_keys(['example_external_task_marker_child', 'example_external_task_marker_parent']) retrieved from /home/airflow/.local/lib/python3.7/site-packages/airflow/example_dags/example_external_task_marker_dag.py
[2023-07-12T06:39:05.709+0000] {logging_mixin.py:150} INFO - [2023-07-12T06:39:05.709+0000] {dag.py:2742} INFO - Sync 2 DAGs
[2023-07-12T06:39:05.745+0000] {logging_mixin.py:150} INFO - [2023-07-12T06:39:05.744+0000] {dag.py:3508} INFO - Setting next_dagrun for example_external_task_marker_child to None, run_after=None
[2023-07-12T06:39:05.751+0000] {logging_mixin.py:150} INFO - [2023-07-12T06:39:05.750+0000] {dag.py:3508} INFO - Setting next_dagrun for example_external_task_marker_parent to None, run_after=None
[2023-07-12T06:39:05.778+0000] {processor.py:179} INFO - Processing /home/airflow/.local/lib/python3.7/site-packages/airflow/example_dags/example_external_task_marker_dag.py took 0.144 seconds
[2023-07-12T06:39:36.456+0000] {processor.py:157} INFO - Started process (PID=5251) to work on /home/airflow/.local/lib/python3.7/site-packages/airflow/example_dags/example_external_task_marker_dag.py
[2023-07-12T06:39:36.461+0000] {processor.py:826} INFO - Processing file /home/airflow/.local/lib/python3.7/site-packages/airflow/example_dags/example_external_task_marker_dag.py for tasks to queue
[2023-07-12T06:39:36.463+0000] {logging_mixin.py:150} INFO - [2023-07-12T06:39:36.463+0000] {dagbag.py:541} INFO - Filling up the DagBag from /home/airflow/.local/lib/python3.7/site-packages/airflow/example_dags/example_external_task_marker_dag.py
[2023-07-12T06:39:36.476+0000] {processor.py:836} INFO - DAG(s) dict_keys(['example_external_task_marker_parent', 'example_external_task_marker_child']) retrieved from /home/airflow/.local/lib/python3.7/site-packages/airflow/example_dags/example_external_task_marker_dag.py
[2023-07-12T06:39:36.523+0000] {logging_mixin.py:150} INFO - [2023-07-12T06:39:36.522+0000] {dag.py:2742} INFO - Sync 2 DAGs
[2023-07-12T06:39:36.560+0000] {logging_mixin.py:150} INFO - [2023-07-12T06:39:36.559+0000] {dag.py:3508} INFO - Setting next_dagrun for example_external_task_marker_child to None, run_after=None
[2023-07-12T06:39:36.567+0000] {logging_mixin.py:150} INFO - [2023-07-12T06:39:36.566+0000] {dag.py:3508} INFO - Setting next_dagrun for example_external_task_marker_parent to None, run_after=None
[2023-07-12T06:39:36.594+0000] {processor.py:179} INFO - Processing /home/airflow/.local/lib/python3.7/site-packages/airflow/example_dags/example_external_task_marker_dag.py took 0.145 seconds
[2023-07-12T06:40:07.086+0000] {processor.py:157} INFO - Started process (PID=5492) to work on /home/airflow/.local/lib/python3.7/site-packages/airflow/example_dags/example_external_task_marker_dag.py
[2023-07-12T06:40:07.089+0000] {processor.py:826} INFO - Processing file /home/airflow/.local/lib/python3.7/site-packages/airflow/example_dags/example_external_task_marker_dag.py for tasks to queue
[2023-07-12T06:40:07.092+0000] {logging_mixin.py:150} INFO - [2023-07-12T06:40:07.092+0000] {dagbag.py:541} INFO - Filling up the DagBag from /home/airflow/.local/lib/python3.7/site-packages/airflow/example_dags/example_external_task_marker_dag.py
[2023-07-12T06:40:07.105+0000] {processor.py:836} INFO - DAG(s) dict_keys(['example_external_task_marker_parent', 'example_external_task_marker_child']) retrieved from /home/airflow/.local/lib/python3.7/site-packages/airflow/example_dags/example_external_task_marker_dag.py
[2023-07-12T06:40:07.150+0000] {logging_mixin.py:150} INFO - [2023-07-12T06:40:07.150+0000] {dag.py:2742} INFO - Sync 2 DAGs
[2023-07-12T06:40:07.181+0000] {logging_mixin.py:150} INFO - [2023-07-12T06:40:07.181+0000] {dag.py:3508} INFO - Setting next_dagrun for example_external_task_marker_child to None, run_after=None
[2023-07-12T06:40:07.187+0000] {logging_mixin.py:150} INFO - [2023-07-12T06:40:07.187+0000] {dag.py:3508} INFO - Setting next_dagrun for example_external_task_marker_parent to None, run_after=None
[2023-07-12T06:40:07.215+0000] {processor.py:179} INFO - Processing /home/airflow/.local/lib/python3.7/site-packages/airflow/example_dags/example_external_task_marker_dag.py took 0.134 seconds
[2023-07-12T06:40:37.749+0000] {processor.py:157} INFO - Started process (PID=5733) to work on /home/airflow/.local/lib/python3.7/site-packages/airflow/example_dags/example_external_task_marker_dag.py
[2023-07-12T06:40:37.752+0000] {processor.py:826} INFO - Processing file /home/airflow/.local/lib/python3.7/site-packages/airflow/example_dags/example_external_task_marker_dag.py for tasks to queue
[2023-07-12T06:40:37.755+0000] {logging_mixin.py:150} INFO - [2023-07-12T06:40:37.755+0000] {dagbag.py:541} INFO - Filling up the DagBag from /home/airflow/.local/lib/python3.7/site-packages/airflow/example_dags/example_external_task_marker_dag.py
[2023-07-12T06:40:37.767+0000] {processor.py:836} INFO - DAG(s) dict_keys(['example_external_task_marker_child', 'example_external_task_marker_parent']) retrieved from /home/airflow/.local/lib/python3.7/site-packages/airflow/example_dags/example_external_task_marker_dag.py
[2023-07-12T06:40:37.809+0000] {logging_mixin.py:150} INFO - [2023-07-12T06:40:37.809+0000] {dag.py:2742} INFO - Sync 2 DAGs
[2023-07-12T06:40:37.843+0000] {logging_mixin.py:150} INFO - [2023-07-12T06:40:37.843+0000] {dag.py:3508} INFO - Setting next_dagrun for example_external_task_marker_child to None, run_after=None
[2023-07-12T06:40:37.849+0000] {logging_mixin.py:150} INFO - [2023-07-12T06:40:37.849+0000] {dag.py:3508} INFO - Setting next_dagrun for example_external_task_marker_parent to None, run_after=None
[2023-07-12T06:40:37.873+0000] {processor.py:179} INFO - Processing /home/airflow/.local/lib/python3.7/site-packages/airflow/example_dags/example_external_task_marker_dag.py took 0.130 seconds
[2023-07-12T06:41:08.135+0000] {processor.py:157} INFO - Started process (PID=5974) to work on /home/airflow/.local/lib/python3.7/site-packages/airflow/example_dags/example_external_task_marker_dag.py
[2023-07-12T06:41:08.137+0000] {processor.py:826} INFO - Processing file /home/airflow/.local/lib/python3.7/site-packages/airflow/example_dags/example_external_task_marker_dag.py for tasks to queue
[2023-07-12T06:41:08.140+0000] {logging_mixin.py:150} INFO - [2023-07-12T06:41:08.140+0000] {dagbag.py:541} INFO - Filling up the DagBag from /home/airflow/.local/lib/python3.7/site-packages/airflow/example_dags/example_external_task_marker_dag.py
[2023-07-12T06:41:08.150+0000] {processor.py:836} INFO - DAG(s) dict_keys(['example_external_task_marker_parent', 'example_external_task_marker_child']) retrieved from /home/airflow/.local/lib/python3.7/site-packages/airflow/example_dags/example_external_task_marker_dag.py
[2023-07-12T06:41:08.194+0000] {logging_mixin.py:150} INFO - [2023-07-12T06:41:08.194+0000] {dag.py:2742} INFO - Sync 2 DAGs
[2023-07-12T06:41:08.230+0000] {logging_mixin.py:150} INFO - [2023-07-12T06:41:08.230+0000] {dag.py:3508} INFO - Setting next_dagrun for example_external_task_marker_child to None, run_after=None
[2023-07-12T06:41:08.239+0000] {logging_mixin.py:150} INFO - [2023-07-12T06:41:08.238+0000] {dag.py:3508} INFO - Setting next_dagrun for example_external_task_marker_parent to None, run_after=None
[2023-07-12T06:41:08.275+0000] {processor.py:179} INFO - Processing /home/airflow/.local/lib/python3.7/site-packages/airflow/example_dags/example_external_task_marker_dag.py took 0.145 seconds
[2023-07-12T06:41:38.460+0000] {processor.py:157} INFO - Started process (PID=6215) to work on /home/airflow/.local/lib/python3.7/site-packages/airflow/example_dags/example_external_task_marker_dag.py
[2023-07-12T06:41:38.463+0000] {processor.py:826} INFO - Processing file /home/airflow/.local/lib/python3.7/site-packages/airflow/example_dags/example_external_task_marker_dag.py for tasks to queue
[2023-07-12T06:41:38.465+0000] {logging_mixin.py:150} INFO - [2023-07-12T06:41:38.464+0000] {dagbag.py:541} INFO - Filling up the DagBag from /home/airflow/.local/lib/python3.7/site-packages/airflow/example_dags/example_external_task_marker_dag.py
[2023-07-12T06:41:38.474+0000] {processor.py:836} INFO - DAG(s) dict_keys(['example_external_task_marker_parent', 'example_external_task_marker_child']) retrieved from /home/airflow/.local/lib/python3.7/site-packages/airflow/example_dags/example_external_task_marker_dag.py
[2023-07-12T06:41:38.516+0000] {logging_mixin.py:150} INFO - [2023-07-12T06:41:38.516+0000] {dag.py:2742} INFO - Sync 2 DAGs
[2023-07-12T06:41:38.552+0000] {logging_mixin.py:150} INFO - [2023-07-12T06:41:38.551+0000] {dag.py:3508} INFO - Setting next_dagrun for example_external_task_marker_child to None, run_after=None
[2023-07-12T06:41:38.560+0000] {logging_mixin.py:150} INFO - [2023-07-12T06:41:38.559+0000] {dag.py:3508} INFO - Setting next_dagrun for example_external_task_marker_parent to None, run_after=None
[2023-07-12T06:41:38.588+0000] {processor.py:179} INFO - Processing /home/airflow/.local/lib/python3.7/site-packages/airflow/example_dags/example_external_task_marker_dag.py took 0.133 seconds
[2023-07-12T06:42:08.933+0000] {processor.py:157} INFO - Started process (PID=6457) to work on /home/airflow/.local/lib/python3.7/site-packages/airflow/example_dags/example_external_task_marker_dag.py
[2023-07-12T06:42:08.937+0000] {processor.py:826} INFO - Processing file /home/airflow/.local/lib/python3.7/site-packages/airflow/example_dags/example_external_task_marker_dag.py for tasks to queue
[2023-07-12T06:42:08.940+0000] {logging_mixin.py:150} INFO - [2023-07-12T06:42:08.940+0000] {dagbag.py:541} INFO - Filling up the DagBag from /home/airflow/.local/lib/python3.7/site-packages/airflow/example_dags/example_external_task_marker_dag.py
[2023-07-12T06:42:08.951+0000] {processor.py:836} INFO - DAG(s) dict_keys(['example_external_task_marker_child', 'example_external_task_marker_parent']) retrieved from /home/airflow/.local/lib/python3.7/site-packages/airflow/example_dags/example_external_task_marker_dag.py
[2023-07-12T06:42:08.994+0000] {logging_mixin.py:150} INFO - [2023-07-12T06:42:08.994+0000] {dag.py:2742} INFO - Sync 2 DAGs
[2023-07-12T06:42:09.028+0000] {logging_mixin.py:150} INFO - [2023-07-12T06:42:09.028+0000] {dag.py:3508} INFO - Setting next_dagrun for example_external_task_marker_child to None, run_after=None
[2023-07-12T06:42:09.034+0000] {logging_mixin.py:150} INFO - [2023-07-12T06:42:09.034+0000] {dag.py:3508} INFO - Setting next_dagrun for example_external_task_marker_parent to None, run_after=None
[2023-07-12T06:42:09.067+0000] {processor.py:179} INFO - Processing /home/airflow/.local/lib/python3.7/site-packages/airflow/example_dags/example_external_task_marker_dag.py took 0.140 seconds
[2023-07-12T06:42:39.643+0000] {processor.py:157} INFO - Started process (PID=6698) to work on /home/airflow/.local/lib/python3.7/site-packages/airflow/example_dags/example_external_task_marker_dag.py
[2023-07-12T06:42:39.646+0000] {processor.py:826} INFO - Processing file /home/airflow/.local/lib/python3.7/site-packages/airflow/example_dags/example_external_task_marker_dag.py for tasks to queue
[2023-07-12T06:42:39.649+0000] {logging_mixin.py:150} INFO - [2023-07-12T06:42:39.648+0000] {dagbag.py:541} INFO - Filling up the DagBag from /home/airflow/.local/lib/python3.7/site-packages/airflow/example_dags/example_external_task_marker_dag.py
[2023-07-12T06:42:39.659+0000] {processor.py:836} INFO - DAG(s) dict_keys(['example_external_task_marker_child', 'example_external_task_marker_parent']) retrieved from /home/airflow/.local/lib/python3.7/site-packages/airflow/example_dags/example_external_task_marker_dag.py
[2023-07-12T06:42:39.706+0000] {logging_mixin.py:150} INFO - [2023-07-12T06:42:39.706+0000] {dag.py:2742} INFO - Sync 2 DAGs
[2023-07-12T06:42:39.745+0000] {logging_mixin.py:150} INFO - [2023-07-12T06:42:39.744+0000] {dag.py:3508} INFO - Setting next_dagrun for example_external_task_marker_child to None, run_after=None
[2023-07-12T06:42:39.751+0000] {logging_mixin.py:150} INFO - [2023-07-12T06:42:39.751+0000] {dag.py:3508} INFO - Setting next_dagrun for example_external_task_marker_parent to None, run_after=None
[2023-07-12T06:42:39.778+0000] {processor.py:179} INFO - Processing /home/airflow/.local/lib/python3.7/site-packages/airflow/example_dags/example_external_task_marker_dag.py took 0.140 seconds
[2023-07-12T06:43:10.104+0000] {processor.py:157} INFO - Started process (PID=6939) to work on /home/airflow/.local/lib/python3.7/site-packages/airflow/example_dags/example_external_task_marker_dag.py
[2023-07-12T06:43:10.106+0000] {processor.py:826} INFO - Processing file /home/airflow/.local/lib/python3.7/site-packages/airflow/example_dags/example_external_task_marker_dag.py for tasks to queue
[2023-07-12T06:43:10.108+0000] {logging_mixin.py:150} INFO - [2023-07-12T06:43:10.108+0000] {dagbag.py:541} INFO - Filling up the DagBag from /home/airflow/.local/lib/python3.7/site-packages/airflow/example_dags/example_external_task_marker_dag.py
[2023-07-12T06:43:10.118+0000] {processor.py:836} INFO - DAG(s) dict_keys(['example_external_task_marker_parent', 'example_external_task_marker_child']) retrieved from /home/airflow/.local/lib/python3.7/site-packages/airflow/example_dags/example_external_task_marker_dag.py
[2023-07-12T06:43:10.158+0000] {logging_mixin.py:150} INFO - [2023-07-12T06:43:10.158+0000] {dag.py:2742} INFO - Sync 2 DAGs
[2023-07-12T06:43:10.193+0000] {logging_mixin.py:150} INFO - [2023-07-12T06:43:10.193+0000] {dag.py:3508} INFO - Setting next_dagrun for example_external_task_marker_child to None, run_after=None
[2023-07-12T06:43:10.201+0000] {logging_mixin.py:150} INFO - [2023-07-12T06:43:10.201+0000] {dag.py:3508} INFO - Setting next_dagrun for example_external_task_marker_parent to None, run_after=None
[2023-07-12T06:43:10.234+0000] {processor.py:179} INFO - Processing /home/airflow/.local/lib/python3.7/site-packages/airflow/example_dags/example_external_task_marker_dag.py took 0.135 seconds
[2023-07-12T06:43:41.261+0000] {processor.py:157} INFO - Started process (PID=7180) to work on /home/airflow/.local/lib/python3.7/site-packages/airflow/example_dags/example_external_task_marker_dag.py
[2023-07-12T06:43:41.263+0000] {processor.py:826} INFO - Processing file /home/airflow/.local/lib/python3.7/site-packages/airflow/example_dags/example_external_task_marker_dag.py for tasks to queue
[2023-07-12T06:43:41.265+0000] {logging_mixin.py:150} INFO - [2023-07-12T06:43:41.264+0000] {dagbag.py:541} INFO - Filling up the DagBag from /home/airflow/.local/lib/python3.7/site-packages/airflow/example_dags/example_external_task_marker_dag.py
[2023-07-12T06:43:41.274+0000] {processor.py:836} INFO - DAG(s) dict_keys(['example_external_task_marker_child', 'example_external_task_marker_parent']) retrieved from /home/airflow/.local/lib/python3.7/site-packages/airflow/example_dags/example_external_task_marker_dag.py
[2023-07-12T06:43:41.313+0000] {logging_mixin.py:150} INFO - [2023-07-12T06:43:41.313+0000] {dag.py:2742} INFO - Sync 2 DAGs
[2023-07-12T06:43:41.347+0000] {logging_mixin.py:150} INFO - [2023-07-12T06:43:41.347+0000] {dag.py:3508} INFO - Setting next_dagrun for example_external_task_marker_child to None, run_after=None
[2023-07-12T06:43:41.355+0000] {logging_mixin.py:150} INFO - [2023-07-12T06:43:41.355+0000] {dag.py:3508} INFO - Setting next_dagrun for example_external_task_marker_parent to None, run_after=None
[2023-07-12T06:43:41.392+0000] {processor.py:179} INFO - Processing /home/airflow/.local/lib/python3.7/site-packages/airflow/example_dags/example_external_task_marker_dag.py took 0.136 seconds
[2023-07-12T06:44:11.670+0000] {processor.py:157} INFO - Started process (PID=7421) to work on /home/airflow/.local/lib/python3.7/site-packages/airflow/example_dags/example_external_task_marker_dag.py
[2023-07-12T06:44:11.673+0000] {processor.py:826} INFO - Processing file /home/airflow/.local/lib/python3.7/site-packages/airflow/example_dags/example_external_task_marker_dag.py for tasks to queue
[2023-07-12T06:44:11.676+0000] {logging_mixin.py:150} INFO - [2023-07-12T06:44:11.675+0000] {dagbag.py:541} INFO - Filling up the DagBag from /home/airflow/.local/lib/python3.7/site-packages/airflow/example_dags/example_external_task_marker_dag.py
[2023-07-12T06:44:11.686+0000] {processor.py:836} INFO - DAG(s) dict_keys(['example_external_task_marker_parent', 'example_external_task_marker_child']) retrieved from /home/airflow/.local/lib/python3.7/site-packages/airflow/example_dags/example_external_task_marker_dag.py
[2023-07-12T06:44:11.726+0000] {logging_mixin.py:150} INFO - [2023-07-12T06:44:11.726+0000] {dag.py:2742} INFO - Sync 2 DAGs
[2023-07-12T06:44:11.759+0000] {logging_mixin.py:150} INFO - [2023-07-12T06:44:11.759+0000] {dag.py:3508} INFO - Setting next_dagrun for example_external_task_marker_child to None, run_after=None
[2023-07-12T06:44:11.765+0000] {logging_mixin.py:150} INFO - [2023-07-12T06:44:11.765+0000] {dag.py:3508} INFO - Setting next_dagrun for example_external_task_marker_parent to None, run_after=None
[2023-07-12T06:44:11.795+0000] {processor.py:179} INFO - Processing /home/airflow/.local/lib/python3.7/site-packages/airflow/example_dags/example_external_task_marker_dag.py took 0.131 seconds
[2023-07-12T06:44:42.022+0000] {processor.py:157} INFO - Started process (PID=7662) to work on /home/airflow/.local/lib/python3.7/site-packages/airflow/example_dags/example_external_task_marker_dag.py
[2023-07-12T06:44:42.027+0000] {processor.py:826} INFO - Processing file /home/airflow/.local/lib/python3.7/site-packages/airflow/example_dags/example_external_task_marker_dag.py for tasks to queue
[2023-07-12T06:44:42.030+0000] {logging_mixin.py:150} INFO - [2023-07-12T06:44:42.029+0000] {dagbag.py:541} INFO - Filling up the DagBag from /home/airflow/.local/lib/python3.7/site-packages/airflow/example_dags/example_external_task_marker_dag.py
[2023-07-12T06:44:42.041+0000] {processor.py:836} INFO - DAG(s) dict_keys(['example_external_task_marker_child', 'example_external_task_marker_parent']) retrieved from /home/airflow/.local/lib/python3.7/site-packages/airflow/example_dags/example_external_task_marker_dag.py
[2023-07-12T06:44:42.087+0000] {logging_mixin.py:150} INFO - [2023-07-12T06:44:42.087+0000] {dag.py:2742} INFO - Sync 2 DAGs
[2023-07-12T06:44:42.122+0000] {logging_mixin.py:150} INFO - [2023-07-12T06:44:42.122+0000] {dag.py:3508} INFO - Setting next_dagrun for example_external_task_marker_child to None, run_after=None
[2023-07-12T06:44:42.128+0000] {logging_mixin.py:150} INFO - [2023-07-12T06:44:42.128+0000] {dag.py:3508} INFO - Setting next_dagrun for example_external_task_marker_parent to None, run_after=None
[2023-07-12T06:44:42.154+0000] {processor.py:179} INFO - Processing /home/airflow/.local/lib/python3.7/site-packages/airflow/example_dags/example_external_task_marker_dag.py took 0.137 seconds
[2023-07-12T06:45:12.481+0000] {processor.py:157} INFO - Started process (PID=7903) to work on /home/airflow/.local/lib/python3.7/site-packages/airflow/example_dags/example_external_task_marker_dag.py
[2023-07-12T06:45:12.484+0000] {processor.py:826} INFO - Processing file /home/airflow/.local/lib/python3.7/site-packages/airflow/example_dags/example_external_task_marker_dag.py for tasks to queue
[2023-07-12T06:45:12.488+0000] {logging_mixin.py:150} INFO - [2023-07-12T06:45:12.487+0000] {dagbag.py:541} INFO - Filling up the DagBag from /home/airflow/.local/lib/python3.7/site-packages/airflow/example_dags/example_external_task_marker_dag.py
[2023-07-12T06:45:12.499+0000] {processor.py:836} INFO - DAG(s) dict_keys(['example_external_task_marker_child', 'example_external_task_marker_parent']) retrieved from /home/airflow/.local/lib/python3.7/site-packages/airflow/example_dags/example_external_task_marker_dag.py
[2023-07-12T06:45:12.543+0000] {logging_mixin.py:150} INFO - [2023-07-12T06:45:12.543+0000] {dag.py:2742} INFO - Sync 2 DAGs
[2023-07-12T06:45:12.576+0000] {logging_mixin.py:150} INFO - [2023-07-12T06:45:12.576+0000] {dag.py:3508} INFO - Setting next_dagrun for example_external_task_marker_child to None, run_after=None
[2023-07-12T06:45:12.583+0000] {logging_mixin.py:150} INFO - [2023-07-12T06:45:12.582+0000] {dag.py:3508} INFO - Setting next_dagrun for example_external_task_marker_parent to None, run_after=None
[2023-07-12T06:45:12.608+0000] {processor.py:179} INFO - Processing /home/airflow/.local/lib/python3.7/site-packages/airflow/example_dags/example_external_task_marker_dag.py took 0.134 seconds
[2023-07-12T06:45:43.554+0000] {processor.py:157} INFO - Started process (PID=8144) to work on /home/airflow/.local/lib/python3.7/site-packages/airflow/example_dags/example_external_task_marker_dag.py
[2023-07-12T06:45:43.557+0000] {processor.py:826} INFO - Processing file /home/airflow/.local/lib/python3.7/site-packages/airflow/example_dags/example_external_task_marker_dag.py for tasks to queue
[2023-07-12T06:45:43.559+0000] {logging_mixin.py:150} INFO - [2023-07-12T06:45:43.559+0000] {dagbag.py:541} INFO - Filling up the DagBag from /home/airflow/.local/lib/python3.7/site-packages/airflow/example_dags/example_external_task_marker_dag.py
[2023-07-12T06:45:43.568+0000] {processor.py:836} INFO - DAG(s) dict_keys(['example_external_task_marker_parent', 'example_external_task_marker_child']) retrieved from /home/airflow/.local/lib/python3.7/site-packages/airflow/example_dags/example_external_task_marker_dag.py
[2023-07-12T06:45:43.606+0000] {logging_mixin.py:150} INFO - [2023-07-12T06:45:43.606+0000] {dag.py:2742} INFO - Sync 2 DAGs
[2023-07-12T06:45:43.640+0000] {logging_mixin.py:150} INFO - [2023-07-12T06:45:43.640+0000] {dag.py:3508} INFO - Setting next_dagrun for example_external_task_marker_child to None, run_after=None
[2023-07-12T06:45:43.648+0000] {logging_mixin.py:150} INFO - [2023-07-12T06:45:43.647+0000] {dag.py:3508} INFO - Setting next_dagrun for example_external_task_marker_parent to None, run_after=None
[2023-07-12T06:45:43.673+0000] {processor.py:179} INFO - Processing /home/airflow/.local/lib/python3.7/site-packages/airflow/example_dags/example_external_task_marker_dag.py took 0.123 seconds
[2023-07-12T06:46:13.843+0000] {processor.py:157} INFO - Started process (PID=8382) to work on /home/airflow/.local/lib/python3.7/site-packages/airflow/example_dags/example_external_task_marker_dag.py
[2023-07-12T06:46:13.846+0000] {processor.py:826} INFO - Processing file /home/airflow/.local/lib/python3.7/site-packages/airflow/example_dags/example_external_task_marker_dag.py for tasks to queue
[2023-07-12T06:46:13.848+0000] {logging_mixin.py:150} INFO - [2023-07-12T06:46:13.848+0000] {dagbag.py:541} INFO - Filling up the DagBag from /home/airflow/.local/lib/python3.7/site-packages/airflow/example_dags/example_external_task_marker_dag.py
[2023-07-12T06:46:13.859+0000] {processor.py:836} INFO - DAG(s) dict_keys(['example_external_task_marker_child', 'example_external_task_marker_parent']) retrieved from /home/airflow/.local/lib/python3.7/site-packages/airflow/example_dags/example_external_task_marker_dag.py
[2023-07-12T06:46:13.910+0000] {logging_mixin.py:150} INFO - [2023-07-12T06:46:13.909+0000] {dag.py:2742} INFO - Sync 2 DAGs
[2023-07-12T06:46:13.959+0000] {logging_mixin.py:150} INFO - [2023-07-12T06:46:13.959+0000] {dag.py:3508} INFO - Setting next_dagrun for example_external_task_marker_child to None, run_after=None
[2023-07-12T06:46:13.966+0000] {logging_mixin.py:150} INFO - [2023-07-12T06:46:13.965+0000] {dag.py:3508} INFO - Setting next_dagrun for example_external_task_marker_parent to None, run_after=None
[2023-07-12T06:46:13.995+0000] {processor.py:179} INFO - Processing /home/airflow/.local/lib/python3.7/site-packages/airflow/example_dags/example_external_task_marker_dag.py took 0.157 seconds
[2023-07-12T06:46:44.198+0000] {processor.py:157} INFO - Started process (PID=8623) to work on /home/airflow/.local/lib/python3.7/site-packages/airflow/example_dags/example_external_task_marker_dag.py
[2023-07-12T06:46:44.201+0000] {processor.py:826} INFO - Processing file /home/airflow/.local/lib/python3.7/site-packages/airflow/example_dags/example_external_task_marker_dag.py for tasks to queue
[2023-07-12T06:46:44.203+0000] {logging_mixin.py:150} INFO - [2023-07-12T06:46:44.203+0000] {dagbag.py:541} INFO - Filling up the DagBag from /home/airflow/.local/lib/python3.7/site-packages/airflow/example_dags/example_external_task_marker_dag.py
[2023-07-12T06:46:44.214+0000] {processor.py:836} INFO - DAG(s) dict_keys(['example_external_task_marker_parent', 'example_external_task_marker_child']) retrieved from /home/airflow/.local/lib/python3.7/site-packages/airflow/example_dags/example_external_task_marker_dag.py
[2023-07-12T06:46:44.255+0000] {logging_mixin.py:150} INFO - [2023-07-12T06:46:44.255+0000] {dag.py:2742} INFO - Sync 2 DAGs
[2023-07-12T06:46:44.289+0000] {logging_mixin.py:150} INFO - [2023-07-12T06:46:44.288+0000] {dag.py:3508} INFO - Setting next_dagrun for example_external_task_marker_child to None, run_after=None
[2023-07-12T06:46:44.294+0000] {logging_mixin.py:150} INFO - [2023-07-12T06:46:44.294+0000] {dag.py:3508} INFO - Setting next_dagrun for example_external_task_marker_parent to None, run_after=None
[2023-07-12T06:46:44.320+0000] {processor.py:179} INFO - Processing /home/airflow/.local/lib/python3.7/site-packages/airflow/example_dags/example_external_task_marker_dag.py took 0.127 seconds
[2023-07-12T06:47:14.777+0000] {processor.py:157} INFO - Started process (PID=8863) to work on /home/airflow/.local/lib/python3.7/site-packages/airflow/example_dags/example_external_task_marker_dag.py
[2023-07-12T06:47:14.781+0000] {processor.py:826} INFO - Processing file /home/airflow/.local/lib/python3.7/site-packages/airflow/example_dags/example_external_task_marker_dag.py for tasks to queue
[2023-07-12T06:47:14.786+0000] {logging_mixin.py:150} INFO - [2023-07-12T06:47:14.785+0000] {dagbag.py:541} INFO - Filling up the DagBag from /home/airflow/.local/lib/python3.7/site-packages/airflow/example_dags/example_external_task_marker_dag.py
[2023-07-12T06:47:14.803+0000] {processor.py:836} INFO - DAG(s) dict_keys(['example_external_task_marker_parent', 'example_external_task_marker_child']) retrieved from /home/airflow/.local/lib/python3.7/site-packages/airflow/example_dags/example_external_task_marker_dag.py
[2023-07-12T06:47:14.854+0000] {logging_mixin.py:150} INFO - [2023-07-12T06:47:14.853+0000] {dag.py:2742} INFO - Sync 2 DAGs
[2023-07-12T06:47:14.899+0000] {logging_mixin.py:150} INFO - [2023-07-12T06:47:14.899+0000] {dag.py:3508} INFO - Setting next_dagrun for example_external_task_marker_child to None, run_after=None
[2023-07-12T06:47:14.907+0000] {logging_mixin.py:150} INFO - [2023-07-12T06:47:14.906+0000] {dag.py:3508} INFO - Setting next_dagrun for example_external_task_marker_parent to None, run_after=None
[2023-07-12T06:47:14.937+0000] {processor.py:179} INFO - Processing /home/airflow/.local/lib/python3.7/site-packages/airflow/example_dags/example_external_task_marker_dag.py took 0.168 seconds
[2023-07-12T06:47:45.844+0000] {processor.py:157} INFO - Started process (PID=9106) to work on /home/airflow/.local/lib/python3.7/site-packages/airflow/example_dags/example_external_task_marker_dag.py
[2023-07-12T06:47:45.847+0000] {processor.py:826} INFO - Processing file /home/airflow/.local/lib/python3.7/site-packages/airflow/example_dags/example_external_task_marker_dag.py for tasks to queue
[2023-07-12T06:47:45.851+0000] {logging_mixin.py:150} INFO - [2023-07-12T06:47:45.850+0000] {dagbag.py:541} INFO - Filling up the DagBag from /home/airflow/.local/lib/python3.7/site-packages/airflow/example_dags/example_external_task_marker_dag.py
[2023-07-12T06:47:45.864+0000] {processor.py:836} INFO - DAG(s) dict_keys(['example_external_task_marker_child', 'example_external_task_marker_parent']) retrieved from /home/airflow/.local/lib/python3.7/site-packages/airflow/example_dags/example_external_task_marker_dag.py
[2023-07-12T06:47:45.918+0000] {logging_mixin.py:150} INFO - [2023-07-12T06:47:45.918+0000] {dag.py:2742} INFO - Sync 2 DAGs
[2023-07-12T06:47:45.963+0000] {logging_mixin.py:150} INFO - [2023-07-12T06:47:45.963+0000] {dag.py:3508} INFO - Setting next_dagrun for example_external_task_marker_child to None, run_after=None
[2023-07-12T06:47:45.971+0000] {logging_mixin.py:150} INFO - [2023-07-12T06:47:45.970+0000] {dag.py:3508} INFO - Setting next_dagrun for example_external_task_marker_parent to None, run_after=None
[2023-07-12T06:47:46.008+0000] {processor.py:179} INFO - Processing /home/airflow/.local/lib/python3.7/site-packages/airflow/example_dags/example_external_task_marker_dag.py took 0.171 seconds
[2023-07-12T06:48:16.528+0000] {processor.py:157} INFO - Started process (PID=9347) to work on /home/airflow/.local/lib/python3.7/site-packages/airflow/example_dags/example_external_task_marker_dag.py
[2023-07-12T06:48:16.531+0000] {processor.py:826} INFO - Processing file /home/airflow/.local/lib/python3.7/site-packages/airflow/example_dags/example_external_task_marker_dag.py for tasks to queue
[2023-07-12T06:48:16.533+0000] {logging_mixin.py:150} INFO - [2023-07-12T06:48:16.533+0000] {dagbag.py:541} INFO - Filling up the DagBag from /home/airflow/.local/lib/python3.7/site-packages/airflow/example_dags/example_external_task_marker_dag.py
[2023-07-12T06:48:16.544+0000] {processor.py:836} INFO - DAG(s) dict_keys(['example_external_task_marker_child', 'example_external_task_marker_parent']) retrieved from /home/airflow/.local/lib/python3.7/site-packages/airflow/example_dags/example_external_task_marker_dag.py
[2023-07-12T06:48:16.591+0000] {logging_mixin.py:150} INFO - [2023-07-12T06:48:16.590+0000] {dag.py:2742} INFO - Sync 2 DAGs
[2023-07-12T06:48:16.633+0000] {logging_mixin.py:150} INFO - [2023-07-12T06:48:16.633+0000] {dag.py:3508} INFO - Setting next_dagrun for example_external_task_marker_child to None, run_after=None
[2023-07-12T06:48:16.642+0000] {logging_mixin.py:150} INFO - [2023-07-12T06:48:16.641+0000] {dag.py:3508} INFO - Setting next_dagrun for example_external_task_marker_parent to None, run_after=None
[2023-07-12T06:48:16.692+0000] {processor.py:179} INFO - Processing /home/airflow/.local/lib/python3.7/site-packages/airflow/example_dags/example_external_task_marker_dag.py took 0.170 seconds
[2023-07-12T06:48:47.059+0000] {processor.py:157} INFO - Started process (PID=9588) to work on /home/airflow/.local/lib/python3.7/site-packages/airflow/example_dags/example_external_task_marker_dag.py
[2023-07-12T06:48:47.061+0000] {processor.py:826} INFO - Processing file /home/airflow/.local/lib/python3.7/site-packages/airflow/example_dags/example_external_task_marker_dag.py for tasks to queue
[2023-07-12T06:48:47.063+0000] {logging_mixin.py:150} INFO - [2023-07-12T06:48:47.063+0000] {dagbag.py:541} INFO - Filling up the DagBag from /home/airflow/.local/lib/python3.7/site-packages/airflow/example_dags/example_external_task_marker_dag.py
[2023-07-12T06:48:47.074+0000] {processor.py:836} INFO - DAG(s) dict_keys(['example_external_task_marker_parent', 'example_external_task_marker_child']) retrieved from /home/airflow/.local/lib/python3.7/site-packages/airflow/example_dags/example_external_task_marker_dag.py
[2023-07-12T06:48:47.120+0000] {logging_mixin.py:150} INFO - [2023-07-12T06:48:47.120+0000] {dag.py:2742} INFO - Sync 2 DAGs
[2023-07-12T06:48:47.157+0000] {logging_mixin.py:150} INFO - [2023-07-12T06:48:47.157+0000] {dag.py:3508} INFO - Setting next_dagrun for example_external_task_marker_child to None, run_after=None
[2023-07-12T06:48:47.164+0000] {logging_mixin.py:150} INFO - [2023-07-12T06:48:47.164+0000] {dag.py:3508} INFO - Setting next_dagrun for example_external_task_marker_parent to None, run_after=None
[2023-07-12T06:48:47.192+0000] {processor.py:179} INFO - Processing /home/airflow/.local/lib/python3.7/site-packages/airflow/example_dags/example_external_task_marker_dag.py took 0.138 seconds
[2023-07-12T06:49:17.907+0000] {processor.py:157} INFO - Started process (PID=9829) to work on /home/airflow/.local/lib/python3.7/site-packages/airflow/example_dags/example_external_task_marker_dag.py
[2023-07-12T06:49:17.910+0000] {processor.py:826} INFO - Processing file /home/airflow/.local/lib/python3.7/site-packages/airflow/example_dags/example_external_task_marker_dag.py for tasks to queue
[2023-07-12T06:49:17.914+0000] {logging_mixin.py:150} INFO - [2023-07-12T06:49:17.913+0000] {dagbag.py:541} INFO - Filling up the DagBag from /home/airflow/.local/lib/python3.7/site-packages/airflow/example_dags/example_external_task_marker_dag.py
[2023-07-12T06:49:17.933+0000] {processor.py:836} INFO - DAG(s) dict_keys(['example_external_task_marker_parent', 'example_external_task_marker_child']) retrieved from /home/airflow/.local/lib/python3.7/site-packages/airflow/example_dags/example_external_task_marker_dag.py
[2023-07-12T06:49:17.994+0000] {logging_mixin.py:150} INFO - [2023-07-12T06:49:17.993+0000] {dag.py:2742} INFO - Sync 2 DAGs
[2023-07-12T06:49:18.039+0000] {logging_mixin.py:150} INFO - [2023-07-12T06:49:18.039+0000] {dag.py:3508} INFO - Setting next_dagrun for example_external_task_marker_child to None, run_after=None
[2023-07-12T06:49:18.046+0000] {logging_mixin.py:150} INFO - [2023-07-12T06:49:18.046+0000] {dag.py:3508} INFO - Setting next_dagrun for example_external_task_marker_parent to None, run_after=None
[2023-07-12T06:49:18.083+0000] {processor.py:179} INFO - Processing /home/airflow/.local/lib/python3.7/site-packages/airflow/example_dags/example_external_task_marker_dag.py took 0.183 seconds
[2023-07-12T06:49:48.403+0000] {processor.py:157} INFO - Started process (PID=10067) to work on /home/airflow/.local/lib/python3.7/site-packages/airflow/example_dags/example_external_task_marker_dag.py
[2023-07-12T06:49:48.407+0000] {processor.py:826} INFO - Processing file /home/airflow/.local/lib/python3.7/site-packages/airflow/example_dags/example_external_task_marker_dag.py for tasks to queue
[2023-07-12T06:49:48.410+0000] {logging_mixin.py:150} INFO - [2023-07-12T06:49:48.410+0000] {dagbag.py:541} INFO - Filling up the DagBag from /home/airflow/.local/lib/python3.7/site-packages/airflow/example_dags/example_external_task_marker_dag.py
[2023-07-12T06:49:48.420+0000] {processor.py:836} INFO - DAG(s) dict_keys(['example_external_task_marker_parent', 'example_external_task_marker_child']) retrieved from /home/airflow/.local/lib/python3.7/site-packages/airflow/example_dags/example_external_task_marker_dag.py
[2023-07-12T06:49:48.463+0000] {logging_mixin.py:150} INFO - [2023-07-12T06:49:48.463+0000] {dag.py:2742} INFO - Sync 2 DAGs
[2023-07-12T06:49:48.499+0000] {logging_mixin.py:150} INFO - [2023-07-12T06:49:48.499+0000] {dag.py:3508} INFO - Setting next_dagrun for example_external_task_marker_child to None, run_after=None
[2023-07-12T06:49:48.507+0000] {logging_mixin.py:150} INFO - [2023-07-12T06:49:48.507+0000] {dag.py:3508} INFO - Setting next_dagrun for example_external_task_marker_parent to None, run_after=None
[2023-07-12T06:49:48.538+0000] {processor.py:179} INFO - Processing /home/airflow/.local/lib/python3.7/site-packages/airflow/example_dags/example_external_task_marker_dag.py took 0.141 seconds
[2023-07-12T06:50:19.307+0000] {processor.py:157} INFO - Started process (PID=10311) to work on /home/airflow/.local/lib/python3.7/site-packages/airflow/example_dags/example_external_task_marker_dag.py
[2023-07-12T06:50:19.311+0000] {processor.py:826} INFO - Processing file /home/airflow/.local/lib/python3.7/site-packages/airflow/example_dags/example_external_task_marker_dag.py for tasks to queue
[2023-07-12T06:50:19.314+0000] {logging_mixin.py:150} INFO - [2023-07-12T06:50:19.313+0000] {dagbag.py:541} INFO - Filling up the DagBag from /home/airflow/.local/lib/python3.7/site-packages/airflow/example_dags/example_external_task_marker_dag.py
[2023-07-12T06:50:19.326+0000] {processor.py:836} INFO - DAG(s) dict_keys(['example_external_task_marker_parent', 'example_external_task_marker_child']) retrieved from /home/airflow/.local/lib/python3.7/site-packages/airflow/example_dags/example_external_task_marker_dag.py
[2023-07-12T06:50:19.369+0000] {logging_mixin.py:150} INFO - [2023-07-12T06:50:19.369+0000] {dag.py:2742} INFO - Sync 2 DAGs
[2023-07-12T06:50:19.405+0000] {logging_mixin.py:150} INFO - [2023-07-12T06:50:19.405+0000] {dag.py:3508} INFO - Setting next_dagrun for example_external_task_marker_child to None, run_after=None
[2023-07-12T06:50:19.412+0000] {logging_mixin.py:150} INFO - [2023-07-12T06:50:19.412+0000] {dag.py:3508} INFO - Setting next_dagrun for example_external_task_marker_parent to None, run_after=None
[2023-07-12T06:50:19.445+0000] {processor.py:179} INFO - Processing /home/airflow/.local/lib/python3.7/site-packages/airflow/example_dags/example_external_task_marker_dag.py took 0.148 seconds
