[2023-07-12T06:29:23.367+0000] {processor.py:157} INFO - Started process (PID=379) to work on /home/airflow/.local/lib/python3.7/site-packages/airflow/example_dags/example_branch_labels.py
[2023-07-12T06:29:23.370+0000] {processor.py:826} INFO - Processing file /home/airflow/.local/lib/python3.7/site-packages/airflow/example_dags/example_branch_labels.py for tasks to queue
[2023-07-12T06:29:23.374+0000] {logging_mixin.py:150} INFO - [2023-07-12T06:29:23.373+0000] {dagbag.py:541} INFO - Filling up the DagBag from /home/airflow/.local/lib/python3.7/site-packages/airflow/example_dags/example_branch_labels.py
[2023-07-12T06:29:23.392+0000] {processor.py:836} INFO - DAG(s) dict_keys(['example_branch_labels']) retrieved from /home/airflow/.local/lib/python3.7/site-packages/airflow/example_dags/example_branch_labels.py
[2023-07-12T06:29:23.454+0000] {logging_mixin.py:150} INFO - [2023-07-12T06:29:23.454+0000] {dag.py:2742} INFO - Sync 1 DAGs
[2023-07-12T06:29:23.507+0000] {logging_mixin.py:150} INFO - [2023-07-12T06:29:23.507+0000] {dag.py:3508} INFO - Setting next_dagrun for example_branch_labels to 2023-07-11T00:00:00+00:00, run_after=2023-07-12T00:00:00+00:00
[2023-07-12T06:29:23.551+0000] {processor.py:179} INFO - Processing /home/airflow/.local/lib/python3.7/site-packages/airflow/example_dags/example_branch_labels.py took 0.194 seconds
[2023-07-12T06:29:54.344+0000] {processor.py:157} INFO - Started process (PID=619) to work on /home/airflow/.local/lib/python3.7/site-packages/airflow/example_dags/example_branch_labels.py
[2023-07-12T06:29:54.346+0000] {processor.py:826} INFO - Processing file /home/airflow/.local/lib/python3.7/site-packages/airflow/example_dags/example_branch_labels.py for tasks to queue
[2023-07-12T06:29:54.349+0000] {logging_mixin.py:150} INFO - [2023-07-12T06:29:54.348+0000] {dagbag.py:541} INFO - Filling up the DagBag from /home/airflow/.local/lib/python3.7/site-packages/airflow/example_dags/example_branch_labels.py
[2023-07-12T06:29:54.361+0000] {processor.py:836} INFO - DAG(s) dict_keys(['example_branch_labels']) retrieved from /home/airflow/.local/lib/python3.7/site-packages/airflow/example_dags/example_branch_labels.py
[2023-07-12T06:29:54.406+0000] {logging_mixin.py:150} INFO - [2023-07-12T06:29:54.406+0000] {dag.py:2742} INFO - Sync 1 DAGs
[2023-07-12T06:29:54.445+0000] {logging_mixin.py:150} INFO - [2023-07-12T06:29:54.444+0000] {dag.py:3508} INFO - Setting next_dagrun for example_branch_labels to 2023-07-11T00:00:00+00:00, run_after=2023-07-12T00:00:00+00:00
[2023-07-12T06:29:54.476+0000] {processor.py:179} INFO - Processing /home/airflow/.local/lib/python3.7/site-packages/airflow/example_dags/example_branch_labels.py took 0.137 seconds
[2023-07-12T06:30:24.598+0000] {processor.py:157} INFO - Started process (PID=860) to work on /home/airflow/.local/lib/python3.7/site-packages/airflow/example_dags/example_branch_labels.py
[2023-07-12T06:30:24.601+0000] {processor.py:826} INFO - Processing file /home/airflow/.local/lib/python3.7/site-packages/airflow/example_dags/example_branch_labels.py for tasks to queue
[2023-07-12T06:30:24.605+0000] {logging_mixin.py:150} INFO - [2023-07-12T06:30:24.604+0000] {dagbag.py:541} INFO - Filling up the DagBag from /home/airflow/.local/lib/python3.7/site-packages/airflow/example_dags/example_branch_labels.py
[2023-07-12T06:30:24.621+0000] {processor.py:836} INFO - DAG(s) dict_keys(['example_branch_labels']) retrieved from /home/airflow/.local/lib/python3.7/site-packages/airflow/example_dags/example_branch_labels.py
[2023-07-12T06:30:24.665+0000] {logging_mixin.py:150} INFO - [2023-07-12T06:30:24.665+0000] {dag.py:2742} INFO - Sync 1 DAGs
[2023-07-12T06:30:24.707+0000] {logging_mixin.py:150} INFO - [2023-07-12T06:30:24.706+0000] {dag.py:3508} INFO - Setting next_dagrun for example_branch_labels to 2023-07-11T00:00:00+00:00, run_after=2023-07-12T00:00:00+00:00
[2023-07-12T06:30:24.740+0000] {processor.py:179} INFO - Processing /home/airflow/.local/lib/python3.7/site-packages/airflow/example_dags/example_branch_labels.py took 0.147 seconds
[2023-07-12T06:30:55.068+0000] {processor.py:157} INFO - Started process (PID=1101) to work on /home/airflow/.local/lib/python3.7/site-packages/airflow/example_dags/example_branch_labels.py
[2023-07-12T06:30:55.073+0000] {processor.py:826} INFO - Processing file /home/airflow/.local/lib/python3.7/site-packages/airflow/example_dags/example_branch_labels.py for tasks to queue
[2023-07-12T06:30:55.077+0000] {logging_mixin.py:150} INFO - [2023-07-12T06:30:55.076+0000] {dagbag.py:541} INFO - Filling up the DagBag from /home/airflow/.local/lib/python3.7/site-packages/airflow/example_dags/example_branch_labels.py
[2023-07-12T06:30:55.095+0000] {processor.py:836} INFO - DAG(s) dict_keys(['example_branch_labels']) retrieved from /home/airflow/.local/lib/python3.7/site-packages/airflow/example_dags/example_branch_labels.py
[2023-07-12T06:30:55.146+0000] {logging_mixin.py:150} INFO - [2023-07-12T06:30:55.146+0000] {dag.py:2742} INFO - Sync 1 DAGs
[2023-07-12T06:30:55.210+0000] {logging_mixin.py:150} INFO - [2023-07-12T06:30:55.209+0000] {dag.py:3508} INFO - Setting next_dagrun for example_branch_labels to 2023-07-11T00:00:00+00:00, run_after=2023-07-12T00:00:00+00:00
[2023-07-12T06:30:55.247+0000] {processor.py:179} INFO - Processing /home/airflow/.local/lib/python3.7/site-packages/airflow/example_dags/example_branch_labels.py took 0.184 seconds
[2023-07-12T06:31:25.920+0000] {processor.py:157} INFO - Started process (PID=1384) to work on /home/airflow/.local/lib/python3.7/site-packages/airflow/example_dags/example_branch_labels.py
[2023-07-12T06:31:25.923+0000] {processor.py:826} INFO - Processing file /home/airflow/.local/lib/python3.7/site-packages/airflow/example_dags/example_branch_labels.py for tasks to queue
[2023-07-12T06:31:25.925+0000] {logging_mixin.py:150} INFO - [2023-07-12T06:31:25.925+0000] {dagbag.py:541} INFO - Filling up the DagBag from /home/airflow/.local/lib/python3.7/site-packages/airflow/example_dags/example_branch_labels.py
[2023-07-12T06:31:25.939+0000] {processor.py:836} INFO - DAG(s) dict_keys(['example_branch_labels']) retrieved from /home/airflow/.local/lib/python3.7/site-packages/airflow/example_dags/example_branch_labels.py
[2023-07-12T06:31:25.980+0000] {logging_mixin.py:150} INFO - [2023-07-12T06:31:25.980+0000] {dag.py:2742} INFO - Sync 1 DAGs
[2023-07-12T06:31:26.023+0000] {logging_mixin.py:150} INFO - [2023-07-12T06:31:26.023+0000] {dag.py:3508} INFO - Setting next_dagrun for example_branch_labels to 2023-07-11T00:00:00+00:00, run_after=2023-07-12T00:00:00+00:00
[2023-07-12T06:31:26.063+0000] {processor.py:179} INFO - Processing /home/airflow/.local/lib/python3.7/site-packages/airflow/example_dags/example_branch_labels.py took 0.149 seconds
[2023-07-12T06:31:56.494+0000] {processor.py:157} INFO - Started process (PID=1625) to work on /home/airflow/.local/lib/python3.7/site-packages/airflow/example_dags/example_branch_labels.py
[2023-07-12T06:31:56.498+0000] {processor.py:826} INFO - Processing file /home/airflow/.local/lib/python3.7/site-packages/airflow/example_dags/example_branch_labels.py for tasks to queue
[2023-07-12T06:31:56.501+0000] {logging_mixin.py:150} INFO - [2023-07-12T06:31:56.500+0000] {dagbag.py:541} INFO - Filling up the DagBag from /home/airflow/.local/lib/python3.7/site-packages/airflow/example_dags/example_branch_labels.py
[2023-07-12T06:31:56.514+0000] {processor.py:836} INFO - DAG(s) dict_keys(['example_branch_labels']) retrieved from /home/airflow/.local/lib/python3.7/site-packages/airflow/example_dags/example_branch_labels.py
[2023-07-12T06:31:56.557+0000] {logging_mixin.py:150} INFO - [2023-07-12T06:31:56.556+0000] {dag.py:2742} INFO - Sync 1 DAGs
[2023-07-12T06:31:56.599+0000] {logging_mixin.py:150} INFO - [2023-07-12T06:31:56.599+0000] {dag.py:3508} INFO - Setting next_dagrun for example_branch_labels to 2023-07-11T00:00:00+00:00, run_after=2023-07-12T00:00:00+00:00
[2023-07-12T06:31:56.627+0000] {processor.py:179} INFO - Processing /home/airflow/.local/lib/python3.7/site-packages/airflow/example_dags/example_branch_labels.py took 0.138 seconds
[2023-07-12T06:32:26.741+0000] {processor.py:157} INFO - Started process (PID=1866) to work on /home/airflow/.local/lib/python3.7/site-packages/airflow/example_dags/example_branch_labels.py
[2023-07-12T06:32:26.746+0000] {processor.py:826} INFO - Processing file /home/airflow/.local/lib/python3.7/site-packages/airflow/example_dags/example_branch_labels.py for tasks to queue
[2023-07-12T06:32:26.750+0000] {logging_mixin.py:150} INFO - [2023-07-12T06:32:26.749+0000] {dagbag.py:541} INFO - Filling up the DagBag from /home/airflow/.local/lib/python3.7/site-packages/airflow/example_dags/example_branch_labels.py
[2023-07-12T06:32:26.767+0000] {processor.py:836} INFO - DAG(s) dict_keys(['example_branch_labels']) retrieved from /home/airflow/.local/lib/python3.7/site-packages/airflow/example_dags/example_branch_labels.py
[2023-07-12T06:32:26.813+0000] {logging_mixin.py:150} INFO - [2023-07-12T06:32:26.812+0000] {dag.py:2742} INFO - Sync 1 DAGs
[2023-07-12T06:32:26.851+0000] {logging_mixin.py:150} INFO - [2023-07-12T06:32:26.850+0000] {dag.py:3508} INFO - Setting next_dagrun for example_branch_labels to 2023-07-11T00:00:00+00:00, run_after=2023-07-12T00:00:00+00:00
[2023-07-12T06:32:26.878+0000] {processor.py:179} INFO - Processing /home/airflow/.local/lib/python3.7/site-packages/airflow/example_dags/example_branch_labels.py took 0.143 seconds
[2023-07-12T06:32:57.439+0000] {processor.py:157} INFO - Started process (PID=2107) to work on /home/airflow/.local/lib/python3.7/site-packages/airflow/example_dags/example_branch_labels.py
[2023-07-12T06:32:57.442+0000] {processor.py:826} INFO - Processing file /home/airflow/.local/lib/python3.7/site-packages/airflow/example_dags/example_branch_labels.py for tasks to queue
[2023-07-12T06:32:57.446+0000] {logging_mixin.py:150} INFO - [2023-07-12T06:32:57.445+0000] {dagbag.py:541} INFO - Filling up the DagBag from /home/airflow/.local/lib/python3.7/site-packages/airflow/example_dags/example_branch_labels.py
[2023-07-12T06:32:57.462+0000] {processor.py:836} INFO - DAG(s) dict_keys(['example_branch_labels']) retrieved from /home/airflow/.local/lib/python3.7/site-packages/airflow/example_dags/example_branch_labels.py
[2023-07-12T06:32:57.504+0000] {logging_mixin.py:150} INFO - [2023-07-12T06:32:57.503+0000] {dag.py:2742} INFO - Sync 1 DAGs
[2023-07-12T06:32:57.542+0000] {logging_mixin.py:150} INFO - [2023-07-12T06:32:57.541+0000] {dag.py:3508} INFO - Setting next_dagrun for example_branch_labels to 2023-07-11T00:00:00+00:00, run_after=2023-07-12T00:00:00+00:00
[2023-07-12T06:32:57.574+0000] {processor.py:179} INFO - Processing /home/airflow/.local/lib/python3.7/site-packages/airflow/example_dags/example_branch_labels.py took 0.141 seconds
[2023-07-12T06:33:27.850+0000] {processor.py:157} INFO - Started process (PID=2348) to work on /home/airflow/.local/lib/python3.7/site-packages/airflow/example_dags/example_branch_labels.py
[2023-07-12T06:33:27.853+0000] {processor.py:826} INFO - Processing file /home/airflow/.local/lib/python3.7/site-packages/airflow/example_dags/example_branch_labels.py for tasks to queue
[2023-07-12T06:33:27.857+0000] {logging_mixin.py:150} INFO - [2023-07-12T06:33:27.857+0000] {dagbag.py:541} INFO - Filling up the DagBag from /home/airflow/.local/lib/python3.7/site-packages/airflow/example_dags/example_branch_labels.py
[2023-07-12T06:33:27.873+0000] {processor.py:836} INFO - DAG(s) dict_keys(['example_branch_labels']) retrieved from /home/airflow/.local/lib/python3.7/site-packages/airflow/example_dags/example_branch_labels.py
[2023-07-12T06:33:27.920+0000] {logging_mixin.py:150} INFO - [2023-07-12T06:33:27.920+0000] {dag.py:2742} INFO - Sync 1 DAGs
[2023-07-12T06:33:27.970+0000] {logging_mixin.py:150} INFO - [2023-07-12T06:33:27.970+0000] {dag.py:3508} INFO - Setting next_dagrun for example_branch_labels to 2023-07-11T00:00:00+00:00, run_after=2023-07-12T00:00:00+00:00
[2023-07-12T06:33:28.003+0000] {processor.py:179} INFO - Processing /home/airflow/.local/lib/python3.7/site-packages/airflow/example_dags/example_branch_labels.py took 0.161 seconds
[2023-07-12T06:33:58.193+0000] {processor.py:157} INFO - Started process (PID=2589) to work on /home/airflow/.local/lib/python3.7/site-packages/airflow/example_dags/example_branch_labels.py
[2023-07-12T06:33:58.197+0000] {processor.py:826} INFO - Processing file /home/airflow/.local/lib/python3.7/site-packages/airflow/example_dags/example_branch_labels.py for tasks to queue
[2023-07-12T06:33:58.200+0000] {logging_mixin.py:150} INFO - [2023-07-12T06:33:58.200+0000] {dagbag.py:541} INFO - Filling up the DagBag from /home/airflow/.local/lib/python3.7/site-packages/airflow/example_dags/example_branch_labels.py
[2023-07-12T06:33:58.214+0000] {processor.py:836} INFO - DAG(s) dict_keys(['example_branch_labels']) retrieved from /home/airflow/.local/lib/python3.7/site-packages/airflow/example_dags/example_branch_labels.py
[2023-07-12T06:33:58.260+0000] {logging_mixin.py:150} INFO - [2023-07-12T06:33:58.259+0000] {dag.py:2742} INFO - Sync 1 DAGs
[2023-07-12T06:33:58.308+0000] {logging_mixin.py:150} INFO - [2023-07-12T06:33:58.308+0000] {dag.py:3508} INFO - Setting next_dagrun for example_branch_labels to 2023-07-11T00:00:00+00:00, run_after=2023-07-12T00:00:00+00:00
[2023-07-12T06:33:58.352+0000] {processor.py:179} INFO - Processing /home/airflow/.local/lib/python3.7/site-packages/airflow/example_dags/example_branch_labels.py took 0.165 seconds
[2023-07-12T06:34:29.053+0000] {processor.py:157} INFO - Started process (PID=2832) to work on /home/airflow/.local/lib/python3.7/site-packages/airflow/example_dags/example_branch_labels.py
[2023-07-12T06:34:29.057+0000] {processor.py:826} INFO - Processing file /home/airflow/.local/lib/python3.7/site-packages/airflow/example_dags/example_branch_labels.py for tasks to queue
[2023-07-12T06:34:29.060+0000] {logging_mixin.py:150} INFO - [2023-07-12T06:34:29.060+0000] {dagbag.py:541} INFO - Filling up the DagBag from /home/airflow/.local/lib/python3.7/site-packages/airflow/example_dags/example_branch_labels.py
[2023-07-12T06:34:29.077+0000] {processor.py:836} INFO - DAG(s) dict_keys(['example_branch_labels']) retrieved from /home/airflow/.local/lib/python3.7/site-packages/airflow/example_dags/example_branch_labels.py
[2023-07-12T06:34:29.115+0000] {logging_mixin.py:150} INFO - [2023-07-12T06:34:29.115+0000] {dag.py:2742} INFO - Sync 1 DAGs
[2023-07-12T06:34:29.153+0000] {logging_mixin.py:150} INFO - [2023-07-12T06:34:29.153+0000] {dag.py:3508} INFO - Setting next_dagrun for example_branch_labels to 2023-07-11T00:00:00+00:00, run_after=2023-07-12T00:00:00+00:00
[2023-07-12T06:34:29.183+0000] {processor.py:179} INFO - Processing /home/airflow/.local/lib/python3.7/site-packages/airflow/example_dags/example_branch_labels.py took 0.135 seconds
[2023-07-12T06:34:59.988+0000] {processor.py:157} INFO - Started process (PID=3071) to work on /home/airflow/.local/lib/python3.7/site-packages/airflow/example_dags/example_branch_labels.py
[2023-07-12T06:34:59.991+0000] {processor.py:826} INFO - Processing file /home/airflow/.local/lib/python3.7/site-packages/airflow/example_dags/example_branch_labels.py for tasks to queue
[2023-07-12T06:34:59.994+0000] {logging_mixin.py:150} INFO - [2023-07-12T06:34:59.994+0000] {dagbag.py:541} INFO - Filling up the DagBag from /home/airflow/.local/lib/python3.7/site-packages/airflow/example_dags/example_branch_labels.py
[2023-07-12T06:35:00.012+0000] {processor.py:836} INFO - DAG(s) dict_keys(['example_branch_labels']) retrieved from /home/airflow/.local/lib/python3.7/site-packages/airflow/example_dags/example_branch_labels.py
[2023-07-12T06:35:00.054+0000] {logging_mixin.py:150} INFO - [2023-07-12T06:35:00.054+0000] {dag.py:2742} INFO - Sync 1 DAGs
[2023-07-12T06:35:00.092+0000] {logging_mixin.py:150} INFO - [2023-07-12T06:35:00.092+0000] {dag.py:3508} INFO - Setting next_dagrun for example_branch_labels to 2023-07-11T00:00:00+00:00, run_after=2023-07-12T00:00:00+00:00
[2023-07-12T06:35:00.121+0000] {processor.py:179} INFO - Processing /home/airflow/.local/lib/python3.7/site-packages/airflow/example_dags/example_branch_labels.py took 0.140 seconds
[2023-07-12T06:35:30.608+0000] {processor.py:157} INFO - Started process (PID=3312) to work on /home/airflow/.local/lib/python3.7/site-packages/airflow/example_dags/example_branch_labels.py
[2023-07-12T06:35:30.614+0000] {processor.py:826} INFO - Processing file /home/airflow/.local/lib/python3.7/site-packages/airflow/example_dags/example_branch_labels.py for tasks to queue
[2023-07-12T06:35:30.618+0000] {logging_mixin.py:150} INFO - [2023-07-12T06:35:30.617+0000] {dagbag.py:541} INFO - Filling up the DagBag from /home/airflow/.local/lib/python3.7/site-packages/airflow/example_dags/example_branch_labels.py
[2023-07-12T06:35:30.637+0000] {processor.py:836} INFO - DAG(s) dict_keys(['example_branch_labels']) retrieved from /home/airflow/.local/lib/python3.7/site-packages/airflow/example_dags/example_branch_labels.py
[2023-07-12T06:35:30.691+0000] {logging_mixin.py:150} INFO - [2023-07-12T06:35:30.691+0000] {dag.py:2742} INFO - Sync 1 DAGs
[2023-07-12T06:35:30.744+0000] {logging_mixin.py:150} INFO - [2023-07-12T06:35:30.744+0000] {dag.py:3508} INFO - Setting next_dagrun for example_branch_labels to 2023-07-11T00:00:00+00:00, run_after=2023-07-12T00:00:00+00:00
[2023-07-12T06:35:30.785+0000] {processor.py:179} INFO - Processing /home/airflow/.local/lib/python3.7/site-packages/airflow/example_dags/example_branch_labels.py took 0.188 seconds
[2023-07-12T06:36:01.300+0000] {processor.py:157} INFO - Started process (PID=3553) to work on /home/airflow/.local/lib/python3.7/site-packages/airflow/example_dags/example_branch_labels.py
[2023-07-12T06:36:01.302+0000] {processor.py:826} INFO - Processing file /home/airflow/.local/lib/python3.7/site-packages/airflow/example_dags/example_branch_labels.py for tasks to queue
[2023-07-12T06:36:01.305+0000] {logging_mixin.py:150} INFO - [2023-07-12T06:36:01.304+0000] {dagbag.py:541} INFO - Filling up the DagBag from /home/airflow/.local/lib/python3.7/site-packages/airflow/example_dags/example_branch_labels.py
[2023-07-12T06:36:01.319+0000] {processor.py:836} INFO - DAG(s) dict_keys(['example_branch_labels']) retrieved from /home/airflow/.local/lib/python3.7/site-packages/airflow/example_dags/example_branch_labels.py
[2023-07-12T06:36:01.364+0000] {logging_mixin.py:150} INFO - [2023-07-12T06:36:01.363+0000] {dag.py:2742} INFO - Sync 1 DAGs
[2023-07-12T06:36:01.400+0000] {logging_mixin.py:150} INFO - [2023-07-12T06:36:01.399+0000] {dag.py:3508} INFO - Setting next_dagrun for example_branch_labels to 2023-07-11T00:00:00+00:00, run_after=2023-07-12T00:00:00+00:00
[2023-07-12T06:36:01.431+0000] {processor.py:179} INFO - Processing /home/airflow/.local/lib/python3.7/site-packages/airflow/example_dags/example_branch_labels.py took 0.137 seconds
[2023-07-12T06:36:32.163+0000] {processor.py:157} INFO - Started process (PID=3794) to work on /home/airflow/.local/lib/python3.7/site-packages/airflow/example_dags/example_branch_labels.py
[2023-07-12T06:36:32.166+0000] {processor.py:826} INFO - Processing file /home/airflow/.local/lib/python3.7/site-packages/airflow/example_dags/example_branch_labels.py for tasks to queue
[2023-07-12T06:36:32.169+0000] {logging_mixin.py:150} INFO - [2023-07-12T06:36:32.169+0000] {dagbag.py:541} INFO - Filling up the DagBag from /home/airflow/.local/lib/python3.7/site-packages/airflow/example_dags/example_branch_labels.py
[2023-07-12T06:36:32.186+0000] {processor.py:836} INFO - DAG(s) dict_keys(['example_branch_labels']) retrieved from /home/airflow/.local/lib/python3.7/site-packages/airflow/example_dags/example_branch_labels.py
[2023-07-12T06:36:32.231+0000] {logging_mixin.py:150} INFO - [2023-07-12T06:36:32.231+0000] {dag.py:2742} INFO - Sync 1 DAGs
[2023-07-12T06:36:32.270+0000] {logging_mixin.py:150} INFO - [2023-07-12T06:36:32.269+0000] {dag.py:3508} INFO - Setting next_dagrun for example_branch_labels to 2023-07-11T00:00:00+00:00, run_after=2023-07-12T00:00:00+00:00
[2023-07-12T06:36:32.300+0000] {processor.py:179} INFO - Processing /home/airflow/.local/lib/python3.7/site-packages/airflow/example_dags/example_branch_labels.py took 0.145 seconds
[2023-07-12T06:37:02.638+0000] {processor.py:157} INFO - Started process (PID=4035) to work on /home/airflow/.local/lib/python3.7/site-packages/airflow/example_dags/example_branch_labels.py
[2023-07-12T06:37:02.642+0000] {processor.py:826} INFO - Processing file /home/airflow/.local/lib/python3.7/site-packages/airflow/example_dags/example_branch_labels.py for tasks to queue
[2023-07-12T06:37:02.645+0000] {logging_mixin.py:150} INFO - [2023-07-12T06:37:02.644+0000] {dagbag.py:541} INFO - Filling up the DagBag from /home/airflow/.local/lib/python3.7/site-packages/airflow/example_dags/example_branch_labels.py
[2023-07-12T06:37:02.657+0000] {processor.py:836} INFO - DAG(s) dict_keys(['example_branch_labels']) retrieved from /home/airflow/.local/lib/python3.7/site-packages/airflow/example_dags/example_branch_labels.py
[2023-07-12T06:37:02.697+0000] {logging_mixin.py:150} INFO - [2023-07-12T06:37:02.696+0000] {dag.py:2742} INFO - Sync 1 DAGs
[2023-07-12T06:37:02.735+0000] {logging_mixin.py:150} INFO - [2023-07-12T06:37:02.734+0000] {dag.py:3508} INFO - Setting next_dagrun for example_branch_labels to 2023-07-11T00:00:00+00:00, run_after=2023-07-12T00:00:00+00:00
[2023-07-12T06:37:02.774+0000] {processor.py:179} INFO - Processing /home/airflow/.local/lib/python3.7/site-packages/airflow/example_dags/example_branch_labels.py took 0.142 seconds
[2023-07-12T06:37:33.510+0000] {processor.py:157} INFO - Started process (PID=4281) to work on /home/airflow/.local/lib/python3.7/site-packages/airflow/example_dags/example_branch_labels.py
[2023-07-12T06:37:33.517+0000] {processor.py:826} INFO - Processing file /home/airflow/.local/lib/python3.7/site-packages/airflow/example_dags/example_branch_labels.py for tasks to queue
[2023-07-12T06:37:33.534+0000] {logging_mixin.py:150} INFO - [2023-07-12T06:37:33.533+0000] {dagbag.py:541} INFO - Filling up the DagBag from /home/airflow/.local/lib/python3.7/site-packages/airflow/example_dags/example_branch_labels.py
[2023-07-12T06:37:33.589+0000] {processor.py:836} INFO - DAG(s) dict_keys(['example_branch_labels']) retrieved from /home/airflow/.local/lib/python3.7/site-packages/airflow/example_dags/example_branch_labels.py
[2023-07-12T06:37:33.640+0000] {logging_mixin.py:150} INFO - [2023-07-12T06:37:33.639+0000] {dag.py:2742} INFO - Sync 1 DAGs
[2023-07-12T06:37:33.712+0000] {logging_mixin.py:150} INFO - [2023-07-12T06:37:33.712+0000] {dag.py:3508} INFO - Setting next_dagrun for example_branch_labels to 2023-07-11T00:00:00+00:00, run_after=2023-07-12T00:00:00+00:00
[2023-07-12T06:37:33.763+0000] {processor.py:179} INFO - Processing /home/airflow/.local/lib/python3.7/site-packages/airflow/example_dags/example_branch_labels.py took 0.264 seconds
[2023-07-12T06:38:04.044+0000] {processor.py:157} INFO - Started process (PID=4523) to work on /home/airflow/.local/lib/python3.7/site-packages/airflow/example_dags/example_branch_labels.py
[2023-07-12T06:38:04.047+0000] {processor.py:826} INFO - Processing file /home/airflow/.local/lib/python3.7/site-packages/airflow/example_dags/example_branch_labels.py for tasks to queue
[2023-07-12T06:38:04.049+0000] {logging_mixin.py:150} INFO - [2023-07-12T06:38:04.049+0000] {dagbag.py:541} INFO - Filling up the DagBag from /home/airflow/.local/lib/python3.7/site-packages/airflow/example_dags/example_branch_labels.py
[2023-07-12T06:38:04.062+0000] {processor.py:836} INFO - DAG(s) dict_keys(['example_branch_labels']) retrieved from /home/airflow/.local/lib/python3.7/site-packages/airflow/example_dags/example_branch_labels.py
[2023-07-12T06:38:04.106+0000] {logging_mixin.py:150} INFO - [2023-07-12T06:38:04.106+0000] {dag.py:2742} INFO - Sync 1 DAGs
[2023-07-12T06:38:04.150+0000] {logging_mixin.py:150} INFO - [2023-07-12T06:38:04.149+0000] {dag.py:3508} INFO - Setting next_dagrun for example_branch_labels to 2023-07-11T00:00:00+00:00, run_after=2023-07-12T00:00:00+00:00
[2023-07-12T06:38:04.182+0000] {processor.py:179} INFO - Processing /home/airflow/.local/lib/python3.7/site-packages/airflow/example_dags/example_branch_labels.py took 0.143 seconds
[2023-07-12T06:38:35.018+0000] {processor.py:157} INFO - Started process (PID=4764) to work on /home/airflow/.local/lib/python3.7/site-packages/airflow/example_dags/example_branch_labels.py
[2023-07-12T06:38:35.022+0000] {processor.py:826} INFO - Processing file /home/airflow/.local/lib/python3.7/site-packages/airflow/example_dags/example_branch_labels.py for tasks to queue
[2023-07-12T06:38:35.025+0000] {logging_mixin.py:150} INFO - [2023-07-12T06:38:35.025+0000] {dagbag.py:541} INFO - Filling up the DagBag from /home/airflow/.local/lib/python3.7/site-packages/airflow/example_dags/example_branch_labels.py
[2023-07-12T06:38:35.042+0000] {processor.py:836} INFO - DAG(s) dict_keys(['example_branch_labels']) retrieved from /home/airflow/.local/lib/python3.7/site-packages/airflow/example_dags/example_branch_labels.py
[2023-07-12T06:38:35.085+0000] {logging_mixin.py:150} INFO - [2023-07-12T06:38:35.085+0000] {dag.py:2742} INFO - Sync 1 DAGs
[2023-07-12T06:38:35.123+0000] {logging_mixin.py:150} INFO - [2023-07-12T06:38:35.122+0000] {dag.py:3508} INFO - Setting next_dagrun for example_branch_labels to 2023-07-11T00:00:00+00:00, run_after=2023-07-12T00:00:00+00:00
[2023-07-12T06:38:35.151+0000] {processor.py:179} INFO - Processing /home/airflow/.local/lib/python3.7/site-packages/airflow/example_dags/example_branch_labels.py took 0.140 seconds
[2023-07-12T06:39:05.520+0000] {processor.py:157} INFO - Started process (PID=5005) to work on /home/airflow/.local/lib/python3.7/site-packages/airflow/example_dags/example_branch_labels.py
[2023-07-12T06:39:05.524+0000] {processor.py:826} INFO - Processing file /home/airflow/.local/lib/python3.7/site-packages/airflow/example_dags/example_branch_labels.py for tasks to queue
[2023-07-12T06:39:05.527+0000] {logging_mixin.py:150} INFO - [2023-07-12T06:39:05.527+0000] {dagbag.py:541} INFO - Filling up the DagBag from /home/airflow/.local/lib/python3.7/site-packages/airflow/example_dags/example_branch_labels.py
[2023-07-12T06:39:05.542+0000] {processor.py:836} INFO - DAG(s) dict_keys(['example_branch_labels']) retrieved from /home/airflow/.local/lib/python3.7/site-packages/airflow/example_dags/example_branch_labels.py
[2023-07-12T06:39:05.583+0000] {logging_mixin.py:150} INFO - [2023-07-12T06:39:05.583+0000] {dag.py:2742} INFO - Sync 1 DAGs
[2023-07-12T06:39:05.623+0000] {logging_mixin.py:150} INFO - [2023-07-12T06:39:05.623+0000] {dag.py:3508} INFO - Setting next_dagrun for example_branch_labels to 2023-07-11T00:00:00+00:00, run_after=2023-07-12T00:00:00+00:00
[2023-07-12T06:39:05.660+0000] {processor.py:179} INFO - Processing /home/airflow/.local/lib/python3.7/site-packages/airflow/example_dags/example_branch_labels.py took 0.146 seconds
[2023-07-12T06:39:36.305+0000] {processor.py:157} INFO - Started process (PID=5246) to work on /home/airflow/.local/lib/python3.7/site-packages/airflow/example_dags/example_branch_labels.py
[2023-07-12T06:39:36.308+0000] {processor.py:826} INFO - Processing file /home/airflow/.local/lib/python3.7/site-packages/airflow/example_dags/example_branch_labels.py for tasks to queue
[2023-07-12T06:39:36.310+0000] {logging_mixin.py:150} INFO - [2023-07-12T06:39:36.310+0000] {dagbag.py:541} INFO - Filling up the DagBag from /home/airflow/.local/lib/python3.7/site-packages/airflow/example_dags/example_branch_labels.py
[2023-07-12T06:39:36.322+0000] {processor.py:836} INFO - DAG(s) dict_keys(['example_branch_labels']) retrieved from /home/airflow/.local/lib/python3.7/site-packages/airflow/example_dags/example_branch_labels.py
[2023-07-12T06:39:36.366+0000] {logging_mixin.py:150} INFO - [2023-07-12T06:39:36.366+0000] {dag.py:2742} INFO - Sync 1 DAGs
[2023-07-12T06:39:36.410+0000] {logging_mixin.py:150} INFO - [2023-07-12T06:39:36.410+0000] {dag.py:3508} INFO - Setting next_dagrun for example_branch_labels to 2023-07-11T00:00:00+00:00, run_after=2023-07-12T00:00:00+00:00
[2023-07-12T06:39:36.441+0000] {processor.py:179} INFO - Processing /home/airflow/.local/lib/python3.7/site-packages/airflow/example_dags/example_branch_labels.py took 0.142 seconds
[2023-07-12T06:40:06.960+0000] {processor.py:157} INFO - Started process (PID=5487) to work on /home/airflow/.local/lib/python3.7/site-packages/airflow/example_dags/example_branch_labels.py
[2023-07-12T06:40:06.963+0000] {processor.py:826} INFO - Processing file /home/airflow/.local/lib/python3.7/site-packages/airflow/example_dags/example_branch_labels.py for tasks to queue
[2023-07-12T06:40:06.966+0000] {logging_mixin.py:150} INFO - [2023-07-12T06:40:06.966+0000] {dagbag.py:541} INFO - Filling up the DagBag from /home/airflow/.local/lib/python3.7/site-packages/airflow/example_dags/example_branch_labels.py
[2023-07-12T06:40:06.977+0000] {processor.py:836} INFO - DAG(s) dict_keys(['example_branch_labels']) retrieved from /home/airflow/.local/lib/python3.7/site-packages/airflow/example_dags/example_branch_labels.py
[2023-07-12T06:40:07.019+0000] {logging_mixin.py:150} INFO - [2023-07-12T06:40:07.019+0000] {dag.py:2742} INFO - Sync 1 DAGs
[2023-07-12T06:40:07.056+0000] {logging_mixin.py:150} INFO - [2023-07-12T06:40:07.055+0000] {dag.py:3508} INFO - Setting next_dagrun for example_branch_labels to 2023-07-11T00:00:00+00:00, run_after=2023-07-12T00:00:00+00:00
[2023-07-12T06:40:07.092+0000] {processor.py:179} INFO - Processing /home/airflow/.local/lib/python3.7/site-packages/airflow/example_dags/example_branch_labels.py took 0.136 seconds
[2023-07-12T06:40:37.615+0000] {processor.py:157} INFO - Started process (PID=5728) to work on /home/airflow/.local/lib/python3.7/site-packages/airflow/example_dags/example_branch_labels.py
[2023-07-12T06:40:37.618+0000] {processor.py:826} INFO - Processing file /home/airflow/.local/lib/python3.7/site-packages/airflow/example_dags/example_branch_labels.py for tasks to queue
[2023-07-12T06:40:37.620+0000] {logging_mixin.py:150} INFO - [2023-07-12T06:40:37.620+0000] {dagbag.py:541} INFO - Filling up the DagBag from /home/airflow/.local/lib/python3.7/site-packages/airflow/example_dags/example_branch_labels.py
[2023-07-12T06:40:37.632+0000] {processor.py:836} INFO - DAG(s) dict_keys(['example_branch_labels']) retrieved from /home/airflow/.local/lib/python3.7/site-packages/airflow/example_dags/example_branch_labels.py
[2023-07-12T06:40:37.667+0000] {logging_mixin.py:150} INFO - [2023-07-12T06:40:37.667+0000] {dag.py:2742} INFO - Sync 1 DAGs
[2023-07-12T06:40:37.703+0000] {logging_mixin.py:150} INFO - [2023-07-12T06:40:37.703+0000] {dag.py:3508} INFO - Setting next_dagrun for example_branch_labels to 2023-07-11T00:00:00+00:00, run_after=2023-07-12T00:00:00+00:00
[2023-07-12T06:40:37.733+0000] {processor.py:179} INFO - Processing /home/airflow/.local/lib/python3.7/site-packages/airflow/example_dags/example_branch_labels.py took 0.124 seconds
[2023-07-12T06:41:08.085+0000] {processor.py:157} INFO - Started process (PID=5969) to work on /home/airflow/.local/lib/python3.7/site-packages/airflow/example_dags/example_branch_labels.py
[2023-07-12T06:41:08.087+0000] {processor.py:826} INFO - Processing file /home/airflow/.local/lib/python3.7/site-packages/airflow/example_dags/example_branch_labels.py for tasks to queue
[2023-07-12T06:41:08.090+0000] {logging_mixin.py:150} INFO - [2023-07-12T06:41:08.090+0000] {dagbag.py:541} INFO - Filling up the DagBag from /home/airflow/.local/lib/python3.7/site-packages/airflow/example_dags/example_branch_labels.py
[2023-07-12T06:41:08.105+0000] {processor.py:836} INFO - DAG(s) dict_keys(['example_branch_labels']) retrieved from /home/airflow/.local/lib/python3.7/site-packages/airflow/example_dags/example_branch_labels.py
[2023-07-12T06:41:08.143+0000] {logging_mixin.py:150} INFO - [2023-07-12T06:41:08.143+0000] {dag.py:2742} INFO - Sync 1 DAGs
[2023-07-12T06:41:08.178+0000] {logging_mixin.py:150} INFO - [2023-07-12T06:41:08.178+0000] {dag.py:3508} INFO - Setting next_dagrun for example_branch_labels to 2023-07-11T00:00:00+00:00, run_after=2023-07-12T00:00:00+00:00
[2023-07-12T06:41:08.211+0000] {processor.py:179} INFO - Processing /home/airflow/.local/lib/python3.7/site-packages/airflow/example_dags/example_branch_labels.py took 0.133 seconds
[2023-07-12T06:41:38.391+0000] {processor.py:157} INFO - Started process (PID=6210) to work on /home/airflow/.local/lib/python3.7/site-packages/airflow/example_dags/example_branch_labels.py
[2023-07-12T06:41:38.394+0000] {processor.py:826} INFO - Processing file /home/airflow/.local/lib/python3.7/site-packages/airflow/example_dags/example_branch_labels.py for tasks to queue
[2023-07-12T06:41:38.399+0000] {logging_mixin.py:150} INFO - [2023-07-12T06:41:38.398+0000] {dagbag.py:541} INFO - Filling up the DagBag from /home/airflow/.local/lib/python3.7/site-packages/airflow/example_dags/example_branch_labels.py
[2023-07-12T06:41:38.414+0000] {processor.py:836} INFO - DAG(s) dict_keys(['example_branch_labels']) retrieved from /home/airflow/.local/lib/python3.7/site-packages/airflow/example_dags/example_branch_labels.py
[2023-07-12T06:41:38.455+0000] {logging_mixin.py:150} INFO - [2023-07-12T06:41:38.455+0000] {dag.py:2742} INFO - Sync 1 DAGs
[2023-07-12T06:41:38.490+0000] {logging_mixin.py:150} INFO - [2023-07-12T06:41:38.490+0000] {dag.py:3508} INFO - Setting next_dagrun for example_branch_labels to 2023-07-11T00:00:00+00:00, run_after=2023-07-12T00:00:00+00:00
[2023-07-12T06:41:38.520+0000] {processor.py:179} INFO - Processing /home/airflow/.local/lib/python3.7/site-packages/airflow/example_dags/example_branch_labels.py took 0.135 seconds
[2023-07-12T06:42:08.877+0000] {processor.py:157} INFO - Started process (PID=6452) to work on /home/airflow/.local/lib/python3.7/site-packages/airflow/example_dags/example_branch_labels.py
[2023-07-12T06:42:08.879+0000] {processor.py:826} INFO - Processing file /home/airflow/.local/lib/python3.7/site-packages/airflow/example_dags/example_branch_labels.py for tasks to queue
[2023-07-12T06:42:08.883+0000] {logging_mixin.py:150} INFO - [2023-07-12T06:42:08.882+0000] {dagbag.py:541} INFO - Filling up the DagBag from /home/airflow/.local/lib/python3.7/site-packages/airflow/example_dags/example_branch_labels.py
[2023-07-12T06:42:08.895+0000] {processor.py:836} INFO - DAG(s) dict_keys(['example_branch_labels']) retrieved from /home/airflow/.local/lib/python3.7/site-packages/airflow/example_dags/example_branch_labels.py
[2023-07-12T06:42:08.937+0000] {logging_mixin.py:150} INFO - [2023-07-12T06:42:08.937+0000] {dag.py:2742} INFO - Sync 1 DAGs
[2023-07-12T06:42:08.977+0000] {logging_mixin.py:150} INFO - [2023-07-12T06:42:08.977+0000] {dag.py:3508} INFO - Setting next_dagrun for example_branch_labels to 2023-07-11T00:00:00+00:00, run_after=2023-07-12T00:00:00+00:00
[2023-07-12T06:42:09.006+0000] {processor.py:179} INFO - Processing /home/airflow/.local/lib/python3.7/site-packages/airflow/example_dags/example_branch_labels.py took 0.134 seconds
[2023-07-12T06:42:39.527+0000] {processor.py:157} INFO - Started process (PID=6693) to work on /home/airflow/.local/lib/python3.7/site-packages/airflow/example_dags/example_branch_labels.py
[2023-07-12T06:42:39.529+0000] {processor.py:826} INFO - Processing file /home/airflow/.local/lib/python3.7/site-packages/airflow/example_dags/example_branch_labels.py for tasks to queue
[2023-07-12T06:42:39.531+0000] {logging_mixin.py:150} INFO - [2023-07-12T06:42:39.531+0000] {dagbag.py:541} INFO - Filling up the DagBag from /home/airflow/.local/lib/python3.7/site-packages/airflow/example_dags/example_branch_labels.py
[2023-07-12T06:42:39.543+0000] {processor.py:836} INFO - DAG(s) dict_keys(['example_branch_labels']) retrieved from /home/airflow/.local/lib/python3.7/site-packages/airflow/example_dags/example_branch_labels.py
[2023-07-12T06:42:39.579+0000] {logging_mixin.py:150} INFO - [2023-07-12T06:42:39.579+0000] {dag.py:2742} INFO - Sync 1 DAGs
[2023-07-12T06:42:39.615+0000] {logging_mixin.py:150} INFO - [2023-07-12T06:42:39.614+0000] {dag.py:3508} INFO - Setting next_dagrun for example_branch_labels to 2023-07-11T00:00:00+00:00, run_after=2023-07-12T00:00:00+00:00
[2023-07-12T06:42:39.646+0000] {processor.py:179} INFO - Processing /home/airflow/.local/lib/python3.7/site-packages/airflow/example_dags/example_branch_labels.py took 0.124 seconds
[2023-07-12T06:43:10.062+0000] {processor.py:157} INFO - Started process (PID=6934) to work on /home/airflow/.local/lib/python3.7/site-packages/airflow/example_dags/example_branch_labels.py
[2023-07-12T06:43:10.065+0000] {processor.py:826} INFO - Processing file /home/airflow/.local/lib/python3.7/site-packages/airflow/example_dags/example_branch_labels.py for tasks to queue
[2023-07-12T06:43:10.069+0000] {logging_mixin.py:150} INFO - [2023-07-12T06:43:10.068+0000] {dagbag.py:541} INFO - Filling up the DagBag from /home/airflow/.local/lib/python3.7/site-packages/airflow/example_dags/example_branch_labels.py
[2023-07-12T06:43:10.081+0000] {processor.py:836} INFO - DAG(s) dict_keys(['example_branch_labels']) retrieved from /home/airflow/.local/lib/python3.7/site-packages/airflow/example_dags/example_branch_labels.py
[2023-07-12T06:43:10.119+0000] {logging_mixin.py:150} INFO - [2023-07-12T06:43:10.119+0000] {dag.py:2742} INFO - Sync 1 DAGs
[2023-07-12T06:43:10.152+0000] {logging_mixin.py:150} INFO - [2023-07-12T06:43:10.152+0000] {dag.py:3508} INFO - Setting next_dagrun for example_branch_labels to 2023-07-11T00:00:00+00:00, run_after=2023-07-12T00:00:00+00:00
[2023-07-12T06:43:10.184+0000] {processor.py:179} INFO - Processing /home/airflow/.local/lib/python3.7/site-packages/airflow/example_dags/example_branch_labels.py took 0.128 seconds
[2023-07-12T06:43:41.199+0000] {processor.py:157} INFO - Started process (PID=7175) to work on /home/airflow/.local/lib/python3.7/site-packages/airflow/example_dags/example_branch_labels.py
[2023-07-12T06:43:41.201+0000] {processor.py:826} INFO - Processing file /home/airflow/.local/lib/python3.7/site-packages/airflow/example_dags/example_branch_labels.py for tasks to queue
[2023-07-12T06:43:41.204+0000] {logging_mixin.py:150} INFO - [2023-07-12T06:43:41.204+0000] {dagbag.py:541} INFO - Filling up the DagBag from /home/airflow/.local/lib/python3.7/site-packages/airflow/example_dags/example_branch_labels.py
[2023-07-12T06:43:41.217+0000] {processor.py:836} INFO - DAG(s) dict_keys(['example_branch_labels']) retrieved from /home/airflow/.local/lib/python3.7/site-packages/airflow/example_dags/example_branch_labels.py
[2023-07-12T06:43:41.258+0000] {logging_mixin.py:150} INFO - [2023-07-12T06:43:41.258+0000] {dag.py:2742} INFO - Sync 1 DAGs
[2023-07-12T06:43:41.292+0000] {logging_mixin.py:150} INFO - [2023-07-12T06:43:41.292+0000] {dag.py:3508} INFO - Setting next_dagrun for example_branch_labels to 2023-07-11T00:00:00+00:00, run_after=2023-07-12T00:00:00+00:00
[2023-07-12T06:43:41.320+0000] {processor.py:179} INFO - Processing /home/airflow/.local/lib/python3.7/site-packages/airflow/example_dags/example_branch_labels.py took 0.126 seconds
[2023-07-12T06:44:11.630+0000] {processor.py:157} INFO - Started process (PID=7417) to work on /home/airflow/.local/lib/python3.7/site-packages/airflow/example_dags/example_branch_labels.py
[2023-07-12T06:44:11.633+0000] {processor.py:826} INFO - Processing file /home/airflow/.local/lib/python3.7/site-packages/airflow/example_dags/example_branch_labels.py for tasks to queue
[2023-07-12T06:44:11.636+0000] {logging_mixin.py:150} INFO - [2023-07-12T06:44:11.636+0000] {dagbag.py:541} INFO - Filling up the DagBag from /home/airflow/.local/lib/python3.7/site-packages/airflow/example_dags/example_branch_labels.py
[2023-07-12T06:44:11.650+0000] {processor.py:836} INFO - DAG(s) dict_keys(['example_branch_labels']) retrieved from /home/airflow/.local/lib/python3.7/site-packages/airflow/example_dags/example_branch_labels.py
[2023-07-12T06:44:11.691+0000] {logging_mixin.py:150} INFO - [2023-07-12T06:44:11.690+0000] {dag.py:2742} INFO - Sync 1 DAGs
[2023-07-12T06:44:11.724+0000] {logging_mixin.py:150} INFO - [2023-07-12T06:44:11.724+0000] {dag.py:3508} INFO - Setting next_dagrun for example_branch_labels to 2023-07-11T00:00:00+00:00, run_after=2023-07-12T00:00:00+00:00
[2023-07-12T06:44:11.751+0000] {processor.py:179} INFO - Processing /home/airflow/.local/lib/python3.7/site-packages/airflow/example_dags/example_branch_labels.py took 0.127 seconds
[2023-07-12T06:44:41.857+0000] {processor.py:157} INFO - Started process (PID=7657) to work on /home/airflow/.local/lib/python3.7/site-packages/airflow/example_dags/example_branch_labels.py
[2023-07-12T06:44:41.860+0000] {processor.py:826} INFO - Processing file /home/airflow/.local/lib/python3.7/site-packages/airflow/example_dags/example_branch_labels.py for tasks to queue
[2023-07-12T06:44:41.864+0000] {logging_mixin.py:150} INFO - [2023-07-12T06:44:41.864+0000] {dagbag.py:541} INFO - Filling up the DagBag from /home/airflow/.local/lib/python3.7/site-packages/airflow/example_dags/example_branch_labels.py
[2023-07-12T06:44:41.877+0000] {processor.py:836} INFO - DAG(s) dict_keys(['example_branch_labels']) retrieved from /home/airflow/.local/lib/python3.7/site-packages/airflow/example_dags/example_branch_labels.py
[2023-07-12T06:44:41.918+0000] {logging_mixin.py:150} INFO - [2023-07-12T06:44:41.917+0000] {dag.py:2742} INFO - Sync 1 DAGs
[2023-07-12T06:44:41.951+0000] {logging_mixin.py:150} INFO - [2023-07-12T06:44:41.951+0000] {dag.py:3508} INFO - Setting next_dagrun for example_branch_labels to 2023-07-11T00:00:00+00:00, run_after=2023-07-12T00:00:00+00:00
[2023-07-12T06:44:41.977+0000] {processor.py:179} INFO - Processing /home/airflow/.local/lib/python3.7/site-packages/airflow/example_dags/example_branch_labels.py took 0.125 seconds
[2023-07-12T06:45:12.312+0000] {processor.py:157} INFO - Started process (PID=7898) to work on /home/airflow/.local/lib/python3.7/site-packages/airflow/example_dags/example_branch_labels.py
[2023-07-12T06:45:12.314+0000] {processor.py:826} INFO - Processing file /home/airflow/.local/lib/python3.7/site-packages/airflow/example_dags/example_branch_labels.py for tasks to queue
[2023-07-12T06:45:12.316+0000] {logging_mixin.py:150} INFO - [2023-07-12T06:45:12.316+0000] {dagbag.py:541} INFO - Filling up the DagBag from /home/airflow/.local/lib/python3.7/site-packages/airflow/example_dags/example_branch_labels.py
[2023-07-12T06:45:12.330+0000] {processor.py:836} INFO - DAG(s) dict_keys(['example_branch_labels']) retrieved from /home/airflow/.local/lib/python3.7/site-packages/airflow/example_dags/example_branch_labels.py
[2023-07-12T06:45:12.365+0000] {logging_mixin.py:150} INFO - [2023-07-12T06:45:12.365+0000] {dag.py:2742} INFO - Sync 1 DAGs
[2023-07-12T06:45:12.401+0000] {logging_mixin.py:150} INFO - [2023-07-12T06:45:12.401+0000] {dag.py:3508} INFO - Setting next_dagrun for example_branch_labels to 2023-07-11T00:00:00+00:00, run_after=2023-07-12T00:00:00+00:00
[2023-07-12T06:45:12.432+0000] {processor.py:179} INFO - Processing /home/airflow/.local/lib/python3.7/site-packages/airflow/example_dags/example_branch_labels.py took 0.125 seconds
[2023-07-12T06:45:42.496+0000] {processor.py:157} INFO - Started process (PID=8134) to work on /home/airflow/.local/lib/python3.7/site-packages/airflow/example_dags/example_branch_labels.py
[2023-07-12T06:45:42.499+0000] {processor.py:826} INFO - Processing file /home/airflow/.local/lib/python3.7/site-packages/airflow/example_dags/example_branch_labels.py for tasks to queue
[2023-07-12T06:45:42.501+0000] {logging_mixin.py:150} INFO - [2023-07-12T06:45:42.500+0000] {dagbag.py:541} INFO - Filling up the DagBag from /home/airflow/.local/lib/python3.7/site-packages/airflow/example_dags/example_branch_labels.py
[2023-07-12T06:45:42.511+0000] {processor.py:836} INFO - DAG(s) dict_keys(['example_branch_labels']) retrieved from /home/airflow/.local/lib/python3.7/site-packages/airflow/example_dags/example_branch_labels.py
[2023-07-12T06:45:42.543+0000] {logging_mixin.py:150} INFO - [2023-07-12T06:45:42.543+0000] {dag.py:2742} INFO - Sync 1 DAGs
[2023-07-12T06:45:42.577+0000] {logging_mixin.py:150} INFO - [2023-07-12T06:45:42.576+0000] {dag.py:3508} INFO - Setting next_dagrun for example_branch_labels to 2023-07-11T00:00:00+00:00, run_after=2023-07-12T00:00:00+00:00
[2023-07-12T06:45:42.601+0000] {processor.py:179} INFO - Processing /home/airflow/.local/lib/python3.7/site-packages/airflow/example_dags/example_branch_labels.py took 0.110 seconds
[2023-07-12T06:46:12.789+0000] {processor.py:157} INFO - Started process (PID=8375) to work on /home/airflow/.local/lib/python3.7/site-packages/airflow/example_dags/example_branch_labels.py
[2023-07-12T06:46:12.792+0000] {processor.py:826} INFO - Processing file /home/airflow/.local/lib/python3.7/site-packages/airflow/example_dags/example_branch_labels.py for tasks to queue
[2023-07-12T06:46:12.794+0000] {logging_mixin.py:150} INFO - [2023-07-12T06:46:12.794+0000] {dagbag.py:541} INFO - Filling up the DagBag from /home/airflow/.local/lib/python3.7/site-packages/airflow/example_dags/example_branch_labels.py
[2023-07-12T06:46:12.806+0000] {processor.py:836} INFO - DAG(s) dict_keys(['example_branch_labels']) retrieved from /home/airflow/.local/lib/python3.7/site-packages/airflow/example_dags/example_branch_labels.py
[2023-07-12T06:46:12.838+0000] {logging_mixin.py:150} INFO - [2023-07-12T06:46:12.838+0000] {dag.py:2742} INFO - Sync 1 DAGs
[2023-07-12T06:46:12.871+0000] {logging_mixin.py:150} INFO - [2023-07-12T06:46:12.870+0000] {dag.py:3508} INFO - Setting next_dagrun for example_branch_labels to 2023-07-11T00:00:00+00:00, run_after=2023-07-12T00:00:00+00:00
[2023-07-12T06:46:12.896+0000] {processor.py:179} INFO - Processing /home/airflow/.local/lib/python3.7/site-packages/airflow/example_dags/example_branch_labels.py took 0.111 seconds
[2023-07-12T06:46:43.149+0000] {processor.py:157} INFO - Started process (PID=8616) to work on /home/airflow/.local/lib/python3.7/site-packages/airflow/example_dags/example_branch_labels.py
[2023-07-12T06:46:43.151+0000] {processor.py:826} INFO - Processing file /home/airflow/.local/lib/python3.7/site-packages/airflow/example_dags/example_branch_labels.py for tasks to queue
[2023-07-12T06:46:43.153+0000] {logging_mixin.py:150} INFO - [2023-07-12T06:46:43.153+0000] {dagbag.py:541} INFO - Filling up the DagBag from /home/airflow/.local/lib/python3.7/site-packages/airflow/example_dags/example_branch_labels.py
[2023-07-12T06:46:43.164+0000] {processor.py:836} INFO - DAG(s) dict_keys(['example_branch_labels']) retrieved from /home/airflow/.local/lib/python3.7/site-packages/airflow/example_dags/example_branch_labels.py
[2023-07-12T06:46:43.195+0000] {logging_mixin.py:150} INFO - [2023-07-12T06:46:43.195+0000] {dag.py:2742} INFO - Sync 1 DAGs
[2023-07-12T06:46:43.228+0000] {logging_mixin.py:150} INFO - [2023-07-12T06:46:43.228+0000] {dag.py:3508} INFO - Setting next_dagrun for example_branch_labels to 2023-07-11T00:00:00+00:00, run_after=2023-07-12T00:00:00+00:00
[2023-07-12T06:46:43.253+0000] {processor.py:179} INFO - Processing /home/airflow/.local/lib/python3.7/site-packages/airflow/example_dags/example_branch_labels.py took 0.109 seconds
[2023-07-12T06:47:13.703+0000] {processor.py:157} INFO - Started process (PID=8856) to work on /home/airflow/.local/lib/python3.7/site-packages/airflow/example_dags/example_branch_labels.py
[2023-07-12T06:47:13.705+0000] {processor.py:826} INFO - Processing file /home/airflow/.local/lib/python3.7/site-packages/airflow/example_dags/example_branch_labels.py for tasks to queue
[2023-07-12T06:47:13.707+0000] {logging_mixin.py:150} INFO - [2023-07-12T06:47:13.707+0000] {dagbag.py:541} INFO - Filling up the DagBag from /home/airflow/.local/lib/python3.7/site-packages/airflow/example_dags/example_branch_labels.py
[2023-07-12T06:47:13.718+0000] {processor.py:836} INFO - DAG(s) dict_keys(['example_branch_labels']) retrieved from /home/airflow/.local/lib/python3.7/site-packages/airflow/example_dags/example_branch_labels.py
[2023-07-12T06:47:13.750+0000] {logging_mixin.py:150} INFO - [2023-07-12T06:47:13.750+0000] {dag.py:2742} INFO - Sync 1 DAGs
[2023-07-12T06:47:13.785+0000] {logging_mixin.py:150} INFO - [2023-07-12T06:47:13.784+0000] {dag.py:3508} INFO - Setting next_dagrun for example_branch_labels to 2023-07-11T00:00:00+00:00, run_after=2023-07-12T00:00:00+00:00
[2023-07-12T06:47:13.810+0000] {processor.py:179} INFO - Processing /home/airflow/.local/lib/python3.7/site-packages/airflow/example_dags/example_branch_labels.py took 0.111 seconds
[2023-07-12T06:47:44.770+0000] {processor.py:157} INFO - Started process (PID=9096) to work on /home/airflow/.local/lib/python3.7/site-packages/airflow/example_dags/example_branch_labels.py
[2023-07-12T06:47:44.773+0000] {processor.py:826} INFO - Processing file /home/airflow/.local/lib/python3.7/site-packages/airflow/example_dags/example_branch_labels.py for tasks to queue
[2023-07-12T06:47:44.778+0000] {logging_mixin.py:150} INFO - [2023-07-12T06:47:44.778+0000] {dagbag.py:541} INFO - Filling up the DagBag from /home/airflow/.local/lib/python3.7/site-packages/airflow/example_dags/example_branch_labels.py
[2023-07-12T06:47:44.794+0000] {processor.py:836} INFO - DAG(s) dict_keys(['example_branch_labels']) retrieved from /home/airflow/.local/lib/python3.7/site-packages/airflow/example_dags/example_branch_labels.py
[2023-07-12T06:47:44.835+0000] {logging_mixin.py:150} INFO - [2023-07-12T06:47:44.834+0000] {dag.py:2742} INFO - Sync 1 DAGs
[2023-07-12T06:47:44.878+0000] {logging_mixin.py:150} INFO - [2023-07-12T06:47:44.878+0000] {dag.py:3508} INFO - Setting next_dagrun for example_branch_labels to 2023-07-11T00:00:00+00:00, run_after=2023-07-12T00:00:00+00:00
[2023-07-12T06:47:44.919+0000] {processor.py:179} INFO - Processing /home/airflow/.local/lib/python3.7/site-packages/airflow/example_dags/example_branch_labels.py took 0.155 seconds
[2023-07-12T06:48:15.464+0000] {processor.py:157} INFO - Started process (PID=9337) to work on /home/airflow/.local/lib/python3.7/site-packages/airflow/example_dags/example_branch_labels.py
[2023-07-12T06:48:15.467+0000] {processor.py:826} INFO - Processing file /home/airflow/.local/lib/python3.7/site-packages/airflow/example_dags/example_branch_labels.py for tasks to queue
[2023-07-12T06:48:15.470+0000] {logging_mixin.py:150} INFO - [2023-07-12T06:48:15.470+0000] {dagbag.py:541} INFO - Filling up the DagBag from /home/airflow/.local/lib/python3.7/site-packages/airflow/example_dags/example_branch_labels.py
[2023-07-12T06:48:15.485+0000] {processor.py:836} INFO - DAG(s) dict_keys(['example_branch_labels']) retrieved from /home/airflow/.local/lib/python3.7/site-packages/airflow/example_dags/example_branch_labels.py
[2023-07-12T06:48:15.527+0000] {logging_mixin.py:150} INFO - [2023-07-12T06:48:15.526+0000] {dag.py:2742} INFO - Sync 1 DAGs
[2023-07-12T06:48:15.573+0000] {logging_mixin.py:150} INFO - [2023-07-12T06:48:15.572+0000] {dag.py:3508} INFO - Setting next_dagrun for example_branch_labels to 2023-07-11T00:00:00+00:00, run_after=2023-07-12T00:00:00+00:00
[2023-07-12T06:48:15.615+0000] {processor.py:179} INFO - Processing /home/airflow/.local/lib/python3.7/site-packages/airflow/example_dags/example_branch_labels.py took 0.159 seconds
[2023-07-12T06:48:46.004+0000] {processor.py:157} INFO - Started process (PID=9578) to work on /home/airflow/.local/lib/python3.7/site-packages/airflow/example_dags/example_branch_labels.py
[2023-07-12T06:48:46.008+0000] {processor.py:826} INFO - Processing file /home/airflow/.local/lib/python3.7/site-packages/airflow/example_dags/example_branch_labels.py for tasks to queue
[2023-07-12T06:48:46.011+0000] {logging_mixin.py:150} INFO - [2023-07-12T06:48:46.011+0000] {dagbag.py:541} INFO - Filling up the DagBag from /home/airflow/.local/lib/python3.7/site-packages/airflow/example_dags/example_branch_labels.py
[2023-07-12T06:48:46.024+0000] {processor.py:836} INFO - DAG(s) dict_keys(['example_branch_labels']) retrieved from /home/airflow/.local/lib/python3.7/site-packages/airflow/example_dags/example_branch_labels.py
[2023-07-12T06:48:46.060+0000] {logging_mixin.py:150} INFO - [2023-07-12T06:48:46.060+0000] {dag.py:2742} INFO - Sync 1 DAGs
[2023-07-12T06:48:46.099+0000] {logging_mixin.py:150} INFO - [2023-07-12T06:48:46.099+0000] {dag.py:3508} INFO - Setting next_dagrun for example_branch_labels to 2023-07-11T00:00:00+00:00, run_after=2023-07-12T00:00:00+00:00
[2023-07-12T06:48:46.126+0000] {processor.py:179} INFO - Processing /home/airflow/.local/lib/python3.7/site-packages/airflow/example_dags/example_branch_labels.py took 0.129 seconds
[2023-07-12T06:49:16.662+0000] {processor.py:157} INFO - Started process (PID=9818) to work on /home/airflow/.local/lib/python3.7/site-packages/airflow/example_dags/example_branch_labels.py
[2023-07-12T06:49:16.664+0000] {processor.py:826} INFO - Processing file /home/airflow/.local/lib/python3.7/site-packages/airflow/example_dags/example_branch_labels.py for tasks to queue
[2023-07-12T06:49:16.669+0000] {logging_mixin.py:150} INFO - [2023-07-12T06:49:16.668+0000] {dagbag.py:541} INFO - Filling up the DagBag from /home/airflow/.local/lib/python3.7/site-packages/airflow/example_dags/example_branch_labels.py
[2023-07-12T06:49:16.683+0000] {processor.py:836} INFO - DAG(s) dict_keys(['example_branch_labels']) retrieved from /home/airflow/.local/lib/python3.7/site-packages/airflow/example_dags/example_branch_labels.py
[2023-07-12T06:49:16.734+0000] {logging_mixin.py:150} INFO - [2023-07-12T06:49:16.734+0000] {dag.py:2742} INFO - Sync 1 DAGs
[2023-07-12T06:49:16.789+0000] {logging_mixin.py:150} INFO - [2023-07-12T06:49:16.789+0000] {dag.py:3508} INFO - Setting next_dagrun for example_branch_labels to 2023-07-11T00:00:00+00:00, run_after=2023-07-12T00:00:00+00:00
[2023-07-12T06:49:16.828+0000] {processor.py:179} INFO - Processing /home/airflow/.local/lib/python3.7/site-packages/airflow/example_dags/example_branch_labels.py took 0.172 seconds
[2023-07-12T06:49:47.340+0000] {processor.py:157} INFO - Started process (PID=10060) to work on /home/airflow/.local/lib/python3.7/site-packages/airflow/example_dags/example_branch_labels.py
[2023-07-12T06:49:47.343+0000] {processor.py:826} INFO - Processing file /home/airflow/.local/lib/python3.7/site-packages/airflow/example_dags/example_branch_labels.py for tasks to queue
[2023-07-12T06:49:47.346+0000] {logging_mixin.py:150} INFO - [2023-07-12T06:49:47.345+0000] {dagbag.py:541} INFO - Filling up the DagBag from /home/airflow/.local/lib/python3.7/site-packages/airflow/example_dags/example_branch_labels.py
[2023-07-12T06:49:47.358+0000] {processor.py:836} INFO - DAG(s) dict_keys(['example_branch_labels']) retrieved from /home/airflow/.local/lib/python3.7/site-packages/airflow/example_dags/example_branch_labels.py
[2023-07-12T06:49:47.394+0000] {logging_mixin.py:150} INFO - [2023-07-12T06:49:47.394+0000] {dag.py:2742} INFO - Sync 1 DAGs
[2023-07-12T06:49:47.430+0000] {logging_mixin.py:150} INFO - [2023-07-12T06:49:47.429+0000] {dag.py:3508} INFO - Setting next_dagrun for example_branch_labels to 2023-07-11T00:00:00+00:00, run_after=2023-07-12T00:00:00+00:00
[2023-07-12T06:49:47.456+0000] {processor.py:179} INFO - Processing /home/airflow/.local/lib/python3.7/site-packages/airflow/example_dags/example_branch_labels.py took 0.122 seconds
[2023-07-12T06:50:18.197+0000] {processor.py:157} INFO - Started process (PID=10301) to work on /home/airflow/.local/lib/python3.7/site-packages/airflow/example_dags/example_branch_labels.py
[2023-07-12T06:50:18.206+0000] {processor.py:826} INFO - Processing file /home/airflow/.local/lib/python3.7/site-packages/airflow/example_dags/example_branch_labels.py for tasks to queue
[2023-07-12T06:50:18.213+0000] {logging_mixin.py:150} INFO - [2023-07-12T06:50:18.211+0000] {dagbag.py:541} INFO - Filling up the DagBag from /home/airflow/.local/lib/python3.7/site-packages/airflow/example_dags/example_branch_labels.py
[2023-07-12T06:50:18.242+0000] {processor.py:836} INFO - DAG(s) dict_keys(['example_branch_labels']) retrieved from /home/airflow/.local/lib/python3.7/site-packages/airflow/example_dags/example_branch_labels.py
[2023-07-12T06:50:18.311+0000] {logging_mixin.py:150} INFO - [2023-07-12T06:50:18.311+0000] {dag.py:2742} INFO - Sync 1 DAGs
[2023-07-12T06:50:18.381+0000] {logging_mixin.py:150} INFO - [2023-07-12T06:50:18.381+0000] {dag.py:3508} INFO - Setting next_dagrun for example_branch_labels to 2023-07-11T00:00:00+00:00, run_after=2023-07-12T00:00:00+00:00
[2023-07-12T06:50:18.423+0000] {processor.py:179} INFO - Processing /home/airflow/.local/lib/python3.7/site-packages/airflow/example_dags/example_branch_labels.py took 0.253 seconds
