[2023-07-12T06:29:16.289+0000] {processor.py:157} INFO - Started process (PID=213) to work on /home/airflow/.local/lib/python3.7/site-packages/airflow/example_dags/example_trigger_target_dag.py
[2023-07-12T06:29:16.292+0000] {processor.py:826} INFO - Processing file /home/airflow/.local/lib/python3.7/site-packages/airflow/example_dags/example_trigger_target_dag.py for tasks to queue
[2023-07-12T06:29:16.294+0000] {logging_mixin.py:150} INFO - [2023-07-12T06:29:16.294+0000] {dagbag.py:541} INFO - Filling up the DagBag from /home/airflow/.local/lib/python3.7/site-packages/airflow/example_dags/example_trigger_target_dag.py
[2023-07-12T06:29:16.497+0000] {processor.py:836} INFO - DAG(s) dict_keys(['example_trigger_target_dag']) retrieved from /home/airflow/.local/lib/python3.7/site-packages/airflow/example_dags/example_trigger_target_dag.py
[2023-07-12T06:29:16.562+0000] {logging_mixin.py:150} INFO - [2023-07-12T06:29:16.562+0000] {dag.py:2742} INFO - Sync 1 DAGs
[2023-07-12T06:29:16.598+0000] {logging_mixin.py:150} INFO - [2023-07-12T06:29:16.598+0000] {dag.py:3508} INFO - Setting next_dagrun for example_trigger_target_dag to None, run_after=None
[2023-07-12T06:29:16.632+0000] {processor.py:179} INFO - Processing /home/airflow/.local/lib/python3.7/site-packages/airflow/example_dags/example_trigger_target_dag.py took 0.350 seconds
[2023-07-12T06:29:47.253+0000] {processor.py:157} INFO - Started process (PID=454) to work on /home/airflow/.local/lib/python3.7/site-packages/airflow/example_dags/example_trigger_target_dag.py
[2023-07-12T06:29:47.257+0000] {processor.py:826} INFO - Processing file /home/airflow/.local/lib/python3.7/site-packages/airflow/example_dags/example_trigger_target_dag.py for tasks to queue
[2023-07-12T06:29:47.259+0000] {logging_mixin.py:150} INFO - [2023-07-12T06:29:47.259+0000] {dagbag.py:541} INFO - Filling up the DagBag from /home/airflow/.local/lib/python3.7/site-packages/airflow/example_dags/example_trigger_target_dag.py
[2023-07-12T06:29:47.268+0000] {processor.py:836} INFO - DAG(s) dict_keys(['example_trigger_target_dag']) retrieved from /home/airflow/.local/lib/python3.7/site-packages/airflow/example_dags/example_trigger_target_dag.py
[2023-07-12T06:29:47.305+0000] {logging_mixin.py:150} INFO - [2023-07-12T06:29:47.304+0000] {dag.py:2742} INFO - Sync 1 DAGs
[2023-07-12T06:29:47.343+0000] {logging_mixin.py:150} INFO - [2023-07-12T06:29:47.343+0000] {dag.py:3508} INFO - Setting next_dagrun for example_trigger_target_dag to None, run_after=None
[2023-07-12T06:29:47.378+0000] {processor.py:179} INFO - Processing /home/airflow/.local/lib/python3.7/site-packages/airflow/example_dags/example_trigger_target_dag.py took 0.130 seconds
[2023-07-12T06:30:17.836+0000] {processor.py:157} INFO - Started process (PID=695) to work on /home/airflow/.local/lib/python3.7/site-packages/airflow/example_dags/example_trigger_target_dag.py
[2023-07-12T06:30:17.839+0000] {processor.py:826} INFO - Processing file /home/airflow/.local/lib/python3.7/site-packages/airflow/example_dags/example_trigger_target_dag.py for tasks to queue
[2023-07-12T06:30:17.848+0000] {logging_mixin.py:150} INFO - [2023-07-12T06:30:17.847+0000] {dagbag.py:541} INFO - Filling up the DagBag from /home/airflow/.local/lib/python3.7/site-packages/airflow/example_dags/example_trigger_target_dag.py
[2023-07-12T06:30:17.870+0000] {processor.py:836} INFO - DAG(s) dict_keys(['example_trigger_target_dag']) retrieved from /home/airflow/.local/lib/python3.7/site-packages/airflow/example_dags/example_trigger_target_dag.py
[2023-07-12T06:30:17.920+0000] {logging_mixin.py:150} INFO - [2023-07-12T06:30:17.920+0000] {dag.py:2742} INFO - Sync 1 DAGs
[2023-07-12T06:30:17.956+0000] {logging_mixin.py:150} INFO - [2023-07-12T06:30:17.955+0000] {dag.py:3508} INFO - Setting next_dagrun for example_trigger_target_dag to None, run_after=None
[2023-07-12T06:30:17.990+0000] {processor.py:179} INFO - Processing /home/airflow/.local/lib/python3.7/site-packages/airflow/example_dags/example_trigger_target_dag.py took 0.159 seconds
[2023-07-12T06:30:48.682+0000] {processor.py:157} INFO - Started process (PID=936) to work on /home/airflow/.local/lib/python3.7/site-packages/airflow/example_dags/example_trigger_target_dag.py
[2023-07-12T06:30:48.685+0000] {processor.py:826} INFO - Processing file /home/airflow/.local/lib/python3.7/site-packages/airflow/example_dags/example_trigger_target_dag.py for tasks to queue
[2023-07-12T06:30:48.688+0000] {logging_mixin.py:150} INFO - [2023-07-12T06:30:48.688+0000] {dagbag.py:541} INFO - Filling up the DagBag from /home/airflow/.local/lib/python3.7/site-packages/airflow/example_dags/example_trigger_target_dag.py
[2023-07-12T06:30:48.704+0000] {processor.py:836} INFO - DAG(s) dict_keys(['example_trigger_target_dag']) retrieved from /home/airflow/.local/lib/python3.7/site-packages/airflow/example_dags/example_trigger_target_dag.py
[2023-07-12T06:30:48.776+0000] {logging_mixin.py:150} INFO - [2023-07-12T06:30:48.776+0000] {dag.py:2742} INFO - Sync 1 DAGs
[2023-07-12T06:30:48.828+0000] {logging_mixin.py:150} INFO - [2023-07-12T06:30:48.828+0000] {dag.py:3508} INFO - Setting next_dagrun for example_trigger_target_dag to None, run_after=None
[2023-07-12T06:30:48.866+0000] {processor.py:179} INFO - Processing /home/airflow/.local/lib/python3.7/site-packages/airflow/example_dags/example_trigger_target_dag.py took 0.193 seconds
[2023-07-12T06:31:19.005+0000] {processor.py:157} INFO - Started process (PID=1219) to work on /home/airflow/.local/lib/python3.7/site-packages/airflow/example_dags/example_trigger_target_dag.py
[2023-07-12T06:31:19.007+0000] {processor.py:826} INFO - Processing file /home/airflow/.local/lib/python3.7/site-packages/airflow/example_dags/example_trigger_target_dag.py for tasks to queue
[2023-07-12T06:31:19.010+0000] {logging_mixin.py:150} INFO - [2023-07-12T06:31:19.010+0000] {dagbag.py:541} INFO - Filling up the DagBag from /home/airflow/.local/lib/python3.7/site-packages/airflow/example_dags/example_trigger_target_dag.py
[2023-07-12T06:31:19.025+0000] {processor.py:836} INFO - DAG(s) dict_keys(['example_trigger_target_dag']) retrieved from /home/airflow/.local/lib/python3.7/site-packages/airflow/example_dags/example_trigger_target_dag.py
[2023-07-12T06:31:19.084+0000] {logging_mixin.py:150} INFO - [2023-07-12T06:31:19.083+0000] {dag.py:2742} INFO - Sync 1 DAGs
[2023-07-12T06:31:19.131+0000] {logging_mixin.py:150} INFO - [2023-07-12T06:31:19.131+0000] {dag.py:3508} INFO - Setting next_dagrun for example_trigger_target_dag to None, run_after=None
[2023-07-12T06:31:19.170+0000] {processor.py:179} INFO - Processing /home/airflow/.local/lib/python3.7/site-packages/airflow/example_dags/example_trigger_target_dag.py took 0.173 seconds
[2023-07-12T06:31:49.466+0000] {processor.py:157} INFO - Started process (PID=1460) to work on /home/airflow/.local/lib/python3.7/site-packages/airflow/example_dags/example_trigger_target_dag.py
[2023-07-12T06:31:49.469+0000] {processor.py:826} INFO - Processing file /home/airflow/.local/lib/python3.7/site-packages/airflow/example_dags/example_trigger_target_dag.py for tasks to queue
[2023-07-12T06:31:49.471+0000] {logging_mixin.py:150} INFO - [2023-07-12T06:31:49.471+0000] {dagbag.py:541} INFO - Filling up the DagBag from /home/airflow/.local/lib/python3.7/site-packages/airflow/example_dags/example_trigger_target_dag.py
[2023-07-12T06:31:49.482+0000] {processor.py:836} INFO - DAG(s) dict_keys(['example_trigger_target_dag']) retrieved from /home/airflow/.local/lib/python3.7/site-packages/airflow/example_dags/example_trigger_target_dag.py
[2023-07-12T06:31:49.520+0000] {logging_mixin.py:150} INFO - [2023-07-12T06:31:49.520+0000] {dag.py:2742} INFO - Sync 1 DAGs
[2023-07-12T06:31:49.557+0000] {logging_mixin.py:150} INFO - [2023-07-12T06:31:49.557+0000] {dag.py:3508} INFO - Setting next_dagrun for example_trigger_target_dag to None, run_after=None
[2023-07-12T06:31:49.589+0000] {processor.py:179} INFO - Processing /home/airflow/.local/lib/python3.7/site-packages/airflow/example_dags/example_trigger_target_dag.py took 0.130 seconds
[2023-07-12T06:32:19.806+0000] {processor.py:157} INFO - Started process (PID=1701) to work on /home/airflow/.local/lib/python3.7/site-packages/airflow/example_dags/example_trigger_target_dag.py
[2023-07-12T06:32:19.810+0000] {processor.py:826} INFO - Processing file /home/airflow/.local/lib/python3.7/site-packages/airflow/example_dags/example_trigger_target_dag.py for tasks to queue
[2023-07-12T06:32:19.813+0000] {logging_mixin.py:150} INFO - [2023-07-12T06:32:19.813+0000] {dagbag.py:541} INFO - Filling up the DagBag from /home/airflow/.local/lib/python3.7/site-packages/airflow/example_dags/example_trigger_target_dag.py
[2023-07-12T06:32:19.824+0000] {processor.py:836} INFO - DAG(s) dict_keys(['example_trigger_target_dag']) retrieved from /home/airflow/.local/lib/python3.7/site-packages/airflow/example_dags/example_trigger_target_dag.py
[2023-07-12T06:32:19.859+0000] {logging_mixin.py:150} INFO - [2023-07-12T06:32:19.859+0000] {dag.py:2742} INFO - Sync 1 DAGs
[2023-07-12T06:32:19.897+0000] {logging_mixin.py:150} INFO - [2023-07-12T06:32:19.897+0000] {dag.py:3508} INFO - Setting next_dagrun for example_trigger_target_dag to None, run_after=None
[2023-07-12T06:32:19.927+0000] {processor.py:179} INFO - Processing /home/airflow/.local/lib/python3.7/site-packages/airflow/example_dags/example_trigger_target_dag.py took 0.127 seconds
[2023-07-12T06:32:50.536+0000] {processor.py:157} INFO - Started process (PID=1942) to work on /home/airflow/.local/lib/python3.7/site-packages/airflow/example_dags/example_trigger_target_dag.py
[2023-07-12T06:32:50.538+0000] {processor.py:826} INFO - Processing file /home/airflow/.local/lib/python3.7/site-packages/airflow/example_dags/example_trigger_target_dag.py for tasks to queue
[2023-07-12T06:32:50.540+0000] {logging_mixin.py:150} INFO - [2023-07-12T06:32:50.540+0000] {dagbag.py:541} INFO - Filling up the DagBag from /home/airflow/.local/lib/python3.7/site-packages/airflow/example_dags/example_trigger_target_dag.py
[2023-07-12T06:32:50.551+0000] {processor.py:836} INFO - DAG(s) dict_keys(['example_trigger_target_dag']) retrieved from /home/airflow/.local/lib/python3.7/site-packages/airflow/example_dags/example_trigger_target_dag.py
[2023-07-12T06:32:50.587+0000] {logging_mixin.py:150} INFO - [2023-07-12T06:32:50.586+0000] {dag.py:2742} INFO - Sync 1 DAGs
[2023-07-12T06:32:50.623+0000] {logging_mixin.py:150} INFO - [2023-07-12T06:32:50.623+0000] {dag.py:3508} INFO - Setting next_dagrun for example_trigger_target_dag to None, run_after=None
[2023-07-12T06:32:50.652+0000] {processor.py:179} INFO - Processing /home/airflow/.local/lib/python3.7/site-packages/airflow/example_dags/example_trigger_target_dag.py took 0.121 seconds
[2023-07-12T06:33:21.198+0000] {processor.py:157} INFO - Started process (PID=2183) to work on /home/airflow/.local/lib/python3.7/site-packages/airflow/example_dags/example_trigger_target_dag.py
[2023-07-12T06:33:21.201+0000] {processor.py:826} INFO - Processing file /home/airflow/.local/lib/python3.7/site-packages/airflow/example_dags/example_trigger_target_dag.py for tasks to queue
[2023-07-12T06:33:21.203+0000] {logging_mixin.py:150} INFO - [2023-07-12T06:33:21.202+0000] {dagbag.py:541} INFO - Filling up the DagBag from /home/airflow/.local/lib/python3.7/site-packages/airflow/example_dags/example_trigger_target_dag.py
[2023-07-12T06:33:21.213+0000] {processor.py:836} INFO - DAG(s) dict_keys(['example_trigger_target_dag']) retrieved from /home/airflow/.local/lib/python3.7/site-packages/airflow/example_dags/example_trigger_target_dag.py
[2023-07-12T06:33:21.250+0000] {logging_mixin.py:150} INFO - [2023-07-12T06:33:21.250+0000] {dag.py:2742} INFO - Sync 1 DAGs
[2023-07-12T06:33:21.287+0000] {logging_mixin.py:150} INFO - [2023-07-12T06:33:21.287+0000] {dag.py:3508} INFO - Setting next_dagrun for example_trigger_target_dag to None, run_after=None
[2023-07-12T06:33:21.317+0000] {processor.py:179} INFO - Processing /home/airflow/.local/lib/python3.7/site-packages/airflow/example_dags/example_trigger_target_dag.py took 0.125 seconds
[2023-07-12T06:33:51.618+0000] {processor.py:157} INFO - Started process (PID=2424) to work on /home/airflow/.local/lib/python3.7/site-packages/airflow/example_dags/example_trigger_target_dag.py
[2023-07-12T06:33:51.621+0000] {processor.py:826} INFO - Processing file /home/airflow/.local/lib/python3.7/site-packages/airflow/example_dags/example_trigger_target_dag.py for tasks to queue
[2023-07-12T06:33:51.622+0000] {logging_mixin.py:150} INFO - [2023-07-12T06:33:51.622+0000] {dagbag.py:541} INFO - Filling up the DagBag from /home/airflow/.local/lib/python3.7/site-packages/airflow/example_dags/example_trigger_target_dag.py
[2023-07-12T06:33:51.633+0000] {processor.py:836} INFO - DAG(s) dict_keys(['example_trigger_target_dag']) retrieved from /home/airflow/.local/lib/python3.7/site-packages/airflow/example_dags/example_trigger_target_dag.py
[2023-07-12T06:33:51.671+0000] {logging_mixin.py:150} INFO - [2023-07-12T06:33:51.671+0000] {dag.py:2742} INFO - Sync 1 DAGs
[2023-07-12T06:33:51.707+0000] {logging_mixin.py:150} INFO - [2023-07-12T06:33:51.707+0000] {dag.py:3508} INFO - Setting next_dagrun for example_trigger_target_dag to None, run_after=None
[2023-07-12T06:33:51.740+0000] {processor.py:179} INFO - Processing /home/airflow/.local/lib/python3.7/site-packages/airflow/example_dags/example_trigger_target_dag.py took 0.129 seconds
[2023-07-12T06:34:22.142+0000] {processor.py:157} INFO - Started process (PID=2665) to work on /home/airflow/.local/lib/python3.7/site-packages/airflow/example_dags/example_trigger_target_dag.py
[2023-07-12T06:34:22.145+0000] {processor.py:826} INFO - Processing file /home/airflow/.local/lib/python3.7/site-packages/airflow/example_dags/example_trigger_target_dag.py for tasks to queue
[2023-07-12T06:34:22.147+0000] {logging_mixin.py:150} INFO - [2023-07-12T06:34:22.147+0000] {dagbag.py:541} INFO - Filling up the DagBag from /home/airflow/.local/lib/python3.7/site-packages/airflow/example_dags/example_trigger_target_dag.py
[2023-07-12T06:34:22.160+0000] {processor.py:836} INFO - DAG(s) dict_keys(['example_trigger_target_dag']) retrieved from /home/airflow/.local/lib/python3.7/site-packages/airflow/example_dags/example_trigger_target_dag.py
[2023-07-12T06:34:22.203+0000] {logging_mixin.py:150} INFO - [2023-07-12T06:34:22.203+0000] {dag.py:2742} INFO - Sync 1 DAGs
[2023-07-12T06:34:22.243+0000] {logging_mixin.py:150} INFO - [2023-07-12T06:34:22.243+0000] {dag.py:3508} INFO - Setting next_dagrun for example_trigger_target_dag to None, run_after=None
[2023-07-12T06:34:22.272+0000] {processor.py:179} INFO - Processing /home/airflow/.local/lib/python3.7/site-packages/airflow/example_dags/example_trigger_target_dag.py took 0.138 seconds
[2023-07-12T06:34:52.810+0000] {processor.py:157} INFO - Started process (PID=2906) to work on /home/airflow/.local/lib/python3.7/site-packages/airflow/example_dags/example_trigger_target_dag.py
[2023-07-12T06:34:52.813+0000] {processor.py:826} INFO - Processing file /home/airflow/.local/lib/python3.7/site-packages/airflow/example_dags/example_trigger_target_dag.py for tasks to queue
[2023-07-12T06:34:52.816+0000] {logging_mixin.py:150} INFO - [2023-07-12T06:34:52.816+0000] {dagbag.py:541} INFO - Filling up the DagBag from /home/airflow/.local/lib/python3.7/site-packages/airflow/example_dags/example_trigger_target_dag.py
[2023-07-12T06:34:52.829+0000] {processor.py:836} INFO - DAG(s) dict_keys(['example_trigger_target_dag']) retrieved from /home/airflow/.local/lib/python3.7/site-packages/airflow/example_dags/example_trigger_target_dag.py
[2023-07-12T06:34:52.877+0000] {logging_mixin.py:150} INFO - [2023-07-12T06:34:52.877+0000] {dag.py:2742} INFO - Sync 1 DAGs
[2023-07-12T06:34:52.921+0000] {logging_mixin.py:150} INFO - [2023-07-12T06:34:52.921+0000] {dag.py:3508} INFO - Setting next_dagrun for example_trigger_target_dag to None, run_after=None
[2023-07-12T06:34:52.960+0000] {processor.py:179} INFO - Processing /home/airflow/.local/lib/python3.7/site-packages/airflow/example_dags/example_trigger_target_dag.py took 0.157 seconds
[2023-07-12T06:35:23.310+0000] {processor.py:157} INFO - Started process (PID=3147) to work on /home/airflow/.local/lib/python3.7/site-packages/airflow/example_dags/example_trigger_target_dag.py
[2023-07-12T06:35:23.315+0000] {processor.py:826} INFO - Processing file /home/airflow/.local/lib/python3.7/site-packages/airflow/example_dags/example_trigger_target_dag.py for tasks to queue
[2023-07-12T06:35:23.319+0000] {logging_mixin.py:150} INFO - [2023-07-12T06:35:23.319+0000] {dagbag.py:541} INFO - Filling up the DagBag from /home/airflow/.local/lib/python3.7/site-packages/airflow/example_dags/example_trigger_target_dag.py
[2023-07-12T06:35:23.331+0000] {processor.py:836} INFO - DAG(s) dict_keys(['example_trigger_target_dag']) retrieved from /home/airflow/.local/lib/python3.7/site-packages/airflow/example_dags/example_trigger_target_dag.py
[2023-07-12T06:35:23.372+0000] {logging_mixin.py:150} INFO - [2023-07-12T06:35:23.372+0000] {dag.py:2742} INFO - Sync 1 DAGs
[2023-07-12T06:35:23.411+0000] {logging_mixin.py:150} INFO - [2023-07-12T06:35:23.411+0000] {dag.py:3508} INFO - Setting next_dagrun for example_trigger_target_dag to None, run_after=None
[2023-07-12T06:35:23.445+0000] {processor.py:179} INFO - Processing /home/airflow/.local/lib/python3.7/site-packages/airflow/example_dags/example_trigger_target_dag.py took 0.142 seconds
[2023-07-12T06:35:53.624+0000] {processor.py:157} INFO - Started process (PID=3388) to work on /home/airflow/.local/lib/python3.7/site-packages/airflow/example_dags/example_trigger_target_dag.py
[2023-07-12T06:35:53.626+0000] {processor.py:826} INFO - Processing file /home/airflow/.local/lib/python3.7/site-packages/airflow/example_dags/example_trigger_target_dag.py for tasks to queue
[2023-07-12T06:35:53.629+0000] {logging_mixin.py:150} INFO - [2023-07-12T06:35:53.629+0000] {dagbag.py:541} INFO - Filling up the DagBag from /home/airflow/.local/lib/python3.7/site-packages/airflow/example_dags/example_trigger_target_dag.py
[2023-07-12T06:35:53.640+0000] {processor.py:836} INFO - DAG(s) dict_keys(['example_trigger_target_dag']) retrieved from /home/airflow/.local/lib/python3.7/site-packages/airflow/example_dags/example_trigger_target_dag.py
[2023-07-12T06:35:53.678+0000] {logging_mixin.py:150} INFO - [2023-07-12T06:35:53.678+0000] {dag.py:2742} INFO - Sync 1 DAGs
[2023-07-12T06:35:53.716+0000] {logging_mixin.py:150} INFO - [2023-07-12T06:35:53.716+0000] {dag.py:3508} INFO - Setting next_dagrun for example_trigger_target_dag to None, run_after=None
[2023-07-12T06:35:53.745+0000] {processor.py:179} INFO - Processing /home/airflow/.local/lib/python3.7/site-packages/airflow/example_dags/example_trigger_target_dag.py took 0.127 seconds
[2023-07-12T06:36:23.823+0000] {processor.py:157} INFO - Started process (PID=3629) to work on /home/airflow/.local/lib/python3.7/site-packages/airflow/example_dags/example_trigger_target_dag.py
[2023-07-12T06:36:23.826+0000] {processor.py:826} INFO - Processing file /home/airflow/.local/lib/python3.7/site-packages/airflow/example_dags/example_trigger_target_dag.py for tasks to queue
[2023-07-12T06:36:23.828+0000] {logging_mixin.py:150} INFO - [2023-07-12T06:36:23.828+0000] {dagbag.py:541} INFO - Filling up the DagBag from /home/airflow/.local/lib/python3.7/site-packages/airflow/example_dags/example_trigger_target_dag.py
[2023-07-12T06:36:23.837+0000] {processor.py:836} INFO - DAG(s) dict_keys(['example_trigger_target_dag']) retrieved from /home/airflow/.local/lib/python3.7/site-packages/airflow/example_dags/example_trigger_target_dag.py
[2023-07-12T06:36:23.873+0000] {logging_mixin.py:150} INFO - [2023-07-12T06:36:23.873+0000] {dag.py:2742} INFO - Sync 1 DAGs
[2023-07-12T06:36:23.911+0000] {logging_mixin.py:150} INFO - [2023-07-12T06:36:23.911+0000] {dag.py:3508} INFO - Setting next_dagrun for example_trigger_target_dag to None, run_after=None
[2023-07-12T06:36:23.942+0000] {processor.py:179} INFO - Processing /home/airflow/.local/lib/python3.7/site-packages/airflow/example_dags/example_trigger_target_dag.py took 0.125 seconds
[2023-07-12T06:36:54.501+0000] {processor.py:157} INFO - Started process (PID=3870) to work on /home/airflow/.local/lib/python3.7/site-packages/airflow/example_dags/example_trigger_target_dag.py
[2023-07-12T06:36:54.503+0000] {processor.py:826} INFO - Processing file /home/airflow/.local/lib/python3.7/site-packages/airflow/example_dags/example_trigger_target_dag.py for tasks to queue
[2023-07-12T06:36:54.507+0000] {logging_mixin.py:150} INFO - [2023-07-12T06:36:54.506+0000] {dagbag.py:541} INFO - Filling up the DagBag from /home/airflow/.local/lib/python3.7/site-packages/airflow/example_dags/example_trigger_target_dag.py
[2023-07-12T06:36:54.516+0000] {processor.py:836} INFO - DAG(s) dict_keys(['example_trigger_target_dag']) retrieved from /home/airflow/.local/lib/python3.7/site-packages/airflow/example_dags/example_trigger_target_dag.py
[2023-07-12T06:36:54.554+0000] {logging_mixin.py:150} INFO - [2023-07-12T06:36:54.553+0000] {dag.py:2742} INFO - Sync 1 DAGs
[2023-07-12T06:36:54.588+0000] {logging_mixin.py:150} INFO - [2023-07-12T06:36:54.588+0000] {dag.py:3508} INFO - Setting next_dagrun for example_trigger_target_dag to None, run_after=None
[2023-07-12T06:36:54.618+0000] {processor.py:179} INFO - Processing /home/airflow/.local/lib/python3.7/site-packages/airflow/example_dags/example_trigger_target_dag.py took 0.122 seconds
[2023-07-12T06:37:25.071+0000] {processor.py:157} INFO - Started process (PID=4111) to work on /home/airflow/.local/lib/python3.7/site-packages/airflow/example_dags/example_trigger_target_dag.py
[2023-07-12T06:37:25.074+0000] {processor.py:826} INFO - Processing file /home/airflow/.local/lib/python3.7/site-packages/airflow/example_dags/example_trigger_target_dag.py for tasks to queue
[2023-07-12T06:37:25.076+0000] {logging_mixin.py:150} INFO - [2023-07-12T06:37:25.076+0000] {dagbag.py:541} INFO - Filling up the DagBag from /home/airflow/.local/lib/python3.7/site-packages/airflow/example_dags/example_trigger_target_dag.py
[2023-07-12T06:37:25.085+0000] {processor.py:836} INFO - DAG(s) dict_keys(['example_trigger_target_dag']) retrieved from /home/airflow/.local/lib/python3.7/site-packages/airflow/example_dags/example_trigger_target_dag.py
[2023-07-12T06:37:25.119+0000] {logging_mixin.py:150} INFO - [2023-07-12T06:37:25.119+0000] {dag.py:2742} INFO - Sync 1 DAGs
[2023-07-12T06:37:25.156+0000] {logging_mixin.py:150} INFO - [2023-07-12T06:37:25.155+0000] {dag.py:3508} INFO - Setting next_dagrun for example_trigger_target_dag to None, run_after=None
[2023-07-12T06:37:25.184+0000] {processor.py:179} INFO - Processing /home/airflow/.local/lib/python3.7/site-packages/airflow/example_dags/example_trigger_target_dag.py took 0.119 seconds
[2023-07-12T06:37:55.481+0000] {processor.py:157} INFO - Started process (PID=4351) to work on /home/airflow/.local/lib/python3.7/site-packages/airflow/example_dags/example_trigger_target_dag.py
[2023-07-12T06:37:55.483+0000] {processor.py:826} INFO - Processing file /home/airflow/.local/lib/python3.7/site-packages/airflow/example_dags/example_trigger_target_dag.py for tasks to queue
[2023-07-12T06:37:55.485+0000] {logging_mixin.py:150} INFO - [2023-07-12T06:37:55.485+0000] {dagbag.py:541} INFO - Filling up the DagBag from /home/airflow/.local/lib/python3.7/site-packages/airflow/example_dags/example_trigger_target_dag.py
[2023-07-12T06:37:55.498+0000] {processor.py:836} INFO - DAG(s) dict_keys(['example_trigger_target_dag']) retrieved from /home/airflow/.local/lib/python3.7/site-packages/airflow/example_dags/example_trigger_target_dag.py
[2023-07-12T06:37:55.534+0000] {logging_mixin.py:150} INFO - [2023-07-12T06:37:55.534+0000] {dag.py:2742} INFO - Sync 1 DAGs
[2023-07-12T06:37:55.573+0000] {logging_mixin.py:150} INFO - [2023-07-12T06:37:55.573+0000] {dag.py:3508} INFO - Setting next_dagrun for example_trigger_target_dag to None, run_after=None
[2023-07-12T06:37:55.608+0000] {processor.py:179} INFO - Processing /home/airflow/.local/lib/python3.7/site-packages/airflow/example_dags/example_trigger_target_dag.py took 0.133 seconds
[2023-07-12T06:38:25.877+0000] {processor.py:157} INFO - Started process (PID=4592) to work on /home/airflow/.local/lib/python3.7/site-packages/airflow/example_dags/example_trigger_target_dag.py
[2023-07-12T06:38:25.879+0000] {processor.py:826} INFO - Processing file /home/airflow/.local/lib/python3.7/site-packages/airflow/example_dags/example_trigger_target_dag.py for tasks to queue
[2023-07-12T06:38:25.882+0000] {logging_mixin.py:150} INFO - [2023-07-12T06:38:25.882+0000] {dagbag.py:541} INFO - Filling up the DagBag from /home/airflow/.local/lib/python3.7/site-packages/airflow/example_dags/example_trigger_target_dag.py
[2023-07-12T06:38:25.892+0000] {processor.py:836} INFO - DAG(s) dict_keys(['example_trigger_target_dag']) retrieved from /home/airflow/.local/lib/python3.7/site-packages/airflow/example_dags/example_trigger_target_dag.py
[2023-07-12T06:38:25.928+0000] {logging_mixin.py:150} INFO - [2023-07-12T06:38:25.927+0000] {dag.py:2742} INFO - Sync 1 DAGs
[2023-07-12T06:38:25.966+0000] {logging_mixin.py:150} INFO - [2023-07-12T06:38:25.966+0000] {dag.py:3508} INFO - Setting next_dagrun for example_trigger_target_dag to None, run_after=None
[2023-07-12T06:38:25.996+0000] {processor.py:179} INFO - Processing /home/airflow/.local/lib/python3.7/site-packages/airflow/example_dags/example_trigger_target_dag.py took 0.125 seconds
[2023-07-12T06:38:56.390+0000] {processor.py:157} INFO - Started process (PID=4833) to work on /home/airflow/.local/lib/python3.7/site-packages/airflow/example_dags/example_trigger_target_dag.py
[2023-07-12T06:38:56.393+0000] {processor.py:826} INFO - Processing file /home/airflow/.local/lib/python3.7/site-packages/airflow/example_dags/example_trigger_target_dag.py for tasks to queue
[2023-07-12T06:38:56.395+0000] {logging_mixin.py:150} INFO - [2023-07-12T06:38:56.395+0000] {dagbag.py:541} INFO - Filling up the DagBag from /home/airflow/.local/lib/python3.7/site-packages/airflow/example_dags/example_trigger_target_dag.py
[2023-07-12T06:38:56.405+0000] {processor.py:836} INFO - DAG(s) dict_keys(['example_trigger_target_dag']) retrieved from /home/airflow/.local/lib/python3.7/site-packages/airflow/example_dags/example_trigger_target_dag.py
[2023-07-12T06:38:56.442+0000] {logging_mixin.py:150} INFO - [2023-07-12T06:38:56.442+0000] {dag.py:2742} INFO - Sync 1 DAGs
[2023-07-12T06:38:56.477+0000] {logging_mixin.py:150} INFO - [2023-07-12T06:38:56.477+0000] {dag.py:3508} INFO - Setting next_dagrun for example_trigger_target_dag to None, run_after=None
[2023-07-12T06:38:56.510+0000] {processor.py:179} INFO - Processing /home/airflow/.local/lib/python3.7/site-packages/airflow/example_dags/example_trigger_target_dag.py took 0.126 seconds
[2023-07-12T06:39:26.961+0000] {processor.py:157} INFO - Started process (PID=5074) to work on /home/airflow/.local/lib/python3.7/site-packages/airflow/example_dags/example_trigger_target_dag.py
[2023-07-12T06:39:26.964+0000] {processor.py:826} INFO - Processing file /home/airflow/.local/lib/python3.7/site-packages/airflow/example_dags/example_trigger_target_dag.py for tasks to queue
[2023-07-12T06:39:26.966+0000] {logging_mixin.py:150} INFO - [2023-07-12T06:39:26.966+0000] {dagbag.py:541} INFO - Filling up the DagBag from /home/airflow/.local/lib/python3.7/site-packages/airflow/example_dags/example_trigger_target_dag.py
[2023-07-12T06:39:26.978+0000] {processor.py:836} INFO - DAG(s) dict_keys(['example_trigger_target_dag']) retrieved from /home/airflow/.local/lib/python3.7/site-packages/airflow/example_dags/example_trigger_target_dag.py
[2023-07-12T06:39:27.015+0000] {logging_mixin.py:150} INFO - [2023-07-12T06:39:27.015+0000] {dag.py:2742} INFO - Sync 1 DAGs
[2023-07-12T06:39:27.052+0000] {logging_mixin.py:150} INFO - [2023-07-12T06:39:27.052+0000] {dag.py:3508} INFO - Setting next_dagrun for example_trigger_target_dag to None, run_after=None
[2023-07-12T06:39:27.086+0000] {processor.py:179} INFO - Processing /home/airflow/.local/lib/python3.7/site-packages/airflow/example_dags/example_trigger_target_dag.py took 0.130 seconds
[2023-07-12T06:39:57.158+0000] {processor.py:157} INFO - Started process (PID=5315) to work on /home/airflow/.local/lib/python3.7/site-packages/airflow/example_dags/example_trigger_target_dag.py
[2023-07-12T06:39:57.160+0000] {processor.py:826} INFO - Processing file /home/airflow/.local/lib/python3.7/site-packages/airflow/example_dags/example_trigger_target_dag.py for tasks to queue
[2023-07-12T06:39:57.163+0000] {logging_mixin.py:150} INFO - [2023-07-12T06:39:57.162+0000] {dagbag.py:541} INFO - Filling up the DagBag from /home/airflow/.local/lib/python3.7/site-packages/airflow/example_dags/example_trigger_target_dag.py
[2023-07-12T06:39:57.171+0000] {processor.py:836} INFO - DAG(s) dict_keys(['example_trigger_target_dag']) retrieved from /home/airflow/.local/lib/python3.7/site-packages/airflow/example_dags/example_trigger_target_dag.py
[2023-07-12T06:39:57.205+0000] {logging_mixin.py:150} INFO - [2023-07-12T06:39:57.204+0000] {dag.py:2742} INFO - Sync 1 DAGs
[2023-07-12T06:39:57.237+0000] {logging_mixin.py:150} INFO - [2023-07-12T06:39:57.236+0000] {dag.py:3508} INFO - Setting next_dagrun for example_trigger_target_dag to None, run_after=None
[2023-07-12T06:39:57.263+0000] {processor.py:179} INFO - Processing /home/airflow/.local/lib/python3.7/site-packages/airflow/example_dags/example_trigger_target_dag.py took 0.110 seconds
[2023-07-12T06:40:27.716+0000] {processor.py:157} INFO - Started process (PID=5556) to work on /home/airflow/.local/lib/python3.7/site-packages/airflow/example_dags/example_trigger_target_dag.py
[2023-07-12T06:40:27.718+0000] {processor.py:826} INFO - Processing file /home/airflow/.local/lib/python3.7/site-packages/airflow/example_dags/example_trigger_target_dag.py for tasks to queue
[2023-07-12T06:40:27.720+0000] {logging_mixin.py:150} INFO - [2023-07-12T06:40:27.719+0000] {dagbag.py:541} INFO - Filling up the DagBag from /home/airflow/.local/lib/python3.7/site-packages/airflow/example_dags/example_trigger_target_dag.py
[2023-07-12T06:40:27.729+0000] {processor.py:836} INFO - DAG(s) dict_keys(['example_trigger_target_dag']) retrieved from /home/airflow/.local/lib/python3.7/site-packages/airflow/example_dags/example_trigger_target_dag.py
[2023-07-12T06:40:27.761+0000] {logging_mixin.py:150} INFO - [2023-07-12T06:40:27.761+0000] {dag.py:2742} INFO - Sync 1 DAGs
[2023-07-12T06:40:27.793+0000] {logging_mixin.py:150} INFO - [2023-07-12T06:40:27.792+0000] {dag.py:3508} INFO - Setting next_dagrun for example_trigger_target_dag to None, run_after=None
[2023-07-12T06:40:27.822+0000] {processor.py:179} INFO - Processing /home/airflow/.local/lib/python3.7/site-packages/airflow/example_dags/example_trigger_target_dag.py took 0.111 seconds
[2023-07-12T06:40:57.965+0000] {processor.py:157} INFO - Started process (PID=5797) to work on /home/airflow/.local/lib/python3.7/site-packages/airflow/example_dags/example_trigger_target_dag.py
[2023-07-12T06:40:57.967+0000] {processor.py:826} INFO - Processing file /home/airflow/.local/lib/python3.7/site-packages/airflow/example_dags/example_trigger_target_dag.py for tasks to queue
[2023-07-12T06:40:57.969+0000] {logging_mixin.py:150} INFO - [2023-07-12T06:40:57.969+0000] {dagbag.py:541} INFO - Filling up the DagBag from /home/airflow/.local/lib/python3.7/site-packages/airflow/example_dags/example_trigger_target_dag.py
[2023-07-12T06:40:57.978+0000] {processor.py:836} INFO - DAG(s) dict_keys(['example_trigger_target_dag']) retrieved from /home/airflow/.local/lib/python3.7/site-packages/airflow/example_dags/example_trigger_target_dag.py
[2023-07-12T06:40:58.011+0000] {logging_mixin.py:150} INFO - [2023-07-12T06:40:58.011+0000] {dag.py:2742} INFO - Sync 1 DAGs
[2023-07-12T06:40:58.043+0000] {logging_mixin.py:150} INFO - [2023-07-12T06:40:58.042+0000] {dag.py:3508} INFO - Setting next_dagrun for example_trigger_target_dag to None, run_after=None
[2023-07-12T06:40:58.071+0000] {processor.py:179} INFO - Processing /home/airflow/.local/lib/python3.7/site-packages/airflow/example_dags/example_trigger_target_dag.py took 0.111 seconds
[2023-07-12T06:41:28.435+0000] {processor.py:157} INFO - Started process (PID=6038) to work on /home/airflow/.local/lib/python3.7/site-packages/airflow/example_dags/example_trigger_target_dag.py
[2023-07-12T06:41:28.437+0000] {processor.py:826} INFO - Processing file /home/airflow/.local/lib/python3.7/site-packages/airflow/example_dags/example_trigger_target_dag.py for tasks to queue
[2023-07-12T06:41:28.440+0000] {logging_mixin.py:150} INFO - [2023-07-12T06:41:28.439+0000] {dagbag.py:541} INFO - Filling up the DagBag from /home/airflow/.local/lib/python3.7/site-packages/airflow/example_dags/example_trigger_target_dag.py
[2023-07-12T06:41:28.449+0000] {processor.py:836} INFO - DAG(s) dict_keys(['example_trigger_target_dag']) retrieved from /home/airflow/.local/lib/python3.7/site-packages/airflow/example_dags/example_trigger_target_dag.py
[2023-07-12T06:41:28.483+0000] {logging_mixin.py:150} INFO - [2023-07-12T06:41:28.483+0000] {dag.py:2742} INFO - Sync 1 DAGs
[2023-07-12T06:41:28.515+0000] {logging_mixin.py:150} INFO - [2023-07-12T06:41:28.515+0000] {dag.py:3508} INFO - Setting next_dagrun for example_trigger_target_dag to None, run_after=None
[2023-07-12T06:41:28.543+0000] {processor.py:179} INFO - Processing /home/airflow/.local/lib/python3.7/site-packages/airflow/example_dags/example_trigger_target_dag.py took 0.113 seconds
[2023-07-12T06:41:59.057+0000] {processor.py:157} INFO - Started process (PID=6279) to work on /home/airflow/.local/lib/python3.7/site-packages/airflow/example_dags/example_trigger_target_dag.py
[2023-07-12T06:41:59.059+0000] {processor.py:826} INFO - Processing file /home/airflow/.local/lib/python3.7/site-packages/airflow/example_dags/example_trigger_target_dag.py for tasks to queue
[2023-07-12T06:41:59.061+0000] {logging_mixin.py:150} INFO - [2023-07-12T06:41:59.061+0000] {dagbag.py:541} INFO - Filling up the DagBag from /home/airflow/.local/lib/python3.7/site-packages/airflow/example_dags/example_trigger_target_dag.py
[2023-07-12T06:41:59.070+0000] {processor.py:836} INFO - DAG(s) dict_keys(['example_trigger_target_dag']) retrieved from /home/airflow/.local/lib/python3.7/site-packages/airflow/example_dags/example_trigger_target_dag.py
[2023-07-12T06:41:59.103+0000] {logging_mixin.py:150} INFO - [2023-07-12T06:41:59.102+0000] {dag.py:2742} INFO - Sync 1 DAGs
[2023-07-12T06:41:59.135+0000] {logging_mixin.py:150} INFO - [2023-07-12T06:41:59.135+0000] {dag.py:3508} INFO - Setting next_dagrun for example_trigger_target_dag to None, run_after=None
[2023-07-12T06:41:59.163+0000] {processor.py:179} INFO - Processing /home/airflow/.local/lib/python3.7/site-packages/airflow/example_dags/example_trigger_target_dag.py took 0.111 seconds
[2023-07-12T06:42:29.424+0000] {processor.py:157} INFO - Started process (PID=6521) to work on /home/airflow/.local/lib/python3.7/site-packages/airflow/example_dags/example_trigger_target_dag.py
[2023-07-12T06:42:29.427+0000] {processor.py:826} INFO - Processing file /home/airflow/.local/lib/python3.7/site-packages/airflow/example_dags/example_trigger_target_dag.py for tasks to queue
[2023-07-12T06:42:29.429+0000] {logging_mixin.py:150} INFO - [2023-07-12T06:42:29.428+0000] {dagbag.py:541} INFO - Filling up the DagBag from /home/airflow/.local/lib/python3.7/site-packages/airflow/example_dags/example_trigger_target_dag.py
[2023-07-12T06:42:29.437+0000] {processor.py:836} INFO - DAG(s) dict_keys(['example_trigger_target_dag']) retrieved from /home/airflow/.local/lib/python3.7/site-packages/airflow/example_dags/example_trigger_target_dag.py
[2023-07-12T06:42:29.470+0000] {logging_mixin.py:150} INFO - [2023-07-12T06:42:29.469+0000] {dag.py:2742} INFO - Sync 1 DAGs
[2023-07-12T06:42:29.501+0000] {logging_mixin.py:150} INFO - [2023-07-12T06:42:29.501+0000] {dag.py:3508} INFO - Setting next_dagrun for example_trigger_target_dag to None, run_after=None
[2023-07-12T06:42:29.529+0000] {processor.py:179} INFO - Processing /home/airflow/.local/lib/python3.7/site-packages/airflow/example_dags/example_trigger_target_dag.py took 0.109 seconds
[2023-07-12T06:42:59.866+0000] {processor.py:157} INFO - Started process (PID=6762) to work on /home/airflow/.local/lib/python3.7/site-packages/airflow/example_dags/example_trigger_target_dag.py
[2023-07-12T06:42:59.868+0000] {processor.py:826} INFO - Processing file /home/airflow/.local/lib/python3.7/site-packages/airflow/example_dags/example_trigger_target_dag.py for tasks to queue
[2023-07-12T06:42:59.870+0000] {logging_mixin.py:150} INFO - [2023-07-12T06:42:59.869+0000] {dagbag.py:541} INFO - Filling up the DagBag from /home/airflow/.local/lib/python3.7/site-packages/airflow/example_dags/example_trigger_target_dag.py
[2023-07-12T06:42:59.879+0000] {processor.py:836} INFO - DAG(s) dict_keys(['example_trigger_target_dag']) retrieved from /home/airflow/.local/lib/python3.7/site-packages/airflow/example_dags/example_trigger_target_dag.py
[2023-07-12T06:42:59.911+0000] {logging_mixin.py:150} INFO - [2023-07-12T06:42:59.911+0000] {dag.py:2742} INFO - Sync 1 DAGs
[2023-07-12T06:42:59.943+0000] {logging_mixin.py:150} INFO - [2023-07-12T06:42:59.943+0000] {dag.py:3508} INFO - Setting next_dagrun for example_trigger_target_dag to None, run_after=None
[2023-07-12T06:42:59.971+0000] {processor.py:179} INFO - Processing /home/airflow/.local/lib/python3.7/site-packages/airflow/example_dags/example_trigger_target_dag.py took 0.110 seconds
[2023-07-12T06:43:30.342+0000] {processor.py:157} INFO - Started process (PID=7003) to work on /home/airflow/.local/lib/python3.7/site-packages/airflow/example_dags/example_trigger_target_dag.py
[2023-07-12T06:43:30.344+0000] {processor.py:826} INFO - Processing file /home/airflow/.local/lib/python3.7/site-packages/airflow/example_dags/example_trigger_target_dag.py for tasks to queue
[2023-07-12T06:43:30.346+0000] {logging_mixin.py:150} INFO - [2023-07-12T06:43:30.346+0000] {dagbag.py:541} INFO - Filling up the DagBag from /home/airflow/.local/lib/python3.7/site-packages/airflow/example_dags/example_trigger_target_dag.py
[2023-07-12T06:43:30.356+0000] {processor.py:836} INFO - DAG(s) dict_keys(['example_trigger_target_dag']) retrieved from /home/airflow/.local/lib/python3.7/site-packages/airflow/example_dags/example_trigger_target_dag.py
[2023-07-12T06:43:30.389+0000] {logging_mixin.py:150} INFO - [2023-07-12T06:43:30.389+0000] {dag.py:2742} INFO - Sync 1 DAGs
[2023-07-12T06:43:30.421+0000] {logging_mixin.py:150} INFO - [2023-07-12T06:43:30.421+0000] {dag.py:3508} INFO - Setting next_dagrun for example_trigger_target_dag to None, run_after=None
[2023-07-12T06:43:30.452+0000] {processor.py:179} INFO - Processing /home/airflow/.local/lib/python3.7/site-packages/airflow/example_dags/example_trigger_target_dag.py took 0.116 seconds
[2023-07-12T06:44:00.518+0000] {processor.py:157} INFO - Started process (PID=7244) to work on /home/airflow/.local/lib/python3.7/site-packages/airflow/example_dags/example_trigger_target_dag.py
[2023-07-12T06:44:00.520+0000] {processor.py:826} INFO - Processing file /home/airflow/.local/lib/python3.7/site-packages/airflow/example_dags/example_trigger_target_dag.py for tasks to queue
[2023-07-12T06:44:00.522+0000] {logging_mixin.py:150} INFO - [2023-07-12T06:44:00.522+0000] {dagbag.py:541} INFO - Filling up the DagBag from /home/airflow/.local/lib/python3.7/site-packages/airflow/example_dags/example_trigger_target_dag.py
[2023-07-12T06:44:00.532+0000] {processor.py:836} INFO - DAG(s) dict_keys(['example_trigger_target_dag']) retrieved from /home/airflow/.local/lib/python3.7/site-packages/airflow/example_dags/example_trigger_target_dag.py
[2023-07-12T06:44:00.564+0000] {logging_mixin.py:150} INFO - [2023-07-12T06:44:00.564+0000] {dag.py:2742} INFO - Sync 1 DAGs
[2023-07-12T06:44:00.596+0000] {logging_mixin.py:150} INFO - [2023-07-12T06:44:00.596+0000] {dag.py:3508} INFO - Setting next_dagrun for example_trigger_target_dag to None, run_after=None
[2023-07-12T06:44:00.623+0000] {processor.py:179} INFO - Processing /home/airflow/.local/lib/python3.7/site-packages/airflow/example_dags/example_trigger_target_dag.py took 0.111 seconds
[2023-07-12T06:44:30.923+0000] {processor.py:157} INFO - Started process (PID=7485) to work on /home/airflow/.local/lib/python3.7/site-packages/airflow/example_dags/example_trigger_target_dag.py
[2023-07-12T06:44:30.926+0000] {processor.py:826} INFO - Processing file /home/airflow/.local/lib/python3.7/site-packages/airflow/example_dags/example_trigger_target_dag.py for tasks to queue
[2023-07-12T06:44:30.928+0000] {logging_mixin.py:150} INFO - [2023-07-12T06:44:30.928+0000] {dagbag.py:541} INFO - Filling up the DagBag from /home/airflow/.local/lib/python3.7/site-packages/airflow/example_dags/example_trigger_target_dag.py
[2023-07-12T06:44:30.937+0000] {processor.py:836} INFO - DAG(s) dict_keys(['example_trigger_target_dag']) retrieved from /home/airflow/.local/lib/python3.7/site-packages/airflow/example_dags/example_trigger_target_dag.py
[2023-07-12T06:44:30.972+0000] {logging_mixin.py:150} INFO - [2023-07-12T06:44:30.972+0000] {dag.py:2742} INFO - Sync 1 DAGs
[2023-07-12T06:44:31.004+0000] {logging_mixin.py:150} INFO - [2023-07-12T06:44:31.004+0000] {dag.py:3508} INFO - Setting next_dagrun for example_trigger_target_dag to None, run_after=None
[2023-07-12T06:44:31.032+0000] {processor.py:179} INFO - Processing /home/airflow/.local/lib/python3.7/site-packages/airflow/example_dags/example_trigger_target_dag.py took 0.114 seconds
[2023-07-12T06:45:01.499+0000] {processor.py:157} INFO - Started process (PID=7726) to work on /home/airflow/.local/lib/python3.7/site-packages/airflow/example_dags/example_trigger_target_dag.py
[2023-07-12T06:45:01.501+0000] {processor.py:826} INFO - Processing file /home/airflow/.local/lib/python3.7/site-packages/airflow/example_dags/example_trigger_target_dag.py for tasks to queue
[2023-07-12T06:45:01.503+0000] {logging_mixin.py:150} INFO - [2023-07-12T06:45:01.503+0000] {dagbag.py:541} INFO - Filling up the DagBag from /home/airflow/.local/lib/python3.7/site-packages/airflow/example_dags/example_trigger_target_dag.py
[2023-07-12T06:45:01.512+0000] {processor.py:836} INFO - DAG(s) dict_keys(['example_trigger_target_dag']) retrieved from /home/airflow/.local/lib/python3.7/site-packages/airflow/example_dags/example_trigger_target_dag.py
[2023-07-12T06:45:01.544+0000] {logging_mixin.py:150} INFO - [2023-07-12T06:45:01.544+0000] {dag.py:2742} INFO - Sync 1 DAGs
[2023-07-12T06:45:01.576+0000] {logging_mixin.py:150} INFO - [2023-07-12T06:45:01.576+0000] {dag.py:3508} INFO - Setting next_dagrun for example_trigger_target_dag to None, run_after=None
[2023-07-12T06:45:01.609+0000] {processor.py:179} INFO - Processing /home/airflow/.local/lib/python3.7/site-packages/airflow/example_dags/example_trigger_target_dag.py took 0.115 seconds
[2023-07-12T06:45:31.682+0000] {processor.py:157} INFO - Started process (PID=7967) to work on /home/airflow/.local/lib/python3.7/site-packages/airflow/example_dags/example_trigger_target_dag.py
[2023-07-12T06:45:31.685+0000] {processor.py:826} INFO - Processing file /home/airflow/.local/lib/python3.7/site-packages/airflow/example_dags/example_trigger_target_dag.py for tasks to queue
[2023-07-12T06:45:31.687+0000] {logging_mixin.py:150} INFO - [2023-07-12T06:45:31.687+0000] {dagbag.py:541} INFO - Filling up the DagBag from /home/airflow/.local/lib/python3.7/site-packages/airflow/example_dags/example_trigger_target_dag.py
[2023-07-12T06:45:31.695+0000] {processor.py:836} INFO - DAG(s) dict_keys(['example_trigger_target_dag']) retrieved from /home/airflow/.local/lib/python3.7/site-packages/airflow/example_dags/example_trigger_target_dag.py
[2023-07-12T06:45:31.728+0000] {logging_mixin.py:150} INFO - [2023-07-12T06:45:31.728+0000] {dag.py:2742} INFO - Sync 1 DAGs
[2023-07-12T06:45:31.761+0000] {logging_mixin.py:150} INFO - [2023-07-12T06:45:31.761+0000] {dag.py:3508} INFO - Setting next_dagrun for example_trigger_target_dag to None, run_after=None
[2023-07-12T06:45:31.794+0000] {processor.py:179} INFO - Processing /home/airflow/.local/lib/python3.7/site-packages/airflow/example_dags/example_trigger_target_dag.py took 0.115 seconds
[2023-07-12T06:46:01.953+0000] {processor.py:157} INFO - Started process (PID=8208) to work on /home/airflow/.local/lib/python3.7/site-packages/airflow/example_dags/example_trigger_target_dag.py
[2023-07-12T06:46:01.955+0000] {processor.py:826} INFO - Processing file /home/airflow/.local/lib/python3.7/site-packages/airflow/example_dags/example_trigger_target_dag.py for tasks to queue
[2023-07-12T06:46:01.957+0000] {logging_mixin.py:150} INFO - [2023-07-12T06:46:01.957+0000] {dagbag.py:541} INFO - Filling up the DagBag from /home/airflow/.local/lib/python3.7/site-packages/airflow/example_dags/example_trigger_target_dag.py
[2023-07-12T06:46:01.966+0000] {processor.py:836} INFO - DAG(s) dict_keys(['example_trigger_target_dag']) retrieved from /home/airflow/.local/lib/python3.7/site-packages/airflow/example_dags/example_trigger_target_dag.py
[2023-07-12T06:46:02.000+0000] {logging_mixin.py:150} INFO - [2023-07-12T06:46:02.000+0000] {dag.py:2742} INFO - Sync 1 DAGs
[2023-07-12T06:46:02.033+0000] {logging_mixin.py:150} INFO - [2023-07-12T06:46:02.033+0000] {dag.py:3508} INFO - Setting next_dagrun for example_trigger_target_dag to None, run_after=None
[2023-07-12T06:46:02.061+0000] {processor.py:179} INFO - Processing /home/airflow/.local/lib/python3.7/site-packages/airflow/example_dags/example_trigger_target_dag.py took 0.113 seconds
[2023-07-12T06:46:32.533+0000] {processor.py:157} INFO - Started process (PID=8449) to work on /home/airflow/.local/lib/python3.7/site-packages/airflow/example_dags/example_trigger_target_dag.py
[2023-07-12T06:46:32.536+0000] {processor.py:826} INFO - Processing file /home/airflow/.local/lib/python3.7/site-packages/airflow/example_dags/example_trigger_target_dag.py for tasks to queue
[2023-07-12T06:46:32.538+0000] {logging_mixin.py:150} INFO - [2023-07-12T06:46:32.538+0000] {dagbag.py:541} INFO - Filling up the DagBag from /home/airflow/.local/lib/python3.7/site-packages/airflow/example_dags/example_trigger_target_dag.py
[2023-07-12T06:46:32.548+0000] {processor.py:836} INFO - DAG(s) dict_keys(['example_trigger_target_dag']) retrieved from /home/airflow/.local/lib/python3.7/site-packages/airflow/example_dags/example_trigger_target_dag.py
[2023-07-12T06:46:32.583+0000] {logging_mixin.py:150} INFO - [2023-07-12T06:46:32.583+0000] {dag.py:2742} INFO - Sync 1 DAGs
[2023-07-12T06:46:32.627+0000] {logging_mixin.py:150} INFO - [2023-07-12T06:46:32.627+0000] {dag.py:3508} INFO - Setting next_dagrun for example_trigger_target_dag to None, run_after=None
[2023-07-12T06:46:32.660+0000] {processor.py:179} INFO - Processing /home/airflow/.local/lib/python3.7/site-packages/airflow/example_dags/example_trigger_target_dag.py took 0.132 seconds
[2023-07-12T06:47:03.092+0000] {processor.py:157} INFO - Started process (PID=8690) to work on /home/airflow/.local/lib/python3.7/site-packages/airflow/example_dags/example_trigger_target_dag.py
[2023-07-12T06:47:03.094+0000] {processor.py:826} INFO - Processing file /home/airflow/.local/lib/python3.7/site-packages/airflow/example_dags/example_trigger_target_dag.py for tasks to queue
[2023-07-12T06:47:03.096+0000] {logging_mixin.py:150} INFO - [2023-07-12T06:47:03.096+0000] {dagbag.py:541} INFO - Filling up the DagBag from /home/airflow/.local/lib/python3.7/site-packages/airflow/example_dags/example_trigger_target_dag.py
[2023-07-12T06:47:03.106+0000] {processor.py:836} INFO - DAG(s) dict_keys(['example_trigger_target_dag']) retrieved from /home/airflow/.local/lib/python3.7/site-packages/airflow/example_dags/example_trigger_target_dag.py
[2023-07-12T06:47:03.142+0000] {logging_mixin.py:150} INFO - [2023-07-12T06:47:03.142+0000] {dag.py:2742} INFO - Sync 1 DAGs
[2023-07-12T06:47:03.177+0000] {logging_mixin.py:150} INFO - [2023-07-12T06:47:03.176+0000] {dag.py:3508} INFO - Setting next_dagrun for example_trigger_target_dag to None, run_after=None
[2023-07-12T06:47:03.207+0000] {processor.py:179} INFO - Processing /home/airflow/.local/lib/python3.7/site-packages/airflow/example_dags/example_trigger_target_dag.py took 0.120 seconds
[2023-07-12T06:47:33.992+0000] {processor.py:157} INFO - Started process (PID=8930) to work on /home/airflow/.local/lib/python3.7/site-packages/airflow/example_dags/example_trigger_target_dag.py
[2023-07-12T06:47:33.996+0000] {processor.py:826} INFO - Processing file /home/airflow/.local/lib/python3.7/site-packages/airflow/example_dags/example_trigger_target_dag.py for tasks to queue
[2023-07-12T06:47:34.003+0000] {logging_mixin.py:150} INFO - [2023-07-12T06:47:34.002+0000] {dagbag.py:541} INFO - Filling up the DagBag from /home/airflow/.local/lib/python3.7/site-packages/airflow/example_dags/example_trigger_target_dag.py
[2023-07-12T06:47:34.023+0000] {processor.py:836} INFO - DAG(s) dict_keys(['example_trigger_target_dag']) retrieved from /home/airflow/.local/lib/python3.7/site-packages/airflow/example_dags/example_trigger_target_dag.py
[2023-07-12T06:47:34.095+0000] {logging_mixin.py:150} INFO - [2023-07-12T06:47:34.094+0000] {dag.py:2742} INFO - Sync 1 DAGs
[2023-07-12T06:47:34.201+0000] {logging_mixin.py:150} INFO - [2023-07-12T06:47:34.200+0000] {dag.py:3508} INFO - Setting next_dagrun for example_trigger_target_dag to None, run_after=None
[2023-07-12T06:47:34.247+0000] {processor.py:179} INFO - Processing /home/airflow/.local/lib/python3.7/site-packages/airflow/example_dags/example_trigger_target_dag.py took 0.262 seconds
[2023-07-12T06:48:04.718+0000] {processor.py:157} INFO - Started process (PID=9170) to work on /home/airflow/.local/lib/python3.7/site-packages/airflow/example_dags/example_trigger_target_dag.py
[2023-07-12T06:48:04.721+0000] {processor.py:826} INFO - Processing file /home/airflow/.local/lib/python3.7/site-packages/airflow/example_dags/example_trigger_target_dag.py for tasks to queue
[2023-07-12T06:48:04.724+0000] {logging_mixin.py:150} INFO - [2023-07-12T06:48:04.723+0000] {dagbag.py:541} INFO - Filling up the DagBag from /home/airflow/.local/lib/python3.7/site-packages/airflow/example_dags/example_trigger_target_dag.py
[2023-07-12T06:48:04.741+0000] {processor.py:836} INFO - DAG(s) dict_keys(['example_trigger_target_dag']) retrieved from /home/airflow/.local/lib/python3.7/site-packages/airflow/example_dags/example_trigger_target_dag.py
[2023-07-12T06:48:04.797+0000] {logging_mixin.py:150} INFO - [2023-07-12T06:48:04.797+0000] {dag.py:2742} INFO - Sync 1 DAGs
[2023-07-12T06:48:04.859+0000] {logging_mixin.py:150} INFO - [2023-07-12T06:48:04.858+0000] {dag.py:3508} INFO - Setting next_dagrun for example_trigger_target_dag to None, run_after=None
[2023-07-12T06:48:04.910+0000] {processor.py:179} INFO - Processing /home/airflow/.local/lib/python3.7/site-packages/airflow/example_dags/example_trigger_target_dag.py took 0.198 seconds
[2023-07-12T06:48:35.295+0000] {processor.py:157} INFO - Started process (PID=9411) to work on /home/airflow/.local/lib/python3.7/site-packages/airflow/example_dags/example_trigger_target_dag.py
[2023-07-12T06:48:35.299+0000] {processor.py:826} INFO - Processing file /home/airflow/.local/lib/python3.7/site-packages/airflow/example_dags/example_trigger_target_dag.py for tasks to queue
[2023-07-12T06:48:35.302+0000] {logging_mixin.py:150} INFO - [2023-07-12T06:48:35.302+0000] {dagbag.py:541} INFO - Filling up the DagBag from /home/airflow/.local/lib/python3.7/site-packages/airflow/example_dags/example_trigger_target_dag.py
[2023-07-12T06:48:35.318+0000] {processor.py:836} INFO - DAG(s) dict_keys(['example_trigger_target_dag']) retrieved from /home/airflow/.local/lib/python3.7/site-packages/airflow/example_dags/example_trigger_target_dag.py
[2023-07-12T06:48:35.376+0000] {logging_mixin.py:150} INFO - [2023-07-12T06:48:35.376+0000] {dag.py:2742} INFO - Sync 1 DAGs
[2023-07-12T06:48:35.430+0000] {logging_mixin.py:150} INFO - [2023-07-12T06:48:35.430+0000] {dag.py:3508} INFO - Setting next_dagrun for example_trigger_target_dag to None, run_after=None
[2023-07-12T06:48:35.469+0000] {processor.py:179} INFO - Processing /home/airflow/.local/lib/python3.7/site-packages/airflow/example_dags/example_trigger_target_dag.py took 0.180 seconds
[2023-07-12T06:49:05.918+0000] {processor.py:157} INFO - Started process (PID=9659) to work on /home/airflow/.local/lib/python3.7/site-packages/airflow/example_dags/example_trigger_target_dag.py
[2023-07-12T06:49:05.920+0000] {processor.py:826} INFO - Processing file /home/airflow/.local/lib/python3.7/site-packages/airflow/example_dags/example_trigger_target_dag.py for tasks to queue
[2023-07-12T06:49:05.922+0000] {logging_mixin.py:150} INFO - [2023-07-12T06:49:05.922+0000] {dagbag.py:541} INFO - Filling up the DagBag from /home/airflow/.local/lib/python3.7/site-packages/airflow/example_dags/example_trigger_target_dag.py
[2023-07-12T06:49:05.934+0000] {processor.py:836} INFO - DAG(s) dict_keys(['example_trigger_target_dag']) retrieved from /home/airflow/.local/lib/python3.7/site-packages/airflow/example_dags/example_trigger_target_dag.py
[2023-07-12T06:49:05.970+0000] {logging_mixin.py:150} INFO - [2023-07-12T06:49:05.970+0000] {dag.py:2742} INFO - Sync 1 DAGs
[2023-07-12T06:49:06.005+0000] {logging_mixin.py:150} INFO - [2023-07-12T06:49:06.005+0000] {dag.py:3508} INFO - Setting next_dagrun for example_trigger_target_dag to None, run_after=None
[2023-07-12T06:49:06.038+0000] {processor.py:179} INFO - Processing /home/airflow/.local/lib/python3.7/site-packages/airflow/example_dags/example_trigger_target_dag.py took 0.125 seconds
[2023-07-12T06:49:36.514+0000] {processor.py:157} INFO - Started process (PID=9900) to work on /home/airflow/.local/lib/python3.7/site-packages/airflow/example_dags/example_trigger_target_dag.py
[2023-07-12T06:49:36.517+0000] {processor.py:826} INFO - Processing file /home/airflow/.local/lib/python3.7/site-packages/airflow/example_dags/example_trigger_target_dag.py for tasks to queue
[2023-07-12T06:49:36.519+0000] {logging_mixin.py:150} INFO - [2023-07-12T06:49:36.519+0000] {dagbag.py:541} INFO - Filling up the DagBag from /home/airflow/.local/lib/python3.7/site-packages/airflow/example_dags/example_trigger_target_dag.py
[2023-07-12T06:49:36.528+0000] {processor.py:836} INFO - DAG(s) dict_keys(['example_trigger_target_dag']) retrieved from /home/airflow/.local/lib/python3.7/site-packages/airflow/example_dags/example_trigger_target_dag.py
[2023-07-12T06:49:36.565+0000] {logging_mixin.py:150} INFO - [2023-07-12T06:49:36.565+0000] {dag.py:2742} INFO - Sync 1 DAGs
[2023-07-12T06:49:36.600+0000] {logging_mixin.py:150} INFO - [2023-07-12T06:49:36.600+0000] {dag.py:3508} INFO - Setting next_dagrun for example_trigger_target_dag to None, run_after=None
[2023-07-12T06:49:36.630+0000] {processor.py:179} INFO - Processing /home/airflow/.local/lib/python3.7/site-packages/airflow/example_dags/example_trigger_target_dag.py took 0.121 seconds
[2023-07-12T06:50:06.972+0000] {processor.py:157} INFO - Started process (PID=10141) to work on /home/airflow/.local/lib/python3.7/site-packages/airflow/example_dags/example_trigger_target_dag.py
[2023-07-12T06:50:06.974+0000] {processor.py:826} INFO - Processing file /home/airflow/.local/lib/python3.7/site-packages/airflow/example_dags/example_trigger_target_dag.py for tasks to queue
[2023-07-12T06:50:06.976+0000] {logging_mixin.py:150} INFO - [2023-07-12T06:50:06.976+0000] {dagbag.py:541} INFO - Filling up the DagBag from /home/airflow/.local/lib/python3.7/site-packages/airflow/example_dags/example_trigger_target_dag.py
[2023-07-12T06:50:06.987+0000] {processor.py:836} INFO - DAG(s) dict_keys(['example_trigger_target_dag']) retrieved from /home/airflow/.local/lib/python3.7/site-packages/airflow/example_dags/example_trigger_target_dag.py
[2023-07-12T06:50:07.023+0000] {logging_mixin.py:150} INFO - [2023-07-12T06:50:07.023+0000] {dag.py:2742} INFO - Sync 1 DAGs
[2023-07-12T06:50:07.059+0000] {logging_mixin.py:150} INFO - [2023-07-12T06:50:07.059+0000] {dag.py:3508} INFO - Setting next_dagrun for example_trigger_target_dag to None, run_after=None
[2023-07-12T06:50:07.089+0000] {processor.py:179} INFO - Processing /home/airflow/.local/lib/python3.7/site-packages/airflow/example_dags/example_trigger_target_dag.py took 0.123 seconds
[2023-07-12T06:50:37.393+0000] {processor.py:157} INFO - Started process (PID=10382) to work on /home/airflow/.local/lib/python3.7/site-packages/airflow/example_dags/example_trigger_target_dag.py
[2023-07-12T06:50:37.397+0000] {processor.py:826} INFO - Processing file /home/airflow/.local/lib/python3.7/site-packages/airflow/example_dags/example_trigger_target_dag.py for tasks to queue
[2023-07-12T06:50:37.400+0000] {logging_mixin.py:150} INFO - [2023-07-12T06:50:37.399+0000] {dagbag.py:541} INFO - Filling up the DagBag from /home/airflow/.local/lib/python3.7/site-packages/airflow/example_dags/example_trigger_target_dag.py
[2023-07-12T06:50:37.412+0000] {processor.py:836} INFO - DAG(s) dict_keys(['example_trigger_target_dag']) retrieved from /home/airflow/.local/lib/python3.7/site-packages/airflow/example_dags/example_trigger_target_dag.py
[2023-07-12T06:50:37.453+0000] {logging_mixin.py:150} INFO - [2023-07-12T06:50:37.452+0000] {dag.py:2742} INFO - Sync 1 DAGs
[2023-07-12T06:50:37.491+0000] {logging_mixin.py:150} INFO - [2023-07-12T06:50:37.491+0000] {dag.py:3508} INFO - Setting next_dagrun for example_trigger_target_dag to None, run_after=None
[2023-07-12T06:50:37.526+0000] {processor.py:179} INFO - Processing /home/airflow/.local/lib/python3.7/site-packages/airflow/example_dags/example_trigger_target_dag.py took 0.140 seconds
