[2023-07-12T06:29:21.594+0000] {processor.py:157} INFO - Started process (PID=324) to work on /home/airflow/.local/lib/python3.7/site-packages/airflow/example_dags/example_sensor_decorator.py
[2023-07-12T06:29:21.596+0000] {processor.py:826} INFO - Processing file /home/airflow/.local/lib/python3.7/site-packages/airflow/example_dags/example_sensor_decorator.py for tasks to queue
[2023-07-12T06:29:21.600+0000] {logging_mixin.py:150} INFO - [2023-07-12T06:29:21.600+0000] {dagbag.py:541} INFO - Filling up the DagBag from /home/airflow/.local/lib/python3.7/site-packages/airflow/example_dags/example_sensor_decorator.py
[2023-07-12T06:29:21.615+0000] {processor.py:836} INFO - DAG(s) dict_keys(['example_sensor_decorator']) retrieved from /home/airflow/.local/lib/python3.7/site-packages/airflow/example_dags/example_sensor_decorator.py
[2023-07-12T06:29:21.683+0000] {logging_mixin.py:150} INFO - [2023-07-12T06:29:21.682+0000] {dag.py:2742} INFO - Sync 1 DAGs
[2023-07-12T06:29:21.734+0000] {logging_mixin.py:150} INFO - [2023-07-12T06:29:21.734+0000] {dag.py:3508} INFO - Setting next_dagrun for example_sensor_decorator to None, run_after=None
[2023-07-12T06:29:21.766+0000] {processor.py:179} INFO - Processing /home/airflow/.local/lib/python3.7/site-packages/airflow/example_dags/example_sensor_decorator.py took 0.177 seconds
[2023-07-12T06:29:52.786+0000] {processor.py:157} INFO - Started process (PID=564) to work on /home/airflow/.local/lib/python3.7/site-packages/airflow/example_dags/example_sensor_decorator.py
[2023-07-12T06:29:52.809+0000] {processor.py:826} INFO - Processing file /home/airflow/.local/lib/python3.7/site-packages/airflow/example_dags/example_sensor_decorator.py for tasks to queue
[2023-07-12T06:29:52.818+0000] {logging_mixin.py:150} INFO - [2023-07-12T06:29:52.818+0000] {dagbag.py:541} INFO - Filling up the DagBag from /home/airflow/.local/lib/python3.7/site-packages/airflow/example_dags/example_sensor_decorator.py
[2023-07-12T06:29:52.859+0000] {processor.py:836} INFO - DAG(s) dict_keys(['example_sensor_decorator']) retrieved from /home/airflow/.local/lib/python3.7/site-packages/airflow/example_dags/example_sensor_decorator.py
[2023-07-12T06:29:52.949+0000] {logging_mixin.py:150} INFO - [2023-07-12T06:29:52.949+0000] {dag.py:2742} INFO - Sync 1 DAGs
[2023-07-12T06:29:53.010+0000] {logging_mixin.py:150} INFO - [2023-07-12T06:29:53.009+0000] {dag.py:3508} INFO - Setting next_dagrun for example_sensor_decorator to None, run_after=None
[2023-07-12T06:29:53.067+0000] {processor.py:179} INFO - Processing /home/airflow/.local/lib/python3.7/site-packages/airflow/example_dags/example_sensor_decorator.py took 0.295 seconds
[2023-07-12T06:30:23.330+0000] {processor.py:157} INFO - Started process (PID=805) to work on /home/airflow/.local/lib/python3.7/site-packages/airflow/example_dags/example_sensor_decorator.py
[2023-07-12T06:30:23.333+0000] {processor.py:826} INFO - Processing file /home/airflow/.local/lib/python3.7/site-packages/airflow/example_dags/example_sensor_decorator.py for tasks to queue
[2023-07-12T06:30:23.336+0000] {logging_mixin.py:150} INFO - [2023-07-12T06:30:23.335+0000] {dagbag.py:541} INFO - Filling up the DagBag from /home/airflow/.local/lib/python3.7/site-packages/airflow/example_dags/example_sensor_decorator.py
[2023-07-12T06:30:23.345+0000] {processor.py:836} INFO - DAG(s) dict_keys(['example_sensor_decorator']) retrieved from /home/airflow/.local/lib/python3.7/site-packages/airflow/example_dags/example_sensor_decorator.py
[2023-07-12T06:30:23.391+0000] {logging_mixin.py:150} INFO - [2023-07-12T06:30:23.391+0000] {dag.py:2742} INFO - Sync 1 DAGs
[2023-07-12T06:30:23.429+0000] {logging_mixin.py:150} INFO - [2023-07-12T06:30:23.429+0000] {dag.py:3508} INFO - Setting next_dagrun for example_sensor_decorator to None, run_after=None
[2023-07-12T06:30:23.458+0000] {processor.py:179} INFO - Processing /home/airflow/.local/lib/python3.7/site-packages/airflow/example_dags/example_sensor_decorator.py took 0.132 seconds
[2023-07-12T06:30:53.756+0000] {processor.py:157} INFO - Started process (PID=1046) to work on /home/airflow/.local/lib/python3.7/site-packages/airflow/example_dags/example_sensor_decorator.py
[2023-07-12T06:30:53.761+0000] {processor.py:826} INFO - Processing file /home/airflow/.local/lib/python3.7/site-packages/airflow/example_dags/example_sensor_decorator.py for tasks to queue
[2023-07-12T06:30:53.764+0000] {logging_mixin.py:150} INFO - [2023-07-12T06:30:53.763+0000] {dagbag.py:541} INFO - Filling up the DagBag from /home/airflow/.local/lib/python3.7/site-packages/airflow/example_dags/example_sensor_decorator.py
[2023-07-12T06:30:53.779+0000] {processor.py:836} INFO - DAG(s) dict_keys(['example_sensor_decorator']) retrieved from /home/airflow/.local/lib/python3.7/site-packages/airflow/example_dags/example_sensor_decorator.py
[2023-07-12T06:30:53.829+0000] {logging_mixin.py:150} INFO - [2023-07-12T06:30:53.828+0000] {dag.py:2742} INFO - Sync 1 DAGs
[2023-07-12T06:30:53.867+0000] {logging_mixin.py:150} INFO - [2023-07-12T06:30:53.867+0000] {dag.py:3508} INFO - Setting next_dagrun for example_sensor_decorator to None, run_after=None
[2023-07-12T06:30:53.905+0000] {processor.py:179} INFO - Processing /home/airflow/.local/lib/python3.7/site-packages/airflow/example_dags/example_sensor_decorator.py took 0.154 seconds
[2023-07-12T06:31:24.709+0000] {processor.py:157} INFO - Started process (PID=1329) to work on /home/airflow/.local/lib/python3.7/site-packages/airflow/example_dags/example_sensor_decorator.py
[2023-07-12T06:31:24.711+0000] {processor.py:826} INFO - Processing file /home/airflow/.local/lib/python3.7/site-packages/airflow/example_dags/example_sensor_decorator.py for tasks to queue
[2023-07-12T06:31:24.714+0000] {logging_mixin.py:150} INFO - [2023-07-12T06:31:24.713+0000] {dagbag.py:541} INFO - Filling up the DagBag from /home/airflow/.local/lib/python3.7/site-packages/airflow/example_dags/example_sensor_decorator.py
[2023-07-12T06:31:24.724+0000] {processor.py:836} INFO - DAG(s) dict_keys(['example_sensor_decorator']) retrieved from /home/airflow/.local/lib/python3.7/site-packages/airflow/example_dags/example_sensor_decorator.py
[2023-07-12T06:31:24.758+0000] {logging_mixin.py:150} INFO - [2023-07-12T06:31:24.758+0000] {dag.py:2742} INFO - Sync 1 DAGs
[2023-07-12T06:31:24.797+0000] {logging_mixin.py:150} INFO - [2023-07-12T06:31:24.796+0000] {dag.py:3508} INFO - Setting next_dagrun for example_sensor_decorator to None, run_after=None
[2023-07-12T06:31:24.830+0000] {processor.py:179} INFO - Processing /home/airflow/.local/lib/python3.7/site-packages/airflow/example_dags/example_sensor_decorator.py took 0.125 seconds
[2023-07-12T06:31:55.190+0000] {processor.py:157} INFO - Started process (PID=1570) to work on /home/airflow/.local/lib/python3.7/site-packages/airflow/example_dags/example_sensor_decorator.py
[2023-07-12T06:31:55.192+0000] {processor.py:826} INFO - Processing file /home/airflow/.local/lib/python3.7/site-packages/airflow/example_dags/example_sensor_decorator.py for tasks to queue
[2023-07-12T06:31:55.195+0000] {logging_mixin.py:150} INFO - [2023-07-12T06:31:55.194+0000] {dagbag.py:541} INFO - Filling up the DagBag from /home/airflow/.local/lib/python3.7/site-packages/airflow/example_dags/example_sensor_decorator.py
[2023-07-12T06:31:55.207+0000] {processor.py:836} INFO - DAG(s) dict_keys(['example_sensor_decorator']) retrieved from /home/airflow/.local/lib/python3.7/site-packages/airflow/example_dags/example_sensor_decorator.py
[2023-07-12T06:31:55.244+0000] {logging_mixin.py:150} INFO - [2023-07-12T06:31:55.243+0000] {dag.py:2742} INFO - Sync 1 DAGs
[2023-07-12T06:31:55.279+0000] {logging_mixin.py:150} INFO - [2023-07-12T06:31:55.279+0000] {dag.py:3508} INFO - Setting next_dagrun for example_sensor_decorator to None, run_after=None
[2023-07-12T06:31:55.311+0000] {processor.py:179} INFO - Processing /home/airflow/.local/lib/python3.7/site-packages/airflow/example_dags/example_sensor_decorator.py took 0.128 seconds
[2023-07-12T06:32:25.470+0000] {processor.py:157} INFO - Started process (PID=1811) to work on /home/airflow/.local/lib/python3.7/site-packages/airflow/example_dags/example_sensor_decorator.py
[2023-07-12T06:32:25.473+0000] {processor.py:826} INFO - Processing file /home/airflow/.local/lib/python3.7/site-packages/airflow/example_dags/example_sensor_decorator.py for tasks to queue
[2023-07-12T06:32:25.475+0000] {logging_mixin.py:150} INFO - [2023-07-12T06:32:25.475+0000] {dagbag.py:541} INFO - Filling up the DagBag from /home/airflow/.local/lib/python3.7/site-packages/airflow/example_dags/example_sensor_decorator.py
[2023-07-12T06:32:25.486+0000] {processor.py:836} INFO - DAG(s) dict_keys(['example_sensor_decorator']) retrieved from /home/airflow/.local/lib/python3.7/site-packages/airflow/example_dags/example_sensor_decorator.py
[2023-07-12T06:32:25.521+0000] {logging_mixin.py:150} INFO - [2023-07-12T06:32:25.521+0000] {dag.py:2742} INFO - Sync 1 DAGs
[2023-07-12T06:32:25.557+0000] {logging_mixin.py:150} INFO - [2023-07-12T06:32:25.557+0000] {dag.py:3508} INFO - Setting next_dagrun for example_sensor_decorator to None, run_after=None
[2023-07-12T06:32:25.592+0000] {processor.py:179} INFO - Processing /home/airflow/.local/lib/python3.7/site-packages/airflow/example_dags/example_sensor_decorator.py took 0.129 seconds
[2023-07-12T06:32:56.061+0000] {processor.py:157} INFO - Started process (PID=2051) to work on /home/airflow/.local/lib/python3.7/site-packages/airflow/example_dags/example_sensor_decorator.py
[2023-07-12T06:32:56.064+0000] {processor.py:826} INFO - Processing file /home/airflow/.local/lib/python3.7/site-packages/airflow/example_dags/example_sensor_decorator.py for tasks to queue
[2023-07-12T06:32:56.067+0000] {logging_mixin.py:150} INFO - [2023-07-12T06:32:56.067+0000] {dagbag.py:541} INFO - Filling up the DagBag from /home/airflow/.local/lib/python3.7/site-packages/airflow/example_dags/example_sensor_decorator.py
[2023-07-12T06:32:56.078+0000] {processor.py:836} INFO - DAG(s) dict_keys(['example_sensor_decorator']) retrieved from /home/airflow/.local/lib/python3.7/site-packages/airflow/example_dags/example_sensor_decorator.py
[2023-07-12T06:32:56.117+0000] {logging_mixin.py:150} INFO - [2023-07-12T06:32:56.116+0000] {dag.py:2742} INFO - Sync 1 DAGs
[2023-07-12T06:32:56.151+0000] {logging_mixin.py:150} INFO - [2023-07-12T06:32:56.151+0000] {dag.py:3508} INFO - Setting next_dagrun for example_sensor_decorator to None, run_after=None
[2023-07-12T06:32:56.185+0000] {processor.py:179} INFO - Processing /home/airflow/.local/lib/python3.7/site-packages/airflow/example_dags/example_sensor_decorator.py took 0.129 seconds
[2023-07-12T06:33:26.436+0000] {processor.py:157} INFO - Started process (PID=2293) to work on /home/airflow/.local/lib/python3.7/site-packages/airflow/example_dags/example_sensor_decorator.py
[2023-07-12T06:33:26.439+0000] {processor.py:826} INFO - Processing file /home/airflow/.local/lib/python3.7/site-packages/airflow/example_dags/example_sensor_decorator.py for tasks to queue
[2023-07-12T06:33:26.441+0000] {logging_mixin.py:150} INFO - [2023-07-12T06:33:26.440+0000] {dagbag.py:541} INFO - Filling up the DagBag from /home/airflow/.local/lib/python3.7/site-packages/airflow/example_dags/example_sensor_decorator.py
[2023-07-12T06:33:26.451+0000] {processor.py:836} INFO - DAG(s) dict_keys(['example_sensor_decorator']) retrieved from /home/airflow/.local/lib/python3.7/site-packages/airflow/example_dags/example_sensor_decorator.py
[2023-07-12T06:33:26.488+0000] {logging_mixin.py:150} INFO - [2023-07-12T06:33:26.487+0000] {dag.py:2742} INFO - Sync 1 DAGs
[2023-07-12T06:33:26.526+0000] {logging_mixin.py:150} INFO - [2023-07-12T06:33:26.526+0000] {dag.py:3508} INFO - Setting next_dagrun for example_sensor_decorator to None, run_after=None
[2023-07-12T06:33:26.556+0000] {processor.py:179} INFO - Processing /home/airflow/.local/lib/python3.7/site-packages/airflow/example_dags/example_sensor_decorator.py took 0.124 seconds
[2023-07-12T06:33:57.021+0000] {processor.py:157} INFO - Started process (PID=2534) to work on /home/airflow/.local/lib/python3.7/site-packages/airflow/example_dags/example_sensor_decorator.py
[2023-07-12T06:33:57.025+0000] {processor.py:826} INFO - Processing file /home/airflow/.local/lib/python3.7/site-packages/airflow/example_dags/example_sensor_decorator.py for tasks to queue
[2023-07-12T06:33:57.031+0000] {logging_mixin.py:150} INFO - [2023-07-12T06:33:57.030+0000] {dagbag.py:541} INFO - Filling up the DagBag from /home/airflow/.local/lib/python3.7/site-packages/airflow/example_dags/example_sensor_decorator.py
[2023-07-12T06:33:57.045+0000] {processor.py:836} INFO - DAG(s) dict_keys(['example_sensor_decorator']) retrieved from /home/airflow/.local/lib/python3.7/site-packages/airflow/example_dags/example_sensor_decorator.py
[2023-07-12T06:33:57.089+0000] {logging_mixin.py:150} INFO - [2023-07-12T06:33:57.089+0000] {dag.py:2742} INFO - Sync 1 DAGs
[2023-07-12T06:33:57.125+0000] {logging_mixin.py:150} INFO - [2023-07-12T06:33:57.125+0000] {dag.py:3508} INFO - Setting next_dagrun for example_sensor_decorator to None, run_after=None
[2023-07-12T06:33:57.160+0000] {processor.py:179} INFO - Processing /home/airflow/.local/lib/python3.7/site-packages/airflow/example_dags/example_sensor_decorator.py took 0.147 seconds
[2023-07-12T06:34:27.630+0000] {processor.py:157} INFO - Started process (PID=2775) to work on /home/airflow/.local/lib/python3.7/site-packages/airflow/example_dags/example_sensor_decorator.py
[2023-07-12T06:34:27.633+0000] {processor.py:826} INFO - Processing file /home/airflow/.local/lib/python3.7/site-packages/airflow/example_dags/example_sensor_decorator.py for tasks to queue
[2023-07-12T06:34:27.636+0000] {logging_mixin.py:150} INFO - [2023-07-12T06:34:27.635+0000] {dagbag.py:541} INFO - Filling up the DagBag from /home/airflow/.local/lib/python3.7/site-packages/airflow/example_dags/example_sensor_decorator.py
[2023-07-12T06:34:27.646+0000] {processor.py:836} INFO - DAG(s) dict_keys(['example_sensor_decorator']) retrieved from /home/airflow/.local/lib/python3.7/site-packages/airflow/example_dags/example_sensor_decorator.py
[2023-07-12T06:34:27.687+0000] {logging_mixin.py:150} INFO - [2023-07-12T06:34:27.687+0000] {dag.py:2742} INFO - Sync 1 DAGs
[2023-07-12T06:34:27.723+0000] {logging_mixin.py:150} INFO - [2023-07-12T06:34:27.723+0000] {dag.py:3508} INFO - Setting next_dagrun for example_sensor_decorator to None, run_after=None
[2023-07-12T06:34:27.754+0000] {processor.py:179} INFO - Processing /home/airflow/.local/lib/python3.7/site-packages/airflow/example_dags/example_sensor_decorator.py took 0.129 seconds
[2023-07-12T06:34:58.579+0000] {processor.py:157} INFO - Started process (PID=3016) to work on /home/airflow/.local/lib/python3.7/site-packages/airflow/example_dags/example_sensor_decorator.py
[2023-07-12T06:34:58.582+0000] {processor.py:826} INFO - Processing file /home/airflow/.local/lib/python3.7/site-packages/airflow/example_dags/example_sensor_decorator.py for tasks to queue
[2023-07-12T06:34:58.585+0000] {logging_mixin.py:150} INFO - [2023-07-12T06:34:58.585+0000] {dagbag.py:541} INFO - Filling up the DagBag from /home/airflow/.local/lib/python3.7/site-packages/airflow/example_dags/example_sensor_decorator.py
[2023-07-12T06:34:58.601+0000] {processor.py:836} INFO - DAG(s) dict_keys(['example_sensor_decorator']) retrieved from /home/airflow/.local/lib/python3.7/site-packages/airflow/example_dags/example_sensor_decorator.py
[2023-07-12T06:34:58.644+0000] {logging_mixin.py:150} INFO - [2023-07-12T06:34:58.644+0000] {dag.py:2742} INFO - Sync 1 DAGs
[2023-07-12T06:34:58.685+0000] {logging_mixin.py:150} INFO - [2023-07-12T06:34:58.685+0000] {dag.py:3508} INFO - Setting next_dagrun for example_sensor_decorator to None, run_after=None
[2023-07-12T06:34:58.717+0000] {processor.py:179} INFO - Processing /home/airflow/.local/lib/python3.7/site-packages/airflow/example_dags/example_sensor_decorator.py took 0.146 seconds
[2023-07-12T06:35:28.851+0000] {processor.py:157} INFO - Started process (PID=3254) to work on /home/airflow/.local/lib/python3.7/site-packages/airflow/example_dags/example_sensor_decorator.py
[2023-07-12T06:35:28.855+0000] {processor.py:826} INFO - Processing file /home/airflow/.local/lib/python3.7/site-packages/airflow/example_dags/example_sensor_decorator.py for tasks to queue
[2023-07-12T06:35:28.860+0000] {logging_mixin.py:150} INFO - [2023-07-12T06:35:28.860+0000] {dagbag.py:541} INFO - Filling up the DagBag from /home/airflow/.local/lib/python3.7/site-packages/airflow/example_dags/example_sensor_decorator.py
[2023-07-12T06:35:28.872+0000] {processor.py:836} INFO - DAG(s) dict_keys(['example_sensor_decorator']) retrieved from /home/airflow/.local/lib/python3.7/site-packages/airflow/example_dags/example_sensor_decorator.py
[2023-07-12T06:35:28.913+0000] {logging_mixin.py:150} INFO - [2023-07-12T06:35:28.913+0000] {dag.py:2742} INFO - Sync 1 DAGs
[2023-07-12T06:35:28.949+0000] {logging_mixin.py:150} INFO - [2023-07-12T06:35:28.949+0000] {dag.py:3508} INFO - Setting next_dagrun for example_sensor_decorator to None, run_after=None
[2023-07-12T06:35:28.978+0000] {processor.py:179} INFO - Processing /home/airflow/.local/lib/python3.7/site-packages/airflow/example_dags/example_sensor_decorator.py took 0.132 seconds
[2023-07-12T06:35:59.897+0000] {processor.py:157} INFO - Started process (PID=3498) to work on /home/airflow/.local/lib/python3.7/site-packages/airflow/example_dags/example_sensor_decorator.py
[2023-07-12T06:35:59.899+0000] {processor.py:826} INFO - Processing file /home/airflow/.local/lib/python3.7/site-packages/airflow/example_dags/example_sensor_decorator.py for tasks to queue
[2023-07-12T06:35:59.902+0000] {logging_mixin.py:150} INFO - [2023-07-12T06:35:59.901+0000] {dagbag.py:541} INFO - Filling up the DagBag from /home/airflow/.local/lib/python3.7/site-packages/airflow/example_dags/example_sensor_decorator.py
[2023-07-12T06:35:59.913+0000] {processor.py:836} INFO - DAG(s) dict_keys(['example_sensor_decorator']) retrieved from /home/airflow/.local/lib/python3.7/site-packages/airflow/example_dags/example_sensor_decorator.py
[2023-07-12T06:35:59.951+0000] {logging_mixin.py:150} INFO - [2023-07-12T06:35:59.951+0000] {dag.py:2742} INFO - Sync 1 DAGs
[2023-07-12T06:35:59.995+0000] {logging_mixin.py:150} INFO - [2023-07-12T06:35:59.995+0000] {dag.py:3508} INFO - Setting next_dagrun for example_sensor_decorator to None, run_after=None
[2023-07-12T06:36:00.028+0000] {processor.py:179} INFO - Processing /home/airflow/.local/lib/python3.7/site-packages/airflow/example_dags/example_sensor_decorator.py took 0.136 seconds
[2023-07-12T06:36:30.892+0000] {processor.py:157} INFO - Started process (PID=3739) to work on /home/airflow/.local/lib/python3.7/site-packages/airflow/example_dags/example_sensor_decorator.py
[2023-07-12T06:36:30.894+0000] {processor.py:826} INFO - Processing file /home/airflow/.local/lib/python3.7/site-packages/airflow/example_dags/example_sensor_decorator.py for tasks to queue
[2023-07-12T06:36:30.896+0000] {logging_mixin.py:150} INFO - [2023-07-12T06:36:30.896+0000] {dagbag.py:541} INFO - Filling up the DagBag from /home/airflow/.local/lib/python3.7/site-packages/airflow/example_dags/example_sensor_decorator.py
[2023-07-12T06:36:30.907+0000] {processor.py:836} INFO - DAG(s) dict_keys(['example_sensor_decorator']) retrieved from /home/airflow/.local/lib/python3.7/site-packages/airflow/example_dags/example_sensor_decorator.py
[2023-07-12T06:36:30.947+0000] {logging_mixin.py:150} INFO - [2023-07-12T06:36:30.946+0000] {dag.py:2742} INFO - Sync 1 DAGs
[2023-07-12T06:36:30.982+0000] {logging_mixin.py:150} INFO - [2023-07-12T06:36:30.982+0000] {dag.py:3508} INFO - Setting next_dagrun for example_sensor_decorator to None, run_after=None
[2023-07-12T06:36:31.014+0000] {processor.py:179} INFO - Processing /home/airflow/.local/lib/python3.7/site-packages/airflow/example_dags/example_sensor_decorator.py took 0.127 seconds
[2023-07-12T06:37:01.487+0000] {processor.py:157} INFO - Started process (PID=3980) to work on /home/airflow/.local/lib/python3.7/site-packages/airflow/example_dags/example_sensor_decorator.py
[2023-07-12T06:37:01.491+0000] {processor.py:826} INFO - Processing file /home/airflow/.local/lib/python3.7/site-packages/airflow/example_dags/example_sensor_decorator.py for tasks to queue
[2023-07-12T06:37:01.494+0000] {logging_mixin.py:150} INFO - [2023-07-12T06:37:01.494+0000] {dagbag.py:541} INFO - Filling up the DagBag from /home/airflow/.local/lib/python3.7/site-packages/airflow/example_dags/example_sensor_decorator.py
[2023-07-12T06:37:01.511+0000] {processor.py:836} INFO - DAG(s) dict_keys(['example_sensor_decorator']) retrieved from /home/airflow/.local/lib/python3.7/site-packages/airflow/example_dags/example_sensor_decorator.py
[2023-07-12T06:37:01.552+0000] {logging_mixin.py:150} INFO - [2023-07-12T06:37:01.552+0000] {dag.py:2742} INFO - Sync 1 DAGs
[2023-07-12T06:37:01.588+0000] {logging_mixin.py:150} INFO - [2023-07-12T06:37:01.588+0000] {dag.py:3508} INFO - Setting next_dagrun for example_sensor_decorator to None, run_after=None
[2023-07-12T06:37:01.619+0000] {processor.py:179} INFO - Processing /home/airflow/.local/lib/python3.7/site-packages/airflow/example_dags/example_sensor_decorator.py took 0.138 seconds
[2023-07-12T06:37:31.971+0000] {processor.py:157} INFO - Started process (PID=4221) to work on /home/airflow/.local/lib/python3.7/site-packages/airflow/example_dags/example_sensor_decorator.py
[2023-07-12T06:37:31.973+0000] {processor.py:826} INFO - Processing file /home/airflow/.local/lib/python3.7/site-packages/airflow/example_dags/example_sensor_decorator.py for tasks to queue
[2023-07-12T06:37:31.976+0000] {logging_mixin.py:150} INFO - [2023-07-12T06:37:31.975+0000] {dagbag.py:541} INFO - Filling up the DagBag from /home/airflow/.local/lib/python3.7/site-packages/airflow/example_dags/example_sensor_decorator.py
[2023-07-12T06:37:31.986+0000] {processor.py:836} INFO - DAG(s) dict_keys(['example_sensor_decorator']) retrieved from /home/airflow/.local/lib/python3.7/site-packages/airflow/example_dags/example_sensor_decorator.py
[2023-07-12T06:37:32.023+0000] {logging_mixin.py:150} INFO - [2023-07-12T06:37:32.022+0000] {dag.py:2742} INFO - Sync 1 DAGs
[2023-07-12T06:37:32.061+0000] {logging_mixin.py:150} INFO - [2023-07-12T06:37:32.061+0000] {dag.py:3508} INFO - Setting next_dagrun for example_sensor_decorator to None, run_after=None
[2023-07-12T06:37:32.091+0000] {processor.py:179} INFO - Processing /home/airflow/.local/lib/python3.7/site-packages/airflow/example_dags/example_sensor_decorator.py took 0.125 seconds
[2023-07-12T06:38:02.270+0000] {processor.py:157} INFO - Started process (PID=4456) to work on /home/airflow/.local/lib/python3.7/site-packages/airflow/example_dags/example_sensor_decorator.py
[2023-07-12T06:38:02.272+0000] {processor.py:826} INFO - Processing file /home/airflow/.local/lib/python3.7/site-packages/airflow/example_dags/example_sensor_decorator.py for tasks to queue
[2023-07-12T06:38:02.274+0000] {logging_mixin.py:150} INFO - [2023-07-12T06:38:02.274+0000] {dagbag.py:541} INFO - Filling up the DagBag from /home/airflow/.local/lib/python3.7/site-packages/airflow/example_dags/example_sensor_decorator.py
[2023-07-12T06:38:02.283+0000] {processor.py:836} INFO - DAG(s) dict_keys(['example_sensor_decorator']) retrieved from /home/airflow/.local/lib/python3.7/site-packages/airflow/example_dags/example_sensor_decorator.py
[2023-07-12T06:38:02.318+0000] {logging_mixin.py:150} INFO - [2023-07-12T06:38:02.318+0000] {dag.py:2742} INFO - Sync 1 DAGs
[2023-07-12T06:38:02.352+0000] {logging_mixin.py:150} INFO - [2023-07-12T06:38:02.352+0000] {dag.py:3508} INFO - Setting next_dagrun for example_sensor_decorator to None, run_after=None
[2023-07-12T06:38:02.383+0000] {processor.py:179} INFO - Processing /home/airflow/.local/lib/python3.7/site-packages/airflow/example_dags/example_sensor_decorator.py took 0.117 seconds
[2023-07-12T06:38:32.674+0000] {processor.py:157} INFO - Started process (PID=4697) to work on /home/airflow/.local/lib/python3.7/site-packages/airflow/example_dags/example_sensor_decorator.py
[2023-07-12T06:38:32.676+0000] {processor.py:826} INFO - Processing file /home/airflow/.local/lib/python3.7/site-packages/airflow/example_dags/example_sensor_decorator.py for tasks to queue
[2023-07-12T06:38:32.678+0000] {logging_mixin.py:150} INFO - [2023-07-12T06:38:32.678+0000] {dagbag.py:541} INFO - Filling up the DagBag from /home/airflow/.local/lib/python3.7/site-packages/airflow/example_dags/example_sensor_decorator.py
[2023-07-12T06:38:32.689+0000] {processor.py:836} INFO - DAG(s) dict_keys(['example_sensor_decorator']) retrieved from /home/airflow/.local/lib/python3.7/site-packages/airflow/example_dags/example_sensor_decorator.py
[2023-07-12T06:38:32.722+0000] {logging_mixin.py:150} INFO - [2023-07-12T06:38:32.721+0000] {dag.py:2742} INFO - Sync 1 DAGs
[2023-07-12T06:38:32.758+0000] {logging_mixin.py:150} INFO - [2023-07-12T06:38:32.757+0000] {dag.py:3508} INFO - Setting next_dagrun for example_sensor_decorator to None, run_after=None
[2023-07-12T06:38:32.788+0000] {processor.py:179} INFO - Processing /home/airflow/.local/lib/python3.7/site-packages/airflow/example_dags/example_sensor_decorator.py took 0.121 seconds
[2023-07-12T06:39:03.200+0000] {processor.py:157} INFO - Started process (PID=4938) to work on /home/airflow/.local/lib/python3.7/site-packages/airflow/example_dags/example_sensor_decorator.py
[2023-07-12T06:39:03.202+0000] {processor.py:826} INFO - Processing file /home/airflow/.local/lib/python3.7/site-packages/airflow/example_dags/example_sensor_decorator.py for tasks to queue
[2023-07-12T06:39:03.205+0000] {logging_mixin.py:150} INFO - [2023-07-12T06:39:03.204+0000] {dagbag.py:541} INFO - Filling up the DagBag from /home/airflow/.local/lib/python3.7/site-packages/airflow/example_dags/example_sensor_decorator.py
[2023-07-12T06:39:03.215+0000] {processor.py:836} INFO - DAG(s) dict_keys(['example_sensor_decorator']) retrieved from /home/airflow/.local/lib/python3.7/site-packages/airflow/example_dags/example_sensor_decorator.py
[2023-07-12T06:39:03.250+0000] {logging_mixin.py:150} INFO - [2023-07-12T06:39:03.249+0000] {dag.py:2742} INFO - Sync 1 DAGs
[2023-07-12T06:39:03.285+0000] {logging_mixin.py:150} INFO - [2023-07-12T06:39:03.285+0000] {dag.py:3508} INFO - Setting next_dagrun for example_sensor_decorator to None, run_after=None
[2023-07-12T06:39:03.317+0000] {processor.py:179} INFO - Processing /home/airflow/.local/lib/python3.7/site-packages/airflow/example_dags/example_sensor_decorator.py took 0.122 seconds
[2023-07-12T06:39:33.907+0000] {processor.py:157} INFO - Started process (PID=5179) to work on /home/airflow/.local/lib/python3.7/site-packages/airflow/example_dags/example_sensor_decorator.py
[2023-07-12T06:39:33.914+0000] {processor.py:826} INFO - Processing file /home/airflow/.local/lib/python3.7/site-packages/airflow/example_dags/example_sensor_decorator.py for tasks to queue
[2023-07-12T06:39:33.916+0000] {logging_mixin.py:150} INFO - [2023-07-12T06:39:33.915+0000] {dagbag.py:541} INFO - Filling up the DagBag from /home/airflow/.local/lib/python3.7/site-packages/airflow/example_dags/example_sensor_decorator.py
[2023-07-12T06:39:33.927+0000] {processor.py:836} INFO - DAG(s) dict_keys(['example_sensor_decorator']) retrieved from /home/airflow/.local/lib/python3.7/site-packages/airflow/example_dags/example_sensor_decorator.py
[2023-07-12T06:39:33.964+0000] {logging_mixin.py:150} INFO - [2023-07-12T06:39:33.964+0000] {dag.py:2742} INFO - Sync 1 DAGs
[2023-07-12T06:39:34.015+0000] {logging_mixin.py:150} INFO - [2023-07-12T06:39:34.015+0000] {dag.py:3508} INFO - Setting next_dagrun for example_sensor_decorator to None, run_after=None
[2023-07-12T06:39:34.046+0000] {processor.py:179} INFO - Processing /home/airflow/.local/lib/python3.7/site-packages/airflow/example_dags/example_sensor_decorator.py took 0.144 seconds
[2023-07-12T06:40:04.814+0000] {processor.py:157} INFO - Started process (PID=5427) to work on /home/airflow/.local/lib/python3.7/site-packages/airflow/example_dags/example_sensor_decorator.py
[2023-07-12T06:40:04.816+0000] {processor.py:826} INFO - Processing file /home/airflow/.local/lib/python3.7/site-packages/airflow/example_dags/example_sensor_decorator.py for tasks to queue
[2023-07-12T06:40:04.818+0000] {logging_mixin.py:150} INFO - [2023-07-12T06:40:04.818+0000] {dagbag.py:541} INFO - Filling up the DagBag from /home/airflow/.local/lib/python3.7/site-packages/airflow/example_dags/example_sensor_decorator.py
[2023-07-12T06:40:04.828+0000] {processor.py:836} INFO - DAG(s) dict_keys(['example_sensor_decorator']) retrieved from /home/airflow/.local/lib/python3.7/site-packages/airflow/example_dags/example_sensor_decorator.py
[2023-07-12T06:40:04.858+0000] {logging_mixin.py:150} INFO - [2023-07-12T06:40:04.858+0000] {dag.py:2742} INFO - Sync 1 DAGs
[2023-07-12T06:40:04.891+0000] {logging_mixin.py:150} INFO - [2023-07-12T06:40:04.891+0000] {dag.py:3508} INFO - Setting next_dagrun for example_sensor_decorator to None, run_after=None
[2023-07-12T06:40:04.928+0000] {processor.py:179} INFO - Processing /home/airflow/.local/lib/python3.7/site-packages/airflow/example_dags/example_sensor_decorator.py took 0.118 seconds
[2023-07-12T06:40:35.407+0000] {processor.py:157} INFO - Started process (PID=5668) to work on /home/airflow/.local/lib/python3.7/site-packages/airflow/example_dags/example_sensor_decorator.py
[2023-07-12T06:40:35.409+0000] {processor.py:826} INFO - Processing file /home/airflow/.local/lib/python3.7/site-packages/airflow/example_dags/example_sensor_decorator.py for tasks to queue
[2023-07-12T06:40:35.412+0000] {logging_mixin.py:150} INFO - [2023-07-12T06:40:35.412+0000] {dagbag.py:541} INFO - Filling up the DagBag from /home/airflow/.local/lib/python3.7/site-packages/airflow/example_dags/example_sensor_decorator.py
[2023-07-12T06:40:35.422+0000] {processor.py:836} INFO - DAG(s) dict_keys(['example_sensor_decorator']) retrieved from /home/airflow/.local/lib/python3.7/site-packages/airflow/example_dags/example_sensor_decorator.py
[2023-07-12T06:40:35.458+0000] {logging_mixin.py:150} INFO - [2023-07-12T06:40:35.457+0000] {dag.py:2742} INFO - Sync 1 DAGs
[2023-07-12T06:40:35.492+0000] {logging_mixin.py:150} INFO - [2023-07-12T06:40:35.491+0000] {dag.py:3508} INFO - Setting next_dagrun for example_sensor_decorator to None, run_after=None
[2023-07-12T06:40:35.542+0000] {processor.py:179} INFO - Processing /home/airflow/.local/lib/python3.7/site-packages/airflow/example_dags/example_sensor_decorator.py took 0.139 seconds
[2023-07-12T06:41:05.687+0000] {processor.py:157} INFO - Started process (PID=5909) to work on /home/airflow/.local/lib/python3.7/site-packages/airflow/example_dags/example_sensor_decorator.py
[2023-07-12T06:41:05.690+0000] {processor.py:826} INFO - Processing file /home/airflow/.local/lib/python3.7/site-packages/airflow/example_dags/example_sensor_decorator.py for tasks to queue
[2023-07-12T06:41:05.694+0000] {logging_mixin.py:150} INFO - [2023-07-12T06:41:05.693+0000] {dagbag.py:541} INFO - Filling up the DagBag from /home/airflow/.local/lib/python3.7/site-packages/airflow/example_dags/example_sensor_decorator.py
[2023-07-12T06:41:05.704+0000] {processor.py:836} INFO - DAG(s) dict_keys(['example_sensor_decorator']) retrieved from /home/airflow/.local/lib/python3.7/site-packages/airflow/example_dags/example_sensor_decorator.py
[2023-07-12T06:41:05.748+0000] {logging_mixin.py:150} INFO - [2023-07-12T06:41:05.748+0000] {dag.py:2742} INFO - Sync 1 DAGs
[2023-07-12T06:41:05.779+0000] {logging_mixin.py:150} INFO - [2023-07-12T06:41:05.778+0000] {dag.py:3508} INFO - Setting next_dagrun for example_sensor_decorator to None, run_after=None
[2023-07-12T06:41:05.805+0000] {processor.py:179} INFO - Processing /home/airflow/.local/lib/python3.7/site-packages/airflow/example_dags/example_sensor_decorator.py took 0.125 seconds
[2023-07-12T06:41:36.255+0000] {processor.py:157} INFO - Started process (PID=6150) to work on /home/airflow/.local/lib/python3.7/site-packages/airflow/example_dags/example_sensor_decorator.py
[2023-07-12T06:41:36.257+0000] {processor.py:826} INFO - Processing file /home/airflow/.local/lib/python3.7/site-packages/airflow/example_dags/example_sensor_decorator.py for tasks to queue
[2023-07-12T06:41:36.259+0000] {logging_mixin.py:150} INFO - [2023-07-12T06:41:36.259+0000] {dagbag.py:541} INFO - Filling up the DagBag from /home/airflow/.local/lib/python3.7/site-packages/airflow/example_dags/example_sensor_decorator.py
[2023-07-12T06:41:36.268+0000] {processor.py:836} INFO - DAG(s) dict_keys(['example_sensor_decorator']) retrieved from /home/airflow/.local/lib/python3.7/site-packages/airflow/example_dags/example_sensor_decorator.py
[2023-07-12T06:41:36.303+0000] {logging_mixin.py:150} INFO - [2023-07-12T06:41:36.303+0000] {dag.py:2742} INFO - Sync 1 DAGs
[2023-07-12T06:41:36.335+0000] {logging_mixin.py:150} INFO - [2023-07-12T06:41:36.334+0000] {dag.py:3508} INFO - Setting next_dagrun for example_sensor_decorator to None, run_after=None
[2023-07-12T06:41:36.363+0000] {processor.py:179} INFO - Processing /home/airflow/.local/lib/python3.7/site-packages/airflow/example_dags/example_sensor_decorator.py took 0.112 seconds
[2023-07-12T06:42:06.750+0000] {processor.py:157} INFO - Started process (PID=6392) to work on /home/airflow/.local/lib/python3.7/site-packages/airflow/example_dags/example_sensor_decorator.py
[2023-07-12T06:42:06.752+0000] {processor.py:826} INFO - Processing file /home/airflow/.local/lib/python3.7/site-packages/airflow/example_dags/example_sensor_decorator.py for tasks to queue
[2023-07-12T06:42:06.755+0000] {logging_mixin.py:150} INFO - [2023-07-12T06:42:06.754+0000] {dagbag.py:541} INFO - Filling up the DagBag from /home/airflow/.local/lib/python3.7/site-packages/airflow/example_dags/example_sensor_decorator.py
[2023-07-12T06:42:06.764+0000] {processor.py:836} INFO - DAG(s) dict_keys(['example_sensor_decorator']) retrieved from /home/airflow/.local/lib/python3.7/site-packages/airflow/example_dags/example_sensor_decorator.py
[2023-07-12T06:42:06.794+0000] {logging_mixin.py:150} INFO - [2023-07-12T06:42:06.794+0000] {dag.py:2742} INFO - Sync 1 DAGs
[2023-07-12T06:42:06.827+0000] {logging_mixin.py:150} INFO - [2023-07-12T06:42:06.827+0000] {dag.py:3508} INFO - Setting next_dagrun for example_sensor_decorator to None, run_after=None
[2023-07-12T06:42:06.855+0000] {processor.py:179} INFO - Processing /home/airflow/.local/lib/python3.7/site-packages/airflow/example_dags/example_sensor_decorator.py took 0.109 seconds
[2023-07-12T06:42:37.303+0000] {processor.py:157} INFO - Started process (PID=6633) to work on /home/airflow/.local/lib/python3.7/site-packages/airflow/example_dags/example_sensor_decorator.py
[2023-07-12T06:42:37.304+0000] {processor.py:826} INFO - Processing file /home/airflow/.local/lib/python3.7/site-packages/airflow/example_dags/example_sensor_decorator.py for tasks to queue
[2023-07-12T06:42:37.306+0000] {logging_mixin.py:150} INFO - [2023-07-12T06:42:37.306+0000] {dagbag.py:541} INFO - Filling up the DagBag from /home/airflow/.local/lib/python3.7/site-packages/airflow/example_dags/example_sensor_decorator.py
[2023-07-12T06:42:37.316+0000] {processor.py:836} INFO - DAG(s) dict_keys(['example_sensor_decorator']) retrieved from /home/airflow/.local/lib/python3.7/site-packages/airflow/example_dags/example_sensor_decorator.py
[2023-07-12T06:42:37.348+0000] {logging_mixin.py:150} INFO - [2023-07-12T06:42:37.347+0000] {dag.py:2742} INFO - Sync 1 DAGs
[2023-07-12T06:42:37.381+0000] {logging_mixin.py:150} INFO - [2023-07-12T06:42:37.381+0000] {dag.py:3508} INFO - Setting next_dagrun for example_sensor_decorator to None, run_after=None
[2023-07-12T06:42:37.409+0000] {processor.py:179} INFO - Processing /home/airflow/.local/lib/python3.7/site-packages/airflow/example_dags/example_sensor_decorator.py took 0.110 seconds
[2023-07-12T06:43:07.644+0000] {processor.py:157} INFO - Started process (PID=6874) to work on /home/airflow/.local/lib/python3.7/site-packages/airflow/example_dags/example_sensor_decorator.py
[2023-07-12T06:43:07.646+0000] {processor.py:826} INFO - Processing file /home/airflow/.local/lib/python3.7/site-packages/airflow/example_dags/example_sensor_decorator.py for tasks to queue
[2023-07-12T06:43:07.648+0000] {logging_mixin.py:150} INFO - [2023-07-12T06:43:07.648+0000] {dagbag.py:541} INFO - Filling up the DagBag from /home/airflow/.local/lib/python3.7/site-packages/airflow/example_dags/example_sensor_decorator.py
[2023-07-12T06:43:07.658+0000] {processor.py:836} INFO - DAG(s) dict_keys(['example_sensor_decorator']) retrieved from /home/airflow/.local/lib/python3.7/site-packages/airflow/example_dags/example_sensor_decorator.py
[2023-07-12T06:43:07.689+0000] {logging_mixin.py:150} INFO - [2023-07-12T06:43:07.689+0000] {dag.py:2742} INFO - Sync 1 DAGs
[2023-07-12T06:43:07.722+0000] {logging_mixin.py:150} INFO - [2023-07-12T06:43:07.721+0000] {dag.py:3508} INFO - Setting next_dagrun for example_sensor_decorator to None, run_after=None
[2023-07-12T06:43:07.751+0000] {processor.py:179} INFO - Processing /home/airflow/.local/lib/python3.7/site-packages/airflow/example_dags/example_sensor_decorator.py took 0.111 seconds
[2023-07-12T06:43:38.112+0000] {processor.py:157} INFO - Started process (PID=7115) to work on /home/airflow/.local/lib/python3.7/site-packages/airflow/example_dags/example_sensor_decorator.py
[2023-07-12T06:43:38.115+0000] {processor.py:826} INFO - Processing file /home/airflow/.local/lib/python3.7/site-packages/airflow/example_dags/example_sensor_decorator.py for tasks to queue
[2023-07-12T06:43:38.119+0000] {logging_mixin.py:150} INFO - [2023-07-12T06:43:38.118+0000] {dagbag.py:541} INFO - Filling up the DagBag from /home/airflow/.local/lib/python3.7/site-packages/airflow/example_dags/example_sensor_decorator.py
[2023-07-12T06:43:38.131+0000] {processor.py:836} INFO - DAG(s) dict_keys(['example_sensor_decorator']) retrieved from /home/airflow/.local/lib/python3.7/site-packages/airflow/example_dags/example_sensor_decorator.py
[2023-07-12T06:43:38.170+0000] {logging_mixin.py:150} INFO - [2023-07-12T06:43:38.170+0000] {dag.py:2742} INFO - Sync 1 DAGs
[2023-07-12T06:43:38.203+0000] {logging_mixin.py:150} INFO - [2023-07-12T06:43:38.202+0000] {dag.py:3508} INFO - Setting next_dagrun for example_sensor_decorator to None, run_after=None
[2023-07-12T06:43:38.231+0000] {processor.py:179} INFO - Processing /home/airflow/.local/lib/python3.7/site-packages/airflow/example_dags/example_sensor_decorator.py took 0.126 seconds
[2023-07-12T06:44:08.465+0000] {processor.py:157} INFO - Started process (PID=7356) to work on /home/airflow/.local/lib/python3.7/site-packages/airflow/example_dags/example_sensor_decorator.py
[2023-07-12T06:44:08.467+0000] {processor.py:826} INFO - Processing file /home/airflow/.local/lib/python3.7/site-packages/airflow/example_dags/example_sensor_decorator.py for tasks to queue
[2023-07-12T06:44:08.469+0000] {logging_mixin.py:150} INFO - [2023-07-12T06:44:08.468+0000] {dagbag.py:541} INFO - Filling up the DagBag from /home/airflow/.local/lib/python3.7/site-packages/airflow/example_dags/example_sensor_decorator.py
[2023-07-12T06:44:08.477+0000] {processor.py:836} INFO - DAG(s) dict_keys(['example_sensor_decorator']) retrieved from /home/airflow/.local/lib/python3.7/site-packages/airflow/example_dags/example_sensor_decorator.py
[2023-07-12T06:44:08.509+0000] {logging_mixin.py:150} INFO - [2023-07-12T06:44:08.509+0000] {dag.py:2742} INFO - Sync 1 DAGs
[2023-07-12T06:44:08.543+0000] {logging_mixin.py:150} INFO - [2023-07-12T06:44:08.543+0000] {dag.py:3508} INFO - Setting next_dagrun for example_sensor_decorator to None, run_after=None
[2023-07-12T06:44:08.572+0000] {processor.py:179} INFO - Processing /home/airflow/.local/lib/python3.7/site-packages/airflow/example_dags/example_sensor_decorator.py took 0.112 seconds
[2023-07-12T06:44:38.744+0000] {processor.py:157} INFO - Started process (PID=7597) to work on /home/airflow/.local/lib/python3.7/site-packages/airflow/example_dags/example_sensor_decorator.py
[2023-07-12T06:44:38.746+0000] {processor.py:826} INFO - Processing file /home/airflow/.local/lib/python3.7/site-packages/airflow/example_dags/example_sensor_decorator.py for tasks to queue
[2023-07-12T06:44:38.748+0000] {logging_mixin.py:150} INFO - [2023-07-12T06:44:38.748+0000] {dagbag.py:541} INFO - Filling up the DagBag from /home/airflow/.local/lib/python3.7/site-packages/airflow/example_dags/example_sensor_decorator.py
[2023-07-12T06:44:38.758+0000] {processor.py:836} INFO - DAG(s) dict_keys(['example_sensor_decorator']) retrieved from /home/airflow/.local/lib/python3.7/site-packages/airflow/example_dags/example_sensor_decorator.py
[2023-07-12T06:44:38.790+0000] {logging_mixin.py:150} INFO - [2023-07-12T06:44:38.790+0000] {dag.py:2742} INFO - Sync 1 DAGs
[2023-07-12T06:44:38.824+0000] {logging_mixin.py:150} INFO - [2023-07-12T06:44:38.824+0000] {dag.py:3508} INFO - Setting next_dagrun for example_sensor_decorator to None, run_after=None
[2023-07-12T06:44:38.850+0000] {processor.py:179} INFO - Processing /home/airflow/.local/lib/python3.7/site-packages/airflow/example_dags/example_sensor_decorator.py took 0.111 seconds
[2023-07-12T06:45:09.353+0000] {processor.py:157} INFO - Started process (PID=7838) to work on /home/airflow/.local/lib/python3.7/site-packages/airflow/example_dags/example_sensor_decorator.py
[2023-07-12T06:45:09.355+0000] {processor.py:826} INFO - Processing file /home/airflow/.local/lib/python3.7/site-packages/airflow/example_dags/example_sensor_decorator.py for tasks to queue
[2023-07-12T06:45:09.357+0000] {logging_mixin.py:150} INFO - [2023-07-12T06:45:09.356+0000] {dagbag.py:541} INFO - Filling up the DagBag from /home/airflow/.local/lib/python3.7/site-packages/airflow/example_dags/example_sensor_decorator.py
[2023-07-12T06:45:09.366+0000] {processor.py:836} INFO - DAG(s) dict_keys(['example_sensor_decorator']) retrieved from /home/airflow/.local/lib/python3.7/site-packages/airflow/example_dags/example_sensor_decorator.py
[2023-07-12T06:45:09.395+0000] {logging_mixin.py:150} INFO - [2023-07-12T06:45:09.395+0000] {dag.py:2742} INFO - Sync 1 DAGs
[2023-07-12T06:45:09.427+0000] {logging_mixin.py:150} INFO - [2023-07-12T06:45:09.427+0000] {dag.py:3508} INFO - Setting next_dagrun for example_sensor_decorator to None, run_after=None
[2023-07-12T06:45:09.460+0000] {processor.py:179} INFO - Processing /home/airflow/.local/lib/python3.7/site-packages/airflow/example_dags/example_sensor_decorator.py took 0.112 seconds
[2023-07-12T06:45:39.605+0000] {processor.py:157} INFO - Started process (PID=8079) to work on /home/airflow/.local/lib/python3.7/site-packages/airflow/example_dags/example_sensor_decorator.py
[2023-07-12T06:45:39.607+0000] {processor.py:826} INFO - Processing file /home/airflow/.local/lib/python3.7/site-packages/airflow/example_dags/example_sensor_decorator.py for tasks to queue
[2023-07-12T06:45:39.609+0000] {logging_mixin.py:150} INFO - [2023-07-12T06:45:39.609+0000] {dagbag.py:541} INFO - Filling up the DagBag from /home/airflow/.local/lib/python3.7/site-packages/airflow/example_dags/example_sensor_decorator.py
[2023-07-12T06:45:39.619+0000] {processor.py:836} INFO - DAG(s) dict_keys(['example_sensor_decorator']) retrieved from /home/airflow/.local/lib/python3.7/site-packages/airflow/example_dags/example_sensor_decorator.py
[2023-07-12T06:45:39.650+0000] {logging_mixin.py:150} INFO - [2023-07-12T06:45:39.650+0000] {dag.py:2742} INFO - Sync 1 DAGs
[2023-07-12T06:45:39.682+0000] {logging_mixin.py:150} INFO - [2023-07-12T06:45:39.682+0000] {dag.py:3508} INFO - Setting next_dagrun for example_sensor_decorator to None, run_after=None
[2023-07-12T06:45:39.711+0000] {processor.py:179} INFO - Processing /home/airflow/.local/lib/python3.7/site-packages/airflow/example_dags/example_sensor_decorator.py took 0.110 seconds
[2023-07-12T06:46:09.881+0000] {processor.py:157} INFO - Started process (PID=8320) to work on /home/airflow/.local/lib/python3.7/site-packages/airflow/example_dags/example_sensor_decorator.py
[2023-07-12T06:46:09.883+0000] {processor.py:826} INFO - Processing file /home/airflow/.local/lib/python3.7/site-packages/airflow/example_dags/example_sensor_decorator.py for tasks to queue
[2023-07-12T06:46:09.885+0000] {logging_mixin.py:150} INFO - [2023-07-12T06:46:09.885+0000] {dagbag.py:541} INFO - Filling up the DagBag from /home/airflow/.local/lib/python3.7/site-packages/airflow/example_dags/example_sensor_decorator.py
[2023-07-12T06:46:09.895+0000] {processor.py:836} INFO - DAG(s) dict_keys(['example_sensor_decorator']) retrieved from /home/airflow/.local/lib/python3.7/site-packages/airflow/example_dags/example_sensor_decorator.py
[2023-07-12T06:46:09.925+0000] {logging_mixin.py:150} INFO - [2023-07-12T06:46:09.925+0000] {dag.py:2742} INFO - Sync 1 DAGs
[2023-07-12T06:46:09.957+0000] {logging_mixin.py:150} INFO - [2023-07-12T06:46:09.956+0000] {dag.py:3508} INFO - Setting next_dagrun for example_sensor_decorator to None, run_after=None
[2023-07-12T06:46:09.986+0000] {processor.py:179} INFO - Processing /home/airflow/.local/lib/python3.7/site-packages/airflow/example_dags/example_sensor_decorator.py took 0.109 seconds
[2023-07-12T06:46:40.236+0000] {processor.py:157} INFO - Started process (PID=8561) to work on /home/airflow/.local/lib/python3.7/site-packages/airflow/example_dags/example_sensor_decorator.py
[2023-07-12T06:46:40.238+0000] {processor.py:826} INFO - Processing file /home/airflow/.local/lib/python3.7/site-packages/airflow/example_dags/example_sensor_decorator.py for tasks to queue
[2023-07-12T06:46:40.240+0000] {logging_mixin.py:150} INFO - [2023-07-12T06:46:40.240+0000] {dagbag.py:541} INFO - Filling up the DagBag from /home/airflow/.local/lib/python3.7/site-packages/airflow/example_dags/example_sensor_decorator.py
[2023-07-12T06:46:40.249+0000] {processor.py:836} INFO - DAG(s) dict_keys(['example_sensor_decorator']) retrieved from /home/airflow/.local/lib/python3.7/site-packages/airflow/example_dags/example_sensor_decorator.py
[2023-07-12T06:46:40.281+0000] {logging_mixin.py:150} INFO - [2023-07-12T06:46:40.280+0000] {dag.py:2742} INFO - Sync 1 DAGs
[2023-07-12T06:46:40.315+0000] {logging_mixin.py:150} INFO - [2023-07-12T06:46:40.315+0000] {dag.py:3508} INFO - Setting next_dagrun for example_sensor_decorator to None, run_after=None
[2023-07-12T06:46:40.344+0000] {processor.py:179} INFO - Processing /home/airflow/.local/lib/python3.7/site-packages/airflow/example_dags/example_sensor_decorator.py took 0.112 seconds
[2023-07-12T06:47:10.785+0000] {processor.py:157} INFO - Started process (PID=8801) to work on /home/airflow/.local/lib/python3.7/site-packages/airflow/example_dags/example_sensor_decorator.py
[2023-07-12T06:47:10.786+0000] {processor.py:826} INFO - Processing file /home/airflow/.local/lib/python3.7/site-packages/airflow/example_dags/example_sensor_decorator.py for tasks to queue
[2023-07-12T06:47:10.789+0000] {logging_mixin.py:150} INFO - [2023-07-12T06:47:10.788+0000] {dagbag.py:541} INFO - Filling up the DagBag from /home/airflow/.local/lib/python3.7/site-packages/airflow/example_dags/example_sensor_decorator.py
[2023-07-12T06:47:10.798+0000] {processor.py:836} INFO - DAG(s) dict_keys(['example_sensor_decorator']) retrieved from /home/airflow/.local/lib/python3.7/site-packages/airflow/example_dags/example_sensor_decorator.py
[2023-07-12T06:47:10.828+0000] {logging_mixin.py:150} INFO - [2023-07-12T06:47:10.828+0000] {dag.py:2742} INFO - Sync 1 DAGs
[2023-07-12T06:47:10.865+0000] {logging_mixin.py:150} INFO - [2023-07-12T06:47:10.864+0000] {dag.py:3508} INFO - Setting next_dagrun for example_sensor_decorator to None, run_after=None
[2023-07-12T06:47:10.901+0000] {processor.py:179} INFO - Processing /home/airflow/.local/lib/python3.7/site-packages/airflow/example_dags/example_sensor_decorator.py took 0.121 seconds
[2023-07-12T06:47:41.400+0000] {processor.py:157} INFO - Started process (PID=9041) to work on /home/airflow/.local/lib/python3.7/site-packages/airflow/example_dags/example_sensor_decorator.py
[2023-07-12T06:47:41.403+0000] {processor.py:826} INFO - Processing file /home/airflow/.local/lib/python3.7/site-packages/airflow/example_dags/example_sensor_decorator.py for tasks to queue
[2023-07-12T06:47:41.405+0000] {logging_mixin.py:150} INFO - [2023-07-12T06:47:41.404+0000] {dagbag.py:541} INFO - Filling up the DagBag from /home/airflow/.local/lib/python3.7/site-packages/airflow/example_dags/example_sensor_decorator.py
[2023-07-12T06:47:41.414+0000] {processor.py:836} INFO - DAG(s) dict_keys(['example_sensor_decorator']) retrieved from /home/airflow/.local/lib/python3.7/site-packages/airflow/example_dags/example_sensor_decorator.py
[2023-07-12T06:47:41.450+0000] {logging_mixin.py:150} INFO - [2023-07-12T06:47:41.450+0000] {dag.py:2742} INFO - Sync 1 DAGs
[2023-07-12T06:47:41.484+0000] {logging_mixin.py:150} INFO - [2023-07-12T06:47:41.484+0000] {dag.py:3508} INFO - Setting next_dagrun for example_sensor_decorator to None, run_after=None
[2023-07-12T06:47:41.515+0000] {processor.py:179} INFO - Processing /home/airflow/.local/lib/python3.7/site-packages/airflow/example_dags/example_sensor_decorator.py took 0.119 seconds
[2023-07-12T06:48:12.222+0000] {processor.py:157} INFO - Started process (PID=9282) to work on /home/airflow/.local/lib/python3.7/site-packages/airflow/example_dags/example_sensor_decorator.py
[2023-07-12T06:48:12.224+0000] {processor.py:826} INFO - Processing file /home/airflow/.local/lib/python3.7/site-packages/airflow/example_dags/example_sensor_decorator.py for tasks to queue
[2023-07-12T06:48:12.227+0000] {logging_mixin.py:150} INFO - [2023-07-12T06:48:12.226+0000] {dagbag.py:541} INFO - Filling up the DagBag from /home/airflow/.local/lib/python3.7/site-packages/airflow/example_dags/example_sensor_decorator.py
[2023-07-12T06:48:12.238+0000] {processor.py:836} INFO - DAG(s) dict_keys(['example_sensor_decorator']) retrieved from /home/airflow/.local/lib/python3.7/site-packages/airflow/example_dags/example_sensor_decorator.py
[2023-07-12T06:48:12.274+0000] {logging_mixin.py:150} INFO - [2023-07-12T06:48:12.274+0000] {dag.py:2742} INFO - Sync 1 DAGs
[2023-07-12T06:48:12.311+0000] {logging_mixin.py:150} INFO - [2023-07-12T06:48:12.311+0000] {dag.py:3508} INFO - Setting next_dagrun for example_sensor_decorator to None, run_after=None
[2023-07-12T06:48:12.345+0000] {processor.py:179} INFO - Processing /home/airflow/.local/lib/python3.7/site-packages/airflow/example_dags/example_sensor_decorator.py took 0.128 seconds
[2023-07-12T06:48:42.746+0000] {processor.py:157} INFO - Started process (PID=9523) to work on /home/airflow/.local/lib/python3.7/site-packages/airflow/example_dags/example_sensor_decorator.py
[2023-07-12T06:48:42.750+0000] {processor.py:826} INFO - Processing file /home/airflow/.local/lib/python3.7/site-packages/airflow/example_dags/example_sensor_decorator.py for tasks to queue
[2023-07-12T06:48:42.756+0000] {logging_mixin.py:150} INFO - [2023-07-12T06:48:42.755+0000] {dagbag.py:541} INFO - Filling up the DagBag from /home/airflow/.local/lib/python3.7/site-packages/airflow/example_dags/example_sensor_decorator.py
[2023-07-12T06:48:42.776+0000] {processor.py:836} INFO - DAG(s) dict_keys(['example_sensor_decorator']) retrieved from /home/airflow/.local/lib/python3.7/site-packages/airflow/example_dags/example_sensor_decorator.py
[2023-07-12T06:48:42.834+0000] {logging_mixin.py:150} INFO - [2023-07-12T06:48:42.834+0000] {dag.py:2742} INFO - Sync 1 DAGs
[2023-07-12T06:48:42.892+0000] {logging_mixin.py:150} INFO - [2023-07-12T06:48:42.892+0000] {dag.py:3508} INFO - Setting next_dagrun for example_sensor_decorator to None, run_after=None
[2023-07-12T06:48:42.928+0000] {processor.py:179} INFO - Processing /home/airflow/.local/lib/python3.7/site-packages/airflow/example_dags/example_sensor_decorator.py took 0.195 seconds
[2023-07-12T06:49:13.289+0000] {processor.py:157} INFO - Started process (PID=9764) to work on /home/airflow/.local/lib/python3.7/site-packages/airflow/example_dags/example_sensor_decorator.py
[2023-07-12T06:49:13.291+0000] {processor.py:826} INFO - Processing file /home/airflow/.local/lib/python3.7/site-packages/airflow/example_dags/example_sensor_decorator.py for tasks to queue
[2023-07-12T06:49:13.293+0000] {logging_mixin.py:150} INFO - [2023-07-12T06:49:13.293+0000] {dagbag.py:541} INFO - Filling up the DagBag from /home/airflow/.local/lib/python3.7/site-packages/airflow/example_dags/example_sensor_decorator.py
[2023-07-12T06:49:13.303+0000] {processor.py:836} INFO - DAG(s) dict_keys(['example_sensor_decorator']) retrieved from /home/airflow/.local/lib/python3.7/site-packages/airflow/example_dags/example_sensor_decorator.py
[2023-07-12T06:49:13.338+0000] {logging_mixin.py:150} INFO - [2023-07-12T06:49:13.338+0000] {dag.py:2742} INFO - Sync 1 DAGs
[2023-07-12T06:49:13.373+0000] {logging_mixin.py:150} INFO - [2023-07-12T06:49:13.373+0000] {dag.py:3508} INFO - Setting next_dagrun for example_sensor_decorator to None, run_after=None
[2023-07-12T06:49:13.405+0000] {processor.py:179} INFO - Processing /home/airflow/.local/lib/python3.7/site-packages/airflow/example_dags/example_sensor_decorator.py took 0.121 seconds
[2023-07-12T06:49:44.340+0000] {processor.py:157} INFO - Started process (PID=10005) to work on /home/airflow/.local/lib/python3.7/site-packages/airflow/example_dags/example_sensor_decorator.py
[2023-07-12T06:49:44.342+0000] {processor.py:826} INFO - Processing file /home/airflow/.local/lib/python3.7/site-packages/airflow/example_dags/example_sensor_decorator.py for tasks to queue
[2023-07-12T06:49:44.344+0000] {logging_mixin.py:150} INFO - [2023-07-12T06:49:44.344+0000] {dagbag.py:541} INFO - Filling up the DagBag from /home/airflow/.local/lib/python3.7/site-packages/airflow/example_dags/example_sensor_decorator.py
[2023-07-12T06:49:44.353+0000] {processor.py:836} INFO - DAG(s) dict_keys(['example_sensor_decorator']) retrieved from /home/airflow/.local/lib/python3.7/site-packages/airflow/example_dags/example_sensor_decorator.py
[2023-07-12T06:49:44.389+0000] {logging_mixin.py:150} INFO - [2023-07-12T06:49:44.388+0000] {dag.py:2742} INFO - Sync 1 DAGs
[2023-07-12T06:49:44.424+0000] {logging_mixin.py:150} INFO - [2023-07-12T06:49:44.424+0000] {dag.py:3508} INFO - Setting next_dagrun for example_sensor_decorator to None, run_after=None
[2023-07-12T06:49:44.457+0000] {processor.py:179} INFO - Processing /home/airflow/.local/lib/python3.7/site-packages/airflow/example_dags/example_sensor_decorator.py took 0.123 seconds
[2023-07-12T06:50:14.957+0000] {processor.py:157} INFO - Started process (PID=10246) to work on /home/airflow/.local/lib/python3.7/site-packages/airflow/example_dags/example_sensor_decorator.py
[2023-07-12T06:50:14.962+0000] {processor.py:826} INFO - Processing file /home/airflow/.local/lib/python3.7/site-packages/airflow/example_dags/example_sensor_decorator.py for tasks to queue
[2023-07-12T06:50:14.964+0000] {logging_mixin.py:150} INFO - [2023-07-12T06:50:14.964+0000] {dagbag.py:541} INFO - Filling up the DagBag from /home/airflow/.local/lib/python3.7/site-packages/airflow/example_dags/example_sensor_decorator.py
[2023-07-12T06:50:14.981+0000] {processor.py:836} INFO - DAG(s) dict_keys(['example_sensor_decorator']) retrieved from /home/airflow/.local/lib/python3.7/site-packages/airflow/example_dags/example_sensor_decorator.py
[2023-07-12T06:50:15.025+0000] {logging_mixin.py:150} INFO - [2023-07-12T06:50:15.024+0000] {dag.py:2742} INFO - Sync 1 DAGs
[2023-07-12T06:50:15.060+0000] {logging_mixin.py:150} INFO - [2023-07-12T06:50:15.060+0000] {dag.py:3508} INFO - Setting next_dagrun for example_sensor_decorator to None, run_after=None
[2023-07-12T06:50:15.092+0000] {processor.py:179} INFO - Processing /home/airflow/.local/lib/python3.7/site-packages/airflow/example_dags/example_sensor_decorator.py took 0.141 seconds
