[2023-07-12T06:29:19.158+0000] {processor.py:157} INFO - Started process (PID=264) to work on /home/airflow/.local/lib/python3.7/site-packages/airflow/example_dags/example_params_trigger_ui.py
[2023-07-12T06:29:19.162+0000] {processor.py:826} INFO - Processing file /home/airflow/.local/lib/python3.7/site-packages/airflow/example_dags/example_params_trigger_ui.py for tasks to queue
[2023-07-12T06:29:19.166+0000] {logging_mixin.py:150} INFO - [2023-07-12T06:29:19.165+0000] {dagbag.py:541} INFO - Filling up the DagBag from /home/airflow/.local/lib/python3.7/site-packages/airflow/example_dags/example_params_trigger_ui.py
[2023-07-12T06:29:19.226+0000] {processor.py:836} INFO - DAG(s) dict_keys(['example_params_trigger_ui']) retrieved from /home/airflow/.local/lib/python3.7/site-packages/airflow/example_dags/example_params_trigger_ui.py
[2023-07-12T06:29:19.440+0000] {logging_mixin.py:150} INFO - [2023-07-12T06:29:19.440+0000] {dag.py:2742} INFO - Sync 1 DAGs
[2023-07-12T06:29:19.528+0000] {logging_mixin.py:150} INFO - [2023-07-12T06:29:19.527+0000] {dag.py:3508} INFO - Setting next_dagrun for example_params_trigger_ui to None, run_after=None
[2023-07-12T06:29:19.620+0000] {processor.py:179} INFO - Processing /home/airflow/.local/lib/python3.7/site-packages/airflow/example_dags/example_params_trigger_ui.py took 0.475 seconds
[2023-07-12T06:29:50.397+0000] {processor.py:157} INFO - Started process (PID=501) to work on /home/airflow/.local/lib/python3.7/site-packages/airflow/example_dags/example_params_trigger_ui.py
[2023-07-12T06:29:50.400+0000] {processor.py:826} INFO - Processing file /home/airflow/.local/lib/python3.7/site-packages/airflow/example_dags/example_params_trigger_ui.py for tasks to queue
[2023-07-12T06:29:50.403+0000] {logging_mixin.py:150} INFO - [2023-07-12T06:29:50.402+0000] {dagbag.py:541} INFO - Filling up the DagBag from /home/airflow/.local/lib/python3.7/site-packages/airflow/example_dags/example_params_trigger_ui.py
[2023-07-12T06:29:50.434+0000] {processor.py:836} INFO - DAG(s) dict_keys(['example_params_trigger_ui']) retrieved from /home/airflow/.local/lib/python3.7/site-packages/airflow/example_dags/example_params_trigger_ui.py
[2023-07-12T06:29:50.556+0000] {logging_mixin.py:150} INFO - [2023-07-12T06:29:50.555+0000] {dag.py:2742} INFO - Sync 1 DAGs
[2023-07-12T06:29:50.601+0000] {logging_mixin.py:150} INFO - [2023-07-12T06:29:50.600+0000] {dag.py:3508} INFO - Setting next_dagrun for example_params_trigger_ui to None, run_after=None
[2023-07-12T06:29:50.640+0000] {processor.py:179} INFO - Processing /home/airflow/.local/lib/python3.7/site-packages/airflow/example_dags/example_params_trigger_ui.py took 0.247 seconds
[2023-07-12T06:30:20.861+0000] {processor.py:157} INFO - Started process (PID=742) to work on /home/airflow/.local/lib/python3.7/site-packages/airflow/example_dags/example_params_trigger_ui.py
[2023-07-12T06:30:20.865+0000] {processor.py:826} INFO - Processing file /home/airflow/.local/lib/python3.7/site-packages/airflow/example_dags/example_params_trigger_ui.py for tasks to queue
[2023-07-12T06:30:20.868+0000] {logging_mixin.py:150} INFO - [2023-07-12T06:30:20.867+0000] {dagbag.py:541} INFO - Filling up the DagBag from /home/airflow/.local/lib/python3.7/site-packages/airflow/example_dags/example_params_trigger_ui.py
[2023-07-12T06:30:20.903+0000] {processor.py:836} INFO - DAG(s) dict_keys(['example_params_trigger_ui']) retrieved from /home/airflow/.local/lib/python3.7/site-packages/airflow/example_dags/example_params_trigger_ui.py
[2023-07-12T06:30:21.039+0000] {logging_mixin.py:150} INFO - [2023-07-12T06:30:21.039+0000] {dag.py:2742} INFO - Sync 1 DAGs
[2023-07-12T06:30:21.080+0000] {logging_mixin.py:150} INFO - [2023-07-12T06:30:21.080+0000] {dag.py:3508} INFO - Setting next_dagrun for example_params_trigger_ui to None, run_after=None
[2023-07-12T06:30:21.113+0000] {processor.py:179} INFO - Processing /home/airflow/.local/lib/python3.7/site-packages/airflow/example_dags/example_params_trigger_ui.py took 0.257 seconds
[2023-07-12T06:30:51.297+0000] {processor.py:157} INFO - Started process (PID=988) to work on /home/airflow/.local/lib/python3.7/site-packages/airflow/example_dags/example_params_trigger_ui.py
[2023-07-12T06:30:51.304+0000] {processor.py:826} INFO - Processing file /home/airflow/.local/lib/python3.7/site-packages/airflow/example_dags/example_params_trigger_ui.py for tasks to queue
[2023-07-12T06:30:51.308+0000] {logging_mixin.py:150} INFO - [2023-07-12T06:30:51.307+0000] {dagbag.py:541} INFO - Filling up the DagBag from /home/airflow/.local/lib/python3.7/site-packages/airflow/example_dags/example_params_trigger_ui.py
[2023-07-12T06:30:51.343+0000] {processor.py:836} INFO - DAG(s) dict_keys(['example_params_trigger_ui']) retrieved from /home/airflow/.local/lib/python3.7/site-packages/airflow/example_dags/example_params_trigger_ui.py
[2023-07-12T06:30:51.454+0000] {logging_mixin.py:150} INFO - [2023-07-12T06:30:51.453+0000] {dag.py:2742} INFO - Sync 1 DAGs
[2023-07-12T06:30:51.494+0000] {logging_mixin.py:150} INFO - [2023-07-12T06:30:51.494+0000] {dag.py:3508} INFO - Setting next_dagrun for example_params_trigger_ui to None, run_after=None
[2023-07-12T06:30:51.543+0000] {processor.py:179} INFO - Processing /home/airflow/.local/lib/python3.7/site-packages/airflow/example_dags/example_params_trigger_ui.py took 0.252 seconds
[2023-07-12T06:31:22.335+0000] {processor.py:157} INFO - Started process (PID=1271) to work on /home/airflow/.local/lib/python3.7/site-packages/airflow/example_dags/example_params_trigger_ui.py
[2023-07-12T06:31:22.339+0000] {processor.py:826} INFO - Processing file /home/airflow/.local/lib/python3.7/site-packages/airflow/example_dags/example_params_trigger_ui.py for tasks to queue
[2023-07-12T06:31:22.342+0000] {logging_mixin.py:150} INFO - [2023-07-12T06:31:22.341+0000] {dagbag.py:541} INFO - Filling up the DagBag from /home/airflow/.local/lib/python3.7/site-packages/airflow/example_dags/example_params_trigger_ui.py
[2023-07-12T06:31:22.373+0000] {processor.py:836} INFO - DAG(s) dict_keys(['example_params_trigger_ui']) retrieved from /home/airflow/.local/lib/python3.7/site-packages/airflow/example_dags/example_params_trigger_ui.py
[2023-07-12T06:31:22.512+0000] {logging_mixin.py:150} INFO - [2023-07-12T06:31:22.512+0000] {dag.py:2742} INFO - Sync 1 DAGs
[2023-07-12T06:31:22.568+0000] {logging_mixin.py:150} INFO - [2023-07-12T06:31:22.568+0000] {dag.py:3508} INFO - Setting next_dagrun for example_params_trigger_ui to None, run_after=None
[2023-07-12T06:31:22.617+0000] {processor.py:179} INFO - Processing /home/airflow/.local/lib/python3.7/site-packages/airflow/example_dags/example_params_trigger_ui.py took 0.288 seconds
[2023-07-12T06:31:52.858+0000] {processor.py:157} INFO - Started process (PID=1512) to work on /home/airflow/.local/lib/python3.7/site-packages/airflow/example_dags/example_params_trigger_ui.py
[2023-07-12T06:31:52.861+0000] {processor.py:826} INFO - Processing file /home/airflow/.local/lib/python3.7/site-packages/airflow/example_dags/example_params_trigger_ui.py for tasks to queue
[2023-07-12T06:31:52.863+0000] {logging_mixin.py:150} INFO - [2023-07-12T06:31:52.863+0000] {dagbag.py:541} INFO - Filling up the DagBag from /home/airflow/.local/lib/python3.7/site-packages/airflow/example_dags/example_params_trigger_ui.py
[2023-07-12T06:31:52.894+0000] {processor.py:836} INFO - DAG(s) dict_keys(['example_params_trigger_ui']) retrieved from /home/airflow/.local/lib/python3.7/site-packages/airflow/example_dags/example_params_trigger_ui.py
[2023-07-12T06:31:53.003+0000] {logging_mixin.py:150} INFO - [2023-07-12T06:31:53.003+0000] {dag.py:2742} INFO - Sync 1 DAGs
[2023-07-12T06:31:53.043+0000] {logging_mixin.py:150} INFO - [2023-07-12T06:31:53.043+0000] {dag.py:3508} INFO - Setting next_dagrun for example_params_trigger_ui to None, run_after=None
[2023-07-12T06:31:53.073+0000] {processor.py:179} INFO - Processing /home/airflow/.local/lib/python3.7/site-packages/airflow/example_dags/example_params_trigger_ui.py took 0.221 seconds
[2023-07-12T06:32:23.270+0000] {processor.py:157} INFO - Started process (PID=1758) to work on /home/airflow/.local/lib/python3.7/site-packages/airflow/example_dags/example_params_trigger_ui.py
[2023-07-12T06:32:23.275+0000] {processor.py:826} INFO - Processing file /home/airflow/.local/lib/python3.7/site-packages/airflow/example_dags/example_params_trigger_ui.py for tasks to queue
[2023-07-12T06:32:23.278+0000] {logging_mixin.py:150} INFO - [2023-07-12T06:32:23.277+0000] {dagbag.py:541} INFO - Filling up the DagBag from /home/airflow/.local/lib/python3.7/site-packages/airflow/example_dags/example_params_trigger_ui.py
[2023-07-12T06:32:23.312+0000] {processor.py:836} INFO - DAG(s) dict_keys(['example_params_trigger_ui']) retrieved from /home/airflow/.local/lib/python3.7/site-packages/airflow/example_dags/example_params_trigger_ui.py
[2023-07-12T06:32:23.432+0000] {logging_mixin.py:150} INFO - [2023-07-12T06:32:23.432+0000] {dag.py:2742} INFO - Sync 1 DAGs
[2023-07-12T06:32:23.469+0000] {logging_mixin.py:150} INFO - [2023-07-12T06:32:23.469+0000] {dag.py:3508} INFO - Setting next_dagrun for example_params_trigger_ui to None, run_after=None
[2023-07-12T06:32:23.505+0000] {processor.py:179} INFO - Processing /home/airflow/.local/lib/python3.7/site-packages/airflow/example_dags/example_params_trigger_ui.py took 0.242 seconds
[2023-07-12T06:32:53.841+0000] {processor.py:157} INFO - Started process (PID=1994) to work on /home/airflow/.local/lib/python3.7/site-packages/airflow/example_dags/example_params_trigger_ui.py
[2023-07-12T06:32:53.844+0000] {processor.py:826} INFO - Processing file /home/airflow/.local/lib/python3.7/site-packages/airflow/example_dags/example_params_trigger_ui.py for tasks to queue
[2023-07-12T06:32:53.846+0000] {logging_mixin.py:150} INFO - [2023-07-12T06:32:53.846+0000] {dagbag.py:541} INFO - Filling up the DagBag from /home/airflow/.local/lib/python3.7/site-packages/airflow/example_dags/example_params_trigger_ui.py
[2023-07-12T06:32:53.877+0000] {processor.py:836} INFO - DAG(s) dict_keys(['example_params_trigger_ui']) retrieved from /home/airflow/.local/lib/python3.7/site-packages/airflow/example_dags/example_params_trigger_ui.py
[2023-07-12T06:32:53.992+0000] {logging_mixin.py:150} INFO - [2023-07-12T06:32:53.992+0000] {dag.py:2742} INFO - Sync 1 DAGs
[2023-07-12T06:32:54.036+0000] {logging_mixin.py:150} INFO - [2023-07-12T06:32:54.035+0000] {dag.py:3508} INFO - Setting next_dagrun for example_params_trigger_ui to None, run_after=None
[2023-07-12T06:32:54.071+0000] {processor.py:179} INFO - Processing /home/airflow/.local/lib/python3.7/site-packages/airflow/example_dags/example_params_trigger_ui.py took 0.235 seconds
[2023-07-12T06:33:24.298+0000] {processor.py:157} INFO - Started process (PID=2235) to work on /home/airflow/.local/lib/python3.7/site-packages/airflow/example_dags/example_params_trigger_ui.py
[2023-07-12T06:33:24.300+0000] {processor.py:826} INFO - Processing file /home/airflow/.local/lib/python3.7/site-packages/airflow/example_dags/example_params_trigger_ui.py for tasks to queue
[2023-07-12T06:33:24.303+0000] {logging_mixin.py:150} INFO - [2023-07-12T06:33:24.302+0000] {dagbag.py:541} INFO - Filling up the DagBag from /home/airflow/.local/lib/python3.7/site-packages/airflow/example_dags/example_params_trigger_ui.py
[2023-07-12T06:33:24.335+0000] {processor.py:836} INFO - DAG(s) dict_keys(['example_params_trigger_ui']) retrieved from /home/airflow/.local/lib/python3.7/site-packages/airflow/example_dags/example_params_trigger_ui.py
[2023-07-12T06:33:24.439+0000] {logging_mixin.py:150} INFO - [2023-07-12T06:33:24.439+0000] {dag.py:2742} INFO - Sync 1 DAGs
[2023-07-12T06:33:24.499+0000] {logging_mixin.py:150} INFO - [2023-07-12T06:33:24.498+0000] {dag.py:3508} INFO - Setting next_dagrun for example_params_trigger_ui to None, run_after=None
[2023-07-12T06:33:24.540+0000] {processor.py:179} INFO - Processing /home/airflow/.local/lib/python3.7/site-packages/airflow/example_dags/example_params_trigger_ui.py took 0.250 seconds
[2023-07-12T06:33:54.706+0000] {processor.py:157} INFO - Started process (PID=2476) to work on /home/airflow/.local/lib/python3.7/site-packages/airflow/example_dags/example_params_trigger_ui.py
[2023-07-12T06:33:54.709+0000] {processor.py:826} INFO - Processing file /home/airflow/.local/lib/python3.7/site-packages/airflow/example_dags/example_params_trigger_ui.py for tasks to queue
[2023-07-12T06:33:54.713+0000] {logging_mixin.py:150} INFO - [2023-07-12T06:33:54.712+0000] {dagbag.py:541} INFO - Filling up the DagBag from /home/airflow/.local/lib/python3.7/site-packages/airflow/example_dags/example_params_trigger_ui.py
[2023-07-12T06:33:54.743+0000] {processor.py:836} INFO - DAG(s) dict_keys(['example_params_trigger_ui']) retrieved from /home/airflow/.local/lib/python3.7/site-packages/airflow/example_dags/example_params_trigger_ui.py
[2023-07-12T06:33:54.853+0000] {logging_mixin.py:150} INFO - [2023-07-12T06:33:54.853+0000] {dag.py:2742} INFO - Sync 1 DAGs
[2023-07-12T06:33:54.895+0000] {logging_mixin.py:150} INFO - [2023-07-12T06:33:54.895+0000] {dag.py:3508} INFO - Setting next_dagrun for example_params_trigger_ui to None, run_after=None
[2023-07-12T06:33:54.937+0000] {processor.py:179} INFO - Processing /home/airflow/.local/lib/python3.7/site-packages/airflow/example_dags/example_params_trigger_ui.py took 0.237 seconds
[2023-07-12T06:34:25.180+0000] {processor.py:157} INFO - Started process (PID=2717) to work on /home/airflow/.local/lib/python3.7/site-packages/airflow/example_dags/example_params_trigger_ui.py
[2023-07-12T06:34:25.184+0000] {processor.py:826} INFO - Processing file /home/airflow/.local/lib/python3.7/site-packages/airflow/example_dags/example_params_trigger_ui.py for tasks to queue
[2023-07-12T06:34:25.187+0000] {logging_mixin.py:150} INFO - [2023-07-12T06:34:25.187+0000] {dagbag.py:541} INFO - Filling up the DagBag from /home/airflow/.local/lib/python3.7/site-packages/airflow/example_dags/example_params_trigger_ui.py
[2023-07-12T06:34:25.247+0000] {processor.py:836} INFO - DAG(s) dict_keys(['example_params_trigger_ui']) retrieved from /home/airflow/.local/lib/python3.7/site-packages/airflow/example_dags/example_params_trigger_ui.py
[2023-07-12T06:34:25.394+0000] {logging_mixin.py:150} INFO - [2023-07-12T06:34:25.394+0000] {dag.py:2742} INFO - Sync 1 DAGs
[2023-07-12T06:34:25.439+0000] {logging_mixin.py:150} INFO - [2023-07-12T06:34:25.438+0000] {dag.py:3508} INFO - Setting next_dagrun for example_params_trigger_ui to None, run_after=None
[2023-07-12T06:34:25.476+0000] {processor.py:179} INFO - Processing /home/airflow/.local/lib/python3.7/site-packages/airflow/example_dags/example_params_trigger_ui.py took 0.301 seconds
[2023-07-12T06:34:56.079+0000] {processor.py:157} INFO - Started process (PID=2958) to work on /home/airflow/.local/lib/python3.7/site-packages/airflow/example_dags/example_params_trigger_ui.py
[2023-07-12T06:34:56.082+0000] {processor.py:826} INFO - Processing file /home/airflow/.local/lib/python3.7/site-packages/airflow/example_dags/example_params_trigger_ui.py for tasks to queue
[2023-07-12T06:34:56.084+0000] {logging_mixin.py:150} INFO - [2023-07-12T06:34:56.084+0000] {dagbag.py:541} INFO - Filling up the DagBag from /home/airflow/.local/lib/python3.7/site-packages/airflow/example_dags/example_params_trigger_ui.py
[2023-07-12T06:34:56.128+0000] {processor.py:836} INFO - DAG(s) dict_keys(['example_params_trigger_ui']) retrieved from /home/airflow/.local/lib/python3.7/site-packages/airflow/example_dags/example_params_trigger_ui.py
[2023-07-12T06:34:56.254+0000] {logging_mixin.py:150} INFO - [2023-07-12T06:34:56.253+0000] {dag.py:2742} INFO - Sync 1 DAGs
[2023-07-12T06:34:56.304+0000] {logging_mixin.py:150} INFO - [2023-07-12T06:34:56.304+0000] {dag.py:3508} INFO - Setting next_dagrun for example_params_trigger_ui to None, run_after=None
[2023-07-12T06:34:56.345+0000] {processor.py:179} INFO - Processing /home/airflow/.local/lib/python3.7/site-packages/airflow/example_dags/example_params_trigger_ui.py took 0.274 seconds
[2023-07-12T06:35:26.472+0000] {processor.py:157} INFO - Started process (PID=3202) to work on /home/airflow/.local/lib/python3.7/site-packages/airflow/example_dags/example_params_trigger_ui.py
[2023-07-12T06:35:26.475+0000] {processor.py:826} INFO - Processing file /home/airflow/.local/lib/python3.7/site-packages/airflow/example_dags/example_params_trigger_ui.py for tasks to queue
[2023-07-12T06:35:26.479+0000] {logging_mixin.py:150} INFO - [2023-07-12T06:35:26.479+0000] {dagbag.py:541} INFO - Filling up the DagBag from /home/airflow/.local/lib/python3.7/site-packages/airflow/example_dags/example_params_trigger_ui.py
[2023-07-12T06:35:26.527+0000] {processor.py:836} INFO - DAG(s) dict_keys(['example_params_trigger_ui']) retrieved from /home/airflow/.local/lib/python3.7/site-packages/airflow/example_dags/example_params_trigger_ui.py
[2023-07-12T06:35:26.648+0000] {logging_mixin.py:150} INFO - [2023-07-12T06:35:26.648+0000] {dag.py:2742} INFO - Sync 1 DAGs
[2023-07-12T06:35:26.687+0000] {logging_mixin.py:150} INFO - [2023-07-12T06:35:26.686+0000] {dag.py:3508} INFO - Setting next_dagrun for example_params_trigger_ui to None, run_after=None
[2023-07-12T06:35:26.719+0000] {processor.py:179} INFO - Processing /home/airflow/.local/lib/python3.7/site-packages/airflow/example_dags/example_params_trigger_ui.py took 0.253 seconds
[2023-07-12T06:35:56.793+0000] {processor.py:157} INFO - Started process (PID=3450) to work on /home/airflow/.local/lib/python3.7/site-packages/airflow/example_dags/example_params_trigger_ui.py
[2023-07-12T06:35:56.795+0000] {processor.py:826} INFO - Processing file /home/airflow/.local/lib/python3.7/site-packages/airflow/example_dags/example_params_trigger_ui.py for tasks to queue
[2023-07-12T06:35:56.798+0000] {logging_mixin.py:150} INFO - [2023-07-12T06:35:56.797+0000] {dagbag.py:541} INFO - Filling up the DagBag from /home/airflow/.local/lib/python3.7/site-packages/airflow/example_dags/example_params_trigger_ui.py
[2023-07-12T06:35:56.827+0000] {processor.py:836} INFO - DAG(s) dict_keys(['example_params_trigger_ui']) retrieved from /home/airflow/.local/lib/python3.7/site-packages/airflow/example_dags/example_params_trigger_ui.py
[2023-07-12T06:35:56.927+0000] {logging_mixin.py:150} INFO - [2023-07-12T06:35:56.927+0000] {dag.py:2742} INFO - Sync 1 DAGs
[2023-07-12T06:35:56.965+0000] {logging_mixin.py:150} INFO - [2023-07-12T06:35:56.965+0000] {dag.py:3508} INFO - Setting next_dagrun for example_params_trigger_ui to None, run_after=None
[2023-07-12T06:35:56.995+0000] {processor.py:179} INFO - Processing /home/airflow/.local/lib/python3.7/site-packages/airflow/example_dags/example_params_trigger_ui.py took 0.207 seconds
[2023-07-12T06:36:27.960+0000] {processor.py:157} INFO - Started process (PID=3691) to work on /home/airflow/.local/lib/python3.7/site-packages/airflow/example_dags/example_params_trigger_ui.py
[2023-07-12T06:36:27.963+0000] {processor.py:826} INFO - Processing file /home/airflow/.local/lib/python3.7/site-packages/airflow/example_dags/example_params_trigger_ui.py for tasks to queue
[2023-07-12T06:36:27.965+0000] {logging_mixin.py:150} INFO - [2023-07-12T06:36:27.964+0000] {dagbag.py:541} INFO - Filling up the DagBag from /home/airflow/.local/lib/python3.7/site-packages/airflow/example_dags/example_params_trigger_ui.py
[2023-07-12T06:36:27.997+0000] {processor.py:836} INFO - DAG(s) dict_keys(['example_params_trigger_ui']) retrieved from /home/airflow/.local/lib/python3.7/site-packages/airflow/example_dags/example_params_trigger_ui.py
[2023-07-12T06:36:28.111+0000] {logging_mixin.py:150} INFO - [2023-07-12T06:36:28.111+0000] {dag.py:2742} INFO - Sync 1 DAGs
[2023-07-12T06:36:28.152+0000] {logging_mixin.py:150} INFO - [2023-07-12T06:36:28.151+0000] {dag.py:3508} INFO - Setting next_dagrun for example_params_trigger_ui to None, run_after=None
[2023-07-12T06:36:28.194+0000] {processor.py:179} INFO - Processing /home/airflow/.local/lib/python3.7/site-packages/airflow/example_dags/example_params_trigger_ui.py took 0.239 seconds
[2023-07-12T06:36:58.576+0000] {processor.py:157} INFO - Started process (PID=3932) to work on /home/airflow/.local/lib/python3.7/site-packages/airflow/example_dags/example_params_trigger_ui.py
[2023-07-12T06:36:58.578+0000] {processor.py:826} INFO - Processing file /home/airflow/.local/lib/python3.7/site-packages/airflow/example_dags/example_params_trigger_ui.py for tasks to queue
[2023-07-12T06:36:58.581+0000] {logging_mixin.py:150} INFO - [2023-07-12T06:36:58.580+0000] {dagbag.py:541} INFO - Filling up the DagBag from /home/airflow/.local/lib/python3.7/site-packages/airflow/example_dags/example_params_trigger_ui.py
[2023-07-12T06:36:58.611+0000] {processor.py:836} INFO - DAG(s) dict_keys(['example_params_trigger_ui']) retrieved from /home/airflow/.local/lib/python3.7/site-packages/airflow/example_dags/example_params_trigger_ui.py
[2023-07-12T06:36:58.720+0000] {logging_mixin.py:150} INFO - [2023-07-12T06:36:58.719+0000] {dag.py:2742} INFO - Sync 1 DAGs
[2023-07-12T06:36:58.764+0000] {logging_mixin.py:150} INFO - [2023-07-12T06:36:58.764+0000] {dag.py:3508} INFO - Setting next_dagrun for example_params_trigger_ui to None, run_after=None
[2023-07-12T06:36:58.804+0000] {processor.py:179} INFO - Processing /home/airflow/.local/lib/python3.7/site-packages/airflow/example_dags/example_params_trigger_ui.py took 0.235 seconds
[2023-07-12T06:37:29.047+0000] {processor.py:157} INFO - Started process (PID=4173) to work on /home/airflow/.local/lib/python3.7/site-packages/airflow/example_dags/example_params_trigger_ui.py
[2023-07-12T06:37:29.049+0000] {processor.py:826} INFO - Processing file /home/airflow/.local/lib/python3.7/site-packages/airflow/example_dags/example_params_trigger_ui.py for tasks to queue
[2023-07-12T06:37:29.052+0000] {logging_mixin.py:150} INFO - [2023-07-12T06:37:29.051+0000] {dagbag.py:541} INFO - Filling up the DagBag from /home/airflow/.local/lib/python3.7/site-packages/airflow/example_dags/example_params_trigger_ui.py
[2023-07-12T06:37:29.085+0000] {processor.py:836} INFO - DAG(s) dict_keys(['example_params_trigger_ui']) retrieved from /home/airflow/.local/lib/python3.7/site-packages/airflow/example_dags/example_params_trigger_ui.py
[2023-07-12T06:37:29.195+0000] {logging_mixin.py:150} INFO - [2023-07-12T06:37:29.195+0000] {dag.py:2742} INFO - Sync 1 DAGs
[2023-07-12T06:37:29.231+0000] {logging_mixin.py:150} INFO - [2023-07-12T06:37:29.231+0000] {dag.py:3508} INFO - Setting next_dagrun for example_params_trigger_ui to None, run_after=None
[2023-07-12T06:37:29.270+0000] {processor.py:179} INFO - Processing /home/airflow/.local/lib/python3.7/site-packages/airflow/example_dags/example_params_trigger_ui.py took 0.229 seconds
[2023-07-12T06:37:59.553+0000] {processor.py:157} INFO - Started process (PID=4413) to work on /home/airflow/.local/lib/python3.7/site-packages/airflow/example_dags/example_params_trigger_ui.py
[2023-07-12T06:37:59.556+0000] {processor.py:826} INFO - Processing file /home/airflow/.local/lib/python3.7/site-packages/airflow/example_dags/example_params_trigger_ui.py for tasks to queue
[2023-07-12T06:37:59.558+0000] {logging_mixin.py:150} INFO - [2023-07-12T06:37:59.558+0000] {dagbag.py:541} INFO - Filling up the DagBag from /home/airflow/.local/lib/python3.7/site-packages/airflow/example_dags/example_params_trigger_ui.py
[2023-07-12T06:37:59.589+0000] {processor.py:836} INFO - DAG(s) dict_keys(['example_params_trigger_ui']) retrieved from /home/airflow/.local/lib/python3.7/site-packages/airflow/example_dags/example_params_trigger_ui.py
[2023-07-12T06:37:59.698+0000] {logging_mixin.py:150} INFO - [2023-07-12T06:37:59.698+0000] {dag.py:2742} INFO - Sync 1 DAGs
[2023-07-12T06:37:59.734+0000] {logging_mixin.py:150} INFO - [2023-07-12T06:37:59.734+0000] {dag.py:3508} INFO - Setting next_dagrun for example_params_trigger_ui to None, run_after=None
[2023-07-12T06:37:59.767+0000] {processor.py:179} INFO - Processing /home/airflow/.local/lib/python3.7/site-packages/airflow/example_dags/example_params_trigger_ui.py took 0.222 seconds
[2023-07-12T06:38:29.950+0000] {processor.py:157} INFO - Started process (PID=4654) to work on /home/airflow/.local/lib/python3.7/site-packages/airflow/example_dags/example_params_trigger_ui.py
[2023-07-12T06:38:29.952+0000] {processor.py:826} INFO - Processing file /home/airflow/.local/lib/python3.7/site-packages/airflow/example_dags/example_params_trigger_ui.py for tasks to queue
[2023-07-12T06:38:29.954+0000] {logging_mixin.py:150} INFO - [2023-07-12T06:38:29.954+0000] {dagbag.py:541} INFO - Filling up the DagBag from /home/airflow/.local/lib/python3.7/site-packages/airflow/example_dags/example_params_trigger_ui.py
[2023-07-12T06:38:29.986+0000] {processor.py:836} INFO - DAG(s) dict_keys(['example_params_trigger_ui']) retrieved from /home/airflow/.local/lib/python3.7/site-packages/airflow/example_dags/example_params_trigger_ui.py
[2023-07-12T06:38:30.095+0000] {logging_mixin.py:150} INFO - [2023-07-12T06:38:30.094+0000] {dag.py:2742} INFO - Sync 1 DAGs
[2023-07-12T06:38:30.142+0000] {logging_mixin.py:150} INFO - [2023-07-12T06:38:30.142+0000] {dag.py:3508} INFO - Setting next_dagrun for example_params_trigger_ui to None, run_after=None
[2023-07-12T06:38:30.178+0000] {processor.py:179} INFO - Processing /home/airflow/.local/lib/python3.7/site-packages/airflow/example_dags/example_params_trigger_ui.py took 0.234 seconds
[2023-07-12T06:39:00.483+0000] {processor.py:157} INFO - Started process (PID=4895) to work on /home/airflow/.local/lib/python3.7/site-packages/airflow/example_dags/example_params_trigger_ui.py
[2023-07-12T06:39:00.484+0000] {processor.py:826} INFO - Processing file /home/airflow/.local/lib/python3.7/site-packages/airflow/example_dags/example_params_trigger_ui.py for tasks to queue
[2023-07-12T06:39:00.486+0000] {logging_mixin.py:150} INFO - [2023-07-12T06:39:00.486+0000] {dagbag.py:541} INFO - Filling up the DagBag from /home/airflow/.local/lib/python3.7/site-packages/airflow/example_dags/example_params_trigger_ui.py
[2023-07-12T06:39:00.516+0000] {processor.py:836} INFO - DAG(s) dict_keys(['example_params_trigger_ui']) retrieved from /home/airflow/.local/lib/python3.7/site-packages/airflow/example_dags/example_params_trigger_ui.py
[2023-07-12T06:39:00.626+0000] {logging_mixin.py:150} INFO - [2023-07-12T06:39:00.626+0000] {dag.py:2742} INFO - Sync 1 DAGs
[2023-07-12T06:39:00.662+0000] {logging_mixin.py:150} INFO - [2023-07-12T06:39:00.662+0000] {dag.py:3508} INFO - Setting next_dagrun for example_params_trigger_ui to None, run_after=None
[2023-07-12T06:39:00.700+0000] {processor.py:179} INFO - Processing /home/airflow/.local/lib/python3.7/site-packages/airflow/example_dags/example_params_trigger_ui.py took 0.223 seconds
[2023-07-12T06:39:31.181+0000] {processor.py:157} INFO - Started process (PID=5136) to work on /home/airflow/.local/lib/python3.7/site-packages/airflow/example_dags/example_params_trigger_ui.py
[2023-07-12T06:39:31.183+0000] {processor.py:826} INFO - Processing file /home/airflow/.local/lib/python3.7/site-packages/airflow/example_dags/example_params_trigger_ui.py for tasks to queue
[2023-07-12T06:39:31.186+0000] {logging_mixin.py:150} INFO - [2023-07-12T06:39:31.186+0000] {dagbag.py:541} INFO - Filling up the DagBag from /home/airflow/.local/lib/python3.7/site-packages/airflow/example_dags/example_params_trigger_ui.py
[2023-07-12T06:39:31.219+0000] {processor.py:836} INFO - DAG(s) dict_keys(['example_params_trigger_ui']) retrieved from /home/airflow/.local/lib/python3.7/site-packages/airflow/example_dags/example_params_trigger_ui.py
[2023-07-12T06:39:31.325+0000] {logging_mixin.py:150} INFO - [2023-07-12T06:39:31.325+0000] {dag.py:2742} INFO - Sync 1 DAGs
[2023-07-12T06:39:31.360+0000] {logging_mixin.py:150} INFO - [2023-07-12T06:39:31.360+0000] {dag.py:3508} INFO - Setting next_dagrun for example_params_trigger_ui to None, run_after=None
[2023-07-12T06:39:31.400+0000] {processor.py:179} INFO - Processing /home/airflow/.local/lib/python3.7/site-packages/airflow/example_dags/example_params_trigger_ui.py took 0.226 seconds
[2023-07-12T06:40:02.103+0000] {processor.py:157} INFO - Started process (PID=5377) to work on /home/airflow/.local/lib/python3.7/site-packages/airflow/example_dags/example_params_trigger_ui.py
[2023-07-12T06:40:02.106+0000] {processor.py:826} INFO - Processing file /home/airflow/.local/lib/python3.7/site-packages/airflow/example_dags/example_params_trigger_ui.py for tasks to queue
[2023-07-12T06:40:02.109+0000] {logging_mixin.py:150} INFO - [2023-07-12T06:40:02.108+0000] {dagbag.py:541} INFO - Filling up the DagBag from /home/airflow/.local/lib/python3.7/site-packages/airflow/example_dags/example_params_trigger_ui.py
[2023-07-12T06:40:02.141+0000] {processor.py:836} INFO - DAG(s) dict_keys(['example_params_trigger_ui']) retrieved from /home/airflow/.local/lib/python3.7/site-packages/airflow/example_dags/example_params_trigger_ui.py
[2023-07-12T06:40:02.252+0000] {logging_mixin.py:150} INFO - [2023-07-12T06:40:02.252+0000] {dag.py:2742} INFO - Sync 1 DAGs
[2023-07-12T06:40:02.289+0000] {logging_mixin.py:150} INFO - [2023-07-12T06:40:02.289+0000] {dag.py:3508} INFO - Setting next_dagrun for example_params_trigger_ui to None, run_after=None
[2023-07-12T06:40:02.324+0000] {processor.py:179} INFO - Processing /home/airflow/.local/lib/python3.7/site-packages/airflow/example_dags/example_params_trigger_ui.py took 0.225 seconds
[2023-07-12T06:40:32.700+0000] {processor.py:157} INFO - Started process (PID=5618) to work on /home/airflow/.local/lib/python3.7/site-packages/airflow/example_dags/example_params_trigger_ui.py
[2023-07-12T06:40:32.702+0000] {processor.py:826} INFO - Processing file /home/airflow/.local/lib/python3.7/site-packages/airflow/example_dags/example_params_trigger_ui.py for tasks to queue
[2023-07-12T06:40:32.705+0000] {logging_mixin.py:150} INFO - [2023-07-12T06:40:32.704+0000] {dagbag.py:541} INFO - Filling up the DagBag from /home/airflow/.local/lib/python3.7/site-packages/airflow/example_dags/example_params_trigger_ui.py
[2023-07-12T06:40:32.736+0000] {processor.py:836} INFO - DAG(s) dict_keys(['example_params_trigger_ui']) retrieved from /home/airflow/.local/lib/python3.7/site-packages/airflow/example_dags/example_params_trigger_ui.py
[2023-07-12T06:40:32.842+0000] {logging_mixin.py:150} INFO - [2023-07-12T06:40:32.842+0000] {dag.py:2742} INFO - Sync 1 DAGs
[2023-07-12T06:40:32.874+0000] {logging_mixin.py:150} INFO - [2023-07-12T06:40:32.874+0000] {dag.py:3508} INFO - Setting next_dagrun for example_params_trigger_ui to None, run_after=None
[2023-07-12T06:40:32.904+0000] {processor.py:179} INFO - Processing /home/airflow/.local/lib/python3.7/site-packages/airflow/example_dags/example_params_trigger_ui.py took 0.209 seconds
[2023-07-12T06:41:02.989+0000] {processor.py:157} INFO - Started process (PID=5859) to work on /home/airflow/.local/lib/python3.7/site-packages/airflow/example_dags/example_params_trigger_ui.py
[2023-07-12T06:41:02.992+0000] {processor.py:826} INFO - Processing file /home/airflow/.local/lib/python3.7/site-packages/airflow/example_dags/example_params_trigger_ui.py for tasks to queue
[2023-07-12T06:41:02.994+0000] {logging_mixin.py:150} INFO - [2023-07-12T06:41:02.993+0000] {dagbag.py:541} INFO - Filling up the DagBag from /home/airflow/.local/lib/python3.7/site-packages/airflow/example_dags/example_params_trigger_ui.py
[2023-07-12T06:41:03.021+0000] {processor.py:836} INFO - DAG(s) dict_keys(['example_params_trigger_ui']) retrieved from /home/airflow/.local/lib/python3.7/site-packages/airflow/example_dags/example_params_trigger_ui.py
[2023-07-12T06:41:03.122+0000] {logging_mixin.py:150} INFO - [2023-07-12T06:41:03.121+0000] {dag.py:2742} INFO - Sync 1 DAGs
[2023-07-12T06:41:03.167+0000] {logging_mixin.py:150} INFO - [2023-07-12T06:41:03.167+0000] {dag.py:3508} INFO - Setting next_dagrun for example_params_trigger_ui to None, run_after=None
[2023-07-12T06:41:03.200+0000] {processor.py:179} INFO - Processing /home/airflow/.local/lib/python3.7/site-packages/airflow/example_dags/example_params_trigger_ui.py took 0.217 seconds
[2023-07-12T06:41:33.564+0000] {processor.py:157} INFO - Started process (PID=6100) to work on /home/airflow/.local/lib/python3.7/site-packages/airflow/example_dags/example_params_trigger_ui.py
[2023-07-12T06:41:33.566+0000] {processor.py:826} INFO - Processing file /home/airflow/.local/lib/python3.7/site-packages/airflow/example_dags/example_params_trigger_ui.py for tasks to queue
[2023-07-12T06:41:33.568+0000] {logging_mixin.py:150} INFO - [2023-07-12T06:41:33.568+0000] {dagbag.py:541} INFO - Filling up the DagBag from /home/airflow/.local/lib/python3.7/site-packages/airflow/example_dags/example_params_trigger_ui.py
[2023-07-12T06:41:33.597+0000] {processor.py:836} INFO - DAG(s) dict_keys(['example_params_trigger_ui']) retrieved from /home/airflow/.local/lib/python3.7/site-packages/airflow/example_dags/example_params_trigger_ui.py
[2023-07-12T06:41:33.708+0000] {logging_mixin.py:150} INFO - [2023-07-12T06:41:33.708+0000] {dag.py:2742} INFO - Sync 1 DAGs
[2023-07-12T06:41:33.742+0000] {logging_mixin.py:150} INFO - [2023-07-12T06:41:33.741+0000] {dag.py:3508} INFO - Setting next_dagrun for example_params_trigger_ui to None, run_after=None
[2023-07-12T06:41:33.772+0000] {processor.py:179} INFO - Processing /home/airflow/.local/lib/python3.7/site-packages/airflow/example_dags/example_params_trigger_ui.py took 0.213 seconds
[2023-07-12T06:42:04.039+0000] {processor.py:157} INFO - Started process (PID=6341) to work on /home/airflow/.local/lib/python3.7/site-packages/airflow/example_dags/example_params_trigger_ui.py
[2023-07-12T06:42:04.042+0000] {processor.py:826} INFO - Processing file /home/airflow/.local/lib/python3.7/site-packages/airflow/example_dags/example_params_trigger_ui.py for tasks to queue
[2023-07-12T06:42:04.044+0000] {logging_mixin.py:150} INFO - [2023-07-12T06:42:04.044+0000] {dagbag.py:541} INFO - Filling up the DagBag from /home/airflow/.local/lib/python3.7/site-packages/airflow/example_dags/example_params_trigger_ui.py
[2023-07-12T06:42:04.072+0000] {processor.py:836} INFO - DAG(s) dict_keys(['example_params_trigger_ui']) retrieved from /home/airflow/.local/lib/python3.7/site-packages/airflow/example_dags/example_params_trigger_ui.py
[2023-07-12T06:42:04.182+0000] {logging_mixin.py:150} INFO - [2023-07-12T06:42:04.182+0000] {dag.py:2742} INFO - Sync 1 DAGs
[2023-07-12T06:42:04.222+0000] {logging_mixin.py:150} INFO - [2023-07-12T06:42:04.222+0000] {dag.py:3508} INFO - Setting next_dagrun for example_params_trigger_ui to None, run_after=None
[2023-07-12T06:42:04.251+0000] {processor.py:179} INFO - Processing /home/airflow/.local/lib/python3.7/site-packages/airflow/example_dags/example_params_trigger_ui.py took 0.218 seconds
[2023-07-12T06:42:34.604+0000] {processor.py:157} INFO - Started process (PID=6590) to work on /home/airflow/.local/lib/python3.7/site-packages/airflow/example_dags/example_params_trigger_ui.py
[2023-07-12T06:42:34.605+0000] {processor.py:826} INFO - Processing file /home/airflow/.local/lib/python3.7/site-packages/airflow/example_dags/example_params_trigger_ui.py for tasks to queue
[2023-07-12T06:42:34.608+0000] {logging_mixin.py:150} INFO - [2023-07-12T06:42:34.607+0000] {dagbag.py:541} INFO - Filling up the DagBag from /home/airflow/.local/lib/python3.7/site-packages/airflow/example_dags/example_params_trigger_ui.py
[2023-07-12T06:42:34.637+0000] {processor.py:836} INFO - DAG(s) dict_keys(['example_params_trigger_ui']) retrieved from /home/airflow/.local/lib/python3.7/site-packages/airflow/example_dags/example_params_trigger_ui.py
[2023-07-12T06:42:34.733+0000] {logging_mixin.py:150} INFO - [2023-07-12T06:42:34.733+0000] {dag.py:2742} INFO - Sync 1 DAGs
[2023-07-12T06:42:34.771+0000] {logging_mixin.py:150} INFO - [2023-07-12T06:42:34.771+0000] {dag.py:3508} INFO - Setting next_dagrun for example_params_trigger_ui to None, run_after=None
[2023-07-12T06:42:34.807+0000] {processor.py:179} INFO - Processing /home/airflow/.local/lib/python3.7/site-packages/airflow/example_dags/example_params_trigger_ui.py took 0.209 seconds
[2023-07-12T06:43:04.972+0000] {processor.py:157} INFO - Started process (PID=6834) to work on /home/airflow/.local/lib/python3.7/site-packages/airflow/example_dags/example_params_trigger_ui.py
[2023-07-12T06:43:04.975+0000] {processor.py:826} INFO - Processing file /home/airflow/.local/lib/python3.7/site-packages/airflow/example_dags/example_params_trigger_ui.py for tasks to queue
[2023-07-12T06:43:04.977+0000] {logging_mixin.py:150} INFO - [2023-07-12T06:43:04.976+0000] {dagbag.py:541} INFO - Filling up the DagBag from /home/airflow/.local/lib/python3.7/site-packages/airflow/example_dags/example_params_trigger_ui.py
[2023-07-12T06:43:05.007+0000] {processor.py:836} INFO - DAG(s) dict_keys(['example_params_trigger_ui']) retrieved from /home/airflow/.local/lib/python3.7/site-packages/airflow/example_dags/example_params_trigger_ui.py
[2023-07-12T06:43:05.124+0000] {logging_mixin.py:150} INFO - [2023-07-12T06:43:05.124+0000] {dag.py:2742} INFO - Sync 1 DAGs
[2023-07-12T06:43:05.158+0000] {logging_mixin.py:150} INFO - [2023-07-12T06:43:05.158+0000] {dag.py:3508} INFO - Setting next_dagrun for example_params_trigger_ui to None, run_after=None
[2023-07-12T06:43:05.184+0000] {processor.py:179} INFO - Processing /home/airflow/.local/lib/python3.7/site-packages/airflow/example_dags/example_params_trigger_ui.py took 0.217 seconds
[2023-07-12T06:43:35.438+0000] {processor.py:157} INFO - Started process (PID=7072) to work on /home/airflow/.local/lib/python3.7/site-packages/airflow/example_dags/example_params_trigger_ui.py
[2023-07-12T06:43:35.440+0000] {processor.py:826} INFO - Processing file /home/airflow/.local/lib/python3.7/site-packages/airflow/example_dags/example_params_trigger_ui.py for tasks to queue
[2023-07-12T06:43:35.442+0000] {logging_mixin.py:150} INFO - [2023-07-12T06:43:35.442+0000] {dagbag.py:541} INFO - Filling up the DagBag from /home/airflow/.local/lib/python3.7/site-packages/airflow/example_dags/example_params_trigger_ui.py
[2023-07-12T06:43:35.470+0000] {processor.py:836} INFO - DAG(s) dict_keys(['example_params_trigger_ui']) retrieved from /home/airflow/.local/lib/python3.7/site-packages/airflow/example_dags/example_params_trigger_ui.py
[2023-07-12T06:43:35.579+0000] {logging_mixin.py:150} INFO - [2023-07-12T06:43:35.579+0000] {dag.py:2742} INFO - Sync 1 DAGs
[2023-07-12T06:43:35.614+0000] {logging_mixin.py:150} INFO - [2023-07-12T06:43:35.614+0000] {dag.py:3508} INFO - Setting next_dagrun for example_params_trigger_ui to None, run_after=None
[2023-07-12T06:43:35.644+0000] {processor.py:179} INFO - Processing /home/airflow/.local/lib/python3.7/site-packages/airflow/example_dags/example_params_trigger_ui.py took 0.212 seconds
[2023-07-12T06:44:05.787+0000] {processor.py:157} INFO - Started process (PID=7313) to work on /home/airflow/.local/lib/python3.7/site-packages/airflow/example_dags/example_params_trigger_ui.py
[2023-07-12T06:44:05.789+0000] {processor.py:826} INFO - Processing file /home/airflow/.local/lib/python3.7/site-packages/airflow/example_dags/example_params_trigger_ui.py for tasks to queue
[2023-07-12T06:44:05.791+0000] {logging_mixin.py:150} INFO - [2023-07-12T06:44:05.791+0000] {dagbag.py:541} INFO - Filling up the DagBag from /home/airflow/.local/lib/python3.7/site-packages/airflow/example_dags/example_params_trigger_ui.py
[2023-07-12T06:44:05.819+0000] {processor.py:836} INFO - DAG(s) dict_keys(['example_params_trigger_ui']) retrieved from /home/airflow/.local/lib/python3.7/site-packages/airflow/example_dags/example_params_trigger_ui.py
[2023-07-12T06:44:05.918+0000] {logging_mixin.py:150} INFO - [2023-07-12T06:44:05.917+0000] {dag.py:2742} INFO - Sync 1 DAGs
[2023-07-12T06:44:05.957+0000] {logging_mixin.py:150} INFO - [2023-07-12T06:44:05.957+0000] {dag.py:3508} INFO - Setting next_dagrun for example_params_trigger_ui to None, run_after=None
[2023-07-12T06:44:05.988+0000] {processor.py:179} INFO - Processing /home/airflow/.local/lib/python3.7/site-packages/airflow/example_dags/example_params_trigger_ui.py took 0.206 seconds
[2023-07-12T06:44:36.065+0000] {processor.py:157} INFO - Started process (PID=7554) to work on /home/airflow/.local/lib/python3.7/site-packages/airflow/example_dags/example_params_trigger_ui.py
[2023-07-12T06:44:36.067+0000] {processor.py:826} INFO - Processing file /home/airflow/.local/lib/python3.7/site-packages/airflow/example_dags/example_params_trigger_ui.py for tasks to queue
[2023-07-12T06:44:36.069+0000] {logging_mixin.py:150} INFO - [2023-07-12T06:44:36.069+0000] {dagbag.py:541} INFO - Filling up the DagBag from /home/airflow/.local/lib/python3.7/site-packages/airflow/example_dags/example_params_trigger_ui.py
[2023-07-12T06:44:36.105+0000] {processor.py:836} INFO - DAG(s) dict_keys(['example_params_trigger_ui']) retrieved from /home/airflow/.local/lib/python3.7/site-packages/airflow/example_dags/example_params_trigger_ui.py
[2023-07-12T06:44:36.212+0000] {logging_mixin.py:150} INFO - [2023-07-12T06:44:36.211+0000] {dag.py:2742} INFO - Sync 1 DAGs
[2023-07-12T06:44:36.244+0000] {logging_mixin.py:150} INFO - [2023-07-12T06:44:36.244+0000] {dag.py:3508} INFO - Setting next_dagrun for example_params_trigger_ui to None, run_after=None
[2023-07-12T06:44:36.273+0000] {processor.py:179} INFO - Processing /home/airflow/.local/lib/python3.7/site-packages/airflow/example_dags/example_params_trigger_ui.py took 0.215 seconds
[2023-07-12T06:45:06.622+0000] {processor.py:157} INFO - Started process (PID=7795) to work on /home/airflow/.local/lib/python3.7/site-packages/airflow/example_dags/example_params_trigger_ui.py
[2023-07-12T06:45:06.625+0000] {processor.py:826} INFO - Processing file /home/airflow/.local/lib/python3.7/site-packages/airflow/example_dags/example_params_trigger_ui.py for tasks to queue
[2023-07-12T06:45:06.628+0000] {logging_mixin.py:150} INFO - [2023-07-12T06:45:06.627+0000] {dagbag.py:541} INFO - Filling up the DagBag from /home/airflow/.local/lib/python3.7/site-packages/airflow/example_dags/example_params_trigger_ui.py
[2023-07-12T06:45:06.664+0000] {processor.py:836} INFO - DAG(s) dict_keys(['example_params_trigger_ui']) retrieved from /home/airflow/.local/lib/python3.7/site-packages/airflow/example_dags/example_params_trigger_ui.py
[2023-07-12T06:45:06.773+0000] {logging_mixin.py:150} INFO - [2023-07-12T06:45:06.773+0000] {dag.py:2742} INFO - Sync 1 DAGs
[2023-07-12T06:45:06.813+0000] {logging_mixin.py:150} INFO - [2023-07-12T06:45:06.812+0000] {dag.py:3508} INFO - Setting next_dagrun for example_params_trigger_ui to None, run_after=None
[2023-07-12T06:45:06.848+0000] {processor.py:179} INFO - Processing /home/airflow/.local/lib/python3.7/site-packages/airflow/example_dags/example_params_trigger_ui.py took 0.234 seconds
[2023-07-12T06:45:36.926+0000] {processor.py:157} INFO - Started process (PID=8036) to work on /home/airflow/.local/lib/python3.7/site-packages/airflow/example_dags/example_params_trigger_ui.py
[2023-07-12T06:45:36.929+0000] {processor.py:826} INFO - Processing file /home/airflow/.local/lib/python3.7/site-packages/airflow/example_dags/example_params_trigger_ui.py for tasks to queue
[2023-07-12T06:45:36.931+0000] {logging_mixin.py:150} INFO - [2023-07-12T06:45:36.930+0000] {dagbag.py:541} INFO - Filling up the DagBag from /home/airflow/.local/lib/python3.7/site-packages/airflow/example_dags/example_params_trigger_ui.py
[2023-07-12T06:45:36.959+0000] {processor.py:836} INFO - DAG(s) dict_keys(['example_params_trigger_ui']) retrieved from /home/airflow/.local/lib/python3.7/site-packages/airflow/example_dags/example_params_trigger_ui.py
[2023-07-12T06:45:37.056+0000] {logging_mixin.py:150} INFO - [2023-07-12T06:45:37.056+0000] {dag.py:2742} INFO - Sync 1 DAGs
[2023-07-12T06:45:37.103+0000] {logging_mixin.py:150} INFO - [2023-07-12T06:45:37.102+0000] {dag.py:3508} INFO - Setting next_dagrun for example_params_trigger_ui to None, run_after=None
[2023-07-12T06:45:37.135+0000] {processor.py:179} INFO - Processing /home/airflow/.local/lib/python3.7/site-packages/airflow/example_dags/example_params_trigger_ui.py took 0.215 seconds
[2023-07-12T06:46:07.214+0000] {processor.py:157} INFO - Started process (PID=8277) to work on /home/airflow/.local/lib/python3.7/site-packages/airflow/example_dags/example_params_trigger_ui.py
[2023-07-12T06:46:07.218+0000] {processor.py:826} INFO - Processing file /home/airflow/.local/lib/python3.7/site-packages/airflow/example_dags/example_params_trigger_ui.py for tasks to queue
[2023-07-12T06:46:07.221+0000] {logging_mixin.py:150} INFO - [2023-07-12T06:46:07.220+0000] {dagbag.py:541} INFO - Filling up the DagBag from /home/airflow/.local/lib/python3.7/site-packages/airflow/example_dags/example_params_trigger_ui.py
[2023-07-12T06:46:07.253+0000] {processor.py:836} INFO - DAG(s) dict_keys(['example_params_trigger_ui']) retrieved from /home/airflow/.local/lib/python3.7/site-packages/airflow/example_dags/example_params_trigger_ui.py
[2023-07-12T06:46:07.350+0000] {logging_mixin.py:150} INFO - [2023-07-12T06:46:07.349+0000] {dag.py:2742} INFO - Sync 1 DAGs
[2023-07-12T06:46:07.382+0000] {logging_mixin.py:150} INFO - [2023-07-12T06:46:07.381+0000] {dag.py:3508} INFO - Setting next_dagrun for example_params_trigger_ui to None, run_after=None
[2023-07-12T06:46:07.410+0000] {processor.py:179} INFO - Processing /home/airflow/.local/lib/python3.7/site-packages/airflow/example_dags/example_params_trigger_ui.py took 0.203 seconds
[2023-07-12T06:46:37.568+0000] {processor.py:157} INFO - Started process (PID=8518) to work on /home/airflow/.local/lib/python3.7/site-packages/airflow/example_dags/example_params_trigger_ui.py
[2023-07-12T06:46:37.571+0000] {processor.py:826} INFO - Processing file /home/airflow/.local/lib/python3.7/site-packages/airflow/example_dags/example_params_trigger_ui.py for tasks to queue
[2023-07-12T06:46:37.574+0000] {logging_mixin.py:150} INFO - [2023-07-12T06:46:37.574+0000] {dagbag.py:541} INFO - Filling up the DagBag from /home/airflow/.local/lib/python3.7/site-packages/airflow/example_dags/example_params_trigger_ui.py
[2023-07-12T06:46:37.612+0000] {processor.py:836} INFO - DAG(s) dict_keys(['example_params_trigger_ui']) retrieved from /home/airflow/.local/lib/python3.7/site-packages/airflow/example_dags/example_params_trigger_ui.py
[2023-07-12T06:46:37.707+0000] {logging_mixin.py:150} INFO - [2023-07-12T06:46:37.707+0000] {dag.py:2742} INFO - Sync 1 DAGs
[2023-07-12T06:46:37.740+0000] {logging_mixin.py:150} INFO - [2023-07-12T06:46:37.739+0000] {dag.py:3508} INFO - Setting next_dagrun for example_params_trigger_ui to None, run_after=None
[2023-07-12T06:46:37.769+0000] {processor.py:179} INFO - Processing /home/airflow/.local/lib/python3.7/site-packages/airflow/example_dags/example_params_trigger_ui.py took 0.209 seconds
[2023-07-12T06:47:08.084+0000] {processor.py:157} INFO - Started process (PID=8758) to work on /home/airflow/.local/lib/python3.7/site-packages/airflow/example_dags/example_params_trigger_ui.py
[2023-07-12T06:47:08.086+0000] {processor.py:826} INFO - Processing file /home/airflow/.local/lib/python3.7/site-packages/airflow/example_dags/example_params_trigger_ui.py for tasks to queue
[2023-07-12T06:47:08.088+0000] {logging_mixin.py:150} INFO - [2023-07-12T06:47:08.088+0000] {dagbag.py:541} INFO - Filling up the DagBag from /home/airflow/.local/lib/python3.7/site-packages/airflow/example_dags/example_params_trigger_ui.py
[2023-07-12T06:47:08.116+0000] {processor.py:836} INFO - DAG(s) dict_keys(['example_params_trigger_ui']) retrieved from /home/airflow/.local/lib/python3.7/site-packages/airflow/example_dags/example_params_trigger_ui.py
[2023-07-12T06:47:08.215+0000] {logging_mixin.py:150} INFO - [2023-07-12T06:47:08.215+0000] {dag.py:2742} INFO - Sync 1 DAGs
[2023-07-12T06:47:08.250+0000] {logging_mixin.py:150} INFO - [2023-07-12T06:47:08.249+0000] {dag.py:3508} INFO - Setting next_dagrun for example_params_trigger_ui to None, run_after=None
[2023-07-12T06:47:08.286+0000] {processor.py:179} INFO - Processing /home/airflow/.local/lib/python3.7/site-packages/airflow/example_dags/example_params_trigger_ui.py took 0.208 seconds
[2023-07-12T06:47:38.602+0000] {processor.py:157} INFO - Started process (PID=8998) to work on /home/airflow/.local/lib/python3.7/site-packages/airflow/example_dags/example_params_trigger_ui.py
[2023-07-12T06:47:38.605+0000] {processor.py:826} INFO - Processing file /home/airflow/.local/lib/python3.7/site-packages/airflow/example_dags/example_params_trigger_ui.py for tasks to queue
[2023-07-12T06:47:38.606+0000] {logging_mixin.py:150} INFO - [2023-07-12T06:47:38.606+0000] {dagbag.py:541} INFO - Filling up the DagBag from /home/airflow/.local/lib/python3.7/site-packages/airflow/example_dags/example_params_trigger_ui.py
[2023-07-12T06:47:38.639+0000] {processor.py:836} INFO - DAG(s) dict_keys(['example_params_trigger_ui']) retrieved from /home/airflow/.local/lib/python3.7/site-packages/airflow/example_dags/example_params_trigger_ui.py
[2023-07-12T06:47:38.751+0000] {logging_mixin.py:150} INFO - [2023-07-12T06:47:38.751+0000] {dag.py:2742} INFO - Sync 1 DAGs
[2023-07-12T06:47:38.790+0000] {logging_mixin.py:150} INFO - [2023-07-12T06:47:38.790+0000] {dag.py:3508} INFO - Setting next_dagrun for example_params_trigger_ui to None, run_after=None
[2023-07-12T06:47:38.830+0000] {processor.py:179} INFO - Processing /home/airflow/.local/lib/python3.7/site-packages/airflow/example_dags/example_params_trigger_ui.py took 0.233 seconds
[2023-07-12T06:48:09.403+0000] {processor.py:157} INFO - Started process (PID=9239) to work on /home/airflow/.local/lib/python3.7/site-packages/airflow/example_dags/example_params_trigger_ui.py
[2023-07-12T06:48:09.409+0000] {processor.py:826} INFO - Processing file /home/airflow/.local/lib/python3.7/site-packages/airflow/example_dags/example_params_trigger_ui.py for tasks to queue
[2023-07-12T06:48:09.412+0000] {logging_mixin.py:150} INFO - [2023-07-12T06:48:09.412+0000] {dagbag.py:541} INFO - Filling up the DagBag from /home/airflow/.local/lib/python3.7/site-packages/airflow/example_dags/example_params_trigger_ui.py
[2023-07-12T06:48:09.449+0000] {processor.py:836} INFO - DAG(s) dict_keys(['example_params_trigger_ui']) retrieved from /home/airflow/.local/lib/python3.7/site-packages/airflow/example_dags/example_params_trigger_ui.py
[2023-07-12T06:48:09.573+0000] {logging_mixin.py:150} INFO - [2023-07-12T06:48:09.572+0000] {dag.py:2742} INFO - Sync 1 DAGs
[2023-07-12T06:48:09.613+0000] {logging_mixin.py:150} INFO - [2023-07-12T06:48:09.613+0000] {dag.py:3508} INFO - Setting next_dagrun for example_params_trigger_ui to None, run_after=None
[2023-07-12T06:48:09.647+0000] {processor.py:179} INFO - Processing /home/airflow/.local/lib/python3.7/site-packages/airflow/example_dags/example_params_trigger_ui.py took 0.261 seconds
[2023-07-12T06:48:39.810+0000] {processor.py:157} INFO - Started process (PID=9480) to work on /home/airflow/.local/lib/python3.7/site-packages/airflow/example_dags/example_params_trigger_ui.py
[2023-07-12T06:48:39.813+0000] {processor.py:826} INFO - Processing file /home/airflow/.local/lib/python3.7/site-packages/airflow/example_dags/example_params_trigger_ui.py for tasks to queue
[2023-07-12T06:48:39.817+0000] {logging_mixin.py:150} INFO - [2023-07-12T06:48:39.816+0000] {dagbag.py:541} INFO - Filling up the DagBag from /home/airflow/.local/lib/python3.7/site-packages/airflow/example_dags/example_params_trigger_ui.py
[2023-07-12T06:48:39.860+0000] {processor.py:836} INFO - DAG(s) dict_keys(['example_params_trigger_ui']) retrieved from /home/airflow/.local/lib/python3.7/site-packages/airflow/example_dags/example_params_trigger_ui.py
[2023-07-12T06:48:40.007+0000] {logging_mixin.py:150} INFO - [2023-07-12T06:48:40.006+0000] {dag.py:2742} INFO - Sync 1 DAGs
[2023-07-12T06:48:40.064+0000] {logging_mixin.py:150} INFO - [2023-07-12T06:48:40.063+0000] {dag.py:3508} INFO - Setting next_dagrun for example_params_trigger_ui to None, run_after=None
[2023-07-12T06:48:40.120+0000] {processor.py:179} INFO - Processing /home/airflow/.local/lib/python3.7/site-packages/airflow/example_dags/example_params_trigger_ui.py took 0.319 seconds
[2023-07-12T06:49:10.338+0000] {processor.py:157} INFO - Started process (PID=9726) to work on /home/airflow/.local/lib/python3.7/site-packages/airflow/example_dags/example_params_trigger_ui.py
[2023-07-12T06:49:10.340+0000] {processor.py:826} INFO - Processing file /home/airflow/.local/lib/python3.7/site-packages/airflow/example_dags/example_params_trigger_ui.py for tasks to queue
[2023-07-12T06:49:10.343+0000] {logging_mixin.py:150} INFO - [2023-07-12T06:49:10.342+0000] {dagbag.py:541} INFO - Filling up the DagBag from /home/airflow/.local/lib/python3.7/site-packages/airflow/example_dags/example_params_trigger_ui.py
[2023-07-12T06:49:10.375+0000] {processor.py:836} INFO - DAG(s) dict_keys(['example_params_trigger_ui']) retrieved from /home/airflow/.local/lib/python3.7/site-packages/airflow/example_dags/example_params_trigger_ui.py
[2023-07-12T06:49:10.488+0000] {logging_mixin.py:150} INFO - [2023-07-12T06:49:10.488+0000] {dag.py:2742} INFO - Sync 1 DAGs
[2023-07-12T06:49:10.535+0000] {logging_mixin.py:150} INFO - [2023-07-12T06:49:10.535+0000] {dag.py:3508} INFO - Setting next_dagrun for example_params_trigger_ui to None, run_after=None
[2023-07-12T06:49:10.565+0000] {processor.py:179} INFO - Processing /home/airflow/.local/lib/python3.7/site-packages/airflow/example_dags/example_params_trigger_ui.py took 0.234 seconds
[2023-07-12T06:49:40.797+0000] {processor.py:157} INFO - Started process (PID=9970) to work on /home/airflow/.local/lib/python3.7/site-packages/airflow/example_dags/example_params_trigger_ui.py
[2023-07-12T06:49:40.800+0000] {processor.py:826} INFO - Processing file /home/airflow/.local/lib/python3.7/site-packages/airflow/example_dags/example_params_trigger_ui.py for tasks to queue
[2023-07-12T06:49:40.802+0000] {logging_mixin.py:150} INFO - [2023-07-12T06:49:40.801+0000] {dagbag.py:541} INFO - Filling up the DagBag from /home/airflow/.local/lib/python3.7/site-packages/airflow/example_dags/example_params_trigger_ui.py
[2023-07-12T06:49:40.837+0000] {processor.py:836} INFO - DAG(s) dict_keys(['example_params_trigger_ui']) retrieved from /home/airflow/.local/lib/python3.7/site-packages/airflow/example_dags/example_params_trigger_ui.py
[2023-07-12T06:49:40.948+0000] {logging_mixin.py:150} INFO - [2023-07-12T06:49:40.947+0000] {dag.py:2742} INFO - Sync 1 DAGs
[2023-07-12T06:49:40.983+0000] {logging_mixin.py:150} INFO - [2023-07-12T06:49:40.983+0000] {dag.py:3508} INFO - Setting next_dagrun for example_params_trigger_ui to None, run_after=None
[2023-07-12T06:49:41.017+0000] {processor.py:179} INFO - Processing /home/airflow/.local/lib/python3.7/site-packages/airflow/example_dags/example_params_trigger_ui.py took 0.225 seconds
[2023-07-12T06:50:11.149+0000] {processor.py:157} INFO - Started process (PID=10203) to work on /home/airflow/.local/lib/python3.7/site-packages/airflow/example_dags/example_params_trigger_ui.py
[2023-07-12T06:50:11.151+0000] {processor.py:826} INFO - Processing file /home/airflow/.local/lib/python3.7/site-packages/airflow/example_dags/example_params_trigger_ui.py for tasks to queue
[2023-07-12T06:50:11.154+0000] {logging_mixin.py:150} INFO - [2023-07-12T06:50:11.153+0000] {dagbag.py:541} INFO - Filling up the DagBag from /home/airflow/.local/lib/python3.7/site-packages/airflow/example_dags/example_params_trigger_ui.py
[2023-07-12T06:50:11.186+0000] {processor.py:836} INFO - DAG(s) dict_keys(['example_params_trigger_ui']) retrieved from /home/airflow/.local/lib/python3.7/site-packages/airflow/example_dags/example_params_trigger_ui.py
[2023-07-12T06:50:11.296+0000] {logging_mixin.py:150} INFO - [2023-07-12T06:50:11.296+0000] {dag.py:2742} INFO - Sync 1 DAGs
[2023-07-12T06:50:11.335+0000] {logging_mixin.py:150} INFO - [2023-07-12T06:50:11.334+0000] {dag.py:3508} INFO - Setting next_dagrun for example_params_trigger_ui to None, run_after=None
[2023-07-12T06:50:11.385+0000] {processor.py:179} INFO - Processing /home/airflow/.local/lib/python3.7/site-packages/airflow/example_dags/example_params_trigger_ui.py took 0.242 seconds
[2023-07-12T06:50:41.522+0000] {processor.py:157} INFO - Started process (PID=10444) to work on /home/airflow/.local/lib/python3.7/site-packages/airflow/example_dags/example_params_trigger_ui.py
[2023-07-12T06:50:41.526+0000] {processor.py:826} INFO - Processing file /home/airflow/.local/lib/python3.7/site-packages/airflow/example_dags/example_params_trigger_ui.py for tasks to queue
[2023-07-12T06:50:41.529+0000] {logging_mixin.py:150} INFO - [2023-07-12T06:50:41.528+0000] {dagbag.py:541} INFO - Filling up the DagBag from /home/airflow/.local/lib/python3.7/site-packages/airflow/example_dags/example_params_trigger_ui.py
[2023-07-12T06:50:41.564+0000] {processor.py:836} INFO - DAG(s) dict_keys(['example_params_trigger_ui']) retrieved from /home/airflow/.local/lib/python3.7/site-packages/airflow/example_dags/example_params_trigger_ui.py
[2023-07-12T06:50:41.680+0000] {logging_mixin.py:150} INFO - [2023-07-12T06:50:41.680+0000] {dag.py:2742} INFO - Sync 1 DAGs
[2023-07-12T06:50:41.720+0000] {logging_mixin.py:150} INFO - [2023-07-12T06:50:41.719+0000] {dag.py:3508} INFO - Setting next_dagrun for example_params_trigger_ui to None, run_after=None
[2023-07-12T06:50:41.760+0000] {processor.py:179} INFO - Processing /home/airflow/.local/lib/python3.7/site-packages/airflow/example_dags/example_params_trigger_ui.py took 0.244 seconds
