[2023-07-12T06:29:23.979+0000] {processor.py:157} INFO - Started process (PID=399) to work on /home/airflow/.local/lib/python3.7/site-packages/airflow/example_dags/example_kubernetes_executor.py
[2023-07-12T06:29:23.983+0000] {processor.py:826} INFO - Processing file /home/airflow/.local/lib/python3.7/site-packages/airflow/example_dags/example_kubernetes_executor.py for tasks to queue
[2023-07-12T06:29:23.990+0000] {logging_mixin.py:150} INFO - [2023-07-12T06:29:23.990+0000] {dagbag.py:541} INFO - Filling up the DagBag from /home/airflow/.local/lib/python3.7/site-packages/airflow/example_dags/example_kubernetes_executor.py
[2023-07-12T06:29:24.437+0000] {processor.py:836} INFO - DAG(s) dict_keys(['example_kubernetes_executor']) retrieved from /home/airflow/.local/lib/python3.7/site-packages/airflow/example_dags/example_kubernetes_executor.py
[2023-07-12T06:29:24.512+0000] {logging_mixin.py:150} INFO - [2023-07-12T06:29:24.511+0000] {dag.py:2742} INFO - Sync 1 DAGs
[2023-07-12T06:29:24.554+0000] {logging_mixin.py:150} INFO - [2023-07-12T06:29:24.553+0000] {dag.py:3508} INFO - Setting next_dagrun for example_kubernetes_executor to None, run_after=None
[2023-07-12T06:29:24.595+0000] {processor.py:179} INFO - Processing /home/airflow/.local/lib/python3.7/site-packages/airflow/example_dags/example_kubernetes_executor.py took 0.628 seconds
[2023-07-12T06:29:54.815+0000] {processor.py:157} INFO - Started process (PID=644) to work on /home/airflow/.local/lib/python3.7/site-packages/airflow/example_dags/example_kubernetes_executor.py
[2023-07-12T06:29:54.818+0000] {processor.py:826} INFO - Processing file /home/airflow/.local/lib/python3.7/site-packages/airflow/example_dags/example_kubernetes_executor.py for tasks to queue
[2023-07-12T06:29:54.820+0000] {logging_mixin.py:150} INFO - [2023-07-12T06:29:54.820+0000] {dagbag.py:541} INFO - Filling up the DagBag from /home/airflow/.local/lib/python3.7/site-packages/airflow/example_dags/example_kubernetes_executor.py
[2023-07-12T06:29:55.062+0000] {processor.py:836} INFO - DAG(s) dict_keys(['example_kubernetes_executor']) retrieved from /home/airflow/.local/lib/python3.7/site-packages/airflow/example_dags/example_kubernetes_executor.py
[2023-07-12T06:29:55.119+0000] {logging_mixin.py:150} INFO - [2023-07-12T06:29:55.119+0000] {dag.py:2742} INFO - Sync 1 DAGs
[2023-07-12T06:29:55.156+0000] {logging_mixin.py:150} INFO - [2023-07-12T06:29:55.156+0000] {dag.py:3508} INFO - Setting next_dagrun for example_kubernetes_executor to None, run_after=None
[2023-07-12T06:29:55.219+0000] {processor.py:179} INFO - Processing /home/airflow/.local/lib/python3.7/site-packages/airflow/example_dags/example_kubernetes_executor.py took 0.408 seconds
[2023-07-12T06:30:25.348+0000] {processor.py:157} INFO - Started process (PID=897) to work on /home/airflow/.local/lib/python3.7/site-packages/airflow/example_dags/example_kubernetes_executor.py
[2023-07-12T06:30:25.350+0000] {processor.py:826} INFO - Processing file /home/airflow/.local/lib/python3.7/site-packages/airflow/example_dags/example_kubernetes_executor.py for tasks to queue
[2023-07-12T06:30:25.353+0000] {logging_mixin.py:150} INFO - [2023-07-12T06:30:25.353+0000] {dagbag.py:541} INFO - Filling up the DagBag from /home/airflow/.local/lib/python3.7/site-packages/airflow/example_dags/example_kubernetes_executor.py
[2023-07-12T06:30:25.646+0000] {processor.py:836} INFO - DAG(s) dict_keys(['example_kubernetes_executor']) retrieved from /home/airflow/.local/lib/python3.7/site-packages/airflow/example_dags/example_kubernetes_executor.py
[2023-07-12T06:30:25.718+0000] {logging_mixin.py:150} INFO - [2023-07-12T06:30:25.718+0000] {dag.py:2742} INFO - Sync 1 DAGs
[2023-07-12T06:30:25.756+0000] {logging_mixin.py:150} INFO - [2023-07-12T06:30:25.755+0000] {dag.py:3508} INFO - Setting next_dagrun for example_kubernetes_executor to None, run_after=None
[2023-07-12T06:30:25.789+0000] {processor.py:179} INFO - Processing /home/airflow/.local/lib/python3.7/site-packages/airflow/example_dags/example_kubernetes_executor.py took 0.447 seconds
[2023-07-12T06:30:55.950+0000] {processor.py:157} INFO - Started process (PID=1138) to work on /home/airflow/.local/lib/python3.7/site-packages/airflow/example_dags/example_kubernetes_executor.py
[2023-07-12T06:30:55.955+0000] {processor.py:826} INFO - Processing file /home/airflow/.local/lib/python3.7/site-packages/airflow/example_dags/example_kubernetes_executor.py for tasks to queue
[2023-07-12T06:30:55.959+0000] {logging_mixin.py:150} INFO - [2023-07-12T06:30:55.958+0000] {dagbag.py:541} INFO - Filling up the DagBag from /home/airflow/.local/lib/python3.7/site-packages/airflow/example_dags/example_kubernetes_executor.py
[2023-07-12T06:30:56.279+0000] {processor.py:836} INFO - DAG(s) dict_keys(['example_kubernetes_executor']) retrieved from /home/airflow/.local/lib/python3.7/site-packages/airflow/example_dags/example_kubernetes_executor.py
[2023-07-12T06:30:56.337+0000] {logging_mixin.py:150} INFO - [2023-07-12T06:30:56.337+0000] {dag.py:2742} INFO - Sync 1 DAGs
[2023-07-12T06:30:56.372+0000] {logging_mixin.py:150} INFO - [2023-07-12T06:30:56.372+0000] {dag.py:3508} INFO - Setting next_dagrun for example_kubernetes_executor to None, run_after=None
[2023-07-12T06:30:56.400+0000] {processor.py:179} INFO - Processing /home/airflow/.local/lib/python3.7/site-packages/airflow/example_dags/example_kubernetes_executor.py took 0.457 seconds
[2023-07-12T06:31:26.711+0000] {processor.py:157} INFO - Started process (PID=1424) to work on /home/airflow/.local/lib/python3.7/site-packages/airflow/example_dags/example_kubernetes_executor.py
[2023-07-12T06:31:26.715+0000] {processor.py:826} INFO - Processing file /home/airflow/.local/lib/python3.7/site-packages/airflow/example_dags/example_kubernetes_executor.py for tasks to queue
[2023-07-12T06:31:26.721+0000] {logging_mixin.py:150} INFO - [2023-07-12T06:31:26.720+0000] {dagbag.py:541} INFO - Filling up the DagBag from /home/airflow/.local/lib/python3.7/site-packages/airflow/example_dags/example_kubernetes_executor.py
[2023-07-12T06:31:27.066+0000] {processor.py:836} INFO - DAG(s) dict_keys(['example_kubernetes_executor']) retrieved from /home/airflow/.local/lib/python3.7/site-packages/airflow/example_dags/example_kubernetes_executor.py
[2023-07-12T06:31:27.129+0000] {logging_mixin.py:150} INFO - [2023-07-12T06:31:27.129+0000] {dag.py:2742} INFO - Sync 1 DAGs
[2023-07-12T06:31:27.176+0000] {logging_mixin.py:150} INFO - [2023-07-12T06:31:27.176+0000] {dag.py:3508} INFO - Setting next_dagrun for example_kubernetes_executor to None, run_after=None
[2023-07-12T06:31:27.226+0000] {processor.py:179} INFO - Processing /home/airflow/.local/lib/python3.7/site-packages/airflow/example_dags/example_kubernetes_executor.py took 0.522 seconds
[2023-07-12T06:31:58.263+0000] {processor.py:157} INFO - Started process (PID=1672) to work on /home/airflow/.local/lib/python3.7/site-packages/airflow/example_dags/example_kubernetes_executor.py
[2023-07-12T06:31:58.266+0000] {processor.py:826} INFO - Processing file /home/airflow/.local/lib/python3.7/site-packages/airflow/example_dags/example_kubernetes_executor.py for tasks to queue
[2023-07-12T06:31:58.268+0000] {logging_mixin.py:150} INFO - [2023-07-12T06:31:58.268+0000] {dagbag.py:541} INFO - Filling up the DagBag from /home/airflow/.local/lib/python3.7/site-packages/airflow/example_dags/example_kubernetes_executor.py
[2023-07-12T06:31:58.542+0000] {processor.py:836} INFO - DAG(s) dict_keys(['example_kubernetes_executor']) retrieved from /home/airflow/.local/lib/python3.7/site-packages/airflow/example_dags/example_kubernetes_executor.py
[2023-07-12T06:31:58.601+0000] {logging_mixin.py:150} INFO - [2023-07-12T06:31:58.601+0000] {dag.py:2742} INFO - Sync 1 DAGs
[2023-07-12T06:31:58.637+0000] {logging_mixin.py:150} INFO - [2023-07-12T06:31:58.637+0000] {dag.py:3508} INFO - Setting next_dagrun for example_kubernetes_executor to None, run_after=None
[2023-07-12T06:31:58.671+0000] {processor.py:179} INFO - Processing /home/airflow/.local/lib/python3.7/site-packages/airflow/example_dags/example_kubernetes_executor.py took 0.413 seconds
[2023-07-12T06:32:29.528+0000] {processor.py:157} INFO - Started process (PID=1913) to work on /home/airflow/.local/lib/python3.7/site-packages/airflow/example_dags/example_kubernetes_executor.py
[2023-07-12T06:32:29.532+0000] {processor.py:826} INFO - Processing file /home/airflow/.local/lib/python3.7/site-packages/airflow/example_dags/example_kubernetes_executor.py for tasks to queue
[2023-07-12T06:32:29.534+0000] {logging_mixin.py:150} INFO - [2023-07-12T06:32:29.534+0000] {dagbag.py:541} INFO - Filling up the DagBag from /home/airflow/.local/lib/python3.7/site-packages/airflow/example_dags/example_kubernetes_executor.py
[2023-07-12T06:32:29.801+0000] {processor.py:836} INFO - DAG(s) dict_keys(['example_kubernetes_executor']) retrieved from /home/airflow/.local/lib/python3.7/site-packages/airflow/example_dags/example_kubernetes_executor.py
[2023-07-12T06:32:29.854+0000] {logging_mixin.py:150} INFO - [2023-07-12T06:32:29.854+0000] {dag.py:2742} INFO - Sync 1 DAGs
[2023-07-12T06:32:29.886+0000] {logging_mixin.py:150} INFO - [2023-07-12T06:32:29.886+0000] {dag.py:3508} INFO - Setting next_dagrun for example_kubernetes_executor to None, run_after=None
[2023-07-12T06:32:29.916+0000] {processor.py:179} INFO - Processing /home/airflow/.local/lib/python3.7/site-packages/airflow/example_dags/example_kubernetes_executor.py took 0.393 seconds
[2023-07-12T06:33:00.179+0000] {processor.py:157} INFO - Started process (PID=2154) to work on /home/airflow/.local/lib/python3.7/site-packages/airflow/example_dags/example_kubernetes_executor.py
[2023-07-12T06:33:00.182+0000] {processor.py:826} INFO - Processing file /home/airflow/.local/lib/python3.7/site-packages/airflow/example_dags/example_kubernetes_executor.py for tasks to queue
[2023-07-12T06:33:00.185+0000] {logging_mixin.py:150} INFO - [2023-07-12T06:33:00.184+0000] {dagbag.py:541} INFO - Filling up the DagBag from /home/airflow/.local/lib/python3.7/site-packages/airflow/example_dags/example_kubernetes_executor.py
[2023-07-12T06:33:00.437+0000] {processor.py:836} INFO - DAG(s) dict_keys(['example_kubernetes_executor']) retrieved from /home/airflow/.local/lib/python3.7/site-packages/airflow/example_dags/example_kubernetes_executor.py
[2023-07-12T06:33:00.495+0000] {logging_mixin.py:150} INFO - [2023-07-12T06:33:00.495+0000] {dag.py:2742} INFO - Sync 1 DAGs
[2023-07-12T06:33:00.536+0000] {logging_mixin.py:150} INFO - [2023-07-12T06:33:00.536+0000] {dag.py:3508} INFO - Setting next_dagrun for example_kubernetes_executor to None, run_after=None
[2023-07-12T06:33:00.574+0000] {processor.py:179} INFO - Processing /home/airflow/.local/lib/python3.7/site-packages/airflow/example_dags/example_kubernetes_executor.py took 0.399 seconds
[2023-07-12T06:33:30.644+0000] {processor.py:157} INFO - Started process (PID=2395) to work on /home/airflow/.local/lib/python3.7/site-packages/airflow/example_dags/example_kubernetes_executor.py
[2023-07-12T06:33:30.646+0000] {processor.py:826} INFO - Processing file /home/airflow/.local/lib/python3.7/site-packages/airflow/example_dags/example_kubernetes_executor.py for tasks to queue
[2023-07-12T06:33:30.649+0000] {logging_mixin.py:150} INFO - [2023-07-12T06:33:30.648+0000] {dagbag.py:541} INFO - Filling up the DagBag from /home/airflow/.local/lib/python3.7/site-packages/airflow/example_dags/example_kubernetes_executor.py
[2023-07-12T06:33:30.902+0000] {processor.py:836} INFO - DAG(s) dict_keys(['example_kubernetes_executor']) retrieved from /home/airflow/.local/lib/python3.7/site-packages/airflow/example_dags/example_kubernetes_executor.py
[2023-07-12T06:33:30.951+0000] {logging_mixin.py:150} INFO - [2023-07-12T06:33:30.950+0000] {dag.py:2742} INFO - Sync 1 DAGs
[2023-07-12T06:33:30.985+0000] {logging_mixin.py:150} INFO - [2023-07-12T06:33:30.985+0000] {dag.py:3508} INFO - Setting next_dagrun for example_kubernetes_executor to None, run_after=None
[2023-07-12T06:33:31.014+0000] {processor.py:179} INFO - Processing /home/airflow/.local/lib/python3.7/site-packages/airflow/example_dags/example_kubernetes_executor.py took 0.375 seconds
[2023-07-12T06:34:01.996+0000] {processor.py:157} INFO - Started process (PID=2636) to work on /home/airflow/.local/lib/python3.7/site-packages/airflow/example_dags/example_kubernetes_executor.py
[2023-07-12T06:34:02.001+0000] {processor.py:826} INFO - Processing file /home/airflow/.local/lib/python3.7/site-packages/airflow/example_dags/example_kubernetes_executor.py for tasks to queue
[2023-07-12T06:34:02.004+0000] {logging_mixin.py:150} INFO - [2023-07-12T06:34:02.003+0000] {dagbag.py:541} INFO - Filling up the DagBag from /home/airflow/.local/lib/python3.7/site-packages/airflow/example_dags/example_kubernetes_executor.py
[2023-07-12T06:34:02.307+0000] {processor.py:836} INFO - DAG(s) dict_keys(['example_kubernetes_executor']) retrieved from /home/airflow/.local/lib/python3.7/site-packages/airflow/example_dags/example_kubernetes_executor.py
[2023-07-12T06:34:02.364+0000] {logging_mixin.py:150} INFO - [2023-07-12T06:34:02.364+0000] {dag.py:2742} INFO - Sync 1 DAGs
[2023-07-12T06:34:02.404+0000] {logging_mixin.py:150} INFO - [2023-07-12T06:34:02.404+0000] {dag.py:3508} INFO - Setting next_dagrun for example_kubernetes_executor to None, run_after=None
[2023-07-12T06:34:02.442+0000] {processor.py:179} INFO - Processing /home/airflow/.local/lib/python3.7/site-packages/airflow/example_dags/example_kubernetes_executor.py took 0.452 seconds
[2023-07-12T06:34:32.801+0000] {processor.py:157} INFO - Started process (PID=2877) to work on /home/airflow/.local/lib/python3.7/site-packages/airflow/example_dags/example_kubernetes_executor.py
[2023-07-12T06:34:32.804+0000] {processor.py:826} INFO - Processing file /home/airflow/.local/lib/python3.7/site-packages/airflow/example_dags/example_kubernetes_executor.py for tasks to queue
[2023-07-12T06:34:32.806+0000] {logging_mixin.py:150} INFO - [2023-07-12T06:34:32.805+0000] {dagbag.py:541} INFO - Filling up the DagBag from /home/airflow/.local/lib/python3.7/site-packages/airflow/example_dags/example_kubernetes_executor.py
[2023-07-12T06:34:33.089+0000] {processor.py:836} INFO - DAG(s) dict_keys(['example_kubernetes_executor']) retrieved from /home/airflow/.local/lib/python3.7/site-packages/airflow/example_dags/example_kubernetes_executor.py
[2023-07-12T06:34:33.157+0000] {logging_mixin.py:150} INFO - [2023-07-12T06:34:33.157+0000] {dag.py:2742} INFO - Sync 1 DAGs
[2023-07-12T06:34:33.191+0000] {logging_mixin.py:150} INFO - [2023-07-12T06:34:33.191+0000] {dag.py:3508} INFO - Setting next_dagrun for example_kubernetes_executor to None, run_after=None
[2023-07-12T06:34:33.220+0000] {processor.py:179} INFO - Processing /home/airflow/.local/lib/python3.7/site-packages/airflow/example_dags/example_kubernetes_executor.py took 0.424 seconds
[2023-07-12T06:35:03.758+0000] {processor.py:157} INFO - Started process (PID=3125) to work on /home/airflow/.local/lib/python3.7/site-packages/airflow/example_dags/example_kubernetes_executor.py
[2023-07-12T06:35:03.760+0000] {processor.py:826} INFO - Processing file /home/airflow/.local/lib/python3.7/site-packages/airflow/example_dags/example_kubernetes_executor.py for tasks to queue
[2023-07-12T06:35:03.763+0000] {logging_mixin.py:150} INFO - [2023-07-12T06:35:03.763+0000] {dagbag.py:541} INFO - Filling up the DagBag from /home/airflow/.local/lib/python3.7/site-packages/airflow/example_dags/example_kubernetes_executor.py
[2023-07-12T06:35:04.030+0000] {processor.py:836} INFO - DAG(s) dict_keys(['example_kubernetes_executor']) retrieved from /home/airflow/.local/lib/python3.7/site-packages/airflow/example_dags/example_kubernetes_executor.py
[2023-07-12T06:35:04.081+0000] {logging_mixin.py:150} INFO - [2023-07-12T06:35:04.081+0000] {dag.py:2742} INFO - Sync 1 DAGs
[2023-07-12T06:35:04.123+0000] {logging_mixin.py:150} INFO - [2023-07-12T06:35:04.122+0000] {dag.py:3508} INFO - Setting next_dagrun for example_kubernetes_executor to None, run_after=None
[2023-07-12T06:35:04.154+0000] {processor.py:179} INFO - Processing /home/airflow/.local/lib/python3.7/site-packages/airflow/example_dags/example_kubernetes_executor.py took 0.402 seconds
[2023-07-12T06:35:34.552+0000] {processor.py:157} INFO - Started process (PID=3366) to work on /home/airflow/.local/lib/python3.7/site-packages/airflow/example_dags/example_kubernetes_executor.py
[2023-07-12T06:35:34.555+0000] {processor.py:826} INFO - Processing file /home/airflow/.local/lib/python3.7/site-packages/airflow/example_dags/example_kubernetes_executor.py for tasks to queue
[2023-07-12T06:35:34.557+0000] {logging_mixin.py:150} INFO - [2023-07-12T06:35:34.557+0000] {dagbag.py:541} INFO - Filling up the DagBag from /home/airflow/.local/lib/python3.7/site-packages/airflow/example_dags/example_kubernetes_executor.py
[2023-07-12T06:35:34.808+0000] {processor.py:836} INFO - DAG(s) dict_keys(['example_kubernetes_executor']) retrieved from /home/airflow/.local/lib/python3.7/site-packages/airflow/example_dags/example_kubernetes_executor.py
[2023-07-12T06:35:34.856+0000] {logging_mixin.py:150} INFO - [2023-07-12T06:35:34.856+0000] {dag.py:2742} INFO - Sync 1 DAGs
[2023-07-12T06:35:34.889+0000] {logging_mixin.py:150} INFO - [2023-07-12T06:35:34.889+0000] {dag.py:3508} INFO - Setting next_dagrun for example_kubernetes_executor to None, run_after=None
[2023-07-12T06:35:34.919+0000] {processor.py:179} INFO - Processing /home/airflow/.local/lib/python3.7/site-packages/airflow/example_dags/example_kubernetes_executor.py took 0.372 seconds
[2023-07-12T06:36:05.065+0000] {processor.py:157} INFO - Started process (PID=3607) to work on /home/airflow/.local/lib/python3.7/site-packages/airflow/example_dags/example_kubernetes_executor.py
[2023-07-12T06:36:05.067+0000] {processor.py:826} INFO - Processing file /home/airflow/.local/lib/python3.7/site-packages/airflow/example_dags/example_kubernetes_executor.py for tasks to queue
[2023-07-12T06:36:05.069+0000] {logging_mixin.py:150} INFO - [2023-07-12T06:36:05.069+0000] {dagbag.py:541} INFO - Filling up the DagBag from /home/airflow/.local/lib/python3.7/site-packages/airflow/example_dags/example_kubernetes_executor.py
[2023-07-12T06:36:05.332+0000] {processor.py:836} INFO - DAG(s) dict_keys(['example_kubernetes_executor']) retrieved from /home/airflow/.local/lib/python3.7/site-packages/airflow/example_dags/example_kubernetes_executor.py
[2023-07-12T06:36:05.384+0000] {logging_mixin.py:150} INFO - [2023-07-12T06:36:05.383+0000] {dag.py:2742} INFO - Sync 1 DAGs
[2023-07-12T06:36:05.418+0000] {logging_mixin.py:150} INFO - [2023-07-12T06:36:05.418+0000] {dag.py:3508} INFO - Setting next_dagrun for example_kubernetes_executor to None, run_after=None
[2023-07-12T06:36:05.447+0000] {processor.py:179} INFO - Processing /home/airflow/.local/lib/python3.7/site-packages/airflow/example_dags/example_kubernetes_executor.py took 0.385 seconds
[2023-07-12T06:36:35.969+0000] {processor.py:157} INFO - Started process (PID=3848) to work on /home/airflow/.local/lib/python3.7/site-packages/airflow/example_dags/example_kubernetes_executor.py
[2023-07-12T06:36:35.971+0000] {processor.py:826} INFO - Processing file /home/airflow/.local/lib/python3.7/site-packages/airflow/example_dags/example_kubernetes_executor.py for tasks to queue
[2023-07-12T06:36:35.974+0000] {logging_mixin.py:150} INFO - [2023-07-12T06:36:35.974+0000] {dagbag.py:541} INFO - Filling up the DagBag from /home/airflow/.local/lib/python3.7/site-packages/airflow/example_dags/example_kubernetes_executor.py
[2023-07-12T06:36:36.229+0000] {processor.py:836} INFO - DAG(s) dict_keys(['example_kubernetes_executor']) retrieved from /home/airflow/.local/lib/python3.7/site-packages/airflow/example_dags/example_kubernetes_executor.py
[2023-07-12T06:36:36.281+0000] {logging_mixin.py:150} INFO - [2023-07-12T06:36:36.281+0000] {dag.py:2742} INFO - Sync 1 DAGs
[2023-07-12T06:36:36.314+0000] {logging_mixin.py:150} INFO - [2023-07-12T06:36:36.313+0000] {dag.py:3508} INFO - Setting next_dagrun for example_kubernetes_executor to None, run_after=None
[2023-07-12T06:36:36.342+0000] {processor.py:179} INFO - Processing /home/airflow/.local/lib/python3.7/site-packages/airflow/example_dags/example_kubernetes_executor.py took 0.378 seconds
[2023-07-12T06:37:06.524+0000] {processor.py:157} INFO - Started process (PID=4089) to work on /home/airflow/.local/lib/python3.7/site-packages/airflow/example_dags/example_kubernetes_executor.py
[2023-07-12T06:37:06.527+0000] {processor.py:826} INFO - Processing file /home/airflow/.local/lib/python3.7/site-packages/airflow/example_dags/example_kubernetes_executor.py for tasks to queue
[2023-07-12T06:37:06.530+0000] {logging_mixin.py:150} INFO - [2023-07-12T06:37:06.529+0000] {dagbag.py:541} INFO - Filling up the DagBag from /home/airflow/.local/lib/python3.7/site-packages/airflow/example_dags/example_kubernetes_executor.py
[2023-07-12T06:37:06.779+0000] {processor.py:836} INFO - DAG(s) dict_keys(['example_kubernetes_executor']) retrieved from /home/airflow/.local/lib/python3.7/site-packages/airflow/example_dags/example_kubernetes_executor.py
[2023-07-12T06:37:06.828+0000] {logging_mixin.py:150} INFO - [2023-07-12T06:37:06.828+0000] {dag.py:2742} INFO - Sync 1 DAGs
[2023-07-12T06:37:06.862+0000] {logging_mixin.py:150} INFO - [2023-07-12T06:37:06.862+0000] {dag.py:3508} INFO - Setting next_dagrun for example_kubernetes_executor to None, run_after=None
[2023-07-12T06:37:06.891+0000] {processor.py:179} INFO - Processing /home/airflow/.local/lib/python3.7/site-packages/airflow/example_dags/example_kubernetes_executor.py took 0.371 seconds
[2023-07-12T06:37:37.528+0000] {processor.py:157} INFO - Started process (PID=4329) to work on /home/airflow/.local/lib/python3.7/site-packages/airflow/example_dags/example_kubernetes_executor.py
[2023-07-12T06:37:37.531+0000] {processor.py:826} INFO - Processing file /home/airflow/.local/lib/python3.7/site-packages/airflow/example_dags/example_kubernetes_executor.py for tasks to queue
[2023-07-12T06:37:37.533+0000] {logging_mixin.py:150} INFO - [2023-07-12T06:37:37.532+0000] {dagbag.py:541} INFO - Filling up the DagBag from /home/airflow/.local/lib/python3.7/site-packages/airflow/example_dags/example_kubernetes_executor.py
[2023-07-12T06:37:37.803+0000] {processor.py:836} INFO - DAG(s) dict_keys(['example_kubernetes_executor']) retrieved from /home/airflow/.local/lib/python3.7/site-packages/airflow/example_dags/example_kubernetes_executor.py
[2023-07-12T06:37:37.854+0000] {logging_mixin.py:150} INFO - [2023-07-12T06:37:37.853+0000] {dag.py:2742} INFO - Sync 1 DAGs
[2023-07-12T06:37:37.889+0000] {logging_mixin.py:150} INFO - [2023-07-12T06:37:37.888+0000] {dag.py:3508} INFO - Setting next_dagrun for example_kubernetes_executor to None, run_after=None
[2023-07-12T06:37:37.920+0000] {processor.py:179} INFO - Processing /home/airflow/.local/lib/python3.7/site-packages/airflow/example_dags/example_kubernetes_executor.py took 0.396 seconds
[2023-07-12T06:38:08.841+0000] {processor.py:157} INFO - Started process (PID=4570) to work on /home/airflow/.local/lib/python3.7/site-packages/airflow/example_dags/example_kubernetes_executor.py
[2023-07-12T06:38:08.843+0000] {processor.py:826} INFO - Processing file /home/airflow/.local/lib/python3.7/site-packages/airflow/example_dags/example_kubernetes_executor.py for tasks to queue
[2023-07-12T06:38:08.846+0000] {logging_mixin.py:150} INFO - [2023-07-12T06:38:08.845+0000] {dagbag.py:541} INFO - Filling up the DagBag from /home/airflow/.local/lib/python3.7/site-packages/airflow/example_dags/example_kubernetes_executor.py
[2023-07-12T06:38:09.114+0000] {processor.py:836} INFO - DAG(s) dict_keys(['example_kubernetes_executor']) retrieved from /home/airflow/.local/lib/python3.7/site-packages/airflow/example_dags/example_kubernetes_executor.py
[2023-07-12T06:38:09.167+0000] {logging_mixin.py:150} INFO - [2023-07-12T06:38:09.167+0000] {dag.py:2742} INFO - Sync 1 DAGs
[2023-07-12T06:38:09.199+0000] {logging_mixin.py:150} INFO - [2023-07-12T06:38:09.199+0000] {dag.py:3508} INFO - Setting next_dagrun for example_kubernetes_executor to None, run_after=None
[2023-07-12T06:38:09.230+0000] {processor.py:179} INFO - Processing /home/airflow/.local/lib/python3.7/site-packages/airflow/example_dags/example_kubernetes_executor.py took 0.395 seconds
[2023-07-12T06:38:39.770+0000] {processor.py:157} INFO - Started process (PID=4811) to work on /home/airflow/.local/lib/python3.7/site-packages/airflow/example_dags/example_kubernetes_executor.py
[2023-07-12T06:38:39.774+0000] {processor.py:826} INFO - Processing file /home/airflow/.local/lib/python3.7/site-packages/airflow/example_dags/example_kubernetes_executor.py for tasks to queue
[2023-07-12T06:38:39.779+0000] {logging_mixin.py:150} INFO - [2023-07-12T06:38:39.778+0000] {dagbag.py:541} INFO - Filling up the DagBag from /home/airflow/.local/lib/python3.7/site-packages/airflow/example_dags/example_kubernetes_executor.py
[2023-07-12T06:38:40.049+0000] {processor.py:836} INFO - DAG(s) dict_keys(['example_kubernetes_executor']) retrieved from /home/airflow/.local/lib/python3.7/site-packages/airflow/example_dags/example_kubernetes_executor.py
[2023-07-12T06:38:40.100+0000] {logging_mixin.py:150} INFO - [2023-07-12T06:38:40.099+0000] {dag.py:2742} INFO - Sync 1 DAGs
[2023-07-12T06:38:40.133+0000] {logging_mixin.py:150} INFO - [2023-07-12T06:38:40.133+0000] {dag.py:3508} INFO - Setting next_dagrun for example_kubernetes_executor to None, run_after=None
[2023-07-12T06:38:40.163+0000] {processor.py:179} INFO - Processing /home/airflow/.local/lib/python3.7/site-packages/airflow/example_dags/example_kubernetes_executor.py took 0.399 seconds
[2023-07-12T06:39:10.334+0000] {processor.py:157} INFO - Started process (PID=5052) to work on /home/airflow/.local/lib/python3.7/site-packages/airflow/example_dags/example_kubernetes_executor.py
[2023-07-12T06:39:10.337+0000] {processor.py:826} INFO - Processing file /home/airflow/.local/lib/python3.7/site-packages/airflow/example_dags/example_kubernetes_executor.py for tasks to queue
[2023-07-12T06:39:10.340+0000] {logging_mixin.py:150} INFO - [2023-07-12T06:39:10.339+0000] {dagbag.py:541} INFO - Filling up the DagBag from /home/airflow/.local/lib/python3.7/site-packages/airflow/example_dags/example_kubernetes_executor.py
[2023-07-12T06:39:10.600+0000] {processor.py:836} INFO - DAG(s) dict_keys(['example_kubernetes_executor']) retrieved from /home/airflow/.local/lib/python3.7/site-packages/airflow/example_dags/example_kubernetes_executor.py
[2023-07-12T06:39:10.653+0000] {logging_mixin.py:150} INFO - [2023-07-12T06:39:10.653+0000] {dag.py:2742} INFO - Sync 1 DAGs
[2023-07-12T06:39:10.690+0000] {logging_mixin.py:150} INFO - [2023-07-12T06:39:10.690+0000] {dag.py:3508} INFO - Setting next_dagrun for example_kubernetes_executor to None, run_after=None
[2023-07-12T06:39:10.717+0000] {processor.py:179} INFO - Processing /home/airflow/.local/lib/python3.7/site-packages/airflow/example_dags/example_kubernetes_executor.py took 0.389 seconds
[2023-07-12T06:39:41.112+0000] {processor.py:157} INFO - Started process (PID=5293) to work on /home/airflow/.local/lib/python3.7/site-packages/airflow/example_dags/example_kubernetes_executor.py
[2023-07-12T06:39:41.114+0000] {processor.py:826} INFO - Processing file /home/airflow/.local/lib/python3.7/site-packages/airflow/example_dags/example_kubernetes_executor.py for tasks to queue
[2023-07-12T06:39:41.121+0000] {logging_mixin.py:150} INFO - [2023-07-12T06:39:41.121+0000] {dagbag.py:541} INFO - Filling up the DagBag from /home/airflow/.local/lib/python3.7/site-packages/airflow/example_dags/example_kubernetes_executor.py
[2023-07-12T06:39:41.378+0000] {processor.py:836} INFO - DAG(s) dict_keys(['example_kubernetes_executor']) retrieved from /home/airflow/.local/lib/python3.7/site-packages/airflow/example_dags/example_kubernetes_executor.py
[2023-07-12T06:39:41.434+0000] {logging_mixin.py:150} INFO - [2023-07-12T06:39:41.434+0000] {dag.py:2742} INFO - Sync 1 DAGs
[2023-07-12T06:39:41.466+0000] {logging_mixin.py:150} INFO - [2023-07-12T06:39:41.466+0000] {dag.py:3508} INFO - Setting next_dagrun for example_kubernetes_executor to None, run_after=None
[2023-07-12T06:39:41.499+0000] {processor.py:179} INFO - Processing /home/airflow/.local/lib/python3.7/site-packages/airflow/example_dags/example_kubernetes_executor.py took 0.392 seconds
[2023-07-12T06:40:11.716+0000] {processor.py:157} INFO - Started process (PID=5534) to work on /home/airflow/.local/lib/python3.7/site-packages/airflow/example_dags/example_kubernetes_executor.py
[2023-07-12T06:40:11.720+0000] {processor.py:826} INFO - Processing file /home/airflow/.local/lib/python3.7/site-packages/airflow/example_dags/example_kubernetes_executor.py for tasks to queue
[2023-07-12T06:40:11.722+0000] {logging_mixin.py:150} INFO - [2023-07-12T06:40:11.722+0000] {dagbag.py:541} INFO - Filling up the DagBag from /home/airflow/.local/lib/python3.7/site-packages/airflow/example_dags/example_kubernetes_executor.py
[2023-07-12T06:40:11.956+0000] {processor.py:836} INFO - DAG(s) dict_keys(['example_kubernetes_executor']) retrieved from /home/airflow/.local/lib/python3.7/site-packages/airflow/example_dags/example_kubernetes_executor.py
[2023-07-12T06:40:12.005+0000] {logging_mixin.py:150} INFO - [2023-07-12T06:40:12.005+0000] {dag.py:2742} INFO - Sync 1 DAGs
[2023-07-12T06:40:12.035+0000] {logging_mixin.py:150} INFO - [2023-07-12T06:40:12.035+0000] {dag.py:3508} INFO - Setting next_dagrun for example_kubernetes_executor to None, run_after=None
[2023-07-12T06:40:12.063+0000] {processor.py:179} INFO - Processing /home/airflow/.local/lib/python3.7/site-packages/airflow/example_dags/example_kubernetes_executor.py took 0.352 seconds
[2023-07-12T06:40:42.385+0000] {processor.py:157} INFO - Started process (PID=5775) to work on /home/airflow/.local/lib/python3.7/site-packages/airflow/example_dags/example_kubernetes_executor.py
[2023-07-12T06:40:42.388+0000] {processor.py:826} INFO - Processing file /home/airflow/.local/lib/python3.7/site-packages/airflow/example_dags/example_kubernetes_executor.py for tasks to queue
[2023-07-12T06:40:42.391+0000] {logging_mixin.py:150} INFO - [2023-07-12T06:40:42.390+0000] {dagbag.py:541} INFO - Filling up the DagBag from /home/airflow/.local/lib/python3.7/site-packages/airflow/example_dags/example_kubernetes_executor.py
[2023-07-12T06:40:42.635+0000] {processor.py:836} INFO - DAG(s) dict_keys(['example_kubernetes_executor']) retrieved from /home/airflow/.local/lib/python3.7/site-packages/airflow/example_dags/example_kubernetes_executor.py
[2023-07-12T06:40:42.683+0000] {logging_mixin.py:150} INFO - [2023-07-12T06:40:42.683+0000] {dag.py:2742} INFO - Sync 1 DAGs
[2023-07-12T06:40:42.713+0000] {logging_mixin.py:150} INFO - [2023-07-12T06:40:42.713+0000] {dag.py:3508} INFO - Setting next_dagrun for example_kubernetes_executor to None, run_after=None
[2023-07-12T06:40:42.739+0000] {processor.py:179} INFO - Processing /home/airflow/.local/lib/python3.7/site-packages/airflow/example_dags/example_kubernetes_executor.py took 0.361 seconds
[2023-07-12T06:41:12.825+0000] {processor.py:157} INFO - Started process (PID=6016) to work on /home/airflow/.local/lib/python3.7/site-packages/airflow/example_dags/example_kubernetes_executor.py
[2023-07-12T06:41:12.827+0000] {processor.py:826} INFO - Processing file /home/airflow/.local/lib/python3.7/site-packages/airflow/example_dags/example_kubernetes_executor.py for tasks to queue
[2023-07-12T06:41:12.829+0000] {logging_mixin.py:150} INFO - [2023-07-12T06:41:12.829+0000] {dagbag.py:541} INFO - Filling up the DagBag from /home/airflow/.local/lib/python3.7/site-packages/airflow/example_dags/example_kubernetes_executor.py
[2023-07-12T06:41:13.071+0000] {processor.py:836} INFO - DAG(s) dict_keys(['example_kubernetes_executor']) retrieved from /home/airflow/.local/lib/python3.7/site-packages/airflow/example_dags/example_kubernetes_executor.py
[2023-07-12T06:41:13.119+0000] {logging_mixin.py:150} INFO - [2023-07-12T06:41:13.118+0000] {dag.py:2742} INFO - Sync 1 DAGs
[2023-07-12T06:41:13.162+0000] {logging_mixin.py:150} INFO - [2023-07-12T06:41:13.162+0000] {dag.py:3508} INFO - Setting next_dagrun for example_kubernetes_executor to None, run_after=None
[2023-07-12T06:41:13.188+0000] {processor.py:179} INFO - Processing /home/airflow/.local/lib/python3.7/site-packages/airflow/example_dags/example_kubernetes_executor.py took 0.368 seconds
[2023-07-12T06:41:43.449+0000] {processor.py:157} INFO - Started process (PID=6262) to work on /home/airflow/.local/lib/python3.7/site-packages/airflow/example_dags/example_kubernetes_executor.py
[2023-07-12T06:41:43.451+0000] {processor.py:826} INFO - Processing file /home/airflow/.local/lib/python3.7/site-packages/airflow/example_dags/example_kubernetes_executor.py for tasks to queue
[2023-07-12T06:41:43.454+0000] {logging_mixin.py:150} INFO - [2023-07-12T06:41:43.454+0000] {dagbag.py:541} INFO - Filling up the DagBag from /home/airflow/.local/lib/python3.7/site-packages/airflow/example_dags/example_kubernetes_executor.py
[2023-07-12T06:41:43.703+0000] {processor.py:836} INFO - DAG(s) dict_keys(['example_kubernetes_executor']) retrieved from /home/airflow/.local/lib/python3.7/site-packages/airflow/example_dags/example_kubernetes_executor.py
[2023-07-12T06:41:43.750+0000] {logging_mixin.py:150} INFO - [2023-07-12T06:41:43.750+0000] {dag.py:2742} INFO - Sync 1 DAGs
[2023-07-12T06:41:43.781+0000] {logging_mixin.py:150} INFO - [2023-07-12T06:41:43.780+0000] {dag.py:3508} INFO - Setting next_dagrun for example_kubernetes_executor to None, run_after=None
[2023-07-12T06:41:43.810+0000] {processor.py:179} INFO - Processing /home/airflow/.local/lib/python3.7/site-packages/airflow/example_dags/example_kubernetes_executor.py took 0.366 seconds
[2023-07-12T06:42:13.857+0000] {processor.py:157} INFO - Started process (PID=6504) to work on /home/airflow/.local/lib/python3.7/site-packages/airflow/example_dags/example_kubernetes_executor.py
[2023-07-12T06:42:13.859+0000] {processor.py:826} INFO - Processing file /home/airflow/.local/lib/python3.7/site-packages/airflow/example_dags/example_kubernetes_executor.py for tasks to queue
[2023-07-12T06:42:13.861+0000] {logging_mixin.py:150} INFO - [2023-07-12T06:42:13.861+0000] {dagbag.py:541} INFO - Filling up the DagBag from /home/airflow/.local/lib/python3.7/site-packages/airflow/example_dags/example_kubernetes_executor.py
[2023-07-12T06:42:14.087+0000] {processor.py:836} INFO - DAG(s) dict_keys(['example_kubernetes_executor']) retrieved from /home/airflow/.local/lib/python3.7/site-packages/airflow/example_dags/example_kubernetes_executor.py
[2023-07-12T06:42:14.135+0000] {logging_mixin.py:150} INFO - [2023-07-12T06:42:14.134+0000] {dag.py:2742} INFO - Sync 1 DAGs
[2023-07-12T06:42:14.165+0000] {logging_mixin.py:150} INFO - [2023-07-12T06:42:14.165+0000] {dag.py:3508} INFO - Setting next_dagrun for example_kubernetes_executor to None, run_after=None
[2023-07-12T06:42:14.191+0000] {processor.py:179} INFO - Processing /home/airflow/.local/lib/python3.7/site-packages/airflow/example_dags/example_kubernetes_executor.py took 0.339 seconds
[2023-07-12T06:42:44.274+0000] {processor.py:157} INFO - Started process (PID=6743) to work on /home/airflow/.local/lib/python3.7/site-packages/airflow/example_dags/example_kubernetes_executor.py
[2023-07-12T06:42:44.276+0000] {processor.py:826} INFO - Processing file /home/airflow/.local/lib/python3.7/site-packages/airflow/example_dags/example_kubernetes_executor.py for tasks to queue
[2023-07-12T06:42:44.278+0000] {logging_mixin.py:150} INFO - [2023-07-12T06:42:44.278+0000] {dagbag.py:541} INFO - Filling up the DagBag from /home/airflow/.local/lib/python3.7/site-packages/airflow/example_dags/example_kubernetes_executor.py
[2023-07-12T06:42:44.517+0000] {processor.py:836} INFO - DAG(s) dict_keys(['example_kubernetes_executor']) retrieved from /home/airflow/.local/lib/python3.7/site-packages/airflow/example_dags/example_kubernetes_executor.py
[2023-07-12T06:42:44.567+0000] {logging_mixin.py:150} INFO - [2023-07-12T06:42:44.567+0000] {dag.py:2742} INFO - Sync 1 DAGs
[2023-07-12T06:42:44.599+0000] {logging_mixin.py:150} INFO - [2023-07-12T06:42:44.599+0000] {dag.py:3508} INFO - Setting next_dagrun for example_kubernetes_executor to None, run_after=None
[2023-07-12T06:42:44.627+0000] {processor.py:179} INFO - Processing /home/airflow/.local/lib/python3.7/site-packages/airflow/example_dags/example_kubernetes_executor.py took 0.358 seconds
[2023-07-12T06:43:14.783+0000] {processor.py:157} INFO - Started process (PID=6981) to work on /home/airflow/.local/lib/python3.7/site-packages/airflow/example_dags/example_kubernetes_executor.py
[2023-07-12T06:43:14.785+0000] {processor.py:826} INFO - Processing file /home/airflow/.local/lib/python3.7/site-packages/airflow/example_dags/example_kubernetes_executor.py for tasks to queue
[2023-07-12T06:43:14.788+0000] {logging_mixin.py:150} INFO - [2023-07-12T06:43:14.788+0000] {dagbag.py:541} INFO - Filling up the DagBag from /home/airflow/.local/lib/python3.7/site-packages/airflow/example_dags/example_kubernetes_executor.py
[2023-07-12T06:43:15.026+0000] {processor.py:836} INFO - DAG(s) dict_keys(['example_kubernetes_executor']) retrieved from /home/airflow/.local/lib/python3.7/site-packages/airflow/example_dags/example_kubernetes_executor.py
[2023-07-12T06:43:15.074+0000] {logging_mixin.py:150} INFO - [2023-07-12T06:43:15.074+0000] {dag.py:2742} INFO - Sync 1 DAGs
[2023-07-12T06:43:15.107+0000] {logging_mixin.py:150} INFO - [2023-07-12T06:43:15.106+0000] {dag.py:3508} INFO - Setting next_dagrun for example_kubernetes_executor to None, run_after=None
[2023-07-12T06:43:15.131+0000] {processor.py:179} INFO - Processing /home/airflow/.local/lib/python3.7/site-packages/airflow/example_dags/example_kubernetes_executor.py took 0.355 seconds
[2023-07-12T06:43:45.943+0000] {processor.py:157} INFO - Started process (PID=7222) to work on /home/airflow/.local/lib/python3.7/site-packages/airflow/example_dags/example_kubernetes_executor.py
[2023-07-12T06:43:45.945+0000] {processor.py:826} INFO - Processing file /home/airflow/.local/lib/python3.7/site-packages/airflow/example_dags/example_kubernetes_executor.py for tasks to queue
[2023-07-12T06:43:45.947+0000] {logging_mixin.py:150} INFO - [2023-07-12T06:43:45.947+0000] {dagbag.py:541} INFO - Filling up the DagBag from /home/airflow/.local/lib/python3.7/site-packages/airflow/example_dags/example_kubernetes_executor.py
[2023-07-12T06:43:46.185+0000] {processor.py:836} INFO - DAG(s) dict_keys(['example_kubernetes_executor']) retrieved from /home/airflow/.local/lib/python3.7/site-packages/airflow/example_dags/example_kubernetes_executor.py
[2023-07-12T06:43:46.231+0000] {logging_mixin.py:150} INFO - [2023-07-12T06:43:46.230+0000] {dag.py:2742} INFO - Sync 1 DAGs
[2023-07-12T06:43:46.260+0000] {logging_mixin.py:150} INFO - [2023-07-12T06:43:46.260+0000] {dag.py:3508} INFO - Setting next_dagrun for example_kubernetes_executor to None, run_after=None
[2023-07-12T06:43:46.289+0000] {processor.py:179} INFO - Processing /home/airflow/.local/lib/python3.7/site-packages/airflow/example_dags/example_kubernetes_executor.py took 0.351 seconds
[2023-07-12T06:44:16.374+0000] {processor.py:157} INFO - Started process (PID=7463) to work on /home/airflow/.local/lib/python3.7/site-packages/airflow/example_dags/example_kubernetes_executor.py
[2023-07-12T06:44:16.377+0000] {processor.py:826} INFO - Processing file /home/airflow/.local/lib/python3.7/site-packages/airflow/example_dags/example_kubernetes_executor.py for tasks to queue
[2023-07-12T06:44:16.379+0000] {logging_mixin.py:150} INFO - [2023-07-12T06:44:16.379+0000] {dagbag.py:541} INFO - Filling up the DagBag from /home/airflow/.local/lib/python3.7/site-packages/airflow/example_dags/example_kubernetes_executor.py
[2023-07-12T06:44:16.616+0000] {processor.py:836} INFO - DAG(s) dict_keys(['example_kubernetes_executor']) retrieved from /home/airflow/.local/lib/python3.7/site-packages/airflow/example_dags/example_kubernetes_executor.py
[2023-07-12T06:44:16.664+0000] {logging_mixin.py:150} INFO - [2023-07-12T06:44:16.663+0000] {dag.py:2742} INFO - Sync 1 DAGs
[2023-07-12T06:44:16.695+0000] {logging_mixin.py:150} INFO - [2023-07-12T06:44:16.695+0000] {dag.py:3508} INFO - Setting next_dagrun for example_kubernetes_executor to None, run_after=None
[2023-07-12T06:44:16.720+0000] {processor.py:179} INFO - Processing /home/airflow/.local/lib/python3.7/site-packages/airflow/example_dags/example_kubernetes_executor.py took 0.352 seconds
[2023-07-12T06:44:47.002+0000] {processor.py:157} INFO - Started process (PID=7709) to work on /home/airflow/.local/lib/python3.7/site-packages/airflow/example_dags/example_kubernetes_executor.py
[2023-07-12T06:44:47.004+0000] {processor.py:826} INFO - Processing file /home/airflow/.local/lib/python3.7/site-packages/airflow/example_dags/example_kubernetes_executor.py for tasks to queue
[2023-07-12T06:44:47.006+0000] {logging_mixin.py:150} INFO - [2023-07-12T06:44:47.006+0000] {dagbag.py:541} INFO - Filling up the DagBag from /home/airflow/.local/lib/python3.7/site-packages/airflow/example_dags/example_kubernetes_executor.py
[2023-07-12T06:44:47.226+0000] {processor.py:836} INFO - DAG(s) dict_keys(['example_kubernetes_executor']) retrieved from /home/airflow/.local/lib/python3.7/site-packages/airflow/example_dags/example_kubernetes_executor.py
[2023-07-12T06:44:47.274+0000] {logging_mixin.py:150} INFO - [2023-07-12T06:44:47.274+0000] {dag.py:2742} INFO - Sync 1 DAGs
[2023-07-12T06:44:47.305+0000] {logging_mixin.py:150} INFO - [2023-07-12T06:44:47.305+0000] {dag.py:3508} INFO - Setting next_dagrun for example_kubernetes_executor to None, run_after=None
[2023-07-12T06:44:47.332+0000] {processor.py:179} INFO - Processing /home/airflow/.local/lib/python3.7/site-packages/airflow/example_dags/example_kubernetes_executor.py took 0.335 seconds
[2023-07-12T06:45:17.507+0000] {processor.py:157} INFO - Started process (PID=7950) to work on /home/airflow/.local/lib/python3.7/site-packages/airflow/example_dags/example_kubernetes_executor.py
[2023-07-12T06:45:17.510+0000] {processor.py:826} INFO - Processing file /home/airflow/.local/lib/python3.7/site-packages/airflow/example_dags/example_kubernetes_executor.py for tasks to queue
[2023-07-12T06:45:17.512+0000] {logging_mixin.py:150} INFO - [2023-07-12T06:45:17.511+0000] {dagbag.py:541} INFO - Filling up the DagBag from /home/airflow/.local/lib/python3.7/site-packages/airflow/example_dags/example_kubernetes_executor.py
[2023-07-12T06:45:17.733+0000] {processor.py:836} INFO - DAG(s) dict_keys(['example_kubernetes_executor']) retrieved from /home/airflow/.local/lib/python3.7/site-packages/airflow/example_dags/example_kubernetes_executor.py
[2023-07-12T06:45:17.778+0000] {logging_mixin.py:150} INFO - [2023-07-12T06:45:17.778+0000] {dag.py:2742} INFO - Sync 1 DAGs
[2023-07-12T06:45:17.811+0000] {logging_mixin.py:150} INFO - [2023-07-12T06:45:17.810+0000] {dag.py:3508} INFO - Setting next_dagrun for example_kubernetes_executor to None, run_after=None
[2023-07-12T06:45:17.837+0000] {processor.py:179} INFO - Processing /home/airflow/.local/lib/python3.7/site-packages/airflow/example_dags/example_kubernetes_executor.py took 0.335 seconds
[2023-07-12T06:45:48.355+0000] {processor.py:157} INFO - Started process (PID=8186) to work on /home/airflow/.local/lib/python3.7/site-packages/airflow/example_dags/example_kubernetes_executor.py
[2023-07-12T06:45:48.358+0000] {processor.py:826} INFO - Processing file /home/airflow/.local/lib/python3.7/site-packages/airflow/example_dags/example_kubernetes_executor.py for tasks to queue
[2023-07-12T06:45:48.362+0000] {logging_mixin.py:150} INFO - [2023-07-12T06:45:48.361+0000] {dagbag.py:541} INFO - Filling up the DagBag from /home/airflow/.local/lib/python3.7/site-packages/airflow/example_dags/example_kubernetes_executor.py
[2023-07-12T06:45:48.636+0000] {processor.py:836} INFO - DAG(s) dict_keys(['example_kubernetes_executor']) retrieved from /home/airflow/.local/lib/python3.7/site-packages/airflow/example_dags/example_kubernetes_executor.py
[2023-07-12T06:45:48.683+0000] {logging_mixin.py:150} INFO - [2023-07-12T06:45:48.683+0000] {dag.py:2742} INFO - Sync 1 DAGs
[2023-07-12T06:45:48.713+0000] {logging_mixin.py:150} INFO - [2023-07-12T06:45:48.712+0000] {dag.py:3508} INFO - Setting next_dagrun for example_kubernetes_executor to None, run_after=None
[2023-07-12T06:45:48.740+0000] {processor.py:179} INFO - Processing /home/airflow/.local/lib/python3.7/site-packages/airflow/example_dags/example_kubernetes_executor.py took 0.391 seconds
[2023-07-12T06:46:18.997+0000] {processor.py:157} INFO - Started process (PID=8432) to work on /home/airflow/.local/lib/python3.7/site-packages/airflow/example_dags/example_kubernetes_executor.py
[2023-07-12T06:46:19.000+0000] {processor.py:826} INFO - Processing file /home/airflow/.local/lib/python3.7/site-packages/airflow/example_dags/example_kubernetes_executor.py for tasks to queue
[2023-07-12T06:46:19.003+0000] {logging_mixin.py:150} INFO - [2023-07-12T06:46:19.003+0000] {dagbag.py:541} INFO - Filling up the DagBag from /home/airflow/.local/lib/python3.7/site-packages/airflow/example_dags/example_kubernetes_executor.py
[2023-07-12T06:46:19.249+0000] {processor.py:836} INFO - DAG(s) dict_keys(['example_kubernetes_executor']) retrieved from /home/airflow/.local/lib/python3.7/site-packages/airflow/example_dags/example_kubernetes_executor.py
[2023-07-12T06:46:19.296+0000] {logging_mixin.py:150} INFO - [2023-07-12T06:46:19.296+0000] {dag.py:2742} INFO - Sync 1 DAGs
[2023-07-12T06:46:19.326+0000] {logging_mixin.py:150} INFO - [2023-07-12T06:46:19.325+0000] {dag.py:3508} INFO - Setting next_dagrun for example_kubernetes_executor to None, run_after=None
[2023-07-12T06:46:19.352+0000] {processor.py:179} INFO - Processing /home/airflow/.local/lib/python3.7/site-packages/airflow/example_dags/example_kubernetes_executor.py took 0.359 seconds
[2023-07-12T06:46:50.106+0000] {processor.py:157} INFO - Started process (PID=8673) to work on /home/airflow/.local/lib/python3.7/site-packages/airflow/example_dags/example_kubernetes_executor.py
[2023-07-12T06:46:50.108+0000] {processor.py:826} INFO - Processing file /home/airflow/.local/lib/python3.7/site-packages/airflow/example_dags/example_kubernetes_executor.py for tasks to queue
[2023-07-12T06:46:50.110+0000] {logging_mixin.py:150} INFO - [2023-07-12T06:46:50.110+0000] {dagbag.py:541} INFO - Filling up the DagBag from /home/airflow/.local/lib/python3.7/site-packages/airflow/example_dags/example_kubernetes_executor.py
[2023-07-12T06:46:50.338+0000] {processor.py:836} INFO - DAG(s) dict_keys(['example_kubernetes_executor']) retrieved from /home/airflow/.local/lib/python3.7/site-packages/airflow/example_dags/example_kubernetes_executor.py
[2023-07-12T06:46:50.385+0000] {logging_mixin.py:150} INFO - [2023-07-12T06:46:50.384+0000] {dag.py:2742} INFO - Sync 1 DAGs
[2023-07-12T06:46:50.416+0000] {logging_mixin.py:150} INFO - [2023-07-12T06:46:50.415+0000] {dag.py:3508} INFO - Setting next_dagrun for example_kubernetes_executor to None, run_after=None
[2023-07-12T06:46:50.441+0000] {processor.py:179} INFO - Processing /home/airflow/.local/lib/python3.7/site-packages/airflow/example_dags/example_kubernetes_executor.py took 0.340 seconds
[2023-07-12T06:47:20.620+0000] {processor.py:157} INFO - Started process (PID=8913) to work on /home/airflow/.local/lib/python3.7/site-packages/airflow/example_dags/example_kubernetes_executor.py
[2023-07-12T06:47:20.623+0000] {processor.py:826} INFO - Processing file /home/airflow/.local/lib/python3.7/site-packages/airflow/example_dags/example_kubernetes_executor.py for tasks to queue
[2023-07-12T06:47:20.625+0000] {logging_mixin.py:150} INFO - [2023-07-12T06:47:20.625+0000] {dagbag.py:541} INFO - Filling up the DagBag from /home/airflow/.local/lib/python3.7/site-packages/airflow/example_dags/example_kubernetes_executor.py
[2023-07-12T06:47:20.890+0000] {processor.py:836} INFO - DAG(s) dict_keys(['example_kubernetes_executor']) retrieved from /home/airflow/.local/lib/python3.7/site-packages/airflow/example_dags/example_kubernetes_executor.py
[2023-07-12T06:47:20.943+0000] {logging_mixin.py:150} INFO - [2023-07-12T06:47:20.943+0000] {dag.py:2742} INFO - Sync 1 DAGs
[2023-07-12T06:47:20.980+0000] {logging_mixin.py:150} INFO - [2023-07-12T06:47:20.980+0000] {dag.py:3508} INFO - Setting next_dagrun for example_kubernetes_executor to None, run_after=None
[2023-07-12T06:47:21.009+0000] {processor.py:179} INFO - Processing /home/airflow/.local/lib/python3.7/site-packages/airflow/example_dags/example_kubernetes_executor.py took 0.394 seconds
[2023-07-12T06:47:51.178+0000] {processor.py:157} INFO - Started process (PID=9153) to work on /home/airflow/.local/lib/python3.7/site-packages/airflow/example_dags/example_kubernetes_executor.py
[2023-07-12T06:47:51.181+0000] {processor.py:826} INFO - Processing file /home/airflow/.local/lib/python3.7/site-packages/airflow/example_dags/example_kubernetes_executor.py for tasks to queue
[2023-07-12T06:47:51.184+0000] {logging_mixin.py:150} INFO - [2023-07-12T06:47:51.183+0000] {dagbag.py:541} INFO - Filling up the DagBag from /home/airflow/.local/lib/python3.7/site-packages/airflow/example_dags/example_kubernetes_executor.py
[2023-07-12T06:47:51.437+0000] {processor.py:836} INFO - DAG(s) dict_keys(['example_kubernetes_executor']) retrieved from /home/airflow/.local/lib/python3.7/site-packages/airflow/example_dags/example_kubernetes_executor.py
[2023-07-12T06:47:51.487+0000] {logging_mixin.py:150} INFO - [2023-07-12T06:47:51.486+0000] {dag.py:2742} INFO - Sync 1 DAGs
[2023-07-12T06:47:51.521+0000] {logging_mixin.py:150} INFO - [2023-07-12T06:47:51.521+0000] {dag.py:3508} INFO - Setting next_dagrun for example_kubernetes_executor to None, run_after=None
[2023-07-12T06:47:51.550+0000] {processor.py:179} INFO - Processing /home/airflow/.local/lib/python3.7/site-packages/airflow/example_dags/example_kubernetes_executor.py took 0.378 seconds
[2023-07-12T06:48:21.801+0000] {processor.py:157} INFO - Started process (PID=9394) to work on /home/airflow/.local/lib/python3.7/site-packages/airflow/example_dags/example_kubernetes_executor.py
[2023-07-12T06:48:21.805+0000] {processor.py:826} INFO - Processing file /home/airflow/.local/lib/python3.7/site-packages/airflow/example_dags/example_kubernetes_executor.py for tasks to queue
[2023-07-12T06:48:21.809+0000] {logging_mixin.py:150} INFO - [2023-07-12T06:48:21.808+0000] {dagbag.py:541} INFO - Filling up the DagBag from /home/airflow/.local/lib/python3.7/site-packages/airflow/example_dags/example_kubernetes_executor.py
[2023-07-12T06:48:22.137+0000] {processor.py:836} INFO - DAG(s) dict_keys(['example_kubernetes_executor']) retrieved from /home/airflow/.local/lib/python3.7/site-packages/airflow/example_dags/example_kubernetes_executor.py
[2023-07-12T06:48:22.196+0000] {logging_mixin.py:150} INFO - [2023-07-12T06:48:22.195+0000] {dag.py:2742} INFO - Sync 1 DAGs
[2023-07-12T06:48:22.233+0000] {logging_mixin.py:150} INFO - [2023-07-12T06:48:22.233+0000] {dag.py:3508} INFO - Setting next_dagrun for example_kubernetes_executor to None, run_after=None
[2023-07-12T06:48:22.269+0000] {processor.py:179} INFO - Processing /home/airflow/.local/lib/python3.7/site-packages/airflow/example_dags/example_kubernetes_executor.py took 0.476 seconds
[2023-07-12T06:48:52.334+0000] {processor.py:157} INFO - Started process (PID=9635) to work on /home/airflow/.local/lib/python3.7/site-packages/airflow/example_dags/example_kubernetes_executor.py
[2023-07-12T06:48:52.336+0000] {processor.py:826} INFO - Processing file /home/airflow/.local/lib/python3.7/site-packages/airflow/example_dags/example_kubernetes_executor.py for tasks to queue
[2023-07-12T06:48:52.338+0000] {logging_mixin.py:150} INFO - [2023-07-12T06:48:52.338+0000] {dagbag.py:541} INFO - Filling up the DagBag from /home/airflow/.local/lib/python3.7/site-packages/airflow/example_dags/example_kubernetes_executor.py
[2023-07-12T06:48:52.601+0000] {processor.py:836} INFO - DAG(s) dict_keys(['example_kubernetes_executor']) retrieved from /home/airflow/.local/lib/python3.7/site-packages/airflow/example_dags/example_kubernetes_executor.py
[2023-07-12T06:48:52.653+0000] {logging_mixin.py:150} INFO - [2023-07-12T06:48:52.653+0000] {dag.py:2742} INFO - Sync 1 DAGs
[2023-07-12T06:48:52.687+0000] {logging_mixin.py:150} INFO - [2023-07-12T06:48:52.686+0000] {dag.py:3508} INFO - Setting next_dagrun for example_kubernetes_executor to None, run_after=None
[2023-07-12T06:48:52.715+0000] {processor.py:179} INFO - Processing /home/airflow/.local/lib/python3.7/site-packages/airflow/example_dags/example_kubernetes_executor.py took 0.386 seconds
[2023-07-12T06:49:22.948+0000] {processor.py:157} INFO - Started process (PID=9876) to work on /home/airflow/.local/lib/python3.7/site-packages/airflow/example_dags/example_kubernetes_executor.py
[2023-07-12T06:49:22.951+0000] {processor.py:826} INFO - Processing file /home/airflow/.local/lib/python3.7/site-packages/airflow/example_dags/example_kubernetes_executor.py for tasks to queue
[2023-07-12T06:49:22.955+0000] {logging_mixin.py:150} INFO - [2023-07-12T06:49:22.954+0000] {dagbag.py:541} INFO - Filling up the DagBag from /home/airflow/.local/lib/python3.7/site-packages/airflow/example_dags/example_kubernetes_executor.py
[2023-07-12T06:49:23.214+0000] {processor.py:836} INFO - DAG(s) dict_keys(['example_kubernetes_executor']) retrieved from /home/airflow/.local/lib/python3.7/site-packages/airflow/example_dags/example_kubernetes_executor.py
[2023-07-12T06:49:23.263+0000] {logging_mixin.py:150} INFO - [2023-07-12T06:49:23.263+0000] {dag.py:2742} INFO - Sync 1 DAGs
[2023-07-12T06:49:23.296+0000] {logging_mixin.py:150} INFO - [2023-07-12T06:49:23.296+0000] {dag.py:3508} INFO - Setting next_dagrun for example_kubernetes_executor to None, run_after=None
[2023-07-12T06:49:23.321+0000] {processor.py:179} INFO - Processing /home/airflow/.local/lib/python3.7/site-packages/airflow/example_dags/example_kubernetes_executor.py took 0.379 seconds
[2023-07-12T06:49:53.394+0000] {processor.py:157} INFO - Started process (PID=10117) to work on /home/airflow/.local/lib/python3.7/site-packages/airflow/example_dags/example_kubernetes_executor.py
[2023-07-12T06:49:53.397+0000] {processor.py:826} INFO - Processing file /home/airflow/.local/lib/python3.7/site-packages/airflow/example_dags/example_kubernetes_executor.py for tasks to queue
[2023-07-12T06:49:53.399+0000] {logging_mixin.py:150} INFO - [2023-07-12T06:49:53.399+0000] {dagbag.py:541} INFO - Filling up the DagBag from /home/airflow/.local/lib/python3.7/site-packages/airflow/example_dags/example_kubernetes_executor.py
[2023-07-12T06:49:53.661+0000] {processor.py:836} INFO - DAG(s) dict_keys(['example_kubernetes_executor']) retrieved from /home/airflow/.local/lib/python3.7/site-packages/airflow/example_dags/example_kubernetes_executor.py
[2023-07-12T06:49:53.709+0000] {logging_mixin.py:150} INFO - [2023-07-12T06:49:53.709+0000] {dag.py:2742} INFO - Sync 1 DAGs
[2023-07-12T06:49:53.744+0000] {logging_mixin.py:150} INFO - [2023-07-12T06:49:53.743+0000] {dag.py:3508} INFO - Setting next_dagrun for example_kubernetes_executor to None, run_after=None
[2023-07-12T06:49:53.774+0000] {processor.py:179} INFO - Processing /home/airflow/.local/lib/python3.7/site-packages/airflow/example_dags/example_kubernetes_executor.py took 0.385 seconds
[2023-07-12T06:50:24.220+0000] {processor.py:157} INFO - Started process (PID=10358) to work on /home/airflow/.local/lib/python3.7/site-packages/airflow/example_dags/example_kubernetes_executor.py
[2023-07-12T06:50:24.223+0000] {processor.py:826} INFO - Processing file /home/airflow/.local/lib/python3.7/site-packages/airflow/example_dags/example_kubernetes_executor.py for tasks to queue
[2023-07-12T06:50:24.225+0000] {logging_mixin.py:150} INFO - [2023-07-12T06:50:24.225+0000] {dagbag.py:541} INFO - Filling up the DagBag from /home/airflow/.local/lib/python3.7/site-packages/airflow/example_dags/example_kubernetes_executor.py
[2023-07-12T06:50:24.527+0000] {processor.py:836} INFO - DAG(s) dict_keys(['example_kubernetes_executor']) retrieved from /home/airflow/.local/lib/python3.7/site-packages/airflow/example_dags/example_kubernetes_executor.py
[2023-07-12T06:50:24.585+0000] {logging_mixin.py:150} INFO - [2023-07-12T06:50:24.584+0000] {dag.py:2742} INFO - Sync 1 DAGs
[2023-07-12T06:50:24.620+0000] {logging_mixin.py:150} INFO - [2023-07-12T06:50:24.619+0000] {dag.py:3508} INFO - Setting next_dagrun for example_kubernetes_executor to None, run_after=None
[2023-07-12T06:50:24.653+0000] {processor.py:179} INFO - Processing /home/airflow/.local/lib/python3.7/site-packages/airflow/example_dags/example_kubernetes_executor.py took 0.438 seconds
