[2023-07-12T06:29:17.243+0000] {processor.py:157} INFO - Started process (PID=234) to work on /home/airflow/.local/lib/python3.7/site-packages/airflow/example_dags/tutorial_dag.py
[2023-07-12T06:29:17.246+0000] {processor.py:826} INFO - Processing file /home/airflow/.local/lib/python3.7/site-packages/airflow/example_dags/tutorial_dag.py for tasks to queue
[2023-07-12T06:29:17.251+0000] {logging_mixin.py:150} INFO - [2023-07-12T06:29:17.250+0000] {dagbag.py:541} INFO - Filling up the DagBag from /home/airflow/.local/lib/python3.7/site-packages/airflow/example_dags/tutorial_dag.py
[2023-07-12T06:29:17.297+0000] {processor.py:836} INFO - DAG(s) dict_keys(['tutorial_dag']) retrieved from /home/airflow/.local/lib/python3.7/site-packages/airflow/example_dags/tutorial_dag.py
[2023-07-12T06:29:17.394+0000] {logging_mixin.py:150} INFO - [2023-07-12T06:29:17.393+0000] {dag.py:2742} INFO - Sync 1 DAGs
[2023-07-12T06:29:17.445+0000] {logging_mixin.py:150} INFO - [2023-07-12T06:29:17.444+0000] {dag.py:3508} INFO - Setting next_dagrun for tutorial_dag to None, run_after=None
[2023-07-12T06:29:17.506+0000] {processor.py:179} INFO - Processing /home/airflow/.local/lib/python3.7/site-packages/airflow/example_dags/tutorial_dag.py took 0.273 seconds
[2023-07-12T06:29:47.794+0000] {processor.py:157} INFO - Started process (PID=474) to work on /home/airflow/.local/lib/python3.7/site-packages/airflow/example_dags/tutorial_dag.py
[2023-07-12T06:29:47.797+0000] {processor.py:826} INFO - Processing file /home/airflow/.local/lib/python3.7/site-packages/airflow/example_dags/tutorial_dag.py for tasks to queue
[2023-07-12T06:29:47.800+0000] {logging_mixin.py:150} INFO - [2023-07-12T06:29:47.799+0000] {dagbag.py:541} INFO - Filling up the DagBag from /home/airflow/.local/lib/python3.7/site-packages/airflow/example_dags/tutorial_dag.py
[2023-07-12T06:29:47.811+0000] {processor.py:836} INFO - DAG(s) dict_keys(['tutorial_dag']) retrieved from /home/airflow/.local/lib/python3.7/site-packages/airflow/example_dags/tutorial_dag.py
[2023-07-12T06:29:47.855+0000] {logging_mixin.py:150} INFO - [2023-07-12T06:29:47.854+0000] {dag.py:2742} INFO - Sync 1 DAGs
[2023-07-12T06:29:47.893+0000] {logging_mixin.py:150} INFO - [2023-07-12T06:29:47.893+0000] {dag.py:3508} INFO - Setting next_dagrun for tutorial_dag to None, run_after=None
[2023-07-12T06:29:47.930+0000] {processor.py:179} INFO - Processing /home/airflow/.local/lib/python3.7/site-packages/airflow/example_dags/tutorial_dag.py took 0.142 seconds
[2023-07-12T06:30:18.230+0000] {processor.py:157} INFO - Started process (PID=715) to work on /home/airflow/.local/lib/python3.7/site-packages/airflow/example_dags/tutorial_dag.py
[2023-07-12T06:30:18.234+0000] {processor.py:826} INFO - Processing file /home/airflow/.local/lib/python3.7/site-packages/airflow/example_dags/tutorial_dag.py for tasks to queue
[2023-07-12T06:30:18.236+0000] {logging_mixin.py:150} INFO - [2023-07-12T06:30:18.236+0000] {dagbag.py:541} INFO - Filling up the DagBag from /home/airflow/.local/lib/python3.7/site-packages/airflow/example_dags/tutorial_dag.py
[2023-07-12T06:30:18.245+0000] {processor.py:836} INFO - DAG(s) dict_keys(['tutorial_dag']) retrieved from /home/airflow/.local/lib/python3.7/site-packages/airflow/example_dags/tutorial_dag.py
[2023-07-12T06:30:18.283+0000] {logging_mixin.py:150} INFO - [2023-07-12T06:30:18.283+0000] {dag.py:2742} INFO - Sync 1 DAGs
[2023-07-12T06:30:18.326+0000] {logging_mixin.py:150} INFO - [2023-07-12T06:30:18.325+0000] {dag.py:3508} INFO - Setting next_dagrun for tutorial_dag to None, run_after=None
[2023-07-12T06:30:18.358+0000] {processor.py:179} INFO - Processing /home/airflow/.local/lib/python3.7/site-packages/airflow/example_dags/tutorial_dag.py took 0.132 seconds
[2023-07-12T06:30:49.534+0000] {processor.py:157} INFO - Started process (PID=956) to work on /home/airflow/.local/lib/python3.7/site-packages/airflow/example_dags/tutorial_dag.py
[2023-07-12T06:30:49.537+0000] {processor.py:826} INFO - Processing file /home/airflow/.local/lib/python3.7/site-packages/airflow/example_dags/tutorial_dag.py for tasks to queue
[2023-07-12T06:30:49.542+0000] {logging_mixin.py:150} INFO - [2023-07-12T06:30:49.542+0000] {dagbag.py:541} INFO - Filling up the DagBag from /home/airflow/.local/lib/python3.7/site-packages/airflow/example_dags/tutorial_dag.py
[2023-07-12T06:30:49.553+0000] {processor.py:836} INFO - DAG(s) dict_keys(['tutorial_dag']) retrieved from /home/airflow/.local/lib/python3.7/site-packages/airflow/example_dags/tutorial_dag.py
[2023-07-12T06:30:49.604+0000] {logging_mixin.py:150} INFO - [2023-07-12T06:30:49.599+0000] {dag.py:2742} INFO - Sync 1 DAGs
[2023-07-12T06:30:49.647+0000] {logging_mixin.py:150} INFO - [2023-07-12T06:30:49.646+0000] {dag.py:3508} INFO - Setting next_dagrun for tutorial_dag to None, run_after=None
[2023-07-12T06:30:49.707+0000] {processor.py:179} INFO - Processing /home/airflow/.local/lib/python3.7/site-packages/airflow/example_dags/tutorial_dag.py took 0.181 seconds
[2023-07-12T06:31:20.455+0000] {processor.py:157} INFO - Started process (PID=1239) to work on /home/airflow/.local/lib/python3.7/site-packages/airflow/example_dags/tutorial_dag.py
[2023-07-12T06:31:20.457+0000] {processor.py:826} INFO - Processing file /home/airflow/.local/lib/python3.7/site-packages/airflow/example_dags/tutorial_dag.py for tasks to queue
[2023-07-12T06:31:20.460+0000] {logging_mixin.py:150} INFO - [2023-07-12T06:31:20.460+0000] {dagbag.py:541} INFO - Filling up the DagBag from /home/airflow/.local/lib/python3.7/site-packages/airflow/example_dags/tutorial_dag.py
[2023-07-12T06:31:20.471+0000] {processor.py:836} INFO - DAG(s) dict_keys(['tutorial_dag']) retrieved from /home/airflow/.local/lib/python3.7/site-packages/airflow/example_dags/tutorial_dag.py
[2023-07-12T06:31:20.519+0000] {logging_mixin.py:150} INFO - [2023-07-12T06:31:20.519+0000] {dag.py:2742} INFO - Sync 1 DAGs
[2023-07-12T06:31:20.573+0000] {logging_mixin.py:150} INFO - [2023-07-12T06:31:20.573+0000] {dag.py:3508} INFO - Setting next_dagrun for tutorial_dag to None, run_after=None
[2023-07-12T06:31:20.623+0000] {processor.py:179} INFO - Processing /home/airflow/.local/lib/python3.7/site-packages/airflow/example_dags/tutorial_dag.py took 0.173 seconds
[2023-07-12T06:31:50.875+0000] {processor.py:157} INFO - Started process (PID=1482) to work on /home/airflow/.local/lib/python3.7/site-packages/airflow/example_dags/tutorial_dag.py
[2023-07-12T06:31:50.878+0000] {processor.py:826} INFO - Processing file /home/airflow/.local/lib/python3.7/site-packages/airflow/example_dags/tutorial_dag.py for tasks to queue
[2023-07-12T06:31:50.881+0000] {logging_mixin.py:150} INFO - [2023-07-12T06:31:50.881+0000] {dagbag.py:541} INFO - Filling up the DagBag from /home/airflow/.local/lib/python3.7/site-packages/airflow/example_dags/tutorial_dag.py
[2023-07-12T06:31:50.893+0000] {processor.py:836} INFO - DAG(s) dict_keys(['tutorial_dag']) retrieved from /home/airflow/.local/lib/python3.7/site-packages/airflow/example_dags/tutorial_dag.py
[2023-07-12T06:31:50.930+0000] {logging_mixin.py:150} INFO - [2023-07-12T06:31:50.929+0000] {dag.py:2742} INFO - Sync 1 DAGs
[2023-07-12T06:31:50.973+0000] {logging_mixin.py:150} INFO - [2023-07-12T06:31:50.972+0000] {dag.py:3508} INFO - Setting next_dagrun for tutorial_dag to None, run_after=None
[2023-07-12T06:31:51.010+0000] {processor.py:179} INFO - Processing /home/airflow/.local/lib/python3.7/site-packages/airflow/example_dags/tutorial_dag.py took 0.140 seconds
[2023-07-12T06:32:21.340+0000] {processor.py:157} INFO - Started process (PID=1723) to work on /home/airflow/.local/lib/python3.7/site-packages/airflow/example_dags/tutorial_dag.py
[2023-07-12T06:32:21.343+0000] {processor.py:826} INFO - Processing file /home/airflow/.local/lib/python3.7/site-packages/airflow/example_dags/tutorial_dag.py for tasks to queue
[2023-07-12T06:32:21.345+0000] {logging_mixin.py:150} INFO - [2023-07-12T06:32:21.345+0000] {dagbag.py:541} INFO - Filling up the DagBag from /home/airflow/.local/lib/python3.7/site-packages/airflow/example_dags/tutorial_dag.py
[2023-07-12T06:32:21.355+0000] {processor.py:836} INFO - DAG(s) dict_keys(['tutorial_dag']) retrieved from /home/airflow/.local/lib/python3.7/site-packages/airflow/example_dags/tutorial_dag.py
[2023-07-12T06:32:21.397+0000] {logging_mixin.py:150} INFO - [2023-07-12T06:32:21.397+0000] {dag.py:2742} INFO - Sync 1 DAGs
[2023-07-12T06:32:21.437+0000] {logging_mixin.py:150} INFO - [2023-07-12T06:32:21.437+0000] {dag.py:3508} INFO - Setting next_dagrun for tutorial_dag to None, run_after=None
[2023-07-12T06:32:21.469+0000] {processor.py:179} INFO - Processing /home/airflow/.local/lib/python3.7/site-packages/airflow/example_dags/tutorial_dag.py took 0.134 seconds
[2023-07-12T06:32:52.102+0000] {processor.py:157} INFO - Started process (PID=1964) to work on /home/airflow/.local/lib/python3.7/site-packages/airflow/example_dags/tutorial_dag.py
[2023-07-12T06:32:52.105+0000] {processor.py:826} INFO - Processing file /home/airflow/.local/lib/python3.7/site-packages/airflow/example_dags/tutorial_dag.py for tasks to queue
[2023-07-12T06:32:52.107+0000] {logging_mixin.py:150} INFO - [2023-07-12T06:32:52.107+0000] {dagbag.py:541} INFO - Filling up the DagBag from /home/airflow/.local/lib/python3.7/site-packages/airflow/example_dags/tutorial_dag.py
[2023-07-12T06:32:52.119+0000] {processor.py:836} INFO - DAG(s) dict_keys(['tutorial_dag']) retrieved from /home/airflow/.local/lib/python3.7/site-packages/airflow/example_dags/tutorial_dag.py
[2023-07-12T06:32:52.156+0000] {logging_mixin.py:150} INFO - [2023-07-12T06:32:52.156+0000] {dag.py:2742} INFO - Sync 1 DAGs
[2023-07-12T06:32:52.191+0000] {logging_mixin.py:150} INFO - [2023-07-12T06:32:52.190+0000] {dag.py:3508} INFO - Setting next_dagrun for tutorial_dag to None, run_after=None
[2023-07-12T06:32:52.223+0000] {processor.py:179} INFO - Processing /home/airflow/.local/lib/python3.7/site-packages/airflow/example_dags/tutorial_dag.py took 0.127 seconds
[2023-07-12T06:33:22.728+0000] {processor.py:157} INFO - Started process (PID=2205) to work on /home/airflow/.local/lib/python3.7/site-packages/airflow/example_dags/tutorial_dag.py
[2023-07-12T06:33:22.731+0000] {processor.py:826} INFO - Processing file /home/airflow/.local/lib/python3.7/site-packages/airflow/example_dags/tutorial_dag.py for tasks to queue
[2023-07-12T06:33:22.733+0000] {logging_mixin.py:150} INFO - [2023-07-12T06:33:22.732+0000] {dagbag.py:541} INFO - Filling up the DagBag from /home/airflow/.local/lib/python3.7/site-packages/airflow/example_dags/tutorial_dag.py
[2023-07-12T06:33:22.741+0000] {processor.py:836} INFO - DAG(s) dict_keys(['tutorial_dag']) retrieved from /home/airflow/.local/lib/python3.7/site-packages/airflow/example_dags/tutorial_dag.py
[2023-07-12T06:33:22.776+0000] {logging_mixin.py:150} INFO - [2023-07-12T06:33:22.776+0000] {dag.py:2742} INFO - Sync 1 DAGs
[2023-07-12T06:33:22.815+0000] {logging_mixin.py:150} INFO - [2023-07-12T06:33:22.815+0000] {dag.py:3508} INFO - Setting next_dagrun for tutorial_dag to None, run_after=None
[2023-07-12T06:33:22.845+0000] {processor.py:179} INFO - Processing /home/airflow/.local/lib/python3.7/site-packages/airflow/example_dags/tutorial_dag.py took 0.121 seconds
[2023-07-12T06:33:53.005+0000] {processor.py:157} INFO - Started process (PID=2446) to work on /home/airflow/.local/lib/python3.7/site-packages/airflow/example_dags/tutorial_dag.py
[2023-07-12T06:33:53.008+0000] {processor.py:826} INFO - Processing file /home/airflow/.local/lib/python3.7/site-packages/airflow/example_dags/tutorial_dag.py for tasks to queue
[2023-07-12T06:33:53.010+0000] {logging_mixin.py:150} INFO - [2023-07-12T06:33:53.010+0000] {dagbag.py:541} INFO - Filling up the DagBag from /home/airflow/.local/lib/python3.7/site-packages/airflow/example_dags/tutorial_dag.py
[2023-07-12T06:33:53.019+0000] {processor.py:836} INFO - DAG(s) dict_keys(['tutorial_dag']) retrieved from /home/airflow/.local/lib/python3.7/site-packages/airflow/example_dags/tutorial_dag.py
[2023-07-12T06:33:53.054+0000] {logging_mixin.py:150} INFO - [2023-07-12T06:33:53.054+0000] {dag.py:2742} INFO - Sync 1 DAGs
[2023-07-12T06:33:53.086+0000] {logging_mixin.py:150} INFO - [2023-07-12T06:33:53.086+0000] {dag.py:3508} INFO - Setting next_dagrun for tutorial_dag to None, run_after=None
[2023-07-12T06:33:53.117+0000] {processor.py:179} INFO - Processing /home/airflow/.local/lib/python3.7/site-packages/airflow/example_dags/tutorial_dag.py took 0.117 seconds
[2023-07-12T06:34:23.594+0000] {processor.py:157} INFO - Started process (PID=2687) to work on /home/airflow/.local/lib/python3.7/site-packages/airflow/example_dags/tutorial_dag.py
[2023-07-12T06:34:23.597+0000] {processor.py:826} INFO - Processing file /home/airflow/.local/lib/python3.7/site-packages/airflow/example_dags/tutorial_dag.py for tasks to queue
[2023-07-12T06:34:23.599+0000] {logging_mixin.py:150} INFO - [2023-07-12T06:34:23.599+0000] {dagbag.py:541} INFO - Filling up the DagBag from /home/airflow/.local/lib/python3.7/site-packages/airflow/example_dags/tutorial_dag.py
[2023-07-12T06:34:23.610+0000] {processor.py:836} INFO - DAG(s) dict_keys(['tutorial_dag']) retrieved from /home/airflow/.local/lib/python3.7/site-packages/airflow/example_dags/tutorial_dag.py
[2023-07-12T06:34:23.652+0000] {logging_mixin.py:150} INFO - [2023-07-12T06:34:23.651+0000] {dag.py:2742} INFO - Sync 1 DAGs
[2023-07-12T06:34:23.689+0000] {logging_mixin.py:150} INFO - [2023-07-12T06:34:23.688+0000] {dag.py:3508} INFO - Setting next_dagrun for tutorial_dag to None, run_after=None
[2023-07-12T06:34:23.720+0000] {processor.py:179} INFO - Processing /home/airflow/.local/lib/python3.7/site-packages/airflow/example_dags/tutorial_dag.py took 0.134 seconds
[2023-07-12T06:34:54.418+0000] {processor.py:157} INFO - Started process (PID=2928) to work on /home/airflow/.local/lib/python3.7/site-packages/airflow/example_dags/tutorial_dag.py
[2023-07-12T06:34:54.421+0000] {processor.py:826} INFO - Processing file /home/airflow/.local/lib/python3.7/site-packages/airflow/example_dags/tutorial_dag.py for tasks to queue
[2023-07-12T06:34:54.424+0000] {logging_mixin.py:150} INFO - [2023-07-12T06:34:54.423+0000] {dagbag.py:541} INFO - Filling up the DagBag from /home/airflow/.local/lib/python3.7/site-packages/airflow/example_dags/tutorial_dag.py
[2023-07-12T06:34:54.436+0000] {processor.py:836} INFO - DAG(s) dict_keys(['tutorial_dag']) retrieved from /home/airflow/.local/lib/python3.7/site-packages/airflow/example_dags/tutorial_dag.py
[2023-07-12T06:34:54.481+0000] {logging_mixin.py:150} INFO - [2023-07-12T06:34:54.481+0000] {dag.py:2742} INFO - Sync 1 DAGs
[2023-07-12T06:34:54.525+0000] {logging_mixin.py:150} INFO - [2023-07-12T06:34:54.524+0000] {dag.py:3508} INFO - Setting next_dagrun for tutorial_dag to None, run_after=None
[2023-07-12T06:34:54.557+0000] {processor.py:179} INFO - Processing /home/airflow/.local/lib/python3.7/site-packages/airflow/example_dags/tutorial_dag.py took 0.145 seconds
[2023-07-12T06:35:24.730+0000] {processor.py:157} INFO - Started process (PID=3169) to work on /home/airflow/.local/lib/python3.7/site-packages/airflow/example_dags/tutorial_dag.py
[2023-07-12T06:35:24.734+0000] {processor.py:826} INFO - Processing file /home/airflow/.local/lib/python3.7/site-packages/airflow/example_dags/tutorial_dag.py for tasks to queue
[2023-07-12T06:35:24.737+0000] {logging_mixin.py:150} INFO - [2023-07-12T06:35:24.736+0000] {dagbag.py:541} INFO - Filling up the DagBag from /home/airflow/.local/lib/python3.7/site-packages/airflow/example_dags/tutorial_dag.py
[2023-07-12T06:35:24.747+0000] {processor.py:836} INFO - DAG(s) dict_keys(['tutorial_dag']) retrieved from /home/airflow/.local/lib/python3.7/site-packages/airflow/example_dags/tutorial_dag.py
[2023-07-12T06:35:24.792+0000] {logging_mixin.py:150} INFO - [2023-07-12T06:35:24.791+0000] {dag.py:2742} INFO - Sync 1 DAGs
[2023-07-12T06:35:24.831+0000] {logging_mixin.py:150} INFO - [2023-07-12T06:35:24.831+0000] {dag.py:3508} INFO - Setting next_dagrun for tutorial_dag to None, run_after=None
[2023-07-12T06:35:24.868+0000] {processor.py:179} INFO - Processing /home/airflow/.local/lib/python3.7/site-packages/airflow/example_dags/tutorial_dag.py took 0.144 seconds
[2023-07-12T06:35:55.002+0000] {processor.py:157} INFO - Started process (PID=3410) to work on /home/airflow/.local/lib/python3.7/site-packages/airflow/example_dags/tutorial_dag.py
[2023-07-12T06:35:55.006+0000] {processor.py:826} INFO - Processing file /home/airflow/.local/lib/python3.7/site-packages/airflow/example_dags/tutorial_dag.py for tasks to queue
[2023-07-12T06:35:55.009+0000] {logging_mixin.py:150} INFO - [2023-07-12T06:35:55.008+0000] {dagbag.py:541} INFO - Filling up the DagBag from /home/airflow/.local/lib/python3.7/site-packages/airflow/example_dags/tutorial_dag.py
[2023-07-12T06:35:55.020+0000] {processor.py:836} INFO - DAG(s) dict_keys(['tutorial_dag']) retrieved from /home/airflow/.local/lib/python3.7/site-packages/airflow/example_dags/tutorial_dag.py
[2023-07-12T06:35:55.059+0000] {logging_mixin.py:150} INFO - [2023-07-12T06:35:55.059+0000] {dag.py:2742} INFO - Sync 1 DAGs
[2023-07-12T06:35:55.097+0000] {logging_mixin.py:150} INFO - [2023-07-12T06:35:55.097+0000] {dag.py:3508} INFO - Setting next_dagrun for tutorial_dag to None, run_after=None
[2023-07-12T06:35:55.129+0000] {processor.py:179} INFO - Processing /home/airflow/.local/lib/python3.7/site-packages/airflow/example_dags/tutorial_dag.py took 0.133 seconds
[2023-07-12T06:36:25.213+0000] {processor.py:157} INFO - Started process (PID=3651) to work on /home/airflow/.local/lib/python3.7/site-packages/airflow/example_dags/tutorial_dag.py
[2023-07-12T06:36:25.215+0000] {processor.py:826} INFO - Processing file /home/airflow/.local/lib/python3.7/site-packages/airflow/example_dags/tutorial_dag.py for tasks to queue
[2023-07-12T06:36:25.216+0000] {logging_mixin.py:150} INFO - [2023-07-12T06:36:25.216+0000] {dagbag.py:541} INFO - Filling up the DagBag from /home/airflow/.local/lib/python3.7/site-packages/airflow/example_dags/tutorial_dag.py
[2023-07-12T06:36:25.225+0000] {processor.py:836} INFO - DAG(s) dict_keys(['tutorial_dag']) retrieved from /home/airflow/.local/lib/python3.7/site-packages/airflow/example_dags/tutorial_dag.py
[2023-07-12T06:36:25.264+0000] {logging_mixin.py:150} INFO - [2023-07-12T06:36:25.264+0000] {dag.py:2742} INFO - Sync 1 DAGs
[2023-07-12T06:36:25.298+0000] {logging_mixin.py:150} INFO - [2023-07-12T06:36:25.298+0000] {dag.py:3508} INFO - Setting next_dagrun for tutorial_dag to None, run_after=None
[2023-07-12T06:36:25.335+0000] {processor.py:179} INFO - Processing /home/airflow/.local/lib/python3.7/site-packages/airflow/example_dags/tutorial_dag.py took 0.128 seconds
[2023-07-12T06:36:55.876+0000] {processor.py:157} INFO - Started process (PID=3892) to work on /home/airflow/.local/lib/python3.7/site-packages/airflow/example_dags/tutorial_dag.py
[2023-07-12T06:36:55.878+0000] {processor.py:826} INFO - Processing file /home/airflow/.local/lib/python3.7/site-packages/airflow/example_dags/tutorial_dag.py for tasks to queue
[2023-07-12T06:36:55.880+0000] {logging_mixin.py:150} INFO - [2023-07-12T06:36:55.880+0000] {dagbag.py:541} INFO - Filling up the DagBag from /home/airflow/.local/lib/python3.7/site-packages/airflow/example_dags/tutorial_dag.py
[2023-07-12T06:36:55.889+0000] {processor.py:836} INFO - DAG(s) dict_keys(['tutorial_dag']) retrieved from /home/airflow/.local/lib/python3.7/site-packages/airflow/example_dags/tutorial_dag.py
[2023-07-12T06:36:55.928+0000] {logging_mixin.py:150} INFO - [2023-07-12T06:36:55.928+0000] {dag.py:2742} INFO - Sync 1 DAGs
[2023-07-12T06:36:55.965+0000] {logging_mixin.py:150} INFO - [2023-07-12T06:36:55.965+0000] {dag.py:3508} INFO - Setting next_dagrun for tutorial_dag to None, run_after=None
[2023-07-12T06:36:55.997+0000] {processor.py:179} INFO - Processing /home/airflow/.local/lib/python3.7/site-packages/airflow/example_dags/tutorial_dag.py took 0.127 seconds
[2023-07-12T06:37:26.430+0000] {processor.py:157} INFO - Started process (PID=4133) to work on /home/airflow/.local/lib/python3.7/site-packages/airflow/example_dags/tutorial_dag.py
[2023-07-12T06:37:26.433+0000] {processor.py:826} INFO - Processing file /home/airflow/.local/lib/python3.7/site-packages/airflow/example_dags/tutorial_dag.py for tasks to queue
[2023-07-12T06:37:26.435+0000] {logging_mixin.py:150} INFO - [2023-07-12T06:37:26.434+0000] {dagbag.py:541} INFO - Filling up the DagBag from /home/airflow/.local/lib/python3.7/site-packages/airflow/example_dags/tutorial_dag.py
[2023-07-12T06:37:26.445+0000] {processor.py:836} INFO - DAG(s) dict_keys(['tutorial_dag']) retrieved from /home/airflow/.local/lib/python3.7/site-packages/airflow/example_dags/tutorial_dag.py
[2023-07-12T06:37:26.481+0000] {logging_mixin.py:150} INFO - [2023-07-12T06:37:26.481+0000] {dag.py:2742} INFO - Sync 1 DAGs
[2023-07-12T06:37:26.519+0000] {logging_mixin.py:150} INFO - [2023-07-12T06:37:26.518+0000] {dag.py:3508} INFO - Setting next_dagrun for tutorial_dag to None, run_after=None
[2023-07-12T06:37:26.549+0000] {processor.py:179} INFO - Processing /home/airflow/.local/lib/python3.7/site-packages/airflow/example_dags/tutorial_dag.py took 0.124 seconds
[2023-07-12T06:37:56.852+0000] {processor.py:157} INFO - Started process (PID=4373) to work on /home/airflow/.local/lib/python3.7/site-packages/airflow/example_dags/tutorial_dag.py
[2023-07-12T06:37:56.860+0000] {processor.py:826} INFO - Processing file /home/airflow/.local/lib/python3.7/site-packages/airflow/example_dags/tutorial_dag.py for tasks to queue
[2023-07-12T06:37:56.863+0000] {logging_mixin.py:150} INFO - [2023-07-12T06:37:56.862+0000] {dagbag.py:541} INFO - Filling up the DagBag from /home/airflow/.local/lib/python3.7/site-packages/airflow/example_dags/tutorial_dag.py
[2023-07-12T06:37:56.872+0000] {processor.py:836} INFO - DAG(s) dict_keys(['tutorial_dag']) retrieved from /home/airflow/.local/lib/python3.7/site-packages/airflow/example_dags/tutorial_dag.py
[2023-07-12T06:37:56.908+0000] {logging_mixin.py:150} INFO - [2023-07-12T06:37:56.907+0000] {dag.py:2742} INFO - Sync 1 DAGs
[2023-07-12T06:37:56.945+0000] {logging_mixin.py:150} INFO - [2023-07-12T06:37:56.945+0000] {dag.py:3508} INFO - Setting next_dagrun for tutorial_dag to None, run_after=None
[2023-07-12T06:37:56.976+0000] {processor.py:179} INFO - Processing /home/airflow/.local/lib/python3.7/site-packages/airflow/example_dags/tutorial_dag.py took 0.129 seconds
[2023-07-12T06:38:27.250+0000] {processor.py:157} INFO - Started process (PID=4614) to work on /home/airflow/.local/lib/python3.7/site-packages/airflow/example_dags/tutorial_dag.py
[2023-07-12T06:38:27.252+0000] {processor.py:826} INFO - Processing file /home/airflow/.local/lib/python3.7/site-packages/airflow/example_dags/tutorial_dag.py for tasks to queue
[2023-07-12T06:38:27.255+0000] {logging_mixin.py:150} INFO - [2023-07-12T06:38:27.254+0000] {dagbag.py:541} INFO - Filling up the DagBag from /home/airflow/.local/lib/python3.7/site-packages/airflow/example_dags/tutorial_dag.py
[2023-07-12T06:38:27.264+0000] {processor.py:836} INFO - DAG(s) dict_keys(['tutorial_dag']) retrieved from /home/airflow/.local/lib/python3.7/site-packages/airflow/example_dags/tutorial_dag.py
[2023-07-12T06:38:27.300+0000] {logging_mixin.py:150} INFO - [2023-07-12T06:38:27.299+0000] {dag.py:2742} INFO - Sync 1 DAGs
[2023-07-12T06:38:27.337+0000] {logging_mixin.py:150} INFO - [2023-07-12T06:38:27.336+0000] {dag.py:3508} INFO - Setting next_dagrun for tutorial_dag to None, run_after=None
[2023-07-12T06:38:27.368+0000] {processor.py:179} INFO - Processing /home/airflow/.local/lib/python3.7/site-packages/airflow/example_dags/tutorial_dag.py took 0.123 seconds
[2023-07-12T06:38:57.782+0000] {processor.py:157} INFO - Started process (PID=4855) to work on /home/airflow/.local/lib/python3.7/site-packages/airflow/example_dags/tutorial_dag.py
[2023-07-12T06:38:57.785+0000] {processor.py:826} INFO - Processing file /home/airflow/.local/lib/python3.7/site-packages/airflow/example_dags/tutorial_dag.py for tasks to queue
[2023-07-12T06:38:57.788+0000] {logging_mixin.py:150} INFO - [2023-07-12T06:38:57.787+0000] {dagbag.py:541} INFO - Filling up the DagBag from /home/airflow/.local/lib/python3.7/site-packages/airflow/example_dags/tutorial_dag.py
[2023-07-12T06:38:57.799+0000] {processor.py:836} INFO - DAG(s) dict_keys(['tutorial_dag']) retrieved from /home/airflow/.local/lib/python3.7/site-packages/airflow/example_dags/tutorial_dag.py
[2023-07-12T06:38:57.841+0000] {logging_mixin.py:150} INFO - [2023-07-12T06:38:57.841+0000] {dag.py:2742} INFO - Sync 1 DAGs
[2023-07-12T06:38:57.883+0000] {logging_mixin.py:150} INFO - [2023-07-12T06:38:57.883+0000] {dag.py:3508} INFO - Setting next_dagrun for tutorial_dag to None, run_after=None
[2023-07-12T06:38:57.917+0000] {processor.py:179} INFO - Processing /home/airflow/.local/lib/python3.7/site-packages/airflow/example_dags/tutorial_dag.py took 0.140 seconds
[2023-07-12T06:39:28.525+0000] {processor.py:157} INFO - Started process (PID=5096) to work on /home/airflow/.local/lib/python3.7/site-packages/airflow/example_dags/tutorial_dag.py
[2023-07-12T06:39:28.527+0000] {processor.py:826} INFO - Processing file /home/airflow/.local/lib/python3.7/site-packages/airflow/example_dags/tutorial_dag.py for tasks to queue
[2023-07-12T06:39:28.529+0000] {logging_mixin.py:150} INFO - [2023-07-12T06:39:28.529+0000] {dagbag.py:541} INFO - Filling up the DagBag from /home/airflow/.local/lib/python3.7/site-packages/airflow/example_dags/tutorial_dag.py
[2023-07-12T06:39:28.539+0000] {processor.py:836} INFO - DAG(s) dict_keys(['tutorial_dag']) retrieved from /home/airflow/.local/lib/python3.7/site-packages/airflow/example_dags/tutorial_dag.py
[2023-07-12T06:39:28.580+0000] {logging_mixin.py:150} INFO - [2023-07-12T06:39:28.579+0000] {dag.py:2742} INFO - Sync 1 DAGs
[2023-07-12T06:39:28.616+0000] {logging_mixin.py:150} INFO - [2023-07-12T06:39:28.616+0000] {dag.py:3508} INFO - Setting next_dagrun for tutorial_dag to None, run_after=None
[2023-07-12T06:39:28.653+0000] {processor.py:179} INFO - Processing /home/airflow/.local/lib/python3.7/site-packages/airflow/example_dags/tutorial_dag.py took 0.134 seconds
[2023-07-12T06:39:59.520+0000] {processor.py:157} INFO - Started process (PID=5337) to work on /home/airflow/.local/lib/python3.7/site-packages/airflow/example_dags/tutorial_dag.py
[2023-07-12T06:39:59.522+0000] {processor.py:826} INFO - Processing file /home/airflow/.local/lib/python3.7/site-packages/airflow/example_dags/tutorial_dag.py for tasks to queue
[2023-07-12T06:39:59.524+0000] {logging_mixin.py:150} INFO - [2023-07-12T06:39:59.524+0000] {dagbag.py:541} INFO - Filling up the DagBag from /home/airflow/.local/lib/python3.7/site-packages/airflow/example_dags/tutorial_dag.py
[2023-07-12T06:39:59.533+0000] {processor.py:836} INFO - DAG(s) dict_keys(['tutorial_dag']) retrieved from /home/airflow/.local/lib/python3.7/site-packages/airflow/example_dags/tutorial_dag.py
[2023-07-12T06:39:59.567+0000] {logging_mixin.py:150} INFO - [2023-07-12T06:39:59.567+0000] {dag.py:2742} INFO - Sync 1 DAGs
[2023-07-12T06:39:59.600+0000] {logging_mixin.py:150} INFO - [2023-07-12T06:39:59.600+0000] {dag.py:3508} INFO - Setting next_dagrun for tutorial_dag to None, run_after=None
[2023-07-12T06:39:59.630+0000] {processor.py:179} INFO - Processing /home/airflow/.local/lib/python3.7/site-packages/airflow/example_dags/tutorial_dag.py took 0.117 seconds
[2023-07-12T06:40:29.932+0000] {processor.py:157} INFO - Started process (PID=5576) to work on /home/airflow/.local/lib/python3.7/site-packages/airflow/example_dags/tutorial_dag.py
[2023-07-12T06:40:29.934+0000] {processor.py:826} INFO - Processing file /home/airflow/.local/lib/python3.7/site-packages/airflow/example_dags/tutorial_dag.py for tasks to queue
[2023-07-12T06:40:29.936+0000] {logging_mixin.py:150} INFO - [2023-07-12T06:40:29.936+0000] {dagbag.py:541} INFO - Filling up the DagBag from /home/airflow/.local/lib/python3.7/site-packages/airflow/example_dags/tutorial_dag.py
[2023-07-12T06:40:29.944+0000] {processor.py:836} INFO - DAG(s) dict_keys(['tutorial_dag']) retrieved from /home/airflow/.local/lib/python3.7/site-packages/airflow/example_dags/tutorial_dag.py
[2023-07-12T06:40:29.977+0000] {logging_mixin.py:150} INFO - [2023-07-12T06:40:29.977+0000] {dag.py:2742} INFO - Sync 1 DAGs
[2023-07-12T06:40:30.010+0000] {logging_mixin.py:150} INFO - [2023-07-12T06:40:30.009+0000] {dag.py:3508} INFO - Setting next_dagrun for tutorial_dag to None, run_after=None
[2023-07-12T06:40:30.041+0000] {processor.py:179} INFO - Processing /home/airflow/.local/lib/python3.7/site-packages/airflow/example_dags/tutorial_dag.py took 0.115 seconds
[2023-07-12T06:41:00.305+0000] {processor.py:157} INFO - Started process (PID=5819) to work on /home/airflow/.local/lib/python3.7/site-packages/airflow/example_dags/tutorial_dag.py
[2023-07-12T06:41:00.307+0000] {processor.py:826} INFO - Processing file /home/airflow/.local/lib/python3.7/site-packages/airflow/example_dags/tutorial_dag.py for tasks to queue
[2023-07-12T06:41:00.309+0000] {logging_mixin.py:150} INFO - [2023-07-12T06:41:00.309+0000] {dagbag.py:541} INFO - Filling up the DagBag from /home/airflow/.local/lib/python3.7/site-packages/airflow/example_dags/tutorial_dag.py
[2023-07-12T06:41:00.318+0000] {processor.py:836} INFO - DAG(s) dict_keys(['tutorial_dag']) retrieved from /home/airflow/.local/lib/python3.7/site-packages/airflow/example_dags/tutorial_dag.py
[2023-07-12T06:41:00.350+0000] {logging_mixin.py:150} INFO - [2023-07-12T06:41:00.349+0000] {dag.py:2742} INFO - Sync 1 DAGs
[2023-07-12T06:41:00.381+0000] {logging_mixin.py:150} INFO - [2023-07-12T06:41:00.381+0000] {dag.py:3508} INFO - Setting next_dagrun for tutorial_dag to None, run_after=None
[2023-07-12T06:41:00.409+0000] {processor.py:179} INFO - Processing /home/airflow/.local/lib/python3.7/site-packages/airflow/example_dags/tutorial_dag.py took 0.108 seconds
[2023-07-12T06:41:30.786+0000] {processor.py:157} INFO - Started process (PID=6060) to work on /home/airflow/.local/lib/python3.7/site-packages/airflow/example_dags/tutorial_dag.py
[2023-07-12T06:41:30.788+0000] {processor.py:826} INFO - Processing file /home/airflow/.local/lib/python3.7/site-packages/airflow/example_dags/tutorial_dag.py for tasks to queue
[2023-07-12T06:41:30.790+0000] {logging_mixin.py:150} INFO - [2023-07-12T06:41:30.790+0000] {dagbag.py:541} INFO - Filling up the DagBag from /home/airflow/.local/lib/python3.7/site-packages/airflow/example_dags/tutorial_dag.py
[2023-07-12T06:41:30.799+0000] {processor.py:836} INFO - DAG(s) dict_keys(['tutorial_dag']) retrieved from /home/airflow/.local/lib/python3.7/site-packages/airflow/example_dags/tutorial_dag.py
[2023-07-12T06:41:30.834+0000] {logging_mixin.py:150} INFO - [2023-07-12T06:41:30.834+0000] {dag.py:2742} INFO - Sync 1 DAGs
[2023-07-12T06:41:30.865+0000] {logging_mixin.py:150} INFO - [2023-07-12T06:41:30.865+0000] {dag.py:3508} INFO - Setting next_dagrun for tutorial_dag to None, run_after=None
[2023-07-12T06:41:30.892+0000] {processor.py:179} INFO - Processing /home/airflow/.local/lib/python3.7/site-packages/airflow/example_dags/tutorial_dag.py took 0.111 seconds
[2023-07-12T06:42:01.402+0000] {processor.py:157} INFO - Started process (PID=6301) to work on /home/airflow/.local/lib/python3.7/site-packages/airflow/example_dags/tutorial_dag.py
[2023-07-12T06:42:01.404+0000] {processor.py:826} INFO - Processing file /home/airflow/.local/lib/python3.7/site-packages/airflow/example_dags/tutorial_dag.py for tasks to queue
[2023-07-12T06:42:01.406+0000] {logging_mixin.py:150} INFO - [2023-07-12T06:42:01.406+0000] {dagbag.py:541} INFO - Filling up the DagBag from /home/airflow/.local/lib/python3.7/site-packages/airflow/example_dags/tutorial_dag.py
[2023-07-12T06:42:01.414+0000] {processor.py:836} INFO - DAG(s) dict_keys(['tutorial_dag']) retrieved from /home/airflow/.local/lib/python3.7/site-packages/airflow/example_dags/tutorial_dag.py
[2023-07-12T06:42:01.446+0000] {logging_mixin.py:150} INFO - [2023-07-12T06:42:01.446+0000] {dag.py:2742} INFO - Sync 1 DAGs
[2023-07-12T06:42:01.478+0000] {logging_mixin.py:150} INFO - [2023-07-12T06:42:01.478+0000] {dag.py:3508} INFO - Setting next_dagrun for tutorial_dag to None, run_after=None
[2023-07-12T06:42:01.506+0000] {processor.py:179} INFO - Processing /home/airflow/.local/lib/python3.7/site-packages/airflow/example_dags/tutorial_dag.py took 0.109 seconds
[2023-07-12T06:42:31.911+0000] {processor.py:157} INFO - Started process (PID=6543) to work on /home/airflow/.local/lib/python3.7/site-packages/airflow/example_dags/tutorial_dag.py
[2023-07-12T06:42:31.914+0000] {processor.py:826} INFO - Processing file /home/airflow/.local/lib/python3.7/site-packages/airflow/example_dags/tutorial_dag.py for tasks to queue
[2023-07-12T06:42:31.917+0000] {logging_mixin.py:150} INFO - [2023-07-12T06:42:31.917+0000] {dagbag.py:541} INFO - Filling up the DagBag from /home/airflow/.local/lib/python3.7/site-packages/airflow/example_dags/tutorial_dag.py
[2023-07-12T06:42:31.925+0000] {processor.py:836} INFO - DAG(s) dict_keys(['tutorial_dag']) retrieved from /home/airflow/.local/lib/python3.7/site-packages/airflow/example_dags/tutorial_dag.py
[2023-07-12T06:42:31.957+0000] {logging_mixin.py:150} INFO - [2023-07-12T06:42:31.957+0000] {dag.py:2742} INFO - Sync 1 DAGs
[2023-07-12T06:42:31.988+0000] {logging_mixin.py:150} INFO - [2023-07-12T06:42:31.988+0000] {dag.py:3508} INFO - Setting next_dagrun for tutorial_dag to None, run_after=None
[2023-07-12T06:42:32.016+0000] {processor.py:179} INFO - Processing /home/airflow/.local/lib/python3.7/site-packages/airflow/example_dags/tutorial_dag.py took 0.109 seconds
[2023-07-12T06:43:02.235+0000] {processor.py:157} INFO - Started process (PID=6784) to work on /home/airflow/.local/lib/python3.7/site-packages/airflow/example_dags/tutorial_dag.py
[2023-07-12T06:43:02.237+0000] {processor.py:826} INFO - Processing file /home/airflow/.local/lib/python3.7/site-packages/airflow/example_dags/tutorial_dag.py for tasks to queue
[2023-07-12T06:43:02.239+0000] {logging_mixin.py:150} INFO - [2023-07-12T06:43:02.239+0000] {dagbag.py:541} INFO - Filling up the DagBag from /home/airflow/.local/lib/python3.7/site-packages/airflow/example_dags/tutorial_dag.py
[2023-07-12T06:43:02.248+0000] {processor.py:836} INFO - DAG(s) dict_keys(['tutorial_dag']) retrieved from /home/airflow/.local/lib/python3.7/site-packages/airflow/example_dags/tutorial_dag.py
[2023-07-12T06:43:02.280+0000] {logging_mixin.py:150} INFO - [2023-07-12T06:43:02.280+0000] {dag.py:2742} INFO - Sync 1 DAGs
[2023-07-12T06:43:02.312+0000] {logging_mixin.py:150} INFO - [2023-07-12T06:43:02.312+0000] {dag.py:3508} INFO - Setting next_dagrun for tutorial_dag to None, run_after=None
[2023-07-12T06:43:02.340+0000] {processor.py:179} INFO - Processing /home/airflow/.local/lib/python3.7/site-packages/airflow/example_dags/tutorial_dag.py took 0.110 seconds
[2023-07-12T06:43:32.681+0000] {processor.py:157} INFO - Started process (PID=7025) to work on /home/airflow/.local/lib/python3.7/site-packages/airflow/example_dags/tutorial_dag.py
[2023-07-12T06:43:32.683+0000] {processor.py:826} INFO - Processing file /home/airflow/.local/lib/python3.7/site-packages/airflow/example_dags/tutorial_dag.py for tasks to queue
[2023-07-12T06:43:32.685+0000] {logging_mixin.py:150} INFO - [2023-07-12T06:43:32.685+0000] {dagbag.py:541} INFO - Filling up the DagBag from /home/airflow/.local/lib/python3.7/site-packages/airflow/example_dags/tutorial_dag.py
[2023-07-12T06:43:32.694+0000] {processor.py:836} INFO - DAG(s) dict_keys(['tutorial_dag']) retrieved from /home/airflow/.local/lib/python3.7/site-packages/airflow/example_dags/tutorial_dag.py
[2023-07-12T06:43:32.727+0000] {logging_mixin.py:150} INFO - [2023-07-12T06:43:32.727+0000] {dag.py:2742} INFO - Sync 1 DAGs
[2023-07-12T06:43:32.759+0000] {logging_mixin.py:150} INFO - [2023-07-12T06:43:32.759+0000] {dag.py:3508} INFO - Setting next_dagrun for tutorial_dag to None, run_after=None
[2023-07-12T06:43:32.786+0000] {processor.py:179} INFO - Processing /home/airflow/.local/lib/python3.7/site-packages/airflow/example_dags/tutorial_dag.py took 0.110 seconds
[2023-07-12T06:44:02.880+0000] {processor.py:157} INFO - Started process (PID=7266) to work on /home/airflow/.local/lib/python3.7/site-packages/airflow/example_dags/tutorial_dag.py
[2023-07-12T06:44:02.883+0000] {processor.py:826} INFO - Processing file /home/airflow/.local/lib/python3.7/site-packages/airflow/example_dags/tutorial_dag.py for tasks to queue
[2023-07-12T06:44:02.884+0000] {logging_mixin.py:150} INFO - [2023-07-12T06:44:02.884+0000] {dagbag.py:541} INFO - Filling up the DagBag from /home/airflow/.local/lib/python3.7/site-packages/airflow/example_dags/tutorial_dag.py
[2023-07-12T06:44:02.895+0000] {processor.py:836} INFO - DAG(s) dict_keys(['tutorial_dag']) retrieved from /home/airflow/.local/lib/python3.7/site-packages/airflow/example_dags/tutorial_dag.py
[2023-07-12T06:44:02.929+0000] {logging_mixin.py:150} INFO - [2023-07-12T06:44:02.929+0000] {dag.py:2742} INFO - Sync 1 DAGs
[2023-07-12T06:44:02.961+0000] {logging_mixin.py:150} INFO - [2023-07-12T06:44:02.961+0000] {dag.py:3508} INFO - Setting next_dagrun for tutorial_dag to None, run_after=None
[2023-07-12T06:44:02.989+0000] {processor.py:179} INFO - Processing /home/airflow/.local/lib/python3.7/site-packages/airflow/example_dags/tutorial_dag.py took 0.113 seconds
[2023-07-12T06:44:33.282+0000] {processor.py:157} INFO - Started process (PID=7507) to work on /home/airflow/.local/lib/python3.7/site-packages/airflow/example_dags/tutorial_dag.py
[2023-07-12T06:44:33.284+0000] {processor.py:826} INFO - Processing file /home/airflow/.local/lib/python3.7/site-packages/airflow/example_dags/tutorial_dag.py for tasks to queue
[2023-07-12T06:44:33.286+0000] {logging_mixin.py:150} INFO - [2023-07-12T06:44:33.285+0000] {dagbag.py:541} INFO - Filling up the DagBag from /home/airflow/.local/lib/python3.7/site-packages/airflow/example_dags/tutorial_dag.py
[2023-07-12T06:44:33.295+0000] {processor.py:836} INFO - DAG(s) dict_keys(['tutorial_dag']) retrieved from /home/airflow/.local/lib/python3.7/site-packages/airflow/example_dags/tutorial_dag.py
[2023-07-12T06:44:33.328+0000] {logging_mixin.py:150} INFO - [2023-07-12T06:44:33.327+0000] {dag.py:2742} INFO - Sync 1 DAGs
[2023-07-12T06:44:33.359+0000] {logging_mixin.py:150} INFO - [2023-07-12T06:44:33.359+0000] {dag.py:3508} INFO - Setting next_dagrun for tutorial_dag to None, run_after=None
[2023-07-12T06:44:33.389+0000] {processor.py:179} INFO - Processing /home/airflow/.local/lib/python3.7/site-packages/airflow/example_dags/tutorial_dag.py took 0.112 seconds
[2023-07-12T06:45:03.991+0000] {processor.py:157} INFO - Started process (PID=7748) to work on /home/airflow/.local/lib/python3.7/site-packages/airflow/example_dags/tutorial_dag.py
[2023-07-12T06:45:03.993+0000] {processor.py:826} INFO - Processing file /home/airflow/.local/lib/python3.7/site-packages/airflow/example_dags/tutorial_dag.py for tasks to queue
[2023-07-12T06:45:03.995+0000] {logging_mixin.py:150} INFO - [2023-07-12T06:45:03.994+0000] {dagbag.py:541} INFO - Filling up the DagBag from /home/airflow/.local/lib/python3.7/site-packages/airflow/example_dags/tutorial_dag.py
[2023-07-12T06:45:04.003+0000] {processor.py:836} INFO - DAG(s) dict_keys(['tutorial_dag']) retrieved from /home/airflow/.local/lib/python3.7/site-packages/airflow/example_dags/tutorial_dag.py
[2023-07-12T06:45:04.037+0000] {logging_mixin.py:150} INFO - [2023-07-12T06:45:04.037+0000] {dag.py:2742} INFO - Sync 1 DAGs
[2023-07-12T06:45:04.069+0000] {logging_mixin.py:150} INFO - [2023-07-12T06:45:04.069+0000] {dag.py:3508} INFO - Setting next_dagrun for tutorial_dag to None, run_after=None
[2023-07-12T06:45:04.097+0000] {processor.py:179} INFO - Processing /home/airflow/.local/lib/python3.7/site-packages/airflow/example_dags/tutorial_dag.py took 0.112 seconds
[2023-07-12T06:45:34.176+0000] {processor.py:157} INFO - Started process (PID=7989) to work on /home/airflow/.local/lib/python3.7/site-packages/airflow/example_dags/tutorial_dag.py
[2023-07-12T06:45:34.179+0000] {processor.py:826} INFO - Processing file /home/airflow/.local/lib/python3.7/site-packages/airflow/example_dags/tutorial_dag.py for tasks to queue
[2023-07-12T06:45:34.181+0000] {logging_mixin.py:150} INFO - [2023-07-12T06:45:34.180+0000] {dagbag.py:541} INFO - Filling up the DagBag from /home/airflow/.local/lib/python3.7/site-packages/airflow/example_dags/tutorial_dag.py
[2023-07-12T06:45:34.189+0000] {processor.py:836} INFO - DAG(s) dict_keys(['tutorial_dag']) retrieved from /home/airflow/.local/lib/python3.7/site-packages/airflow/example_dags/tutorial_dag.py
[2023-07-12T06:45:34.222+0000] {logging_mixin.py:150} INFO - [2023-07-12T06:45:34.222+0000] {dag.py:2742} INFO - Sync 1 DAGs
[2023-07-12T06:45:34.259+0000] {logging_mixin.py:150} INFO - [2023-07-12T06:45:34.259+0000] {dag.py:3508} INFO - Setting next_dagrun for tutorial_dag to None, run_after=None
[2023-07-12T06:45:34.289+0000] {processor.py:179} INFO - Processing /home/airflow/.local/lib/python3.7/site-packages/airflow/example_dags/tutorial_dag.py took 0.118 seconds
[2023-07-12T06:46:04.447+0000] {processor.py:157} INFO - Started process (PID=8230) to work on /home/airflow/.local/lib/python3.7/site-packages/airflow/example_dags/tutorial_dag.py
[2023-07-12T06:46:04.450+0000] {processor.py:826} INFO - Processing file /home/airflow/.local/lib/python3.7/site-packages/airflow/example_dags/tutorial_dag.py for tasks to queue
[2023-07-12T06:46:04.452+0000] {logging_mixin.py:150} INFO - [2023-07-12T06:46:04.451+0000] {dagbag.py:541} INFO - Filling up the DagBag from /home/airflow/.local/lib/python3.7/site-packages/airflow/example_dags/tutorial_dag.py
[2023-07-12T06:46:04.462+0000] {processor.py:836} INFO - DAG(s) dict_keys(['tutorial_dag']) retrieved from /home/airflow/.local/lib/python3.7/site-packages/airflow/example_dags/tutorial_dag.py
[2023-07-12T06:46:04.495+0000] {logging_mixin.py:150} INFO - [2023-07-12T06:46:04.495+0000] {dag.py:2742} INFO - Sync 1 DAGs
[2023-07-12T06:46:04.528+0000] {logging_mixin.py:150} INFO - [2023-07-12T06:46:04.528+0000] {dag.py:3508} INFO - Setting next_dagrun for tutorial_dag to None, run_after=None
[2023-07-12T06:46:04.556+0000] {processor.py:179} INFO - Processing /home/airflow/.local/lib/python3.7/site-packages/airflow/example_dags/tutorial_dag.py took 0.114 seconds
[2023-07-12T06:46:34.876+0000] {processor.py:157} INFO - Started process (PID=8471) to work on /home/airflow/.local/lib/python3.7/site-packages/airflow/example_dags/tutorial_dag.py
[2023-07-12T06:46:34.879+0000] {processor.py:826} INFO - Processing file /home/airflow/.local/lib/python3.7/site-packages/airflow/example_dags/tutorial_dag.py for tasks to queue
[2023-07-12T06:46:34.881+0000] {logging_mixin.py:150} INFO - [2023-07-12T06:46:34.880+0000] {dagbag.py:541} INFO - Filling up the DagBag from /home/airflow/.local/lib/python3.7/site-packages/airflow/example_dags/tutorial_dag.py
[2023-07-12T06:46:34.889+0000] {processor.py:836} INFO - DAG(s) dict_keys(['tutorial_dag']) retrieved from /home/airflow/.local/lib/python3.7/site-packages/airflow/example_dags/tutorial_dag.py
[2023-07-12T06:46:34.922+0000] {logging_mixin.py:150} INFO - [2023-07-12T06:46:34.921+0000] {dag.py:2742} INFO - Sync 1 DAGs
[2023-07-12T06:46:34.954+0000] {logging_mixin.py:150} INFO - [2023-07-12T06:46:34.953+0000] {dag.py:3508} INFO - Setting next_dagrun for tutorial_dag to None, run_after=None
[2023-07-12T06:46:34.983+0000] {processor.py:179} INFO - Processing /home/airflow/.local/lib/python3.7/site-packages/airflow/example_dags/tutorial_dag.py took 0.111 seconds
[2023-07-12T06:47:05.483+0000] {processor.py:157} INFO - Started process (PID=8718) to work on /home/airflow/.local/lib/python3.7/site-packages/airflow/example_dags/tutorial_dag.py
[2023-07-12T06:47:05.485+0000] {processor.py:826} INFO - Processing file /home/airflow/.local/lib/python3.7/site-packages/airflow/example_dags/tutorial_dag.py for tasks to queue
[2023-07-12T06:47:05.487+0000] {logging_mixin.py:150} INFO - [2023-07-12T06:47:05.487+0000] {dagbag.py:541} INFO - Filling up the DagBag from /home/airflow/.local/lib/python3.7/site-packages/airflow/example_dags/tutorial_dag.py
[2023-07-12T06:47:05.496+0000] {processor.py:836} INFO - DAG(s) dict_keys(['tutorial_dag']) retrieved from /home/airflow/.local/lib/python3.7/site-packages/airflow/example_dags/tutorial_dag.py
[2023-07-12T06:47:05.529+0000] {logging_mixin.py:150} INFO - [2023-07-12T06:47:05.529+0000] {dag.py:2742} INFO - Sync 1 DAGs
[2023-07-12T06:47:05.561+0000] {logging_mixin.py:150} INFO - [2023-07-12T06:47:05.561+0000] {dag.py:3508} INFO - Setting next_dagrun for tutorial_dag to None, run_after=None
[2023-07-12T06:47:05.590+0000] {processor.py:179} INFO - Processing /home/airflow/.local/lib/python3.7/site-packages/airflow/example_dags/tutorial_dag.py took 0.112 seconds
[2023-07-12T06:47:35.690+0000] {processor.py:157} INFO - Started process (PID=8956) to work on /home/airflow/.local/lib/python3.7/site-packages/airflow/example_dags/tutorial_dag.py
[2023-07-12T06:47:35.694+0000] {processor.py:826} INFO - Processing file /home/airflow/.local/lib/python3.7/site-packages/airflow/example_dags/tutorial_dag.py for tasks to queue
[2023-07-12T06:47:35.698+0000] {logging_mixin.py:150} INFO - [2023-07-12T06:47:35.697+0000] {dagbag.py:541} INFO - Filling up the DagBag from /home/airflow/.local/lib/python3.7/site-packages/airflow/example_dags/tutorial_dag.py
[2023-07-12T06:47:35.712+0000] {processor.py:836} INFO - DAG(s) dict_keys(['tutorial_dag']) retrieved from /home/airflow/.local/lib/python3.7/site-packages/airflow/example_dags/tutorial_dag.py
[2023-07-12T06:47:35.772+0000] {logging_mixin.py:150} INFO - [2023-07-12T06:47:35.772+0000] {dag.py:2742} INFO - Sync 1 DAGs
[2023-07-12T06:47:35.838+0000] {logging_mixin.py:150} INFO - [2023-07-12T06:47:35.837+0000] {dag.py:3508} INFO - Setting next_dagrun for tutorial_dag to None, run_after=None
[2023-07-12T06:47:35.891+0000] {processor.py:179} INFO - Processing /home/airflow/.local/lib/python3.7/site-packages/airflow/example_dags/tutorial_dag.py took 0.208 seconds
[2023-07-12T06:48:06.233+0000] {processor.py:157} INFO - Started process (PID=9194) to work on /home/airflow/.local/lib/python3.7/site-packages/airflow/example_dags/tutorial_dag.py
[2023-07-12T06:48:06.236+0000] {processor.py:826} INFO - Processing file /home/airflow/.local/lib/python3.7/site-packages/airflow/example_dags/tutorial_dag.py for tasks to queue
[2023-07-12T06:48:06.240+0000] {logging_mixin.py:150} INFO - [2023-07-12T06:48:06.239+0000] {dagbag.py:541} INFO - Filling up the DagBag from /home/airflow/.local/lib/python3.7/site-packages/airflow/example_dags/tutorial_dag.py
[2023-07-12T06:48:06.252+0000] {processor.py:836} INFO - DAG(s) dict_keys(['tutorial_dag']) retrieved from /home/airflow/.local/lib/python3.7/site-packages/airflow/example_dags/tutorial_dag.py
[2023-07-12T06:48:06.294+0000] {logging_mixin.py:150} INFO - [2023-07-12T06:48:06.294+0000] {dag.py:2742} INFO - Sync 1 DAGs
[2023-07-12T06:48:06.342+0000] {logging_mixin.py:150} INFO - [2023-07-12T06:48:06.342+0000] {dag.py:3508} INFO - Setting next_dagrun for tutorial_dag to None, run_after=None
[2023-07-12T06:48:06.376+0000] {processor.py:179} INFO - Processing /home/airflow/.local/lib/python3.7/site-packages/airflow/example_dags/tutorial_dag.py took 0.148 seconds
[2023-07-12T06:48:36.550+0000] {processor.py:157} INFO - Started process (PID=9435) to work on /home/airflow/.local/lib/python3.7/site-packages/airflow/example_dags/tutorial_dag.py
[2023-07-12T06:48:36.553+0000] {processor.py:826} INFO - Processing file /home/airflow/.local/lib/python3.7/site-packages/airflow/example_dags/tutorial_dag.py for tasks to queue
[2023-07-12T06:48:36.556+0000] {logging_mixin.py:150} INFO - [2023-07-12T06:48:36.555+0000] {dagbag.py:541} INFO - Filling up the DagBag from /home/airflow/.local/lib/python3.7/site-packages/airflow/example_dags/tutorial_dag.py
[2023-07-12T06:48:36.567+0000] {processor.py:836} INFO - DAG(s) dict_keys(['tutorial_dag']) retrieved from /home/airflow/.local/lib/python3.7/site-packages/airflow/example_dags/tutorial_dag.py
[2023-07-12T06:48:36.611+0000] {logging_mixin.py:150} INFO - [2023-07-12T06:48:36.610+0000] {dag.py:2742} INFO - Sync 1 DAGs
[2023-07-12T06:48:36.654+0000] {logging_mixin.py:150} INFO - [2023-07-12T06:48:36.653+0000] {dag.py:3508} INFO - Setting next_dagrun for tutorial_dag to None, run_after=None
[2023-07-12T06:48:36.693+0000] {processor.py:179} INFO - Processing /home/airflow/.local/lib/python3.7/site-packages/airflow/example_dags/tutorial_dag.py took 0.149 seconds
[2023-07-12T06:49:07.123+0000] {processor.py:157} INFO - Started process (PID=9676) to work on /home/airflow/.local/lib/python3.7/site-packages/airflow/example_dags/tutorial_dag.py
[2023-07-12T06:49:07.126+0000] {processor.py:826} INFO - Processing file /home/airflow/.local/lib/python3.7/site-packages/airflow/example_dags/tutorial_dag.py for tasks to queue
[2023-07-12T06:49:07.131+0000] {logging_mixin.py:150} INFO - [2023-07-12T06:49:07.130+0000] {dagbag.py:541} INFO - Filling up the DagBag from /home/airflow/.local/lib/python3.7/site-packages/airflow/example_dags/tutorial_dag.py
[2023-07-12T06:49:07.139+0000] {processor.py:836} INFO - DAG(s) dict_keys(['tutorial_dag']) retrieved from /home/airflow/.local/lib/python3.7/site-packages/airflow/example_dags/tutorial_dag.py
[2023-07-12T06:49:07.177+0000] {logging_mixin.py:150} INFO - [2023-07-12T06:49:07.177+0000] {dag.py:2742} INFO - Sync 1 DAGs
[2023-07-12T06:49:07.216+0000] {logging_mixin.py:150} INFO - [2023-07-12T06:49:07.215+0000] {dag.py:3508} INFO - Setting next_dagrun for tutorial_dag to None, run_after=None
[2023-07-12T06:49:07.248+0000] {processor.py:179} INFO - Processing /home/airflow/.local/lib/python3.7/site-packages/airflow/example_dags/tutorial_dag.py took 0.131 seconds
[2023-07-12T06:49:37.899+0000] {processor.py:157} INFO - Started process (PID=9922) to work on /home/airflow/.local/lib/python3.7/site-packages/airflow/example_dags/tutorial_dag.py
[2023-07-12T06:49:37.902+0000] {processor.py:826} INFO - Processing file /home/airflow/.local/lib/python3.7/site-packages/airflow/example_dags/tutorial_dag.py for tasks to queue
[2023-07-12T06:49:37.903+0000] {logging_mixin.py:150} INFO - [2023-07-12T06:49:37.903+0000] {dagbag.py:541} INFO - Filling up the DagBag from /home/airflow/.local/lib/python3.7/site-packages/airflow/example_dags/tutorial_dag.py
[2023-07-12T06:49:37.912+0000] {processor.py:836} INFO - DAG(s) dict_keys(['tutorial_dag']) retrieved from /home/airflow/.local/lib/python3.7/site-packages/airflow/example_dags/tutorial_dag.py
[2023-07-12T06:49:37.949+0000] {logging_mixin.py:150} INFO - [2023-07-12T06:49:37.949+0000] {dag.py:2742} INFO - Sync 1 DAGs
[2023-07-12T06:49:37.989+0000] {logging_mixin.py:150} INFO - [2023-07-12T06:49:37.988+0000] {dag.py:3508} INFO - Setting next_dagrun for tutorial_dag to None, run_after=None
[2023-07-12T06:49:38.023+0000] {processor.py:179} INFO - Processing /home/airflow/.local/lib/python3.7/site-packages/airflow/example_dags/tutorial_dag.py took 0.129 seconds
[2023-07-12T06:50:08.357+0000] {processor.py:157} INFO - Started process (PID=10163) to work on /home/airflow/.local/lib/python3.7/site-packages/airflow/example_dags/tutorial_dag.py
[2023-07-12T06:50:08.359+0000] {processor.py:826} INFO - Processing file /home/airflow/.local/lib/python3.7/site-packages/airflow/example_dags/tutorial_dag.py for tasks to queue
[2023-07-12T06:50:08.361+0000] {logging_mixin.py:150} INFO - [2023-07-12T06:50:08.361+0000] {dagbag.py:541} INFO - Filling up the DagBag from /home/airflow/.local/lib/python3.7/site-packages/airflow/example_dags/tutorial_dag.py
[2023-07-12T06:50:08.371+0000] {processor.py:836} INFO - DAG(s) dict_keys(['tutorial_dag']) retrieved from /home/airflow/.local/lib/python3.7/site-packages/airflow/example_dags/tutorial_dag.py
[2023-07-12T06:50:08.409+0000] {logging_mixin.py:150} INFO - [2023-07-12T06:50:08.409+0000] {dag.py:2742} INFO - Sync 1 DAGs
[2023-07-12T06:50:08.447+0000] {logging_mixin.py:150} INFO - [2023-07-12T06:50:08.446+0000] {dag.py:3508} INFO - Setting next_dagrun for tutorial_dag to None, run_after=None
[2023-07-12T06:50:08.478+0000] {processor.py:179} INFO - Processing /home/airflow/.local/lib/python3.7/site-packages/airflow/example_dags/tutorial_dag.py took 0.127 seconds
[2023-07-12T06:50:38.822+0000] {processor.py:157} INFO - Started process (PID=10404) to work on /home/airflow/.local/lib/python3.7/site-packages/airflow/example_dags/tutorial_dag.py
[2023-07-12T06:50:38.826+0000] {processor.py:826} INFO - Processing file /home/airflow/.local/lib/python3.7/site-packages/airflow/example_dags/tutorial_dag.py for tasks to queue
[2023-07-12T06:50:38.829+0000] {logging_mixin.py:150} INFO - [2023-07-12T06:50:38.829+0000] {dagbag.py:541} INFO - Filling up the DagBag from /home/airflow/.local/lib/python3.7/site-packages/airflow/example_dags/tutorial_dag.py
[2023-07-12T06:50:38.838+0000] {processor.py:836} INFO - DAG(s) dict_keys(['tutorial_dag']) retrieved from /home/airflow/.local/lib/python3.7/site-packages/airflow/example_dags/tutorial_dag.py
[2023-07-12T06:50:38.881+0000] {logging_mixin.py:150} INFO - [2023-07-12T06:50:38.881+0000] {dag.py:2742} INFO - Sync 1 DAGs
[2023-07-12T06:50:38.919+0000] {logging_mixin.py:150} INFO - [2023-07-12T06:50:38.919+0000] {dag.py:3508} INFO - Setting next_dagrun for tutorial_dag to None, run_after=None
[2023-07-12T06:50:38.954+0000] {processor.py:179} INFO - Processing /home/airflow/.local/lib/python3.7/site-packages/airflow/example_dags/tutorial_dag.py took 0.138 seconds
